Instantiated DTM.
Cyc=          0 (0x80000000, 0x00000000, 0x00000000, 0x00000000, 0x00000000) WB[   00: 0x00000000]       ExeInst: DASM(00004033)
Cyc=          1 (0x80000004, 0x80000000, 0x00000000, 0x00000000, 0x00000000) WB[   00: 0x00000000]       ExeInst: DASM(00004033)
Cyc=          2 (0x80000008, 0x80000004, 0x80000000, 0x00000000, 0x00000000) WB[ Z 00: 0x00000000]   B   ExeInst: DASM(04c0006f)
Cyc=          3 (0x8000004c, 0x80000008, 0x80000004, 0x80000000, 0x00000000) WB[MZ 00: 0x00000000]       ExeInst: DASM(00004033)
Cyc=          4 (0x80000050, 0x8000004c, 0x80000008, 0x80000004, 0x80000000) WB[M  00: 0x80000004]       ExeInst: DASM(00004033)
Cyc=          5 (0x80000054, 0x80000050, 0x8000004c, 0x80000008, 0x80000004) WB[ Z 00: 0x00000000] S     ExeInst: DASM(f1402573)
Cyc=          6 (0x80000054, 0x80000050, 0x8000004c, 0x8000004c, 0x80000008) WB[MZ 00: 0x00000000]       ExeInst: DASM(00004033)
Cyc=          7 (0x80000058, 0x80000054, 0x80000050, 0x8000004c, 0x8000004c) WB[M  0a: 0x00000000]       ExeInst: DASM(00051063)
Cyc=          8 (0x8000005c, 0x80000058, 0x80000054, 0x80000050, 0x8000004c) WB[   00: 0x00000000]       ExeInst: DASM(00000297)
Cyc=          9 (0x80000060, 0x8000005c, 0x80000058, 0x80000054, 0x80000050) WB[ Z 00: 0x00000000]       ExeInst: DASM(01028293)
Cyc=         10 (0x80000064, 0x80000060, 0x8000005c, 0x80000058, 0x80000054) WB[MZ 05: 0x80000054] S     ExeInst: DASM(30529073)
Cyc=         11 (0x80000064, 0x80000060, 0x8000005c, 0x8000005c, 0x80000058) WB[MZ 05: 0x80000064]       ExeInst: DASM(00004033)
Cyc=         12 (0x80000068, 0x80000064, 0x80000060, 0x8000005c, 0x8000005c) WB[M  00: 0x00000100] S     ExeInst: DASM(18005073)
Cyc=         13 (0x80000068, 0x80000064, 0x80000060, 0x80000060, 0x8000005c) WB[ Z 00: 0x00000000]       ExeInst: DASM(00004033)
Cyc=         14 (0x8000006c, 0x80000068, 0x80000064, 0x80000060, 0x80000060) WB[M  00: 0x00000000]       ExeInst: DASM(00000297)
Cyc=         15 (0x80000070, 0x8000006c, 0x80000068, 0x80000064, 0x80000060) WB[ Z 00: 0x00000000]       ExeInst: DASM(01c28293)
Cyc=         16 (0x80000074, 0x80000070, 0x8000006c, 0x80000068, 0x80000064) WB[MZ 05: 0x80000064] S     ExeInst: DASM(30529073)
Cyc=         17 (0x80000074, 0x80000070, 0x8000006c, 0x8000006c, 0x80000068) WB[MZ 05: 0x80000080]       ExeInst: DASM(00004033)
Cyc=         18 (0x80000078, 0x80000074, 0x80000070, 0x8000006c, 0x8000006c) WB[M  00: 0x00000100]       ExeInst: DASM(fff00293)
Cyc=         19 (0x8000007c, 0x80000078, 0x80000074, 0x80000070, 0x8000006c) WB[ Z 00: 0x00000000] S     ExeInst: DASM(3b029073)
Cyc=         20 (0x8000007c, 0x80000078, 0x80000074, 0x80000074, 0x80000070) WB[MZ 05: 0xffffffff]       ExeInst: DASM(00004033)
Cyc=         21 (0x80000080, 0x8000007c, 0x80000078, 0x80000074, 0x80000074) WB[M  00: 0x00000000]       ExeInst: DASM(01f00293)
Cyc=         22 (0x80000084, 0x80000080, 0x8000007c, 0x80000078, 0x80000074) WB[ Z 00: 0x00000000] S     ExeInst: DASM(3a029073)
Cyc=         23 (0x80000084, 0x80000080, 0x8000007c, 0x8000007c, 0x80000078) WB[MZ 05: 0x0000001f]       ExeInst: DASM(00004033)
Cyc=         24 (0x80000088, 0x80000084, 0x80000080, 0x8000007c, 0x8000007c) WB[M  00: 0x00000000]       ExeInst: DASM(00000297)
Cyc=         25 (0x8000008c, 0x80000088, 0x80000084, 0x80000080, 0x8000007c) WB[ Z 00: 0x00000000]       ExeInst: DASM(01828293)
Cyc=         26 (0x80000090, 0x8000008c, 0x80000088, 0x80000084, 0x80000080) WB[MZ 05: 0x80000080] S     ExeInst: DASM(30529073)
Cyc=         27 (0x80000090, 0x8000008c, 0x80000088, 0x80000088, 0x80000084) WB[MZ 05: 0x80000098]       ExeInst: DASM(00004033)
Cyc=         28 (0x80000094, 0x80000090, 0x8000008c, 0x80000088, 0x80000088) WB[M  00: 0x00000100] S     ExeInst: DASM(30205073)
Cyc=         29 (0x80000094, 0x80000090, 0x8000008c, 0x8000008c, 0x80000088) WB[ Z 00: 0x00000000]       ExeInst: DASM(00004033)
Cyc=         30 (0x80000098, 0x80000094, 0x80000090, 0x8000008c, 0x8000008c) WB[M  00: 0x00000000] S     ExeInst: DASM(30305073)
Cyc=         31 (0x80000098, 0x80000094, 0x80000090, 0x80000090, 0x8000008c) WB[ Z 00: 0x00000000]       ExeInst: DASM(00004033)
Cyc=         32 (0x8000009c, 0x80000098, 0x80000094, 0x80000090, 0x80000090) WB[M  00: 0x00000000] S     ExeInst: DASM(30405073)
Cyc=         33 (0x8000009c, 0x80000098, 0x80000094, 0x80000094, 0x80000090) WB[ Z 00: 0x00000000]       ExeInst: DASM(00004033)
Cyc=         34 (0x800000a0, 0x8000009c, 0x80000098, 0x80000094, 0x80000094) WB[M  00: 0x00000000]       ExeInst: DASM(00000193)
Cyc=         35 (0x800000a4, 0x800000a0, 0x8000009c, 0x80000098, 0x80000094) WB[ Z 00: 0x00000000]       ExeInst: DASM(00000297)
Cyc=         36 (0x800000a8, 0x800000a4, 0x800000a0, 0x8000009c, 0x80000098) WB[MZ 03: 0x00000000]       ExeInst: DASM(f6828293)
Cyc=         37 (0x800000ac, 0x800000a8, 0x800000a4, 0x800000a0, 0x8000009c) WB[MZ 05: 0x8000009c] S     ExeInst: DASM(30529073)
Cyc=         38 (0x800000ac, 0x800000a8, 0x800000a4, 0x800000a4, 0x800000a0) WB[MZ 05: 0x80000004]       ExeInst: DASM(00004033)
Cyc=         39 (0x800000b0, 0x800000ac, 0x800000a8, 0x800000a4, 0x800000a4) WB[M  00: 0x00000100]       ExeInst: DASM(00100513)
Cyc=         40 (0x800000b4, 0x800000b0, 0x800000ac, 0x800000a8, 0x800000a4) WB[ Z 00: 0x00000000]       ExeInst: DASM(01f51513)
Cyc=         41 (0x800000b8, 0x800000b4, 0x800000b0, 0x800000ac, 0x800000a8) WB[MZ 0a: 0x00000001]   B   ExeInst: DASM(00054863)
Cyc=         42 (0x800000c0, 0x800000b8, 0x800000b4, 0x800000b0, 0x800000ac) WB[M  0a: 0x80000000]       ExeInst: DASM(00004033)
Cyc=         43 (0x800000c4, 0x800000c0, 0x800000b8, 0x800000b4, 0x800000b0) WB[   10: 0x80000010]       ExeInst: DASM(00004033)
Cyc=         44 (0x800000c8, 0x800000c4, 0x800000c0, 0x800000b8, 0x800000b4) WB[ Z 00: 0x00000000]       ExeInst: DASM(80000297)
Cyc=         45 (0x800000cc, 0x800000c8, 0x800000c4, 0x800000c0, 0x800000b8) WB[MZ 00: 0x00000000]       ExeInst: DASM(f4028293)
Cyc=         46 (0x800000d0, 0x800000cc, 0x800000c8, 0x800000c4, 0x800000c0) WB[MZ 05: 0x000000c0]   B   ExeInst: DASM(00028e63)
Cyc=         47 (0x800000e4, 0x800000d0, 0x800000cc, 0x800000c8, 0x800000c4) WB[M  05: 0x00000000]       ExeInst: DASM(00004033)
Cyc=         48 (0x800000e8, 0x800000e4, 0x800000d0, 0x800000cc, 0x800000c8) WB[   1c: 0x0000001c]       ExeInst: DASM(00004033)
Cyc=         49 (0x800000ec, 0x800000e8, 0x800000e4, 0x800000d0, 0x800000cc) WB[ Z 00: 0x00000000] S     ExeInst: DASM(30005073)
Cyc=         50 (0x800000ec, 0x800000e8, 0x800000e4, 0x800000e4, 0x800000d0) WB[MZ 00: 0x00000000]       ExeInst: DASM(00004033)
Cyc=         51 (0x800000f0, 0x800000ec, 0x800000e8, 0x800000e4, 0x800000e4) WB[M  00: 0x00001800]       ExeInst: DASM(00000297)
Cyc=         52 (0x800000f4, 0x800000f0, 0x800000ec, 0x800000e8, 0x800000e4) WB[ Z 00: 0x00000000]       ExeInst: DASM(01428293)
Cyc=         53 (0x800000f8, 0x800000f4, 0x800000f0, 0x800000ec, 0x800000e8) WB[MZ 05: 0x800000e8] S     ExeInst: DASM(34129073)
Cyc=         54 (0x800000f8, 0x800000f4, 0x800000f0, 0x800000f0, 0x800000ec) WB[MZ 05: 0x800000fc]       ExeInst: DASM(00004033)
Cyc=         55 (0x800000fc, 0x800000f8, 0x800000f4, 0x800000f0, 0x800000f0) WB[M  00: 0x00000000] S     ExeInst: DASM(f1402573)
Cyc=         56 (0x800000fc, 0x800000f8, 0x800000f4, 0x800000f4, 0x800000f0) WB[ Z 00: 0x00000000]       ExeInst: DASM(00004033)
Cyc=         57 (0x80000100, 0x800000fc, 0x800000f8, 0x800000f4, 0x800000f4) WB[M  0a: 0x00000000]       ExeInst: DASM(30200073)
Cyc=         58 (0x80000104, 0x80000100, 0x800000fc, 0x800000f8, 0x800000f4) WB[   00: 0x00000000]   E   ExeInst: DASM(00004033)
Cyc=         59 (0x800000fc, 0x80000100, 0x800000fc, 0x800000fc, 0x800000f8) WB[   00: 0x00000000]       ExeInst: DASM(00004033)
Cyc=         60 (0x80000100, 0x800000fc, 0x80000100, 0x800000fc, 0x800000fc) WB[   00: 0x00000000]       ExeInst: DASM(00004033)
Cyc=         61 (0x80000104, 0x80000100, 0x800000fc, 0x80000100, 0x800000fc) WB[ Z 00: 0x80000000]       ExeInst: DASM(800000b7)
Cyc=         62 (0x80000108, 0x80000104, 0x80000100, 0x800000fc, 0x80000100) WB[MZ 00: 0x00000000]       ExeInst: DASM(00000113)
Cyc=         63 (0x8000010c, 0x80000108, 0x80000104, 0x80000100, 0x800000fc) WB[MZ 01: 0x80000000]       ExeInst: DASM(4020df33)
Cyc=         64 (0x80000110, 0x8000010c, 0x80000108, 0x80000104, 0x80000100) WB[MZ 02: 0x00000000]       ExeInst: DASM(80000eb7)
Cyc=         65 (0x80000114, 0x80000110, 0x8000010c, 0x80000108, 0x80000104) WB[MZ 1e: 0x80000000]       ExeInst: DASM(00200193)
Cyc=         66 (0x80000118, 0x80000114, 0x80000110, 0x8000010c, 0x80000108) WB[MZ 1d: 0x80000000]       ExeInst: DASM(59df1463)
Cyc=         67 (0x8000011c, 0x80000118, 0x80000114, 0x80000110, 0x8000010c) WB[M  03: 0x00000002]       ExeInst: DASM(800000b7)
Cyc=         68 (0x80000120, 0x8000011c, 0x80000118, 0x80000114, 0x80000110) WB[ Z 08: 0x80000588]       ExeInst: DASM(00100113)
Cyc=         69 (0x80000124, 0x80000120, 0x8000011c, 0x80000118, 0x80000114) WB[MZ 01: 0x80000000]       ExeInst: DASM(4020df33)
Cyc=         70 (0x80000128, 0x80000124, 0x80000120, 0x8000011c, 0x80000118) WB[MZ 02: 0x00000001]       ExeInst: DASM(c0000eb7)
Cyc=         71 (0x8000012c, 0x80000128, 0x80000124, 0x80000120, 0x8000011c) WB[MZ 1e: 0xc0000000]       ExeInst: DASM(00300193)
Cyc=         72 (0x80000130, 0x8000012c, 0x80000128, 0x80000124, 0x80000120) WB[MZ 1d: 0xc0000000]       ExeInst: DASM(57df1863)
Cyc=         73 (0x80000134, 0x80000130, 0x8000012c, 0x80000128, 0x80000124) WB[M  03: 0x00000003]       ExeInst: DASM(800000b7)
Cyc=         74 (0x80000138, 0x80000134, 0x80000130, 0x8000012c, 0x80000128) WB[ Z 10: 0xc0000570]       ExeInst: DASM(00700113)
Cyc=         75 (0x8000013c, 0x80000138, 0x80000134, 0x80000130, 0x8000012c) WB[MZ 01: 0x80000000]       ExeInst: DASM(4020df33)
Cyc=         76 (0x80000140, 0x8000013c, 0x80000138, 0x80000134, 0x80000130) WB[MZ 02: 0x00000007]       ExeInst: DASM(ff000eb7)
Cyc=         77 (0x80000144, 0x80000140, 0x8000013c, 0x80000138, 0x80000134) WB[MZ 1e: 0xff000000]       ExeInst: DASM(00400193)
Cyc=         78 (0x80000148, 0x80000144, 0x80000140, 0x8000013c, 0x80000138) WB[MZ 1d: 0xff000000]       ExeInst: DASM(55df1c63)
Cyc=         79 (0x8000014c, 0x80000148, 0x80000144, 0x80000140, 0x8000013c) WB[M  03: 0x00000004]       ExeInst: DASM(800000b7)
Cyc=         80 (0x80000150, 0x8000014c, 0x80000148, 0x80000144, 0x80000140) WB[ Z 18: 0xff000558]       ExeInst: DASM(00e00113)
Cyc=         81 (0x80000154, 0x80000150, 0x8000014c, 0x80000148, 0x80000144) WB[MZ 01: 0x80000000]       ExeInst: DASM(4020df33)
Cyc=         82 (0x80000158, 0x80000154, 0x80000150, 0x8000014c, 0x80000148) WB[MZ 02: 0x0000000e]       ExeInst: DASM(fffe0eb7)
Cyc=         83 (0x8000015c, 0x80000158, 0x80000154, 0x80000150, 0x8000014c) WB[MZ 1e: 0xfffe0000]       ExeInst: DASM(00500193)
Cyc=         84 (0x80000160, 0x8000015c, 0x80000158, 0x80000154, 0x80000150) WB[MZ 1d: 0xfffe0000]       ExeInst: DASM(55df1063)
Cyc=         85 (0x80000164, 0x80000160, 0x8000015c, 0x80000158, 0x80000154) WB[M  03: 0x00000005]       ExeInst: DASM(800000b7)
Cyc=         86 (0x80000168, 0x80000164, 0x80000160, 0x8000015c, 0x80000158) WB[ Z 00: 0xfffe0540]       ExeInst: DASM(00108093)
Cyc=         87 (0x8000016c, 0x80000168, 0x80000164, 0x80000160, 0x8000015c) WB[MZ 01: 0x80000000]       ExeInst: DASM(01f00113)
Cyc=         88 (0x80000170, 0x8000016c, 0x80000168, 0x80000164, 0x80000160) WB[MZ 01: 0x80000001]       ExeInst: DASM(4020df33)
Cyc=         89 (0x80000174, 0x80000170, 0x8000016c, 0x80000168, 0x80000164) WB[MZ 02: 0x0000001f]       ExeInst: DASM(fff00e93)
Cyc=         90 (0x80000178, 0x80000174, 0x80000170, 0x8000016c, 0x80000168) WB[MZ 1e: 0xffffffff]       ExeInst: DASM(00600193)
Cyc=         91 (0x8000017c, 0x80000178, 0x80000174, 0x80000170, 0x8000016c) WB[MZ 1d: 0xffffffff]       ExeInst: DASM(53df1263)
Cyc=         92 (0x80000180, 0x8000017c, 0x80000178, 0x80000174, 0x80000170) WB[M  03: 0x00000006]       ExeInst: DASM(800000b7)
Cyc=         93 (0x80000184, 0x80000180, 0x8000017c, 0x80000178, 0x80000174) WB[ Z 04: 0x00000523]       ExeInst: DASM(fff08093)
Cyc=         94 (0x80000188, 0x80000184, 0x80000180, 0x8000017c, 0x80000178) WB[MZ 01: 0x80000000]       ExeInst: DASM(00000113)
Cyc=         95 (0x8000018c, 0x80000188, 0x80000184, 0x80000180, 0x8000017c) WB[MZ 01: 0x7fffffff]       ExeInst: DASM(4020df33)
Cyc=         96 (0x80000190, 0x8000018c, 0x80000188, 0x80000184, 0x80000180) WB[MZ 02: 0x00000000]       ExeInst: DASM(80000eb7)
Cyc=         97 (0x80000194, 0x80000190, 0x8000018c, 0x80000188, 0x80000184) WB[MZ 1e: 0x7fffffff]       ExeInst: DASM(fffe8e93)
Cyc=         98 (0x80000198, 0x80000194, 0x80000190, 0x8000018c, 0x80000188) WB[MZ 1d: 0x80000000]       ExeInst: DASM(00700193)
Cyc=         99 (0x8000019c, 0x80000198, 0x80000194, 0x80000190, 0x8000018c) WB[MZ 1d: 0x7fffffff]       ExeInst: DASM(51df1263)
Cyc=        100 (0x800001a0, 0x8000019c, 0x80000198, 0x80000194, 0x80000190) WB[M  03: 0x00000007]       ExeInst: DASM(800000b7)
Cyc=        101 (0x800001a4, 0x800001a0, 0x8000019c, 0x80000198, 0x80000194) WB[ Z 04: 0x80000503]       ExeInst: DASM(fff08093)
Cyc=        102 (0x800001a8, 0x800001a4, 0x800001a0, 0x8000019c, 0x80000198) WB[MZ 01: 0x80000000]       ExeInst: DASM(00100113)
Cyc=        103 (0x800001ac, 0x800001a8, 0x800001a4, 0x800001a0, 0x8000019c) WB[MZ 01: 0x7fffffff]       ExeInst: DASM(4020df33)
Cyc=        104 (0x800001b0, 0x800001ac, 0x800001a8, 0x800001a4, 0x800001a0) WB[MZ 02: 0x00000001]       ExeInst: DASM(40000eb7)
Cyc=        105 (0x800001b4, 0x800001b0, 0x800001ac, 0x800001a8, 0x800001a4) WB[MZ 1e: 0x3fffffff]       ExeInst: DASM(fffe8e93)
Cyc=        106 (0x800001b8, 0x800001b4, 0x800001b0, 0x800001ac, 0x800001a8) WB[MZ 1d: 0x40000000]       ExeInst: DASM(00800193)
Cyc=        107 (0x800001bc, 0x800001b8, 0x800001b4, 0x800001b0, 0x800001ac) WB[MZ 1d: 0x3fffffff]       ExeInst: DASM(4fdf1263)
Cyc=        108 (0x800001c0, 0x800001bc, 0x800001b8, 0x800001b4, 0x800001b0) WB[M  03: 0x00000008]       ExeInst: DASM(800000b7)
Cyc=        109 (0x800001c4, 0x800001c0, 0x800001bc, 0x800001b8, 0x800001b4) WB[ Z 04: 0x400004e3]       ExeInst: DASM(fff08093)
Cyc=        110 (0x800001c8, 0x800001c4, 0x800001c0, 0x800001bc, 0x800001b8) WB[MZ 01: 0x80000000]       ExeInst: DASM(00700113)
Cyc=        111 (0x800001cc, 0x800001c8, 0x800001c4, 0x800001c0, 0x800001bc) WB[MZ 01: 0x7fffffff]       ExeInst: DASM(4020df33)
Cyc=        112 (0x800001d0, 0x800001cc, 0x800001c8, 0x800001c4, 0x800001c0) WB[MZ 02: 0x00000007]       ExeInst: DASM(01000eb7)
Cyc=        113 (0x800001d4, 0x800001d0, 0x800001cc, 0x800001c8, 0x800001c4) WB[MZ 1e: 0x00ffffff]       ExeInst: DASM(fffe8e93)
Cyc=        114 (0x800001d8, 0x800001d4, 0x800001d0, 0x800001cc, 0x800001c8) WB[MZ 1d: 0x01000000]       ExeInst: DASM(00900193)
Cyc=        115 (0x800001dc, 0x800001d8, 0x800001d4, 0x800001d0, 0x800001cc) WB[MZ 1d: 0x00ffffff]       ExeInst: DASM(4ddf1263)
Cyc=        116 (0x800001e0, 0x800001dc, 0x800001d8, 0x800001d4, 0x800001d0) WB[M  03: 0x00000009]       ExeInst: DASM(800000b7)
Cyc=        117 (0x800001e4, 0x800001e0, 0x800001dc, 0x800001d8, 0x800001d4) WB[ Z 04: 0x010004c3]       ExeInst: DASM(fff08093)
Cyc=        118 (0x800001e8, 0x800001e4, 0x800001e0, 0x800001dc, 0x800001d8) WB[MZ 01: 0x80000000]       ExeInst: DASM(00e00113)
Cyc=        119 (0x800001ec, 0x800001e8, 0x800001e4, 0x800001e0, 0x800001dc) WB[MZ 01: 0x7fffffff]       ExeInst: DASM(4020df33)
Cyc=        120 (0x800001f0, 0x800001ec, 0x800001e8, 0x800001e4, 0x800001e0) WB[MZ 02: 0x0000000e]       ExeInst: DASM(00020eb7)
Cyc=        121 (0x800001f4, 0x800001f0, 0x800001ec, 0x800001e8, 0x800001e4) WB[MZ 1e: 0x0001ffff]       ExeInst: DASM(fffe8e93)
Cyc=        122 (0x800001f8, 0x800001f4, 0x800001f0, 0x800001ec, 0x800001e8) WB[MZ 1d: 0x00020000]       ExeInst: DASM(00a00193)
Cyc=        123 (0x800001fc, 0x800001f8, 0x800001f4, 0x800001f0, 0x800001ec) WB[MZ 1d: 0x0001ffff]       ExeInst: DASM(4bdf1263)
Cyc=        124 (0x80000200, 0x800001fc, 0x800001f8, 0x800001f4, 0x800001f0) WB[M  03: 0x0000000a]       ExeInst: DASM(800000b7)
Cyc=        125 (0x80000204, 0x80000200, 0x800001fc, 0x800001f8, 0x800001f4) WB[ Z 04: 0x000204a3]       ExeInst: DASM(fff08093)
Cyc=        126 (0x80000208, 0x80000204, 0x80000200, 0x800001fc, 0x800001f8) WB[MZ 01: 0x80000000]       ExeInst: DASM(01f00113)
Cyc=        127 (0x8000020c, 0x80000208, 0x80000204, 0x80000200, 0x800001fc) WB[MZ 01: 0x7fffffff]       ExeInst: DASM(4020df33)
Cyc=        128 (0x80000210, 0x8000020c, 0x80000208, 0x80000204, 0x80000200) WB[MZ 02: 0x0000001f]       ExeInst: DASM(00000e93)
Cyc=        129 (0x80000214, 0x80000210, 0x8000020c, 0x80000208, 0x80000204) WB[MZ 1e: 0x00000000]       ExeInst: DASM(00b00193)
Cyc=        130 (0x80000218, 0x80000214, 0x80000210, 0x8000020c, 0x80000208) WB[MZ 1d: 0x00000000]       ExeInst: DASM(49df1463)
Cyc=        131 (0x8000021c, 0x80000218, 0x80000214, 0x80000210, 0x8000020c) WB[M  03: 0x0000000b]       ExeInst: DASM(818180b7)
Cyc=        132 (0x80000220, 0x8000021c, 0x80000218, 0x80000214, 0x80000210) WB[ Z 08: 0x00000488]       ExeInst: DASM(18108093)
Cyc=        133 (0x80000224, 0x80000220, 0x8000021c, 0x80000218, 0x80000214) WB[MZ 01: 0x81818000]       ExeInst: DASM(00000113)
Cyc=        134 (0x80000228, 0x80000224, 0x80000220, 0x8000021c, 0x80000218) WB[MZ 01: 0x81818181]       ExeInst: DASM(4020df33)
Cyc=        135 (0x8000022c, 0x80000228, 0x80000224, 0x80000220, 0x8000021c) WB[MZ 02: 0x00000000]       ExeInst: DASM(81818eb7)
Cyc=        136 (0x80000230, 0x8000022c, 0x80000228, 0x80000224, 0x80000220) WB[MZ 1e: 0x81818181]       ExeInst: DASM(181e8e93)
Cyc=        137 (0x80000234, 0x80000230, 0x8000022c, 0x80000228, 0x80000224) WB[MZ 1d: 0x81818000]       ExeInst: DASM(00c00193)
Cyc=        138 (0x80000238, 0x80000234, 0x80000230, 0x8000022c, 0x80000228) WB[MZ 1d: 0x81818181]       ExeInst: DASM(47df1463)
Cyc=        139 (0x8000023c, 0x80000238, 0x80000234, 0x80000230, 0x8000022c) WB[M  03: 0x0000000c]       ExeInst: DASM(818180b7)
Cyc=        140 (0x80000240, 0x8000023c, 0x80000238, 0x80000234, 0x80000230) WB[ Z 08: 0x818185e9]       ExeInst: DASM(18108093)
Cyc=        141 (0x80000244, 0x80000240, 0x8000023c, 0x80000238, 0x80000234) WB[MZ 01: 0x81818000]       ExeInst: DASM(00100113)
Cyc=        142 (0x80000248, 0x80000244, 0x80000240, 0x8000023c, 0x80000238) WB[MZ 01: 0x81818181]       ExeInst: DASM(4020df33)
Cyc=        143 (0x8000024c, 0x80000248, 0x80000244, 0x80000240, 0x8000023c) WB[MZ 02: 0x00000001]       ExeInst: DASM(c0c0ceb7)
Cyc=        144 (0x80000250, 0x8000024c, 0x80000248, 0x80000244, 0x80000240) WB[MZ 1e: 0xc0c0c0c0]       ExeInst: DASM(0c0e8e93)
Cyc=        145 (0x80000254, 0x80000250, 0x8000024c, 0x80000248, 0x80000244) WB[MZ 1d: 0xc0c0c000]       ExeInst: DASM(00d00193)
Cyc=        146 (0x80000258, 0x80000254, 0x80000250, 0x8000024c, 0x80000248) WB[MZ 1d: 0xc0c0c0c0]       ExeInst: DASM(45df1463)
Cyc=        147 (0x8000025c, 0x80000258, 0x80000254, 0x80000250, 0x8000024c) WB[M  03: 0x0000000d]       ExeInst: DASM(818180b7)
Cyc=        148 (0x80000260, 0x8000025c, 0x80000258, 0x80000254, 0x80000250) WB[ Z 08: 0xc0c0c508]       ExeInst: DASM(18108093)
Cyc=        149 (0x80000264, 0x80000260, 0x8000025c, 0x80000258, 0x80000254) WB[MZ 01: 0x81818000]       ExeInst: DASM(00700113)
Cyc=        150 (0x80000268, 0x80000264, 0x80000260, 0x8000025c, 0x80000258) WB[MZ 01: 0x81818181]       ExeInst: DASM(4020df33)
Cyc=        151 (0x8000026c, 0x80000268, 0x80000264, 0x80000260, 0x8000025c) WB[MZ 02: 0x00000007]       ExeInst: DASM(ff030eb7)
Cyc=        152 (0x80000270, 0x8000026c, 0x80000268, 0x80000264, 0x80000260) WB[MZ 1e: 0xff030303]       ExeInst: DASM(303e8e93)
Cyc=        153 (0x80000274, 0x80000270, 0x8000026c, 0x80000268, 0x80000264) WB[MZ 1d: 0xff030000]       ExeInst: DASM(00e00193)
Cyc=        154 (0x80000278, 0x80000274, 0x80000270, 0x8000026c, 0x80000268) WB[MZ 1d: 0xff030303]       ExeInst: DASM(43df1463)
Cyc=        155 (0x8000027c, 0x80000278, 0x80000274, 0x80000270, 0x8000026c) WB[M  03: 0x0000000e]       ExeInst: DASM(818180b7)
Cyc=        156 (0x80000280, 0x8000027c, 0x80000278, 0x80000274, 0x80000270) WB[ Z 08: 0xff03072b]       ExeInst: DASM(18108093)
Cyc=        157 (0x80000284, 0x80000280, 0x8000027c, 0x80000278, 0x80000274) WB[MZ 01: 0x81818000]       ExeInst: DASM(00e00113)
Cyc=        158 (0x80000288, 0x80000284, 0x80000280, 0x8000027c, 0x80000278) WB[MZ 01: 0x81818181]       ExeInst: DASM(4020df33)
Cyc=        159 (0x8000028c, 0x80000288, 0x80000284, 0x80000280, 0x8000027c) WB[MZ 02: 0x0000000e]       ExeInst: DASM(fffe0eb7)
Cyc=        160 (0x80000290, 0x8000028c, 0x80000288, 0x80000284, 0x80000280) WB[MZ 1e: 0xfffe0606]       ExeInst: DASM(606e8e93)
Cyc=        161 (0x80000294, 0x80000290, 0x8000028c, 0x80000288, 0x80000284) WB[MZ 1d: 0xfffe0000]       ExeInst: DASM(00f00193)
Cyc=        162 (0x80000298, 0x80000294, 0x80000290, 0x8000028c, 0x80000288) WB[MZ 1d: 0xfffe0606]       ExeInst: DASM(41df1463)
Cyc=        163 (0x8000029c, 0x80000298, 0x80000294, 0x80000290, 0x8000028c) WB[M  03: 0x0000000f]       ExeInst: DASM(818180b7)
Cyc=        164 (0x800002a0, 0x8000029c, 0x80000298, 0x80000294, 0x80000290) WB[ Z 08: 0xfffe0a0e]       ExeInst: DASM(18108093)
Cyc=        165 (0x800002a4, 0x800002a0, 0x8000029c, 0x80000298, 0x80000294) WB[MZ 01: 0x81818000]       ExeInst: DASM(01f00113)
Cyc=        166 (0x800002a8, 0x800002a4, 0x800002a0, 0x8000029c, 0x80000298) WB[MZ 01: 0x81818181]       ExeInst: DASM(4020df33)
Cyc=        167 (0x800002ac, 0x800002a8, 0x800002a4, 0x800002a0, 0x8000029c) WB[MZ 02: 0x0000001f]       ExeInst: DASM(fff00e93)
Cyc=        168 (0x800002b0, 0x800002ac, 0x800002a8, 0x800002a4, 0x800002a0) WB[MZ 1e: 0xffffffff]       ExeInst: DASM(01000193)
Cyc=        169 (0x800002b4, 0x800002b0, 0x800002ac, 0x800002a8, 0x800002a4) WB[MZ 1d: 0xffffffff]       ExeInst: DASM(3fdf1663)
Cyc=        170 (0x800002b8, 0x800002b4, 0x800002b0, 0x800002ac, 0x800002a8) WB[M  03: 0x00000010]       ExeInst: DASM(818180b7)
Cyc=        171 (0x800002bc, 0x800002b8, 0x800002b4, 0x800002b0, 0x800002ac) WB[ Z 0c: 0x000003eb]       ExeInst: DASM(18108093)
Cyc=        172 (0x800002c0, 0x800002bc, 0x800002b8, 0x800002b4, 0x800002b0) WB[MZ 01: 0x81818000]       ExeInst: DASM(fc000113)
Cyc=        173 (0x800002c4, 0x800002c0, 0x800002bc, 0x800002b8, 0x800002b4) WB[MZ 01: 0x81818181]       ExeInst: DASM(4020df33)
Cyc=        174 (0x800002c8, 0x800002c4, 0x800002c0, 0x800002bc, 0x800002b8) WB[MZ 02: 0xffffffc0]       ExeInst: DASM(81818eb7)
Cyc=        175 (0x800002cc, 0x800002c8, 0x800002c4, 0x800002c0, 0x800002bc) WB[MZ 1e: 0x81818181]       ExeInst: DASM(181e8e93)
Cyc=        176 (0x800002d0, 0x800002cc, 0x800002c8, 0x800002c4, 0x800002c0) WB[MZ 1d: 0x81818000]       ExeInst: DASM(01100193)
Cyc=        177 (0x800002d4, 0x800002d0, 0x800002cc, 0x800002c8, 0x800002c4) WB[MZ 1d: 0x81818181]       ExeInst: DASM(3ddf1663)
Cyc=        178 (0x800002d8, 0x800002d4, 0x800002d0, 0x800002cc, 0x800002c8) WB[M  03: 0x00000011]       ExeInst: DASM(818180b7)
Cyc=        179 (0x800002dc, 0x800002d8, 0x800002d4, 0x800002d0, 0x800002cc) WB[ Z 0c: 0x8181854d]       ExeInst: DASM(18108093)
Cyc=        180 (0x800002e0, 0x800002dc, 0x800002d8, 0x800002d4, 0x800002d0) WB[MZ 01: 0x81818000]       ExeInst: DASM(fc100113)
Cyc=        181 (0x800002e4, 0x800002e0, 0x800002dc, 0x800002d8, 0x800002d4) WB[MZ 01: 0x81818181]       ExeInst: DASM(4020df33)
Cyc=        182 (0x800002e8, 0x800002e4, 0x800002e0, 0x800002dc, 0x800002d8) WB[MZ 02: 0xffffffc1]       ExeInst: DASM(c0c0ceb7)
Cyc=        183 (0x800002ec, 0x800002e8, 0x800002e4, 0x800002e0, 0x800002dc) WB[MZ 1e: 0xc0c0c0c0]       ExeInst: DASM(0c0e8e93)
Cyc=        184 (0x800002f0, 0x800002ec, 0x800002e8, 0x800002e4, 0x800002e0) WB[MZ 1d: 0xc0c0c000]       ExeInst: DASM(01200193)
Cyc=        185 (0x800002f4, 0x800002f0, 0x800002ec, 0x800002e8, 0x800002e4) WB[MZ 1d: 0xc0c0c0c0]       ExeInst: DASM(3bdf1663)
Cyc=        186 (0x800002f8, 0x800002f4, 0x800002f0, 0x800002ec, 0x800002e8) WB[M  03: 0x00000012]       ExeInst: DASM(818180b7)
Cyc=        187 (0x800002fc, 0x800002f8, 0x800002f4, 0x800002f0, 0x800002ec) WB[ Z 0c: 0xc0c0c46c]       ExeInst: DASM(18108093)
Cyc=        188 (0x80000300, 0x800002fc, 0x800002f8, 0x800002f4, 0x800002f0) WB[MZ 01: 0x81818000]       ExeInst: DASM(fc700113)
Cyc=        189 (0x80000304, 0x80000300, 0x800002fc, 0x800002f8, 0x800002f4) WB[MZ 01: 0x81818181]       ExeInst: DASM(4020df33)
Cyc=        190 (0x80000308, 0x80000304, 0x80000300, 0x800002fc, 0x800002f8) WB[MZ 02: 0xffffffc7]       ExeInst: DASM(ff030eb7)
Cyc=        191 (0x8000030c, 0x80000308, 0x80000304, 0x80000300, 0x800002fc) WB[MZ 1e: 0xff030303]       ExeInst: DASM(303e8e93)
Cyc=        192 (0x80000310, 0x8000030c, 0x80000308, 0x80000304, 0x80000300) WB[MZ 1d: 0xff030000]       ExeInst: DASM(01300193)
Cyc=        193 (0x80000314, 0x80000310, 0x8000030c, 0x80000308, 0x80000304) WB[MZ 1d: 0xff030303]       ExeInst: DASM(39df1663)
Cyc=        194 (0x80000318, 0x80000314, 0x80000310, 0x8000030c, 0x80000308) WB[M  03: 0x00000013]       ExeInst: DASM(818180b7)
Cyc=        195 (0x8000031c, 0x80000318, 0x80000314, 0x80000310, 0x8000030c) WB[ Z 0c: 0xff03068f]       ExeInst: DASM(18108093)
Cyc=        196 (0x80000320, 0x8000031c, 0x80000318, 0x80000314, 0x80000310) WB[MZ 01: 0x81818000]       ExeInst: DASM(fce00113)
Cyc=        197 (0x80000324, 0x80000320, 0x8000031c, 0x80000318, 0x80000314) WB[MZ 01: 0x81818181]       ExeInst: DASM(4020df33)
Cyc=        198 (0x80000328, 0x80000324, 0x80000320, 0x8000031c, 0x80000318) WB[MZ 02: 0xffffffce]       ExeInst: DASM(fffe0eb7)
Cyc=        199 (0x8000032c, 0x80000328, 0x80000324, 0x80000320, 0x8000031c) WB[MZ 1e: 0xfffe0606]       ExeInst: DASM(606e8e93)
Cyc=        200 (0x80000330, 0x8000032c, 0x80000328, 0x80000324, 0x80000320) WB[MZ 1d: 0xfffe0000]       ExeInst: DASM(01400193)
Cyc=        201 (0x80000334, 0x80000330, 0x8000032c, 0x80000328, 0x80000324) WB[MZ 1d: 0xfffe0606]       ExeInst: DASM(37df1663)
Cyc=        202 (0x80000338, 0x80000334, 0x80000330, 0x8000032c, 0x80000328) WB[M  03: 0x00000014]       ExeInst: DASM(818180b7)
Cyc=        203 (0x8000033c, 0x80000338, 0x80000334, 0x80000330, 0x8000032c) WB[ Z 0c: 0xfffe0972]       ExeInst: DASM(18108093)
Cyc=        204 (0x80000340, 0x8000033c, 0x80000338, 0x80000334, 0x80000330) WB[MZ 01: 0x81818000]       ExeInst: DASM(fff00113)
Cyc=        205 (0x80000344, 0x80000340, 0x8000033c, 0x80000338, 0x80000334) WB[MZ 01: 0x81818181]       ExeInst: DASM(4020df33)
Cyc=        206 (0x80000348, 0x80000344, 0x80000340, 0x8000033c, 0x80000338) WB[MZ 02: 0xffffffff]       ExeInst: DASM(fff00e93)
Cyc=        207 (0x8000034c, 0x80000348, 0x80000344, 0x80000340, 0x8000033c) WB[MZ 1e: 0xffffffff]       ExeInst: DASM(01500193)
Cyc=        208 (0x80000350, 0x8000034c, 0x80000348, 0x80000344, 0x80000340) WB[MZ 1d: 0xffffffff]       ExeInst: DASM(35df1863)
Cyc=        209 (0x80000354, 0x80000350, 0x8000034c, 0x80000348, 0x80000344) WB[M  03: 0x00000015]       ExeInst: DASM(800000b7)
Cyc=        210 (0x80000358, 0x80000354, 0x80000350, 0x8000034c, 0x80000348) WB[ Z 10: 0x0000034f]       ExeInst: DASM(00700113)
Cyc=        211 (0x8000035c, 0x80000358, 0x80000354, 0x80000350, 0x8000034c) WB[MZ 01: 0x80000000]       ExeInst: DASM(4020d0b3)
Cyc=        212 (0x80000360, 0x8000035c, 0x80000358, 0x80000354, 0x80000350) WB[MZ 02: 0x00000007]       ExeInst: DASM(ff000eb7)
Cyc=        213 (0x80000364, 0x80000360, 0x8000035c, 0x80000358, 0x80000354) WB[MZ 01: 0xff000000]       ExeInst: DASM(01600193)
Cyc=        214 (0x80000368, 0x80000364, 0x80000360, 0x8000035c, 0x80000358) WB[MZ 1d: 0xff000000]       ExeInst: DASM(33d09c63)
Cyc=        215 (0x8000036c, 0x80000368, 0x80000364, 0x80000360, 0x8000035c) WB[M  03: 0x00000016]       ExeInst: DASM(800000b7)
Cyc=        216 (0x80000370, 0x8000036c, 0x80000368, 0x80000364, 0x80000360) WB[ Z 18: 0xff000338]       ExeInst: DASM(00e00113)
Cyc=        217 (0x80000374, 0x80000370, 0x8000036c, 0x80000368, 0x80000364) WB[MZ 01: 0x80000000]       ExeInst: DASM(4020d133)
Cyc=        218 (0x80000378, 0x80000374, 0x80000370, 0x8000036c, 0x80000368) WB[MZ 02: 0x0000000e]       ExeInst: DASM(fffe0eb7)
Cyc=        219 (0x8000037c, 0x80000378, 0x80000374, 0x80000370, 0x8000036c) WB[MZ 02: 0xfffe0000]       ExeInst: DASM(01700193)
Cyc=        220 (0x80000380, 0x8000037c, 0x80000378, 0x80000374, 0x80000370) WB[MZ 1d: 0xfffe0000]       ExeInst: DASM(33d11063)
Cyc=        221 (0x80000384, 0x80000380, 0x8000037c, 0x80000378, 0x80000374) WB[M  03: 0x00000017]       ExeInst: DASM(00700093)
Cyc=        222 (0x80000388, 0x80000384, 0x80000380, 0x8000037c, 0x80000378) WB[ Z 00: 0xfffe0320]       ExeInst: DASM(4010d0b3)
Cyc=        223 (0x8000038c, 0x80000388, 0x80000384, 0x80000380, 0x8000037c) WB[MZ 01: 0x00000007]       ExeInst: DASM(00000e93)
Cyc=        224 (0x80000390, 0x8000038c, 0x80000388, 0x80000384, 0x80000380) WB[MZ 01: 0x00000000]       ExeInst: DASM(01800193)
Cyc=        225 (0x80000394, 0x80000390, 0x8000038c, 0x80000388, 0x80000384) WB[MZ 1d: 0x00000000]       ExeInst: DASM(31d09663)
Cyc=        226 (0x80000398, 0x80000394, 0x80000390, 0x8000038c, 0x80000388) WB[M  03: 0x00000018]       ExeInst: DASM(00000213)
Cyc=        227 (0x8000039c, 0x80000398, 0x80000394, 0x80000390, 0x8000038c) WB[ Z 0c: 0x0000030c]       ExeInst: DASM(800000b7)
Cyc=        228 (0x800003a0, 0x8000039c, 0x80000398, 0x80000394, 0x80000390) WB[MZ 04: 0x00000000]       ExeInst: DASM(00700113)
Cyc=        229 (0x800003a4, 0x800003a0, 0x8000039c, 0x80000398, 0x80000394) WB[MZ 01: 0x80000000]       ExeInst: DASM(4020df33)
Cyc=        230 (0x800003a8, 0x800003a4, 0x800003a0, 0x8000039c, 0x80000398) WB[MZ 02: 0x00000007]       ExeInst: DASM(000f0313)
Cyc=        231 (0x800003ac, 0x800003a8, 0x800003a4, 0x800003a0, 0x8000039c) WB[MZ 1e: 0xff000000]       ExeInst: DASM(00120213)
Cyc=        232 (0x800003b0, 0x800003ac, 0x800003a8, 0x800003a4, 0x800003a0) WB[MZ 06: 0xff000000]       ExeInst: DASM(00200293)
Cyc=        233 (0x800003b4, 0x800003b0, 0x800003ac, 0x800003a8, 0x800003a4) WB[MZ 04: 0x00000001]   B   ExeInst: DASM(fe5214e3)
Cyc=        234 (0x80000394, 0x800003b4, 0x800003b0, 0x800003ac, 0x800003a8) WB[M  05: 0x00000002]       ExeInst: DASM(00004033)
Cyc=        235 (0x80000398, 0x80000394, 0x800003b4, 0x800003b0, 0x800003ac) WB[   09: 0xffffffe9]       ExeInst: DASM(00004033)
Cyc=        236 (0x8000039c, 0x80000398, 0x80000394, 0x800003b4, 0x800003b0) WB[ Z 00: 0xff000000]       ExeInst: DASM(800000b7)
Cyc=        237 (0x800003a0, 0x8000039c, 0x80000398, 0x80000394, 0x800003b4) WB[MZ 00: 0x00000000]       ExeInst: DASM(00700113)
Cyc=        238 (0x800003a4, 0x800003a0, 0x8000039c, 0x80000398, 0x80000394) WB[MZ 01: 0x80000000]       ExeInst: DASM(4020df33)
Cyc=        239 (0x800003a8, 0x800003a4, 0x800003a0, 0x8000039c, 0x80000398) WB[MZ 02: 0x00000007]       ExeInst: DASM(000f0313)
Cyc=        240 (0x800003ac, 0x800003a8, 0x800003a4, 0x800003a0, 0x8000039c) WB[MZ 1e: 0xff000000]       ExeInst: DASM(00120213)
Cyc=        241 (0x800003b0, 0x800003ac, 0x800003a8, 0x800003a4, 0x800003a0) WB[MZ 06: 0xff000000]       ExeInst: DASM(00200293)
Cyc=        242 (0x800003b4, 0x800003b0, 0x800003ac, 0x800003a8, 0x800003a4) WB[MZ 04: 0x00000002]       ExeInst: DASM(fe5214e3)
Cyc=        243 (0x800003b8, 0x800003b4, 0x800003b0, 0x800003ac, 0x800003a8) WB[M  05: 0x00000002]       ExeInst: DASM(ff000eb7)
Cyc=        244 (0x800003bc, 0x800003b8, 0x800003b4, 0x800003b0, 0x800003ac) WB[ Z 09: 0xffffffea]       ExeInst: DASM(01900193)
Cyc=        245 (0x800003c0, 0x800003bc, 0x800003b8, 0x800003b4, 0x800003b0) WB[MZ 1d: 0xff000000]       ExeInst: DASM(2fd31063)
Cyc=        246 (0x800003c4, 0x800003c0, 0x800003bc, 0x800003b8, 0x800003b4) WB[M  03: 0x00000019]       ExeInst: DASM(00000213)
Cyc=        247 (0x800003c8, 0x800003c4, 0x800003c0, 0x800003bc, 0x800003b8) WB[ Z 00: 0xff0002e0]       ExeInst: DASM(800000b7)
Cyc=        248 (0x800003cc, 0x800003c8, 0x800003c4, 0x800003c0, 0x800003bc) WB[MZ 04: 0x00000000]       ExeInst: DASM(00e00113)
Cyc=        249 (0x800003d0, 0x800003cc, 0x800003c8, 0x800003c4, 0x800003c0) WB[MZ 01: 0x80000000]       ExeInst: DASM(4020df33)
Cyc=        250 (0x800003d4, 0x800003d0, 0x800003cc, 0x800003c8, 0x800003c4) WB[MZ 02: 0x0000000e]       ExeInst: DASM(00000013)
Cyc=        251 (0x800003d8, 0x800003d4, 0x800003d0, 0x800003cc, 0x800003c8) WB[MZ 1e: 0xfffe0000]       ExeInst: DASM(000f0313)
Cyc=        252 (0x800003dc, 0x800003d8, 0x800003d4, 0x800003d0, 0x800003cc) WB[MZ 00: 0x00000000]       ExeInst: DASM(00120213)
Cyc=        253 (0x800003e0, 0x800003dc, 0x800003d8, 0x800003d4, 0x800003d0) WB[MZ 06: 0xfffe0000]       ExeInst: DASM(00200293)
Cyc=        254 (0x800003e4, 0x800003e0, 0x800003dc, 0x800003d8, 0x800003d4) WB[MZ 04: 0x00000001]   B   ExeInst: DASM(fe5212e3)
Cyc=        255 (0x800003c0, 0x800003e4, 0x800003e0, 0x800003dc, 0x800003d8) WB[M  05: 0x00000002]       ExeInst: DASM(00004033)
Cyc=        256 (0x800003c4, 0x800003c0, 0x800003e4, 0x800003e0, 0x800003dc) WB[   05: 0xffffffe5]       ExeInst: DASM(00004033)
Cyc=        257 (0x800003c8, 0x800003c4, 0x800003c0, 0x800003e4, 0x800003e0) WB[ Z 00: 0xfffe0000]       ExeInst: DASM(800000b7)
Cyc=        258 (0x800003cc, 0x800003c8, 0x800003c4, 0x800003c0, 0x800003e4) WB[MZ 00: 0x00000000]       ExeInst: DASM(00e00113)
Cyc=        259 (0x800003d0, 0x800003cc, 0x800003c8, 0x800003c4, 0x800003c0) WB[MZ 01: 0x80000000]       ExeInst: DASM(4020df33)
Cyc=        260 (0x800003d4, 0x800003d0, 0x800003cc, 0x800003c8, 0x800003c4) WB[MZ 02: 0x0000000e]       ExeInst: DASM(00000013)
Cyc=        261 (0x800003d8, 0x800003d4, 0x800003d0, 0x800003cc, 0x800003c8) WB[MZ 1e: 0xfffe0000]       ExeInst: DASM(000f0313)
Cyc=        262 (0x800003dc, 0x800003d8, 0x800003d4, 0x800003d0, 0x800003cc) WB[MZ 00: 0x00000000]       ExeInst: DASM(00120213)
Cyc=        263 (0x800003e0, 0x800003dc, 0x800003d8, 0x800003d4, 0x800003d0) WB[MZ 06: 0xfffe0000]       ExeInst: DASM(00200293)
Cyc=        264 (0x800003e4, 0x800003e0, 0x800003dc, 0x800003d8, 0x800003d4) WB[MZ 04: 0x00000002]       ExeInst: DASM(fe5212e3)
Cyc=        265 (0x800003e8, 0x800003e4, 0x800003e0, 0x800003dc, 0x800003d8) WB[M  05: 0x00000002]       ExeInst: DASM(fffe0eb7)
Cyc=        266 (0x800003ec, 0x800003e8, 0x800003e4, 0x800003e0, 0x800003dc) WB[ Z 05: 0xffffffe6]       ExeInst: DASM(01a00193)
Cyc=        267 (0x800003f0, 0x800003ec, 0x800003e8, 0x800003e4, 0x800003e0) WB[MZ 1d: 0xfffe0000]       ExeInst: DASM(2bd31863)
Cyc=        268 (0x800003f4, 0x800003f0, 0x800003ec, 0x800003e8, 0x800003e4) WB[M  03: 0x0000001a]       ExeInst: DASM(00000213)
Cyc=        269 (0x800003f8, 0x800003f4, 0x800003f0, 0x800003ec, 0x800003e8) WB[ Z 10: 0xfffe02b0]       ExeInst: DASM(800000b7)
Cyc=        270 (0x800003fc, 0x800003f8, 0x800003f4, 0x800003f0, 0x800003ec) WB[MZ 04: 0x00000000]       ExeInst: DASM(01f00113)
Cyc=        271 (0x80000400, 0x800003fc, 0x800003f8, 0x800003f4, 0x800003f0) WB[MZ 01: 0x80000000]       ExeInst: DASM(4020df33)
Cyc=        272 (0x80000404, 0x80000400, 0x800003fc, 0x800003f8, 0x800003f4) WB[MZ 02: 0x0000001f]       ExeInst: DASM(00000013)
Cyc=        273 (0x80000408, 0x80000404, 0x80000400, 0x800003fc, 0x800003f8) WB[MZ 1e: 0xffffffff]       ExeInst: DASM(00000013)
Cyc=        274 (0x8000040c, 0x80000408, 0x80000404, 0x80000400, 0x800003fc) WB[MZ 00: 0x00000000]       ExeInst: DASM(000f0313)
Cyc=        275 (0x80000410, 0x8000040c, 0x80000408, 0x80000404, 0x80000400) WB[MZ 00: 0x00000000]       ExeInst: DASM(00120213)
Cyc=        276 (0x80000414, 0x80000410, 0x8000040c, 0x80000408, 0x80000404) WB[MZ 06: 0xffffffff]       ExeInst: DASM(00200293)
Cyc=        277 (0x80000418, 0x80000414, 0x80000410, 0x8000040c, 0x80000408) WB[MZ 04: 0x00000001]   B   ExeInst: DASM(fe5210e3)
Cyc=        278 (0x800003f0, 0x80000418, 0x80000414, 0x80000410, 0x8000040c) WB[M  05: 0x00000002]       ExeInst: DASM(00004033)
Cyc=        279 (0x800003f4, 0x800003f0, 0x80000418, 0x80000414, 0x80000410) WB[   01: 0xffffffe1]       ExeInst: DASM(00004033)
Cyc=        280 (0x800003f8, 0x800003f4, 0x800003f0, 0x80000418, 0x80000414) WB[ Z 00: 0xffffffff]       ExeInst: DASM(800000b7)
Cyc=        281 (0x800003fc, 0x800003f8, 0x800003f4, 0x800003f0, 0x80000418) WB[MZ 00: 0x00000000]       ExeInst: DASM(01f00113)
Cyc=        282 (0x80000400, 0x800003fc, 0x800003f8, 0x800003f4, 0x800003f0) WB[MZ 01: 0x80000000]       ExeInst: DASM(4020df33)
Cyc=        283 (0x80000404, 0x80000400, 0x800003fc, 0x800003f8, 0x800003f4) WB[MZ 02: 0x0000001f]       ExeInst: DASM(00000013)
Cyc=        284 (0x80000408, 0x80000404, 0x80000400, 0x800003fc, 0x800003f8) WB[MZ 1e: 0xffffffff]       ExeInst: DASM(00000013)
Cyc=        285 (0x8000040c, 0x80000408, 0x80000404, 0x80000400, 0x800003fc) WB[MZ 00: 0x00000000]       ExeInst: DASM(000f0313)
Cyc=        286 (0x80000410, 0x8000040c, 0x80000408, 0x80000404, 0x80000400) WB[MZ 00: 0x00000000]       ExeInst: DASM(00120213)
Cyc=        287 (0x80000414, 0x80000410, 0x8000040c, 0x80000408, 0x80000404) WB[MZ 06: 0xffffffff]       ExeInst: DASM(00200293)
Cyc=        288 (0x80000418, 0x80000414, 0x80000410, 0x8000040c, 0x80000408) WB[MZ 04: 0x00000002]       ExeInst: DASM(fe5210e3)
Cyc=        289 (0x8000041c, 0x80000418, 0x80000414, 0x80000410, 0x8000040c) WB[M  05: 0x00000002]       ExeInst: DASM(fff00e93)
Cyc=        290 (0x80000420, 0x8000041c, 0x80000418, 0x80000414, 0x80000410) WB[ Z 01: 0xffffffe2]       ExeInst: DASM(01b00193)
Cyc=        291 (0x80000424, 0x80000420, 0x8000041c, 0x80000418, 0x80000414) WB[MZ 1d: 0xffffffff]       ExeInst: DASM(27d31e63)
Cyc=        292 (0x80000428, 0x80000424, 0x80000420, 0x8000041c, 0x80000418) WB[M  03: 0x0000001b]       ExeInst: DASM(00000213)
Cyc=        293 (0x8000042c, 0x80000428, 0x80000424, 0x80000420, 0x8000041c) WB[ Z 1c: 0x0000027b]       ExeInst: DASM(800000b7)
Cyc=        294 (0x80000430, 0x8000042c, 0x80000428, 0x80000424, 0x80000420) WB[MZ 04: 0x00000000]       ExeInst: DASM(00700113)
Cyc=        295 (0x80000434, 0x80000430, 0x8000042c, 0x80000428, 0x80000424) WB[MZ 01: 0x80000000]       ExeInst: DASM(4020df33)
Cyc=        296 (0x80000438, 0x80000434, 0x80000430, 0x8000042c, 0x80000428) WB[MZ 02: 0x00000007]       ExeInst: DASM(00120213)
Cyc=        297 (0x8000043c, 0x80000438, 0x80000434, 0x80000430, 0x8000042c) WB[MZ 1e: 0xff000000]       ExeInst: DASM(00200293)
Cyc=        298 (0x80000440, 0x8000043c, 0x80000438, 0x80000434, 0x80000430) WB[MZ 04: 0x00000001]   B   ExeInst: DASM(fe5216e3)
Cyc=        299 (0x80000424, 0x80000440, 0x8000043c, 0x80000438, 0x80000434) WB[M  05: 0x00000002]       ExeInst: DASM(00004033)
Cyc=        300 (0x80000428, 0x80000424, 0x80000440, 0x8000043c, 0x80000438) WB[   0d: 0xffffffed]       ExeInst: DASM(00004033)
Cyc=        301 (0x8000042c, 0x80000428, 0x80000424, 0x80000440, 0x8000043c) WB[ Z 00: 0xff000000]       ExeInst: DASM(800000b7)
Cyc=        302 (0x80000430, 0x8000042c, 0x80000428, 0x80000424, 0x80000440) WB[MZ 00: 0x00000000]       ExeInst: DASM(00700113)
Cyc=        303 (0x80000434, 0x80000430, 0x8000042c, 0x80000428, 0x80000424) WB[MZ 01: 0x80000000]       ExeInst: DASM(4020df33)
Cyc=        304 (0x80000438, 0x80000434, 0x80000430, 0x8000042c, 0x80000428) WB[MZ 02: 0x00000007]       ExeInst: DASM(00120213)
Cyc=        305 (0x8000043c, 0x80000438, 0x80000434, 0x80000430, 0x8000042c) WB[MZ 1e: 0xff000000]       ExeInst: DASM(00200293)
Cyc=        306 (0x80000440, 0x8000043c, 0x80000438, 0x80000434, 0x80000430) WB[MZ 04: 0x00000002]       ExeInst: DASM(fe5216e3)
Cyc=        307 (0x80000444, 0x80000440, 0x8000043c, 0x80000438, 0x80000434) WB[M  05: 0x00000002]       ExeInst: DASM(ff000eb7)
Cyc=        308 (0x80000448, 0x80000444, 0x80000440, 0x8000043c, 0x80000438) WB[ Z 0d: 0xffffffee]       ExeInst: DASM(01c00193)
Cyc=        309 (0x8000044c, 0x80000448, 0x80000444, 0x80000440, 0x8000043c) WB[MZ 1d: 0xff000000]       ExeInst: DASM(25df1a63)
Cyc=        310 (0x80000450, 0x8000044c, 0x80000448, 0x80000444, 0x80000440) WB[M  03: 0x0000001c]       ExeInst: DASM(00000213)
Cyc=        311 (0x80000454, 0x80000450, 0x8000044c, 0x80000448, 0x80000444) WB[ Z 14: 0xff000254]       ExeInst: DASM(800000b7)
Cyc=        312 (0x80000458, 0x80000454, 0x80000450, 0x8000044c, 0x80000448) WB[MZ 04: 0x00000000]       ExeInst: DASM(00e00113)
Cyc=        313 (0x8000045c, 0x80000458, 0x80000454, 0x80000450, 0x8000044c) WB[MZ 01: 0x80000000]       ExeInst: DASM(00000013)
Cyc=        314 (0x80000460, 0x8000045c, 0x80000458, 0x80000454, 0x80000450) WB[MZ 02: 0x0000000e]       ExeInst: DASM(4020df33)
Cyc=        315 (0x80000464, 0x80000460, 0x8000045c, 0x80000458, 0x80000454) WB[MZ 00: 0x00000000]       ExeInst: DASM(00120213)
Cyc=        316 (0x80000468, 0x80000464, 0x80000460, 0x8000045c, 0x80000458) WB[MZ 1e: 0xfffe0000]       ExeInst: DASM(00200293)
Cyc=        317 (0x8000046c, 0x80000468, 0x80000464, 0x80000460, 0x8000045c) WB[MZ 04: 0x00000001]   B   ExeInst: DASM(fe5214e3)
Cyc=        318 (0x8000044c, 0x8000046c, 0x80000468, 0x80000464, 0x80000460) WB[M  05: 0x00000002]       ExeInst: DASM(00004033)
Cyc=        319 (0x80000450, 0x8000044c, 0x8000046c, 0x80000468, 0x80000464) WB[   09: 0xffffffe9]       ExeInst: DASM(00004033)
Cyc=        320 (0x80000454, 0x80000450, 0x8000044c, 0x8000046c, 0x80000468) WB[ Z 00: 0xfffe0000]       ExeInst: DASM(800000b7)
Cyc=        321 (0x80000458, 0x80000454, 0x80000450, 0x8000044c, 0x8000046c) WB[MZ 00: 0x00000000]       ExeInst: DASM(00e00113)
Cyc=        322 (0x8000045c, 0x80000458, 0x80000454, 0x80000450, 0x8000044c) WB[MZ 01: 0x80000000]       ExeInst: DASM(00000013)
Cyc=        323 (0x80000460, 0x8000045c, 0x80000458, 0x80000454, 0x80000450) WB[MZ 02: 0x0000000e]       ExeInst: DASM(4020df33)
Cyc=        324 (0x80000464, 0x80000460, 0x8000045c, 0x80000458, 0x80000454) WB[MZ 00: 0x00000000]       ExeInst: DASM(00120213)
Cyc=        325 (0x80000468, 0x80000464, 0x80000460, 0x8000045c, 0x80000458) WB[MZ 1e: 0xfffe0000]       ExeInst: DASM(00200293)
Cyc=        326 (0x8000046c, 0x80000468, 0x80000464, 0x80000460, 0x8000045c) WB[MZ 04: 0x00000002]       ExeInst: DASM(fe5214e3)
Cyc=        327 (0x80000470, 0x8000046c, 0x80000468, 0x80000464, 0x80000460) WB[M  05: 0x00000002]       ExeInst: DASM(fffe0eb7)
Cyc=        328 (0x80000474, 0x80000470, 0x8000046c, 0x80000468, 0x80000464) WB[ Z 09: 0xffffffea]       ExeInst: DASM(01d00193)
Cyc=        329 (0x80000478, 0x80000474, 0x80000470, 0x8000046c, 0x80000468) WB[MZ 1d: 0xfffe0000]       ExeInst: DASM(23df1463)
Cyc=        330 (0x8000047c, 0x80000478, 0x80000474, 0x80000470, 0x8000046c) WB[M  03: 0x0000001d]       ExeInst: DASM(00000213)
Cyc=        331 (0x80000480, 0x8000047c, 0x80000478, 0x80000474, 0x80000470) WB[ Z 08: 0xfffe0228]       ExeInst: DASM(800000b7)
Cyc=        332 (0x80000484, 0x80000480, 0x8000047c, 0x80000478, 0x80000474) WB[MZ 04: 0x00000000]       ExeInst: DASM(01f00113)
Cyc=        333 (0x80000488, 0x80000484, 0x80000480, 0x8000047c, 0x80000478) WB[MZ 01: 0x80000000]       ExeInst: DASM(00000013)
Cyc=        334 (0x8000048c, 0x80000488, 0x80000484, 0x80000480, 0x8000047c) WB[MZ 02: 0x0000001f]       ExeInst: DASM(00000013)
Cyc=        335 (0x80000490, 0x8000048c, 0x80000488, 0x80000484, 0x80000480) WB[MZ 00: 0x00000000]       ExeInst: DASM(4020df33)
Cyc=        336 (0x80000494, 0x80000490, 0x8000048c, 0x80000488, 0x80000484) WB[MZ 00: 0x00000000]       ExeInst: DASM(00120213)
Cyc=        337 (0x80000498, 0x80000494, 0x80000490, 0x8000048c, 0x80000488) WB[MZ 1e: 0xffffffff]       ExeInst: DASM(00200293)
Cyc=        338 (0x8000049c, 0x80000498, 0x80000494, 0x80000490, 0x8000048c) WB[MZ 04: 0x00000001]   B   ExeInst: DASM(fe5212e3)
Cyc=        339 (0x80000478, 0x8000049c, 0x80000498, 0x80000494, 0x80000490) WB[M  05: 0x00000002]       ExeInst: DASM(00004033)
Cyc=        340 (0x8000047c, 0x80000478, 0x8000049c, 0x80000498, 0x80000494) WB[   05: 0xffffffe5]       ExeInst: DASM(00004033)
Cyc=        341 (0x80000480, 0x8000047c, 0x80000478, 0x8000049c, 0x80000498) WB[ Z 00: 0xffffffff]       ExeInst: DASM(800000b7)
Cyc=        342 (0x80000484, 0x80000480, 0x8000047c, 0x80000478, 0x8000049c) WB[MZ 00: 0x00000000]       ExeInst: DASM(01f00113)
Cyc=        343 (0x80000488, 0x80000484, 0x80000480, 0x8000047c, 0x80000478) WB[MZ 01: 0x80000000]       ExeInst: DASM(00000013)
Cyc=        344 (0x8000048c, 0x80000488, 0x80000484, 0x80000480, 0x8000047c) WB[MZ 02: 0x0000001f]       ExeInst: DASM(00000013)
Cyc=        345 (0x80000490, 0x8000048c, 0x80000488, 0x80000484, 0x80000480) WB[MZ 00: 0x00000000]       ExeInst: DASM(4020df33)
Cyc=        346 (0x80000494, 0x80000490, 0x8000048c, 0x80000488, 0x80000484) WB[MZ 00: 0x00000000]       ExeInst: DASM(00120213)
Cyc=        347 (0x80000498, 0x80000494, 0x80000490, 0x8000048c, 0x80000488) WB[MZ 1e: 0xffffffff]       ExeInst: DASM(00200293)
Cyc=        348 (0x8000049c, 0x80000498, 0x80000494, 0x80000490, 0x8000048c) WB[MZ 04: 0x00000002]       ExeInst: DASM(fe5212e3)
Cyc=        349 (0x800004a0, 0x8000049c, 0x80000498, 0x80000494, 0x80000490) WB[M  05: 0x00000002]       ExeInst: DASM(fff00e93)
Cyc=        350 (0x800004a4, 0x800004a0, 0x8000049c, 0x80000498, 0x80000494) WB[ Z 05: 0xffffffe6]       ExeInst: DASM(01e00193)
Cyc=        351 (0x800004a8, 0x800004a4, 0x800004a0, 0x8000049c, 0x80000498) WB[MZ 1d: 0xffffffff]       ExeInst: DASM(1fdf1c63)
Cyc=        352 (0x800004ac, 0x800004a8, 0x800004a4, 0x800004a0, 0x8000049c) WB[M  03: 0x0000001e]       ExeInst: DASM(00000213)
Cyc=        353 (0x800004b0, 0x800004ac, 0x800004a8, 0x800004a4, 0x800004a0) WB[ Z 18: 0x000001f7]       ExeInst: DASM(800000b7)
Cyc=        354 (0x800004b4, 0x800004b0, 0x800004ac, 0x800004a8, 0x800004a4) WB[MZ 04: 0x00000000]       ExeInst: DASM(00000013)
Cyc=        355 (0x800004b8, 0x800004b4, 0x800004b0, 0x800004ac, 0x800004a8) WB[MZ 01: 0x80000000]       ExeInst: DASM(00700113)
Cyc=        356 (0x800004bc, 0x800004b8, 0x800004b4, 0x800004b0, 0x800004ac) WB[MZ 00: 0x00000000]       ExeInst: DASM(4020df33)
Cyc=        357 (0x800004c0, 0x800004bc, 0x800004b8, 0x800004b4, 0x800004b0) WB[MZ 02: 0x00000007]       ExeInst: DASM(00120213)
Cyc=        358 (0x800004c4, 0x800004c0, 0x800004bc, 0x800004b8, 0x800004b4) WB[MZ 1e: 0xff000000]       ExeInst: DASM(00200293)
Cyc=        359 (0x800004c8, 0x800004c4, 0x800004c0, 0x800004bc, 0x800004b8) WB[MZ 04: 0x00000001]   B   ExeInst: DASM(fe5214e3)
Cyc=        360 (0x800004a8, 0x800004c8, 0x800004c4, 0x800004c0, 0x800004bc) WB[M  05: 0x00000002]       ExeInst: DASM(00004033)
Cyc=        361 (0x800004ac, 0x800004a8, 0x800004c8, 0x800004c4, 0x800004c0) WB[   09: 0xffffffe9]       ExeInst: DASM(00004033)
Cyc=        362 (0x800004b0, 0x800004ac, 0x800004a8, 0x800004c8, 0x800004c4) WB[ Z 00: 0xff000000]       ExeInst: DASM(800000b7)
Cyc=        363 (0x800004b4, 0x800004b0, 0x800004ac, 0x800004a8, 0x800004c8) WB[MZ 00: 0x00000000]       ExeInst: DASM(00000013)
Cyc=        364 (0x800004b8, 0x800004b4, 0x800004b0, 0x800004ac, 0x800004a8) WB[MZ 01: 0x80000000]       ExeInst: DASM(00700113)
Cyc=        365 (0x800004bc, 0x800004b8, 0x800004b4, 0x800004b0, 0x800004ac) WB[MZ 00: 0x00000000]       ExeInst: DASM(4020df33)
Cyc=        366 (0x800004c0, 0x800004bc, 0x800004b8, 0x800004b4, 0x800004b0) WB[MZ 02: 0x00000007]       ExeInst: DASM(00120213)
Cyc=        367 (0x800004c4, 0x800004c0, 0x800004bc, 0x800004b8, 0x800004b4) WB[MZ 1e: 0xff000000]       ExeInst: DASM(00200293)
Cyc=        368 (0x800004c8, 0x800004c4, 0x800004c0, 0x800004bc, 0x800004b8) WB[MZ 04: 0x00000002]       ExeInst: DASM(fe5214e3)
Cyc=        369 (0x800004cc, 0x800004c8, 0x800004c4, 0x800004c0, 0x800004bc) WB[M  05: 0x00000002]       ExeInst: DASM(ff000eb7)
Cyc=        370 (0x800004d0, 0x800004cc, 0x800004c8, 0x800004c4, 0x800004c0) WB[ Z 09: 0xffffffea]       ExeInst: DASM(01f00193)
Cyc=        371 (0x800004d4, 0x800004d0, 0x800004cc, 0x800004c8, 0x800004c4) WB[MZ 1d: 0xff000000]       ExeInst: DASM(1ddf1663)
Cyc=        372 (0x800004d8, 0x800004d4, 0x800004d0, 0x800004cc, 0x800004c8) WB[M  03: 0x0000001f]       ExeInst: DASM(00000213)
Cyc=        373 (0x800004dc, 0x800004d8, 0x800004d4, 0x800004d0, 0x800004cc) WB[ Z 0c: 0xff0001cc]       ExeInst: DASM(800000b7)
Cyc=        374 (0x800004e0, 0x800004dc, 0x800004d8, 0x800004d4, 0x800004d0) WB[MZ 04: 0x00000000]       ExeInst: DASM(00000013)
Cyc=        375 (0x800004e4, 0x800004e0, 0x800004dc, 0x800004d8, 0x800004d4) WB[MZ 01: 0x80000000]       ExeInst: DASM(00e00113)
Cyc=        376 (0x800004e8, 0x800004e4, 0x800004e0, 0x800004dc, 0x800004d8) WB[MZ 00: 0x00000000]       ExeInst: DASM(00000013)
Cyc=        377 (0x800004ec, 0x800004e8, 0x800004e4, 0x800004e0, 0x800004dc) WB[MZ 02: 0x0000000e]       ExeInst: DASM(4020df33)
Cyc=        378 (0x800004f0, 0x800004ec, 0x800004e8, 0x800004e4, 0x800004e0) WB[MZ 00: 0x00000000]       ExeInst: DASM(00120213)
Cyc=        379 (0x800004f4, 0x800004f0, 0x800004ec, 0x800004e8, 0x800004e4) WB[MZ 1e: 0xfffe0000]       ExeInst: DASM(00200293)
Cyc=        380 (0x800004f8, 0x800004f4, 0x800004f0, 0x800004ec, 0x800004e8) WB[MZ 04: 0x00000001]   B   ExeInst: DASM(fe5212e3)
Cyc=        381 (0x800004d4, 0x800004f8, 0x800004f4, 0x800004f0, 0x800004ec) WB[M  05: 0x00000002]       ExeInst: DASM(00004033)
Cyc=        382 (0x800004d8, 0x800004d4, 0x800004f8, 0x800004f4, 0x800004f0) WB[   05: 0xffffffe5]       ExeInst: DASM(00004033)
Cyc=        383 (0x800004dc, 0x800004d8, 0x800004d4, 0x800004f8, 0x800004f4) WB[ Z 00: 0xfffe0000]       ExeInst: DASM(800000b7)
Cyc=        384 (0x800004e0, 0x800004dc, 0x800004d8, 0x800004d4, 0x800004f8) WB[MZ 00: 0x00000000]       ExeInst: DASM(00000013)
Cyc=        385 (0x800004e4, 0x800004e0, 0x800004dc, 0x800004d8, 0x800004d4) WB[MZ 01: 0x80000000]       ExeInst: DASM(00e00113)
Cyc=        386 (0x800004e8, 0x800004e4, 0x800004e0, 0x800004dc, 0x800004d8) WB[MZ 00: 0x00000000]       ExeInst: DASM(00000013)
Cyc=        387 (0x800004ec, 0x800004e8, 0x800004e4, 0x800004e0, 0x800004dc) WB[MZ 02: 0x0000000e]       ExeInst: DASM(4020df33)
Cyc=        388 (0x800004f0, 0x800004ec, 0x800004e8, 0x800004e4, 0x800004e0) WB[MZ 00: 0x00000000]       ExeInst: DASM(00120213)
Cyc=        389 (0x800004f4, 0x800004f0, 0x800004ec, 0x800004e8, 0x800004e4) WB[MZ 1e: 0xfffe0000]       ExeInst: DASM(00200293)
Cyc=        390 (0x800004f8, 0x800004f4, 0x800004f0, 0x800004ec, 0x800004e8) WB[MZ 04: 0x00000002]       ExeInst: DASM(fe5212e3)
Cyc=        391 (0x800004fc, 0x800004f8, 0x800004f4, 0x800004f0, 0x800004ec) WB[M  05: 0x00000002]       ExeInst: DASM(fffe0eb7)
Cyc=        392 (0x80000500, 0x800004fc, 0x800004f8, 0x800004f4, 0x800004f0) WB[ Z 05: 0xffffffe6]       ExeInst: DASM(02000193)
Cyc=        393 (0x80000504, 0x80000500, 0x800004fc, 0x800004f8, 0x800004f4) WB[MZ 1d: 0xfffe0000]       ExeInst: DASM(19df1e63)
Cyc=        394 (0x80000508, 0x80000504, 0x80000500, 0x800004fc, 0x800004f8) WB[M  03: 0x00000020]       ExeInst: DASM(00000213)
Cyc=        395 (0x8000050c, 0x80000508, 0x80000504, 0x80000500, 0x800004fc) WB[ Z 1c: 0xfffe019c]       ExeInst: DASM(800000b7)
Cyc=        396 (0x80000510, 0x8000050c, 0x80000508, 0x80000504, 0x80000500) WB[MZ 04: 0x00000000]       ExeInst: DASM(00000013)
Cyc=        397 (0x80000514, 0x80000510, 0x8000050c, 0x80000508, 0x80000504) WB[MZ 01: 0x80000000]       ExeInst: DASM(00000013)
Cyc=        398 (0x80000518, 0x80000514, 0x80000510, 0x8000050c, 0x80000508) WB[MZ 00: 0x00000000]       ExeInst: DASM(01f00113)
Cyc=        399 (0x8000051c, 0x80000518, 0x80000514, 0x80000510, 0x8000050c) WB[MZ 00: 0x00000000]       ExeInst: DASM(4020df33)
Cyc=        400 (0x80000520, 0x8000051c, 0x80000518, 0x80000514, 0x80000510) WB[MZ 02: 0x0000001f]       ExeInst: DASM(00120213)
Cyc=        401 (0x80000524, 0x80000520, 0x8000051c, 0x80000518, 0x80000514) WB[MZ 1e: 0xffffffff]       ExeInst: DASM(00200293)
Cyc=        402 (0x80000528, 0x80000524, 0x80000520, 0x8000051c, 0x80000518) WB[MZ 04: 0x00000001]   B   ExeInst: DASM(fe5212e3)
Cyc=        403 (0x80000504, 0x80000528, 0x80000524, 0x80000520, 0x8000051c) WB[M  05: 0x00000002]       ExeInst: DASM(00004033)
Cyc=        404 (0x80000508, 0x80000504, 0x80000528, 0x80000524, 0x80000520) WB[   05: 0xffffffe5]       ExeInst: DASM(00004033)
Cyc=        405 (0x8000050c, 0x80000508, 0x80000504, 0x80000528, 0x80000524) WB[ Z 00: 0xffffffff]       ExeInst: DASM(800000b7)
Cyc=        406 (0x80000510, 0x8000050c, 0x80000508, 0x80000504, 0x80000528) WB[MZ 00: 0x00000000]       ExeInst: DASM(00000013)
Cyc=        407 (0x80000514, 0x80000510, 0x8000050c, 0x80000508, 0x80000504) WB[MZ 01: 0x80000000]       ExeInst: DASM(00000013)
Cyc=        408 (0x80000518, 0x80000514, 0x80000510, 0x8000050c, 0x80000508) WB[MZ 00: 0x00000000]       ExeInst: DASM(01f00113)
Cyc=        409 (0x8000051c, 0x80000518, 0x80000514, 0x80000510, 0x8000050c) WB[MZ 00: 0x00000000]       ExeInst: DASM(4020df33)
Cyc=        410 (0x80000520, 0x8000051c, 0x80000518, 0x80000514, 0x80000510) WB[MZ 02: 0x0000001f]       ExeInst: DASM(00120213)
Cyc=        411 (0x80000524, 0x80000520, 0x8000051c, 0x80000518, 0x80000514) WB[MZ 1e: 0xffffffff]       ExeInst: DASM(00200293)
Cyc=        412 (0x80000528, 0x80000524, 0x80000520, 0x8000051c, 0x80000518) WB[MZ 04: 0x00000002]       ExeInst: DASM(fe5212e3)
Cyc=        413 (0x8000052c, 0x80000528, 0x80000524, 0x80000520, 0x8000051c) WB[M  05: 0x00000002]       ExeInst: DASM(fff00e93)
Cyc=        414 (0x80000530, 0x8000052c, 0x80000528, 0x80000524, 0x80000520) WB[ Z 05: 0xffffffe6]       ExeInst: DASM(02100193)
Cyc=        415 (0x80000534, 0x80000530, 0x8000052c, 0x80000528, 0x80000524) WB[MZ 1d: 0xffffffff]       ExeInst: DASM(17df1663)
Cyc=        416 (0x80000538, 0x80000534, 0x80000530, 0x8000052c, 0x80000528) WB[M  03: 0x00000021]       ExeInst: DASM(00000213)
Cyc=        417 (0x8000053c, 0x80000538, 0x80000534, 0x80000530, 0x8000052c) WB[ Z 0c: 0x0000016b]       ExeInst: DASM(00700113)
Cyc=        418 (0x80000540, 0x8000053c, 0x80000538, 0x80000534, 0x80000530) WB[MZ 04: 0x00000000]       ExeInst: DASM(800000b7)
Cyc=        419 (0x80000544, 0x80000540, 0x8000053c, 0x80000538, 0x80000534) WB[MZ 02: 0x00000007]       ExeInst: DASM(4020df33)
Cyc=        420 (0x80000548, 0x80000544, 0x80000540, 0x8000053c, 0x80000538) WB[MZ 01: 0x80000000]       ExeInst: DASM(00120213)
Cyc=        421 (0x8000054c, 0x80000548, 0x80000544, 0x80000540, 0x8000053c) WB[MZ 1e: 0xff000000]       ExeInst: DASM(00200293)
Cyc=        422 (0x80000550, 0x8000054c, 0x80000548, 0x80000544, 0x80000540) WB[MZ 04: 0x00000001]   B   ExeInst: DASM(fe5216e3)
Cyc=        423 (0x80000534, 0x80000550, 0x8000054c, 0x80000548, 0x80000544) WB[M  05: 0x00000002]       ExeInst: DASM(00004033)
Cyc=        424 (0x80000538, 0x80000534, 0x80000550, 0x8000054c, 0x80000548) WB[   0d: 0xffffffed]       ExeInst: DASM(00004033)
Cyc=        425 (0x8000053c, 0x80000538, 0x80000534, 0x80000550, 0x8000054c) WB[ Z 00: 0xff000000]       ExeInst: DASM(00700113)
Cyc=        426 (0x80000540, 0x8000053c, 0x80000538, 0x80000534, 0x80000550) WB[MZ 00: 0x00000000]       ExeInst: DASM(800000b7)
Cyc=        427 (0x80000544, 0x80000540, 0x8000053c, 0x80000538, 0x80000534) WB[MZ 02: 0x00000007]       ExeInst: DASM(4020df33)
Cyc=        428 (0x80000548, 0x80000544, 0x80000540, 0x8000053c, 0x80000538) WB[MZ 01: 0x80000000]       ExeInst: DASM(00120213)
Cyc=        429 (0x8000054c, 0x80000548, 0x80000544, 0x80000540, 0x8000053c) WB[MZ 1e: 0xff000000]       ExeInst: DASM(00200293)
Cyc=        430 (0x80000550, 0x8000054c, 0x80000548, 0x80000544, 0x80000540) WB[MZ 04: 0x00000002]       ExeInst: DASM(fe5216e3)
Cyc=        431 (0x80000554, 0x80000550, 0x8000054c, 0x80000548, 0x80000544) WB[M  05: 0x00000002]       ExeInst: DASM(ff000eb7)
Cyc=        432 (0x80000558, 0x80000554, 0x80000550, 0x8000054c, 0x80000548) WB[ Z 0d: 0xffffffee]       ExeInst: DASM(02200193)
Cyc=        433 (0x8000055c, 0x80000558, 0x80000554, 0x80000550, 0x8000054c) WB[MZ 1d: 0xff000000]       ExeInst: DASM(15df1263)
Cyc=        434 (0x80000560, 0x8000055c, 0x80000558, 0x80000554, 0x80000550) WB[M  03: 0x00000022]       ExeInst: DASM(00000213)
Cyc=        435 (0x80000564, 0x80000560, 0x8000055c, 0x80000558, 0x80000554) WB[ Z 04: 0xff000144]       ExeInst: DASM(00e00113)
Cyc=        436 (0x80000568, 0x80000564, 0x80000560, 0x8000055c, 0x80000558) WB[MZ 04: 0x00000000]       ExeInst: DASM(800000b7)
Cyc=        437 (0x8000056c, 0x80000568, 0x80000564, 0x80000560, 0x8000055c) WB[MZ 02: 0x0000000e]       ExeInst: DASM(00000013)
Cyc=        438 (0x80000570, 0x8000056c, 0x80000568, 0x80000564, 0x80000560) WB[MZ 01: 0x80000000]       ExeInst: DASM(4020df33)
Cyc=        439 (0x80000574, 0x80000570, 0x8000056c, 0x80000568, 0x80000564) WB[MZ 00: 0x00000000]       ExeInst: DASM(00120213)
Cyc=        440 (0x80000578, 0x80000574, 0x80000570, 0x8000056c, 0x80000568) WB[MZ 1e: 0xfffe0000]       ExeInst: DASM(00200293)
Cyc=        441 (0x8000057c, 0x80000578, 0x80000574, 0x80000570, 0x8000056c) WB[MZ 04: 0x00000001]   B   ExeInst: DASM(fe5214e3)
Cyc=        442 (0x8000055c, 0x8000057c, 0x80000578, 0x80000574, 0x80000570) WB[M  05: 0x00000002]       ExeInst: DASM(00004033)
Cyc=        443 (0x80000560, 0x8000055c, 0x8000057c, 0x80000578, 0x80000574) WB[   09: 0xffffffe9]       ExeInst: DASM(00004033)
Cyc=        444 (0x80000564, 0x80000560, 0x8000055c, 0x8000057c, 0x80000578) WB[ Z 00: 0xfffe0000]       ExeInst: DASM(00e00113)
Cyc=        445 (0x80000568, 0x80000564, 0x80000560, 0x8000055c, 0x8000057c) WB[MZ 00: 0x00000000]       ExeInst: DASM(800000b7)
Cyc=        446 (0x8000056c, 0x80000568, 0x80000564, 0x80000560, 0x8000055c) WB[MZ 02: 0x0000000e]       ExeInst: DASM(00000013)
Cyc=        447 (0x80000570, 0x8000056c, 0x80000568, 0x80000564, 0x80000560) WB[MZ 01: 0x80000000]       ExeInst: DASM(4020df33)
Cyc=        448 (0x80000574, 0x80000570, 0x8000056c, 0x80000568, 0x80000564) WB[MZ 00: 0x00000000]       ExeInst: DASM(00120213)
Cyc=        449 (0x80000578, 0x80000574, 0x80000570, 0x8000056c, 0x80000568) WB[MZ 1e: 0xfffe0000]       ExeInst: DASM(00200293)
Cyc=        450 (0x8000057c, 0x80000578, 0x80000574, 0x80000570, 0x8000056c) WB[MZ 04: 0x00000002]       ExeInst: DASM(fe5214e3)
Cyc=        451 (0x80000580, 0x8000057c, 0x80000578, 0x80000574, 0x80000570) WB[M  05: 0x00000002]       ExeInst: DASM(fffe0eb7)
Cyc=        452 (0x80000584, 0x80000580, 0x8000057c, 0x80000578, 0x80000574) WB[ Z 09: 0xffffffea]       ExeInst: DASM(02300193)
Cyc=        453 (0x80000588, 0x80000584, 0x80000580, 0x8000057c, 0x80000578) WB[MZ 1d: 0xfffe0000]       ExeInst: DASM(11df1c63)
Cyc=        454 (0x8000058c, 0x80000588, 0x80000584, 0x80000580, 0x8000057c) WB[M  03: 0x00000023]       ExeInst: DASM(00000213)
Cyc=        455 (0x80000590, 0x8000058c, 0x80000588, 0x80000584, 0x80000580) WB[ Z 18: 0xfffe0118]       ExeInst: DASM(01f00113)
Cyc=        456 (0x80000594, 0x80000590, 0x8000058c, 0x80000588, 0x80000584) WB[MZ 04: 0x00000000]       ExeInst: DASM(800000b7)
Cyc=        457 (0x80000598, 0x80000594, 0x80000590, 0x8000058c, 0x80000588) WB[MZ 02: 0x0000001f]       ExeInst: DASM(00000013)
Cyc=        458 (0x8000059c, 0x80000598, 0x80000594, 0x80000590, 0x8000058c) WB[MZ 01: 0x80000000]       ExeInst: DASM(00000013)
Cyc=        459 (0x800005a0, 0x8000059c, 0x80000598, 0x80000594, 0x80000590) WB[MZ 00: 0x00000000]       ExeInst: DASM(4020df33)
Cyc=        460 (0x800005a4, 0x800005a0, 0x8000059c, 0x80000598, 0x80000594) WB[MZ 00: 0x00000000]       ExeInst: DASM(00120213)
Cyc=        461 (0x800005a8, 0x800005a4, 0x800005a0, 0x8000059c, 0x80000598) WB[MZ 1e: 0xffffffff]       ExeInst: DASM(00200293)
Cyc=        462 (0x800005ac, 0x800005a8, 0x800005a4, 0x800005a0, 0x8000059c) WB[MZ 04: 0x00000001]   B   ExeInst: DASM(fe5212e3)
Cyc=        463 (0x80000588, 0x800005ac, 0x800005a8, 0x800005a4, 0x800005a0) WB[M  05: 0x00000002]       ExeInst: DASM(00004033)
Cyc=        464 (0x8000058c, 0x80000588, 0x800005ac, 0x800005a8, 0x800005a4) WB[   05: 0xffffffe5]       ExeInst: DASM(00004033)
Cyc=        465 (0x80000590, 0x8000058c, 0x80000588, 0x800005ac, 0x800005a8) WB[ Z 00: 0xffffffff]       ExeInst: DASM(01f00113)
Cyc=        466 (0x80000594, 0x80000590, 0x8000058c, 0x80000588, 0x800005ac) WB[MZ 00: 0x00000000]       ExeInst: DASM(800000b7)
Cyc=        467 (0x80000598, 0x80000594, 0x80000590, 0x8000058c, 0x80000588) WB[MZ 02: 0x0000001f]       ExeInst: DASM(00000013)
Cyc=        468 (0x8000059c, 0x80000598, 0x80000594, 0x80000590, 0x8000058c) WB[MZ 01: 0x80000000]       ExeInst: DASM(00000013)
Cyc=        469 (0x800005a0, 0x8000059c, 0x80000598, 0x80000594, 0x80000590) WB[MZ 00: 0x00000000]       ExeInst: DASM(4020df33)
Cyc=        470 (0x800005a4, 0x800005a0, 0x8000059c, 0x80000598, 0x80000594) WB[MZ 00: 0x00000000]       ExeInst: DASM(00120213)
Cyc=        471 (0x800005a8, 0x800005a4, 0x800005a0, 0x8000059c, 0x80000598) WB[MZ 1e: 0xffffffff]       ExeInst: DASM(00200293)
Cyc=        472 (0x800005ac, 0x800005a8, 0x800005a4, 0x800005a0, 0x8000059c) WB[MZ 04: 0x00000002]       ExeInst: DASM(fe5212e3)
Cyc=        473 (0x800005b0, 0x800005ac, 0x800005a8, 0x800005a4, 0x800005a0) WB[M  05: 0x00000002]       ExeInst: DASM(fff00e93)
Cyc=        474 (0x800005b4, 0x800005b0, 0x800005ac, 0x800005a8, 0x800005a4) WB[ Z 05: 0xffffffe6]       ExeInst: DASM(02400193)
Cyc=        475 (0x800005b8, 0x800005b4, 0x800005b0, 0x800005ac, 0x800005a8) WB[MZ 1d: 0xffffffff]       ExeInst: DASM(0fdf1463)
Cyc=        476 (0x800005bc, 0x800005b8, 0x800005b4, 0x800005b0, 0x800005ac) WB[M  03: 0x00000024]       ExeInst: DASM(00000213)
Cyc=        477 (0x800005c0, 0x800005bc, 0x800005b8, 0x800005b4, 0x800005b0) WB[ Z 08: 0x000000e7]       ExeInst: DASM(00700113)
Cyc=        478 (0x800005c4, 0x800005c0, 0x800005bc, 0x800005b8, 0x800005b4) WB[MZ 04: 0x00000000]       ExeInst: DASM(00000013)
Cyc=        479 (0x800005c8, 0x800005c4, 0x800005c0, 0x800005bc, 0x800005b8) WB[MZ 02: 0x00000007]       ExeInst: DASM(800000b7)
Cyc=        480 (0x800005cc, 0x800005c8, 0x800005c4, 0x800005c0, 0x800005bc) WB[MZ 00: 0x00000000]       ExeInst: DASM(4020df33)
Cyc=        481 (0x800005d0, 0x800005cc, 0x800005c8, 0x800005c4, 0x800005c0) WB[MZ 01: 0x80000000]       ExeInst: DASM(00120213)
Cyc=        482 (0x800005d4, 0x800005d0, 0x800005cc, 0x800005c8, 0x800005c4) WB[MZ 1e: 0xff000000]       ExeInst: DASM(00200293)
Cyc=        483 (0x800005d8, 0x800005d4, 0x800005d0, 0x800005cc, 0x800005c8) WB[MZ 04: 0x00000001]   B   ExeInst: DASM(fe5214e3)
Cyc=        484 (0x800005b8, 0x800005d8, 0x800005d4, 0x800005d0, 0x800005cc) WB[M  05: 0x00000002]       ExeInst: DASM(00004033)
Cyc=        485 (0x800005bc, 0x800005b8, 0x800005d8, 0x800005d4, 0x800005d0) WB[   09: 0xffffffe9]       ExeInst: DASM(00004033)
Cyc=        486 (0x800005c0, 0x800005bc, 0x800005b8, 0x800005d8, 0x800005d4) WB[ Z 00: 0xff000000]       ExeInst: DASM(00700113)
Cyc=        487 (0x800005c4, 0x800005c0, 0x800005bc, 0x800005b8, 0x800005d8) WB[MZ 00: 0x00000000]       ExeInst: DASM(00000013)
Cyc=        488 (0x800005c8, 0x800005c4, 0x800005c0, 0x800005bc, 0x800005b8) WB[MZ 02: 0x00000007]       ExeInst: DASM(800000b7)
Cyc=        489 (0x800005cc, 0x800005c8, 0x800005c4, 0x800005c0, 0x800005bc) WB[MZ 00: 0x00000000]       ExeInst: DASM(4020df33)
Cyc=        490 (0x800005d0, 0x800005cc, 0x800005c8, 0x800005c4, 0x800005c0) WB[MZ 01: 0x80000000]       ExeInst: DASM(00120213)
Cyc=        491 (0x800005d4, 0x800005d0, 0x800005cc, 0x800005c8, 0x800005c4) WB[MZ 1e: 0xff000000]       ExeInst: DASM(00200293)
Cyc=        492 (0x800005d8, 0x800005d4, 0x800005d0, 0x800005cc, 0x800005c8) WB[MZ 04: 0x00000002]       ExeInst: DASM(fe5214e3)
Cyc=        493 (0x800005dc, 0x800005d8, 0x800005d4, 0x800005d0, 0x800005cc) WB[M  05: 0x00000002]       ExeInst: DASM(ff000eb7)
Cyc=        494 (0x800005e0, 0x800005dc, 0x800005d8, 0x800005d4, 0x800005d0) WB[ Z 09: 0xffffffea]       ExeInst: DASM(02500193)
Cyc=        495 (0x800005e4, 0x800005e0, 0x800005dc, 0x800005d8, 0x800005d4) WB[MZ 1d: 0xff000000]       ExeInst: DASM(0bdf1e63)
Cyc=        496 (0x800005e8, 0x800005e4, 0x800005e0, 0x800005dc, 0x800005d8) WB[M  03: 0x00000025]       ExeInst: DASM(00000213)
Cyc=        497 (0x800005ec, 0x800005e8, 0x800005e4, 0x800005e0, 0x800005dc) WB[ Z 1c: 0xff0000bc]       ExeInst: DASM(00e00113)
Cyc=        498 (0x800005f0, 0x800005ec, 0x800005e8, 0x800005e4, 0x800005e0) WB[MZ 04: 0x00000000]       ExeInst: DASM(00000013)
Cyc=        499 (0x800005f4, 0x800005f0, 0x800005ec, 0x800005e8, 0x800005e4) WB[MZ 02: 0x0000000e]       ExeInst: DASM(800000b7)
Cyc=        500 (0x800005f8, 0x800005f4, 0x800005f0, 0x800005ec, 0x800005e8) WB[MZ 00: 0x00000000]       ExeInst: DASM(00000013)
Cyc=        501 (0x800005fc, 0x800005f8, 0x800005f4, 0x800005f0, 0x800005ec) WB[MZ 01: 0x80000000]       ExeInst: DASM(4020df33)
Cyc=        502 (0x80000600, 0x800005fc, 0x800005f8, 0x800005f4, 0x800005f0) WB[MZ 00: 0x00000000]       ExeInst: DASM(00120213)
Cyc=        503 (0x80000604, 0x80000600, 0x800005fc, 0x800005f8, 0x800005f4) WB[MZ 1e: 0xfffe0000]       ExeInst: DASM(00200293)
Cyc=        504 (0x80000608, 0x80000604, 0x80000600, 0x800005fc, 0x800005f8) WB[MZ 04: 0x00000001]   B   ExeInst: DASM(fe5212e3)
Cyc=        505 (0x800005e4, 0x80000608, 0x80000604, 0x80000600, 0x800005fc) WB[M  05: 0x00000002]       ExeInst: DASM(00004033)
Cyc=        506 (0x800005e8, 0x800005e4, 0x80000608, 0x80000604, 0x80000600) WB[   05: 0xffffffe5]       ExeInst: DASM(00004033)
Cyc=        507 (0x800005ec, 0x800005e8, 0x800005e4, 0x80000608, 0x80000604) WB[ Z 00: 0xfffe0000]       ExeInst: DASM(00e00113)
Cyc=        508 (0x800005f0, 0x800005ec, 0x800005e8, 0x800005e4, 0x80000608) WB[MZ 00: 0x00000000]       ExeInst: DASM(00000013)
Cyc=        509 (0x800005f4, 0x800005f0, 0x800005ec, 0x800005e8, 0x800005e4) WB[MZ 02: 0x0000000e]       ExeInst: DASM(800000b7)
Cyc=        510 (0x800005f8, 0x800005f4, 0x800005f0, 0x800005ec, 0x800005e8) WB[MZ 00: 0x00000000]       ExeInst: DASM(00000013)
Cyc=        511 (0x800005fc, 0x800005f8, 0x800005f4, 0x800005f0, 0x800005ec) WB[MZ 01: 0x80000000]       ExeInst: DASM(4020df33)
Cyc=        512 (0x80000600, 0x800005fc, 0x800005f8, 0x800005f4, 0x800005f0) WB[MZ 00: 0x00000000]       ExeInst: DASM(00120213)
Cyc=        513 (0x80000604, 0x80000600, 0x800005fc, 0x800005f8, 0x800005f4) WB[MZ 1e: 0xfffe0000]       ExeInst: DASM(00200293)
Cyc=        514 (0x80000608, 0x80000604, 0x80000600, 0x800005fc, 0x800005f8) WB[MZ 04: 0x00000002]       ExeInst: DASM(fe5212e3)
Cyc=        515 (0x8000060c, 0x80000608, 0x80000604, 0x80000600, 0x800005fc) WB[M  05: 0x00000002]       ExeInst: DASM(fffe0eb7)
Cyc=        516 (0x80000610, 0x8000060c, 0x80000608, 0x80000604, 0x80000600) WB[ Z 05: 0xffffffe6]       ExeInst: DASM(02600193)
Cyc=        517 (0x80000614, 0x80000610, 0x8000060c, 0x80000608, 0x80000604) WB[MZ 1d: 0xfffe0000]       ExeInst: DASM(09df1663)
Cyc=        518 (0x80000618, 0x80000614, 0x80000610, 0x8000060c, 0x80000608) WB[M  03: 0x00000026]       ExeInst: DASM(00000213)
Cyc=        519 (0x8000061c, 0x80000618, 0x80000614, 0x80000610, 0x8000060c) WB[ Z 0c: 0xfffe008c]       ExeInst: DASM(01f00113)
Cyc=        520 (0x80000620, 0x8000061c, 0x80000618, 0x80000614, 0x80000610) WB[MZ 04: 0x00000000]       ExeInst: DASM(00000013)
Cyc=        521 (0x80000624, 0x80000620, 0x8000061c, 0x80000618, 0x80000614) WB[MZ 02: 0x0000001f]       ExeInst: DASM(00000013)
Cyc=        522 (0x80000628, 0x80000624, 0x80000620, 0x8000061c, 0x80000618) WB[MZ 00: 0x00000000]       ExeInst: DASM(800000b7)
Cyc=        523 (0x8000062c, 0x80000628, 0x80000624, 0x80000620, 0x8000061c) WB[MZ 00: 0x00000000]       ExeInst: DASM(4020df33)
Cyc=        524 (0x80000630, 0x8000062c, 0x80000628, 0x80000624, 0x80000620) WB[MZ 01: 0x80000000]       ExeInst: DASM(00120213)
Cyc=        525 (0x80000634, 0x80000630, 0x8000062c, 0x80000628, 0x80000624) WB[MZ 1e: 0xffffffff]       ExeInst: DASM(00200293)
Cyc=        526 (0x80000638, 0x80000634, 0x80000630, 0x8000062c, 0x80000628) WB[MZ 04: 0x00000001]   B   ExeInst: DASM(fe5212e3)
Cyc=        527 (0x80000614, 0x80000638, 0x80000634, 0x80000630, 0x8000062c) WB[M  05: 0x00000002]       ExeInst: DASM(00004033)
Cyc=        528 (0x80000618, 0x80000614, 0x80000638, 0x80000634, 0x80000630) WB[   05: 0xffffffe5]       ExeInst: DASM(00004033)
Cyc=        529 (0x8000061c, 0x80000618, 0x80000614, 0x80000638, 0x80000634) WB[ Z 00: 0xffffffff]       ExeInst: DASM(01f00113)
Cyc=        530 (0x80000620, 0x8000061c, 0x80000618, 0x80000614, 0x80000638) WB[MZ 00: 0x00000000]       ExeInst: DASM(00000013)
Cyc=        531 (0x80000624, 0x80000620, 0x8000061c, 0x80000618, 0x80000614) WB[MZ 02: 0x0000001f]       ExeInst: DASM(00000013)
Cyc=        532 (0x80000628, 0x80000624, 0x80000620, 0x8000061c, 0x80000618) WB[MZ 00: 0x00000000]       ExeInst: DASM(800000b7)
Cyc=        533 (0x8000062c, 0x80000628, 0x80000624, 0x80000620, 0x8000061c) WB[MZ 00: 0x00000000]       ExeInst: DASM(4020df33)
Cyc=        534 (0x80000630, 0x8000062c, 0x80000628, 0x80000624, 0x80000620) WB[MZ 01: 0x80000000]       ExeInst: DASM(00120213)
Cyc=        535 (0x80000634, 0x80000630, 0x8000062c, 0x80000628, 0x80000624) WB[MZ 1e: 0xffffffff]       ExeInst: DASM(00200293)
Cyc=        536 (0x80000638, 0x80000634, 0x80000630, 0x8000062c, 0x80000628) WB[MZ 04: 0x00000002]       ExeInst: DASM(fe5212e3)
Cyc=        537 (0x8000063c, 0x80000638, 0x80000634, 0x80000630, 0x8000062c) WB[M  05: 0x00000002]       ExeInst: DASM(fff00e93)
Cyc=        538 (0x80000640, 0x8000063c, 0x80000638, 0x80000634, 0x80000630) WB[ Z 05: 0xffffffe6]       ExeInst: DASM(02700193)
Cyc=        539 (0x80000644, 0x80000640, 0x8000063c, 0x80000638, 0x80000634) WB[MZ 1d: 0xffffffff]       ExeInst: DASM(05df1e63)
Cyc=        540 (0x80000648, 0x80000644, 0x80000640, 0x8000063c, 0x80000638) WB[M  03: 0x00000027]       ExeInst: DASM(00f00093)
Cyc=        541 (0x8000064c, 0x80000648, 0x80000644, 0x80000640, 0x8000063c) WB[ Z 1c: 0x0000005b]       ExeInst: DASM(40105133)
Cyc=        542 (0x80000650, 0x8000064c, 0x80000648, 0x80000644, 0x80000640) WB[MZ 01: 0x0000000f]       ExeInst: DASM(00000e93)
Cyc=        543 (0x80000654, 0x80000650, 0x8000064c, 0x80000648, 0x80000644) WB[MZ 02: 0x00000000]       ExeInst: DASM(02800193)
Cyc=        544 (0x80000658, 0x80000654, 0x80000650, 0x8000064c, 0x80000648) WB[MZ 1d: 0x00000000]       ExeInst: DASM(05d11463)
Cyc=        545 (0x8000065c, 0x80000658, 0x80000654, 0x80000650, 0x8000064c) WB[M  03: 0x00000028]       ExeInst: DASM(02000093)
Cyc=        546 (0x80000660, 0x8000065c, 0x80000658, 0x80000654, 0x80000650) WB[ Z 08: 0x00000048]       ExeInst: DASM(4000d133)
Cyc=        547 (0x80000664, 0x80000660, 0x8000065c, 0x80000658, 0x80000654) WB[MZ 01: 0x00000020]       ExeInst: DASM(02000e93)
Cyc=        548 (0x80000668, 0x80000664, 0x80000660, 0x8000065c, 0x80000658) WB[MZ 02: 0x00000020]       ExeInst: DASM(02900193)
Cyc=        549 (0x8000066c, 0x80000668, 0x80000664, 0x80000660, 0x8000065c) WB[MZ 1d: 0x00000020]       ExeInst: DASM(03d11a63)
Cyc=        550 (0x80000670, 0x8000066c, 0x80000668, 0x80000664, 0x80000660) WB[M  03: 0x00000029]       ExeInst: DASM(400050b3)
Cyc=        551 (0x80000674, 0x80000670, 0x8000066c, 0x80000668, 0x80000664) WB[ Z 14: 0x00000054]       ExeInst: DASM(00000e93)
Cyc=        552 (0x80000678, 0x80000674, 0x80000670, 0x8000066c, 0x80000668) WB[MZ 01: 0x00000000]       ExeInst: DASM(02a00193)
Cyc=        553 (0x8000067c, 0x80000678, 0x80000674, 0x80000670, 0x8000066c) WB[MZ 1d: 0x00000000]       ExeInst: DASM(03d09263)
Cyc=        554 (0x80000680, 0x8000067c, 0x80000678, 0x80000674, 0x80000670) WB[M  03: 0x0000002a]       ExeInst: DASM(40000093)
Cyc=        555 (0x80000684, 0x80000680, 0x8000067c, 0x80000678, 0x80000674) WB[ Z 04: 0x00000024]       ExeInst: DASM(00001137)
Cyc=        556 (0x80000688, 0x80000684, 0x80000680, 0x8000067c, 0x80000678) WB[MZ 01: 0x00000400]       ExeInst: DASM(80010113)
Cyc=        557 (0x8000068c, 0x80000688, 0x80000684, 0x80000680, 0x8000067c) WB[MZ 02: 0x00001000]       ExeInst: DASM(4020d033)
Cyc=        558 (0x80000690, 0x8000068c, 0x80000688, 0x80000684, 0x80000680) WB[MZ 02: 0x00000800]       ExeInst: DASM(00000e93)
Cyc=        559 (0x80000694, 0x80000690, 0x8000068c, 0x80000688, 0x80000684) WB[MZ 00: 0x00000400]       ExeInst: DASM(02b00193)
Cyc=        560 (0x80000698, 0x80000694, 0x80000690, 0x8000068c, 0x80000688) WB[MZ 1d: 0x00000000]       ExeInst: DASM(01d01463)
Cyc=        561 (0x8000069c, 0x80000698, 0x80000694, 0x80000690, 0x8000068c) WB[M  03: 0x0000002b]   B   ExeInst: DASM(00301c63)
Cyc=        562 (0x800006ac, 0x8000069c, 0x80000698, 0x80000694, 0x80000690) WB[   08: 0x00000008]       ExeInst: DASM(00004033)
Cyc=        563 (0x800006b0, 0x800006ac, 0x8000069c, 0x80000698, 0x80000694) WB[   18: 0x00000018]       ExeInst: DASM(00004033)
Cyc=        564 (0x800006b4, 0x800006b0, 0x800006ac, 0x8000069c, 0x80000698) WB[ Z 00: 0x00000000]       ExeInst: DASM(0ff0000f)
Cyc=        565 (0x800006b8, 0x800006b4, 0x800006b0, 0x800006ac, 0x8000069c) WB[M  00: 0x00000000]       ExeInst: DASM(00100193)
Cyc=        566 (0x800006bc, 0x800006b8, 0x800006b4, 0x800006b0, 0x800006ac) WB[ Z 00: 0x00000000]       ExeInst: DASM(00000073)
Cyc=        567 (0x800006c0, 0x800006bc, 0x800006b8, 0x800006b4, 0x800006b0) WB[M  03: 0x00000001] S E   ExeInst: DASM(00004033)
Cyc=        568 (0x80000004, 0x800006bc, 0x800006b8, 0x800006b8, 0x800006b4) WB[   00: 0x00000000]       ExeInst: DASM(00004033)
Cyc=        569 (0x80000008, 0x80000004, 0x800006bc, 0x800006b8, 0x800006b8) WB[   00: 0x00000000]       ExeInst: DASM(00004033)
Cyc=        570 (0x8000000c, 0x80000008, 0x80000004, 0x800006bc, 0x800006b8) WB[ Z 00: 0x00000000] S     ExeInst: DASM(34202f73)
Cyc=        571 (0x8000000c, 0x80000008, 0x80000004, 0x80000004, 0x800006bc) WB[MZ 00: 0x00000000]       ExeInst: DASM(00004033)
Cyc=        572 (0x80000010, 0x8000000c, 0x80000008, 0x80000004, 0x80000004) WB[M  1e: 0x0000000b]       ExeInst: DASM(00800f93)
Cyc=        573 (0x80000014, 0x80000010, 0x8000000c, 0x80000008, 0x80000004) WB[ Z 00: 0x00000000]       ExeInst: DASM(03ff0a63)
Cyc=        574 (0x80000018, 0x80000014, 0x80000010, 0x8000000c, 0x80000008) WB[M  1f: 0x00000008]       ExeInst: DASM(00900f93)
Cyc=        575 (0x8000001c, 0x80000018, 0x80000014, 0x80000010, 0x8000000c) WB[ Z 14: 0x0000003f]       ExeInst: DASM(03ff0663)
Cyc=        576 (0x80000020, 0x8000001c, 0x80000018, 0x80000014, 0x80000010) WB[M  1f: 0x00000009]       ExeInst: DASM(00b00f93)
Cyc=        577 (0x80000024, 0x80000020, 0x8000001c, 0x80000018, 0x80000014) WB[ Z 0c: 0x00000037]   B   ExeInst: DASM(03ff0263)
Cyc=        578 (0x80000040, 0x80000024, 0x80000020, 0x8000001c, 0x80000018) WB[M  1f: 0x0000000b]       ExeInst: DASM(00004033)
Cyc=        579 (0x80000044, 0x80000040, 0x80000024, 0x80000020, 0x8000001c) WB[   04: 0x0000002f]       ExeInst: DASM(00004033)
Cyc=        580 (0x80000048, 0x80000044, 0x80000040, 0x80000024, 0x80000020) WB[ Z 00: 0x00000020]       ExeInst: DASM(00001f17)
Cyc=        581 (0x8000004c, 0x80000048, 0x80000044, 0x80000040, 0x80000024) WB[MZ 00: 0x00000000]       ExeInst: DASM(fc3f2023)
Cyc=        582 (0x80000050, 0x8000004c, 0x80000048, 0x80000044, 0x80000040) WB[M  1e: 0x80001040]   B   ExeInst: DASM(ff9ff06f)
Cyc=        583 (0x80000040, 0x80000050, 0x8000004c, 0x80000048, 0x80000044) WB[ Z 00: 0x80001000]       ExeInst: DASM(00004033)
Cyc=        584 (0x80000044, 0x80000040, 0x80000050, 0x8000004c, 0x80000048) WB[M  00: 0x8000004c]       ExeInst: DASM(00004033)
Cyc=        585 (0x80000048, 0x80000044, 0x80000040, 0x80000050, 0x8000004c) WB[ Z 00: 0x00000000]       ExeInst: DASM(00001f17)
Cyc=        586 (0x8000004c, 0x80000048, 0x80000044, 0x80000040, 0x80000050) WB[MZ 00: 0x00000000]       ExeInst: DASM(fc3f2023)
Cyc=        587 (0x80000050, 0x8000004c, 0x80000048, 0x80000044, 0x80000040) WB[M  1e: 0x80001040]   B   ExeInst: DASM(ff9ff06f)
Cyc=        588 (0x80000040, 0x80000050, 0x8000004c, 0x80000048, 0x80000044) WB[ Z 00: 0x80001000]       ExeInst: DASM(00004033)
Cyc=        589 (0x80000044, 0x80000040, 0x80000050, 0x8000004c, 0x80000048) WB[M  00: 0x8000004c]       ExeInst: DASM(00004033)
Cyc=        590 (0x80000048, 0x80000044, 0x80000040, 0x80000050, 0x8000004c) WB[ Z 00: 0x00000000]       ExeInst: DASM(00001f17)
Cyc=        591 (0x8000004c, 0x80000048, 0x80000044, 0x80000040, 0x80000050) WB[MZ 00: 0x00000000]       ExeInst: DASM(fc3f2023)
Cyc=        592 (0x80000050, 0x8000004c, 0x80000048, 0x80000044, 0x80000040) WB[M  1e: 0x80001040]   B   ExeInst: DASM(ff9ff06f)
Cyc=        593 (0x80000040, 0x80000050, 0x8000004c, 0x80000048, 0x80000044) WB[ Z 00: 0x80001000]       ExeInst: DASM(00004033)
Cyc=        594 (0x80000044, 0x80000040, 0x80000050, 0x8000004c, 0x80000048) WB[M  00: 0x8000004c]       ExeInst: DASM(00004033)
Cyc=        595 (0x80000048, 0x80000044, 0x80000040, 0x80000050, 0x8000004c) WB[ Z 00: 0x00000000]       ExeInst: DASM(00001f17)
Cyc=        596 (0x8000004c, 0x80000048, 0x80000044, 0x80000040, 0x80000050) WB[MZ 00: 0x00000000]       ExeInst: DASM(fc3f2023)
Cyc=        597 (0x80000050, 0x8000004c, 0x80000048, 0x80000044, 0x80000040) WB[M  1e: 0x80001040]   B   ExeInst: DASM(ff9ff06f)
Cyc=        598 (0x80000040, 0x80000050, 0x8000004c, 0x80000048, 0x80000044) WB[ Z 00: 0x80001000]       ExeInst: DASM(00004033)
Cyc=        599 (0x80000044, 0x80000040, 0x80000050, 0x8000004c, 0x80000048) WB[M  00: 0x8000004c]       ExeInst: DASM(00004033)
Cyc=        600 (0x80000048, 0x80000044, 0x80000040, 0x80000050, 0x8000004c) WB[ Z 00: 0x00000000]       ExeInst: DASM(00001f17)
Cyc=        601 (0x8000004c, 0x80000048, 0x80000044, 0x80000040, 0x80000050) WB[MZ 00: 0x00000000]       ExeInst: DASM(fc3f2023)
Cyc=        602 (0x80000050, 0x8000004c, 0x80000048, 0x80000044, 0x80000040) WB[M  1e: 0x80001040]   B   ExeInst: DASM(ff9ff06f)
Cyc=        603 (0x80000040, 0x80000050, 0x8000004c, 0x80000048, 0x80000044) WB[ Z 00: 0x80001000]       ExeInst: DASM(00004033)
*** PASSED ***
