Instantiated DTM.
Cyc=          0 (0x80000000, 0x00000000, 0x00000000, 0x00000000, 0x00000000) WB[   00: 0x00000000]       ExeInst: DASM(00004033)
Cyc=          1 (0x80000004, 0x80000000, 0x00000000, 0x00000000, 0x00000000) WB[   00: 0x00000000]       ExeInst: DASM(00004033)
Cyc=          2 (0x80000008, 0x80000004, 0x80000000, 0x00000000, 0x00000000) WB[ Z 00: 0x00000000]   B   ExeInst: DASM(04c0006f)
Cyc=          3 (0x8000004c, 0x80000008, 0x80000004, 0x80000000, 0x00000000) WB[MZ 00: 0x00000000]       ExeInst: DASM(00004033)
Cyc=          4 (0x80000050, 0x8000004c, 0x80000008, 0x80000004, 0x80000000) WB[M  00: 0x80000004]       ExeInst: DASM(00004033)
Cyc=          5 (0x80000054, 0x80000050, 0x8000004c, 0x80000008, 0x80000004) WB[ Z 00: 0x00000000] S     ExeInst: DASM(f1402573)
Cyc=          6 (0x80000054, 0x80000050, 0x8000004c, 0x8000004c, 0x80000008) WB[MZ 00: 0x00000000]       ExeInst: DASM(00004033)
Cyc=          7 (0x80000058, 0x80000054, 0x80000050, 0x8000004c, 0x8000004c) WB[M  0a: 0x00000000]       ExeInst: DASM(00051063)
Cyc=          8 (0x8000005c, 0x80000058, 0x80000054, 0x80000050, 0x8000004c) WB[   00: 0x00000000]       ExeInst: DASM(00000297)
Cyc=          9 (0x80000060, 0x8000005c, 0x80000058, 0x80000054, 0x80000050) WB[ Z 00: 0x00000000]       ExeInst: DASM(01028293)
Cyc=         10 (0x80000064, 0x80000060, 0x8000005c, 0x80000058, 0x80000054) WB[MZ 05: 0x80000054] S     ExeInst: DASM(30529073)
Cyc=         11 (0x80000064, 0x80000060, 0x8000005c, 0x8000005c, 0x80000058) WB[MZ 05: 0x80000064]       ExeInst: DASM(00004033)
Cyc=         12 (0x80000068, 0x80000064, 0x80000060, 0x8000005c, 0x8000005c) WB[M  00: 0x00000100] S     ExeInst: DASM(18005073)
Cyc=         13 (0x80000068, 0x80000064, 0x80000060, 0x80000060, 0x8000005c) WB[ Z 00: 0x00000000]       ExeInst: DASM(00004033)
Cyc=         14 (0x8000006c, 0x80000068, 0x80000064, 0x80000060, 0x80000060) WB[M  00: 0x00000000]       ExeInst: DASM(00000297)
Cyc=         15 (0x80000070, 0x8000006c, 0x80000068, 0x80000064, 0x80000060) WB[ Z 00: 0x00000000]       ExeInst: DASM(01c28293)
Cyc=         16 (0x80000074, 0x80000070, 0x8000006c, 0x80000068, 0x80000064) WB[MZ 05: 0x80000064] S     ExeInst: DASM(30529073)
Cyc=         17 (0x80000074, 0x80000070, 0x8000006c, 0x8000006c, 0x80000068) WB[MZ 05: 0x80000080]       ExeInst: DASM(00004033)
Cyc=         18 (0x80000078, 0x80000074, 0x80000070, 0x8000006c, 0x8000006c) WB[M  00: 0x00000100]       ExeInst: DASM(fff00293)
Cyc=         19 (0x8000007c, 0x80000078, 0x80000074, 0x80000070, 0x8000006c) WB[ Z 00: 0x00000000] S     ExeInst: DASM(3b029073)
Cyc=         20 (0x8000007c, 0x80000078, 0x80000074, 0x80000074, 0x80000070) WB[MZ 05: 0xffffffff]       ExeInst: DASM(00004033)
Cyc=         21 (0x80000080, 0x8000007c, 0x80000078, 0x80000074, 0x80000074) WB[M  00: 0x00000000]       ExeInst: DASM(01f00293)
Cyc=         22 (0x80000084, 0x80000080, 0x8000007c, 0x80000078, 0x80000074) WB[ Z 00: 0x00000000] S     ExeInst: DASM(3a029073)
Cyc=         23 (0x80000084, 0x80000080, 0x8000007c, 0x8000007c, 0x80000078) WB[MZ 05: 0x0000001f]       ExeInst: DASM(00004033)
Cyc=         24 (0x80000088, 0x80000084, 0x80000080, 0x8000007c, 0x8000007c) WB[M  00: 0x00000000]       ExeInst: DASM(00000297)
Cyc=         25 (0x8000008c, 0x80000088, 0x80000084, 0x80000080, 0x8000007c) WB[ Z 00: 0x00000000]       ExeInst: DASM(01828293)
Cyc=         26 (0x80000090, 0x8000008c, 0x80000088, 0x80000084, 0x80000080) WB[MZ 05: 0x80000080] S     ExeInst: DASM(30529073)
Cyc=         27 (0x80000090, 0x8000008c, 0x80000088, 0x80000088, 0x80000084) WB[MZ 05: 0x80000098]       ExeInst: DASM(00004033)
Cyc=         28 (0x80000094, 0x80000090, 0x8000008c, 0x80000088, 0x80000088) WB[M  00: 0x00000100] S     ExeInst: DASM(30205073)
Cyc=         29 (0x80000094, 0x80000090, 0x8000008c, 0x8000008c, 0x80000088) WB[ Z 00: 0x00000000]       ExeInst: DASM(00004033)
Cyc=         30 (0x80000098, 0x80000094, 0x80000090, 0x8000008c, 0x8000008c) WB[M  00: 0x00000000] S     ExeInst: DASM(30305073)
Cyc=         31 (0x80000098, 0x80000094, 0x80000090, 0x80000090, 0x8000008c) WB[ Z 00: 0x00000000]       ExeInst: DASM(00004033)
Cyc=         32 (0x8000009c, 0x80000098, 0x80000094, 0x80000090, 0x80000090) WB[M  00: 0x00000000] S     ExeInst: DASM(30405073)
Cyc=         33 (0x8000009c, 0x80000098, 0x80000094, 0x80000094, 0x80000090) WB[ Z 00: 0x00000000]       ExeInst: DASM(00004033)
Cyc=         34 (0x800000a0, 0x8000009c, 0x80000098, 0x80000094, 0x80000094) WB[M  00: 0x00000000]       ExeInst: DASM(00000193)
Cyc=         35 (0x800000a4, 0x800000a0, 0x8000009c, 0x80000098, 0x80000094) WB[ Z 00: 0x00000000]       ExeInst: DASM(00000297)
Cyc=         36 (0x800000a8, 0x800000a4, 0x800000a0, 0x8000009c, 0x80000098) WB[MZ 03: 0x00000000]       ExeInst: DASM(f6828293)
Cyc=         37 (0x800000ac, 0x800000a8, 0x800000a4, 0x800000a0, 0x8000009c) WB[MZ 05: 0x8000009c] S     ExeInst: DASM(30529073)
Cyc=         38 (0x800000ac, 0x800000a8, 0x800000a4, 0x800000a4, 0x800000a0) WB[MZ 05: 0x80000004]       ExeInst: DASM(00004033)
Cyc=         39 (0x800000b0, 0x800000ac, 0x800000a8, 0x800000a4, 0x800000a4) WB[M  00: 0x00000100]       ExeInst: DASM(00100513)
Cyc=         40 (0x800000b4, 0x800000b0, 0x800000ac, 0x800000a8, 0x800000a4) WB[ Z 00: 0x00000000]       ExeInst: DASM(01f51513)
Cyc=         41 (0x800000b8, 0x800000b4, 0x800000b0, 0x800000ac, 0x800000a8) WB[MZ 0a: 0x00000001]   B   ExeInst: DASM(00054863)
Cyc=         42 (0x800000c0, 0x800000b8, 0x800000b4, 0x800000b0, 0x800000ac) WB[M  0a: 0x80000000]       ExeInst: DASM(00004033)
Cyc=         43 (0x800000c4, 0x800000c0, 0x800000b8, 0x800000b4, 0x800000b0) WB[   10: 0x80000010]       ExeInst: DASM(00004033)
Cyc=         44 (0x800000c8, 0x800000c4, 0x800000c0, 0x800000b8, 0x800000b4) WB[ Z 00: 0x00000000]       ExeInst: DASM(80000297)
Cyc=         45 (0x800000cc, 0x800000c8, 0x800000c4, 0x800000c0, 0x800000b8) WB[MZ 00: 0x00000000]       ExeInst: DASM(f4028293)
Cyc=         46 (0x800000d0, 0x800000cc, 0x800000c8, 0x800000c4, 0x800000c0) WB[MZ 05: 0x000000c0]   B   ExeInst: DASM(00028e63)
Cyc=         47 (0x800000e4, 0x800000d0, 0x800000cc, 0x800000c8, 0x800000c4) WB[M  05: 0x00000000]       ExeInst: DASM(00004033)
Cyc=         48 (0x800000e8, 0x800000e4, 0x800000d0, 0x800000cc, 0x800000c8) WB[   1c: 0x0000001c]       ExeInst: DASM(00004033)
Cyc=         49 (0x800000ec, 0x800000e8, 0x800000e4, 0x800000d0, 0x800000cc) WB[ Z 00: 0x00000000] S     ExeInst: DASM(30005073)
Cyc=         50 (0x800000ec, 0x800000e8, 0x800000e4, 0x800000e4, 0x800000d0) WB[MZ 00: 0x00000000]       ExeInst: DASM(00004033)
Cyc=         51 (0x800000f0, 0x800000ec, 0x800000e8, 0x800000e4, 0x800000e4) WB[M  00: 0x00001800]       ExeInst: DASM(00000297)
Cyc=         52 (0x800000f4, 0x800000f0, 0x800000ec, 0x800000e8, 0x800000e4) WB[ Z 00: 0x00000000]       ExeInst: DASM(01428293)
Cyc=         53 (0x800000f8, 0x800000f4, 0x800000f0, 0x800000ec, 0x800000e8) WB[MZ 05: 0x800000e8] S     ExeInst: DASM(34129073)
Cyc=         54 (0x800000f8, 0x800000f4, 0x800000f0, 0x800000f0, 0x800000ec) WB[MZ 05: 0x800000fc]       ExeInst: DASM(00004033)
Cyc=         55 (0x800000fc, 0x800000f8, 0x800000f4, 0x800000f0, 0x800000f0) WB[M  00: 0x00000000] S     ExeInst: DASM(f1402573)
Cyc=         56 (0x800000fc, 0x800000f8, 0x800000f4, 0x800000f4, 0x800000f0) WB[ Z 00: 0x00000000]       ExeInst: DASM(00004033)
Cyc=         57 (0x80000100, 0x800000fc, 0x800000f8, 0x800000f4, 0x800000f4) WB[M  0a: 0x00000000]       ExeInst: DASM(30200073)
Cyc=         58 (0x80000104, 0x80000100, 0x800000fc, 0x800000f8, 0x800000f4) WB[   00: 0x00000000]   E   ExeInst: DASM(00004033)
Cyc=         59 (0x800000fc, 0x80000100, 0x800000fc, 0x800000fc, 0x800000f8) WB[   00: 0x00000000]       ExeInst: DASM(00004033)
Cyc=         60 (0x80000100, 0x800000fc, 0x80000100, 0x800000fc, 0x800000fc) WB[   00: 0x00000000]       ExeInst: DASM(00004033)
Cyc=         61 (0x80000104, 0x80000100, 0x800000fc, 0x80000100, 0x800000fc) WB[ Z 00: 0x800020fc]       ExeInst: DASM(00002097)
Cyc=         62 (0x80000108, 0x80000104, 0x80000100, 0x800000fc, 0x80000100) WB[MZ 00: 0x00000000]       ExeInst: DASM(f0408093)
Cyc=         63 (0x8000010c, 0x80000108, 0x80000104, 0x80000100, 0x800000fc) WB[MZ 01: 0x800020fc]       ExeInst: DASM(faa00113)
Cyc=         64 (0x80000110, 0x8000010c, 0x80000108, 0x80000104, 0x80000100) WB[MZ 01: 0x80002000]       ExeInst: DASM(00208023)
Cyc=         65 (0x80000114, 0x80000110, 0x8000010c, 0x80000108, 0x80000104) WB[M  02: 0xffffffaa]       ExeInst: DASM(00008f03)
Cyc=         66 (0x80000118, 0x80000114, 0x80000110, 0x8000010c, 0x80000108) WB[ Z 00: 0x80002000]       ExeInst: DASM(faa00e93)
Cyc=         67 (0x8000011c, 0x80000118, 0x80000114, 0x80000110, 0x8000010c) WB[MZ 1e: 0xffffffaa]       ExeInst: DASM(00200193)
Cyc=         68 (0x80000120, 0x8000011c, 0x80000118, 0x80000114, 0x80000110) WB[MZ 1d: 0xffffffaa]       ExeInst: DASM(3ddf1c63)
Cyc=         69 (0x80000124, 0x80000120, 0x8000011c, 0x80000118, 0x80000114) WB[M  03: 0x00000002]       ExeInst: DASM(00002097)
Cyc=         70 (0x80000128, 0x80000124, 0x80000120, 0x8000011c, 0x80000118) WB[ Z 18: 0x00000382]       ExeInst: DASM(ee408093)
Cyc=         71 (0x8000012c, 0x80000128, 0x80000124, 0x80000120, 0x8000011c) WB[MZ 01: 0x8000211c]       ExeInst: DASM(00000113)
Cyc=         72 (0x80000130, 0x8000012c, 0x80000128, 0x80000124, 0x80000120) WB[MZ 01: 0x80002000]       ExeInst: DASM(002080a3)
Cyc=         73 (0x80000134, 0x80000130, 0x8000012c, 0x80000128, 0x80000124) WB[M  02: 0x00000000]       ExeInst: DASM(00108f03)
Cyc=         74 (0x80000138, 0x80000134, 0x80000130, 0x8000012c, 0x80000128) WB[ Z 01: 0x80002001]       ExeInst: DASM(00000e93)
Cyc=         75 (0x8000013c, 0x80000138, 0x80000134, 0x80000130, 0x8000012c) WB[MZ 1e: 0x00000000]       ExeInst: DASM(00300193)
Cyc=         76 (0x80000140, 0x8000013c, 0x80000138, 0x80000134, 0x80000130) WB[MZ 1d: 0x00000000]       ExeInst: DASM(3bdf1c63)
Cyc=         77 (0x80000144, 0x80000140, 0x8000013c, 0x80000138, 0x80000134) WB[M  03: 0x00000003]       ExeInst: DASM(00002097)
Cyc=         78 (0x80000148, 0x80000144, 0x80000140, 0x8000013c, 0x80000138) WB[ Z 18: 0x000003b8]       ExeInst: DASM(ec408093)
Cyc=         79 (0x8000014c, 0x80000148, 0x80000144, 0x80000140, 0x8000013c) WB[MZ 01: 0x8000213c]       ExeInst: DASM(fffff137)
Cyc=         80 (0x80000150, 0x8000014c, 0x80000148, 0x80000144, 0x80000140) WB[MZ 01: 0x80002000]       ExeInst: DASM(fa010113)
Cyc=         81 (0x80000154, 0x80000150, 0x8000014c, 0x80000148, 0x80000144) WB[MZ 02: 0xfffff000]       ExeInst: DASM(00208123)
Cyc=         82 (0x80000158, 0x80000154, 0x80000150, 0x8000014c, 0x80000148) WB[M  02: 0xffffefa0]       ExeInst: DASM(00209f03)
Cyc=         83 (0x8000015c, 0x80000158, 0x80000154, 0x80000150, 0x8000014c) WB[ Z 02: 0x80002002]       ExeInst: DASM(fffffeb7)
Cyc=         84 (0x80000160, 0x8000015c, 0x80000158, 0x80000154, 0x80000150) WB[MZ 1e: 0xffffefa0]       ExeInst: DASM(fa0e8e93)
Cyc=         85 (0x80000164, 0x80000160, 0x8000015c, 0x80000158, 0x80000154) WB[MZ 1d: 0xfffff000]       ExeInst: DASM(00400193)
Cyc=         86 (0x80000168, 0x80000164, 0x80000160, 0x8000015c, 0x80000158) WB[MZ 1d: 0xffffefa0]       ExeInst: DASM(39df1863)
Cyc=         87 (0x8000016c, 0x80000168, 0x80000164, 0x80000160, 0x8000015c) WB[M  03: 0x00000004]       ExeInst: DASM(00002097)
Cyc=         88 (0x80000170, 0x8000016c, 0x80000168, 0x80000164, 0x80000160) WB[ Z 10: 0xfffff330]       ExeInst: DASM(e9c08093)
Cyc=         89 (0x80000174, 0x80000170, 0x8000016c, 0x80000168, 0x80000164) WB[MZ 01: 0x80002164]       ExeInst: DASM(00a00113)
Cyc=         90 (0x80000178, 0x80000174, 0x80000170, 0x8000016c, 0x80000168) WB[MZ 01: 0x80002000]       ExeInst: DASM(002081a3)
Cyc=         91 (0x8000017c, 0x80000178, 0x80000174, 0x80000170, 0x8000016c) WB[M  02: 0x0000000a]       ExeInst: DASM(00308f03)
Cyc=         92 (0x80000180, 0x8000017c, 0x80000178, 0x80000174, 0x80000170) WB[ Z 03: 0x80002003]       ExeInst: DASM(00a00e93)
Cyc=         93 (0x80000184, 0x80000180, 0x8000017c, 0x80000178, 0x80000174) WB[MZ 1e: 0x0000000a]       ExeInst: DASM(00500193)
Cyc=         94 (0x80000188, 0x80000184, 0x80000180, 0x8000017c, 0x80000178) WB[MZ 1d: 0x0000000a]       ExeInst: DASM(37df1863)
Cyc=         95 (0x8000018c, 0x80000188, 0x80000184, 0x80000180, 0x8000017c) WB[M  03: 0x00000005]       ExeInst: DASM(00002097)
Cyc=         96 (0x80000190, 0x8000018c, 0x80000188, 0x80000184, 0x80000180) WB[ Z 10: 0x0000037a]       ExeInst: DASM(e8308093)
Cyc=         97 (0x80000194, 0x80000190, 0x8000018c, 0x80000188, 0x80000184) WB[MZ 01: 0x80002184]       ExeInst: DASM(faa00113)
Cyc=         98 (0x80000198, 0x80000194, 0x80000190, 0x8000018c, 0x80000188) WB[MZ 01: 0x80002007]       ExeInst: DASM(fe208ea3)
Cyc=         99 (0x8000019c, 0x80000198, 0x80000194, 0x80000190, 0x8000018c) WB[M  02: 0xffffffaa]       ExeInst: DASM(ffd08f03)
Cyc=        100 (0x800001a0, 0x8000019c, 0x80000198, 0x80000194, 0x80000190) WB[ Z 1d: 0x80002004]       ExeInst: DASM(faa00e93)
Cyc=        101 (0x800001a4, 0x800001a0, 0x8000019c, 0x80000198, 0x80000194) WB[MZ 1e: 0xffffffaa]       ExeInst: DASM(00600193)
Cyc=        102 (0x800001a8, 0x800001a4, 0x800001a0, 0x8000019c, 0x80000198) WB[MZ 1d: 0xffffffaa]       ExeInst: DASM(35df1863)
Cyc=        103 (0x800001ac, 0x800001a8, 0x800001a4, 0x800001a0, 0x8000019c) WB[M  03: 0x00000006]       ExeInst: DASM(00002097)
Cyc=        104 (0x800001b0, 0x800001ac, 0x800001a8, 0x800001a4, 0x800001a0) WB[ Z 10: 0x000002fa]       ExeInst: DASM(e6308093)
Cyc=        105 (0x800001b4, 0x800001b0, 0x800001ac, 0x800001a8, 0x800001a4) WB[MZ 01: 0x800021a4]       ExeInst: DASM(00000113)
Cyc=        106 (0x800001b8, 0x800001b4, 0x800001b0, 0x800001ac, 0x800001a8) WB[MZ 01: 0x80002007]       ExeInst: DASM(fe208f23)
Cyc=        107 (0x800001bc, 0x800001b8, 0x800001b4, 0x800001b0, 0x800001ac) WB[M  02: 0x00000000]       ExeInst: DASM(ffe08f03)
Cyc=        108 (0x800001c0, 0x800001bc, 0x800001b8, 0x800001b4, 0x800001b0) WB[ Z 1e: 0x80002005]       ExeInst: DASM(00000e93)
Cyc=        109 (0x800001c4, 0x800001c0, 0x800001bc, 0x800001b8, 0x800001b4) WB[MZ 1e: 0x00000000]       ExeInst: DASM(00700193)
Cyc=        110 (0x800001c8, 0x800001c4, 0x800001c0, 0x800001bc, 0x800001b8) WB[MZ 1d: 0x00000000]       ExeInst: DASM(33df1863)
Cyc=        111 (0x800001cc, 0x800001c8, 0x800001c4, 0x800001c0, 0x800001bc) WB[M  03: 0x00000007]       ExeInst: DASM(00002097)
Cyc=        112 (0x800001d0, 0x800001cc, 0x800001c8, 0x800001c4, 0x800001c0) WB[ Z 10: 0x00000330]       ExeInst: DASM(e4308093)
Cyc=        113 (0x800001d4, 0x800001d0, 0x800001cc, 0x800001c8, 0x800001c4) WB[MZ 01: 0x800021c4]       ExeInst: DASM(fa000113)
Cyc=        114 (0x800001d8, 0x800001d4, 0x800001d0, 0x800001cc, 0x800001c8) WB[MZ 01: 0x80002007]       ExeInst: DASM(fe208fa3)
Cyc=        115 (0x800001dc, 0x800001d8, 0x800001d4, 0x800001d0, 0x800001cc) WB[M  02: 0xffffffa0]       ExeInst: DASM(fff08f03)
Cyc=        116 (0x800001e0, 0x800001dc, 0x800001d8, 0x800001d4, 0x800001d0) WB[ Z 1f: 0x80002006]       ExeInst: DASM(fa000e93)
Cyc=        117 (0x800001e4, 0x800001e0, 0x800001dc, 0x800001d8, 0x800001d4) WB[MZ 1e: 0xffffffa0]       ExeInst: DASM(00800193)
Cyc=        118 (0x800001e8, 0x800001e4, 0x800001e0, 0x800001dc, 0x800001d8) WB[MZ 1d: 0xffffffa0]       ExeInst: DASM(31df1863)
Cyc=        119 (0x800001ec, 0x800001e8, 0x800001e4, 0x800001e0, 0x800001dc) WB[M  03: 0x00000008]       ExeInst: DASM(00002097)
Cyc=        120 (0x800001f0, 0x800001ec, 0x800001e8, 0x800001e4, 0x800001e0) WB[ Z 10: 0x000002b0]       ExeInst: DASM(e2308093)
Cyc=        121 (0x800001f4, 0x800001f0, 0x800001ec, 0x800001e8, 0x800001e4) WB[MZ 01: 0x800021e4]       ExeInst: DASM(00a00113)
Cyc=        122 (0x800001f8, 0x800001f4, 0x800001f0, 0x800001ec, 0x800001e8) WB[MZ 01: 0x80002007]       ExeInst: DASM(00208023)
Cyc=        123 (0x800001fc, 0x800001f8, 0x800001f4, 0x800001f0, 0x800001ec) WB[M  02: 0x0000000a]       ExeInst: DASM(00008f03)
Cyc=        124 (0x80000200, 0x800001fc, 0x800001f8, 0x800001f4, 0x800001f0) WB[ Z 00: 0x80002007]       ExeInst: DASM(00a00e93)
Cyc=        125 (0x80000204, 0x80000200, 0x800001fc, 0x800001f8, 0x800001f4) WB[MZ 1e: 0x0000000a]       ExeInst: DASM(00900193)
Cyc=        126 (0x80000208, 0x80000204, 0x80000200, 0x800001fc, 0x800001f8) WB[MZ 1d: 0x0000000a]       ExeInst: DASM(2fdf1863)
Cyc=        127 (0x8000020c, 0x80000208, 0x80000204, 0x80000200, 0x800001fc) WB[M  03: 0x00000009]       ExeInst: DASM(00002097)
Cyc=        128 (0x80000210, 0x8000020c, 0x80000208, 0x80000204, 0x80000200) WB[ Z 10: 0x000002fa]       ExeInst: DASM(e0408093)
Cyc=        129 (0x80000214, 0x80000210, 0x8000020c, 0x80000208, 0x80000204) WB[MZ 01: 0x80002204]       ExeInst: DASM(12345137)
Cyc=        130 (0x80000218, 0x80000214, 0x80000210, 0x8000020c, 0x80000208) WB[MZ 01: 0x80002008]       ExeInst: DASM(67810113)
Cyc=        131 (0x8000021c, 0x80000218, 0x80000214, 0x80000210, 0x8000020c) WB[MZ 02: 0x12345000]       ExeInst: DASM(fe008213)
Cyc=        132 (0x80000220, 0x8000021c, 0x80000218, 0x80000214, 0x80000210) WB[MZ 02: 0x12345678]       ExeInst: DASM(02220023)
Cyc=        133 (0x80000224, 0x80000220, 0x8000021c, 0x80000218, 0x80000214) WB[M  04: 0x80001fe8]       ExeInst: DASM(00008283)
Cyc=        134 (0x80000228, 0x80000224, 0x80000220, 0x8000021c, 0x80000218) WB[ Z 00: 0x80002008]       ExeInst: DASM(07800e93)
Cyc=        135 (0x8000022c, 0x80000228, 0x80000224, 0x80000220, 0x8000021c) WB[MZ 05: 0x00000078]       ExeInst: DASM(00a00193)
Cyc=        136 (0x80000230, 0x8000022c, 0x80000228, 0x80000224, 0x80000220) WB[MZ 1d: 0x00000078]       ExeInst: DASM(2dd29463)
Cyc=        137 (0x80000234, 0x80000230, 0x8000022c, 0x80000228, 0x80000224) WB[M  03: 0x0000000a]       ExeInst: DASM(00002097)
Cyc=        138 (0x80000238, 0x80000234, 0x80000230, 0x8000022c, 0x80000228) WB[ Z 08: 0x00000340]       ExeInst: DASM(ddc08093)
Cyc=        139 (0x8000023c, 0x80000238, 0x80000234, 0x80000230, 0x8000022c) WB[MZ 01: 0x8000222c]       ExeInst: DASM(00003137)
Cyc=        140 (0x80000240, 0x8000023c, 0x80000238, 0x80000234, 0x80000230) WB[MZ 01: 0x80002008]       ExeInst: DASM(09810113)
Cyc=        141 (0x80000244, 0x80000240, 0x8000023c, 0x80000238, 0x80000234) WB[MZ 02: 0x00003000]       ExeInst: DASM(ffa08093)
Cyc=        142 (0x80000248, 0x80000244, 0x80000240, 0x8000023c, 0x80000238) WB[MZ 02: 0x00003098]       ExeInst: DASM(002083a3)
Cyc=        143 (0x8000024c, 0x80000248, 0x80000244, 0x80000240, 0x8000023c) WB[M  01: 0x80002002]       ExeInst: DASM(00002217)
Cyc=        144 (0x80000250, 0x8000024c, 0x80000248, 0x80000244, 0x80000240) WB[ Z 07: 0x80002009]       ExeInst: DASM(dc520213)
Cyc=        145 (0x80000254, 0x80000250, 0x8000024c, 0x80000248, 0x80000244) WB[MZ 04: 0x80002244]       ExeInst: DASM(00020283)
Cyc=        146 (0x80000258, 0x80000254, 0x80000250, 0x8000024c, 0x80000248) WB[MZ 04: 0x80002009]       ExeInst: DASM(f9800e93)
Cyc=        147 (0x8000025c, 0x80000258, 0x80000254, 0x80000250, 0x8000024c) WB[MZ 05: 0xffffff98]       ExeInst: DASM(00b00193)
Cyc=        148 (0x80000260, 0x8000025c, 0x80000258, 0x80000254, 0x80000250) WB[MZ 1d: 0xffffff98]       ExeInst: DASM(29d29c63)
Cyc=        149 (0x80000264, 0x80000260, 0x8000025c, 0x80000258, 0x80000254) WB[M  03: 0x0000000b]       ExeInst: DASM(00c00193)
Cyc=        150 (0x80000268, 0x80000264, 0x80000260, 0x8000025c, 0x80000258) WB[ Z 18: 0x00000230]       ExeInst: DASM(00000213)
Cyc=        151 (0x8000026c, 0x80000268, 0x80000264, 0x80000260, 0x8000025c) WB[MZ 03: 0x0000000c]       ExeInst: DASM(fdd00093)
Cyc=        152 (0x80000270, 0x8000026c, 0x80000268, 0x80000264, 0x80000260) WB[MZ 04: 0x00000000]       ExeInst: DASM(00002117)
Cyc=        153 (0x80000274, 0x80000270, 0x8000026c, 0x80000268, 0x80000264) WB[MZ 01: 0xffffffdd]       ExeInst: DASM(d9810113)
Cyc=        154 (0x80000278, 0x80000274, 0x80000270, 0x8000026c, 0x80000268) WB[MZ 02: 0x80002268]       ExeInst: DASM(00110023)
Cyc=        155 (0x8000027c, 0x80000278, 0x80000274, 0x80000270, 0x8000026c) WB[M  02: 0x80002000]       ExeInst: DASM(00010f03)
Cyc=        156 (0x80000280, 0x8000027c, 0x80000278, 0x80000274, 0x80000270) WB[ Z 00: 0x80002000]       ExeInst: DASM(fdd00e93)
Cyc=        157 (0x80000284, 0x80000280, 0x8000027c, 0x80000278, 0x80000274) WB[MZ 1e: 0xffffffdd]       ExeInst: DASM(27df1a63)
Cyc=        158 (0x80000288, 0x80000284, 0x80000280, 0x8000027c, 0x80000278) WB[M  1d: 0xffffffdd]       ExeInst: DASM(00120213)
Cyc=        159 (0x8000028c, 0x80000288, 0x80000284, 0x80000280, 0x8000027c) WB[ Z 14: 0x00000251]       ExeInst: DASM(00200293)
Cyc=        160 (0x80000290, 0x8000028c, 0x80000288, 0x80000284, 0x80000280) WB[MZ 04: 0x00000001]   B   ExeInst: DASM(fc521ee3)
Cyc=        161 (0x80000264, 0x80000290, 0x8000028c, 0x80000288, 0x80000284) WB[M  05: 0x00000002]       ExeInst: DASM(00004033)
Cyc=        162 (0x80000268, 0x80000264, 0x80000290, 0x8000028c, 0x80000288) WB[   1d: 0xffffffdd]       ExeInst: DASM(00004033)
Cyc=        163 (0x8000026c, 0x80000268, 0x80000264, 0x80000290, 0x8000028c) WB[ Z 00: 0x0000000d]       ExeInst: DASM(fdd00093)
Cyc=        164 (0x80000270, 0x8000026c, 0x80000268, 0x80000264, 0x80000290) WB[MZ 00: 0x00000000]       ExeInst: DASM(00002117)
Cyc=        165 (0x80000274, 0x80000270, 0x8000026c, 0x80000268, 0x80000264) WB[MZ 01: 0xffffffdd]       ExeInst: DASM(d9810113)
Cyc=        166 (0x80000278, 0x80000274, 0x80000270, 0x8000026c, 0x80000268) WB[MZ 02: 0x80002268]       ExeInst: DASM(00110023)
Cyc=        167 (0x8000027c, 0x80000278, 0x80000274, 0x80000270, 0x8000026c) WB[M  02: 0x80002000]       ExeInst: DASM(00010f03)
Cyc=        168 (0x80000280, 0x8000027c, 0x80000278, 0x80000274, 0x80000270) WB[ Z 00: 0x80002000]       ExeInst: DASM(fdd00e93)
Cyc=        169 (0x80000284, 0x80000280, 0x8000027c, 0x80000278, 0x80000274) WB[MZ 1e: 0xffffffdd]       ExeInst: DASM(27df1a63)
Cyc=        170 (0x80000288, 0x80000284, 0x80000280, 0x8000027c, 0x80000278) WB[M  1d: 0xffffffdd]       ExeInst: DASM(00120213)
Cyc=        171 (0x8000028c, 0x80000288, 0x80000284, 0x80000280, 0x8000027c) WB[ Z 14: 0x00000251]       ExeInst: DASM(00200293)
Cyc=        172 (0x80000290, 0x8000028c, 0x80000288, 0x80000284, 0x80000280) WB[MZ 04: 0x00000002]       ExeInst: DASM(fc521ee3)
Cyc=        173 (0x80000294, 0x80000290, 0x8000028c, 0x80000288, 0x80000284) WB[M  05: 0x00000002]       ExeInst: DASM(00d00193)
Cyc=        174 (0x80000298, 0x80000294, 0x80000290, 0x8000028c, 0x80000288) WB[ Z 1d: 0xffffffde]       ExeInst: DASM(00000213)
Cyc=        175 (0x8000029c, 0x80000298, 0x80000294, 0x80000290, 0x8000028c) WB[MZ 03: 0x0000000d]       ExeInst: DASM(fcd00093)
Cyc=        176 (0x800002a0, 0x8000029c, 0x80000298, 0x80000294, 0x80000290) WB[MZ 04: 0x00000000]       ExeInst: DASM(00002117)
Cyc=        177 (0x800002a4, 0x800002a0, 0x8000029c, 0x80000298, 0x80000294) WB[MZ 01: 0xffffffcd]       ExeInst: DASM(d6810113)
Cyc=        178 (0x800002a8, 0x800002a4, 0x800002a0, 0x8000029c, 0x80000298) WB[MZ 02: 0x80002298]       ExeInst: DASM(00000013)
Cyc=        179 (0x800002ac, 0x800002a8, 0x800002a4, 0x800002a0, 0x8000029c) WB[MZ 02: 0x80002000]       ExeInst: DASM(001100a3)
Cyc=        180 (0x800002b0, 0x800002ac, 0x800002a8, 0x800002a4, 0x800002a0) WB[M  00: 0x00000000]       ExeInst: DASM(00110f03)
Cyc=        181 (0x800002b4, 0x800002b0, 0x800002ac, 0x800002a8, 0x800002a4) WB[ Z 01: 0x80002001]       ExeInst: DASM(fcd00e93)
Cyc=        182 (0x800002b8, 0x800002b4, 0x800002b0, 0x800002ac, 0x800002a8) WB[MZ 1e: 0xffffffcd]       ExeInst: DASM(25df1063)
Cyc=        183 (0x800002bc, 0x800002b8, 0x800002b4, 0x800002b0, 0x800002ac) WB[M  1d: 0xffffffcd]       ExeInst: DASM(00120213)
Cyc=        184 (0x800002c0, 0x800002bc, 0x800002b8, 0x800002b4, 0x800002b0) WB[ Z 00: 0x0000020d]       ExeInst: DASM(00200293)
Cyc=        185 (0x800002c4, 0x800002c0, 0x800002bc, 0x800002b8, 0x800002b4) WB[MZ 04: 0x00000001]   B   ExeInst: DASM(fc521ce3)
Cyc=        186 (0x80000294, 0x800002c4, 0x800002c0, 0x800002bc, 0x800002b8) WB[M  05: 0x00000002]       ExeInst: DASM(00004033)
Cyc=        187 (0x80000298, 0x80000294, 0x800002c4, 0x800002c0, 0x800002bc) WB[   19: 0xffffffd9]       ExeInst: DASM(00004033)
Cyc=        188 (0x8000029c, 0x80000298, 0x80000294, 0x800002c4, 0x800002c0) WB[ Z 00: 0x0000000e]       ExeInst: DASM(fcd00093)
Cyc=        189 (0x800002a0, 0x8000029c, 0x80000298, 0x80000294, 0x800002c4) WB[MZ 00: 0x00000000]       ExeInst: DASM(00002117)
Cyc=        190 (0x800002a4, 0x800002a0, 0x8000029c, 0x80000298, 0x80000294) WB[MZ 01: 0xffffffcd]       ExeInst: DASM(d6810113)
Cyc=        191 (0x800002a8, 0x800002a4, 0x800002a0, 0x8000029c, 0x80000298) WB[MZ 02: 0x80002298]       ExeInst: DASM(00000013)
Cyc=        192 (0x800002ac, 0x800002a8, 0x800002a4, 0x800002a0, 0x8000029c) WB[MZ 02: 0x80002000]       ExeInst: DASM(001100a3)
Cyc=        193 (0x800002b0, 0x800002ac, 0x800002a8, 0x800002a4, 0x800002a0) WB[M  00: 0x00000000]       ExeInst: DASM(00110f03)
Cyc=        194 (0x800002b4, 0x800002b0, 0x800002ac, 0x800002a8, 0x800002a4) WB[ Z 01: 0x80002001]       ExeInst: DASM(fcd00e93)
Cyc=        195 (0x800002b8, 0x800002b4, 0x800002b0, 0x800002ac, 0x800002a8) WB[MZ 1e: 0xffffffcd]       ExeInst: DASM(25df1063)
Cyc=        196 (0x800002bc, 0x800002b8, 0x800002b4, 0x800002b0, 0x800002ac) WB[M  1d: 0xffffffcd]       ExeInst: DASM(00120213)
Cyc=        197 (0x800002c0, 0x800002bc, 0x800002b8, 0x800002b4, 0x800002b0) WB[ Z 00: 0x0000020d]       ExeInst: DASM(00200293)
Cyc=        198 (0x800002c4, 0x800002c0, 0x800002bc, 0x800002b8, 0x800002b4) WB[MZ 04: 0x00000002]       ExeInst: DASM(fc521ce3)
Cyc=        199 (0x800002c8, 0x800002c4, 0x800002c0, 0x800002bc, 0x800002b8) WB[M  05: 0x00000002]       ExeInst: DASM(00e00193)
Cyc=        200 (0x800002cc, 0x800002c8, 0x800002c4, 0x800002c0, 0x800002bc) WB[ Z 19: 0xffffffda]       ExeInst: DASM(00000213)
Cyc=        201 (0x800002d0, 0x800002cc, 0x800002c8, 0x800002c4, 0x800002c0) WB[MZ 03: 0x0000000e]       ExeInst: DASM(fcc00093)
Cyc=        202 (0x800002d4, 0x800002d0, 0x800002cc, 0x800002c8, 0x800002c4) WB[MZ 04: 0x00000000]       ExeInst: DASM(00002117)
Cyc=        203 (0x800002d8, 0x800002d4, 0x800002d0, 0x800002cc, 0x800002c8) WB[MZ 01: 0xffffffcc]       ExeInst: DASM(d3410113)
Cyc=        204 (0x800002dc, 0x800002d8, 0x800002d4, 0x800002d0, 0x800002cc) WB[MZ 02: 0x800022cc]       ExeInst: DASM(00000013)
Cyc=        205 (0x800002e0, 0x800002dc, 0x800002d8, 0x800002d4, 0x800002d0) WB[MZ 02: 0x80002000]       ExeInst: DASM(00000013)
Cyc=        206 (0x800002e4, 0x800002e0, 0x800002dc, 0x800002d8, 0x800002d4) WB[MZ 00: 0x00000000]       ExeInst: DASM(00110123)
Cyc=        207 (0x800002e8, 0x800002e4, 0x800002e0, 0x800002dc, 0x800002d8) WB[M  00: 0x00000000]       ExeInst: DASM(00210f03)
Cyc=        208 (0x800002ec, 0x800002e8, 0x800002e4, 0x800002e0, 0x800002dc) WB[ Z 02: 0x80002002]       ExeInst: DASM(fcc00e93)
Cyc=        209 (0x800002f0, 0x800002ec, 0x800002e8, 0x800002e4, 0x800002e0) WB[MZ 1e: 0xffffffcc]       ExeInst: DASM(21df1463)
Cyc=        210 (0x800002f4, 0x800002f0, 0x800002ec, 0x800002e8, 0x800002e4) WB[M  1d: 0xffffffcc]       ExeInst: DASM(00120213)
Cyc=        211 (0x800002f8, 0x800002f4, 0x800002f0, 0x800002ec, 0x800002e8) WB[ Z 08: 0x000001d4]       ExeInst: DASM(00200293)
Cyc=        212 (0x800002fc, 0x800002f8, 0x800002f4, 0x800002f0, 0x800002ec) WB[MZ 04: 0x00000001]   B   ExeInst: DASM(fc521ae3)
Cyc=        213 (0x800002c8, 0x800002fc, 0x800002f8, 0x800002f4, 0x800002f0) WB[M  05: 0x00000002]       ExeInst: DASM(00004033)
Cyc=        214 (0x800002cc, 0x800002c8, 0x800002fc, 0x800002f8, 0x800002f4) WB[   15: 0xffffffd5]       ExeInst: DASM(00004033)
Cyc=        215 (0x800002d0, 0x800002cc, 0x800002c8, 0x800002fc, 0x800002f8) WB[ Z 00: 0x0000000f]       ExeInst: DASM(fcc00093)
Cyc=        216 (0x800002d4, 0x800002d0, 0x800002cc, 0x800002c8, 0x800002fc) WB[MZ 00: 0x00000000]       ExeInst: DASM(00002117)
Cyc=        217 (0x800002d8, 0x800002d4, 0x800002d0, 0x800002cc, 0x800002c8) WB[MZ 01: 0xffffffcc]       ExeInst: DASM(d3410113)
Cyc=        218 (0x800002dc, 0x800002d8, 0x800002d4, 0x800002d0, 0x800002cc) WB[MZ 02: 0x800022cc]       ExeInst: DASM(00000013)
Cyc=        219 (0x800002e0, 0x800002dc, 0x800002d8, 0x800002d4, 0x800002d0) WB[MZ 02: 0x80002000]       ExeInst: DASM(00000013)
Cyc=        220 (0x800002e4, 0x800002e0, 0x800002dc, 0x800002d8, 0x800002d4) WB[MZ 00: 0x00000000]       ExeInst: DASM(00110123)
Cyc=        221 (0x800002e8, 0x800002e4, 0x800002e0, 0x800002dc, 0x800002d8) WB[M  00: 0x00000000]       ExeInst: DASM(00210f03)
Cyc=        222 (0x800002ec, 0x800002e8, 0x800002e4, 0x800002e0, 0x800002dc) WB[ Z 02: 0x80002002]       ExeInst: DASM(fcc00e93)
Cyc=        223 (0x800002f0, 0x800002ec, 0x800002e8, 0x800002e4, 0x800002e0) WB[MZ 1e: 0xffffffcc]       ExeInst: DASM(21df1463)
Cyc=        224 (0x800002f4, 0x800002f0, 0x800002ec, 0x800002e8, 0x800002e4) WB[M  1d: 0xffffffcc]       ExeInst: DASM(00120213)
Cyc=        225 (0x800002f8, 0x800002f4, 0x800002f0, 0x800002ec, 0x800002e8) WB[ Z 08: 0x000001d4]       ExeInst: DASM(00200293)
Cyc=        226 (0x800002fc, 0x800002f8, 0x800002f4, 0x800002f0, 0x800002ec) WB[MZ 04: 0x00000002]       ExeInst: DASM(fc521ae3)
Cyc=        227 (0x80000300, 0x800002fc, 0x800002f8, 0x800002f4, 0x800002f0) WB[M  05: 0x00000002]       ExeInst: DASM(00f00193)
Cyc=        228 (0x80000304, 0x80000300, 0x800002fc, 0x800002f8, 0x800002f4) WB[ Z 15: 0xffffffd6]       ExeInst: DASM(00000213)
Cyc=        229 (0x80000308, 0x80000304, 0x80000300, 0x800002fc, 0x800002f8) WB[MZ 03: 0x0000000f]       ExeInst: DASM(fbc00093)
Cyc=        230 (0x8000030c, 0x80000308, 0x80000304, 0x80000300, 0x800002fc) WB[MZ 04: 0x00000000]       ExeInst: DASM(00000013)
Cyc=        231 (0x80000310, 0x8000030c, 0x80000308, 0x80000304, 0x80000300) WB[MZ 01: 0xffffffbc]       ExeInst: DASM(00002117)
Cyc=        232 (0x80000314, 0x80000310, 0x8000030c, 0x80000308, 0x80000304) WB[MZ 00: 0x00000000]       ExeInst: DASM(cf810113)
Cyc=        233 (0x80000318, 0x80000314, 0x80000310, 0x8000030c, 0x80000308) WB[MZ 02: 0x80002308]       ExeInst: DASM(001101a3)
Cyc=        234 (0x8000031c, 0x80000318, 0x80000314, 0x80000310, 0x8000030c) WB[M  02: 0x80002000]       ExeInst: DASM(00310f03)
Cyc=        235 (0x80000320, 0x8000031c, 0x80000318, 0x80000314, 0x80000310) WB[ Z 03: 0x80002003]       ExeInst: DASM(fbc00e93)
Cyc=        236 (0x80000324, 0x80000320, 0x8000031c, 0x80000318, 0x80000314) WB[MZ 1e: 0xffffffbc]       ExeInst: DASM(1ddf1a63)
Cyc=        237 (0x80000328, 0x80000324, 0x80000320, 0x8000031c, 0x80000318) WB[M  1d: 0xffffffbc]       ExeInst: DASM(00120213)
Cyc=        238 (0x8000032c, 0x80000328, 0x80000324, 0x80000320, 0x8000031c) WB[ Z 14: 0x00000190]       ExeInst: DASM(00200293)
Cyc=        239 (0x80000330, 0x8000032c, 0x80000328, 0x80000324, 0x80000320) WB[MZ 04: 0x00000001]   B   ExeInst: DASM(fc521ce3)
Cyc=        240 (0x80000300, 0x80000330, 0x8000032c, 0x80000328, 0x80000324) WB[M  05: 0x00000002]       ExeInst: DASM(00004033)
Cyc=        241 (0x80000304, 0x80000300, 0x80000330, 0x8000032c, 0x80000328) WB[   19: 0xffffffd9]       ExeInst: DASM(00004033)
Cyc=        242 (0x80000308, 0x80000304, 0x80000300, 0x80000330, 0x8000032c) WB[ Z 00: 0x00000010]       ExeInst: DASM(fbc00093)
Cyc=        243 (0x8000030c, 0x80000308, 0x80000304, 0x80000300, 0x80000330) WB[MZ 00: 0x00000000]       ExeInst: DASM(00000013)
Cyc=        244 (0x80000310, 0x8000030c, 0x80000308, 0x80000304, 0x80000300) WB[MZ 01: 0xffffffbc]       ExeInst: DASM(00002117)
Cyc=        245 (0x80000314, 0x80000310, 0x8000030c, 0x80000308, 0x80000304) WB[MZ 00: 0x00000000]       ExeInst: DASM(cf810113)
Cyc=        246 (0x80000318, 0x80000314, 0x80000310, 0x8000030c, 0x80000308) WB[MZ 02: 0x80002308]       ExeInst: DASM(001101a3)
Cyc=        247 (0x8000031c, 0x80000318, 0x80000314, 0x80000310, 0x8000030c) WB[M  02: 0x80002000]       ExeInst: DASM(00310f03)
Cyc=        248 (0x80000320, 0x8000031c, 0x80000318, 0x80000314, 0x80000310) WB[ Z 03: 0x80002003]       ExeInst: DASM(fbc00e93)
Cyc=        249 (0x80000324, 0x80000320, 0x8000031c, 0x80000318, 0x80000314) WB[MZ 1e: 0xffffffbc]       ExeInst: DASM(1ddf1a63)
Cyc=        250 (0x80000328, 0x80000324, 0x80000320, 0x8000031c, 0x80000318) WB[M  1d: 0xffffffbc]       ExeInst: DASM(00120213)
Cyc=        251 (0x8000032c, 0x80000328, 0x80000324, 0x80000320, 0x8000031c) WB[ Z 14: 0x00000190]       ExeInst: DASM(00200293)
Cyc=        252 (0x80000330, 0x8000032c, 0x80000328, 0x80000324, 0x80000320) WB[MZ 04: 0x00000002]       ExeInst: DASM(fc521ce3)
Cyc=        253 (0x80000334, 0x80000330, 0x8000032c, 0x80000328, 0x80000324) WB[M  05: 0x00000002]       ExeInst: DASM(01000193)
Cyc=        254 (0x80000338, 0x80000334, 0x80000330, 0x8000032c, 0x80000328) WB[ Z 19: 0xffffffda]       ExeInst: DASM(00000213)
Cyc=        255 (0x8000033c, 0x80000338, 0x80000334, 0x80000330, 0x8000032c) WB[MZ 03: 0x00000010]       ExeInst: DASM(fbb00093)
Cyc=        256 (0x80000340, 0x8000033c, 0x80000338, 0x80000334, 0x80000330) WB[MZ 04: 0x00000000]       ExeInst: DASM(00000013)
Cyc=        257 (0x80000344, 0x80000340, 0x8000033c, 0x80000338, 0x80000334) WB[MZ 01: 0xffffffbb]       ExeInst: DASM(00002117)
Cyc=        258 (0x80000348, 0x80000344, 0x80000340, 0x8000033c, 0x80000338) WB[MZ 00: 0x00000000]       ExeInst: DASM(cc410113)
Cyc=        259 (0x8000034c, 0x80000348, 0x80000344, 0x80000340, 0x8000033c) WB[MZ 02: 0x8000233c]       ExeInst: DASM(00000013)
Cyc=        260 (0x80000350, 0x8000034c, 0x80000348, 0x80000344, 0x80000340) WB[MZ 02: 0x80002000]       ExeInst: DASM(00110223)
Cyc=        261 (0x80000354, 0x80000350, 0x8000034c, 0x80000348, 0x80000344) WB[M  00: 0x00000000]       ExeInst: DASM(00410f03)
Cyc=        262 (0x80000358, 0x80000354, 0x80000350, 0x8000034c, 0x80000348) WB[ Z 04: 0x80002004]       ExeInst: DASM(fbb00e93)
Cyc=        263 (0x8000035c, 0x80000358, 0x80000354, 0x80000350, 0x8000034c) WB[MZ 1e: 0xffffffbb]       ExeInst: DASM(19df1e63)
Cyc=        264 (0x80000360, 0x8000035c, 0x80000358, 0x80000354, 0x80000350) WB[M  1d: 0xffffffbb]       ExeInst: DASM(00120213)
Cyc=        265 (0x80000364, 0x80000360, 0x8000035c, 0x80000358, 0x80000354) WB[ Z 1c: 0x00000157]       ExeInst: DASM(00200293)
Cyc=        266 (0x80000368, 0x80000364, 0x80000360, 0x8000035c, 0x80000358) WB[MZ 04: 0x00000001]   B   ExeInst: DASM(fc521ae3)
Cyc=        267 (0x80000334, 0x80000368, 0x80000364, 0x80000360, 0x8000035c) WB[M  05: 0x00000002]       ExeInst: DASM(00004033)
Cyc=        268 (0x80000338, 0x80000334, 0x80000368, 0x80000364, 0x80000360) WB[   15: 0xffffffd5]       ExeInst: DASM(00004033)
Cyc=        269 (0x8000033c, 0x80000338, 0x80000334, 0x80000368, 0x80000364) WB[ Z 00: 0x00000011]       ExeInst: DASM(fbb00093)
Cyc=        270 (0x80000340, 0x8000033c, 0x80000338, 0x80000334, 0x80000368) WB[MZ 00: 0x00000000]       ExeInst: DASM(00000013)
Cyc=        271 (0x80000344, 0x80000340, 0x8000033c, 0x80000338, 0x80000334) WB[MZ 01: 0xffffffbb]       ExeInst: DASM(00002117)
Cyc=        272 (0x80000348, 0x80000344, 0x80000340, 0x8000033c, 0x80000338) WB[MZ 00: 0x00000000]       ExeInst: DASM(cc410113)
Cyc=        273 (0x8000034c, 0x80000348, 0x80000344, 0x80000340, 0x8000033c) WB[MZ 02: 0x8000233c]       ExeInst: DASM(00000013)
Cyc=        274 (0x80000350, 0x8000034c, 0x80000348, 0x80000344, 0x80000340) WB[MZ 02: 0x80002000]       ExeInst: DASM(00110223)
Cyc=        275 (0x80000354, 0x80000350, 0x8000034c, 0x80000348, 0x80000344) WB[M  00: 0x00000000]       ExeInst: DASM(00410f03)
Cyc=        276 (0x80000358, 0x80000354, 0x80000350, 0x8000034c, 0x80000348) WB[ Z 04: 0x80002004]       ExeInst: DASM(fbb00e93)
Cyc=        277 (0x8000035c, 0x80000358, 0x80000354, 0x80000350, 0x8000034c) WB[MZ 1e: 0xffffffbb]       ExeInst: DASM(19df1e63)
Cyc=        278 (0x80000360, 0x8000035c, 0x80000358, 0x80000354, 0x80000350) WB[M  1d: 0xffffffbb]       ExeInst: DASM(00120213)
Cyc=        279 (0x80000364, 0x80000360, 0x8000035c, 0x80000358, 0x80000354) WB[ Z 1c: 0x00000157]       ExeInst: DASM(00200293)
Cyc=        280 (0x80000368, 0x80000364, 0x80000360, 0x8000035c, 0x80000358) WB[MZ 04: 0x00000002]       ExeInst: DASM(fc521ae3)
Cyc=        281 (0x8000036c, 0x80000368, 0x80000364, 0x80000360, 0x8000035c) WB[M  05: 0x00000002]       ExeInst: DASM(01100193)
Cyc=        282 (0x80000370, 0x8000036c, 0x80000368, 0x80000364, 0x80000360) WB[ Z 15: 0xffffffd6]       ExeInst: DASM(00000213)
Cyc=        283 (0x80000374, 0x80000370, 0x8000036c, 0x80000368, 0x80000364) WB[MZ 03: 0x00000011]       ExeInst: DASM(fab00093)
Cyc=        284 (0x80000378, 0x80000374, 0x80000370, 0x8000036c, 0x80000368) WB[MZ 04: 0x00000000]       ExeInst: DASM(00000013)
Cyc=        285 (0x8000037c, 0x80000378, 0x80000374, 0x80000370, 0x8000036c) WB[MZ 01: 0xffffffab]       ExeInst: DASM(00000013)
Cyc=        286 (0x80000380, 0x8000037c, 0x80000378, 0x80000374, 0x80000370) WB[MZ 00: 0x00000000]       ExeInst: DASM(00002117)
Cyc=        287 (0x80000384, 0x80000380, 0x8000037c, 0x80000378, 0x80000374) WB[MZ 00: 0x00000000]       ExeInst: DASM(c8810113)
Cyc=        288 (0x80000388, 0x80000384, 0x80000380, 0x8000037c, 0x80000378) WB[MZ 02: 0x80002378]       ExeInst: DASM(001102a3)
Cyc=        289 (0x8000038c, 0x80000388, 0x80000384, 0x80000380, 0x8000037c) WB[M  02: 0x80002000]       ExeInst: DASM(00510f03)
Cyc=        290 (0x80000390, 0x8000038c, 0x80000388, 0x80000384, 0x80000380) WB[ Z 05: 0x80002005]       ExeInst: DASM(fab00e93)
Cyc=        291 (0x80000394, 0x80000390, 0x8000038c, 0x80000388, 0x80000384) WB[MZ 1e: 0xffffffab]       ExeInst: DASM(17df1263)
Cyc=        292 (0x80000398, 0x80000394, 0x80000390, 0x8000038c, 0x80000388) WB[M  1d: 0xffffffab]       ExeInst: DASM(00120213)
Cyc=        293 (0x8000039c, 0x80000398, 0x80000394, 0x80000390, 0x8000038c) WB[ Z 04: 0x0000010f]       ExeInst: DASM(00200293)
Cyc=        294 (0x800003a0, 0x8000039c, 0x80000398, 0x80000394, 0x80000390) WB[MZ 04: 0x00000001]   B   ExeInst: DASM(fc521ae3)
Cyc=        295 (0x8000036c, 0x800003a0, 0x8000039c, 0x80000398, 0x80000394) WB[M  05: 0x00000002]       ExeInst: DASM(00004033)
Cyc=        296 (0x80000370, 0x8000036c, 0x800003a0, 0x8000039c, 0x80000398) WB[   15: 0xffffffd5]       ExeInst: DASM(00004033)
Cyc=        297 (0x80000374, 0x80000370, 0x8000036c, 0x800003a0, 0x8000039c) WB[ Z 00: 0x00000012]       ExeInst: DASM(fab00093)
Cyc=        298 (0x80000378, 0x80000374, 0x80000370, 0x8000036c, 0x800003a0) WB[MZ 00: 0x00000000]       ExeInst: DASM(00000013)
Cyc=        299 (0x8000037c, 0x80000378, 0x80000374, 0x80000370, 0x8000036c) WB[MZ 01: 0xffffffab]       ExeInst: DASM(00000013)
Cyc=        300 (0x80000380, 0x8000037c, 0x80000378, 0x80000374, 0x80000370) WB[MZ 00: 0x00000000]       ExeInst: DASM(00002117)
Cyc=        301 (0x80000384, 0x80000380, 0x8000037c, 0x80000378, 0x80000374) WB[MZ 00: 0x00000000]       ExeInst: DASM(c8810113)
Cyc=        302 (0x80000388, 0x80000384, 0x80000380, 0x8000037c, 0x80000378) WB[MZ 02: 0x80002378]       ExeInst: DASM(001102a3)
Cyc=        303 (0x8000038c, 0x80000388, 0x80000384, 0x80000380, 0x8000037c) WB[M  02: 0x80002000]       ExeInst: DASM(00510f03)
Cyc=        304 (0x80000390, 0x8000038c, 0x80000388, 0x80000384, 0x80000380) WB[ Z 05: 0x80002005]       ExeInst: DASM(fab00e93)
Cyc=        305 (0x80000394, 0x80000390, 0x8000038c, 0x80000388, 0x80000384) WB[MZ 1e: 0xffffffab]       ExeInst: DASM(17df1263)
Cyc=        306 (0x80000398, 0x80000394, 0x80000390, 0x8000038c, 0x80000388) WB[M  1d: 0xffffffab]       ExeInst: DASM(00120213)
Cyc=        307 (0x8000039c, 0x80000398, 0x80000394, 0x80000390, 0x8000038c) WB[ Z 04: 0x0000010f]       ExeInst: DASM(00200293)
Cyc=        308 (0x800003a0, 0x8000039c, 0x80000398, 0x80000394, 0x80000390) WB[MZ 04: 0x00000002]       ExeInst: DASM(fc521ae3)
Cyc=        309 (0x800003a4, 0x800003a0, 0x8000039c, 0x80000398, 0x80000394) WB[M  05: 0x00000002]       ExeInst: DASM(01200193)
Cyc=        310 (0x800003a8, 0x800003a4, 0x800003a0, 0x8000039c, 0x80000398) WB[ Z 15: 0xffffffd6]       ExeInst: DASM(00000213)
Cyc=        311 (0x800003ac, 0x800003a8, 0x800003a4, 0x800003a0, 0x8000039c) WB[MZ 03: 0x00000012]       ExeInst: DASM(00002117)
Cyc=        312 (0x800003b0, 0x800003ac, 0x800003a8, 0x800003a4, 0x800003a0) WB[MZ 04: 0x00000000]       ExeInst: DASM(c5c10113)
Cyc=        313 (0x800003b4, 0x800003b0, 0x800003ac, 0x800003a8, 0x800003a4) WB[MZ 02: 0x800023a4]       ExeInst: DASM(03300093)
Cyc=        314 (0x800003b8, 0x800003b4, 0x800003b0, 0x800003ac, 0x800003a8) WB[MZ 02: 0x80002000]       ExeInst: DASM(00110023)
Cyc=        315 (0x800003bc, 0x800003b8, 0x800003b4, 0x800003b0, 0x800003ac) WB[M  01: 0x00000033]       ExeInst: DASM(00010f03)
Cyc=        316 (0x800003c0, 0x800003bc, 0x800003b8, 0x800003b4, 0x800003b0) WB[ Z 00: 0x80002000]       ExeInst: DASM(03300e93)
Cyc=        317 (0x800003c4, 0x800003c0, 0x800003bc, 0x800003b8, 0x800003b4) WB[MZ 1e: 0x00000033]       ExeInst: DASM(13df1a63)
Cyc=        318 (0x800003c8, 0x800003c4, 0x800003c0, 0x800003bc, 0x800003b8) WB[M  1d: 0x00000033]       ExeInst: DASM(00120213)
Cyc=        319 (0x800003cc, 0x800003c8, 0x800003c4, 0x800003c0, 0x800003bc) WB[ Z 14: 0x00000167]       ExeInst: DASM(00200293)
Cyc=        320 (0x800003d0, 0x800003cc, 0x800003c8, 0x800003c4, 0x800003c0) WB[MZ 04: 0x00000001]   B   ExeInst: DASM(fc521ee3)
Cyc=        321 (0x800003a4, 0x800003d0, 0x800003cc, 0x800003c8, 0x800003c4) WB[M  05: 0x00000002]       ExeInst: DASM(00004033)
Cyc=        322 (0x800003a8, 0x800003a4, 0x800003d0, 0x800003cc, 0x800003c8) WB[   1d: 0xffffffdd]       ExeInst: DASM(00004033)
Cyc=        323 (0x800003ac, 0x800003a8, 0x800003a4, 0x800003d0, 0x800003cc) WB[ Z 00: 0x00000013]       ExeInst: DASM(00002117)
Cyc=        324 (0x800003b0, 0x800003ac, 0x800003a8, 0x800003a4, 0x800003d0) WB[MZ 00: 0x00000000]       ExeInst: DASM(c5c10113)
Cyc=        325 (0x800003b4, 0x800003b0, 0x800003ac, 0x800003a8, 0x800003a4) WB[MZ 02: 0x800023a4]       ExeInst: DASM(03300093)
Cyc=        326 (0x800003b8, 0x800003b4, 0x800003b0, 0x800003ac, 0x800003a8) WB[MZ 02: 0x80002000]       ExeInst: DASM(00110023)
Cyc=        327 (0x800003bc, 0x800003b8, 0x800003b4, 0x800003b0, 0x800003ac) WB[M  01: 0x00000033]       ExeInst: DASM(00010f03)
Cyc=        328 (0x800003c0, 0x800003bc, 0x800003b8, 0x800003b4, 0x800003b0) WB[ Z 00: 0x80002000]       ExeInst: DASM(03300e93)
Cyc=        329 (0x800003c4, 0x800003c0, 0x800003bc, 0x800003b8, 0x800003b4) WB[MZ 1e: 0x00000033]       ExeInst: DASM(13df1a63)
Cyc=        330 (0x800003c8, 0x800003c4, 0x800003c0, 0x800003bc, 0x800003b8) WB[M  1d: 0x00000033]       ExeInst: DASM(00120213)
Cyc=        331 (0x800003cc, 0x800003c8, 0x800003c4, 0x800003c0, 0x800003bc) WB[ Z 14: 0x00000167]       ExeInst: DASM(00200293)
Cyc=        332 (0x800003d0, 0x800003cc, 0x800003c8, 0x800003c4, 0x800003c0) WB[MZ 04: 0x00000002]       ExeInst: DASM(fc521ee3)
Cyc=        333 (0x800003d4, 0x800003d0, 0x800003cc, 0x800003c8, 0x800003c4) WB[M  05: 0x00000002]       ExeInst: DASM(01300193)
Cyc=        334 (0x800003d8, 0x800003d4, 0x800003d0, 0x800003cc, 0x800003c8) WB[ Z 1d: 0xffffffde]       ExeInst: DASM(00000213)
Cyc=        335 (0x800003dc, 0x800003d8, 0x800003d4, 0x800003d0, 0x800003cc) WB[MZ 03: 0x00000013]       ExeInst: DASM(00002117)
Cyc=        336 (0x800003e0, 0x800003dc, 0x800003d8, 0x800003d4, 0x800003d0) WB[MZ 04: 0x00000000]       ExeInst: DASM(c2c10113)
Cyc=        337 (0x800003e4, 0x800003e0, 0x800003dc, 0x800003d8, 0x800003d4) WB[MZ 02: 0x800023d4]       ExeInst: DASM(02300093)
Cyc=        338 (0x800003e8, 0x800003e4, 0x800003e0, 0x800003dc, 0x800003d8) WB[MZ 02: 0x80002000]       ExeInst: DASM(00000013)
Cyc=        339 (0x800003ec, 0x800003e8, 0x800003e4, 0x800003e0, 0x800003dc) WB[MZ 01: 0x00000023]       ExeInst: DASM(001100a3)
Cyc=        340 (0x800003f0, 0x800003ec, 0x800003e8, 0x800003e4, 0x800003e0) WB[M  00: 0x00000000]       ExeInst: DASM(00110f03)
Cyc=        341 (0x800003f4, 0x800003f0, 0x800003ec, 0x800003e8, 0x800003e4) WB[ Z 01: 0x80002001]       ExeInst: DASM(02300e93)
Cyc=        342 (0x800003f8, 0x800003f4, 0x800003f0, 0x800003ec, 0x800003e8) WB[MZ 1e: 0x00000023]       ExeInst: DASM(11df1063)
Cyc=        343 (0x800003fc, 0x800003f8, 0x800003f4, 0x800003f0, 0x800003ec) WB[M  1d: 0x00000023]       ExeInst: DASM(00120213)
Cyc=        344 (0x80000400, 0x800003fc, 0x800003f8, 0x800003f4, 0x800003f0) WB[ Z 00: 0x00000123]       ExeInst: DASM(00200293)
Cyc=        345 (0x80000404, 0x80000400, 0x800003fc, 0x800003f8, 0x800003f4) WB[MZ 04: 0x00000001]   B   ExeInst: DASM(fc521ce3)
Cyc=        346 (0x800003d4, 0x80000404, 0x80000400, 0x800003fc, 0x800003f8) WB[M  05: 0x00000002]       ExeInst: DASM(00004033)
Cyc=        347 (0x800003d8, 0x800003d4, 0x80000404, 0x80000400, 0x800003fc) WB[   19: 0xffffffd9]       ExeInst: DASM(00004033)
Cyc=        348 (0x800003dc, 0x800003d8, 0x800003d4, 0x80000404, 0x80000400) WB[ Z 00: 0x00000014]       ExeInst: DASM(00002117)
Cyc=        349 (0x800003e0, 0x800003dc, 0x800003d8, 0x800003d4, 0x80000404) WB[MZ 00: 0x00000000]       ExeInst: DASM(c2c10113)
Cyc=        350 (0x800003e4, 0x800003e0, 0x800003dc, 0x800003d8, 0x800003d4) WB[MZ 02: 0x800023d4]       ExeInst: DASM(02300093)
Cyc=        351 (0x800003e8, 0x800003e4, 0x800003e0, 0x800003dc, 0x800003d8) WB[MZ 02: 0x80002000]       ExeInst: DASM(00000013)
Cyc=        352 (0x800003ec, 0x800003e8, 0x800003e4, 0x800003e0, 0x800003dc) WB[MZ 01: 0x00000023]       ExeInst: DASM(001100a3)
Cyc=        353 (0x800003f0, 0x800003ec, 0x800003e8, 0x800003e4, 0x800003e0) WB[M  00: 0x00000000]       ExeInst: DASM(00110f03)
Cyc=        354 (0x800003f4, 0x800003f0, 0x800003ec, 0x800003e8, 0x800003e4) WB[ Z 01: 0x80002001]       ExeInst: DASM(02300e93)
Cyc=        355 (0x800003f8, 0x800003f4, 0x800003f0, 0x800003ec, 0x800003e8) WB[MZ 1e: 0x00000023]       ExeInst: DASM(11df1063)
Cyc=        356 (0x800003fc, 0x800003f8, 0x800003f4, 0x800003f0, 0x800003ec) WB[M  1d: 0x00000023]       ExeInst: DASM(00120213)
Cyc=        357 (0x80000400, 0x800003fc, 0x800003f8, 0x800003f4, 0x800003f0) WB[ Z 00: 0x00000123]       ExeInst: DASM(00200293)
Cyc=        358 (0x80000404, 0x80000400, 0x800003fc, 0x800003f8, 0x800003f4) WB[MZ 04: 0x00000002]       ExeInst: DASM(fc521ce3)
Cyc=        359 (0x80000408, 0x80000404, 0x80000400, 0x800003fc, 0x800003f8) WB[M  05: 0x00000002]       ExeInst: DASM(01400193)
Cyc=        360 (0x8000040c, 0x80000408, 0x80000404, 0x80000400, 0x800003fc) WB[ Z 19: 0xffffffda]       ExeInst: DASM(00000213)
Cyc=        361 (0x80000410, 0x8000040c, 0x80000408, 0x80000404, 0x80000400) WB[MZ 03: 0x00000014]       ExeInst: DASM(00002117)
Cyc=        362 (0x80000414, 0x80000410, 0x8000040c, 0x80000408, 0x80000404) WB[MZ 04: 0x00000000]       ExeInst: DASM(bf810113)
Cyc=        363 (0x80000418, 0x80000414, 0x80000410, 0x8000040c, 0x80000408) WB[MZ 02: 0x80002408]       ExeInst: DASM(02200093)
Cyc=        364 (0x8000041c, 0x80000418, 0x80000414, 0x80000410, 0x8000040c) WB[MZ 02: 0x80002000]       ExeInst: DASM(00000013)
Cyc=        365 (0x80000420, 0x8000041c, 0x80000418, 0x80000414, 0x80000410) WB[MZ 01: 0x00000022]       ExeInst: DASM(00000013)
Cyc=        366 (0x80000424, 0x80000420, 0x8000041c, 0x80000418, 0x80000414) WB[MZ 00: 0x00000000]       ExeInst: DASM(00110123)
Cyc=        367 (0x80000428, 0x80000424, 0x80000420, 0x8000041c, 0x80000418) WB[M  00: 0x00000000]       ExeInst: DASM(00210f03)
Cyc=        368 (0x8000042c, 0x80000428, 0x80000424, 0x80000420, 0x8000041c) WB[ Z 02: 0x80002002]       ExeInst: DASM(02200e93)
Cyc=        369 (0x80000430, 0x8000042c, 0x80000428, 0x80000424, 0x80000420) WB[MZ 1e: 0x00000022]       ExeInst: DASM(0ddf1463)
Cyc=        370 (0x80000434, 0x80000430, 0x8000042c, 0x80000428, 0x80000424) WB[M  1d: 0x00000022]       ExeInst: DASM(00120213)
Cyc=        371 (0x80000438, 0x80000434, 0x80000430, 0x8000042c, 0x80000428) WB[ Z 08: 0x000000ea]       ExeInst: DASM(00200293)
Cyc=        372 (0x8000043c, 0x80000438, 0x80000434, 0x80000430, 0x8000042c) WB[MZ 04: 0x00000001]   B   ExeInst: DASM(fc521ae3)
Cyc=        373 (0x80000408, 0x8000043c, 0x80000438, 0x80000434, 0x80000430) WB[M  05: 0x00000002]       ExeInst: DASM(00004033)
Cyc=        374 (0x8000040c, 0x80000408, 0x8000043c, 0x80000438, 0x80000434) WB[   15: 0xffffffd5]       ExeInst: DASM(00004033)
Cyc=        375 (0x80000410, 0x8000040c, 0x80000408, 0x8000043c, 0x80000438) WB[ Z 00: 0x00000015]       ExeInst: DASM(00002117)
Cyc=        376 (0x80000414, 0x80000410, 0x8000040c, 0x80000408, 0x8000043c) WB[MZ 00: 0x00000000]       ExeInst: DASM(bf810113)
Cyc=        377 (0x80000418, 0x80000414, 0x80000410, 0x8000040c, 0x80000408) WB[MZ 02: 0x80002408]       ExeInst: DASM(02200093)
Cyc=        378 (0x8000041c, 0x80000418, 0x80000414, 0x80000410, 0x8000040c) WB[MZ 02: 0x80002000]       ExeInst: DASM(00000013)
Cyc=        379 (0x80000420, 0x8000041c, 0x80000418, 0x80000414, 0x80000410) WB[MZ 01: 0x00000022]       ExeInst: DASM(00000013)
Cyc=        380 (0x80000424, 0x80000420, 0x8000041c, 0x80000418, 0x80000414) WB[MZ 00: 0x00000000]       ExeInst: DASM(00110123)
Cyc=        381 (0x80000428, 0x80000424, 0x80000420, 0x8000041c, 0x80000418) WB[M  00: 0x00000000]       ExeInst: DASM(00210f03)
Cyc=        382 (0x8000042c, 0x80000428, 0x80000424, 0x80000420, 0x8000041c) WB[ Z 02: 0x80002002]       ExeInst: DASM(02200e93)
Cyc=        383 (0x80000430, 0x8000042c, 0x80000428, 0x80000424, 0x80000420) WB[MZ 1e: 0x00000022]       ExeInst: DASM(0ddf1463)
Cyc=        384 (0x80000434, 0x80000430, 0x8000042c, 0x80000428, 0x80000424) WB[M  1d: 0x00000022]       ExeInst: DASM(00120213)
Cyc=        385 (0x80000438, 0x80000434, 0x80000430, 0x8000042c, 0x80000428) WB[ Z 08: 0x000000ea]       ExeInst: DASM(00200293)
Cyc=        386 (0x8000043c, 0x80000438, 0x80000434, 0x80000430, 0x8000042c) WB[MZ 04: 0x00000002]       ExeInst: DASM(fc521ae3)
Cyc=        387 (0x80000440, 0x8000043c, 0x80000438, 0x80000434, 0x80000430) WB[M  05: 0x00000002]       ExeInst: DASM(01500193)
Cyc=        388 (0x80000444, 0x80000440, 0x8000043c, 0x80000438, 0x80000434) WB[ Z 15: 0xffffffd6]       ExeInst: DASM(00000213)
Cyc=        389 (0x80000448, 0x80000444, 0x80000440, 0x8000043c, 0x80000438) WB[MZ 03: 0x00000015]       ExeInst: DASM(00002117)
Cyc=        390 (0x8000044c, 0x80000448, 0x80000444, 0x80000440, 0x8000043c) WB[MZ 04: 0x00000000]       ExeInst: DASM(bc010113)
Cyc=        391 (0x80000450, 0x8000044c, 0x80000448, 0x80000444, 0x80000440) WB[MZ 02: 0x80002440]       ExeInst: DASM(00000013)
Cyc=        392 (0x80000454, 0x80000450, 0x8000044c, 0x80000448, 0x80000444) WB[MZ 02: 0x80002000]       ExeInst: DASM(01200093)
Cyc=        393 (0x80000458, 0x80000454, 0x80000450, 0x8000044c, 0x80000448) WB[MZ 00: 0x00000000]       ExeInst: DASM(001101a3)
Cyc=        394 (0x8000045c, 0x80000458, 0x80000454, 0x80000450, 0x8000044c) WB[M  01: 0x00000012]       ExeInst: DASM(00310f03)
Cyc=        395 (0x80000460, 0x8000045c, 0x80000458, 0x80000454, 0x80000450) WB[ Z 03: 0x80002003]       ExeInst: DASM(01200e93)
Cyc=        396 (0x80000464, 0x80000460, 0x8000045c, 0x80000458, 0x80000454) WB[MZ 1e: 0x00000012]       ExeInst: DASM(09df1a63)
Cyc=        397 (0x80000468, 0x80000464, 0x80000460, 0x8000045c, 0x80000458) WB[M  1d: 0x00000012]       ExeInst: DASM(00120213)
Cyc=        398 (0x8000046c, 0x80000468, 0x80000464, 0x80000460, 0x8000045c) WB[ Z 14: 0x000000a6]       ExeInst: DASM(00200293)
Cyc=        399 (0x80000470, 0x8000046c, 0x80000468, 0x80000464, 0x80000460) WB[MZ 04: 0x00000001]   B   ExeInst: DASM(fc521ce3)
Cyc=        400 (0x80000440, 0x80000470, 0x8000046c, 0x80000468, 0x80000464) WB[M  05: 0x00000002]       ExeInst: DASM(00004033)
Cyc=        401 (0x80000444, 0x80000440, 0x80000470, 0x8000046c, 0x80000468) WB[   19: 0xffffffd9]       ExeInst: DASM(00004033)
Cyc=        402 (0x80000448, 0x80000444, 0x80000440, 0x80000470, 0x8000046c) WB[ Z 00: 0x00000016]       ExeInst: DASM(00002117)
Cyc=        403 (0x8000044c, 0x80000448, 0x80000444, 0x80000440, 0x80000470) WB[MZ 00: 0x00000000]       ExeInst: DASM(bc010113)
Cyc=        404 (0x80000450, 0x8000044c, 0x80000448, 0x80000444, 0x80000440) WB[MZ 02: 0x80002440]       ExeInst: DASM(00000013)
Cyc=        405 (0x80000454, 0x80000450, 0x8000044c, 0x80000448, 0x80000444) WB[MZ 02: 0x80002000]       ExeInst: DASM(01200093)
Cyc=        406 (0x80000458, 0x80000454, 0x80000450, 0x8000044c, 0x80000448) WB[MZ 00: 0x00000000]       ExeInst: DASM(001101a3)
Cyc=        407 (0x8000045c, 0x80000458, 0x80000454, 0x80000450, 0x8000044c) WB[M  01: 0x00000012]       ExeInst: DASM(00310f03)
Cyc=        408 (0x80000460, 0x8000045c, 0x80000458, 0x80000454, 0x80000450) WB[ Z 03: 0x80002003]       ExeInst: DASM(01200e93)
Cyc=        409 (0x80000464, 0x80000460, 0x8000045c, 0x80000458, 0x80000454) WB[MZ 1e: 0x00000012]       ExeInst: DASM(09df1a63)
Cyc=        410 (0x80000468, 0x80000464, 0x80000460, 0x8000045c, 0x80000458) WB[M  1d: 0x00000012]       ExeInst: DASM(00120213)
Cyc=        411 (0x8000046c, 0x80000468, 0x80000464, 0x80000460, 0x8000045c) WB[ Z 14: 0x000000a6]       ExeInst: DASM(00200293)
Cyc=        412 (0x80000470, 0x8000046c, 0x80000468, 0x80000464, 0x80000460) WB[MZ 04: 0x00000002]       ExeInst: DASM(fc521ce3)
Cyc=        413 (0x80000474, 0x80000470, 0x8000046c, 0x80000468, 0x80000464) WB[M  05: 0x00000002]       ExeInst: DASM(01600193)
Cyc=        414 (0x80000478, 0x80000474, 0x80000470, 0x8000046c, 0x80000468) WB[ Z 19: 0xffffffda]       ExeInst: DASM(00000213)
Cyc=        415 (0x8000047c, 0x80000478, 0x80000474, 0x80000470, 0x8000046c) WB[MZ 03: 0x00000016]       ExeInst: DASM(00002117)
Cyc=        416 (0x80000480, 0x8000047c, 0x80000478, 0x80000474, 0x80000470) WB[MZ 04: 0x00000000]       ExeInst: DASM(b8c10113)
Cyc=        417 (0x80000484, 0x80000480, 0x8000047c, 0x80000478, 0x80000474) WB[MZ 02: 0x80002474]       ExeInst: DASM(00000013)
Cyc=        418 (0x80000488, 0x80000484, 0x80000480, 0x8000047c, 0x80000478) WB[MZ 02: 0x80002000]       ExeInst: DASM(01100093)
Cyc=        419 (0x8000048c, 0x80000488, 0x80000484, 0x80000480, 0x8000047c) WB[MZ 00: 0x00000000]       ExeInst: DASM(00000013)
Cyc=        420 (0x80000490, 0x8000048c, 0x80000488, 0x80000484, 0x80000480) WB[MZ 01: 0x00000011]       ExeInst: DASM(00110223)
Cyc=        421 (0x80000494, 0x80000490, 0x8000048c, 0x80000488, 0x80000484) WB[M  00: 0x00000000]       ExeInst: DASM(00410f03)
Cyc=        422 (0x80000498, 0x80000494, 0x80000490, 0x8000048c, 0x80000488) WB[ Z 04: 0x80002004]       ExeInst: DASM(01100e93)
Cyc=        423 (0x8000049c, 0x80000498, 0x80000494, 0x80000490, 0x8000048c) WB[MZ 1e: 0x00000011]       ExeInst: DASM(05df1e63)
Cyc=        424 (0x800004a0, 0x8000049c, 0x80000498, 0x80000494, 0x80000490) WB[M  1d: 0x00000011]       ExeInst: DASM(00120213)
Cyc=        425 (0x800004a4, 0x800004a0, 0x8000049c, 0x80000498, 0x80000494) WB[ Z 1c: 0x0000006d]       ExeInst: DASM(00200293)
Cyc=        426 (0x800004a8, 0x800004a4, 0x800004a0, 0x8000049c, 0x80000498) WB[MZ 04: 0x00000001]   B   ExeInst: DASM(fc521ae3)
Cyc=        427 (0x80000474, 0x800004a8, 0x800004a4, 0x800004a0, 0x8000049c) WB[M  05: 0x00000002]       ExeInst: DASM(00004033)
Cyc=        428 (0x80000478, 0x80000474, 0x800004a8, 0x800004a4, 0x800004a0) WB[   15: 0xffffffd5]       ExeInst: DASM(00004033)
Cyc=        429 (0x8000047c, 0x80000478, 0x80000474, 0x800004a8, 0x800004a4) WB[ Z 00: 0x00000017]       ExeInst: DASM(00002117)
Cyc=        430 (0x80000480, 0x8000047c, 0x80000478, 0x80000474, 0x800004a8) WB[MZ 00: 0x00000000]       ExeInst: DASM(b8c10113)
Cyc=        431 (0x80000484, 0x80000480, 0x8000047c, 0x80000478, 0x80000474) WB[MZ 02: 0x80002474]       ExeInst: DASM(00000013)
Cyc=        432 (0x80000488, 0x80000484, 0x80000480, 0x8000047c, 0x80000478) WB[MZ 02: 0x80002000]       ExeInst: DASM(01100093)
Cyc=        433 (0x8000048c, 0x80000488, 0x80000484, 0x80000480, 0x8000047c) WB[MZ 00: 0x00000000]       ExeInst: DASM(00000013)
Cyc=        434 (0x80000490, 0x8000048c, 0x80000488, 0x80000484, 0x80000480) WB[MZ 01: 0x00000011]       ExeInst: DASM(00110223)
Cyc=        435 (0x80000494, 0x80000490, 0x8000048c, 0x80000488, 0x80000484) WB[M  00: 0x00000000]       ExeInst: DASM(00410f03)
Cyc=        436 (0x80000498, 0x80000494, 0x80000490, 0x8000048c, 0x80000488) WB[ Z 04: 0x80002004]       ExeInst: DASM(01100e93)
Cyc=        437 (0x8000049c, 0x80000498, 0x80000494, 0x80000490, 0x8000048c) WB[MZ 1e: 0x00000011]       ExeInst: DASM(05df1e63)
Cyc=        438 (0x800004a0, 0x8000049c, 0x80000498, 0x80000494, 0x80000490) WB[M  1d: 0x00000011]       ExeInst: DASM(00120213)
Cyc=        439 (0x800004a4, 0x800004a0, 0x8000049c, 0x80000498, 0x80000494) WB[ Z 1c: 0x0000006d]       ExeInst: DASM(00200293)
Cyc=        440 (0x800004a8, 0x800004a4, 0x800004a0, 0x8000049c, 0x80000498) WB[MZ 04: 0x00000002]       ExeInst: DASM(fc521ae3)
Cyc=        441 (0x800004ac, 0x800004a8, 0x800004a4, 0x800004a0, 0x8000049c) WB[M  05: 0x00000002]       ExeInst: DASM(01700193)
Cyc=        442 (0x800004b0, 0x800004ac, 0x800004a8, 0x800004a4, 0x800004a0) WB[ Z 15: 0xffffffd6]       ExeInst: DASM(00000213)
Cyc=        443 (0x800004b4, 0x800004b0, 0x800004ac, 0x800004a8, 0x800004a4) WB[MZ 03: 0x00000017]       ExeInst: DASM(00002117)
Cyc=        444 (0x800004b8, 0x800004b4, 0x800004b0, 0x800004ac, 0x800004a8) WB[MZ 04: 0x00000000]       ExeInst: DASM(b5410113)
Cyc=        445 (0x800004bc, 0x800004b8, 0x800004b4, 0x800004b0, 0x800004ac) WB[MZ 02: 0x800024ac]       ExeInst: DASM(00000013)
Cyc=        446 (0x800004c0, 0x800004bc, 0x800004b8, 0x800004b4, 0x800004b0) WB[MZ 02: 0x80002000]       ExeInst: DASM(00000013)
Cyc=        447 (0x800004c4, 0x800004c0, 0x800004bc, 0x800004b8, 0x800004b4) WB[MZ 00: 0x00000000]       ExeInst: DASM(00100093)
Cyc=        448 (0x800004c8, 0x800004c4, 0x800004c0, 0x800004bc, 0x800004b8) WB[MZ 00: 0x00000000]       ExeInst: DASM(001102a3)
Cyc=        449 (0x800004cc, 0x800004c8, 0x800004c4, 0x800004c0, 0x800004bc) WB[M  01: 0x00000001]       ExeInst: DASM(00510f03)
Cyc=        450 (0x800004d0, 0x800004cc, 0x800004c8, 0x800004c4, 0x800004c0) WB[ Z 05: 0x80002005]       ExeInst: DASM(00100e93)
Cyc=        451 (0x800004d4, 0x800004d0, 0x800004cc, 0x800004c8, 0x800004c4) WB[MZ 1e: 0x00000001]       ExeInst: DASM(03df1263)
Cyc=        452 (0x800004d8, 0x800004d4, 0x800004d0, 0x800004cc, 0x800004c8) WB[M  1d: 0x00000001]       ExeInst: DASM(00120213)
Cyc=        453 (0x800004dc, 0x800004d8, 0x800004d4, 0x800004d0, 0x800004cc) WB[ Z 04: 0x00000025]       ExeInst: DASM(00200293)
Cyc=        454 (0x800004e0, 0x800004dc, 0x800004d8, 0x800004d4, 0x800004d0) WB[MZ 04: 0x00000001]   B   ExeInst: DASM(fc521ae3)
Cyc=        455 (0x800004ac, 0x800004e0, 0x800004dc, 0x800004d8, 0x800004d4) WB[M  05: 0x00000002]       ExeInst: DASM(00004033)
Cyc=        456 (0x800004b0, 0x800004ac, 0x800004e0, 0x800004dc, 0x800004d8) WB[   15: 0xffffffd5]       ExeInst: DASM(00004033)
Cyc=        457 (0x800004b4, 0x800004b0, 0x800004ac, 0x800004e0, 0x800004dc) WB[ Z 00: 0x000000ef]       ExeInst: DASM(00002117)
Cyc=        458 (0x800004b8, 0x800004b4, 0x800004b0, 0x800004ac, 0x800004e0) WB[MZ 00: 0x00000000]       ExeInst: DASM(b5410113)
Cyc=        459 (0x800004bc, 0x800004b8, 0x800004b4, 0x800004b0, 0x800004ac) WB[MZ 02: 0x800024ac]       ExeInst: DASM(00000013)
Cyc=        460 (0x800004c0, 0x800004bc, 0x800004b8, 0x800004b4, 0x800004b0) WB[MZ 02: 0x80002000]       ExeInst: DASM(00000013)
Cyc=        461 (0x800004c4, 0x800004c0, 0x800004bc, 0x800004b8, 0x800004b4) WB[MZ 00: 0x00000000]       ExeInst: DASM(00100093)
Cyc=        462 (0x800004c8, 0x800004c4, 0x800004c0, 0x800004bc, 0x800004b8) WB[MZ 00: 0x00000000]       ExeInst: DASM(001102a3)
Cyc=        463 (0x800004cc, 0x800004c8, 0x800004c4, 0x800004c0, 0x800004bc) WB[M  01: 0x00000001]       ExeInst: DASM(00510f03)
Cyc=        464 (0x800004d0, 0x800004cc, 0x800004c8, 0x800004c4, 0x800004c0) WB[ Z 05: 0x80002005]       ExeInst: DASM(00100e93)
Cyc=        465 (0x800004d4, 0x800004d0, 0x800004cc, 0x800004c8, 0x800004c4) WB[MZ 1e: 0x00000001]       ExeInst: DASM(03df1263)
Cyc=        466 (0x800004d8, 0x800004d4, 0x800004d0, 0x800004cc, 0x800004c8) WB[M  1d: 0x00000001]       ExeInst: DASM(00120213)
Cyc=        467 (0x800004dc, 0x800004d8, 0x800004d4, 0x800004d0, 0x800004cc) WB[ Z 04: 0x00000025]       ExeInst: DASM(00200293)
Cyc=        468 (0x800004e0, 0x800004dc, 0x800004d8, 0x800004d4, 0x800004d0) WB[MZ 04: 0x00000002]       ExeInst: DASM(fc521ae3)
Cyc=        469 (0x800004e4, 0x800004e0, 0x800004dc, 0x800004d8, 0x800004d4) WB[M  05: 0x00000002]       ExeInst: DASM(0ef00513)
Cyc=        470 (0x800004e8, 0x800004e4, 0x800004e0, 0x800004dc, 0x800004d8) WB[ Z 15: 0xffffffd6]       ExeInst: DASM(00002597)
Cyc=        471 (0x800004ec, 0x800004e8, 0x800004e4, 0x800004e0, 0x800004dc) WB[MZ 0a: 0x000000ef]       ExeInst: DASM(b2058593)
Cyc=        472 (0x800004f0, 0x800004ec, 0x800004e8, 0x800004e4, 0x800004e0) WB[MZ 0b: 0x800024e0]       ExeInst: DASM(00a581a3)
Cyc=        473 (0x800004f4, 0x800004f0, 0x800004ec, 0x800004e8, 0x800004e4) WB[M  0b: 0x80002000]   B   ExeInst: DASM(00301c63)
Cyc=        474 (0x80000504, 0x800004f4, 0x800004f0, 0x800004ec, 0x800004e8) WB[   03: 0x80002003]       ExeInst: DASM(00004033)
Cyc=        475 (0x80000508, 0x80000504, 0x800004f4, 0x800004f0, 0x800004ec) WB[   18: 0x00000018]       ExeInst: DASM(00004033)
Cyc=        476 (0x8000050c, 0x80000508, 0x80000504, 0x800004f4, 0x800004f0) WB[ Z 00: 0x00000000]       ExeInst: DASM(0ff0000f)
Cyc=        477 (0x80000510, 0x8000050c, 0x80000508, 0x80000504, 0x800004f4) WB[M  00: 0x00000000]       ExeInst: DASM(00100193)
Cyc=        478 (0x80000514, 0x80000510, 0x8000050c, 0x80000508, 0x80000504) WB[ Z 00: 0x00000000]       ExeInst: DASM(00000073)
Cyc=        479 (0x80000518, 0x80000514, 0x80000510, 0x8000050c, 0x80000508) WB[M  03: 0x00000001] S E   ExeInst: DASM(00004033)
Cyc=        480 (0x80000004, 0x80000514, 0x80000510, 0x80000510, 0x8000050c) WB[   00: 0x00000000]       ExeInst: DASM(00004033)
Cyc=        481 (0x80000008, 0x80000004, 0x80000514, 0x80000510, 0x80000510) WB[   00: 0x00000000]       ExeInst: DASM(00004033)
Cyc=        482 (0x8000000c, 0x80000008, 0x80000004, 0x80000514, 0x80000510) WB[ Z 00: 0x00000000] S     ExeInst: DASM(34202f73)
Cyc=        483 (0x8000000c, 0x80000008, 0x80000004, 0x80000004, 0x80000514) WB[MZ 00: 0x00000000]       ExeInst: DASM(00004033)
Cyc=        484 (0x80000010, 0x8000000c, 0x80000008, 0x80000004, 0x80000004) WB[M  1e: 0x0000000b]       ExeInst: DASM(00800f93)
Cyc=        485 (0x80000014, 0x80000010, 0x8000000c, 0x80000008, 0x80000004) WB[ Z 00: 0x00000000]       ExeInst: DASM(03ff0a63)
Cyc=        486 (0x80000018, 0x80000014, 0x80000010, 0x8000000c, 0x80000008) WB[M  1f: 0x00000008]       ExeInst: DASM(00900f93)
Cyc=        487 (0x8000001c, 0x80000018, 0x80000014, 0x80000010, 0x8000000c) WB[ Z 14: 0x0000003f]       ExeInst: DASM(03ff0663)
Cyc=        488 (0x80000020, 0x8000001c, 0x80000018, 0x80000014, 0x80000010) WB[M  1f: 0x00000009]       ExeInst: DASM(00b00f93)
Cyc=        489 (0x80000024, 0x80000020, 0x8000001c, 0x80000018, 0x80000014) WB[ Z 0c: 0x00000037]   B   ExeInst: DASM(03ff0263)
Cyc=        490 (0x80000040, 0x80000024, 0x80000020, 0x8000001c, 0x80000018) WB[M  1f: 0x0000000b]       ExeInst: DASM(00004033)
Cyc=        491 (0x80000044, 0x80000040, 0x80000024, 0x80000020, 0x8000001c) WB[   04: 0x0000002f]       ExeInst: DASM(00004033)
Cyc=        492 (0x80000048, 0x80000044, 0x80000040, 0x80000024, 0x80000020) WB[ Z 00: 0x00000020]       ExeInst: DASM(00001f17)
Cyc=        493 (0x8000004c, 0x80000048, 0x80000044, 0x80000040, 0x80000024) WB[MZ 00: 0x00000000]       ExeInst: DASM(fc3f2023)
Cyc=        494 (0x80000050, 0x8000004c, 0x80000048, 0x80000044, 0x80000040) WB[M  1e: 0x80001040]   B   ExeInst: DASM(ff9ff06f)
Cyc=        495 (0x80000040, 0x80000050, 0x8000004c, 0x80000048, 0x80000044) WB[ Z 00: 0x80001000]       ExeInst: DASM(00004033)
Cyc=        496 (0x80000044, 0x80000040, 0x80000050, 0x8000004c, 0x80000048) WB[M  00: 0x8000004c]       ExeInst: DASM(00004033)
Cyc=        497 (0x80000048, 0x80000044, 0x80000040, 0x80000050, 0x8000004c) WB[ Z 00: 0x00000000]       ExeInst: DASM(00001f17)
Cyc=        498 (0x8000004c, 0x80000048, 0x80000044, 0x80000040, 0x80000050) WB[MZ 00: 0x00000000]       ExeInst: DASM(fc3f2023)
Cyc=        499 (0x80000050, 0x8000004c, 0x80000048, 0x80000044, 0x80000040) WB[M  1e: 0x80001040]   B   ExeInst: DASM(ff9ff06f)
Cyc=        500 (0x80000040, 0x80000050, 0x8000004c, 0x80000048, 0x80000044) WB[ Z 00: 0x80001000]       ExeInst: DASM(00004033)
Cyc=        501 (0x80000044, 0x80000040, 0x80000050, 0x8000004c, 0x80000048) WB[M  00: 0x8000004c]       ExeInst: DASM(00004033)
Cyc=        502 (0x80000048, 0x80000044, 0x80000040, 0x80000050, 0x8000004c) WB[ Z 00: 0x00000000]       ExeInst: DASM(00001f17)
Cyc=        503 (0x8000004c, 0x80000048, 0x80000044, 0x80000040, 0x80000050) WB[MZ 00: 0x00000000]       ExeInst: DASM(fc3f2023)
Cyc=        504 (0x80000050, 0x8000004c, 0x80000048, 0x80000044, 0x80000040) WB[M  1e: 0x80001040]   B   ExeInst: DASM(ff9ff06f)
Cyc=        505 (0x80000040, 0x80000050, 0x8000004c, 0x80000048, 0x80000044) WB[ Z 00: 0x80001000]       ExeInst: DASM(00004033)
Cyc=        506 (0x80000044, 0x80000040, 0x80000050, 0x8000004c, 0x80000048) WB[M  00: 0x8000004c]       ExeInst: DASM(00004033)
Cyc=        507 (0x80000048, 0x80000044, 0x80000040, 0x80000050, 0x8000004c) WB[ Z 00: 0x00000000]       ExeInst: DASM(00001f17)
Cyc=        508 (0x8000004c, 0x80000048, 0x80000044, 0x80000040, 0x80000050) WB[MZ 00: 0x00000000]       ExeInst: DASM(fc3f2023)
Cyc=        509 (0x80000050, 0x8000004c, 0x80000048, 0x80000044, 0x80000040) WB[M  1e: 0x80001040]   B   ExeInst: DASM(ff9ff06f)
Cyc=        510 (0x80000040, 0x80000050, 0x8000004c, 0x80000048, 0x80000044) WB[ Z 00: 0x80001000]       ExeInst: DASM(00004033)
Cyc=        511 (0x80000044, 0x80000040, 0x80000050, 0x8000004c, 0x80000048) WB[M  00: 0x8000004c]       ExeInst: DASM(00004033)
Cyc=        512 (0x80000048, 0x80000044, 0x80000040, 0x80000050, 0x8000004c) WB[ Z 00: 0x00000000]       ExeInst: DASM(00001f17)
Cyc=        513 (0x8000004c, 0x80000048, 0x80000044, 0x80000040, 0x80000050) WB[MZ 00: 0x00000000]       ExeInst: DASM(fc3f2023)
Cyc=        514 (0x80000050, 0x8000004c, 0x80000048, 0x80000044, 0x80000040) WB[M  1e: 0x80001040]   B   ExeInst: DASM(ff9ff06f)
Cyc=        515 (0x80000040, 0x80000050, 0x8000004c, 0x80000048, 0x80000044) WB[ Z 00: 0x80001000]       ExeInst: DASM(00004033)
Cyc=        516 (0x80000044, 0x80000040, 0x80000050, 0x8000004c, 0x80000048) WB[M  00: 0x8000004c]       ExeInst: DASM(00004033)
Cyc=        517 (0x80000048, 0x80000044, 0x80000040, 0x80000050, 0x8000004c) WB[ Z 00: 0x00000000]       ExeInst: DASM(00001f17)
Cyc=        518 (0x8000004c, 0x80000048, 0x80000044, 0x80000040, 0x80000050) WB[MZ 00: 0x00000000]       ExeInst: DASM(fc3f2023)
Cyc=        519 (0x80000050, 0x8000004c, 0x80000048, 0x80000044, 0x80000040) WB[M  1e: 0x80001040]   B   ExeInst: DASM(ff9ff06f)
*** PASSED ***
