Instantiated DTM.
Cyc=          0 (0x80000000, 0x00000000, 0x00000000, 0x00000000, 0x00000000) WB[   00: 0x00000000]       ExeInst: DASM(00004033)
Cyc=          1 (0x80000004, 0x80000000, 0x00000000, 0x00000000, 0x00000000) WB[   00: 0x00000000]       ExeInst: DASM(00004033)
Cyc=          2 (0x80000008, 0x80000004, 0x80000000, 0x00000000, 0x00000000) WB[ Z 00: 0x00000000]   B   ExeInst: DASM(04c0006f)
Cyc=          3 (0x8000004c, 0x80000008, 0x80000004, 0x80000000, 0x00000000) WB[MZ 00: 0x00000000]       ExeInst: DASM(00004033)
Cyc=          4 (0x80000050, 0x8000004c, 0x80000008, 0x80000004, 0x80000000) WB[M  00: 0x80000004]       ExeInst: DASM(00004033)
Cyc=          5 (0x80000054, 0x80000050, 0x8000004c, 0x80000008, 0x80000004) WB[ Z 00: 0x00000000] S     ExeInst: DASM(f1402573)
Cyc=          6 (0x80000054, 0x80000050, 0x8000004c, 0x8000004c, 0x80000008) WB[MZ 00: 0x00000000]       ExeInst: DASM(00004033)
Cyc=          7 (0x80000058, 0x80000054, 0x80000050, 0x8000004c, 0x8000004c) WB[M  0a: 0x00000000]       ExeInst: DASM(00051063)
Cyc=          8 (0x8000005c, 0x80000058, 0x80000054, 0x80000050, 0x8000004c) WB[   00: 0x00000000]       ExeInst: DASM(00000297)
Cyc=          9 (0x80000060, 0x8000005c, 0x80000058, 0x80000054, 0x80000050) WB[ Z 00: 0x00000000]       ExeInst: DASM(01028293)
Cyc=         10 (0x80000064, 0x80000060, 0x8000005c, 0x80000058, 0x80000054) WB[MZ 05: 0x80000054] S     ExeInst: DASM(30529073)
Cyc=         11 (0x80000064, 0x80000060, 0x8000005c, 0x8000005c, 0x80000058) WB[MZ 05: 0x80000064]       ExeInst: DASM(00004033)
Cyc=         12 (0x80000068, 0x80000064, 0x80000060, 0x8000005c, 0x8000005c) WB[M  00: 0x00000100] S     ExeInst: DASM(18005073)
Cyc=         13 (0x80000068, 0x80000064, 0x80000060, 0x80000060, 0x8000005c) WB[ Z 00: 0x00000000]       ExeInst: DASM(00004033)
Cyc=         14 (0x8000006c, 0x80000068, 0x80000064, 0x80000060, 0x80000060) WB[M  00: 0x00000000]       ExeInst: DASM(00000297)
Cyc=         15 (0x80000070, 0x8000006c, 0x80000068, 0x80000064, 0x80000060) WB[ Z 00: 0x00000000]       ExeInst: DASM(01c28293)
Cyc=         16 (0x80000074, 0x80000070, 0x8000006c, 0x80000068, 0x80000064) WB[MZ 05: 0x80000064] S     ExeInst: DASM(30529073)
Cyc=         17 (0x80000074, 0x80000070, 0x8000006c, 0x8000006c, 0x80000068) WB[MZ 05: 0x80000080]       ExeInst: DASM(00004033)
Cyc=         18 (0x80000078, 0x80000074, 0x80000070, 0x8000006c, 0x8000006c) WB[M  00: 0x00000100]       ExeInst: DASM(fff00293)
Cyc=         19 (0x8000007c, 0x80000078, 0x80000074, 0x80000070, 0x8000006c) WB[ Z 00: 0x00000000] S     ExeInst: DASM(3b029073)
Cyc=         20 (0x8000007c, 0x80000078, 0x80000074, 0x80000074, 0x80000070) WB[MZ 05: 0xffffffff]       ExeInst: DASM(00004033)
Cyc=         21 (0x80000080, 0x8000007c, 0x80000078, 0x80000074, 0x80000074) WB[M  00: 0x00000000]       ExeInst: DASM(01f00293)
Cyc=         22 (0x80000084, 0x80000080, 0x8000007c, 0x80000078, 0x80000074) WB[ Z 00: 0x00000000] S     ExeInst: DASM(3a029073)
Cyc=         23 (0x80000084, 0x80000080, 0x8000007c, 0x8000007c, 0x80000078) WB[MZ 05: 0x0000001f]       ExeInst: DASM(00004033)
Cyc=         24 (0x80000088, 0x80000084, 0x80000080, 0x8000007c, 0x8000007c) WB[M  00: 0x00000000]       ExeInst: DASM(00000297)
Cyc=         25 (0x8000008c, 0x80000088, 0x80000084, 0x80000080, 0x8000007c) WB[ Z 00: 0x00000000]       ExeInst: DASM(01828293)
Cyc=         26 (0x80000090, 0x8000008c, 0x80000088, 0x80000084, 0x80000080) WB[MZ 05: 0x80000080] S     ExeInst: DASM(30529073)
Cyc=         27 (0x80000090, 0x8000008c, 0x80000088, 0x80000088, 0x80000084) WB[MZ 05: 0x80000098]       ExeInst: DASM(00004033)
Cyc=         28 (0x80000094, 0x80000090, 0x8000008c, 0x80000088, 0x80000088) WB[M  00: 0x00000100] S     ExeInst: DASM(30205073)
Cyc=         29 (0x80000094, 0x80000090, 0x8000008c, 0x8000008c, 0x80000088) WB[ Z 00: 0x00000000]       ExeInst: DASM(00004033)
Cyc=         30 (0x80000098, 0x80000094, 0x80000090, 0x8000008c, 0x8000008c) WB[M  00: 0x00000000] S     ExeInst: DASM(30305073)
Cyc=         31 (0x80000098, 0x80000094, 0x80000090, 0x80000090, 0x8000008c) WB[ Z 00: 0x00000000]       ExeInst: DASM(00004033)
Cyc=         32 (0x8000009c, 0x80000098, 0x80000094, 0x80000090, 0x80000090) WB[M  00: 0x00000000] S     ExeInst: DASM(30405073)
Cyc=         33 (0x8000009c, 0x80000098, 0x80000094, 0x80000094, 0x80000090) WB[ Z 00: 0x00000000]       ExeInst: DASM(00004033)
Cyc=         34 (0x800000a0, 0x8000009c, 0x80000098, 0x80000094, 0x80000094) WB[M  00: 0x00000000]       ExeInst: DASM(00000193)
Cyc=         35 (0x800000a4, 0x800000a0, 0x8000009c, 0x80000098, 0x80000094) WB[ Z 00: 0x00000000]       ExeInst: DASM(00000297)
Cyc=         36 (0x800000a8, 0x800000a4, 0x800000a0, 0x8000009c, 0x80000098) WB[MZ 03: 0x00000000]       ExeInst: DASM(f6828293)
Cyc=         37 (0x800000ac, 0x800000a8, 0x800000a4, 0x800000a0, 0x8000009c) WB[MZ 05: 0x8000009c] S     ExeInst: DASM(30529073)
Cyc=         38 (0x800000ac, 0x800000a8, 0x800000a4, 0x800000a4, 0x800000a0) WB[MZ 05: 0x80000004]       ExeInst: DASM(00004033)
Cyc=         39 (0x800000b0, 0x800000ac, 0x800000a8, 0x800000a4, 0x800000a4) WB[M  00: 0x00000100]       ExeInst: DASM(00100513)
Cyc=         40 (0x800000b4, 0x800000b0, 0x800000ac, 0x800000a8, 0x800000a4) WB[ Z 00: 0x00000000]       ExeInst: DASM(01f51513)
Cyc=         41 (0x800000b8, 0x800000b4, 0x800000b0, 0x800000ac, 0x800000a8) WB[MZ 0a: 0x00000001]   B   ExeInst: DASM(00054863)
Cyc=         42 (0x800000c0, 0x800000b8, 0x800000b4, 0x800000b0, 0x800000ac) WB[M  0a: 0x80000000]       ExeInst: DASM(00004033)
Cyc=         43 (0x800000c4, 0x800000c0, 0x800000b8, 0x800000b4, 0x800000b0) WB[   10: 0x80000010]       ExeInst: DASM(00004033)
Cyc=         44 (0x800000c8, 0x800000c4, 0x800000c0, 0x800000b8, 0x800000b4) WB[ Z 00: 0x00000000]       ExeInst: DASM(80000297)
Cyc=         45 (0x800000cc, 0x800000c8, 0x800000c4, 0x800000c0, 0x800000b8) WB[MZ 00: 0x00000000]       ExeInst: DASM(f4028293)
Cyc=         46 (0x800000d0, 0x800000cc, 0x800000c8, 0x800000c4, 0x800000c0) WB[MZ 05: 0x000000c0]   B   ExeInst: DASM(00028e63)
Cyc=         47 (0x800000e4, 0x800000d0, 0x800000cc, 0x800000c8, 0x800000c4) WB[M  05: 0x00000000]       ExeInst: DASM(00004033)
Cyc=         48 (0x800000e8, 0x800000e4, 0x800000d0, 0x800000cc, 0x800000c8) WB[   1c: 0x0000001c]       ExeInst: DASM(00004033)
Cyc=         49 (0x800000ec, 0x800000e8, 0x800000e4, 0x800000d0, 0x800000cc) WB[ Z 00: 0x00000000] S     ExeInst: DASM(30005073)
Cyc=         50 (0x800000ec, 0x800000e8, 0x800000e4, 0x800000e4, 0x800000d0) WB[MZ 00: 0x00000000]       ExeInst: DASM(00004033)
Cyc=         51 (0x800000f0, 0x800000ec, 0x800000e8, 0x800000e4, 0x800000e4) WB[M  00: 0x00001800]       ExeInst: DASM(00000297)
Cyc=         52 (0x800000f4, 0x800000f0, 0x800000ec, 0x800000e8, 0x800000e4) WB[ Z 00: 0x00000000]       ExeInst: DASM(01428293)
Cyc=         53 (0x800000f8, 0x800000f4, 0x800000f0, 0x800000ec, 0x800000e8) WB[MZ 05: 0x800000e8] S     ExeInst: DASM(34129073)
Cyc=         54 (0x800000f8, 0x800000f4, 0x800000f0, 0x800000f0, 0x800000ec) WB[MZ 05: 0x800000fc]       ExeInst: DASM(00004033)
Cyc=         55 (0x800000fc, 0x800000f8, 0x800000f4, 0x800000f0, 0x800000f0) WB[M  00: 0x00000000] S     ExeInst: DASM(f1402573)
Cyc=         56 (0x800000fc, 0x800000f8, 0x800000f4, 0x800000f4, 0x800000f0) WB[ Z 00: 0x00000000]       ExeInst: DASM(00004033)
Cyc=         57 (0x80000100, 0x800000fc, 0x800000f8, 0x800000f4, 0x800000f4) WB[M  0a: 0x00000000]       ExeInst: DASM(30200073)
Cyc=         58 (0x80000104, 0x80000100, 0x800000fc, 0x800000f8, 0x800000f4) WB[   00: 0x00000000]   E   ExeInst: DASM(00004033)
Cyc=         59 (0x800000fc, 0x80000100, 0x800000fc, 0x800000fc, 0x800000f8) WB[   00: 0x00000000]       ExeInst: DASM(00004033)
Cyc=         60 (0x80000100, 0x800000fc, 0x80000100, 0x800000fc, 0x800000fc) WB[   00: 0x00000000]       ExeInst: DASM(00004033)
Cyc=         61 (0x80000104, 0x80000100, 0x800000fc, 0x80000100, 0x800000fc) WB[ Z 00: 0x0000006f]       ExeInst: DASM(06f00693)
Cyc=         62 (0x80000108, 0x80000104, 0x80000100, 0x800000fc, 0x80000100) WB[MZ 00: 0x00000000]       ExeInst: DASM(00002517)
Cyc=         63 (0x8000010c, 0x80000108, 0x80000104, 0x80000100, 0x800000fc) WB[MZ 0d: 0x0000006f]       ExeInst: DASM(f0051503)
Cyc=         64 (0x80000110, 0x8000010c, 0x80000108, 0x80000104, 0x80000100) WB[MZ 0a: 0x80002100]       ExeInst: DASM(00002597)
Cyc=         65 (0x80000114, 0x80000110, 0x8000010c, 0x80000108, 0x80000104) WB[MZ 0a: 0xffff8693]       ExeInst: DASM(efa59583)
Cyc=         66 (0x80000118, 0x80000114, 0x80000110, 0x8000010c, 0x80000108) WB[MZ 0b: 0x80002108]       ExeInst: DASM(00000013)
Cyc=         67 (0x8000011c, 0x80000118, 0x80000114, 0x80000110, 0x8000010c) WB[MZ 0b: 0x000014d6]       ExeInst: DASM(00000013)
Cyc=         68 (0x80000120, 0x8000011c, 0x80000118, 0x80000114, 0x80000110) WB[MZ 00: 0x00000000]       ExeInst: DASM(00000013)
Cyc=         69 (0x80000124, 0x80000120, 0x8000011c, 0x80000118, 0x80000114) WB[MZ 00: 0x00000000]       ExeInst: DASM(00000013)
Cyc=         70 (0x80000128, 0x80000124, 0x80000120, 0x8000011c, 0x80000118) WB[MZ 00: 0x00000000]       ExeInst: DASM(00000013)
Cyc=         71 (0x8000012c, 0x80000128, 0x80000124, 0x80000120, 0x8000011c) WB[MZ 00: 0x00000000]       ExeInst: DASM(00000013)
Cyc=         72 (0x80000130, 0x8000012c, 0x80000128, 0x80000124, 0x80000120) WB[MZ 00: 0x00000000]       ExeInst: DASM(00000013)
Cyc=         73 (0x80000134, 0x80000130, 0x8000012c, 0x80000128, 0x80000124) WB[MZ 00: 0x00000000]       ExeInst: DASM(00000013)
Cyc=         74 (0x80000138, 0x80000134, 0x80000130, 0x8000012c, 0x80000128) WB[MZ 00: 0x00000000]       ExeInst: DASM(00000013)
Cyc=         75 (0x8000013c, 0x80000138, 0x80000134, 0x80000130, 0x8000012c) WB[MZ 00: 0x00000000]       ExeInst: DASM(00000013)
Cyc=         76 (0x80000140, 0x8000013c, 0x80000138, 0x80000134, 0x80000130) WB[MZ 00: 0x00000000]       ExeInst: DASM(00000013)
Cyc=         77 (0x80000144, 0x80000140, 0x8000013c, 0x80000138, 0x80000134) WB[MZ 00: 0x00000000]       ExeInst: DASM(00000013)
Cyc=         78 (0x80000148, 0x80000144, 0x80000140, 0x8000013c, 0x80000138) WB[MZ 00: 0x00000000]       ExeInst: DASM(00000297)
Cyc=         79 (0x8000014c, 0x80000148, 0x80000144, 0x80000140, 0x8000013c) WB[MZ 00: 0x00000000]       ExeInst: DASM(00a29a23)
Cyc=         80 (0x80000150, 0x8000014c, 0x80000148, 0x80000144, 0x80000140) WB[M  05: 0x80000140]       ExeInst: DASM(00000297)
Cyc=         81 (0x80000154, 0x80000150, 0x8000014c, 0x80000148, 0x80000144) WB[ Z 14: 0x80000154]       ExeInst: DASM(00b29723)
Cyc=         82 (0x80000154, 0x80000154, 0x80000150, 0x8000014c, 0x80000148) WB[M  05: 0x80000148]       ExeInst: DASM(0000100f)
Cyc=         83 (0x80000154, 0x80000154, 0x80000154, 0x80000150, 0x8000014c) WB[   0e: 0x80000156]       ExeInst: DASM(00004033)
Cyc=         84 (0x80000158, 0x80000154, 0x80000154, 0x80000154, 0x80000150) WB[ Z 00: 0x00000000]       ExeInst: DASM(00004033)
Cyc=         85 (0x8000015c, 0x80000158, 0x80000154, 0x80000154, 0x80000154) WB[MZ 00: 0x00000000]       ExeInst: DASM(14d68693)
Cyc=         86 (0x80000160, 0x8000015c, 0x80000158, 0x80000154, 0x80000154) WB[MZ 00: 0x00000000]       ExeInst: DASM(00000013)
Cyc=         87 (0x80000164, 0x80000160, 0x8000015c, 0x80000158, 0x80000154) WB[MZ 0d: 0x000001bc]       ExeInst: DASM(1bc00e93)
Cyc=         88 (0x80000168, 0x80000164, 0x80000160, 0x8000015c, 0x80000158) WB[MZ 00: 0x00000000]       ExeInst: DASM(00200193)
Cyc=         89 (0x8000016c, 0x80000168, 0x80000164, 0x80000160, 0x8000015c) WB[MZ 1d: 0x000001bc]       ExeInst: DASM(07d69a63)
Cyc=         90 (0x80000170, 0x8000016c, 0x80000168, 0x80000164, 0x80000160) WB[M  03: 0x00000002]       ExeInst: DASM(06400713)
Cyc=         91 (0x80000174, 0x80000170, 0x8000016c, 0x80000168, 0x80000164) WB[ Z 14: 0x00000230]       ExeInst: DASM(fff70713)
Cyc=         92 (0x80000178, 0x80000174, 0x80000170, 0x8000016c, 0x80000168) WB[MZ 0e: 0x00000064]   B   ExeInst: DASM(fe071ee3)
Cyc=         93 (0x8000016c, 0x80000178, 0x80000174, 0x80000170, 0x8000016c) WB[M  0e: 0x00000063]       ExeInst: DASM(00004033)
Cyc=         94 (0x80000170, 0x8000016c, 0x80000178, 0x80000174, 0x80000170) WB[   1d: 0x0000005f]       ExeInst: DASM(00004033)
Cyc=         95 (0x80000174, 0x80000170, 0x8000016c, 0x80000178, 0x80000174) WB[ Z 00: 0x80000174]       ExeInst: DASM(fff70713)
Cyc=         96 (0x80000178, 0x80000174, 0x80000170, 0x8000016c, 0x80000178) WB[MZ 00: 0x00000000]   B   ExeInst: DASM(fe071ee3)
Cyc=         97 (0x8000016c, 0x80000178, 0x80000174, 0x80000170, 0x8000016c) WB[M  0e: 0x00000062]       ExeInst: DASM(00004033)
Cyc=         98 (0x80000170, 0x8000016c, 0x80000178, 0x80000174, 0x80000170) WB[   1d: 0x0000005e]       ExeInst: DASM(00004033)
Cyc=         99 (0x80000174, 0x80000170, 0x8000016c, 0x80000178, 0x80000174) WB[ Z 00: 0x80000174]       ExeInst: DASM(fff70713)
Cyc=        100 (0x80000178, 0x80000174, 0x80000170, 0x8000016c, 0x80000178) WB[MZ 00: 0x00000000]   B   ExeInst: DASM(fe071ee3)
Cyc=        101 (0x8000016c, 0x80000178, 0x80000174, 0x80000170, 0x8000016c) WB[M  0e: 0x00000061]       ExeInst: DASM(00004033)
Cyc=        102 (0x80000170, 0x8000016c, 0x80000178, 0x80000174, 0x80000170) WB[   1d: 0x0000005d]       ExeInst: DASM(00004033)
Cyc=        103 (0x80000174, 0x80000170, 0x8000016c, 0x80000178, 0x80000174) WB[ Z 00: 0x80000174]       ExeInst: DASM(fff70713)
Cyc=        104 (0x80000178, 0x80000174, 0x80000170, 0x8000016c, 0x80000178) WB[MZ 00: 0x00000000]   B   ExeInst: DASM(fe071ee3)
Cyc=        105 (0x8000016c, 0x80000178, 0x80000174, 0x80000170, 0x8000016c) WB[M  0e: 0x00000060]       ExeInst: DASM(00004033)
Cyc=        106 (0x80000170, 0x8000016c, 0x80000178, 0x80000174, 0x80000170) WB[   1d: 0x0000005c]       ExeInst: DASM(00004033)
Cyc=        107 (0x80000174, 0x80000170, 0x8000016c, 0x80000178, 0x80000174) WB[ Z 00: 0x80000174]       ExeInst: DASM(fff70713)
Cyc=        108 (0x80000178, 0x80000174, 0x80000170, 0x8000016c, 0x80000178) WB[MZ 00: 0x00000000]   B   ExeInst: DASM(fe071ee3)
Cyc=        109 (0x8000016c, 0x80000178, 0x80000174, 0x80000170, 0x8000016c) WB[M  0e: 0x0000005f]       ExeInst: DASM(00004033)
Cyc=        110 (0x80000170, 0x8000016c, 0x80000178, 0x80000174, 0x80000170) WB[   1d: 0x0000005b]       ExeInst: DASM(00004033)
Cyc=        111 (0x80000174, 0x80000170, 0x8000016c, 0x80000178, 0x80000174) WB[ Z 00: 0x80000174]       ExeInst: DASM(fff70713)
Cyc=        112 (0x80000178, 0x80000174, 0x80000170, 0x8000016c, 0x80000178) WB[MZ 00: 0x00000000]   B   ExeInst: DASM(fe071ee3)
Cyc=        113 (0x8000016c, 0x80000178, 0x80000174, 0x80000170, 0x8000016c) WB[M  0e: 0x0000005e]       ExeInst: DASM(00004033)
Cyc=        114 (0x80000170, 0x8000016c, 0x80000178, 0x80000174, 0x80000170) WB[   1d: 0x0000005a]       ExeInst: DASM(00004033)
Cyc=        115 (0x80000174, 0x80000170, 0x8000016c, 0x80000178, 0x80000174) WB[ Z 00: 0x80000174]       ExeInst: DASM(fff70713)
Cyc=        116 (0x80000178, 0x80000174, 0x80000170, 0x8000016c, 0x80000178) WB[MZ 00: 0x00000000]   B   ExeInst: DASM(fe071ee3)
Cyc=        117 (0x8000016c, 0x80000178, 0x80000174, 0x80000170, 0x8000016c) WB[M  0e: 0x0000005d]       ExeInst: DASM(00004033)
Cyc=        118 (0x80000170, 0x8000016c, 0x80000178, 0x80000174, 0x80000170) WB[   1d: 0x00000059]       ExeInst: DASM(00004033)
Cyc=        119 (0x80000174, 0x80000170, 0x8000016c, 0x80000178, 0x80000174) WB[ Z 00: 0x80000174]       ExeInst: DASM(fff70713)
Cyc=        120 (0x80000178, 0x80000174, 0x80000170, 0x8000016c, 0x80000178) WB[MZ 00: 0x00000000]   B   ExeInst: DASM(fe071ee3)
Cyc=        121 (0x8000016c, 0x80000178, 0x80000174, 0x80000170, 0x8000016c) WB[M  0e: 0x0000005c]       ExeInst: DASM(00004033)
Cyc=        122 (0x80000170, 0x8000016c, 0x80000178, 0x80000174, 0x80000170) WB[   1d: 0x00000058]       ExeInst: DASM(00004033)
Cyc=        123 (0x80000174, 0x80000170, 0x8000016c, 0x80000178, 0x80000174) WB[ Z 00: 0x80000174]       ExeInst: DASM(fff70713)
Cyc=        124 (0x80000178, 0x80000174, 0x80000170, 0x8000016c, 0x80000178) WB[MZ 00: 0x00000000]   B   ExeInst: DASM(fe071ee3)
Cyc=        125 (0x8000016c, 0x80000178, 0x80000174, 0x80000170, 0x8000016c) WB[M  0e: 0x0000005b]       ExeInst: DASM(00004033)
Cyc=        126 (0x80000170, 0x8000016c, 0x80000178, 0x80000174, 0x80000170) WB[   1d: 0x00000057]       ExeInst: DASM(00004033)
Cyc=        127 (0x80000174, 0x80000170, 0x8000016c, 0x80000178, 0x80000174) WB[ Z 00: 0x80000174]       ExeInst: DASM(fff70713)
Cyc=        128 (0x80000178, 0x80000174, 0x80000170, 0x8000016c, 0x80000178) WB[MZ 00: 0x00000000]   B   ExeInst: DASM(fe071ee3)
Cyc=        129 (0x8000016c, 0x80000178, 0x80000174, 0x80000170, 0x8000016c) WB[M  0e: 0x0000005a]       ExeInst: DASM(00004033)
Cyc=        130 (0x80000170, 0x8000016c, 0x80000178, 0x80000174, 0x80000170) WB[   1d: 0x00000056]       ExeInst: DASM(00004033)
Cyc=        131 (0x80000174, 0x80000170, 0x8000016c, 0x80000178, 0x80000174) WB[ Z 00: 0x80000174]       ExeInst: DASM(fff70713)
Cyc=        132 (0x80000178, 0x80000174, 0x80000170, 0x8000016c, 0x80000178) WB[MZ 00: 0x00000000]   B   ExeInst: DASM(fe071ee3)
Cyc=        133 (0x8000016c, 0x80000178, 0x80000174, 0x80000170, 0x8000016c) WB[M  0e: 0x00000059]       ExeInst: DASM(00004033)
Cyc=        134 (0x80000170, 0x8000016c, 0x80000178, 0x80000174, 0x80000170) WB[   1d: 0x00000055]       ExeInst: DASM(00004033)
Cyc=        135 (0x80000174, 0x80000170, 0x8000016c, 0x80000178, 0x80000174) WB[ Z 00: 0x80000174]       ExeInst: DASM(fff70713)
Cyc=        136 (0x80000178, 0x80000174, 0x80000170, 0x8000016c, 0x80000178) WB[MZ 00: 0x00000000]   B   ExeInst: DASM(fe071ee3)
Cyc=        137 (0x8000016c, 0x80000178, 0x80000174, 0x80000170, 0x8000016c) WB[M  0e: 0x00000058]       ExeInst: DASM(00004033)
Cyc=        138 (0x80000170, 0x8000016c, 0x80000178, 0x80000174, 0x80000170) WB[   1d: 0x00000054]       ExeInst: DASM(00004033)
Cyc=        139 (0x80000174, 0x80000170, 0x8000016c, 0x80000178, 0x80000174) WB[ Z 00: 0x80000174]       ExeInst: DASM(fff70713)
Cyc=        140 (0x80000178, 0x80000174, 0x80000170, 0x8000016c, 0x80000178) WB[MZ 00: 0x00000000]   B   ExeInst: DASM(fe071ee3)
Cyc=        141 (0x8000016c, 0x80000178, 0x80000174, 0x80000170, 0x8000016c) WB[M  0e: 0x00000057]       ExeInst: DASM(00004033)
Cyc=        142 (0x80000170, 0x8000016c, 0x80000178, 0x80000174, 0x80000170) WB[   1d: 0x00000053]       ExeInst: DASM(00004033)
Cyc=        143 (0x80000174, 0x80000170, 0x8000016c, 0x80000178, 0x80000174) WB[ Z 00: 0x80000174]       ExeInst: DASM(fff70713)
Cyc=        144 (0x80000178, 0x80000174, 0x80000170, 0x8000016c, 0x80000178) WB[MZ 00: 0x00000000]   B   ExeInst: DASM(fe071ee3)
Cyc=        145 (0x8000016c, 0x80000178, 0x80000174, 0x80000170, 0x8000016c) WB[M  0e: 0x00000056]       ExeInst: DASM(00004033)
Cyc=        146 (0x80000170, 0x8000016c, 0x80000178, 0x80000174, 0x80000170) WB[   1d: 0x00000052]       ExeInst: DASM(00004033)
Cyc=        147 (0x80000174, 0x80000170, 0x8000016c, 0x80000178, 0x80000174) WB[ Z 00: 0x80000174]       ExeInst: DASM(fff70713)
Cyc=        148 (0x80000178, 0x80000174, 0x80000170, 0x8000016c, 0x80000178) WB[MZ 00: 0x00000000]   B   ExeInst: DASM(fe071ee3)
Cyc=        149 (0x8000016c, 0x80000178, 0x80000174, 0x80000170, 0x8000016c) WB[M  0e: 0x00000055]       ExeInst: DASM(00004033)
Cyc=        150 (0x80000170, 0x8000016c, 0x80000178, 0x80000174, 0x80000170) WB[   1d: 0x00000051]       ExeInst: DASM(00004033)
Cyc=        151 (0x80000174, 0x80000170, 0x8000016c, 0x80000178, 0x80000174) WB[ Z 00: 0x80000174]       ExeInst: DASM(fff70713)
Cyc=        152 (0x80000178, 0x80000174, 0x80000170, 0x8000016c, 0x80000178) WB[MZ 00: 0x00000000]   B   ExeInst: DASM(fe071ee3)
Cyc=        153 (0x8000016c, 0x80000178, 0x80000174, 0x80000170, 0x8000016c) WB[M  0e: 0x00000054]       ExeInst: DASM(00004033)
Cyc=        154 (0x80000170, 0x8000016c, 0x80000178, 0x80000174, 0x80000170) WB[   1d: 0x00000050]       ExeInst: DASM(00004033)
Cyc=        155 (0x80000174, 0x80000170, 0x8000016c, 0x80000178, 0x80000174) WB[ Z 00: 0x80000174]       ExeInst: DASM(fff70713)
Cyc=        156 (0x80000178, 0x80000174, 0x80000170, 0x8000016c, 0x80000178) WB[MZ 00: 0x00000000]   B   ExeInst: DASM(fe071ee3)
Cyc=        157 (0x8000016c, 0x80000178, 0x80000174, 0x80000170, 0x8000016c) WB[M  0e: 0x00000053]       ExeInst: DASM(00004033)
Cyc=        158 (0x80000170, 0x8000016c, 0x80000178, 0x80000174, 0x80000170) WB[   1d: 0x0000004f]       ExeInst: DASM(00004033)
Cyc=        159 (0x80000174, 0x80000170, 0x8000016c, 0x80000178, 0x80000174) WB[ Z 00: 0x80000174]       ExeInst: DASM(fff70713)
Cyc=        160 (0x80000178, 0x80000174, 0x80000170, 0x8000016c, 0x80000178) WB[MZ 00: 0x00000000]   B   ExeInst: DASM(fe071ee3)
Cyc=        161 (0x8000016c, 0x80000178, 0x80000174, 0x80000170, 0x8000016c) WB[M  0e: 0x00000052]       ExeInst: DASM(00004033)
Cyc=        162 (0x80000170, 0x8000016c, 0x80000178, 0x80000174, 0x80000170) WB[   1d: 0x0000004e]       ExeInst: DASM(00004033)
Cyc=        163 (0x80000174, 0x80000170, 0x8000016c, 0x80000178, 0x80000174) WB[ Z 00: 0x80000174]       ExeInst: DASM(fff70713)
Cyc=        164 (0x80000178, 0x80000174, 0x80000170, 0x8000016c, 0x80000178) WB[MZ 00: 0x00000000]   B   ExeInst: DASM(fe071ee3)
Cyc=        165 (0x8000016c, 0x80000178, 0x80000174, 0x80000170, 0x8000016c) WB[M  0e: 0x00000051]       ExeInst: DASM(00004033)
Cyc=        166 (0x80000170, 0x8000016c, 0x80000178, 0x80000174, 0x80000170) WB[   1d: 0x0000004d]       ExeInst: DASM(00004033)
Cyc=        167 (0x80000174, 0x80000170, 0x8000016c, 0x80000178, 0x80000174) WB[ Z 00: 0x80000174]       ExeInst: DASM(fff70713)
Cyc=        168 (0x80000178, 0x80000174, 0x80000170, 0x8000016c, 0x80000178) WB[MZ 00: 0x00000000]   B   ExeInst: DASM(fe071ee3)
Cyc=        169 (0x8000016c, 0x80000178, 0x80000174, 0x80000170, 0x8000016c) WB[M  0e: 0x00000050]       ExeInst: DASM(00004033)
Cyc=        170 (0x80000170, 0x8000016c, 0x80000178, 0x80000174, 0x80000170) WB[   1d: 0x0000004c]       ExeInst: DASM(00004033)
Cyc=        171 (0x80000174, 0x80000170, 0x8000016c, 0x80000178, 0x80000174) WB[ Z 00: 0x80000174]       ExeInst: DASM(fff70713)
Cyc=        172 (0x80000178, 0x80000174, 0x80000170, 0x8000016c, 0x80000178) WB[MZ 00: 0x00000000]   B   ExeInst: DASM(fe071ee3)
Cyc=        173 (0x8000016c, 0x80000178, 0x80000174, 0x80000170, 0x8000016c) WB[M  0e: 0x0000004f]       ExeInst: DASM(00004033)
Cyc=        174 (0x80000170, 0x8000016c, 0x80000178, 0x80000174, 0x80000170) WB[   1d: 0x0000004b]       ExeInst: DASM(00004033)
Cyc=        175 (0x80000174, 0x80000170, 0x8000016c, 0x80000178, 0x80000174) WB[ Z 00: 0x80000174]       ExeInst: DASM(fff70713)
Cyc=        176 (0x80000178, 0x80000174, 0x80000170, 0x8000016c, 0x80000178) WB[MZ 00: 0x00000000]   B   ExeInst: DASM(fe071ee3)
Cyc=        177 (0x8000016c, 0x80000178, 0x80000174, 0x80000170, 0x8000016c) WB[M  0e: 0x0000004e]       ExeInst: DASM(00004033)
Cyc=        178 (0x80000170, 0x8000016c, 0x80000178, 0x80000174, 0x80000170) WB[   1d: 0x0000004a]       ExeInst: DASM(00004033)
Cyc=        179 (0x80000174, 0x80000170, 0x8000016c, 0x80000178, 0x80000174) WB[ Z 00: 0x80000174]       ExeInst: DASM(fff70713)
Cyc=        180 (0x80000178, 0x80000174, 0x80000170, 0x8000016c, 0x80000178) WB[MZ 00: 0x00000000]   B   ExeInst: DASM(fe071ee3)
Cyc=        181 (0x8000016c, 0x80000178, 0x80000174, 0x80000170, 0x8000016c) WB[M  0e: 0x0000004d]       ExeInst: DASM(00004033)
Cyc=        182 (0x80000170, 0x8000016c, 0x80000178, 0x80000174, 0x80000170) WB[   1d: 0x00000049]       ExeInst: DASM(00004033)
Cyc=        183 (0x80000174, 0x80000170, 0x8000016c, 0x80000178, 0x80000174) WB[ Z 00: 0x80000174]       ExeInst: DASM(fff70713)
Cyc=        184 (0x80000178, 0x80000174, 0x80000170, 0x8000016c, 0x80000178) WB[MZ 00: 0x00000000]   B   ExeInst: DASM(fe071ee3)
Cyc=        185 (0x8000016c, 0x80000178, 0x80000174, 0x80000170, 0x8000016c) WB[M  0e: 0x0000004c]       ExeInst: DASM(00004033)
Cyc=        186 (0x80000170, 0x8000016c, 0x80000178, 0x80000174, 0x80000170) WB[   1d: 0x00000048]       ExeInst: DASM(00004033)
Cyc=        187 (0x80000174, 0x80000170, 0x8000016c, 0x80000178, 0x80000174) WB[ Z 00: 0x80000174]       ExeInst: DASM(fff70713)
Cyc=        188 (0x80000178, 0x80000174, 0x80000170, 0x8000016c, 0x80000178) WB[MZ 00: 0x00000000]   B   ExeInst: DASM(fe071ee3)
Cyc=        189 (0x8000016c, 0x80000178, 0x80000174, 0x80000170, 0x8000016c) WB[M  0e: 0x0000004b]       ExeInst: DASM(00004033)
Cyc=        190 (0x80000170, 0x8000016c, 0x80000178, 0x80000174, 0x80000170) WB[   1d: 0x00000047]       ExeInst: DASM(00004033)
Cyc=        191 (0x80000174, 0x80000170, 0x8000016c, 0x80000178, 0x80000174) WB[ Z 00: 0x80000174]       ExeInst: DASM(fff70713)
Cyc=        192 (0x80000178, 0x80000174, 0x80000170, 0x8000016c, 0x80000178) WB[MZ 00: 0x00000000]   B   ExeInst: DASM(fe071ee3)
Cyc=        193 (0x8000016c, 0x80000178, 0x80000174, 0x80000170, 0x8000016c) WB[M  0e: 0x0000004a]       ExeInst: DASM(00004033)
Cyc=        194 (0x80000170, 0x8000016c, 0x80000178, 0x80000174, 0x80000170) WB[   1d: 0x00000046]       ExeInst: DASM(00004033)
Cyc=        195 (0x80000174, 0x80000170, 0x8000016c, 0x80000178, 0x80000174) WB[ Z 00: 0x80000174]       ExeInst: DASM(fff70713)
Cyc=        196 (0x80000178, 0x80000174, 0x80000170, 0x8000016c, 0x80000178) WB[MZ 00: 0x00000000]   B   ExeInst: DASM(fe071ee3)
Cyc=        197 (0x8000016c, 0x80000178, 0x80000174, 0x80000170, 0x8000016c) WB[M  0e: 0x00000049]       ExeInst: DASM(00004033)
Cyc=        198 (0x80000170, 0x8000016c, 0x80000178, 0x80000174, 0x80000170) WB[   1d: 0x00000045]       ExeInst: DASM(00004033)
Cyc=        199 (0x80000174, 0x80000170, 0x8000016c, 0x80000178, 0x80000174) WB[ Z 00: 0x80000174]       ExeInst: DASM(fff70713)
Cyc=        200 (0x80000178, 0x80000174, 0x80000170, 0x8000016c, 0x80000178) WB[MZ 00: 0x00000000]   B   ExeInst: DASM(fe071ee3)
Cyc=        201 (0x8000016c, 0x80000178, 0x80000174, 0x80000170, 0x8000016c) WB[M  0e: 0x00000048]       ExeInst: DASM(00004033)
Cyc=        202 (0x80000170, 0x8000016c, 0x80000178, 0x80000174, 0x80000170) WB[   1d: 0x00000044]       ExeInst: DASM(00004033)
Cyc=        203 (0x80000174, 0x80000170, 0x8000016c, 0x80000178, 0x80000174) WB[ Z 00: 0x80000174]       ExeInst: DASM(fff70713)
Cyc=        204 (0x80000178, 0x80000174, 0x80000170, 0x8000016c, 0x80000178) WB[MZ 00: 0x00000000]   B   ExeInst: DASM(fe071ee3)
Cyc=        205 (0x8000016c, 0x80000178, 0x80000174, 0x80000170, 0x8000016c) WB[M  0e: 0x00000047]       ExeInst: DASM(00004033)
Cyc=        206 (0x80000170, 0x8000016c, 0x80000178, 0x80000174, 0x80000170) WB[   1d: 0x00000043]       ExeInst: DASM(00004033)
Cyc=        207 (0x80000174, 0x80000170, 0x8000016c, 0x80000178, 0x80000174) WB[ Z 00: 0x80000174]       ExeInst: DASM(fff70713)
Cyc=        208 (0x80000178, 0x80000174, 0x80000170, 0x8000016c, 0x80000178) WB[MZ 00: 0x00000000]   B   ExeInst: DASM(fe071ee3)
Cyc=        209 (0x8000016c, 0x80000178, 0x80000174, 0x80000170, 0x8000016c) WB[M  0e: 0x00000046]       ExeInst: DASM(00004033)
Cyc=        210 (0x80000170, 0x8000016c, 0x80000178, 0x80000174, 0x80000170) WB[   1d: 0x00000042]       ExeInst: DASM(00004033)
Cyc=        211 (0x80000174, 0x80000170, 0x8000016c, 0x80000178, 0x80000174) WB[ Z 00: 0x80000174]       ExeInst: DASM(fff70713)
Cyc=        212 (0x80000178, 0x80000174, 0x80000170, 0x8000016c, 0x80000178) WB[MZ 00: 0x00000000]   B   ExeInst: DASM(fe071ee3)
Cyc=        213 (0x8000016c, 0x80000178, 0x80000174, 0x80000170, 0x8000016c) WB[M  0e: 0x00000045]       ExeInst: DASM(00004033)
Cyc=        214 (0x80000170, 0x8000016c, 0x80000178, 0x80000174, 0x80000170) WB[   1d: 0x00000041]       ExeInst: DASM(00004033)
Cyc=        215 (0x80000174, 0x80000170, 0x8000016c, 0x80000178, 0x80000174) WB[ Z 00: 0x80000174]       ExeInst: DASM(fff70713)
Cyc=        216 (0x80000178, 0x80000174, 0x80000170, 0x8000016c, 0x80000178) WB[MZ 00: 0x00000000]   B   ExeInst: DASM(fe071ee3)
Cyc=        217 (0x8000016c, 0x80000178, 0x80000174, 0x80000170, 0x8000016c) WB[M  0e: 0x00000044]       ExeInst: DASM(00004033)
Cyc=        218 (0x80000170, 0x8000016c, 0x80000178, 0x80000174, 0x80000170) WB[   1d: 0x00000040]       ExeInst: DASM(00004033)
Cyc=        219 (0x80000174, 0x80000170, 0x8000016c, 0x80000178, 0x80000174) WB[ Z 00: 0x80000174]       ExeInst: DASM(fff70713)
Cyc=        220 (0x80000178, 0x80000174, 0x80000170, 0x8000016c, 0x80000178) WB[MZ 00: 0x00000000]   B   ExeInst: DASM(fe071ee3)
Cyc=        221 (0x8000016c, 0x80000178, 0x80000174, 0x80000170, 0x8000016c) WB[M  0e: 0x00000043]       ExeInst: DASM(00004033)
Cyc=        222 (0x80000170, 0x8000016c, 0x80000178, 0x80000174, 0x80000170) WB[   1d: 0x0000003f]       ExeInst: DASM(00004033)
Cyc=        223 (0x80000174, 0x80000170, 0x8000016c, 0x80000178, 0x80000174) WB[ Z 00: 0x80000174]       ExeInst: DASM(fff70713)
Cyc=        224 (0x80000178, 0x80000174, 0x80000170, 0x8000016c, 0x80000178) WB[MZ 00: 0x00000000]   B   ExeInst: DASM(fe071ee3)
Cyc=        225 (0x8000016c, 0x80000178, 0x80000174, 0x80000170, 0x8000016c) WB[M  0e: 0x00000042]       ExeInst: DASM(00004033)
Cyc=        226 (0x80000170, 0x8000016c, 0x80000178, 0x80000174, 0x80000170) WB[   1d: 0x0000003e]       ExeInst: DASM(00004033)
Cyc=        227 (0x80000174, 0x80000170, 0x8000016c, 0x80000178, 0x80000174) WB[ Z 00: 0x80000174]       ExeInst: DASM(fff70713)
Cyc=        228 (0x80000178, 0x80000174, 0x80000170, 0x8000016c, 0x80000178) WB[MZ 00: 0x00000000]   B   ExeInst: DASM(fe071ee3)
Cyc=        229 (0x8000016c, 0x80000178, 0x80000174, 0x80000170, 0x8000016c) WB[M  0e: 0x00000041]       ExeInst: DASM(00004033)
Cyc=        230 (0x80000170, 0x8000016c, 0x80000178, 0x80000174, 0x80000170) WB[   1d: 0x0000003d]       ExeInst: DASM(00004033)
Cyc=        231 (0x80000174, 0x80000170, 0x8000016c, 0x80000178, 0x80000174) WB[ Z 00: 0x80000174]       ExeInst: DASM(fff70713)
Cyc=        232 (0x80000178, 0x80000174, 0x80000170, 0x8000016c, 0x80000178) WB[MZ 00: 0x00000000]   B   ExeInst: DASM(fe071ee3)
Cyc=        233 (0x8000016c, 0x80000178, 0x80000174, 0x80000170, 0x8000016c) WB[M  0e: 0x00000040]       ExeInst: DASM(00004033)
Cyc=        234 (0x80000170, 0x8000016c, 0x80000178, 0x80000174, 0x80000170) WB[   1d: 0x0000003c]       ExeInst: DASM(00004033)
Cyc=        235 (0x80000174, 0x80000170, 0x8000016c, 0x80000178, 0x80000174) WB[ Z 00: 0x80000174]       ExeInst: DASM(fff70713)
Cyc=        236 (0x80000178, 0x80000174, 0x80000170, 0x8000016c, 0x80000178) WB[MZ 00: 0x00000000]   B   ExeInst: DASM(fe071ee3)
Cyc=        237 (0x8000016c, 0x80000178, 0x80000174, 0x80000170, 0x8000016c) WB[M  0e: 0x0000003f]       ExeInst: DASM(00004033)
Cyc=        238 (0x80000170, 0x8000016c, 0x80000178, 0x80000174, 0x80000170) WB[   1d: 0x0000003b]       ExeInst: DASM(00004033)
Cyc=        239 (0x80000174, 0x80000170, 0x8000016c, 0x80000178, 0x80000174) WB[ Z 00: 0x80000174]       ExeInst: DASM(fff70713)
Cyc=        240 (0x80000178, 0x80000174, 0x80000170, 0x8000016c, 0x80000178) WB[MZ 00: 0x00000000]   B   ExeInst: DASM(fe071ee3)
Cyc=        241 (0x8000016c, 0x80000178, 0x80000174, 0x80000170, 0x8000016c) WB[M  0e: 0x0000003e]       ExeInst: DASM(00004033)
Cyc=        242 (0x80000170, 0x8000016c, 0x80000178, 0x80000174, 0x80000170) WB[   1d: 0x0000003a]       ExeInst: DASM(00004033)
Cyc=        243 (0x80000174, 0x80000170, 0x8000016c, 0x80000178, 0x80000174) WB[ Z 00: 0x80000174]       ExeInst: DASM(fff70713)
Cyc=        244 (0x80000178, 0x80000174, 0x80000170, 0x8000016c, 0x80000178) WB[MZ 00: 0x00000000]   B   ExeInst: DASM(fe071ee3)
Cyc=        245 (0x8000016c, 0x80000178, 0x80000174, 0x80000170, 0x8000016c) WB[M  0e: 0x0000003d]       ExeInst: DASM(00004033)
Cyc=        246 (0x80000170, 0x8000016c, 0x80000178, 0x80000174, 0x80000170) WB[   1d: 0x00000039]       ExeInst: DASM(00004033)
Cyc=        247 (0x80000174, 0x80000170, 0x8000016c, 0x80000178, 0x80000174) WB[ Z 00: 0x80000174]       ExeInst: DASM(fff70713)
Cyc=        248 (0x80000178, 0x80000174, 0x80000170, 0x8000016c, 0x80000178) WB[MZ 00: 0x00000000]   B   ExeInst: DASM(fe071ee3)
Cyc=        249 (0x8000016c, 0x80000178, 0x80000174, 0x80000170, 0x8000016c) WB[M  0e: 0x0000003c]       ExeInst: DASM(00004033)
Cyc=        250 (0x80000170, 0x8000016c, 0x80000178, 0x80000174, 0x80000170) WB[   1d: 0x00000038]       ExeInst: DASM(00004033)
Cyc=        251 (0x80000174, 0x80000170, 0x8000016c, 0x80000178, 0x80000174) WB[ Z 00: 0x80000174]       ExeInst: DASM(fff70713)
Cyc=        252 (0x80000178, 0x80000174, 0x80000170, 0x8000016c, 0x80000178) WB[MZ 00: 0x00000000]   B   ExeInst: DASM(fe071ee3)
Cyc=        253 (0x8000016c, 0x80000178, 0x80000174, 0x80000170, 0x8000016c) WB[M  0e: 0x0000003b]       ExeInst: DASM(00004033)
Cyc=        254 (0x80000170, 0x8000016c, 0x80000178, 0x80000174, 0x80000170) WB[   1d: 0x00000037]       ExeInst: DASM(00004033)
Cyc=        255 (0x80000174, 0x80000170, 0x8000016c, 0x80000178, 0x80000174) WB[ Z 00: 0x80000174]       ExeInst: DASM(fff70713)
Cyc=        256 (0x80000178, 0x80000174, 0x80000170, 0x8000016c, 0x80000178) WB[MZ 00: 0x00000000]   B   ExeInst: DASM(fe071ee3)
Cyc=        257 (0x8000016c, 0x80000178, 0x80000174, 0x80000170, 0x8000016c) WB[M  0e: 0x0000003a]       ExeInst: DASM(00004033)
Cyc=        258 (0x80000170, 0x8000016c, 0x80000178, 0x80000174, 0x80000170) WB[   1d: 0x00000036]       ExeInst: DASM(00004033)
Cyc=        259 (0x80000174, 0x80000170, 0x8000016c, 0x80000178, 0x80000174) WB[ Z 00: 0x80000174]       ExeInst: DASM(fff70713)
Cyc=        260 (0x80000178, 0x80000174, 0x80000170, 0x8000016c, 0x80000178) WB[MZ 00: 0x00000000]   B   ExeInst: DASM(fe071ee3)
Cyc=        261 (0x8000016c, 0x80000178, 0x80000174, 0x80000170, 0x8000016c) WB[M  0e: 0x00000039]       ExeInst: DASM(00004033)
Cyc=        262 (0x80000170, 0x8000016c, 0x80000178, 0x80000174, 0x80000170) WB[   1d: 0x00000035]       ExeInst: DASM(00004033)
Cyc=        263 (0x80000174, 0x80000170, 0x8000016c, 0x80000178, 0x80000174) WB[ Z 00: 0x80000174]       ExeInst: DASM(fff70713)
Cyc=        264 (0x80000178, 0x80000174, 0x80000170, 0x8000016c, 0x80000178) WB[MZ 00: 0x00000000]   B   ExeInst: DASM(fe071ee3)
Cyc=        265 (0x8000016c, 0x80000178, 0x80000174, 0x80000170, 0x8000016c) WB[M  0e: 0x00000038]       ExeInst: DASM(00004033)
Cyc=        266 (0x80000170, 0x8000016c, 0x80000178, 0x80000174, 0x80000170) WB[   1d: 0x00000034]       ExeInst: DASM(00004033)
Cyc=        267 (0x80000174, 0x80000170, 0x8000016c, 0x80000178, 0x80000174) WB[ Z 00: 0x80000174]       ExeInst: DASM(fff70713)
Cyc=        268 (0x80000178, 0x80000174, 0x80000170, 0x8000016c, 0x80000178) WB[MZ 00: 0x00000000]   B   ExeInst: DASM(fe071ee3)
Cyc=        269 (0x8000016c, 0x80000178, 0x80000174, 0x80000170, 0x8000016c) WB[M  0e: 0x00000037]       ExeInst: DASM(00004033)
Cyc=        270 (0x80000170, 0x8000016c, 0x80000178, 0x80000174, 0x80000170) WB[   1d: 0x00000033]       ExeInst: DASM(00004033)
Cyc=        271 (0x80000174, 0x80000170, 0x8000016c, 0x80000178, 0x80000174) WB[ Z 00: 0x80000174]       ExeInst: DASM(fff70713)
Cyc=        272 (0x80000178, 0x80000174, 0x80000170, 0x8000016c, 0x80000178) WB[MZ 00: 0x00000000]   B   ExeInst: DASM(fe071ee3)
Cyc=        273 (0x8000016c, 0x80000178, 0x80000174, 0x80000170, 0x8000016c) WB[M  0e: 0x00000036]       ExeInst: DASM(00004033)
Cyc=        274 (0x80000170, 0x8000016c, 0x80000178, 0x80000174, 0x80000170) WB[   1d: 0x00000032]       ExeInst: DASM(00004033)
Cyc=        275 (0x80000174, 0x80000170, 0x8000016c, 0x80000178, 0x80000174) WB[ Z 00: 0x80000174]       ExeInst: DASM(fff70713)
Cyc=        276 (0x80000178, 0x80000174, 0x80000170, 0x8000016c, 0x80000178) WB[MZ 00: 0x00000000]   B   ExeInst: DASM(fe071ee3)
Cyc=        277 (0x8000016c, 0x80000178, 0x80000174, 0x80000170, 0x8000016c) WB[M  0e: 0x00000035]       ExeInst: DASM(00004033)
Cyc=        278 (0x80000170, 0x8000016c, 0x80000178, 0x80000174, 0x80000170) WB[   1d: 0x00000031]       ExeInst: DASM(00004033)
Cyc=        279 (0x80000174, 0x80000170, 0x8000016c, 0x80000178, 0x80000174) WB[ Z 00: 0x80000174]       ExeInst: DASM(fff70713)
Cyc=        280 (0x80000178, 0x80000174, 0x80000170, 0x8000016c, 0x80000178) WB[MZ 00: 0x00000000]   B   ExeInst: DASM(fe071ee3)
Cyc=        281 (0x8000016c, 0x80000178, 0x80000174, 0x80000170, 0x8000016c) WB[M  0e: 0x00000034]       ExeInst: DASM(00004033)
Cyc=        282 (0x80000170, 0x8000016c, 0x80000178, 0x80000174, 0x80000170) WB[   1d: 0x00000030]       ExeInst: DASM(00004033)
Cyc=        283 (0x80000174, 0x80000170, 0x8000016c, 0x80000178, 0x80000174) WB[ Z 00: 0x80000174]       ExeInst: DASM(fff70713)
Cyc=        284 (0x80000178, 0x80000174, 0x80000170, 0x8000016c, 0x80000178) WB[MZ 00: 0x00000000]   B   ExeInst: DASM(fe071ee3)
Cyc=        285 (0x8000016c, 0x80000178, 0x80000174, 0x80000170, 0x8000016c) WB[M  0e: 0x00000033]       ExeInst: DASM(00004033)
Cyc=        286 (0x80000170, 0x8000016c, 0x80000178, 0x80000174, 0x80000170) WB[   1d: 0x0000002f]       ExeInst: DASM(00004033)
Cyc=        287 (0x80000174, 0x80000170, 0x8000016c, 0x80000178, 0x80000174) WB[ Z 00: 0x80000174]       ExeInst: DASM(fff70713)
Cyc=        288 (0x80000178, 0x80000174, 0x80000170, 0x8000016c, 0x80000178) WB[MZ 00: 0x00000000]   B   ExeInst: DASM(fe071ee3)
Cyc=        289 (0x8000016c, 0x80000178, 0x80000174, 0x80000170, 0x8000016c) WB[M  0e: 0x00000032]       ExeInst: DASM(00004033)
Cyc=        290 (0x80000170, 0x8000016c, 0x80000178, 0x80000174, 0x80000170) WB[   1d: 0x0000002e]       ExeInst: DASM(00004033)
Cyc=        291 (0x80000174, 0x80000170, 0x8000016c, 0x80000178, 0x80000174) WB[ Z 00: 0x80000174]       ExeInst: DASM(fff70713)
Cyc=        292 (0x80000178, 0x80000174, 0x80000170, 0x8000016c, 0x80000178) WB[MZ 00: 0x00000000]   B   ExeInst: DASM(fe071ee3)
Cyc=        293 (0x8000016c, 0x80000178, 0x80000174, 0x80000170, 0x8000016c) WB[M  0e: 0x00000031]       ExeInst: DASM(00004033)
Cyc=        294 (0x80000170, 0x8000016c, 0x80000178, 0x80000174, 0x80000170) WB[   1d: 0x0000002d]       ExeInst: DASM(00004033)
Cyc=        295 (0x80000174, 0x80000170, 0x8000016c, 0x80000178, 0x80000174) WB[ Z 00: 0x80000174]       ExeInst: DASM(fff70713)
Cyc=        296 (0x80000178, 0x80000174, 0x80000170, 0x8000016c, 0x80000178) WB[MZ 00: 0x00000000]   B   ExeInst: DASM(fe071ee3)
Cyc=        297 (0x8000016c, 0x80000178, 0x80000174, 0x80000170, 0x8000016c) WB[M  0e: 0x00000030]       ExeInst: DASM(00004033)
Cyc=        298 (0x80000170, 0x8000016c, 0x80000178, 0x80000174, 0x80000170) WB[   1d: 0x0000002c]       ExeInst: DASM(00004033)
Cyc=        299 (0x80000174, 0x80000170, 0x8000016c, 0x80000178, 0x80000174) WB[ Z 00: 0x80000174]       ExeInst: DASM(fff70713)
Cyc=        300 (0x80000178, 0x80000174, 0x80000170, 0x8000016c, 0x80000178) WB[MZ 00: 0x00000000]   B   ExeInst: DASM(fe071ee3)
Cyc=        301 (0x8000016c, 0x80000178, 0x80000174, 0x80000170, 0x8000016c) WB[M  0e: 0x0000002f]       ExeInst: DASM(00004033)
Cyc=        302 (0x80000170, 0x8000016c, 0x80000178, 0x80000174, 0x80000170) WB[   1d: 0x0000002b]       ExeInst: DASM(00004033)
Cyc=        303 (0x80000174, 0x80000170, 0x8000016c, 0x80000178, 0x80000174) WB[ Z 00: 0x80000174]       ExeInst: DASM(fff70713)
Cyc=        304 (0x80000178, 0x80000174, 0x80000170, 0x8000016c, 0x80000178) WB[MZ 00: 0x00000000]   B   ExeInst: DASM(fe071ee3)
Cyc=        305 (0x8000016c, 0x80000178, 0x80000174, 0x80000170, 0x8000016c) WB[M  0e: 0x0000002e]       ExeInst: DASM(00004033)
Cyc=        306 (0x80000170, 0x8000016c, 0x80000178, 0x80000174, 0x80000170) WB[   1d: 0x0000002a]       ExeInst: DASM(00004033)
Cyc=        307 (0x80000174, 0x80000170, 0x8000016c, 0x80000178, 0x80000174) WB[ Z 00: 0x80000174]       ExeInst: DASM(fff70713)
Cyc=        308 (0x80000178, 0x80000174, 0x80000170, 0x8000016c, 0x80000178) WB[MZ 00: 0x00000000]   B   ExeInst: DASM(fe071ee3)
Cyc=        309 (0x8000016c, 0x80000178, 0x80000174, 0x80000170, 0x8000016c) WB[M  0e: 0x0000002d]       ExeInst: DASM(00004033)
Cyc=        310 (0x80000170, 0x8000016c, 0x80000178, 0x80000174, 0x80000170) WB[   1d: 0x00000029]       ExeInst: DASM(00004033)
Cyc=        311 (0x80000174, 0x80000170, 0x8000016c, 0x80000178, 0x80000174) WB[ Z 00: 0x80000174]       ExeInst: DASM(fff70713)
Cyc=        312 (0x80000178, 0x80000174, 0x80000170, 0x8000016c, 0x80000178) WB[MZ 00: 0x00000000]   B   ExeInst: DASM(fe071ee3)
Cyc=        313 (0x8000016c, 0x80000178, 0x80000174, 0x80000170, 0x8000016c) WB[M  0e: 0x0000002c]       ExeInst: DASM(00004033)
Cyc=        314 (0x80000170, 0x8000016c, 0x80000178, 0x80000174, 0x80000170) WB[   1d: 0x00000028]       ExeInst: DASM(00004033)
Cyc=        315 (0x80000174, 0x80000170, 0x8000016c, 0x80000178, 0x80000174) WB[ Z 00: 0x80000174]       ExeInst: DASM(fff70713)
Cyc=        316 (0x80000178, 0x80000174, 0x80000170, 0x8000016c, 0x80000178) WB[MZ 00: 0x00000000]   B   ExeInst: DASM(fe071ee3)
Cyc=        317 (0x8000016c, 0x80000178, 0x80000174, 0x80000170, 0x8000016c) WB[M  0e: 0x0000002b]       ExeInst: DASM(00004033)
Cyc=        318 (0x80000170, 0x8000016c, 0x80000178, 0x80000174, 0x80000170) WB[   1d: 0x00000027]       ExeInst: DASM(00004033)
Cyc=        319 (0x80000174, 0x80000170, 0x8000016c, 0x80000178, 0x80000174) WB[ Z 00: 0x80000174]       ExeInst: DASM(fff70713)
Cyc=        320 (0x80000178, 0x80000174, 0x80000170, 0x8000016c, 0x80000178) WB[MZ 00: 0x00000000]   B   ExeInst: DASM(fe071ee3)
Cyc=        321 (0x8000016c, 0x80000178, 0x80000174, 0x80000170, 0x8000016c) WB[M  0e: 0x0000002a]       ExeInst: DASM(00004033)
Cyc=        322 (0x80000170, 0x8000016c, 0x80000178, 0x80000174, 0x80000170) WB[   1d: 0x00000026]       ExeInst: DASM(00004033)
Cyc=        323 (0x80000174, 0x80000170, 0x8000016c, 0x80000178, 0x80000174) WB[ Z 00: 0x80000174]       ExeInst: DASM(fff70713)
Cyc=        324 (0x80000178, 0x80000174, 0x80000170, 0x8000016c, 0x80000178) WB[MZ 00: 0x00000000]   B   ExeInst: DASM(fe071ee3)
Cyc=        325 (0x8000016c, 0x80000178, 0x80000174, 0x80000170, 0x8000016c) WB[M  0e: 0x00000029]       ExeInst: DASM(00004033)
Cyc=        326 (0x80000170, 0x8000016c, 0x80000178, 0x80000174, 0x80000170) WB[   1d: 0x00000025]       ExeInst: DASM(00004033)
Cyc=        327 (0x80000174, 0x80000170, 0x8000016c, 0x80000178, 0x80000174) WB[ Z 00: 0x80000174]       ExeInst: DASM(fff70713)
Cyc=        328 (0x80000178, 0x80000174, 0x80000170, 0x8000016c, 0x80000178) WB[MZ 00: 0x00000000]   B   ExeInst: DASM(fe071ee3)
Cyc=        329 (0x8000016c, 0x80000178, 0x80000174, 0x80000170, 0x8000016c) WB[M  0e: 0x00000028]       ExeInst: DASM(00004033)
Cyc=        330 (0x80000170, 0x8000016c, 0x80000178, 0x80000174, 0x80000170) WB[   1d: 0x00000024]       ExeInst: DASM(00004033)
Cyc=        331 (0x80000174, 0x80000170, 0x8000016c, 0x80000178, 0x80000174) WB[ Z 00: 0x80000174]       ExeInst: DASM(fff70713)
Cyc=        332 (0x80000178, 0x80000174, 0x80000170, 0x8000016c, 0x80000178) WB[MZ 00: 0x00000000]   B   ExeInst: DASM(fe071ee3)
Cyc=        333 (0x8000016c, 0x80000178, 0x80000174, 0x80000170, 0x8000016c) WB[M  0e: 0x00000027]       ExeInst: DASM(00004033)
Cyc=        334 (0x80000170, 0x8000016c, 0x80000178, 0x80000174, 0x80000170) WB[   1d: 0x00000023]       ExeInst: DASM(00004033)
Cyc=        335 (0x80000174, 0x80000170, 0x8000016c, 0x80000178, 0x80000174) WB[ Z 00: 0x80000174]       ExeInst: DASM(fff70713)
Cyc=        336 (0x80000178, 0x80000174, 0x80000170, 0x8000016c, 0x80000178) WB[MZ 00: 0x00000000]   B   ExeInst: DASM(fe071ee3)
Cyc=        337 (0x8000016c, 0x80000178, 0x80000174, 0x80000170, 0x8000016c) WB[M  0e: 0x00000026]       ExeInst: DASM(00004033)
Cyc=        338 (0x80000170, 0x8000016c, 0x80000178, 0x80000174, 0x80000170) WB[   1d: 0x00000022]       ExeInst: DASM(00004033)
Cyc=        339 (0x80000174, 0x80000170, 0x8000016c, 0x80000178, 0x80000174) WB[ Z 00: 0x80000174]       ExeInst: DASM(fff70713)
Cyc=        340 (0x80000178, 0x80000174, 0x80000170, 0x8000016c, 0x80000178) WB[MZ 00: 0x00000000]   B   ExeInst: DASM(fe071ee3)
Cyc=        341 (0x8000016c, 0x80000178, 0x80000174, 0x80000170, 0x8000016c) WB[M  0e: 0x00000025]       ExeInst: DASM(00004033)
Cyc=        342 (0x80000170, 0x8000016c, 0x80000178, 0x80000174, 0x80000170) WB[   1d: 0x00000021]       ExeInst: DASM(00004033)
Cyc=        343 (0x80000174, 0x80000170, 0x8000016c, 0x80000178, 0x80000174) WB[ Z 00: 0x80000174]       ExeInst: DASM(fff70713)
Cyc=        344 (0x80000178, 0x80000174, 0x80000170, 0x8000016c, 0x80000178) WB[MZ 00: 0x00000000]   B   ExeInst: DASM(fe071ee3)
Cyc=        345 (0x8000016c, 0x80000178, 0x80000174, 0x80000170, 0x8000016c) WB[M  0e: 0x00000024]       ExeInst: DASM(00004033)
Cyc=        346 (0x80000170, 0x8000016c, 0x80000178, 0x80000174, 0x80000170) WB[   1d: 0x00000020]       ExeInst: DASM(00004033)
Cyc=        347 (0x80000174, 0x80000170, 0x8000016c, 0x80000178, 0x80000174) WB[ Z 00: 0x80000174]       ExeInst: DASM(fff70713)
Cyc=        348 (0x80000178, 0x80000174, 0x80000170, 0x8000016c, 0x80000178) WB[MZ 00: 0x00000000]   B   ExeInst: DASM(fe071ee3)
Cyc=        349 (0x8000016c, 0x80000178, 0x80000174, 0x80000170, 0x8000016c) WB[M  0e: 0x00000023]       ExeInst: DASM(00004033)
Cyc=        350 (0x80000170, 0x8000016c, 0x80000178, 0x80000174, 0x80000170) WB[   1d: 0x0000001f]       ExeInst: DASM(00004033)
Cyc=        351 (0x80000174, 0x80000170, 0x8000016c, 0x80000178, 0x80000174) WB[ Z 00: 0x80000174]       ExeInst: DASM(fff70713)
Cyc=        352 (0x80000178, 0x80000174, 0x80000170, 0x8000016c, 0x80000178) WB[MZ 00: 0x00000000]   B   ExeInst: DASM(fe071ee3)
Cyc=        353 (0x8000016c, 0x80000178, 0x80000174, 0x80000170, 0x8000016c) WB[M  0e: 0x00000022]       ExeInst: DASM(00004033)
Cyc=        354 (0x80000170, 0x8000016c, 0x80000178, 0x80000174, 0x80000170) WB[   1d: 0x0000001e]       ExeInst: DASM(00004033)
Cyc=        355 (0x80000174, 0x80000170, 0x8000016c, 0x80000178, 0x80000174) WB[ Z 00: 0x80000174]       ExeInst: DASM(fff70713)
Cyc=        356 (0x80000178, 0x80000174, 0x80000170, 0x8000016c, 0x80000178) WB[MZ 00: 0x00000000]   B   ExeInst: DASM(fe071ee3)
Cyc=        357 (0x8000016c, 0x80000178, 0x80000174, 0x80000170, 0x8000016c) WB[M  0e: 0x00000021]       ExeInst: DASM(00004033)
Cyc=        358 (0x80000170, 0x8000016c, 0x80000178, 0x80000174, 0x80000170) WB[   1d: 0x0000001d]       ExeInst: DASM(00004033)
Cyc=        359 (0x80000174, 0x80000170, 0x8000016c, 0x80000178, 0x80000174) WB[ Z 00: 0x80000174]       ExeInst: DASM(fff70713)
Cyc=        360 (0x80000178, 0x80000174, 0x80000170, 0x8000016c, 0x80000178) WB[MZ 00: 0x00000000]   B   ExeInst: DASM(fe071ee3)
Cyc=        361 (0x8000016c, 0x80000178, 0x80000174, 0x80000170, 0x8000016c) WB[M  0e: 0x00000020]       ExeInst: DASM(00004033)
Cyc=        362 (0x80000170, 0x8000016c, 0x80000178, 0x80000174, 0x80000170) WB[   1d: 0x0000001c]       ExeInst: DASM(00004033)
Cyc=        363 (0x80000174, 0x80000170, 0x8000016c, 0x80000178, 0x80000174) WB[ Z 00: 0x80000174]       ExeInst: DASM(fff70713)
Cyc=        364 (0x80000178, 0x80000174, 0x80000170, 0x8000016c, 0x80000178) WB[MZ 00: 0x00000000]   B   ExeInst: DASM(fe071ee3)
Cyc=        365 (0x8000016c, 0x80000178, 0x80000174, 0x80000170, 0x8000016c) WB[M  0e: 0x0000001f]       ExeInst: DASM(00004033)
Cyc=        366 (0x80000170, 0x8000016c, 0x80000178, 0x80000174, 0x80000170) WB[   1d: 0x0000001b]       ExeInst: DASM(00004033)
Cyc=        367 (0x80000174, 0x80000170, 0x8000016c, 0x80000178, 0x80000174) WB[ Z 00: 0x80000174]       ExeInst: DASM(fff70713)
Cyc=        368 (0x80000178, 0x80000174, 0x80000170, 0x8000016c, 0x80000178) WB[MZ 00: 0x00000000]   B   ExeInst: DASM(fe071ee3)
Cyc=        369 (0x8000016c, 0x80000178, 0x80000174, 0x80000170, 0x8000016c) WB[M  0e: 0x0000001e]       ExeInst: DASM(00004033)
Cyc=        370 (0x80000170, 0x8000016c, 0x80000178, 0x80000174, 0x80000170) WB[   1d: 0x0000001a]       ExeInst: DASM(00004033)
Cyc=        371 (0x80000174, 0x80000170, 0x8000016c, 0x80000178, 0x80000174) WB[ Z 00: 0x80000174]       ExeInst: DASM(fff70713)
Cyc=        372 (0x80000178, 0x80000174, 0x80000170, 0x8000016c, 0x80000178) WB[MZ 00: 0x00000000]   B   ExeInst: DASM(fe071ee3)
Cyc=        373 (0x8000016c, 0x80000178, 0x80000174, 0x80000170, 0x8000016c) WB[M  0e: 0x0000001d]       ExeInst: DASM(00004033)
Cyc=        374 (0x80000170, 0x8000016c, 0x80000178, 0x80000174, 0x80000170) WB[   1d: 0x00000019]       ExeInst: DASM(00004033)
Cyc=        375 (0x80000174, 0x80000170, 0x8000016c, 0x80000178, 0x80000174) WB[ Z 00: 0x80000174]       ExeInst: DASM(fff70713)
Cyc=        376 (0x80000178, 0x80000174, 0x80000170, 0x8000016c, 0x80000178) WB[MZ 00: 0x00000000]   B   ExeInst: DASM(fe071ee3)
Cyc=        377 (0x8000016c, 0x80000178, 0x80000174, 0x80000170, 0x8000016c) WB[M  0e: 0x0000001c]       ExeInst: DASM(00004033)
Cyc=        378 (0x80000170, 0x8000016c, 0x80000178, 0x80000174, 0x80000170) WB[   1d: 0x00000018]       ExeInst: DASM(00004033)
Cyc=        379 (0x80000174, 0x80000170, 0x8000016c, 0x80000178, 0x80000174) WB[ Z 00: 0x80000174]       ExeInst: DASM(fff70713)
Cyc=        380 (0x80000178, 0x80000174, 0x80000170, 0x8000016c, 0x80000178) WB[MZ 00: 0x00000000]   B   ExeInst: DASM(fe071ee3)
Cyc=        381 (0x8000016c, 0x80000178, 0x80000174, 0x80000170, 0x8000016c) WB[M  0e: 0x0000001b]       ExeInst: DASM(00004033)
Cyc=        382 (0x80000170, 0x8000016c, 0x80000178, 0x80000174, 0x80000170) WB[   1d: 0x00000017]       ExeInst: DASM(00004033)
Cyc=        383 (0x80000174, 0x80000170, 0x8000016c, 0x80000178, 0x80000174) WB[ Z 00: 0x80000174]       ExeInst: DASM(fff70713)
Cyc=        384 (0x80000178, 0x80000174, 0x80000170, 0x8000016c, 0x80000178) WB[MZ 00: 0x00000000]   B   ExeInst: DASM(fe071ee3)
Cyc=        385 (0x8000016c, 0x80000178, 0x80000174, 0x80000170, 0x8000016c) WB[M  0e: 0x0000001a]       ExeInst: DASM(00004033)
Cyc=        386 (0x80000170, 0x8000016c, 0x80000178, 0x80000174, 0x80000170) WB[   1d: 0x00000016]       ExeInst: DASM(00004033)
Cyc=        387 (0x80000174, 0x80000170, 0x8000016c, 0x80000178, 0x80000174) WB[ Z 00: 0x80000174]       ExeInst: DASM(fff70713)
Cyc=        388 (0x80000178, 0x80000174, 0x80000170, 0x8000016c, 0x80000178) WB[MZ 00: 0x00000000]   B   ExeInst: DASM(fe071ee3)
Cyc=        389 (0x8000016c, 0x80000178, 0x80000174, 0x80000170, 0x8000016c) WB[M  0e: 0x00000019]       ExeInst: DASM(00004033)
Cyc=        390 (0x80000170, 0x8000016c, 0x80000178, 0x80000174, 0x80000170) WB[   1d: 0x00000015]       ExeInst: DASM(00004033)
Cyc=        391 (0x80000174, 0x80000170, 0x8000016c, 0x80000178, 0x80000174) WB[ Z 00: 0x80000174]       ExeInst: DASM(fff70713)
Cyc=        392 (0x80000178, 0x80000174, 0x80000170, 0x8000016c, 0x80000178) WB[MZ 00: 0x00000000]   B   ExeInst: DASM(fe071ee3)
Cyc=        393 (0x8000016c, 0x80000178, 0x80000174, 0x80000170, 0x8000016c) WB[M  0e: 0x00000018]       ExeInst: DASM(00004033)
Cyc=        394 (0x80000170, 0x8000016c, 0x80000178, 0x80000174, 0x80000170) WB[   1d: 0x00000014]       ExeInst: DASM(00004033)
Cyc=        395 (0x80000174, 0x80000170, 0x8000016c, 0x80000178, 0x80000174) WB[ Z 00: 0x80000174]       ExeInst: DASM(fff70713)
Cyc=        396 (0x80000178, 0x80000174, 0x80000170, 0x8000016c, 0x80000178) WB[MZ 00: 0x00000000]   B   ExeInst: DASM(fe071ee3)
Cyc=        397 (0x8000016c, 0x80000178, 0x80000174, 0x80000170, 0x8000016c) WB[M  0e: 0x00000017]       ExeInst: DASM(00004033)
Cyc=        398 (0x80000170, 0x8000016c, 0x80000178, 0x80000174, 0x80000170) WB[   1d: 0x00000013]       ExeInst: DASM(00004033)
Cyc=        399 (0x80000174, 0x80000170, 0x8000016c, 0x80000178, 0x80000174) WB[ Z 00: 0x80000174]       ExeInst: DASM(fff70713)
Cyc=        400 (0x80000178, 0x80000174, 0x80000170, 0x8000016c, 0x80000178) WB[MZ 00: 0x00000000]   B   ExeInst: DASM(fe071ee3)
Cyc=        401 (0x8000016c, 0x80000178, 0x80000174, 0x80000170, 0x8000016c) WB[M  0e: 0x00000016]       ExeInst: DASM(00004033)
Cyc=        402 (0x80000170, 0x8000016c, 0x80000178, 0x80000174, 0x80000170) WB[   1d: 0x00000012]       ExeInst: DASM(00004033)
Cyc=        403 (0x80000174, 0x80000170, 0x8000016c, 0x80000178, 0x80000174) WB[ Z 00: 0x80000174]       ExeInst: DASM(fff70713)
Cyc=        404 (0x80000178, 0x80000174, 0x80000170, 0x8000016c, 0x80000178) WB[MZ 00: 0x00000000]   B   ExeInst: DASM(fe071ee3)
Cyc=        405 (0x8000016c, 0x80000178, 0x80000174, 0x80000170, 0x8000016c) WB[M  0e: 0x00000015]       ExeInst: DASM(00004033)
Cyc=        406 (0x80000170, 0x8000016c, 0x80000178, 0x80000174, 0x80000170) WB[   1d: 0x00000011]       ExeInst: DASM(00004033)
Cyc=        407 (0x80000174, 0x80000170, 0x8000016c, 0x80000178, 0x80000174) WB[ Z 00: 0x80000174]       ExeInst: DASM(fff70713)
Cyc=        408 (0x80000178, 0x80000174, 0x80000170, 0x8000016c, 0x80000178) WB[MZ 00: 0x00000000]   B   ExeInst: DASM(fe071ee3)
Cyc=        409 (0x8000016c, 0x80000178, 0x80000174, 0x80000170, 0x8000016c) WB[M  0e: 0x00000014]       ExeInst: DASM(00004033)
Cyc=        410 (0x80000170, 0x8000016c, 0x80000178, 0x80000174, 0x80000170) WB[   1d: 0x00000010]       ExeInst: DASM(00004033)
Cyc=        411 (0x80000174, 0x80000170, 0x8000016c, 0x80000178, 0x80000174) WB[ Z 00: 0x80000174]       ExeInst: DASM(fff70713)
Cyc=        412 (0x80000178, 0x80000174, 0x80000170, 0x8000016c, 0x80000178) WB[MZ 00: 0x00000000]   B   ExeInst: DASM(fe071ee3)
Cyc=        413 (0x8000016c, 0x80000178, 0x80000174, 0x80000170, 0x8000016c) WB[M  0e: 0x00000013]       ExeInst: DASM(00004033)
Cyc=        414 (0x80000170, 0x8000016c, 0x80000178, 0x80000174, 0x80000170) WB[   1d: 0x0000000f]       ExeInst: DASM(00004033)
Cyc=        415 (0x80000174, 0x80000170, 0x8000016c, 0x80000178, 0x80000174) WB[ Z 00: 0x80000174]       ExeInst: DASM(fff70713)
Cyc=        416 (0x80000178, 0x80000174, 0x80000170, 0x8000016c, 0x80000178) WB[MZ 00: 0x00000000]   B   ExeInst: DASM(fe071ee3)
Cyc=        417 (0x8000016c, 0x80000178, 0x80000174, 0x80000170, 0x8000016c) WB[M  0e: 0x00000012]       ExeInst: DASM(00004033)
Cyc=        418 (0x80000170, 0x8000016c, 0x80000178, 0x80000174, 0x80000170) WB[   1d: 0x0000000e]       ExeInst: DASM(00004033)
Cyc=        419 (0x80000174, 0x80000170, 0x8000016c, 0x80000178, 0x80000174) WB[ Z 00: 0x80000174]       ExeInst: DASM(fff70713)
Cyc=        420 (0x80000178, 0x80000174, 0x80000170, 0x8000016c, 0x80000178) WB[MZ 00: 0x00000000]   B   ExeInst: DASM(fe071ee3)
Cyc=        421 (0x8000016c, 0x80000178, 0x80000174, 0x80000170, 0x8000016c) WB[M  0e: 0x00000011]       ExeInst: DASM(00004033)
Cyc=        422 (0x80000170, 0x8000016c, 0x80000178, 0x80000174, 0x80000170) WB[   1d: 0x0000000d]       ExeInst: DASM(00004033)
Cyc=        423 (0x80000174, 0x80000170, 0x8000016c, 0x80000178, 0x80000174) WB[ Z 00: 0x80000174]       ExeInst: DASM(fff70713)
Cyc=        424 (0x80000178, 0x80000174, 0x80000170, 0x8000016c, 0x80000178) WB[MZ 00: 0x00000000]   B   ExeInst: DASM(fe071ee3)
Cyc=        425 (0x8000016c, 0x80000178, 0x80000174, 0x80000170, 0x8000016c) WB[M  0e: 0x00000010]       ExeInst: DASM(00004033)
Cyc=        426 (0x80000170, 0x8000016c, 0x80000178, 0x80000174, 0x80000170) WB[   1d: 0x0000000c]       ExeInst: DASM(00004033)
Cyc=        427 (0x80000174, 0x80000170, 0x8000016c, 0x80000178, 0x80000174) WB[ Z 00: 0x80000174]       ExeInst: DASM(fff70713)
Cyc=        428 (0x80000178, 0x80000174, 0x80000170, 0x8000016c, 0x80000178) WB[MZ 00: 0x00000000]   B   ExeInst: DASM(fe071ee3)
Cyc=        429 (0x8000016c, 0x80000178, 0x80000174, 0x80000170, 0x8000016c) WB[M  0e: 0x0000000f]       ExeInst: DASM(00004033)
Cyc=        430 (0x80000170, 0x8000016c, 0x80000178, 0x80000174, 0x80000170) WB[   1d: 0x0000000b]       ExeInst: DASM(00004033)
Cyc=        431 (0x80000174, 0x80000170, 0x8000016c, 0x80000178, 0x80000174) WB[ Z 00: 0x80000174]       ExeInst: DASM(fff70713)
Cyc=        432 (0x80000178, 0x80000174, 0x80000170, 0x8000016c, 0x80000178) WB[MZ 00: 0x00000000]   B   ExeInst: DASM(fe071ee3)
Cyc=        433 (0x8000016c, 0x80000178, 0x80000174, 0x80000170, 0x8000016c) WB[M  0e: 0x0000000e]       ExeInst: DASM(00004033)
Cyc=        434 (0x80000170, 0x8000016c, 0x80000178, 0x80000174, 0x80000170) WB[   1d: 0x0000000a]       ExeInst: DASM(00004033)
Cyc=        435 (0x80000174, 0x80000170, 0x8000016c, 0x80000178, 0x80000174) WB[ Z 00: 0x80000174]       ExeInst: DASM(fff70713)
Cyc=        436 (0x80000178, 0x80000174, 0x80000170, 0x8000016c, 0x80000178) WB[MZ 00: 0x00000000]   B   ExeInst: DASM(fe071ee3)
Cyc=        437 (0x8000016c, 0x80000178, 0x80000174, 0x80000170, 0x8000016c) WB[M  0e: 0x0000000d]       ExeInst: DASM(00004033)
Cyc=        438 (0x80000170, 0x8000016c, 0x80000178, 0x80000174, 0x80000170) WB[   1d: 0x00000009]       ExeInst: DASM(00004033)
Cyc=        439 (0x80000174, 0x80000170, 0x8000016c, 0x80000178, 0x80000174) WB[ Z 00: 0x80000174]       ExeInst: DASM(fff70713)
Cyc=        440 (0x80000178, 0x80000174, 0x80000170, 0x8000016c, 0x80000178) WB[MZ 00: 0x00000000]   B   ExeInst: DASM(fe071ee3)
Cyc=        441 (0x8000016c, 0x80000178, 0x80000174, 0x80000170, 0x8000016c) WB[M  0e: 0x0000000c]       ExeInst: DASM(00004033)
Cyc=        442 (0x80000170, 0x8000016c, 0x80000178, 0x80000174, 0x80000170) WB[   1d: 0x00000008]       ExeInst: DASM(00004033)
Cyc=        443 (0x80000174, 0x80000170, 0x8000016c, 0x80000178, 0x80000174) WB[ Z 00: 0x80000174]       ExeInst: DASM(fff70713)
Cyc=        444 (0x80000178, 0x80000174, 0x80000170, 0x8000016c, 0x80000178) WB[MZ 00: 0x00000000]   B   ExeInst: DASM(fe071ee3)
Cyc=        445 (0x8000016c, 0x80000178, 0x80000174, 0x80000170, 0x8000016c) WB[M  0e: 0x0000000b]       ExeInst: DASM(00004033)
Cyc=        446 (0x80000170, 0x8000016c, 0x80000178, 0x80000174, 0x80000170) WB[   1d: 0x00000007]       ExeInst: DASM(00004033)
Cyc=        447 (0x80000174, 0x80000170, 0x8000016c, 0x80000178, 0x80000174) WB[ Z 00: 0x80000174]       ExeInst: DASM(fff70713)
Cyc=        448 (0x80000178, 0x80000174, 0x80000170, 0x8000016c, 0x80000178) WB[MZ 00: 0x00000000]   B   ExeInst: DASM(fe071ee3)
Cyc=        449 (0x8000016c, 0x80000178, 0x80000174, 0x80000170, 0x8000016c) WB[M  0e: 0x0000000a]       ExeInst: DASM(00004033)
Cyc=        450 (0x80000170, 0x8000016c, 0x80000178, 0x80000174, 0x80000170) WB[   1d: 0x00000006]       ExeInst: DASM(00004033)
Cyc=        451 (0x80000174, 0x80000170, 0x8000016c, 0x80000178, 0x80000174) WB[ Z 00: 0x80000174]       ExeInst: DASM(fff70713)
Cyc=        452 (0x80000178, 0x80000174, 0x80000170, 0x8000016c, 0x80000178) WB[MZ 00: 0x00000000]   B   ExeInst: DASM(fe071ee3)
Cyc=        453 (0x8000016c, 0x80000178, 0x80000174, 0x80000170, 0x8000016c) WB[M  0e: 0x00000009]       ExeInst: DASM(00004033)
Cyc=        454 (0x80000170, 0x8000016c, 0x80000178, 0x80000174, 0x80000170) WB[   1d: 0x00000005]       ExeInst: DASM(00004033)
Cyc=        455 (0x80000174, 0x80000170, 0x8000016c, 0x80000178, 0x80000174) WB[ Z 00: 0x80000174]       ExeInst: DASM(fff70713)
Cyc=        456 (0x80000178, 0x80000174, 0x80000170, 0x8000016c, 0x80000178) WB[MZ 00: 0x00000000]   B   ExeInst: DASM(fe071ee3)
Cyc=        457 (0x8000016c, 0x80000178, 0x80000174, 0x80000170, 0x8000016c) WB[M  0e: 0x00000008]       ExeInst: DASM(00004033)
Cyc=        458 (0x80000170, 0x8000016c, 0x80000178, 0x80000174, 0x80000170) WB[   1d: 0x00000004]       ExeInst: DASM(00004033)
Cyc=        459 (0x80000174, 0x80000170, 0x8000016c, 0x80000178, 0x80000174) WB[ Z 00: 0x80000174]       ExeInst: DASM(fff70713)
Cyc=        460 (0x80000178, 0x80000174, 0x80000170, 0x8000016c, 0x80000178) WB[MZ 00: 0x00000000]   B   ExeInst: DASM(fe071ee3)
Cyc=        461 (0x8000016c, 0x80000178, 0x80000174, 0x80000170, 0x8000016c) WB[M  0e: 0x00000007]       ExeInst: DASM(00004033)
Cyc=        462 (0x80000170, 0x8000016c, 0x80000178, 0x80000174, 0x80000170) WB[   1d: 0x00000003]       ExeInst: DASM(00004033)
Cyc=        463 (0x80000174, 0x80000170, 0x8000016c, 0x80000178, 0x80000174) WB[ Z 00: 0x80000174]       ExeInst: DASM(fff70713)
Cyc=        464 (0x80000178, 0x80000174, 0x80000170, 0x8000016c, 0x80000178) WB[MZ 00: 0x00000000]   B   ExeInst: DASM(fe071ee3)
Cyc=        465 (0x8000016c, 0x80000178, 0x80000174, 0x80000170, 0x8000016c) WB[M  0e: 0x00000006]       ExeInst: DASM(00004033)
Cyc=        466 (0x80000170, 0x8000016c, 0x80000178, 0x80000174, 0x80000170) WB[   1d: 0x00000002]       ExeInst: DASM(00004033)
Cyc=        467 (0x80000174, 0x80000170, 0x8000016c, 0x80000178, 0x80000174) WB[ Z 00: 0x80000174]       ExeInst: DASM(fff70713)
Cyc=        468 (0x80000178, 0x80000174, 0x80000170, 0x8000016c, 0x80000178) WB[MZ 00: 0x00000000]   B   ExeInst: DASM(fe071ee3)
Cyc=        469 (0x8000016c, 0x80000178, 0x80000174, 0x80000170, 0x8000016c) WB[M  0e: 0x00000005]       ExeInst: DASM(00004033)
Cyc=        470 (0x80000170, 0x8000016c, 0x80000178, 0x80000174, 0x80000170) WB[   1d: 0x00000001]       ExeInst: DASM(00004033)
Cyc=        471 (0x80000174, 0x80000170, 0x8000016c, 0x80000178, 0x80000174) WB[ Z 00: 0x80000174]       ExeInst: DASM(fff70713)
Cyc=        472 (0x80000178, 0x80000174, 0x80000170, 0x8000016c, 0x80000178) WB[MZ 00: 0x00000000]   B   ExeInst: DASM(fe071ee3)
Cyc=        473 (0x8000016c, 0x80000178, 0x80000174, 0x80000170, 0x8000016c) WB[M  0e: 0x00000004]       ExeInst: DASM(00004033)
Cyc=        474 (0x80000170, 0x8000016c, 0x80000178, 0x80000174, 0x80000170) WB[   1d: 0x00000000]       ExeInst: DASM(00004033)
Cyc=        475 (0x80000174, 0x80000170, 0x8000016c, 0x80000178, 0x80000174) WB[ Z 00: 0x80000174]       ExeInst: DASM(fff70713)
Cyc=        476 (0x80000178, 0x80000174, 0x80000170, 0x8000016c, 0x80000178) WB[MZ 00: 0x00000000]   B   ExeInst: DASM(fe071ee3)
Cyc=        477 (0x8000016c, 0x80000178, 0x80000174, 0x80000170, 0x8000016c) WB[M  0e: 0x00000003]       ExeInst: DASM(00004033)
Cyc=        478 (0x80000170, 0x8000016c, 0x80000178, 0x80000174, 0x80000170) WB[   1d: 0xffffffff]       ExeInst: DASM(00004033)
Cyc=        479 (0x80000174, 0x80000170, 0x8000016c, 0x80000178, 0x80000174) WB[ Z 00: 0x80000174]       ExeInst: DASM(fff70713)
Cyc=        480 (0x80000178, 0x80000174, 0x80000170, 0x8000016c, 0x80000178) WB[MZ 00: 0x00000000]   B   ExeInst: DASM(fe071ee3)
Cyc=        481 (0x8000016c, 0x80000178, 0x80000174, 0x80000170, 0x8000016c) WB[M  0e: 0x00000002]       ExeInst: DASM(00004033)
Cyc=        482 (0x80000170, 0x8000016c, 0x80000178, 0x80000174, 0x80000170) WB[   1d: 0xfffffffe]       ExeInst: DASM(00004033)
Cyc=        483 (0x80000174, 0x80000170, 0x8000016c, 0x80000178, 0x80000174) WB[ Z 00: 0x80000174]       ExeInst: DASM(fff70713)
Cyc=        484 (0x80000178, 0x80000174, 0x80000170, 0x8000016c, 0x80000178) WB[MZ 00: 0x00000000]   B   ExeInst: DASM(fe071ee3)
Cyc=        485 (0x8000016c, 0x80000178, 0x80000174, 0x80000170, 0x8000016c) WB[M  0e: 0x00000001]       ExeInst: DASM(00004033)
Cyc=        486 (0x80000170, 0x8000016c, 0x80000178, 0x80000174, 0x80000170) WB[   1d: 0xfffffffd]       ExeInst: DASM(00004033)
Cyc=        487 (0x80000174, 0x80000170, 0x8000016c, 0x80000178, 0x80000174) WB[ Z 00: 0x80000174]       ExeInst: DASM(fff70713)
Cyc=        488 (0x80000178, 0x80000174, 0x80000170, 0x8000016c, 0x80000178) WB[MZ 00: 0x00000000]       ExeInst: DASM(fe071ee3)
Cyc=        489 (0x8000017c, 0x80000178, 0x80000174, 0x80000170, 0x8000016c) WB[M  0e: 0x00000000]       ExeInst: DASM(00000297)
Cyc=        490 (0x80000180, 0x8000017c, 0x80000178, 0x80000174, 0x80000170) WB[ Z 1d: 0xfffffffc]       ExeInst: DASM(04a29623)
Cyc=        491 (0x80000184, 0x80000180, 0x8000017c, 0x80000178, 0x80000174) WB[M  05: 0x80000174]       ExeInst: DASM(00000297)
Cyc=        492 (0x80000188, 0x80000184, 0x80000180, 0x8000017c, 0x80000178) WB[ Z 0c: 0x800001c0]       ExeInst: DASM(04b29323)
Cyc=        493 (0x80000188, 0x80000188, 0x80000184, 0x80000180, 0x8000017c) WB[M  05: 0x8000017c]       ExeInst: DASM(0000100f)
Cyc=        494 (0x80000188, 0x80000188, 0x80000188, 0x80000184, 0x80000180) WB[   06: 0x800001c2]       ExeInst: DASM(00004033)
Cyc=        495 (0x8000018c, 0x80000188, 0x80000188, 0x80000188, 0x80000184) WB[ Z 00: 0x00000000]       ExeInst: DASM(00004033)
Cyc=        496 (0x80000190, 0x8000018c, 0x80000188, 0x80000188, 0x80000188) WB[MZ 00: 0x00000000]       ExeInst: DASM(00000013)
Cyc=        497 (0x80000194, 0x80000190, 0x8000018c, 0x80000188, 0x80000188) WB[MZ 00: 0x00000000]       ExeInst: DASM(00000013)
Cyc=        498 (0x80000198, 0x80000194, 0x80000190, 0x8000018c, 0x80000188) WB[MZ 00: 0x00000000]       ExeInst: DASM(00000013)
Cyc=        499 (0x8000019c, 0x80000198, 0x80000194, 0x80000190, 0x8000018c) WB[MZ 00: 0x00000000]       ExeInst: DASM(00000013)
Cyc=        500 (0x800001a0, 0x8000019c, 0x80000198, 0x80000194, 0x80000190) WB[MZ 00: 0x00000000]       ExeInst: DASM(00000013)
Cyc=        501 (0x800001a4, 0x800001a0, 0x8000019c, 0x80000198, 0x80000194) WB[MZ 00: 0x00000000]       ExeInst: DASM(00000013)
Cyc=        502 (0x800001a8, 0x800001a4, 0x800001a0, 0x8000019c, 0x80000198) WB[MZ 00: 0x00000000]       ExeInst: DASM(00000013)
Cyc=        503 (0x800001ac, 0x800001a8, 0x800001a4, 0x800001a0, 0x8000019c) WB[MZ 00: 0x00000000]       ExeInst: DASM(00000013)
Cyc=        504 (0x800001b0, 0x800001ac, 0x800001a8, 0x800001a4, 0x800001a0) WB[MZ 00: 0x00000000]       ExeInst: DASM(00000013)
Cyc=        505 (0x800001b4, 0x800001b0, 0x800001ac, 0x800001a8, 0x800001a4) WB[MZ 00: 0x00000000]       ExeInst: DASM(00000013)
Cyc=        506 (0x800001b8, 0x800001b4, 0x800001b0, 0x800001ac, 0x800001a8) WB[MZ 00: 0x00000000]       ExeInst: DASM(00000013)
Cyc=        507 (0x800001bc, 0x800001b8, 0x800001b4, 0x800001b0, 0x800001ac) WB[MZ 00: 0x00000000]       ExeInst: DASM(00000013)
Cyc=        508 (0x800001c0, 0x800001bc, 0x800001b8, 0x800001b4, 0x800001b0) WB[MZ 00: 0x00000000]       ExeInst: DASM(00000013)
Cyc=        509 (0x800001c4, 0x800001c0, 0x800001bc, 0x800001b8, 0x800001b4) WB[MZ 00: 0x00000000]       ExeInst: DASM(00000013)
Cyc=        510 (0x800001c8, 0x800001c4, 0x800001c0, 0x800001bc, 0x800001b8) WB[MZ 00: 0x00000000]       ExeInst: DASM(14d68693)
Cyc=        511 (0x800001cc, 0x800001c8, 0x800001c4, 0x800001c0, 0x800001bc) WB[MZ 00: 0x00000000]       ExeInst: DASM(00000013)
Cyc=        512 (0x800001d0, 0x800001cc, 0x800001c8, 0x800001c4, 0x800001c0) WB[MZ 0d: 0x00000309]       ExeInst: DASM(30900e93)
Cyc=        513 (0x800001d4, 0x800001d0, 0x800001cc, 0x800001c8, 0x800001c4) WB[MZ 00: 0x00000000]       ExeInst: DASM(00300193)
Cyc=        514 (0x800001d8, 0x800001d4, 0x800001d0, 0x800001cc, 0x800001c8) WB[MZ 1d: 0x00000309]       ExeInst: DASM(01d69463)
Cyc=        515 (0x800001dc, 0x800001d8, 0x800001d4, 0x800001d0, 0x800001cc) WB[M  03: 0x00000003]   B   ExeInst: DASM(00301c63)
Cyc=        516 (0x800001ec, 0x800001dc, 0x800001d8, 0x800001d4, 0x800001d0) WB[   08: 0x00000311]       ExeInst: DASM(00004033)
Cyc=        517 (0x800001f0, 0x800001ec, 0x800001dc, 0x800001d8, 0x800001d4) WB[   18: 0x00000018]       ExeInst: DASM(00004033)
Cyc=        518 (0x800001f4, 0x800001f0, 0x800001ec, 0x800001dc, 0x800001d8) WB[ Z 00: 0x00000000]       ExeInst: DASM(0ff0000f)
Cyc=        519 (0x800001f8, 0x800001f4, 0x800001f0, 0x800001ec, 0x800001dc) WB[M  00: 0x00000000]       ExeInst: DASM(00100193)
Cyc=        520 (0x800001fc, 0x800001f8, 0x800001f4, 0x800001f0, 0x800001ec) WB[ Z 00: 0x00000000]       ExeInst: DASM(00000073)
Cyc=        521 (0x80000200, 0x800001fc, 0x800001f8, 0x800001f4, 0x800001f0) WB[M  03: 0x00000001] S E   ExeInst: DASM(00004033)
Cyc=        522 (0x80000004, 0x800001fc, 0x800001f8, 0x800001f8, 0x800001f4) WB[   00: 0x00000000]       ExeInst: DASM(00004033)
Cyc=        523 (0x80000008, 0x80000004, 0x800001fc, 0x800001f8, 0x800001f8) WB[   00: 0x00000000]       ExeInst: DASM(00004033)
Cyc=        524 (0x8000000c, 0x80000008, 0x80000004, 0x800001fc, 0x800001f8) WB[ Z 00: 0x00000000] S     ExeInst: DASM(34202f73)
Cyc=        525 (0x8000000c, 0x80000008, 0x80000004, 0x80000004, 0x800001fc) WB[MZ 00: 0x00000000]       ExeInst: DASM(00004033)
Cyc=        526 (0x80000010, 0x8000000c, 0x80000008, 0x80000004, 0x80000004) WB[M  1e: 0x0000000b]       ExeInst: DASM(00800f93)
Cyc=        527 (0x80000014, 0x80000010, 0x8000000c, 0x80000008, 0x80000004) WB[ Z 00: 0x00000000]       ExeInst: DASM(03ff0a63)
Cyc=        528 (0x80000018, 0x80000014, 0x80000010, 0x8000000c, 0x80000008) WB[M  1f: 0x00000008]       ExeInst: DASM(00900f93)
Cyc=        529 (0x8000001c, 0x80000018, 0x80000014, 0x80000010, 0x8000000c) WB[ Z 14: 0x0000003f]       ExeInst: DASM(03ff0663)
Cyc=        530 (0x80000020, 0x8000001c, 0x80000018, 0x80000014, 0x80000010) WB[M  1f: 0x00000009]       ExeInst: DASM(00b00f93)
Cyc=        531 (0x80000024, 0x80000020, 0x8000001c, 0x80000018, 0x80000014) WB[ Z 0c: 0x00000037]   B   ExeInst: DASM(03ff0263)
Cyc=        532 (0x80000040, 0x80000024, 0x80000020, 0x8000001c, 0x80000018) WB[M  1f: 0x0000000b]       ExeInst: DASM(00004033)
Cyc=        533 (0x80000044, 0x80000040, 0x80000024, 0x80000020, 0x8000001c) WB[   04: 0x0000002f]       ExeInst: DASM(00004033)
Cyc=        534 (0x80000048, 0x80000044, 0x80000040, 0x80000024, 0x80000020) WB[ Z 00: 0x00000020]       ExeInst: DASM(00001f17)
Cyc=        535 (0x8000004c, 0x80000048, 0x80000044, 0x80000040, 0x80000024) WB[MZ 00: 0x00000000]       ExeInst: DASM(fc3f2023)
Cyc=        536 (0x80000050, 0x8000004c, 0x80000048, 0x80000044, 0x80000040) WB[M  1e: 0x80001040]   B   ExeInst: DASM(ff9ff06f)
Cyc=        537 (0x80000040, 0x80000050, 0x8000004c, 0x80000048, 0x80000044) WB[ Z 00: 0x80001000]       ExeInst: DASM(00004033)
Cyc=        538 (0x80000044, 0x80000040, 0x80000050, 0x8000004c, 0x80000048) WB[M  00: 0x8000004c]       ExeInst: DASM(00004033)
Cyc=        539 (0x80000048, 0x80000044, 0x80000040, 0x80000050, 0x8000004c) WB[ Z 00: 0x00000000]       ExeInst: DASM(00001f17)
Cyc=        540 (0x8000004c, 0x80000048, 0x80000044, 0x80000040, 0x80000050) WB[MZ 00: 0x00000000]       ExeInst: DASM(fc3f2023)
Cyc=        541 (0x80000050, 0x8000004c, 0x80000048, 0x80000044, 0x80000040) WB[M  1e: 0x80001040]   B   ExeInst: DASM(ff9ff06f)
Cyc=        542 (0x80000040, 0x80000050, 0x8000004c, 0x80000048, 0x80000044) WB[ Z 00: 0x80001000]       ExeInst: DASM(00004033)
Cyc=        543 (0x80000044, 0x80000040, 0x80000050, 0x8000004c, 0x80000048) WB[M  00: 0x8000004c]       ExeInst: DASM(00004033)
Cyc=        544 (0x80000048, 0x80000044, 0x80000040, 0x80000050, 0x8000004c) WB[ Z 00: 0x00000000]       ExeInst: DASM(00001f17)
Cyc=        545 (0x8000004c, 0x80000048, 0x80000044, 0x80000040, 0x80000050) WB[MZ 00: 0x00000000]       ExeInst: DASM(fc3f2023)
Cyc=        546 (0x80000050, 0x8000004c, 0x80000048, 0x80000044, 0x80000040) WB[M  1e: 0x80001040]   B   ExeInst: DASM(ff9ff06f)
Cyc=        547 (0x80000040, 0x80000050, 0x8000004c, 0x80000048, 0x80000044) WB[ Z 00: 0x80001000]       ExeInst: DASM(00004033)
Cyc=        548 (0x80000044, 0x80000040, 0x80000050, 0x8000004c, 0x80000048) WB[M  00: 0x8000004c]       ExeInst: DASM(00004033)
Cyc=        549 (0x80000048, 0x80000044, 0x80000040, 0x80000050, 0x8000004c) WB[ Z 00: 0x00000000]       ExeInst: DASM(00001f17)
Cyc=        550 (0x8000004c, 0x80000048, 0x80000044, 0x80000040, 0x80000050) WB[MZ 00: 0x00000000]       ExeInst: DASM(fc3f2023)
Cyc=        551 (0x80000050, 0x8000004c, 0x80000048, 0x80000044, 0x80000040) WB[M  1e: 0x80001040]   B   ExeInst: DASM(ff9ff06f)
Cyc=        552 (0x80000040, 0x80000050, 0x8000004c, 0x80000048, 0x80000044) WB[ Z 00: 0x80001000]       ExeInst: DASM(00004033)
Cyc=        553 (0x80000044, 0x80000040, 0x80000050, 0x8000004c, 0x80000048) WB[M  00: 0x8000004c]       ExeInst: DASM(00004033)
Cyc=        554 (0x80000048, 0x80000044, 0x80000040, 0x80000050, 0x8000004c) WB[ Z 00: 0x00000000]       ExeInst: DASM(00001f17)
Cyc=        555 (0x8000004c, 0x80000048, 0x80000044, 0x80000040, 0x80000050) WB[MZ 00: 0x00000000]       ExeInst: DASM(fc3f2023)
Cyc=        556 (0x80000050, 0x8000004c, 0x80000048, 0x80000044, 0x80000040) WB[M  1e: 0x80001040]   B   ExeInst: DASM(ff9ff06f)
Cyc=        557 (0x80000040, 0x80000050, 0x8000004c, 0x80000048, 0x80000044) WB[ Z 00: 0x80001000]       ExeInst: DASM(00004033)
Cyc=        558 (0x80000044, 0x80000040, 0x80000050, 0x8000004c, 0x80000048) WB[M  00: 0x8000004c]       ExeInst: DASM(00004033)
Cyc=        559 (0x80000048, 0x80000044, 0x80000040, 0x80000050, 0x8000004c) WB[ Z 00: 0x00000000]       ExeInst: DASM(00001f17)
Cyc=        560 (0x8000004c, 0x80000048, 0x80000044, 0x80000040, 0x80000050) WB[MZ 00: 0x00000000]       ExeInst: DASM(fc3f2023)
Cyc=        561 (0x80000050, 0x8000004c, 0x80000048, 0x80000044, 0x80000040) WB[M  1e: 0x80001040]   B   ExeInst: DASM(ff9ff06f)
Cyc=        562 (0x80000040, 0x80000050, 0x8000004c, 0x80000048, 0x80000044) WB[ Z 00: 0x80001000]       ExeInst: DASM(00004033)
Cyc=        563 (0x80000044, 0x80000040, 0x80000050, 0x8000004c, 0x80000048) WB[M  00: 0x8000004c]       ExeInst: DASM(00004033)
Cyc=        564 (0x80000048, 0x80000044, 0x80000040, 0x80000050, 0x8000004c) WB[ Z 00: 0x00000000]       ExeInst: DASM(00001f17)
Cyc=        565 (0x8000004c, 0x80000048, 0x80000044, 0x80000040, 0x80000050) WB[MZ 00: 0x00000000]       ExeInst: DASM(fc3f2023)
Cyc=        566 (0x80000050, 0x8000004c, 0x80000048, 0x80000044, 0x80000040) WB[M  1e: 0x80001040]   B   ExeInst: DASM(ff9ff06f)
Cyc=        567 (0x80000040, 0x80000050, 0x8000004c, 0x80000048, 0x80000044) WB[ Z 00: 0x80001000]       ExeInst: DASM(00004033)
Cyc=        568 (0x80000044, 0x80000040, 0x80000050, 0x8000004c, 0x80000048) WB[M  00: 0x8000004c]       ExeInst: DASM(00004033)
Cyc=        569 (0x80000048, 0x80000044, 0x80000040, 0x80000050, 0x8000004c) WB[ Z 00: 0x00000000]       ExeInst: DASM(00001f17)
Cyc=        570 (0x8000004c, 0x80000048, 0x80000044, 0x80000040, 0x80000050) WB[MZ 00: 0x00000000]       ExeInst: DASM(fc3f2023)
Cyc=        571 (0x80000050, 0x8000004c, 0x80000048, 0x80000044, 0x80000040) WB[M  1e: 0x80001040]   B   ExeInst: DASM(ff9ff06f)
Cyc=        572 (0x80000040, 0x80000050, 0x8000004c, 0x80000048, 0x80000044) WB[ Z 00: 0x80001000]       ExeInst: DASM(00004033)
Cyc=        573 (0x80000044, 0x80000040, 0x80000050, 0x8000004c, 0x80000048) WB[M  00: 0x8000004c]       ExeInst: DASM(00004033)
Cyc=        574 (0x80000048, 0x80000044, 0x80000040, 0x80000050, 0x8000004c) WB[ Z 00: 0x00000000]       ExeInst: DASM(00001f17)
Cyc=        575 (0x8000004c, 0x80000048, 0x80000044, 0x80000040, 0x80000050) WB[MZ 00: 0x00000000]       ExeInst: DASM(fc3f2023)
*** PASSED ***
