Instantiated DTM.
Cyc=          0 (0x80000000, 0x00000000, 0x00000000, 0x00000000, 0x00000000) WB[   00: 0x00000000]       ExeInst: DASM(00004033)
Cyc=          1 (0x80000004, 0x80000000, 0x00000000, 0x00000000, 0x00000000) WB[   00: 0x00000000]       ExeInst: DASM(00004033)
Cyc=          2 (0x80000008, 0x80000004, 0x80000000, 0x00000000, 0x00000000) WB[ Z 00: 0x00000000]   B   ExeInst: DASM(04c0006f)
Cyc=          3 (0x8000004c, 0x80000008, 0x80000004, 0x80000000, 0x00000000) WB[MZ 00: 0x00000000]       ExeInst: DASM(00004033)
Cyc=          4 (0x80000050, 0x8000004c, 0x80000008, 0x80000004, 0x80000000) WB[M  00: 0x80000004]       ExeInst: DASM(00004033)
Cyc=          5 (0x80000054, 0x80000050, 0x8000004c, 0x80000008, 0x80000004) WB[ Z 00: 0x00000000] S     ExeInst: DASM(f1402573)
Cyc=          6 (0x80000054, 0x80000050, 0x8000004c, 0x8000004c, 0x80000008) WB[MZ 00: 0x00000000]       ExeInst: DASM(00004033)
Cyc=          7 (0x80000058, 0x80000054, 0x80000050, 0x8000004c, 0x8000004c) WB[M  0a: 0x00000000]       ExeInst: DASM(00051063)
Cyc=          8 (0x8000005c, 0x80000058, 0x80000054, 0x80000050, 0x8000004c) WB[   00: 0x00000000]       ExeInst: DASM(00000297)
Cyc=          9 (0x80000060, 0x8000005c, 0x80000058, 0x80000054, 0x80000050) WB[ Z 00: 0x00000000]       ExeInst: DASM(01028293)
Cyc=         10 (0x80000064, 0x80000060, 0x8000005c, 0x80000058, 0x80000054) WB[MZ 05: 0x80000054] S     ExeInst: DASM(30529073)
Cyc=         11 (0x80000064, 0x80000060, 0x8000005c, 0x8000005c, 0x80000058) WB[MZ 05: 0x80000064]       ExeInst: DASM(00004033)
Cyc=         12 (0x80000068, 0x80000064, 0x80000060, 0x8000005c, 0x8000005c) WB[M  00: 0x00000100] S     ExeInst: DASM(18005073)
Cyc=         13 (0x80000068, 0x80000064, 0x80000060, 0x80000060, 0x8000005c) WB[ Z 00: 0x00000000]       ExeInst: DASM(00004033)
Cyc=         14 (0x8000006c, 0x80000068, 0x80000064, 0x80000060, 0x80000060) WB[M  00: 0x00000000]       ExeInst: DASM(00000297)
Cyc=         15 (0x80000070, 0x8000006c, 0x80000068, 0x80000064, 0x80000060) WB[ Z 00: 0x00000000]       ExeInst: DASM(01c28293)
Cyc=         16 (0x80000074, 0x80000070, 0x8000006c, 0x80000068, 0x80000064) WB[MZ 05: 0x80000064] S     ExeInst: DASM(30529073)
Cyc=         17 (0x80000074, 0x80000070, 0x8000006c, 0x8000006c, 0x80000068) WB[MZ 05: 0x80000080]       ExeInst: DASM(00004033)
Cyc=         18 (0x80000078, 0x80000074, 0x80000070, 0x8000006c, 0x8000006c) WB[M  00: 0x00000100]       ExeInst: DASM(fff00293)
Cyc=         19 (0x8000007c, 0x80000078, 0x80000074, 0x80000070, 0x8000006c) WB[ Z 00: 0x00000000] S     ExeInst: DASM(3b029073)
Cyc=         20 (0x8000007c, 0x80000078, 0x80000074, 0x80000074, 0x80000070) WB[MZ 05: 0xffffffff]       ExeInst: DASM(00004033)
Cyc=         21 (0x80000080, 0x8000007c, 0x80000078, 0x80000074, 0x80000074) WB[M  00: 0x00000000]       ExeInst: DASM(01f00293)
Cyc=         22 (0x80000084, 0x80000080, 0x8000007c, 0x80000078, 0x80000074) WB[ Z 00: 0x00000000] S     ExeInst: DASM(3a029073)
Cyc=         23 (0x80000084, 0x80000080, 0x8000007c, 0x8000007c, 0x80000078) WB[MZ 05: 0x0000001f]       ExeInst: DASM(00004033)
Cyc=         24 (0x80000088, 0x80000084, 0x80000080, 0x8000007c, 0x8000007c) WB[M  00: 0x00000000]       ExeInst: DASM(00000297)
Cyc=         25 (0x8000008c, 0x80000088, 0x80000084, 0x80000080, 0x8000007c) WB[ Z 00: 0x00000000]       ExeInst: DASM(01828293)
Cyc=         26 (0x80000090, 0x8000008c, 0x80000088, 0x80000084, 0x80000080) WB[MZ 05: 0x80000080] S     ExeInst: DASM(30529073)
Cyc=         27 (0x80000090, 0x8000008c, 0x80000088, 0x80000088, 0x80000084) WB[MZ 05: 0x80000098]       ExeInst: DASM(00004033)
Cyc=         28 (0x80000094, 0x80000090, 0x8000008c, 0x80000088, 0x80000088) WB[M  00: 0x00000100] S     ExeInst: DASM(30205073)
Cyc=         29 (0x80000094, 0x80000090, 0x8000008c, 0x8000008c, 0x80000088) WB[ Z 00: 0x00000000]       ExeInst: DASM(00004033)
Cyc=         30 (0x80000098, 0x80000094, 0x80000090, 0x8000008c, 0x8000008c) WB[M  00: 0x00000000] S     ExeInst: DASM(30305073)
Cyc=         31 (0x80000098, 0x80000094, 0x80000090, 0x80000090, 0x8000008c) WB[ Z 00: 0x00000000]       ExeInst: DASM(00004033)
Cyc=         32 (0x8000009c, 0x80000098, 0x80000094, 0x80000090, 0x80000090) WB[M  00: 0x00000000] S     ExeInst: DASM(30405073)
Cyc=         33 (0x8000009c, 0x80000098, 0x80000094, 0x80000094, 0x80000090) WB[ Z 00: 0x00000000]       ExeInst: DASM(00004033)
Cyc=         34 (0x800000a0, 0x8000009c, 0x80000098, 0x80000094, 0x80000094) WB[M  00: 0x00000000]       ExeInst: DASM(00000193)
Cyc=         35 (0x800000a4, 0x800000a0, 0x8000009c, 0x80000098, 0x80000094) WB[ Z 00: 0x00000000]       ExeInst: DASM(00000297)
Cyc=         36 (0x800000a8, 0x800000a4, 0x800000a0, 0x8000009c, 0x80000098) WB[MZ 03: 0x00000000]       ExeInst: DASM(f6828293)
Cyc=         37 (0x800000ac, 0x800000a8, 0x800000a4, 0x800000a0, 0x8000009c) WB[MZ 05: 0x8000009c] S     ExeInst: DASM(30529073)
Cyc=         38 (0x800000ac, 0x800000a8, 0x800000a4, 0x800000a4, 0x800000a0) WB[MZ 05: 0x80000004]       ExeInst: DASM(00004033)
Cyc=         39 (0x800000b0, 0x800000ac, 0x800000a8, 0x800000a4, 0x800000a4) WB[M  00: 0x00000100]       ExeInst: DASM(00100513)
Cyc=         40 (0x800000b4, 0x800000b0, 0x800000ac, 0x800000a8, 0x800000a4) WB[ Z 00: 0x00000000]       ExeInst: DASM(01f51513)
Cyc=         41 (0x800000b8, 0x800000b4, 0x800000b0, 0x800000ac, 0x800000a8) WB[MZ 0a: 0x00000001]   B   ExeInst: DASM(00054863)
Cyc=         42 (0x800000c0, 0x800000b8, 0x800000b4, 0x800000b0, 0x800000ac) WB[M  0a: 0x80000000]       ExeInst: DASM(00004033)
Cyc=         43 (0x800000c4, 0x800000c0, 0x800000b8, 0x800000b4, 0x800000b0) WB[   10: 0x80000010]       ExeInst: DASM(00004033)
Cyc=         44 (0x800000c8, 0x800000c4, 0x800000c0, 0x800000b8, 0x800000b4) WB[ Z 00: 0x00000000]       ExeInst: DASM(80000297)
Cyc=         45 (0x800000cc, 0x800000c8, 0x800000c4, 0x800000c0, 0x800000b8) WB[MZ 00: 0x00000000]       ExeInst: DASM(f4028293)
Cyc=         46 (0x800000d0, 0x800000cc, 0x800000c8, 0x800000c4, 0x800000c0) WB[MZ 05: 0x000000c0]   B   ExeInst: DASM(00028e63)
Cyc=         47 (0x800000e4, 0x800000d0, 0x800000cc, 0x800000c8, 0x800000c4) WB[M  05: 0x00000000]       ExeInst: DASM(00004033)
Cyc=         48 (0x800000e8, 0x800000e4, 0x800000d0, 0x800000cc, 0x800000c8) WB[   1c: 0x0000001c]       ExeInst: DASM(00004033)
Cyc=         49 (0x800000ec, 0x800000e8, 0x800000e4, 0x800000d0, 0x800000cc) WB[ Z 00: 0x00000000] S     ExeInst: DASM(30005073)
Cyc=         50 (0x800000ec, 0x800000e8, 0x800000e4, 0x800000e4, 0x800000d0) WB[MZ 00: 0x00000000]       ExeInst: DASM(00004033)
Cyc=         51 (0x800000f0, 0x800000ec, 0x800000e8, 0x800000e4, 0x800000e4) WB[M  00: 0x00001800]       ExeInst: DASM(00000297)
Cyc=         52 (0x800000f4, 0x800000f0, 0x800000ec, 0x800000e8, 0x800000e4) WB[ Z 00: 0x00000000]       ExeInst: DASM(01428293)
Cyc=         53 (0x800000f8, 0x800000f4, 0x800000f0, 0x800000ec, 0x800000e8) WB[MZ 05: 0x800000e8] S     ExeInst: DASM(34129073)
Cyc=         54 (0x800000f8, 0x800000f4, 0x800000f0, 0x800000f0, 0x800000ec) WB[MZ 05: 0x800000fc]       ExeInst: DASM(00004033)
Cyc=         55 (0x800000fc, 0x800000f8, 0x800000f4, 0x800000f0, 0x800000f0) WB[M  00: 0x00000000] S     ExeInst: DASM(f1402573)
Cyc=         56 (0x800000fc, 0x800000f8, 0x800000f4, 0x800000f4, 0x800000f0) WB[ Z 00: 0x00000000]       ExeInst: DASM(00004033)
Cyc=         57 (0x80000100, 0x800000fc, 0x800000f8, 0x800000f4, 0x800000f4) WB[M  0a: 0x00000000]       ExeInst: DASM(30200073)
Cyc=         58 (0x80000104, 0x80000100, 0x800000fc, 0x800000f8, 0x800000f4) WB[   00: 0x00000000]   E   ExeInst: DASM(00004033)
Cyc=         59 (0x800000fc, 0x80000100, 0x800000fc, 0x800000fc, 0x800000f8) WB[   00: 0x00000000]       ExeInst: DASM(00004033)
Cyc=         60 (0x80000100, 0x800000fc, 0x80000100, 0x800000fc, 0x800000fc) WB[   00: 0x00000000]       ExeInst: DASM(00004033)
Cyc=         61 (0x80000104, 0x80000100, 0x800000fc, 0x80000100, 0x800000fc) WB[ Z 00: 0x00000002]       ExeInst: DASM(00200193)
Cyc=         62 (0x80000108, 0x80000104, 0x80000100, 0x800000fc, 0x80000100) WB[MZ 00: 0x00000000]       ExeInst: DASM(00000093)
Cyc=         63 (0x8000010c, 0x80000108, 0x80000104, 0x80000100, 0x800000fc) WB[MZ 03: 0x00000002]       ExeInst: DASM(00000113)
Cyc=         64 (0x80000110, 0x8000010c, 0x80000108, 0x80000104, 0x80000100) WB[MZ 01: 0x00000000]   B   ExeInst: DASM(00208663)
Cyc=         65 (0x80000114, 0x80000110, 0x8000010c, 0x80000108, 0x80000104) WB[M  02: 0x00000000]       ExeInst: DASM(00004033)
Cyc=         66 (0x80000118, 0x80000114, 0x80000110, 0x8000010c, 0x80000108) WB[   0c: 0x0000000c]       ExeInst: DASM(00004033)
Cyc=         67 (0x8000011c, 0x80000118, 0x80000114, 0x80000110, 0x8000010c) WB[ Z 00: 0x000002b0]   B   ExeInst: DASM(fe208ee3)
Cyc=         68 (0x80000110, 0x8000011c, 0x80000118, 0x80000114, 0x80000110) WB[M  00: 0x00000000]       ExeInst: DASM(00004033)
Cyc=         69 (0x80000114, 0x80000110, 0x8000011c, 0x80000118, 0x80000114) WB[   1d: 0xfffffffc]       ExeInst: DASM(00004033)
Cyc=         70 (0x80000118, 0x80000114, 0x80000110, 0x8000011c, 0x80000118) WB[ Z 00: 0x000002a4]   B   ExeInst: DASM(00301663)
Cyc=         71 (0x8000011c, 0x80000118, 0x80000114, 0x80000110, 0x8000011c) WB[M  00: 0x00000000]       ExeInst: DASM(00004033)
Cyc=         72 (0x80000120, 0x8000011c, 0x80000118, 0x80000114, 0x80000110) WB[   0c: 0x0000000c]       ExeInst: DASM(00004033)
Cyc=         73 (0x80000124, 0x80000120, 0x8000011c, 0x80000118, 0x80000114) WB[ Z 00: 0xfffffffc]       ExeInst: DASM(00300193)
Cyc=         74 (0x80000128, 0x80000124, 0x80000120, 0x8000011c, 0x80000118) WB[MZ 00: 0x00000000]       ExeInst: DASM(00100093)
Cyc=         75 (0x8000012c, 0x80000128, 0x80000124, 0x80000120, 0x8000011c) WB[MZ 03: 0x00000003]       ExeInst: DASM(00100113)
Cyc=         76 (0x80000130, 0x8000012c, 0x80000128, 0x80000124, 0x80000120) WB[MZ 01: 0x00000001]   B   ExeInst: DASM(00208663)
Cyc=         77 (0x80000134, 0x80000130, 0x8000012c, 0x80000128, 0x80000124) WB[M  02: 0x00000001]       ExeInst: DASM(00004033)
Cyc=         78 (0x80000138, 0x80000134, 0x80000130, 0x8000012c, 0x80000128) WB[   0c: 0x0000000d]       ExeInst: DASM(00004033)
Cyc=         79 (0x8000013c, 0x80000138, 0x80000134, 0x80000130, 0x8000012c) WB[ Z 00: 0x00000290]   B   ExeInst: DASM(fe208ee3)
Cyc=         80 (0x80000130, 0x8000013c, 0x80000138, 0x80000134, 0x80000130) WB[M  00: 0x00000000]       ExeInst: DASM(00004033)
Cyc=         81 (0x80000134, 0x80000130, 0x8000013c, 0x80000138, 0x80000134) WB[   1d: 0xfffffffd]       ExeInst: DASM(00004033)
Cyc=         82 (0x80000138, 0x80000134, 0x80000130, 0x8000013c, 0x80000138) WB[ Z 00: 0x00000284]   B   ExeInst: DASM(00301663)
Cyc=         83 (0x8000013c, 0x80000138, 0x80000134, 0x80000130, 0x8000013c) WB[M  00: 0x00000000]       ExeInst: DASM(00004033)
Cyc=         84 (0x80000140, 0x8000013c, 0x80000138, 0x80000134, 0x80000130) WB[   0c: 0x0000000c]       ExeInst: DASM(00004033)
Cyc=         85 (0x80000144, 0x80000140, 0x8000013c, 0x80000138, 0x80000134) WB[ Z 00: 0xfffffffd]       ExeInst: DASM(00400193)
Cyc=         86 (0x80000148, 0x80000144, 0x80000140, 0x8000013c, 0x80000138) WB[MZ 00: 0x00000000]       ExeInst: DASM(fff00093)
Cyc=         87 (0x8000014c, 0x80000148, 0x80000144, 0x80000140, 0x8000013c) WB[MZ 03: 0x00000004]       ExeInst: DASM(fff00113)
Cyc=         88 (0x80000150, 0x8000014c, 0x80000148, 0x80000144, 0x80000140) WB[MZ 01: 0xffffffff]   B   ExeInst: DASM(00208663)
Cyc=         89 (0x80000154, 0x80000150, 0x8000014c, 0x80000148, 0x80000144) WB[M  02: 0xffffffff]       ExeInst: DASM(00004033)
Cyc=         90 (0x80000158, 0x80000154, 0x80000150, 0x8000014c, 0x80000148) WB[   0c: 0x0000000b]       ExeInst: DASM(00004033)
Cyc=         91 (0x8000015c, 0x80000158, 0x80000154, 0x80000150, 0x8000014c) WB[ Z 00: 0x00000270]   B   ExeInst: DASM(fe208ee3)
Cyc=         92 (0x80000150, 0x8000015c, 0x80000158, 0x80000154, 0x80000150) WB[M  00: 0x00000000]       ExeInst: DASM(00004033)
Cyc=         93 (0x80000154, 0x80000150, 0x8000015c, 0x80000158, 0x80000154) WB[   1d: 0xfffffffb]       ExeInst: DASM(00004033)
Cyc=         94 (0x80000158, 0x80000154, 0x80000150, 0x8000015c, 0x80000158) WB[ Z 00: 0x00000264]   B   ExeInst: DASM(00301663)
Cyc=         95 (0x8000015c, 0x80000158, 0x80000154, 0x80000150, 0x8000015c) WB[M  00: 0x00000000]       ExeInst: DASM(00004033)
Cyc=         96 (0x80000160, 0x8000015c, 0x80000158, 0x80000154, 0x80000150) WB[   0c: 0x0000000c]       ExeInst: DASM(00004033)
Cyc=         97 (0x80000164, 0x80000160, 0x8000015c, 0x80000158, 0x80000154) WB[ Z 00: 0xfffffffb]       ExeInst: DASM(00500193)
Cyc=         98 (0x80000168, 0x80000164, 0x80000160, 0x8000015c, 0x80000158) WB[MZ 00: 0x00000000]       ExeInst: DASM(00000093)
Cyc=         99 (0x8000016c, 0x80000168, 0x80000164, 0x80000160, 0x8000015c) WB[MZ 03: 0x00000005]       ExeInst: DASM(00100113)
Cyc=        100 (0x80000170, 0x8000016c, 0x80000168, 0x80000164, 0x80000160) WB[MZ 01: 0x00000000]       ExeInst: DASM(00208463)
Cyc=        101 (0x80000174, 0x80000170, 0x8000016c, 0x80000168, 0x80000164) WB[M  02: 0x00000001]   B   ExeInst: DASM(00301463)
Cyc=        102 (0x80000174, 0x80000174, 0x80000170, 0x8000016c, 0x80000168) WB[   08: 0x00000008]       ExeInst: DASM(00004033)
Cyc=        103 (0x80000178, 0x80000174, 0x80000174, 0x80000170, 0x8000016c) WB[   08: 0x00000008]       ExeInst: DASM(00004033)
Cyc=        104 (0x8000017c, 0x80000178, 0x80000174, 0x80000174, 0x80000170) WB[ Z 00: 0x0000024c]       ExeInst: DASM(fe208ee3)
Cyc=        105 (0x80000180, 0x8000017c, 0x80000178, 0x80000174, 0x80000174) WB[M  00: 0x00000000]       ExeInst: DASM(00600193)
Cyc=        106 (0x80000184, 0x80000180, 0x8000017c, 0x80000178, 0x80000174) WB[ Z 1d: 0xfffffffc]       ExeInst: DASM(00100093)
Cyc=        107 (0x80000188, 0x80000184, 0x80000180, 0x8000017c, 0x80000178) WB[MZ 03: 0x00000006]       ExeInst: DASM(00000113)
Cyc=        108 (0x8000018c, 0x80000188, 0x80000184, 0x80000180, 0x8000017c) WB[MZ 01: 0x00000001]       ExeInst: DASM(00208463)
Cyc=        109 (0x80000190, 0x8000018c, 0x80000188, 0x80000184, 0x80000180) WB[M  02: 0x00000000]   B   ExeInst: DASM(00301463)
Cyc=        110 (0x80000190, 0x80000190, 0x8000018c, 0x80000188, 0x80000184) WB[   08: 0x00000009]       ExeInst: DASM(00004033)
Cyc=        111 (0x80000194, 0x80000190, 0x80000190, 0x8000018c, 0x80000188) WB[   08: 0x00000008]       ExeInst: DASM(00004033)
Cyc=        112 (0x80000198, 0x80000194, 0x80000190, 0x80000190, 0x8000018c) WB[ Z 00: 0x00000230]       ExeInst: DASM(fe208ee3)
Cyc=        113 (0x8000019c, 0x80000198, 0x80000194, 0x80000190, 0x80000190) WB[M  00: 0x00000000]       ExeInst: DASM(00700193)
Cyc=        114 (0x800001a0, 0x8000019c, 0x80000198, 0x80000194, 0x80000190) WB[ Z 1d: 0xfffffffd]       ExeInst: DASM(fff00093)
Cyc=        115 (0x800001a4, 0x800001a0, 0x8000019c, 0x80000198, 0x80000194) WB[MZ 03: 0x00000007]       ExeInst: DASM(00100113)
Cyc=        116 (0x800001a8, 0x800001a4, 0x800001a0, 0x8000019c, 0x80000198) WB[MZ 01: 0xffffffff]       ExeInst: DASM(00208463)
Cyc=        117 (0x800001ac, 0x800001a8, 0x800001a4, 0x800001a0, 0x8000019c) WB[M  02: 0x00000001]   B   ExeInst: DASM(00301463)
Cyc=        118 (0x800001ac, 0x800001ac, 0x800001a8, 0x800001a4, 0x800001a0) WB[   08: 0x00000007]       ExeInst: DASM(00004033)
Cyc=        119 (0x800001b0, 0x800001ac, 0x800001ac, 0x800001a8, 0x800001a4) WB[   08: 0x00000008]       ExeInst: DASM(00004033)
Cyc=        120 (0x800001b4, 0x800001b0, 0x800001ac, 0x800001ac, 0x800001a8) WB[ Z 00: 0x00000214]       ExeInst: DASM(fe208ee3)
Cyc=        121 (0x800001b8, 0x800001b4, 0x800001b0, 0x800001ac, 0x800001ac) WB[M  00: 0x00000000]       ExeInst: DASM(00800193)
Cyc=        122 (0x800001bc, 0x800001b8, 0x800001b4, 0x800001b0, 0x800001ac) WB[ Z 1d: 0xfffffffb]       ExeInst: DASM(00100093)
Cyc=        123 (0x800001c0, 0x800001bc, 0x800001b8, 0x800001b4, 0x800001b0) WB[MZ 03: 0x00000008]       ExeInst: DASM(fff00113)
Cyc=        124 (0x800001c4, 0x800001c0, 0x800001bc, 0x800001b8, 0x800001b4) WB[MZ 01: 0x00000001]       ExeInst: DASM(00208463)
Cyc=        125 (0x800001c8, 0x800001c4, 0x800001c0, 0x800001bc, 0x800001b8) WB[M  02: 0xffffffff]   B   ExeInst: DASM(00301463)
Cyc=        126 (0x800001c8, 0x800001c8, 0x800001c4, 0x800001c0, 0x800001bc) WB[   08: 0x00000009]       ExeInst: DASM(00004033)
Cyc=        127 (0x800001cc, 0x800001c8, 0x800001c8, 0x800001c4, 0x800001c0) WB[   08: 0x00000008]       ExeInst: DASM(00004033)
Cyc=        128 (0x800001d0, 0x800001cc, 0x800001c8, 0x800001c8, 0x800001c4) WB[ Z 00: 0x000001f8]       ExeInst: DASM(fe208ee3)
Cyc=        129 (0x800001d4, 0x800001d0, 0x800001cc, 0x800001c8, 0x800001c8) WB[M  00: 0x00000000]       ExeInst: DASM(00900193)
Cyc=        130 (0x800001d8, 0x800001d4, 0x800001d0, 0x800001cc, 0x800001c8) WB[ Z 1d: 0xfffffffd]       ExeInst: DASM(00000213)
Cyc=        131 (0x800001dc, 0x800001d8, 0x800001d4, 0x800001d0, 0x800001cc) WB[MZ 03: 0x00000009]       ExeInst: DASM(00000093)
Cyc=        132 (0x800001e0, 0x800001dc, 0x800001d8, 0x800001d4, 0x800001d0) WB[MZ 04: 0x00000000]       ExeInst: DASM(fff00113)
Cyc=        133 (0x800001e4, 0x800001e0, 0x800001dc, 0x800001d8, 0x800001d4) WB[MZ 01: 0x00000000]       ExeInst: DASM(1e208063)
Cyc=        134 (0x800001e8, 0x800001e4, 0x800001e0, 0x800001dc, 0x800001d8) WB[M  02: 0xffffffff]       ExeInst: DASM(00120213)
Cyc=        135 (0x800001ec, 0x800001e8, 0x800001e4, 0x800001e0, 0x800001dc) WB[ Z 00: 0x000001e0]       ExeInst: DASM(00200293)
Cyc=        136 (0x800001f0, 0x800001ec, 0x800001e8, 0x800001e4, 0x800001e0) WB[MZ 04: 0x00000001]   B   ExeInst: DASM(fe5216e3)
Cyc=        137 (0x800001d4, 0x800001f0, 0x800001ec, 0x800001e8, 0x800001e4) WB[M  05: 0x00000002]       ExeInst: DASM(00004033)
Cyc=        138 (0x800001d8, 0x800001d4, 0x800001f0, 0x800001ec, 0x800001e8) WB[   0d: 0xffffffed]       ExeInst: DASM(00004033)
Cyc=        139 (0x800001dc, 0x800001d8, 0x800001d4, 0x800001f0, 0x800001ec) WB[ Z 00: 0x0000000a]       ExeInst: DASM(00000093)
Cyc=        140 (0x800001e0, 0x800001dc, 0x800001d8, 0x800001d4, 0x800001f0) WB[MZ 00: 0x00000000]       ExeInst: DASM(fff00113)
Cyc=        141 (0x800001e4, 0x800001e0, 0x800001dc, 0x800001d8, 0x800001d4) WB[MZ 01: 0x00000000]       ExeInst: DASM(1e208063)
Cyc=        142 (0x800001e8, 0x800001e4, 0x800001e0, 0x800001dc, 0x800001d8) WB[M  02: 0xffffffff]       ExeInst: DASM(00120213)
Cyc=        143 (0x800001ec, 0x800001e8, 0x800001e4, 0x800001e0, 0x800001dc) WB[ Z 00: 0x000001e0]       ExeInst: DASM(00200293)
Cyc=        144 (0x800001f0, 0x800001ec, 0x800001e8, 0x800001e4, 0x800001e0) WB[MZ 04: 0x00000002]       ExeInst: DASM(fe5216e3)
Cyc=        145 (0x800001f4, 0x800001f0, 0x800001ec, 0x800001e8, 0x800001e4) WB[M  05: 0x00000002]       ExeInst: DASM(00a00193)
Cyc=        146 (0x800001f8, 0x800001f4, 0x800001f0, 0x800001ec, 0x800001e8) WB[ Z 0d: 0xffffffee]       ExeInst: DASM(00000213)
Cyc=        147 (0x800001fc, 0x800001f8, 0x800001f4, 0x800001f0, 0x800001ec) WB[MZ 03: 0x0000000a]       ExeInst: DASM(00000093)
Cyc=        148 (0x80000200, 0x800001fc, 0x800001f8, 0x800001f4, 0x800001f0) WB[MZ 04: 0x00000000]       ExeInst: DASM(fff00113)
Cyc=        149 (0x80000204, 0x80000200, 0x800001fc, 0x800001f8, 0x800001f4) WB[MZ 01: 0x00000000]       ExeInst: DASM(00000013)
Cyc=        150 (0x80000208, 0x80000204, 0x80000200, 0x800001fc, 0x800001f8) WB[MZ 02: 0xffffffff]       ExeInst: DASM(1a208e63)
Cyc=        151 (0x8000020c, 0x80000208, 0x80000204, 0x80000200, 0x800001fc) WB[M  00: 0x00000000]       ExeInst: DASM(00120213)
Cyc=        152 (0x80000210, 0x8000020c, 0x80000208, 0x80000204, 0x80000200) WB[ Z 1c: 0x000001bc]       ExeInst: DASM(00200293)
Cyc=        153 (0x80000214, 0x80000210, 0x8000020c, 0x80000208, 0x80000204) WB[MZ 04: 0x00000001]   B   ExeInst: DASM(fe5214e3)
Cyc=        154 (0x800001f4, 0x80000214, 0x80000210, 0x8000020c, 0x80000208) WB[M  05: 0x00000002]       ExeInst: DASM(00004033)
Cyc=        155 (0x800001f8, 0x800001f4, 0x80000214, 0x80000210, 0x8000020c) WB[   09: 0xffffffe9]       ExeInst: DASM(00004033)
Cyc=        156 (0x800001fc, 0x800001f8, 0x800001f4, 0x80000214, 0x80000210) WB[ Z 00: 0x0000000b]       ExeInst: DASM(00000093)
Cyc=        157 (0x80000200, 0x800001fc, 0x800001f8, 0x800001f4, 0x80000214) WB[MZ 00: 0x00000000]       ExeInst: DASM(fff00113)
Cyc=        158 (0x80000204, 0x80000200, 0x800001fc, 0x800001f8, 0x800001f4) WB[MZ 01: 0x00000000]       ExeInst: DASM(00000013)
Cyc=        159 (0x80000208, 0x80000204, 0x80000200, 0x800001fc, 0x800001f8) WB[MZ 02: 0xffffffff]       ExeInst: DASM(1a208e63)
Cyc=        160 (0x8000020c, 0x80000208, 0x80000204, 0x80000200, 0x800001fc) WB[M  00: 0x00000000]       ExeInst: DASM(00120213)
Cyc=        161 (0x80000210, 0x8000020c, 0x80000208, 0x80000204, 0x80000200) WB[ Z 1c: 0x000001bc]       ExeInst: DASM(00200293)
Cyc=        162 (0x80000214, 0x80000210, 0x8000020c, 0x80000208, 0x80000204) WB[MZ 04: 0x00000002]       ExeInst: DASM(fe5214e3)
Cyc=        163 (0x80000218, 0x80000214, 0x80000210, 0x8000020c, 0x80000208) WB[M  05: 0x00000002]       ExeInst: DASM(00b00193)
Cyc=        164 (0x8000021c, 0x80000218, 0x80000214, 0x80000210, 0x8000020c) WB[ Z 09: 0xffffffea]       ExeInst: DASM(00000213)
Cyc=        165 (0x80000220, 0x8000021c, 0x80000218, 0x80000214, 0x80000210) WB[MZ 03: 0x0000000b]       ExeInst: DASM(00000093)
Cyc=        166 (0x80000224, 0x80000220, 0x8000021c, 0x80000218, 0x80000214) WB[MZ 04: 0x00000000]       ExeInst: DASM(fff00113)
Cyc=        167 (0x80000228, 0x80000224, 0x80000220, 0x8000021c, 0x80000218) WB[MZ 01: 0x00000000]       ExeInst: DASM(00000013)
Cyc=        168 (0x8000022c, 0x80000228, 0x80000224, 0x80000220, 0x8000021c) WB[MZ 02: 0xffffffff]       ExeInst: DASM(00000013)
Cyc=        169 (0x80000230, 0x8000022c, 0x80000228, 0x80000224, 0x80000220) WB[MZ 00: 0x00000000]       ExeInst: DASM(18208a63)
Cyc=        170 (0x80000234, 0x80000230, 0x8000022c, 0x80000228, 0x80000224) WB[M  00: 0x00000000]       ExeInst: DASM(00120213)
Cyc=        171 (0x80000238, 0x80000234, 0x80000230, 0x8000022c, 0x80000228) WB[ Z 14: 0x00000194]       ExeInst: DASM(00200293)
Cyc=        172 (0x8000023c, 0x80000238, 0x80000234, 0x80000230, 0x8000022c) WB[MZ 04: 0x00000001]   B   ExeInst: DASM(fe5212e3)
Cyc=        173 (0x80000218, 0x8000023c, 0x80000238, 0x80000234, 0x80000230) WB[M  05: 0x00000002]       ExeInst: DASM(00004033)
Cyc=        174 (0x8000021c, 0x80000218, 0x8000023c, 0x80000238, 0x80000234) WB[   05: 0xffffffe5]       ExeInst: DASM(00004033)
Cyc=        175 (0x80000220, 0x8000021c, 0x80000218, 0x8000023c, 0x80000238) WB[ Z 00: 0x0000000c]       ExeInst: DASM(00000093)
Cyc=        176 (0x80000224, 0x80000220, 0x8000021c, 0x80000218, 0x8000023c) WB[MZ 00: 0x00000000]       ExeInst: DASM(fff00113)
Cyc=        177 (0x80000228, 0x80000224, 0x80000220, 0x8000021c, 0x80000218) WB[MZ 01: 0x00000000]       ExeInst: DASM(00000013)
Cyc=        178 (0x8000022c, 0x80000228, 0x80000224, 0x80000220, 0x8000021c) WB[MZ 02: 0xffffffff]       ExeInst: DASM(00000013)
Cyc=        179 (0x80000230, 0x8000022c, 0x80000228, 0x80000224, 0x80000220) WB[MZ 00: 0x00000000]       ExeInst: DASM(18208a63)
Cyc=        180 (0x80000234, 0x80000230, 0x8000022c, 0x80000228, 0x80000224) WB[M  00: 0x00000000]       ExeInst: DASM(00120213)
Cyc=        181 (0x80000238, 0x80000234, 0x80000230, 0x8000022c, 0x80000228) WB[ Z 14: 0x00000194]       ExeInst: DASM(00200293)
Cyc=        182 (0x8000023c, 0x80000238, 0x80000234, 0x80000230, 0x8000022c) WB[MZ 04: 0x00000002]       ExeInst: DASM(fe5212e3)
Cyc=        183 (0x80000240, 0x8000023c, 0x80000238, 0x80000234, 0x80000230) WB[M  05: 0x00000002]       ExeInst: DASM(00c00193)
Cyc=        184 (0x80000244, 0x80000240, 0x8000023c, 0x80000238, 0x80000234) WB[ Z 05: 0xffffffe6]       ExeInst: DASM(00000213)
Cyc=        185 (0x80000248, 0x80000244, 0x80000240, 0x8000023c, 0x80000238) WB[MZ 03: 0x0000000c]       ExeInst: DASM(00000093)
Cyc=        186 (0x8000024c, 0x80000248, 0x80000244, 0x80000240, 0x8000023c) WB[MZ 04: 0x00000000]       ExeInst: DASM(00000013)
Cyc=        187 (0x80000250, 0x8000024c, 0x80000248, 0x80000244, 0x80000240) WB[MZ 01: 0x00000000]       ExeInst: DASM(fff00113)
Cyc=        188 (0x80000254, 0x80000250, 0x8000024c, 0x80000248, 0x80000244) WB[MZ 00: 0x00000000]       ExeInst: DASM(16208863)
Cyc=        189 (0x80000258, 0x80000254, 0x80000250, 0x8000024c, 0x80000248) WB[M  02: 0xffffffff]       ExeInst: DASM(00120213)
Cyc=        190 (0x8000025c, 0x80000258, 0x80000254, 0x80000250, 0x8000024c) WB[ Z 10: 0x00000170]       ExeInst: DASM(00200293)
Cyc=        191 (0x80000260, 0x8000025c, 0x80000258, 0x80000254, 0x80000250) WB[MZ 04: 0x00000001]   B   ExeInst: DASM(fe5214e3)
Cyc=        192 (0x80000240, 0x80000260, 0x8000025c, 0x80000258, 0x80000254) WB[M  05: 0x00000002]       ExeInst: DASM(00004033)
Cyc=        193 (0x80000244, 0x80000240, 0x80000260, 0x8000025c, 0x80000258) WB[   09: 0xffffffe9]       ExeInst: DASM(00004033)
Cyc=        194 (0x80000248, 0x80000244, 0x80000240, 0x80000260, 0x8000025c) WB[ Z 00: 0x0000000d]       ExeInst: DASM(00000093)
Cyc=        195 (0x8000024c, 0x80000248, 0x80000244, 0x80000240, 0x80000260) WB[MZ 00: 0x00000000]       ExeInst: DASM(00000013)
Cyc=        196 (0x80000250, 0x8000024c, 0x80000248, 0x80000244, 0x80000240) WB[MZ 01: 0x00000000]       ExeInst: DASM(fff00113)
Cyc=        197 (0x80000254, 0x80000250, 0x8000024c, 0x80000248, 0x80000244) WB[MZ 00: 0x00000000]       ExeInst: DASM(16208863)
Cyc=        198 (0x80000258, 0x80000254, 0x80000250, 0x8000024c, 0x80000248) WB[M  02: 0xffffffff]       ExeInst: DASM(00120213)
Cyc=        199 (0x8000025c, 0x80000258, 0x80000254, 0x80000250, 0x8000024c) WB[ Z 10: 0x00000170]       ExeInst: DASM(00200293)
Cyc=        200 (0x80000260, 0x8000025c, 0x80000258, 0x80000254, 0x80000250) WB[MZ 04: 0x00000002]       ExeInst: DASM(fe5214e3)
Cyc=        201 (0x80000264, 0x80000260, 0x8000025c, 0x80000258, 0x80000254) WB[M  05: 0x00000002]       ExeInst: DASM(00d00193)
Cyc=        202 (0x80000268, 0x80000264, 0x80000260, 0x8000025c, 0x80000258) WB[ Z 09: 0xffffffea]       ExeInst: DASM(00000213)
Cyc=        203 (0x8000026c, 0x80000268, 0x80000264, 0x80000260, 0x8000025c) WB[MZ 03: 0x0000000d]       ExeInst: DASM(00000093)
Cyc=        204 (0x80000270, 0x8000026c, 0x80000268, 0x80000264, 0x80000260) WB[MZ 04: 0x00000000]       ExeInst: DASM(00000013)
Cyc=        205 (0x80000274, 0x80000270, 0x8000026c, 0x80000268, 0x80000264) WB[MZ 01: 0x00000000]       ExeInst: DASM(fff00113)
Cyc=        206 (0x80000278, 0x80000274, 0x80000270, 0x8000026c, 0x80000268) WB[MZ 00: 0x00000000]       ExeInst: DASM(00000013)
Cyc=        207 (0x8000027c, 0x80000278, 0x80000274, 0x80000270, 0x8000026c) WB[MZ 02: 0xffffffff]       ExeInst: DASM(14208463)
Cyc=        208 (0x80000280, 0x8000027c, 0x80000278, 0x80000274, 0x80000270) WB[M  00: 0x00000000]       ExeInst: DASM(00120213)
Cyc=        209 (0x80000284, 0x80000280, 0x8000027c, 0x80000278, 0x80000274) WB[ Z 08: 0x00000148]       ExeInst: DASM(00200293)
Cyc=        210 (0x80000288, 0x80000284, 0x80000280, 0x8000027c, 0x80000278) WB[MZ 04: 0x00000001]   B   ExeInst: DASM(fe5212e3)
Cyc=        211 (0x80000264, 0x80000288, 0x80000284, 0x80000280, 0x8000027c) WB[M  05: 0x00000002]       ExeInst: DASM(00004033)
Cyc=        212 (0x80000268, 0x80000264, 0x80000288, 0x80000284, 0x80000280) WB[   05: 0xffffffe5]       ExeInst: DASM(00004033)
Cyc=        213 (0x8000026c, 0x80000268, 0x80000264, 0x80000288, 0x80000284) WB[ Z 00: 0x0000000e]       ExeInst: DASM(00000093)
Cyc=        214 (0x80000270, 0x8000026c, 0x80000268, 0x80000264, 0x80000288) WB[MZ 00: 0x00000000]       ExeInst: DASM(00000013)
Cyc=        215 (0x80000274, 0x80000270, 0x8000026c, 0x80000268, 0x80000264) WB[MZ 01: 0x00000000]       ExeInst: DASM(fff00113)
Cyc=        216 (0x80000278, 0x80000274, 0x80000270, 0x8000026c, 0x80000268) WB[MZ 00: 0x00000000]       ExeInst: DASM(00000013)
Cyc=        217 (0x8000027c, 0x80000278, 0x80000274, 0x80000270, 0x8000026c) WB[MZ 02: 0xffffffff]       ExeInst: DASM(14208463)
Cyc=        218 (0x80000280, 0x8000027c, 0x80000278, 0x80000274, 0x80000270) WB[M  00: 0x00000000]       ExeInst: DASM(00120213)
Cyc=        219 (0x80000284, 0x80000280, 0x8000027c, 0x80000278, 0x80000274) WB[ Z 08: 0x00000148]       ExeInst: DASM(00200293)
Cyc=        220 (0x80000288, 0x80000284, 0x80000280, 0x8000027c, 0x80000278) WB[MZ 04: 0x00000002]       ExeInst: DASM(fe5212e3)
Cyc=        221 (0x8000028c, 0x80000288, 0x80000284, 0x80000280, 0x8000027c) WB[M  05: 0x00000002]       ExeInst: DASM(00e00193)
Cyc=        222 (0x80000290, 0x8000028c, 0x80000288, 0x80000284, 0x80000280) WB[ Z 05: 0xffffffe6]       ExeInst: DASM(00000213)
Cyc=        223 (0x80000294, 0x80000290, 0x8000028c, 0x80000288, 0x80000284) WB[MZ 03: 0x0000000e]       ExeInst: DASM(00000093)
Cyc=        224 (0x80000298, 0x80000294, 0x80000290, 0x8000028c, 0x80000288) WB[MZ 04: 0x00000000]       ExeInst: DASM(00000013)
Cyc=        225 (0x8000029c, 0x80000298, 0x80000294, 0x80000290, 0x8000028c) WB[MZ 01: 0x00000000]       ExeInst: DASM(00000013)
Cyc=        226 (0x800002a0, 0x8000029c, 0x80000298, 0x80000294, 0x80000290) WB[MZ 00: 0x00000000]       ExeInst: DASM(fff00113)
Cyc=        227 (0x800002a4, 0x800002a0, 0x8000029c, 0x80000298, 0x80000294) WB[MZ 00: 0x00000000]       ExeInst: DASM(12208063)
Cyc=        228 (0x800002a8, 0x800002a4, 0x800002a0, 0x8000029c, 0x80000298) WB[M  02: 0xffffffff]       ExeInst: DASM(00120213)
Cyc=        229 (0x800002ac, 0x800002a8, 0x800002a4, 0x800002a0, 0x8000029c) WB[ Z 00: 0x00000120]       ExeInst: DASM(00200293)
Cyc=        230 (0x800002b0, 0x800002ac, 0x800002a8, 0x800002a4, 0x800002a0) WB[MZ 04: 0x00000001]   B   ExeInst: DASM(fe5212e3)
Cyc=        231 (0x8000028c, 0x800002b0, 0x800002ac, 0x800002a8, 0x800002a4) WB[M  05: 0x00000002]       ExeInst: DASM(00004033)
Cyc=        232 (0x80000290, 0x8000028c, 0x800002b0, 0x800002ac, 0x800002a8) WB[   05: 0xffffffe5]       ExeInst: DASM(00004033)
Cyc=        233 (0x80000294, 0x80000290, 0x8000028c, 0x800002b0, 0x800002ac) WB[ Z 00: 0x0000000f]       ExeInst: DASM(00000093)
Cyc=        234 (0x80000298, 0x80000294, 0x80000290, 0x8000028c, 0x800002b0) WB[MZ 00: 0x00000000]       ExeInst: DASM(00000013)
Cyc=        235 (0x8000029c, 0x80000298, 0x80000294, 0x80000290, 0x8000028c) WB[MZ 01: 0x00000000]       ExeInst: DASM(00000013)
Cyc=        236 (0x800002a0, 0x8000029c, 0x80000298, 0x80000294, 0x80000290) WB[MZ 00: 0x00000000]       ExeInst: DASM(fff00113)
Cyc=        237 (0x800002a4, 0x800002a0, 0x8000029c, 0x80000298, 0x80000294) WB[MZ 00: 0x00000000]       ExeInst: DASM(12208063)
Cyc=        238 (0x800002a8, 0x800002a4, 0x800002a0, 0x8000029c, 0x80000298) WB[M  02: 0xffffffff]       ExeInst: DASM(00120213)
Cyc=        239 (0x800002ac, 0x800002a8, 0x800002a4, 0x800002a0, 0x8000029c) WB[ Z 00: 0x00000120]       ExeInst: DASM(00200293)
Cyc=        240 (0x800002b0, 0x800002ac, 0x800002a8, 0x800002a4, 0x800002a0) WB[MZ 04: 0x00000002]       ExeInst: DASM(fe5212e3)
Cyc=        241 (0x800002b4, 0x800002b0, 0x800002ac, 0x800002a8, 0x800002a4) WB[M  05: 0x00000002]       ExeInst: DASM(00f00193)
Cyc=        242 (0x800002b8, 0x800002b4, 0x800002b0, 0x800002ac, 0x800002a8) WB[ Z 05: 0xffffffe6]       ExeInst: DASM(00000213)
Cyc=        243 (0x800002bc, 0x800002b8, 0x800002b4, 0x800002b0, 0x800002ac) WB[MZ 03: 0x0000000f]       ExeInst: DASM(00000093)
Cyc=        244 (0x800002c0, 0x800002bc, 0x800002b8, 0x800002b4, 0x800002b0) WB[MZ 04: 0x00000000]       ExeInst: DASM(fff00113)
Cyc=        245 (0x800002c4, 0x800002c0, 0x800002bc, 0x800002b8, 0x800002b4) WB[MZ 01: 0x00000000]       ExeInst: DASM(10208063)
Cyc=        246 (0x800002c8, 0x800002c4, 0x800002c0, 0x800002bc, 0x800002b8) WB[M  02: 0xffffffff]       ExeInst: DASM(00120213)
Cyc=        247 (0x800002cc, 0x800002c8, 0x800002c4, 0x800002c0, 0x800002bc) WB[ Z 00: 0x00000100]       ExeInst: DASM(00200293)
Cyc=        248 (0x800002d0, 0x800002cc, 0x800002c8, 0x800002c4, 0x800002c0) WB[MZ 04: 0x00000001]   B   ExeInst: DASM(fe5216e3)
Cyc=        249 (0x800002b4, 0x800002d0, 0x800002cc, 0x800002c8, 0x800002c4) WB[M  05: 0x00000002]       ExeInst: DASM(00004033)
Cyc=        250 (0x800002b8, 0x800002b4, 0x800002d0, 0x800002cc, 0x800002c8) WB[   0d: 0xffffffed]       ExeInst: DASM(00004033)
Cyc=        251 (0x800002bc, 0x800002b8, 0x800002b4, 0x800002d0, 0x800002cc) WB[ Z 00: 0x00000010]       ExeInst: DASM(00000093)
Cyc=        252 (0x800002c0, 0x800002bc, 0x800002b8, 0x800002b4, 0x800002d0) WB[MZ 00: 0x00000000]       ExeInst: DASM(fff00113)
Cyc=        253 (0x800002c4, 0x800002c0, 0x800002bc, 0x800002b8, 0x800002b4) WB[MZ 01: 0x00000000]       ExeInst: DASM(10208063)
Cyc=        254 (0x800002c8, 0x800002c4, 0x800002c0, 0x800002bc, 0x800002b8) WB[M  02: 0xffffffff]       ExeInst: DASM(00120213)
Cyc=        255 (0x800002cc, 0x800002c8, 0x800002c4, 0x800002c0, 0x800002bc) WB[ Z 00: 0x00000100]       ExeInst: DASM(00200293)
Cyc=        256 (0x800002d0, 0x800002cc, 0x800002c8, 0x800002c4, 0x800002c0) WB[MZ 04: 0x00000002]       ExeInst: DASM(fe5216e3)
Cyc=        257 (0x800002d4, 0x800002d0, 0x800002cc, 0x800002c8, 0x800002c4) WB[M  05: 0x00000002]       ExeInst: DASM(01000193)
Cyc=        258 (0x800002d8, 0x800002d4, 0x800002d0, 0x800002cc, 0x800002c8) WB[ Z 0d: 0xffffffee]       ExeInst: DASM(00000213)
Cyc=        259 (0x800002dc, 0x800002d8, 0x800002d4, 0x800002d0, 0x800002cc) WB[MZ 03: 0x00000010]       ExeInst: DASM(00000093)
Cyc=        260 (0x800002e0, 0x800002dc, 0x800002d8, 0x800002d4, 0x800002d0) WB[MZ 04: 0x00000000]       ExeInst: DASM(fff00113)
Cyc=        261 (0x800002e4, 0x800002e0, 0x800002dc, 0x800002d8, 0x800002d4) WB[MZ 01: 0x00000000]       ExeInst: DASM(00000013)
Cyc=        262 (0x800002e8, 0x800002e4, 0x800002e0, 0x800002dc, 0x800002d8) WB[MZ 02: 0xffffffff]       ExeInst: DASM(0c208e63)
Cyc=        263 (0x800002ec, 0x800002e8, 0x800002e4, 0x800002e0, 0x800002dc) WB[M  00: 0x00000000]       ExeInst: DASM(00120213)
Cyc=        264 (0x800002f0, 0x800002ec, 0x800002e8, 0x800002e4, 0x800002e0) WB[ Z 1c: 0x000000dc]       ExeInst: DASM(00200293)
Cyc=        265 (0x800002f4, 0x800002f0, 0x800002ec, 0x800002e8, 0x800002e4) WB[MZ 04: 0x00000001]   B   ExeInst: DASM(fe5214e3)
Cyc=        266 (0x800002d4, 0x800002f4, 0x800002f0, 0x800002ec, 0x800002e8) WB[M  05: 0x00000002]       ExeInst: DASM(00004033)
Cyc=        267 (0x800002d8, 0x800002d4, 0x800002f4, 0x800002f0, 0x800002ec) WB[   09: 0xffffffe9]       ExeInst: DASM(00004033)
Cyc=        268 (0x800002dc, 0x800002d8, 0x800002d4, 0x800002f4, 0x800002f0) WB[ Z 00: 0x00000011]       ExeInst: DASM(00000093)
Cyc=        269 (0x800002e0, 0x800002dc, 0x800002d8, 0x800002d4, 0x800002f4) WB[MZ 00: 0x00000000]       ExeInst: DASM(fff00113)
Cyc=        270 (0x800002e4, 0x800002e0, 0x800002dc, 0x800002d8, 0x800002d4) WB[MZ 01: 0x00000000]       ExeInst: DASM(00000013)
Cyc=        271 (0x800002e8, 0x800002e4, 0x800002e0, 0x800002dc, 0x800002d8) WB[MZ 02: 0xffffffff]       ExeInst: DASM(0c208e63)
Cyc=        272 (0x800002ec, 0x800002e8, 0x800002e4, 0x800002e0, 0x800002dc) WB[M  00: 0x00000000]       ExeInst: DASM(00120213)
Cyc=        273 (0x800002f0, 0x800002ec, 0x800002e8, 0x800002e4, 0x800002e0) WB[ Z 1c: 0x000000dc]       ExeInst: DASM(00200293)
Cyc=        274 (0x800002f4, 0x800002f0, 0x800002ec, 0x800002e8, 0x800002e4) WB[MZ 04: 0x00000002]       ExeInst: DASM(fe5214e3)
Cyc=        275 (0x800002f8, 0x800002f4, 0x800002f0, 0x800002ec, 0x800002e8) WB[M  05: 0x00000002]       ExeInst: DASM(01100193)
Cyc=        276 (0x800002fc, 0x800002f8, 0x800002f4, 0x800002f0, 0x800002ec) WB[ Z 09: 0xffffffea]       ExeInst: DASM(00000213)
Cyc=        277 (0x80000300, 0x800002fc, 0x800002f8, 0x800002f4, 0x800002f0) WB[MZ 03: 0x00000011]       ExeInst: DASM(00000093)
Cyc=        278 (0x80000304, 0x80000300, 0x800002fc, 0x800002f8, 0x800002f4) WB[MZ 04: 0x00000000]       ExeInst: DASM(fff00113)
Cyc=        279 (0x80000308, 0x80000304, 0x80000300, 0x800002fc, 0x800002f8) WB[MZ 01: 0x00000000]       ExeInst: DASM(00000013)
Cyc=        280 (0x8000030c, 0x80000308, 0x80000304, 0x80000300, 0x800002fc) WB[MZ 02: 0xffffffff]       ExeInst: DASM(00000013)
Cyc=        281 (0x80000310, 0x8000030c, 0x80000308, 0x80000304, 0x80000300) WB[MZ 00: 0x00000000]       ExeInst: DASM(0a208a63)
Cyc=        282 (0x80000314, 0x80000310, 0x8000030c, 0x80000308, 0x80000304) WB[M  00: 0x00000000]       ExeInst: DASM(00120213)
Cyc=        283 (0x80000318, 0x80000314, 0x80000310, 0x8000030c, 0x80000308) WB[ Z 14: 0x000000b4]       ExeInst: DASM(00200293)
Cyc=        284 (0x8000031c, 0x80000318, 0x80000314, 0x80000310, 0x8000030c) WB[MZ 04: 0x00000001]   B   ExeInst: DASM(fe5212e3)
Cyc=        285 (0x800002f8, 0x8000031c, 0x80000318, 0x80000314, 0x80000310) WB[M  05: 0x00000002]       ExeInst: DASM(00004033)
Cyc=        286 (0x800002fc, 0x800002f8, 0x8000031c, 0x80000318, 0x80000314) WB[   05: 0xffffffe5]       ExeInst: DASM(00004033)
Cyc=        287 (0x80000300, 0x800002fc, 0x800002f8, 0x8000031c, 0x80000318) WB[ Z 00: 0x00000012]       ExeInst: DASM(00000093)
Cyc=        288 (0x80000304, 0x80000300, 0x800002fc, 0x800002f8, 0x8000031c) WB[MZ 00: 0x00000000]       ExeInst: DASM(fff00113)
Cyc=        289 (0x80000308, 0x80000304, 0x80000300, 0x800002fc, 0x800002f8) WB[MZ 01: 0x00000000]       ExeInst: DASM(00000013)
Cyc=        290 (0x8000030c, 0x80000308, 0x80000304, 0x80000300, 0x800002fc) WB[MZ 02: 0xffffffff]       ExeInst: DASM(00000013)
Cyc=        291 (0x80000310, 0x8000030c, 0x80000308, 0x80000304, 0x80000300) WB[MZ 00: 0x00000000]       ExeInst: DASM(0a208a63)
Cyc=        292 (0x80000314, 0x80000310, 0x8000030c, 0x80000308, 0x80000304) WB[M  00: 0x00000000]       ExeInst: DASM(00120213)
Cyc=        293 (0x80000318, 0x80000314, 0x80000310, 0x8000030c, 0x80000308) WB[ Z 14: 0x000000b4]       ExeInst: DASM(00200293)
Cyc=        294 (0x8000031c, 0x80000318, 0x80000314, 0x80000310, 0x8000030c) WB[MZ 04: 0x00000002]       ExeInst: DASM(fe5212e3)
Cyc=        295 (0x80000320, 0x8000031c, 0x80000318, 0x80000314, 0x80000310) WB[M  05: 0x00000002]       ExeInst: DASM(01200193)
Cyc=        296 (0x80000324, 0x80000320, 0x8000031c, 0x80000318, 0x80000314) WB[ Z 05: 0xffffffe6]       ExeInst: DASM(00000213)
Cyc=        297 (0x80000328, 0x80000324, 0x80000320, 0x8000031c, 0x80000318) WB[MZ 03: 0x00000012]       ExeInst: DASM(00000093)
Cyc=        298 (0x8000032c, 0x80000328, 0x80000324, 0x80000320, 0x8000031c) WB[MZ 04: 0x00000000]       ExeInst: DASM(00000013)
Cyc=        299 (0x80000330, 0x8000032c, 0x80000328, 0x80000324, 0x80000320) WB[MZ 01: 0x00000000]       ExeInst: DASM(fff00113)
Cyc=        300 (0x80000334, 0x80000330, 0x8000032c, 0x80000328, 0x80000324) WB[MZ 00: 0x00000000]       ExeInst: DASM(08208863)
Cyc=        301 (0x80000338, 0x80000334, 0x80000330, 0x8000032c, 0x80000328) WB[M  02: 0xffffffff]       ExeInst: DASM(00120213)
Cyc=        302 (0x8000033c, 0x80000338, 0x80000334, 0x80000330, 0x8000032c) WB[ Z 10: 0x00000090]       ExeInst: DASM(00200293)
Cyc=        303 (0x80000340, 0x8000033c, 0x80000338, 0x80000334, 0x80000330) WB[MZ 04: 0x00000001]   B   ExeInst: DASM(fe5214e3)
Cyc=        304 (0x80000320, 0x80000340, 0x8000033c, 0x80000338, 0x80000334) WB[M  05: 0x00000002]       ExeInst: DASM(00004033)
Cyc=        305 (0x80000324, 0x80000320, 0x80000340, 0x8000033c, 0x80000338) WB[   09: 0xffffffe9]       ExeInst: DASM(00004033)
Cyc=        306 (0x80000328, 0x80000324, 0x80000320, 0x80000340, 0x8000033c) WB[ Z 00: 0x00000013]       ExeInst: DASM(00000093)
Cyc=        307 (0x8000032c, 0x80000328, 0x80000324, 0x80000320, 0x80000340) WB[MZ 00: 0x00000000]       ExeInst: DASM(00000013)
Cyc=        308 (0x80000330, 0x8000032c, 0x80000328, 0x80000324, 0x80000320) WB[MZ 01: 0x00000000]       ExeInst: DASM(fff00113)
Cyc=        309 (0x80000334, 0x80000330, 0x8000032c, 0x80000328, 0x80000324) WB[MZ 00: 0x00000000]       ExeInst: DASM(08208863)
Cyc=        310 (0x80000338, 0x80000334, 0x80000330, 0x8000032c, 0x80000328) WB[M  02: 0xffffffff]       ExeInst: DASM(00120213)
Cyc=        311 (0x8000033c, 0x80000338, 0x80000334, 0x80000330, 0x8000032c) WB[ Z 10: 0x00000090]       ExeInst: DASM(00200293)
Cyc=        312 (0x80000340, 0x8000033c, 0x80000338, 0x80000334, 0x80000330) WB[MZ 04: 0x00000002]       ExeInst: DASM(fe5214e3)
Cyc=        313 (0x80000344, 0x80000340, 0x8000033c, 0x80000338, 0x80000334) WB[M  05: 0x00000002]       ExeInst: DASM(01300193)
Cyc=        314 (0x80000348, 0x80000344, 0x80000340, 0x8000033c, 0x80000338) WB[ Z 09: 0xffffffea]       ExeInst: DASM(00000213)
Cyc=        315 (0x8000034c, 0x80000348, 0x80000344, 0x80000340, 0x8000033c) WB[MZ 03: 0x00000013]       ExeInst: DASM(00000093)
Cyc=        316 (0x80000350, 0x8000034c, 0x80000348, 0x80000344, 0x80000340) WB[MZ 04: 0x00000000]       ExeInst: DASM(00000013)
Cyc=        317 (0x80000354, 0x80000350, 0x8000034c, 0x80000348, 0x80000344) WB[MZ 01: 0x00000000]       ExeInst: DASM(fff00113)
Cyc=        318 (0x80000358, 0x80000354, 0x80000350, 0x8000034c, 0x80000348) WB[MZ 00: 0x00000000]       ExeInst: DASM(00000013)
Cyc=        319 (0x8000035c, 0x80000358, 0x80000354, 0x80000350, 0x8000034c) WB[MZ 02: 0xffffffff]       ExeInst: DASM(06208463)
Cyc=        320 (0x80000360, 0x8000035c, 0x80000358, 0x80000354, 0x80000350) WB[M  00: 0x00000000]       ExeInst: DASM(00120213)
Cyc=        321 (0x80000364, 0x80000360, 0x8000035c, 0x80000358, 0x80000354) WB[ Z 08: 0x00000068]       ExeInst: DASM(00200293)
Cyc=        322 (0x80000368, 0x80000364, 0x80000360, 0x8000035c, 0x80000358) WB[MZ 04: 0x00000001]   B   ExeInst: DASM(fe5212e3)
Cyc=        323 (0x80000344, 0x80000368, 0x80000364, 0x80000360, 0x8000035c) WB[M  05: 0x00000002]       ExeInst: DASM(00004033)
Cyc=        324 (0x80000348, 0x80000344, 0x80000368, 0x80000364, 0x80000360) WB[   05: 0xffffffe5]       ExeInst: DASM(00004033)
Cyc=        325 (0x8000034c, 0x80000348, 0x80000344, 0x80000368, 0x80000364) WB[ Z 00: 0x00000014]       ExeInst: DASM(00000093)
Cyc=        326 (0x80000350, 0x8000034c, 0x80000348, 0x80000344, 0x80000368) WB[MZ 00: 0x00000000]       ExeInst: DASM(00000013)
Cyc=        327 (0x80000354, 0x80000350, 0x8000034c, 0x80000348, 0x80000344) WB[MZ 01: 0x00000000]       ExeInst: DASM(fff00113)
Cyc=        328 (0x80000358, 0x80000354, 0x80000350, 0x8000034c, 0x80000348) WB[MZ 00: 0x00000000]       ExeInst: DASM(00000013)
Cyc=        329 (0x8000035c, 0x80000358, 0x80000354, 0x80000350, 0x8000034c) WB[MZ 02: 0xffffffff]       ExeInst: DASM(06208463)
Cyc=        330 (0x80000360, 0x8000035c, 0x80000358, 0x80000354, 0x80000350) WB[M  00: 0x00000000]       ExeInst: DASM(00120213)
Cyc=        331 (0x80000364, 0x80000360, 0x8000035c, 0x80000358, 0x80000354) WB[ Z 08: 0x00000068]       ExeInst: DASM(00200293)
Cyc=        332 (0x80000368, 0x80000364, 0x80000360, 0x8000035c, 0x80000358) WB[MZ 04: 0x00000002]       ExeInst: DASM(fe5212e3)
Cyc=        333 (0x8000036c, 0x80000368, 0x80000364, 0x80000360, 0x8000035c) WB[M  05: 0x00000002]       ExeInst: DASM(01400193)
Cyc=        334 (0x80000370, 0x8000036c, 0x80000368, 0x80000364, 0x80000360) WB[ Z 05: 0xffffffe6]       ExeInst: DASM(00000213)
Cyc=        335 (0x80000374, 0x80000370, 0x8000036c, 0x80000368, 0x80000364) WB[MZ 03: 0x00000014]       ExeInst: DASM(00000093)
Cyc=        336 (0x80000378, 0x80000374, 0x80000370, 0x8000036c, 0x80000368) WB[MZ 04: 0x00000000]       ExeInst: DASM(00000013)
Cyc=        337 (0x8000037c, 0x80000378, 0x80000374, 0x80000370, 0x8000036c) WB[MZ 01: 0x00000000]       ExeInst: DASM(00000013)
Cyc=        338 (0x80000380, 0x8000037c, 0x80000378, 0x80000374, 0x80000370) WB[MZ 00: 0x00000000]       ExeInst: DASM(fff00113)
Cyc=        339 (0x80000384, 0x80000380, 0x8000037c, 0x80000378, 0x80000374) WB[MZ 00: 0x00000000]       ExeInst: DASM(04208063)
Cyc=        340 (0x80000388, 0x80000384, 0x80000380, 0x8000037c, 0x80000378) WB[M  02: 0xffffffff]       ExeInst: DASM(00120213)
Cyc=        341 (0x8000038c, 0x80000388, 0x80000384, 0x80000380, 0x8000037c) WB[ Z 00: 0x00000040]       ExeInst: DASM(00200293)
Cyc=        342 (0x80000390, 0x8000038c, 0x80000388, 0x80000384, 0x80000380) WB[MZ 04: 0x00000001]   B   ExeInst: DASM(fe5212e3)
Cyc=        343 (0x8000036c, 0x80000390, 0x8000038c, 0x80000388, 0x80000384) WB[M  05: 0x00000002]       ExeInst: DASM(00004033)
Cyc=        344 (0x80000370, 0x8000036c, 0x80000390, 0x8000038c, 0x80000388) WB[   05: 0xffffffe5]       ExeInst: DASM(00004033)
Cyc=        345 (0x80000374, 0x80000370, 0x8000036c, 0x80000390, 0x8000038c) WB[ Z 00: 0x00000001]       ExeInst: DASM(00000093)
Cyc=        346 (0x80000378, 0x80000374, 0x80000370, 0x8000036c, 0x80000390) WB[MZ 00: 0x00000000]       ExeInst: DASM(00000013)
Cyc=        347 (0x8000037c, 0x80000378, 0x80000374, 0x80000370, 0x8000036c) WB[MZ 01: 0x00000000]       ExeInst: DASM(00000013)
Cyc=        348 (0x80000380, 0x8000037c, 0x80000378, 0x80000374, 0x80000370) WB[MZ 00: 0x00000000]       ExeInst: DASM(fff00113)
Cyc=        349 (0x80000384, 0x80000380, 0x8000037c, 0x80000378, 0x80000374) WB[MZ 00: 0x00000000]       ExeInst: DASM(04208063)
Cyc=        350 (0x80000388, 0x80000384, 0x80000380, 0x8000037c, 0x80000378) WB[M  02: 0xffffffff]       ExeInst: DASM(00120213)
Cyc=        351 (0x8000038c, 0x80000388, 0x80000384, 0x80000380, 0x8000037c) WB[ Z 00: 0x00000040]       ExeInst: DASM(00200293)
Cyc=        352 (0x80000390, 0x8000038c, 0x80000388, 0x80000384, 0x80000380) WB[MZ 04: 0x00000002]       ExeInst: DASM(fe5212e3)
Cyc=        353 (0x80000394, 0x80000390, 0x8000038c, 0x80000388, 0x80000384) WB[M  05: 0x00000002]       ExeInst: DASM(00100093)
Cyc=        354 (0x80000398, 0x80000394, 0x80000390, 0x8000038c, 0x80000388) WB[ Z 05: 0xffffffe6]   B   ExeInst: DASM(00000a63)
Cyc=        355 (0x800003a4, 0x80000398, 0x80000394, 0x80000390, 0x8000038c) WB[M  01: 0x00000001]       ExeInst: DASM(00004033)
Cyc=        356 (0x800003a8, 0x800003a4, 0x80000398, 0x80000394, 0x80000390) WB[   14: 0x00000014]       ExeInst: DASM(00004033)
Cyc=        357 (0x800003ac, 0x800003a8, 0x800003a4, 0x80000398, 0x80000394) WB[ Z 00: 0x00000002]       ExeInst: DASM(00108093)
Cyc=        358 (0x800003b0, 0x800003ac, 0x800003a8, 0x800003a4, 0x80000398) WB[MZ 00: 0x00000000]       ExeInst: DASM(00108093)
Cyc=        359 (0x800003b4, 0x800003b0, 0x800003ac, 0x800003a8, 0x800003a4) WB[MZ 01: 0x00000002]       ExeInst: DASM(00300e93)
Cyc=        360 (0x800003b8, 0x800003b4, 0x800003b0, 0x800003ac, 0x800003a8) WB[MZ 01: 0x00000003]       ExeInst: DASM(01500193)
Cyc=        361 (0x800003bc, 0x800003b8, 0x800003b4, 0x800003b0, 0x800003ac) WB[MZ 1d: 0x00000003]       ExeInst: DASM(01d09463)
Cyc=        362 (0x800003c0, 0x800003bc, 0x800003b8, 0x800003b4, 0x800003b0) WB[M  03: 0x00000015]   B   ExeInst: DASM(00301c63)
Cyc=        363 (0x800003d0, 0x800003c0, 0x800003bc, 0x800003b8, 0x800003b4) WB[   08: 0x0000000b]       ExeInst: DASM(00004033)
Cyc=        364 (0x800003d4, 0x800003d0, 0x800003c0, 0x800003bc, 0x800003b8) WB[   18: 0x00000018]       ExeInst: DASM(00004033)
Cyc=        365 (0x800003d8, 0x800003d4, 0x800003d0, 0x800003c0, 0x800003bc) WB[ Z 00: 0x00000000]       ExeInst: DASM(0ff0000f)
Cyc=        366 (0x800003dc, 0x800003d8, 0x800003d4, 0x800003d0, 0x800003c0) WB[M  00: 0x00000000]       ExeInst: DASM(00100193)
Cyc=        367 (0x800003e0, 0x800003dc, 0x800003d8, 0x800003d4, 0x800003d0) WB[ Z 00: 0x00000000]       ExeInst: DASM(00000073)
Cyc=        368 (0x800003e4, 0x800003e0, 0x800003dc, 0x800003d8, 0x800003d4) WB[M  03: 0x00000001] S E   ExeInst: DASM(00004033)
Cyc=        369 (0x80000004, 0x800003e0, 0x800003dc, 0x800003dc, 0x800003d8) WB[   00: 0x00000000]       ExeInst: DASM(00004033)
Cyc=        370 (0x80000008, 0x80000004, 0x800003e0, 0x800003dc, 0x800003dc) WB[   00: 0x00000000]       ExeInst: DASM(00004033)
Cyc=        371 (0x8000000c, 0x80000008, 0x80000004, 0x800003e0, 0x800003dc) WB[ Z 00: 0x00000000] S     ExeInst: DASM(34202f73)
Cyc=        372 (0x8000000c, 0x80000008, 0x80000004, 0x80000004, 0x800003e0) WB[MZ 00: 0x00000000]       ExeInst: DASM(00004033)
Cyc=        373 (0x80000010, 0x8000000c, 0x80000008, 0x80000004, 0x80000004) WB[M  1e: 0x0000000b]       ExeInst: DASM(00800f93)
Cyc=        374 (0x80000014, 0x80000010, 0x8000000c, 0x80000008, 0x80000004) WB[ Z 00: 0x00000000]       ExeInst: DASM(03ff0a63)
Cyc=        375 (0x80000018, 0x80000014, 0x80000010, 0x8000000c, 0x80000008) WB[M  1f: 0x00000008]       ExeInst: DASM(00900f93)
Cyc=        376 (0x8000001c, 0x80000018, 0x80000014, 0x80000010, 0x8000000c) WB[ Z 14: 0x0000003f]       ExeInst: DASM(03ff0663)
Cyc=        377 (0x80000020, 0x8000001c, 0x80000018, 0x80000014, 0x80000010) WB[M  1f: 0x00000009]       ExeInst: DASM(00b00f93)
Cyc=        378 (0x80000024, 0x80000020, 0x8000001c, 0x80000018, 0x80000014) WB[ Z 0c: 0x00000037]   B   ExeInst: DASM(03ff0263)
Cyc=        379 (0x80000040, 0x80000024, 0x80000020, 0x8000001c, 0x80000018) WB[M  1f: 0x0000000b]       ExeInst: DASM(00004033)
Cyc=        380 (0x80000044, 0x80000040, 0x80000024, 0x80000020, 0x8000001c) WB[   04: 0x0000002f]       ExeInst: DASM(00004033)
Cyc=        381 (0x80000048, 0x80000044, 0x80000040, 0x80000024, 0x80000020) WB[ Z 00: 0x00000020]       ExeInst: DASM(00001f17)
Cyc=        382 (0x8000004c, 0x80000048, 0x80000044, 0x80000040, 0x80000024) WB[MZ 00: 0x00000000]       ExeInst: DASM(fc3f2023)
Cyc=        383 (0x80000050, 0x8000004c, 0x80000048, 0x80000044, 0x80000040) WB[M  1e: 0x80001040]   B   ExeInst: DASM(ff9ff06f)
Cyc=        384 (0x80000040, 0x80000050, 0x8000004c, 0x80000048, 0x80000044) WB[ Z 00: 0x80001000]       ExeInst: DASM(00004033)
Cyc=        385 (0x80000044, 0x80000040, 0x80000050, 0x8000004c, 0x80000048) WB[M  00: 0x8000004c]       ExeInst: DASM(00004033)
Cyc=        386 (0x80000048, 0x80000044, 0x80000040, 0x80000050, 0x8000004c) WB[ Z 00: 0x00000000]       ExeInst: DASM(00001f17)
Cyc=        387 (0x8000004c, 0x80000048, 0x80000044, 0x80000040, 0x80000050) WB[MZ 00: 0x00000000]       ExeInst: DASM(fc3f2023)
Cyc=        388 (0x80000050, 0x8000004c, 0x80000048, 0x80000044, 0x80000040) WB[M  1e: 0x80001040]   B   ExeInst: DASM(ff9ff06f)
Cyc=        389 (0x80000040, 0x80000050, 0x8000004c, 0x80000048, 0x80000044) WB[ Z 00: 0x80001000]       ExeInst: DASM(00004033)
Cyc=        390 (0x80000044, 0x80000040, 0x80000050, 0x8000004c, 0x80000048) WB[M  00: 0x8000004c]       ExeInst: DASM(00004033)
Cyc=        391 (0x80000048, 0x80000044, 0x80000040, 0x80000050, 0x8000004c) WB[ Z 00: 0x00000000]       ExeInst: DASM(00001f17)
Cyc=        392 (0x8000004c, 0x80000048, 0x80000044, 0x80000040, 0x80000050) WB[MZ 00: 0x00000000]       ExeInst: DASM(fc3f2023)
Cyc=        393 (0x80000050, 0x8000004c, 0x80000048, 0x80000044, 0x80000040) WB[M  1e: 0x80001040]   B   ExeInst: DASM(ff9ff06f)
Cyc=        394 (0x80000040, 0x80000050, 0x8000004c, 0x80000048, 0x80000044) WB[ Z 00: 0x80001000]       ExeInst: DASM(00004033)
Cyc=        395 (0x80000044, 0x80000040, 0x80000050, 0x8000004c, 0x80000048) WB[M  00: 0x8000004c]       ExeInst: DASM(00004033)
Cyc=        396 (0x80000048, 0x80000044, 0x80000040, 0x80000050, 0x8000004c) WB[ Z 00: 0x00000000]       ExeInst: DASM(00001f17)
Cyc=        397 (0x8000004c, 0x80000048, 0x80000044, 0x80000040, 0x80000050) WB[MZ 00: 0x00000000]       ExeInst: DASM(fc3f2023)
Cyc=        398 (0x80000050, 0x8000004c, 0x80000048, 0x80000044, 0x80000040) WB[M  1e: 0x80001040]   B   ExeInst: DASM(ff9ff06f)
Cyc=        399 (0x80000040, 0x80000050, 0x8000004c, 0x80000048, 0x80000044) WB[ Z 00: 0x80001000]       ExeInst: DASM(00004033)
Cyc=        400 (0x80000044, 0x80000040, 0x80000050, 0x8000004c, 0x80000048) WB[M  00: 0x8000004c]       ExeInst: DASM(00004033)
Cyc=        401 (0x80000048, 0x80000044, 0x80000040, 0x80000050, 0x8000004c) WB[ Z 00: 0x00000000]       ExeInst: DASM(00001f17)
Cyc=        402 (0x8000004c, 0x80000048, 0x80000044, 0x80000040, 0x80000050) WB[MZ 00: 0x00000000]       ExeInst: DASM(fc3f2023)
Cyc=        403 (0x80000050, 0x8000004c, 0x80000048, 0x80000044, 0x80000040) WB[M  1e: 0x80001040]   B   ExeInst: DASM(ff9ff06f)
Cyc=        404 (0x80000040, 0x80000050, 0x8000004c, 0x80000048, 0x80000044) WB[ Z 00: 0x80001000]       ExeInst: DASM(00004033)
Cyc=        405 (0x80000044, 0x80000040, 0x80000050, 0x8000004c, 0x80000048) WB[M  00: 0x8000004c]       ExeInst: DASM(00004033)
Cyc=        406 (0x80000048, 0x80000044, 0x80000040, 0x80000050, 0x8000004c) WB[ Z 00: 0x00000000]       ExeInst: DASM(00001f17)
Cyc=        407 (0x8000004c, 0x80000048, 0x80000044, 0x80000040, 0x80000050) WB[MZ 00: 0x00000000]       ExeInst: DASM(fc3f2023)
*** PASSED ***
