Instantiated DTM.
Cyc=          0 (0x80000000, 0x00000000, 0x00000000, 0x00000000, 0x00000000) WB[   00: 0x00000000]       ExeInst: DASM(00004033)
Cyc=          1 (0x80000004, 0x80000000, 0x00000000, 0x00000000, 0x00000000) WB[   00: 0x00000000]       ExeInst: DASM(00004033)
Cyc=          2 (0x80000008, 0x80000004, 0x80000000, 0x00000000, 0x00000000) WB[ Z 00: 0x00000000]   B   ExeInst: DASM(04c0006f)
Cyc=          3 (0x8000004c, 0x80000008, 0x80000004, 0x80000000, 0x00000000) WB[MZ 00: 0x00000000]       ExeInst: DASM(00004033)
Cyc=          4 (0x80000050, 0x8000004c, 0x80000008, 0x80000004, 0x80000000) WB[M  00: 0x80000004]       ExeInst: DASM(00004033)
Cyc=          5 (0x80000054, 0x80000050, 0x8000004c, 0x80000008, 0x80000004) WB[ Z 00: 0x00000000] S     ExeInst: DASM(f1402573)
Cyc=          6 (0x80000054, 0x80000050, 0x8000004c, 0x8000004c, 0x80000008) WB[MZ 00: 0x00000000]       ExeInst: DASM(00004033)
Cyc=          7 (0x80000058, 0x80000054, 0x80000050, 0x8000004c, 0x8000004c) WB[M  0a: 0x00000000]       ExeInst: DASM(00051063)
Cyc=          8 (0x8000005c, 0x80000058, 0x80000054, 0x80000050, 0x8000004c) WB[   00: 0x00000000]       ExeInst: DASM(00000297)
Cyc=          9 (0x80000060, 0x8000005c, 0x80000058, 0x80000054, 0x80000050) WB[ Z 00: 0x00000000]       ExeInst: DASM(01028293)
Cyc=         10 (0x80000064, 0x80000060, 0x8000005c, 0x80000058, 0x80000054) WB[MZ 05: 0x80000054] S     ExeInst: DASM(30529073)
Cyc=         11 (0x80000064, 0x80000060, 0x8000005c, 0x8000005c, 0x80000058) WB[MZ 05: 0x80000064]       ExeInst: DASM(00004033)
Cyc=         12 (0x80000068, 0x80000064, 0x80000060, 0x8000005c, 0x8000005c) WB[M  00: 0x00000100] S     ExeInst: DASM(18005073)
Cyc=         13 (0x80000068, 0x80000064, 0x80000060, 0x80000060, 0x8000005c) WB[ Z 00: 0x00000000]       ExeInst: DASM(00004033)
Cyc=         14 (0x8000006c, 0x80000068, 0x80000064, 0x80000060, 0x80000060) WB[M  00: 0x00000000]       ExeInst: DASM(00000297)
Cyc=         15 (0x80000070, 0x8000006c, 0x80000068, 0x80000064, 0x80000060) WB[ Z 00: 0x00000000]       ExeInst: DASM(01c28293)
Cyc=         16 (0x80000074, 0x80000070, 0x8000006c, 0x80000068, 0x80000064) WB[MZ 05: 0x80000064] S     ExeInst: DASM(30529073)
Cyc=         17 (0x80000074, 0x80000070, 0x8000006c, 0x8000006c, 0x80000068) WB[MZ 05: 0x80000080]       ExeInst: DASM(00004033)
Cyc=         18 (0x80000078, 0x80000074, 0x80000070, 0x8000006c, 0x8000006c) WB[M  00: 0x00000100]       ExeInst: DASM(fff00293)
Cyc=         19 (0x8000007c, 0x80000078, 0x80000074, 0x80000070, 0x8000006c) WB[ Z 00: 0x00000000] S     ExeInst: DASM(3b029073)
Cyc=         20 (0x8000007c, 0x80000078, 0x80000074, 0x80000074, 0x80000070) WB[MZ 05: 0xffffffff]       ExeInst: DASM(00004033)
Cyc=         21 (0x80000080, 0x8000007c, 0x80000078, 0x80000074, 0x80000074) WB[M  00: 0x00000000]       ExeInst: DASM(01f00293)
Cyc=         22 (0x80000084, 0x80000080, 0x8000007c, 0x80000078, 0x80000074) WB[ Z 00: 0x00000000] S     ExeInst: DASM(3a029073)
Cyc=         23 (0x80000084, 0x80000080, 0x8000007c, 0x8000007c, 0x80000078) WB[MZ 05: 0x0000001f]       ExeInst: DASM(00004033)
Cyc=         24 (0x80000088, 0x80000084, 0x80000080, 0x8000007c, 0x8000007c) WB[M  00: 0x00000000]       ExeInst: DASM(00000297)
Cyc=         25 (0x8000008c, 0x80000088, 0x80000084, 0x80000080, 0x8000007c) WB[ Z 00: 0x00000000]       ExeInst: DASM(01828293)
Cyc=         26 (0x80000090, 0x8000008c, 0x80000088, 0x80000084, 0x80000080) WB[MZ 05: 0x80000080] S     ExeInst: DASM(30529073)
Cyc=         27 (0x80000090, 0x8000008c, 0x80000088, 0x80000088, 0x80000084) WB[MZ 05: 0x80000098]       ExeInst: DASM(00004033)
Cyc=         28 (0x80000094, 0x80000090, 0x8000008c, 0x80000088, 0x80000088) WB[M  00: 0x00000100] S     ExeInst: DASM(30205073)
Cyc=         29 (0x80000094, 0x80000090, 0x8000008c, 0x8000008c, 0x80000088) WB[ Z 00: 0x00000000]       ExeInst: DASM(00004033)
Cyc=         30 (0x80000098, 0x80000094, 0x80000090, 0x8000008c, 0x8000008c) WB[M  00: 0x00000000] S     ExeInst: DASM(30305073)
Cyc=         31 (0x80000098, 0x80000094, 0x80000090, 0x80000090, 0x8000008c) WB[ Z 00: 0x00000000]       ExeInst: DASM(00004033)
Cyc=         32 (0x8000009c, 0x80000098, 0x80000094, 0x80000090, 0x80000090) WB[M  00: 0x00000000] S     ExeInst: DASM(30405073)
Cyc=         33 (0x8000009c, 0x80000098, 0x80000094, 0x80000094, 0x80000090) WB[ Z 00: 0x00000000]       ExeInst: DASM(00004033)
Cyc=         34 (0x800000a0, 0x8000009c, 0x80000098, 0x80000094, 0x80000094) WB[M  00: 0x00000000]       ExeInst: DASM(00000193)
Cyc=         35 (0x800000a4, 0x800000a0, 0x8000009c, 0x80000098, 0x80000094) WB[ Z 00: 0x00000000]       ExeInst: DASM(00000297)
Cyc=         36 (0x800000a8, 0x800000a4, 0x800000a0, 0x8000009c, 0x80000098) WB[MZ 03: 0x00000000]       ExeInst: DASM(f6828293)
Cyc=         37 (0x800000ac, 0x800000a8, 0x800000a4, 0x800000a0, 0x8000009c) WB[MZ 05: 0x8000009c] S     ExeInst: DASM(30529073)
Cyc=         38 (0x800000ac, 0x800000a8, 0x800000a4, 0x800000a4, 0x800000a0) WB[MZ 05: 0x80000004]       ExeInst: DASM(00004033)
Cyc=         39 (0x800000b0, 0x800000ac, 0x800000a8, 0x800000a4, 0x800000a4) WB[M  00: 0x00000100]       ExeInst: DASM(00100513)
Cyc=         40 (0x800000b4, 0x800000b0, 0x800000ac, 0x800000a8, 0x800000a4) WB[ Z 00: 0x00000000]       ExeInst: DASM(01f51513)
Cyc=         41 (0x800000b8, 0x800000b4, 0x800000b0, 0x800000ac, 0x800000a8) WB[MZ 0a: 0x00000001]   B   ExeInst: DASM(00054863)
Cyc=         42 (0x800000c0, 0x800000b8, 0x800000b4, 0x800000b0, 0x800000ac) WB[M  0a: 0x80000000]       ExeInst: DASM(00004033)
Cyc=         43 (0x800000c4, 0x800000c0, 0x800000b8, 0x800000b4, 0x800000b0) WB[   10: 0x80000010]       ExeInst: DASM(00004033)
Cyc=         44 (0x800000c8, 0x800000c4, 0x800000c0, 0x800000b8, 0x800000b4) WB[ Z 00: 0x00000000]       ExeInst: DASM(80000297)
Cyc=         45 (0x800000cc, 0x800000c8, 0x800000c4, 0x800000c0, 0x800000b8) WB[MZ 00: 0x00000000]       ExeInst: DASM(f4028293)
Cyc=         46 (0x800000d0, 0x800000cc, 0x800000c8, 0x800000c4, 0x800000c0) WB[MZ 05: 0x000000c0]   B   ExeInst: DASM(00028e63)
Cyc=         47 (0x800000e4, 0x800000d0, 0x800000cc, 0x800000c8, 0x800000c4) WB[M  05: 0x00000000]       ExeInst: DASM(00004033)
Cyc=         48 (0x800000e8, 0x800000e4, 0x800000d0, 0x800000cc, 0x800000c8) WB[   1c: 0x0000001c]       ExeInst: DASM(00004033)
Cyc=         49 (0x800000ec, 0x800000e8, 0x800000e4, 0x800000d0, 0x800000cc) WB[ Z 00: 0x00000000] S     ExeInst: DASM(30005073)
Cyc=         50 (0x800000ec, 0x800000e8, 0x800000e4, 0x800000e4, 0x800000d0) WB[MZ 00: 0x00000000]       ExeInst: DASM(00004033)
Cyc=         51 (0x800000f0, 0x800000ec, 0x800000e8, 0x800000e4, 0x800000e4) WB[M  00: 0x00001800]       ExeInst: DASM(00000297)
Cyc=         52 (0x800000f4, 0x800000f0, 0x800000ec, 0x800000e8, 0x800000e4) WB[ Z 00: 0x00000000]       ExeInst: DASM(01428293)
Cyc=         53 (0x800000f8, 0x800000f4, 0x800000f0, 0x800000ec, 0x800000e8) WB[MZ 05: 0x800000e8] S     ExeInst: DASM(34129073)
Cyc=         54 (0x800000f8, 0x800000f4, 0x800000f0, 0x800000f0, 0x800000ec) WB[MZ 05: 0x800000fc]       ExeInst: DASM(00004033)
Cyc=         55 (0x800000fc, 0x800000f8, 0x800000f4, 0x800000f0, 0x800000f0) WB[M  00: 0x00000000] S     ExeInst: DASM(f1402573)
Cyc=         56 (0x800000fc, 0x800000f8, 0x800000f4, 0x800000f4, 0x800000f0) WB[ Z 00: 0x00000000]       ExeInst: DASM(00004033)
Cyc=         57 (0x80000100, 0x800000fc, 0x800000f8, 0x800000f4, 0x800000f4) WB[M  0a: 0x00000000]       ExeInst: DASM(30200073)
Cyc=         58 (0x80000104, 0x80000100, 0x800000fc, 0x800000f8, 0x800000f4) WB[   00: 0x00000000]   E   ExeInst: DASM(00004033)
Cyc=         59 (0x800000fc, 0x80000100, 0x800000fc, 0x800000fc, 0x800000f8) WB[   00: 0x00000000]       ExeInst: DASM(00004033)
Cyc=         60 (0x80000100, 0x800000fc, 0x80000100, 0x800000fc, 0x800000fc) WB[   00: 0x00000000]       ExeInst: DASM(00004033)
Cyc=         61 (0x80000104, 0x80000100, 0x800000fc, 0x80000100, 0x800000fc) WB[ Z 00: 0xff010000]       ExeInst: DASM(ff0100b7)
Cyc=         62 (0x80000108, 0x80000104, 0x80000100, 0x800000fc, 0x80000100) WB[MZ 00: 0x00000000]       ExeInst: DASM(f0008093)
Cyc=         63 (0x8000010c, 0x80000108, 0x80000104, 0x80000100, 0x800000fc) WB[MZ 01: 0xff010000]       ExeInst: DASM(f0f0ef13)
Cyc=         64 (0x80000110, 0x8000010c, 0x80000108, 0x80000104, 0x80000100) WB[MZ 01: 0xff00ff00]       ExeInst: DASM(f0f00e93)
Cyc=         65 (0x80000114, 0x80000110, 0x8000010c, 0x80000108, 0x80000104) WB[MZ 1e: 0xffffff0f]       ExeInst: DASM(00200193)
Cyc=         66 (0x80000118, 0x80000114, 0x80000110, 0x8000010c, 0x80000108) WB[MZ 1d: 0xffffff0f]       ExeInst: DASM(1ddf1463)
Cyc=         67 (0x8000011c, 0x80000118, 0x80000114, 0x80000110, 0x8000010c) WB[M  03: 0x00000002]       ExeInst: DASM(0ff010b7)
Cyc=         68 (0x80000120, 0x8000011c, 0x80000118, 0x80000114, 0x80000110) WB[ Z 08: 0x000000d7]       ExeInst: DASM(ff008093)
Cyc=         69 (0x80000124, 0x80000120, 0x8000011c, 0x80000118, 0x80000114) WB[MZ 01: 0x0ff01000]       ExeInst: DASM(0f00ef13)
Cyc=         70 (0x80000128, 0x80000124, 0x80000120, 0x8000011c, 0x80000118) WB[MZ 01: 0x0ff00ff0]       ExeInst: DASM(0ff01eb7)
Cyc=         71 (0x8000012c, 0x80000128, 0x80000124, 0x80000120, 0x8000011c) WB[MZ 1e: 0x0ff00ff0]       ExeInst: DASM(ff0e8e93)
Cyc=         72 (0x80000130, 0x8000012c, 0x80000128, 0x80000124, 0x80000120) WB[MZ 1d: 0x0ff01000]       ExeInst: DASM(00300193)
Cyc=         73 (0x80000134, 0x80000130, 0x8000012c, 0x80000128, 0x80000124) WB[MZ 1d: 0x0ff00ff0]       ExeInst: DASM(1bdf1663)
Cyc=         74 (0x80000138, 0x80000134, 0x80000130, 0x8000012c, 0x80000128) WB[M  03: 0x00000003]       ExeInst: DASM(00ff00b7)
Cyc=         75 (0x8000013c, 0x80000138, 0x80000134, 0x80000130, 0x8000012c) WB[ Z 0c: 0x0ff0119c]       ExeInst: DASM(0ff08093)
Cyc=         76 (0x80000140, 0x8000013c, 0x80000138, 0x80000134, 0x80000130) WB[MZ 01: 0x00ff0000]       ExeInst: DASM(70f0ef13)
Cyc=         77 (0x80000144, 0x80000140, 0x8000013c, 0x80000138, 0x80000134) WB[MZ 01: 0x00ff00ff]       ExeInst: DASM(00ff0eb7)
Cyc=         78 (0x80000148, 0x80000144, 0x80000140, 0x8000013c, 0x80000138) WB[MZ 1e: 0x00ff07ff]       ExeInst: DASM(7ffe8e93)
Cyc=         79 (0x8000014c, 0x80000148, 0x80000144, 0x80000140, 0x8000013c) WB[MZ 1d: 0x00ff0000]       ExeInst: DASM(00400193)
Cyc=         80 (0x80000150, 0x8000014c, 0x80000148, 0x80000144, 0x80000140) WB[MZ 1d: 0x00ff07ff]       ExeInst: DASM(19df1863)
Cyc=         81 (0x80000154, 0x80000150, 0x8000014c, 0x80000148, 0x80000144) WB[M  03: 0x00000004]       ExeInst: DASM(f00ff0b7)
Cyc=         82 (0x80000158, 0x80000154, 0x80000150, 0x8000014c, 0x80000148) WB[ Z 10: 0x00ff098f]       ExeInst: DASM(00f08093)
Cyc=         83 (0x8000015c, 0x80000158, 0x80000154, 0x80000150, 0x8000014c) WB[MZ 01: 0xf00ff000]       ExeInst: DASM(0f00ef13)
Cyc=         84 (0x80000160, 0x8000015c, 0x80000158, 0x80000154, 0x80000150) WB[MZ 01: 0xf00ff00f]       ExeInst: DASM(f00ffeb7)
Cyc=         85 (0x80000164, 0x80000160, 0x8000015c, 0x80000158, 0x80000154) WB[MZ 1e: 0xf00ff0ff]       ExeInst: DASM(0ffe8e93)
Cyc=         86 (0x80000168, 0x80000164, 0x80000160, 0x8000015c, 0x80000158) WB[MZ 1d: 0xf00ff000]       ExeInst: DASM(00500193)
Cyc=         87 (0x8000016c, 0x80000168, 0x80000164, 0x80000160, 0x8000015c) WB[MZ 1d: 0xf00ff0ff]       ExeInst: DASM(17df1a63)
Cyc=         88 (0x80000170, 0x8000016c, 0x80000168, 0x80000164, 0x80000160) WB[M  03: 0x00000005]       ExeInst: DASM(ff0100b7)
Cyc=         89 (0x80000174, 0x80000170, 0x8000016c, 0x80000168, 0x80000164) WB[ Z 14: 0xf00ff273]       ExeInst: DASM(f0008093)
Cyc=         90 (0x80000178, 0x80000174, 0x80000170, 0x8000016c, 0x80000168) WB[MZ 01: 0xff010000]       ExeInst: DASM(0f00e093)
Cyc=         91 (0x8000017c, 0x80000178, 0x80000174, 0x80000170, 0x8000016c) WB[MZ 01: 0xff00ff00]       ExeInst: DASM(ff010eb7)
Cyc=         92 (0x80000180, 0x8000017c, 0x80000178, 0x80000174, 0x80000170) WB[MZ 01: 0xff00fff0]       ExeInst: DASM(ff0e8e93)
Cyc=         93 (0x80000184, 0x80000180, 0x8000017c, 0x80000178, 0x80000174) WB[MZ 1d: 0xff010000]       ExeInst: DASM(00600193)
Cyc=         94 (0x80000188, 0x80000184, 0x80000180, 0x8000017c, 0x80000178) WB[MZ 1d: 0xff00fff0]       ExeInst: DASM(15d09c63)
Cyc=         95 (0x8000018c, 0x80000188, 0x80000184, 0x80000180, 0x8000017c) WB[M  03: 0x00000006]       ExeInst: DASM(00000213)
Cyc=         96 (0x80000190, 0x8000018c, 0x80000188, 0x80000184, 0x80000180) WB[ Z 18: 0xff010148]       ExeInst: DASM(0ff010b7)
Cyc=         97 (0x80000194, 0x80000190, 0x8000018c, 0x80000188, 0x80000184) WB[MZ 04: 0x00000000]       ExeInst: DASM(ff008093)
Cyc=         98 (0x80000198, 0x80000194, 0x80000190, 0x8000018c, 0x80000188) WB[MZ 01: 0x0ff01000]       ExeInst: DASM(0f00ef13)
Cyc=         99 (0x8000019c, 0x80000198, 0x80000194, 0x80000190, 0x8000018c) WB[MZ 01: 0x0ff00ff0]       ExeInst: DASM(000f0313)
Cyc=        100 (0x800001a0, 0x8000019c, 0x80000198, 0x80000194, 0x80000190) WB[MZ 1e: 0x0ff00ff0]       ExeInst: DASM(00120213)
Cyc=        101 (0x800001a4, 0x800001a0, 0x8000019c, 0x80000198, 0x80000194) WB[MZ 06: 0x0ff00ff0]       ExeInst: DASM(00200293)
Cyc=        102 (0x800001a8, 0x800001a4, 0x800001a0, 0x8000019c, 0x80000198) WB[MZ 04: 0x00000001]   B   ExeInst: DASM(fe5214e3)
Cyc=        103 (0x80000188, 0x800001a8, 0x800001a4, 0x800001a0, 0x8000019c) WB[M  05: 0x00000002]       ExeInst: DASM(00004033)
Cyc=        104 (0x8000018c, 0x80000188, 0x800001a8, 0x800001a4, 0x800001a0) WB[   09: 0xffffffe9]       ExeInst: DASM(00004033)
Cyc=        105 (0x80000190, 0x8000018c, 0x80000188, 0x800001a8, 0x800001a4) WB[ Z 00: 0x0ff01000]       ExeInst: DASM(0ff010b7)
Cyc=        106 (0x80000194, 0x80000190, 0x8000018c, 0x80000188, 0x800001a8) WB[MZ 00: 0x00000000]       ExeInst: DASM(ff008093)
Cyc=        107 (0x80000198, 0x80000194, 0x80000190, 0x8000018c, 0x80000188) WB[MZ 01: 0x0ff01000]       ExeInst: DASM(0f00ef13)
Cyc=        108 (0x8000019c, 0x80000198, 0x80000194, 0x80000190, 0x8000018c) WB[MZ 01: 0x0ff00ff0]       ExeInst: DASM(000f0313)
Cyc=        109 (0x800001a0, 0x8000019c, 0x80000198, 0x80000194, 0x80000190) WB[MZ 1e: 0x0ff00ff0]       ExeInst: DASM(00120213)
Cyc=        110 (0x800001a4, 0x800001a0, 0x8000019c, 0x80000198, 0x80000194) WB[MZ 06: 0x0ff00ff0]       ExeInst: DASM(00200293)
Cyc=        111 (0x800001a8, 0x800001a4, 0x800001a0, 0x8000019c, 0x80000198) WB[MZ 04: 0x00000002]       ExeInst: DASM(fe5214e3)
Cyc=        112 (0x800001ac, 0x800001a8, 0x800001a4, 0x800001a0, 0x8000019c) WB[M  05: 0x00000002]       ExeInst: DASM(0ff01eb7)
Cyc=        113 (0x800001b0, 0x800001ac, 0x800001a8, 0x800001a4, 0x800001a0) WB[ Z 09: 0xffffffea]       ExeInst: DASM(ff0e8e93)
Cyc=        114 (0x800001b4, 0x800001b0, 0x800001ac, 0x800001a8, 0x800001a4) WB[MZ 1d: 0x0ff01000]       ExeInst: DASM(00700193)
Cyc=        115 (0x800001b8, 0x800001b4, 0x800001b0, 0x800001ac, 0x800001a8) WB[MZ 1d: 0x0ff00ff0]       ExeInst: DASM(13d31463)
Cyc=        116 (0x800001bc, 0x800001b8, 0x800001b4, 0x800001b0, 0x800001ac) WB[M  03: 0x00000007]       ExeInst: DASM(00000213)
Cyc=        117 (0x800001c0, 0x800001bc, 0x800001b8, 0x800001b4, 0x800001b0) WB[ Z 08: 0x0ff01118]       ExeInst: DASM(00ff00b7)
Cyc=        118 (0x800001c4, 0x800001c0, 0x800001bc, 0x800001b8, 0x800001b4) WB[MZ 04: 0x00000000]       ExeInst: DASM(0ff08093)
Cyc=        119 (0x800001c8, 0x800001c4, 0x800001c0, 0x800001bc, 0x800001b8) WB[MZ 01: 0x00ff0000]       ExeInst: DASM(70f0ef13)
Cyc=        120 (0x800001cc, 0x800001c8, 0x800001c4, 0x800001c0, 0x800001bc) WB[MZ 01: 0x00ff00ff]       ExeInst: DASM(00000013)
Cyc=        121 (0x800001d0, 0x800001cc, 0x800001c8, 0x800001c4, 0x800001c0) WB[MZ 1e: 0x00ff07ff]       ExeInst: DASM(000f0313)
Cyc=        122 (0x800001d4, 0x800001d0, 0x800001cc, 0x800001c8, 0x800001c4) WB[MZ 00: 0x00000000]       ExeInst: DASM(00120213)
Cyc=        123 (0x800001d8, 0x800001d4, 0x800001d0, 0x800001cc, 0x800001c8) WB[MZ 06: 0x00ff07ff]       ExeInst: DASM(00200293)
Cyc=        124 (0x800001dc, 0x800001d8, 0x800001d4, 0x800001d0, 0x800001cc) WB[MZ 04: 0x00000001]   B   ExeInst: DASM(fe5212e3)
Cyc=        125 (0x800001b8, 0x800001dc, 0x800001d8, 0x800001d4, 0x800001d0) WB[M  05: 0x00000002]       ExeInst: DASM(00004033)
Cyc=        126 (0x800001bc, 0x800001b8, 0x800001dc, 0x800001d8, 0x800001d4) WB[   05: 0xffffffe5]       ExeInst: DASM(00004033)
Cyc=        127 (0x800001c0, 0x800001bc, 0x800001b8, 0x800001dc, 0x800001d8) WB[ Z 00: 0x00ff0000]       ExeInst: DASM(00ff00b7)
Cyc=        128 (0x800001c4, 0x800001c0, 0x800001bc, 0x800001b8, 0x800001dc) WB[MZ 00: 0x00000000]       ExeInst: DASM(0ff08093)
Cyc=        129 (0x800001c8, 0x800001c4, 0x800001c0, 0x800001bc, 0x800001b8) WB[MZ 01: 0x00ff0000]       ExeInst: DASM(70f0ef13)
Cyc=        130 (0x800001cc, 0x800001c8, 0x800001c4, 0x800001c0, 0x800001bc) WB[MZ 01: 0x00ff00ff]       ExeInst: DASM(00000013)
Cyc=        131 (0x800001d0, 0x800001cc, 0x800001c8, 0x800001c4, 0x800001c0) WB[MZ 1e: 0x00ff07ff]       ExeInst: DASM(000f0313)
Cyc=        132 (0x800001d4, 0x800001d0, 0x800001cc, 0x800001c8, 0x800001c4) WB[MZ 00: 0x00000000]       ExeInst: DASM(00120213)
Cyc=        133 (0x800001d8, 0x800001d4, 0x800001d0, 0x800001cc, 0x800001c8) WB[MZ 06: 0x00ff07ff]       ExeInst: DASM(00200293)
Cyc=        134 (0x800001dc, 0x800001d8, 0x800001d4, 0x800001d0, 0x800001cc) WB[MZ 04: 0x00000002]       ExeInst: DASM(fe5212e3)
Cyc=        135 (0x800001e0, 0x800001dc, 0x800001d8, 0x800001d4, 0x800001d0) WB[M  05: 0x00000002]       ExeInst: DASM(00ff0eb7)
Cyc=        136 (0x800001e4, 0x800001e0, 0x800001dc, 0x800001d8, 0x800001d4) WB[ Z 05: 0xffffffe6]       ExeInst: DASM(7ffe8e93)
Cyc=        137 (0x800001e8, 0x800001e4, 0x800001e0, 0x800001dc, 0x800001d8) WB[MZ 1d: 0x00ff0000]       ExeInst: DASM(00800193)
Cyc=        138 (0x800001ec, 0x800001e8, 0x800001e4, 0x800001e0, 0x800001dc) WB[MZ 1d: 0x00ff07ff]       ExeInst: DASM(0fd31a63)
Cyc=        139 (0x800001f0, 0x800001ec, 0x800001e8, 0x800001e4, 0x800001e0) WB[M  03: 0x00000008]       ExeInst: DASM(00000213)
Cyc=        140 (0x800001f4, 0x800001f0, 0x800001ec, 0x800001e8, 0x800001e4) WB[ Z 14: 0x00ff08f3]       ExeInst: DASM(f00ff0b7)
Cyc=        141 (0x800001f8, 0x800001f4, 0x800001f0, 0x800001ec, 0x800001e8) WB[MZ 04: 0x00000000]       ExeInst: DASM(00f08093)
Cyc=        142 (0x800001fc, 0x800001f8, 0x800001f4, 0x800001f0, 0x800001ec) WB[MZ 01: 0xf00ff000]       ExeInst: DASM(0f00ef13)
Cyc=        143 (0x80000200, 0x800001fc, 0x800001f8, 0x800001f4, 0x800001f0) WB[MZ 01: 0xf00ff00f]       ExeInst: DASM(00000013)
Cyc=        144 (0x80000204, 0x80000200, 0x800001fc, 0x800001f8, 0x800001f4) WB[MZ 1e: 0xf00ff0ff]       ExeInst: DASM(00000013)
Cyc=        145 (0x80000208, 0x80000204, 0x80000200, 0x800001fc, 0x800001f8) WB[MZ 00: 0x00000000]       ExeInst: DASM(000f0313)
Cyc=        146 (0x8000020c, 0x80000208, 0x80000204, 0x80000200, 0x800001fc) WB[MZ 00: 0x00000000]       ExeInst: DASM(00120213)
Cyc=        147 (0x80000210, 0x8000020c, 0x80000208, 0x80000204, 0x80000200) WB[MZ 06: 0xf00ff0ff]       ExeInst: DASM(00200293)
Cyc=        148 (0x80000214, 0x80000210, 0x8000020c, 0x80000208, 0x80000204) WB[MZ 04: 0x00000001]   B   ExeInst: DASM(fe5210e3)
Cyc=        149 (0x800001ec, 0x80000214, 0x80000210, 0x8000020c, 0x80000208) WB[M  05: 0x00000002]       ExeInst: DASM(00004033)
Cyc=        150 (0x800001f0, 0x800001ec, 0x80000214, 0x80000210, 0x8000020c) WB[   01: 0xffffffe1]       ExeInst: DASM(00004033)
Cyc=        151 (0x800001f4, 0x800001f0, 0x800001ec, 0x80000214, 0x80000210) WB[ Z 00: 0xf00ff000]       ExeInst: DASM(f00ff0b7)
Cyc=        152 (0x800001f8, 0x800001f4, 0x800001f0, 0x800001ec, 0x80000214) WB[MZ 00: 0x00000000]       ExeInst: DASM(00f08093)
Cyc=        153 (0x800001fc, 0x800001f8, 0x800001f4, 0x800001f0, 0x800001ec) WB[MZ 01: 0xf00ff000]       ExeInst: DASM(0f00ef13)
Cyc=        154 (0x80000200, 0x800001fc, 0x800001f8, 0x800001f4, 0x800001f0) WB[MZ 01: 0xf00ff00f]       ExeInst: DASM(00000013)
Cyc=        155 (0x80000204, 0x80000200, 0x800001fc, 0x800001f8, 0x800001f4) WB[MZ 1e: 0xf00ff0ff]       ExeInst: DASM(00000013)
Cyc=        156 (0x80000208, 0x80000204, 0x80000200, 0x800001fc, 0x800001f8) WB[MZ 00: 0x00000000]       ExeInst: DASM(000f0313)
Cyc=        157 (0x8000020c, 0x80000208, 0x80000204, 0x80000200, 0x800001fc) WB[MZ 00: 0x00000000]       ExeInst: DASM(00120213)
Cyc=        158 (0x80000210, 0x8000020c, 0x80000208, 0x80000204, 0x80000200) WB[MZ 06: 0xf00ff0ff]       ExeInst: DASM(00200293)
Cyc=        159 (0x80000214, 0x80000210, 0x8000020c, 0x80000208, 0x80000204) WB[MZ 04: 0x00000002]       ExeInst: DASM(fe5210e3)
Cyc=        160 (0x80000218, 0x80000214, 0x80000210, 0x8000020c, 0x80000208) WB[M  05: 0x00000002]       ExeInst: DASM(f00ffeb7)
Cyc=        161 (0x8000021c, 0x80000218, 0x80000214, 0x80000210, 0x8000020c) WB[ Z 01: 0xffffffe2]       ExeInst: DASM(0ffe8e93)
Cyc=        162 (0x80000220, 0x8000021c, 0x80000218, 0x80000214, 0x80000210) WB[MZ 1d: 0xf00ff000]       ExeInst: DASM(00900193)
Cyc=        163 (0x80000224, 0x80000220, 0x8000021c, 0x80000218, 0x80000214) WB[MZ 1d: 0xf00ff0ff]       ExeInst: DASM(0bd31e63)
Cyc=        164 (0x80000228, 0x80000224, 0x80000220, 0x8000021c, 0x80000218) WB[M  03: 0x00000009]       ExeInst: DASM(00000213)
Cyc=        165 (0x8000022c, 0x80000228, 0x80000224, 0x80000220, 0x8000021c) WB[ Z 1c: 0xf00ff1bb]       ExeInst: DASM(0ff010b7)
Cyc=        166 (0x80000230, 0x8000022c, 0x80000228, 0x80000224, 0x80000220) WB[MZ 04: 0x00000000]       ExeInst: DASM(ff008093)
Cyc=        167 (0x80000234, 0x80000230, 0x8000022c, 0x80000228, 0x80000224) WB[MZ 01: 0x0ff01000]       ExeInst: DASM(0f00ef13)
Cyc=        168 (0x80000238, 0x80000234, 0x80000230, 0x8000022c, 0x80000228) WB[MZ 01: 0x0ff00ff0]       ExeInst: DASM(00120213)
Cyc=        169 (0x8000023c, 0x80000238, 0x80000234, 0x80000230, 0x8000022c) WB[MZ 1e: 0x0ff00ff0]       ExeInst: DASM(00200293)
Cyc=        170 (0x80000240, 0x8000023c, 0x80000238, 0x80000234, 0x80000230) WB[MZ 04: 0x00000001]   B   ExeInst: DASM(fe5216e3)
Cyc=        171 (0x80000224, 0x80000240, 0x8000023c, 0x80000238, 0x80000234) WB[M  05: 0x00000002]       ExeInst: DASM(00004033)
Cyc=        172 (0x80000228, 0x80000224, 0x80000240, 0x8000023c, 0x80000238) WB[   0d: 0xffffffed]       ExeInst: DASM(00004033)
Cyc=        173 (0x8000022c, 0x80000228, 0x80000224, 0x80000240, 0x8000023c) WB[ Z 00: 0x0ff01000]       ExeInst: DASM(0ff010b7)
Cyc=        174 (0x80000230, 0x8000022c, 0x80000228, 0x80000224, 0x80000240) WB[MZ 00: 0x00000000]       ExeInst: DASM(ff008093)
Cyc=        175 (0x80000234, 0x80000230, 0x8000022c, 0x80000228, 0x80000224) WB[MZ 01: 0x0ff01000]       ExeInst: DASM(0f00ef13)
Cyc=        176 (0x80000238, 0x80000234, 0x80000230, 0x8000022c, 0x80000228) WB[MZ 01: 0x0ff00ff0]       ExeInst: DASM(00120213)
Cyc=        177 (0x8000023c, 0x80000238, 0x80000234, 0x80000230, 0x8000022c) WB[MZ 1e: 0x0ff00ff0]       ExeInst: DASM(00200293)
Cyc=        178 (0x80000240, 0x8000023c, 0x80000238, 0x80000234, 0x80000230) WB[MZ 04: 0x00000002]       ExeInst: DASM(fe5216e3)
Cyc=        179 (0x80000244, 0x80000240, 0x8000023c, 0x80000238, 0x80000234) WB[M  05: 0x00000002]       ExeInst: DASM(0ff01eb7)
Cyc=        180 (0x80000248, 0x80000244, 0x80000240, 0x8000023c, 0x80000238) WB[ Z 0d: 0xffffffee]       ExeInst: DASM(ff0e8e93)
Cyc=        181 (0x8000024c, 0x80000248, 0x80000244, 0x80000240, 0x8000023c) WB[MZ 1d: 0x0ff01000]       ExeInst: DASM(00a00193)
Cyc=        182 (0x80000250, 0x8000024c, 0x80000248, 0x80000244, 0x80000240) WB[MZ 1d: 0x0ff00ff0]       ExeInst: DASM(09df1863)
Cyc=        183 (0x80000254, 0x80000250, 0x8000024c, 0x80000248, 0x80000244) WB[M  03: 0x0000000a]       ExeInst: DASM(00000213)
Cyc=        184 (0x80000258, 0x80000254, 0x80000250, 0x8000024c, 0x80000248) WB[ Z 10: 0x0ff01080]       ExeInst: DASM(00ff00b7)
Cyc=        185 (0x8000025c, 0x80000258, 0x80000254, 0x80000250, 0x8000024c) WB[MZ 04: 0x00000000]       ExeInst: DASM(0ff08093)
Cyc=        186 (0x80000260, 0x8000025c, 0x80000258, 0x80000254, 0x80000250) WB[MZ 01: 0x00ff0000]       ExeInst: DASM(00000013)
Cyc=        187 (0x80000264, 0x80000260, 0x8000025c, 0x80000258, 0x80000254) WB[MZ 01: 0x00ff00ff]       ExeInst: DASM(f0f0ef13)
Cyc=        188 (0x80000268, 0x80000264, 0x80000260, 0x8000025c, 0x80000258) WB[MZ 00: 0x00000000]       ExeInst: DASM(00120213)
Cyc=        189 (0x8000026c, 0x80000268, 0x80000264, 0x80000260, 0x8000025c) WB[MZ 1e: 0xffffffff]       ExeInst: DASM(00200293)
Cyc=        190 (0x80000270, 0x8000026c, 0x80000268, 0x80000264, 0x80000260) WB[MZ 04: 0x00000001]   B   ExeInst: DASM(fe5214e3)
Cyc=        191 (0x80000250, 0x80000270, 0x8000026c, 0x80000268, 0x80000264) WB[M  05: 0x00000002]       ExeInst: DASM(00004033)
Cyc=        192 (0x80000254, 0x80000250, 0x80000270, 0x8000026c, 0x80000268) WB[   09: 0xffffffe9]       ExeInst: DASM(00004033)
Cyc=        193 (0x80000258, 0x80000254, 0x80000250, 0x80000270, 0x8000026c) WB[ Z 00: 0xffffffff]       ExeInst: DASM(00ff00b7)
Cyc=        194 (0x8000025c, 0x80000258, 0x80000254, 0x80000250, 0x80000270) WB[MZ 00: 0x00000000]       ExeInst: DASM(0ff08093)
Cyc=        195 (0x80000260, 0x8000025c, 0x80000258, 0x80000254, 0x80000250) WB[MZ 01: 0x00ff0000]       ExeInst: DASM(00000013)
Cyc=        196 (0x80000264, 0x80000260, 0x8000025c, 0x80000258, 0x80000254) WB[MZ 01: 0x00ff00ff]       ExeInst: DASM(f0f0ef13)
Cyc=        197 (0x80000268, 0x80000264, 0x80000260, 0x8000025c, 0x80000258) WB[MZ 00: 0x00000000]       ExeInst: DASM(00120213)
Cyc=        198 (0x8000026c, 0x80000268, 0x80000264, 0x80000260, 0x8000025c) WB[MZ 1e: 0xffffffff]       ExeInst: DASM(00200293)
Cyc=        199 (0x80000270, 0x8000026c, 0x80000268, 0x80000264, 0x80000260) WB[MZ 04: 0x00000002]       ExeInst: DASM(fe5214e3)
Cyc=        200 (0x80000274, 0x80000270, 0x8000026c, 0x80000268, 0x80000264) WB[M  05: 0x00000002]       ExeInst: DASM(fff00e93)
Cyc=        201 (0x80000278, 0x80000274, 0x80000270, 0x8000026c, 0x80000268) WB[ Z 09: 0xffffffea]       ExeInst: DASM(00b00193)
Cyc=        202 (0x8000027c, 0x80000278, 0x80000274, 0x80000270, 0x8000026c) WB[MZ 1d: 0xffffffff]       ExeInst: DASM(07df1263)
Cyc=        203 (0x80000280, 0x8000027c, 0x80000278, 0x80000274, 0x80000270) WB[M  03: 0x0000000b]       ExeInst: DASM(00000213)
Cyc=        204 (0x80000284, 0x80000280, 0x8000027c, 0x80000278, 0x80000274) WB[ Z 04: 0x00000063]       ExeInst: DASM(f00ff0b7)
Cyc=        205 (0x80000288, 0x80000284, 0x80000280, 0x8000027c, 0x80000278) WB[MZ 04: 0x00000000]       ExeInst: DASM(00f08093)
Cyc=        206 (0x8000028c, 0x80000288, 0x80000284, 0x80000280, 0x8000027c) WB[MZ 01: 0xf00ff000]       ExeInst: DASM(00000013)
Cyc=        207 (0x80000290, 0x8000028c, 0x80000288, 0x80000284, 0x80000280) WB[MZ 01: 0xf00ff00f]       ExeInst: DASM(00000013)
Cyc=        208 (0x80000294, 0x80000290, 0x8000028c, 0x80000288, 0x80000284) WB[MZ 00: 0x00000000]       ExeInst: DASM(0f00ef13)
Cyc=        209 (0x80000298, 0x80000294, 0x80000290, 0x8000028c, 0x80000288) WB[MZ 00: 0x00000000]       ExeInst: DASM(00120213)
Cyc=        210 (0x8000029c, 0x80000298, 0x80000294, 0x80000290, 0x8000028c) WB[MZ 1e: 0xf00ff0ff]       ExeInst: DASM(00200293)
Cyc=        211 (0x800002a0, 0x8000029c, 0x80000298, 0x80000294, 0x80000290) WB[MZ 04: 0x00000001]   B   ExeInst: DASM(fe5212e3)
Cyc=        212 (0x8000027c, 0x800002a0, 0x8000029c, 0x80000298, 0x80000294) WB[M  05: 0x00000002]       ExeInst: DASM(00004033)
Cyc=        213 (0x80000280, 0x8000027c, 0x800002a0, 0x8000029c, 0x80000298) WB[   05: 0xffffffe5]       ExeInst: DASM(00004033)
Cyc=        214 (0x80000284, 0x80000280, 0x8000027c, 0x800002a0, 0x8000029c) WB[ Z 00: 0xf00ff000]       ExeInst: DASM(f00ff0b7)
Cyc=        215 (0x80000288, 0x80000284, 0x80000280, 0x8000027c, 0x800002a0) WB[MZ 00: 0x00000000]       ExeInst: DASM(00f08093)
Cyc=        216 (0x8000028c, 0x80000288, 0x80000284, 0x80000280, 0x8000027c) WB[MZ 01: 0xf00ff000]       ExeInst: DASM(00000013)
Cyc=        217 (0x80000290, 0x8000028c, 0x80000288, 0x80000284, 0x80000280) WB[MZ 01: 0xf00ff00f]       ExeInst: DASM(00000013)
Cyc=        218 (0x80000294, 0x80000290, 0x8000028c, 0x80000288, 0x80000284) WB[MZ 00: 0x00000000]       ExeInst: DASM(0f00ef13)
Cyc=        219 (0x80000298, 0x80000294, 0x80000290, 0x8000028c, 0x80000288) WB[MZ 00: 0x00000000]       ExeInst: DASM(00120213)
Cyc=        220 (0x8000029c, 0x80000298, 0x80000294, 0x80000290, 0x8000028c) WB[MZ 1e: 0xf00ff0ff]       ExeInst: DASM(00200293)
Cyc=        221 (0x800002a0, 0x8000029c, 0x80000298, 0x80000294, 0x80000290) WB[MZ 04: 0x00000002]       ExeInst: DASM(fe5212e3)
Cyc=        222 (0x800002a4, 0x800002a0, 0x8000029c, 0x80000298, 0x80000294) WB[M  05: 0x00000002]       ExeInst: DASM(f00ffeb7)
Cyc=        223 (0x800002a8, 0x800002a4, 0x800002a0, 0x8000029c, 0x80000298) WB[ Z 05: 0xffffffe6]       ExeInst: DASM(0ffe8e93)
Cyc=        224 (0x800002ac, 0x800002a8, 0x800002a4, 0x800002a0, 0x8000029c) WB[MZ 1d: 0xf00ff000]       ExeInst: DASM(00c00193)
Cyc=        225 (0x800002b0, 0x800002ac, 0x800002a8, 0x800002a4, 0x800002a0) WB[MZ 1d: 0xf00ff0ff]       ExeInst: DASM(03df1863)
Cyc=        226 (0x800002b4, 0x800002b0, 0x800002ac, 0x800002a8, 0x800002a4) WB[M  03: 0x0000000c]       ExeInst: DASM(0f006093)
Cyc=        227 (0x800002b8, 0x800002b4, 0x800002b0, 0x800002ac, 0x800002a8) WB[ Z 10: 0xf00ff12f]       ExeInst: DASM(0f000e93)
Cyc=        228 (0x800002bc, 0x800002b8, 0x800002b4, 0x800002b0, 0x800002ac) WB[MZ 01: 0x000000f0]       ExeInst: DASM(00d00193)
Cyc=        229 (0x800002c0, 0x800002bc, 0x800002b8, 0x800002b4, 0x800002b0) WB[MZ 1d: 0x000000f0]       ExeInst: DASM(03d09063)
Cyc=        230 (0x800002c4, 0x800002c0, 0x800002bc, 0x800002b8, 0x800002b4) WB[M  03: 0x0000000d]       ExeInst: DASM(00ff00b7)
Cyc=        231 (0x800002c8, 0x800002c4, 0x800002c0, 0x800002bc, 0x800002b8) WB[ Z 00: 0x00000110]       ExeInst: DASM(0ff08093)
Cyc=        232 (0x800002cc, 0x800002c8, 0x800002c4, 0x800002c0, 0x800002bc) WB[MZ 01: 0x00ff0000]       ExeInst: DASM(70f0e013)
Cyc=        233 (0x800002d0, 0x800002cc, 0x800002c8, 0x800002c4, 0x800002c0) WB[MZ 01: 0x00ff00ff]       ExeInst: DASM(00000e93)
Cyc=        234 (0x800002d4, 0x800002d0, 0x800002cc, 0x800002c8, 0x800002c4) WB[MZ 00: 0x00ff07ff]       ExeInst: DASM(00e00193)
Cyc=        235 (0x800002d8, 0x800002d4, 0x800002d0, 0x800002cc, 0x800002c8) WB[MZ 1d: 0x00000000]       ExeInst: DASM(01d01463)
Cyc=        236 (0x800002dc, 0x800002d8, 0x800002d4, 0x800002d0, 0x800002cc) WB[M  03: 0x0000000e]   B   ExeInst: DASM(00301c63)
Cyc=        237 (0x800002ec, 0x800002dc, 0x800002d8, 0x800002d4, 0x800002d0) WB[   08: 0x00000008]       ExeInst: DASM(00004033)
Cyc=        238 (0x800002f0, 0x800002ec, 0x800002dc, 0x800002d8, 0x800002d4) WB[   18: 0x00000018]       ExeInst: DASM(00004033)
Cyc=        239 (0x800002f4, 0x800002f0, 0x800002ec, 0x800002dc, 0x800002d8) WB[ Z 00: 0x00000000]       ExeInst: DASM(0ff0000f)
Cyc=        240 (0x800002f8, 0x800002f4, 0x800002f0, 0x800002ec, 0x800002dc) WB[M  00: 0x00000000]       ExeInst: DASM(00100193)
Cyc=        241 (0x800002fc, 0x800002f8, 0x800002f4, 0x800002f0, 0x800002ec) WB[ Z 00: 0x00000000]       ExeInst: DASM(00000073)
Cyc=        242 (0x80000300, 0x800002fc, 0x800002f8, 0x800002f4, 0x800002f0) WB[M  03: 0x00000001] S E   ExeInst: DASM(00004033)
Cyc=        243 (0x80000004, 0x800002fc, 0x800002f8, 0x800002f8, 0x800002f4) WB[   00: 0x00000000]       ExeInst: DASM(00004033)
Cyc=        244 (0x80000008, 0x80000004, 0x800002fc, 0x800002f8, 0x800002f8) WB[   00: 0x00000000]       ExeInst: DASM(00004033)
Cyc=        245 (0x8000000c, 0x80000008, 0x80000004, 0x800002fc, 0x800002f8) WB[ Z 00: 0x00000000] S     ExeInst: DASM(34202f73)
Cyc=        246 (0x8000000c, 0x80000008, 0x80000004, 0x80000004, 0x800002fc) WB[MZ 00: 0x00000000]       ExeInst: DASM(00004033)
Cyc=        247 (0x80000010, 0x8000000c, 0x80000008, 0x80000004, 0x80000004) WB[M  1e: 0x0000000b]       ExeInst: DASM(00800f93)
Cyc=        248 (0x80000014, 0x80000010, 0x8000000c, 0x80000008, 0x80000004) WB[ Z 00: 0x00000000]       ExeInst: DASM(03ff0a63)
Cyc=        249 (0x80000018, 0x80000014, 0x80000010, 0x8000000c, 0x80000008) WB[M  1f: 0x00000008]       ExeInst: DASM(00900f93)
Cyc=        250 (0x8000001c, 0x80000018, 0x80000014, 0x80000010, 0x8000000c) WB[ Z 14: 0x0000003f]       ExeInst: DASM(03ff0663)
Cyc=        251 (0x80000020, 0x8000001c, 0x80000018, 0x80000014, 0x80000010) WB[M  1f: 0x00000009]       ExeInst: DASM(00b00f93)
Cyc=        252 (0x80000024, 0x80000020, 0x8000001c, 0x80000018, 0x80000014) WB[ Z 0c: 0x00000037]   B   ExeInst: DASM(03ff0263)
Cyc=        253 (0x80000040, 0x80000024, 0x80000020, 0x8000001c, 0x80000018) WB[M  1f: 0x0000000b]       ExeInst: DASM(00004033)
Cyc=        254 (0x80000044, 0x80000040, 0x80000024, 0x80000020, 0x8000001c) WB[   04: 0x0000002f]       ExeInst: DASM(00004033)
Cyc=        255 (0x80000048, 0x80000044, 0x80000040, 0x80000024, 0x80000020) WB[ Z 00: 0x00000020]       ExeInst: DASM(00001f17)
Cyc=        256 (0x8000004c, 0x80000048, 0x80000044, 0x80000040, 0x80000024) WB[MZ 00: 0x00000000]       ExeInst: DASM(fc3f2023)
Cyc=        257 (0x80000050, 0x8000004c, 0x80000048, 0x80000044, 0x80000040) WB[M  1e: 0x80001040]   B   ExeInst: DASM(ff9ff06f)
Cyc=        258 (0x80000040, 0x80000050, 0x8000004c, 0x80000048, 0x80000044) WB[ Z 00: 0x80001000]       ExeInst: DASM(00004033)
Cyc=        259 (0x80000044, 0x80000040, 0x80000050, 0x8000004c, 0x80000048) WB[M  00: 0x8000004c]       ExeInst: DASM(00004033)
Cyc=        260 (0x80000048, 0x80000044, 0x80000040, 0x80000050, 0x8000004c) WB[ Z 00: 0x00000000]       ExeInst: DASM(00001f17)
Cyc=        261 (0x8000004c, 0x80000048, 0x80000044, 0x80000040, 0x80000050) WB[MZ 00: 0x00000000]       ExeInst: DASM(fc3f2023)
Cyc=        262 (0x80000050, 0x8000004c, 0x80000048, 0x80000044, 0x80000040) WB[M  1e: 0x80001040]   B   ExeInst: DASM(ff9ff06f)
Cyc=        263 (0x80000040, 0x80000050, 0x8000004c, 0x80000048, 0x80000044) WB[ Z 00: 0x80001000]       ExeInst: DASM(00004033)
Cyc=        264 (0x80000044, 0x80000040, 0x80000050, 0x8000004c, 0x80000048) WB[M  00: 0x8000004c]       ExeInst: DASM(00004033)
Cyc=        265 (0x80000048, 0x80000044, 0x80000040, 0x80000050, 0x8000004c) WB[ Z 00: 0x00000000]       ExeInst: DASM(00001f17)
Cyc=        266 (0x8000004c, 0x80000048, 0x80000044, 0x80000040, 0x80000050) WB[MZ 00: 0x00000000]       ExeInst: DASM(fc3f2023)
Cyc=        267 (0x80000050, 0x8000004c, 0x80000048, 0x80000044, 0x80000040) WB[M  1e: 0x80001040]   B   ExeInst: DASM(ff9ff06f)
Cyc=        268 (0x80000040, 0x80000050, 0x8000004c, 0x80000048, 0x80000044) WB[ Z 00: 0x80001000]       ExeInst: DASM(00004033)
Cyc=        269 (0x80000044, 0x80000040, 0x80000050, 0x8000004c, 0x80000048) WB[M  00: 0x8000004c]       ExeInst: DASM(00004033)
Cyc=        270 (0x80000048, 0x80000044, 0x80000040, 0x80000050, 0x8000004c) WB[ Z 00: 0x00000000]       ExeInst: DASM(00001f17)
Cyc=        271 (0x8000004c, 0x80000048, 0x80000044, 0x80000040, 0x80000050) WB[MZ 00: 0x00000000]       ExeInst: DASM(fc3f2023)
Cyc=        272 (0x80000050, 0x8000004c, 0x80000048, 0x80000044, 0x80000040) WB[M  1e: 0x80001040]   B   ExeInst: DASM(ff9ff06f)
Cyc=        273 (0x80000040, 0x80000050, 0x8000004c, 0x80000048, 0x80000044) WB[ Z 00: 0x80001000]       ExeInst: DASM(00004033)
Cyc=        274 (0x80000044, 0x80000040, 0x80000050, 0x8000004c, 0x80000048) WB[M  00: 0x8000004c]       ExeInst: DASM(00004033)
Cyc=        275 (0x80000048, 0x80000044, 0x80000040, 0x80000050, 0x8000004c) WB[ Z 00: 0x00000000]       ExeInst: DASM(00001f17)
Cyc=        276 (0x8000004c, 0x80000048, 0x80000044, 0x80000040, 0x80000050) WB[MZ 00: 0x00000000]       ExeInst: DASM(fc3f2023)
Cyc=        277 (0x80000050, 0x8000004c, 0x80000048, 0x80000044, 0x80000040) WB[M  1e: 0x80001040]   B   ExeInst: DASM(ff9ff06f)
Cyc=        278 (0x80000040, 0x80000050, 0x8000004c, 0x80000048, 0x80000044) WB[ Z 00: 0x80001000]       ExeInst: DASM(00004033)
Cyc=        279 (0x80000044, 0x80000040, 0x80000050, 0x8000004c, 0x80000048) WB[M  00: 0x8000004c]       ExeInst: DASM(00004033)
Cyc=        280 (0x80000048, 0x80000044, 0x80000040, 0x80000050, 0x8000004c) WB[ Z 00: 0x00000000]       ExeInst: DASM(00001f17)
Cyc=        281 (0x8000004c, 0x80000048, 0x80000044, 0x80000040, 0x80000050) WB[MZ 00: 0x00000000]       ExeInst: DASM(fc3f2023)
Cyc=        282 (0x80000050, 0x8000004c, 0x80000048, 0x80000044, 0x80000040) WB[M  1e: 0x80001040]   B   ExeInst: DASM(ff9ff06f)
Cyc=        283 (0x80000040, 0x80000050, 0x8000004c, 0x80000048, 0x80000044) WB[ Z 00: 0x80001000]       ExeInst: DASM(00004033)
Cyc=        284 (0x80000044, 0x80000040, 0x80000050, 0x8000004c, 0x80000048) WB[M  00: 0x8000004c]       ExeInst: DASM(00004033)
Cyc=        285 (0x80000048, 0x80000044, 0x80000040, 0x80000050, 0x8000004c) WB[ Z 00: 0x00000000]       ExeInst: DASM(00001f17)
Cyc=        286 (0x8000004c, 0x80000048, 0x80000044, 0x80000040, 0x80000050) WB[MZ 00: 0x00000000]       ExeInst: DASM(fc3f2023)
Cyc=        287 (0x80000050, 0x8000004c, 0x80000048, 0x80000044, 0x80000040) WB[M  1e: 0x80001040]   B   ExeInst: DASM(ff9ff06f)
Cyc=        288 (0x80000040, 0x80000050, 0x8000004c, 0x80000048, 0x80000044) WB[ Z 00: 0x80001000]       ExeInst: DASM(00004033)
Cyc=        289 (0x80000044, 0x80000040, 0x80000050, 0x8000004c, 0x80000048) WB[M  00: 0x8000004c]       ExeInst: DASM(00004033)
Cyc=        290 (0x80000048, 0x80000044, 0x80000040, 0x80000050, 0x8000004c) WB[ Z 00: 0x00000000]       ExeInst: DASM(00001f17)
Cyc=        291 (0x8000004c, 0x80000048, 0x80000044, 0x80000040, 0x80000050) WB[MZ 00: 0x00000000]       ExeInst: DASM(fc3f2023)
Cyc=        292 (0x80000050, 0x8000004c, 0x80000048, 0x80000044, 0x80000040) WB[M  1e: 0x80001040]   B   ExeInst: DASM(ff9ff06f)
Cyc=        293 (0x80000040, 0x80000050, 0x8000004c, 0x80000048, 0x80000044) WB[ Z 00: 0x80001000]       ExeInst: DASM(00004033)
Cyc=        294 (0x80000044, 0x80000040, 0x80000050, 0x8000004c, 0x80000048) WB[M  00: 0x8000004c]       ExeInst: DASM(00004033)
Cyc=        295 (0x80000048, 0x80000044, 0x80000040, 0x80000050, 0x8000004c) WB[ Z 00: 0x00000000]       ExeInst: DASM(00001f17)
*** PASSED ***
