Instantiated DTM.
Cyc=          0 (0x80000000, 0x00000000, 0x00000000, 0x00000000, 0x00000000) WB[   00: 0x00000000]       ExeInst: DASM(00004033)
Cyc=          1 (0x80000004, 0x80000000, 0x00000000, 0x00000000, 0x00000000) WB[   00: 0x00000000]       ExeInst: DASM(00004033)
Cyc=          2 (0x80000008, 0x80000004, 0x80000000, 0x00000000, 0x00000000) WB[ Z 00: 0x00000000]   B   ExeInst: DASM(04c0006f)
Cyc=          3 (0x8000004c, 0x80000008, 0x80000004, 0x80000000, 0x00000000) WB[MZ 00: 0x00000000]       ExeInst: DASM(00004033)
Cyc=          4 (0x80000050, 0x8000004c, 0x80000008, 0x80000004, 0x80000000) WB[M  00: 0x80000004]       ExeInst: DASM(00004033)
Cyc=          5 (0x80000054, 0x80000050, 0x8000004c, 0x80000008, 0x80000004) WB[ Z 00: 0x00000000] S     ExeInst: DASM(f1402573)
Cyc=          6 (0x80000054, 0x80000050, 0x8000004c, 0x8000004c, 0x80000008) WB[MZ 00: 0x00000000]       ExeInst: DASM(00004033)
Cyc=          7 (0x80000058, 0x80000054, 0x80000050, 0x8000004c, 0x8000004c) WB[M  0a: 0x00000000]       ExeInst: DASM(00051063)
Cyc=          8 (0x8000005c, 0x80000058, 0x80000054, 0x80000050, 0x8000004c) WB[   00: 0x00000000]       ExeInst: DASM(00000297)
Cyc=          9 (0x80000060, 0x8000005c, 0x80000058, 0x80000054, 0x80000050) WB[ Z 00: 0x00000000]       ExeInst: DASM(01028293)
Cyc=         10 (0x80000064, 0x80000060, 0x8000005c, 0x80000058, 0x80000054) WB[MZ 05: 0x80000054] S     ExeInst: DASM(30529073)
Cyc=         11 (0x80000064, 0x80000060, 0x8000005c, 0x8000005c, 0x80000058) WB[MZ 05: 0x80000064]       ExeInst: DASM(00004033)
Cyc=         12 (0x80000068, 0x80000064, 0x80000060, 0x8000005c, 0x8000005c) WB[M  00: 0x00000100] S     ExeInst: DASM(18005073)
Cyc=         13 (0x80000068, 0x80000064, 0x80000060, 0x80000060, 0x8000005c) WB[ Z 00: 0x00000000]       ExeInst: DASM(00004033)
Cyc=         14 (0x8000006c, 0x80000068, 0x80000064, 0x80000060, 0x80000060) WB[M  00: 0x00000000]       ExeInst: DASM(00000297)
Cyc=         15 (0x80000070, 0x8000006c, 0x80000068, 0x80000064, 0x80000060) WB[ Z 00: 0x00000000]       ExeInst: DASM(01c28293)
Cyc=         16 (0x80000074, 0x80000070, 0x8000006c, 0x80000068, 0x80000064) WB[MZ 05: 0x80000064] S     ExeInst: DASM(30529073)
Cyc=         17 (0x80000074, 0x80000070, 0x8000006c, 0x8000006c, 0x80000068) WB[MZ 05: 0x80000080]       ExeInst: DASM(00004033)
Cyc=         18 (0x80000078, 0x80000074, 0x80000070, 0x8000006c, 0x8000006c) WB[M  00: 0x00000100]       ExeInst: DASM(fff00293)
Cyc=         19 (0x8000007c, 0x80000078, 0x80000074, 0x80000070, 0x8000006c) WB[ Z 00: 0x00000000] S     ExeInst: DASM(3b029073)
Cyc=         20 (0x8000007c, 0x80000078, 0x80000074, 0x80000074, 0x80000070) WB[MZ 05: 0xffffffff]       ExeInst: DASM(00004033)
Cyc=         21 (0x80000080, 0x8000007c, 0x80000078, 0x80000074, 0x80000074) WB[M  00: 0x00000000]       ExeInst: DASM(01f00293)
Cyc=         22 (0x80000084, 0x80000080, 0x8000007c, 0x80000078, 0x80000074) WB[ Z 00: 0x00000000] S     ExeInst: DASM(3a029073)
Cyc=         23 (0x80000084, 0x80000080, 0x8000007c, 0x8000007c, 0x80000078) WB[MZ 05: 0x0000001f]       ExeInst: DASM(00004033)
Cyc=         24 (0x80000088, 0x80000084, 0x80000080, 0x8000007c, 0x8000007c) WB[M  00: 0x00000000]       ExeInst: DASM(00000297)
Cyc=         25 (0x8000008c, 0x80000088, 0x80000084, 0x80000080, 0x8000007c) WB[ Z 00: 0x00000000]       ExeInst: DASM(01828293)
Cyc=         26 (0x80000090, 0x8000008c, 0x80000088, 0x80000084, 0x80000080) WB[MZ 05: 0x80000080] S     ExeInst: DASM(30529073)
Cyc=         27 (0x80000090, 0x8000008c, 0x80000088, 0x80000088, 0x80000084) WB[MZ 05: 0x80000098]       ExeInst: DASM(00004033)
Cyc=         28 (0x80000094, 0x80000090, 0x8000008c, 0x80000088, 0x80000088) WB[M  00: 0x00000100] S     ExeInst: DASM(30205073)
Cyc=         29 (0x80000094, 0x80000090, 0x8000008c, 0x8000008c, 0x80000088) WB[ Z 00: 0x00000000]       ExeInst: DASM(00004033)
Cyc=         30 (0x80000098, 0x80000094, 0x80000090, 0x8000008c, 0x8000008c) WB[M  00: 0x00000000] S     ExeInst: DASM(30305073)
Cyc=         31 (0x80000098, 0x80000094, 0x80000090, 0x80000090, 0x8000008c) WB[ Z 00: 0x00000000]       ExeInst: DASM(00004033)
Cyc=         32 (0x8000009c, 0x80000098, 0x80000094, 0x80000090, 0x80000090) WB[M  00: 0x00000000] S     ExeInst: DASM(30405073)
Cyc=         33 (0x8000009c, 0x80000098, 0x80000094, 0x80000094, 0x80000090) WB[ Z 00: 0x00000000]       ExeInst: DASM(00004033)
Cyc=         34 (0x800000a0, 0x8000009c, 0x80000098, 0x80000094, 0x80000094) WB[M  00: 0x00000000]       ExeInst: DASM(00000193)
Cyc=         35 (0x800000a4, 0x800000a0, 0x8000009c, 0x80000098, 0x80000094) WB[ Z 00: 0x00000000]       ExeInst: DASM(00000297)
Cyc=         36 (0x800000a8, 0x800000a4, 0x800000a0, 0x8000009c, 0x80000098) WB[MZ 03: 0x00000000]       ExeInst: DASM(f6828293)
Cyc=         37 (0x800000ac, 0x800000a8, 0x800000a4, 0x800000a0, 0x8000009c) WB[MZ 05: 0x8000009c] S     ExeInst: DASM(30529073)
Cyc=         38 (0x800000ac, 0x800000a8, 0x800000a4, 0x800000a4, 0x800000a0) WB[MZ 05: 0x80000004]       ExeInst: DASM(00004033)
Cyc=         39 (0x800000b0, 0x800000ac, 0x800000a8, 0x800000a4, 0x800000a4) WB[M  00: 0x00000100]       ExeInst: DASM(00100513)
Cyc=         40 (0x800000b4, 0x800000b0, 0x800000ac, 0x800000a8, 0x800000a4) WB[ Z 00: 0x00000000]       ExeInst: DASM(01f51513)
Cyc=         41 (0x800000b8, 0x800000b4, 0x800000b0, 0x800000ac, 0x800000a8) WB[MZ 0a: 0x00000001]   B   ExeInst: DASM(00054863)
Cyc=         42 (0x800000c0, 0x800000b8, 0x800000b4, 0x800000b0, 0x800000ac) WB[M  0a: 0x80000000]       ExeInst: DASM(00004033)
Cyc=         43 (0x800000c4, 0x800000c0, 0x800000b8, 0x800000b4, 0x800000b0) WB[   10: 0x80000010]       ExeInst: DASM(00004033)
Cyc=         44 (0x800000c8, 0x800000c4, 0x800000c0, 0x800000b8, 0x800000b4) WB[ Z 00: 0x00000000]       ExeInst: DASM(80000297)
Cyc=         45 (0x800000cc, 0x800000c8, 0x800000c4, 0x800000c0, 0x800000b8) WB[MZ 00: 0x00000000]       ExeInst: DASM(f4028293)
Cyc=         46 (0x800000d0, 0x800000cc, 0x800000c8, 0x800000c4, 0x800000c0) WB[MZ 05: 0x000000c0]   B   ExeInst: DASM(00028e63)
Cyc=         47 (0x800000e4, 0x800000d0, 0x800000cc, 0x800000c8, 0x800000c4) WB[M  05: 0x00000000]       ExeInst: DASM(00004033)
Cyc=         48 (0x800000e8, 0x800000e4, 0x800000d0, 0x800000cc, 0x800000c8) WB[   1c: 0x0000001c]       ExeInst: DASM(00004033)
Cyc=         49 (0x800000ec, 0x800000e8, 0x800000e4, 0x800000d0, 0x800000cc) WB[ Z 00: 0x00000000] S     ExeInst: DASM(30005073)
Cyc=         50 (0x800000ec, 0x800000e8, 0x800000e4, 0x800000e4, 0x800000d0) WB[MZ 00: 0x00000000]       ExeInst: DASM(00004033)
Cyc=         51 (0x800000f0, 0x800000ec, 0x800000e8, 0x800000e4, 0x800000e4) WB[M  00: 0x00001800]       ExeInst: DASM(00000297)
Cyc=         52 (0x800000f4, 0x800000f0, 0x800000ec, 0x800000e8, 0x800000e4) WB[ Z 00: 0x00000000]       ExeInst: DASM(01428293)
Cyc=         53 (0x800000f8, 0x800000f4, 0x800000f0, 0x800000ec, 0x800000e8) WB[MZ 05: 0x800000e8] S     ExeInst: DASM(34129073)
Cyc=         54 (0x800000f8, 0x800000f4, 0x800000f0, 0x800000f0, 0x800000ec) WB[MZ 05: 0x800000fc]       ExeInst: DASM(00004033)
Cyc=         55 (0x800000fc, 0x800000f8, 0x800000f4, 0x800000f0, 0x800000f0) WB[M  00: 0x00000000] S     ExeInst: DASM(f1402573)
Cyc=         56 (0x800000fc, 0x800000f8, 0x800000f4, 0x800000f4, 0x800000f0) WB[ Z 00: 0x00000000]       ExeInst: DASM(00004033)
Cyc=         57 (0x80000100, 0x800000fc, 0x800000f8, 0x800000f4, 0x800000f4) WB[M  0a: 0x00000000]       ExeInst: DASM(30200073)
Cyc=         58 (0x80000104, 0x80000100, 0x800000fc, 0x800000f8, 0x800000f4) WB[   00: 0x00000000]   E   ExeInst: DASM(00004033)
Cyc=         59 (0x800000fc, 0x80000100, 0x800000fc, 0x800000fc, 0x800000f8) WB[   00: 0x00000000]       ExeInst: DASM(00004033)
Cyc=         60 (0x80000100, 0x800000fc, 0x80000100, 0x800000fc, 0x800000fc) WB[   00: 0x00000000]       ExeInst: DASM(00004033)
Cyc=         61 (0x80000104, 0x80000100, 0x800000fc, 0x80000100, 0x800000fc) WB[ Z 00: 0x00000000]       ExeInst: DASM(00000093)
Cyc=         62 (0x80000108, 0x80000104, 0x80000100, 0x800000fc, 0x80000100) WB[MZ 00: 0x00000000]       ExeInst: DASM(4000df13)
Cyc=         63 (0x8000010c, 0x80000108, 0x80000104, 0x80000100, 0x800000fc) WB[MZ 01: 0x00000000]       ExeInst: DASM(00000e93)
Cyc=         64 (0x80000110, 0x8000010c, 0x80000108, 0x80000104, 0x80000100) WB[MZ 1e: 0x00000000]       ExeInst: DASM(00200193)
Cyc=         65 (0x80000114, 0x80000110, 0x8000010c, 0x80000108, 0x80000104) WB[MZ 1d: 0x00000000]       ExeInst: DASM(2bdf1463)
Cyc=         66 (0x80000118, 0x80000114, 0x80000110, 0x8000010c, 0x80000108) WB[M  03: 0x00000002]       ExeInst: DASM(800000b7)
Cyc=         67 (0x8000011c, 0x80000118, 0x80000114, 0x80000110, 0x8000010c) WB[ Z 08: 0x000002a8]       ExeInst: DASM(4010df13)
Cyc=         68 (0x80000120, 0x8000011c, 0x80000118, 0x80000114, 0x80000110) WB[MZ 01: 0x80000000]       ExeInst: DASM(c0000eb7)
Cyc=         69 (0x80000124, 0x80000120, 0x8000011c, 0x80000118, 0x80000114) WB[MZ 1e: 0xc0000000]       ExeInst: DASM(00300193)
Cyc=         70 (0x80000128, 0x80000124, 0x80000120, 0x8000011c, 0x80000118) WB[MZ 1d: 0xc0000000]       ExeInst: DASM(29df1a63)
Cyc=         71 (0x8000012c, 0x80000128, 0x80000124, 0x80000120, 0x8000011c) WB[M  03: 0x00000003]       ExeInst: DASM(800000b7)
Cyc=         72 (0x80000130, 0x8000012c, 0x80000128, 0x80000124, 0x80000120) WB[ Z 14: 0xc0000294]       ExeInst: DASM(4070df13)
Cyc=         73 (0x80000134, 0x80000130, 0x8000012c, 0x80000128, 0x80000124) WB[MZ 01: 0x80000000]       ExeInst: DASM(ff000eb7)
Cyc=         74 (0x80000138, 0x80000134, 0x80000130, 0x8000012c, 0x80000128) WB[MZ 1e: 0xff000000]       ExeInst: DASM(00400193)
Cyc=         75 (0x8000013c, 0x80000138, 0x80000134, 0x80000130, 0x8000012c) WB[MZ 1d: 0xff000000]       ExeInst: DASM(29df1063)
Cyc=         76 (0x80000140, 0x8000013c, 0x80000138, 0x80000134, 0x80000130) WB[M  03: 0x00000004]       ExeInst: DASM(800000b7)
Cyc=         77 (0x80000144, 0x80000140, 0x8000013c, 0x80000138, 0x80000134) WB[ Z 00: 0xff000280]       ExeInst: DASM(40e0df13)
Cyc=         78 (0x80000148, 0x80000144, 0x80000140, 0x8000013c, 0x80000138) WB[MZ 01: 0x80000000]       ExeInst: DASM(fffe0eb7)
Cyc=         79 (0x8000014c, 0x80000148, 0x80000144, 0x80000140, 0x8000013c) WB[MZ 1e: 0xfffe0000]       ExeInst: DASM(00500193)
Cyc=         80 (0x80000150, 0x8000014c, 0x80000148, 0x80000144, 0x80000140) WB[MZ 1d: 0xfffe0000]       ExeInst: DASM(27df1663)
Cyc=         81 (0x80000154, 0x80000150, 0x8000014c, 0x80000148, 0x80000144) WB[M  03: 0x00000005]       ExeInst: DASM(800000b7)
Cyc=         82 (0x80000158, 0x80000154, 0x80000150, 0x8000014c, 0x80000148) WB[ Z 0c: 0xfffe026c]       ExeInst: DASM(00108093)
Cyc=         83 (0x8000015c, 0x80000158, 0x80000154, 0x80000150, 0x8000014c) WB[MZ 01: 0x80000000]       ExeInst: DASM(41f0df13)
Cyc=         84 (0x80000160, 0x8000015c, 0x80000158, 0x80000154, 0x80000150) WB[MZ 01: 0x80000001]       ExeInst: DASM(fff00e93)
Cyc=         85 (0x80000164, 0x80000160, 0x8000015c, 0x80000158, 0x80000154) WB[MZ 1e: 0xffffffff]       ExeInst: DASM(00600193)
Cyc=         86 (0x80000168, 0x80000164, 0x80000160, 0x8000015c, 0x80000158) WB[MZ 1d: 0xffffffff]       ExeInst: DASM(25df1a63)
Cyc=         87 (0x8000016c, 0x80000168, 0x80000164, 0x80000160, 0x8000015c) WB[M  03: 0x00000006]       ExeInst: DASM(800000b7)
Cyc=         88 (0x80000170, 0x8000016c, 0x80000168, 0x80000164, 0x80000160) WB[ Z 14: 0x00000253]       ExeInst: DASM(fff08093)
Cyc=         89 (0x80000174, 0x80000170, 0x8000016c, 0x80000168, 0x80000164) WB[MZ 01: 0x80000000]       ExeInst: DASM(4000df13)
Cyc=         90 (0x80000178, 0x80000174, 0x80000170, 0x8000016c, 0x80000168) WB[MZ 01: 0x7fffffff]       ExeInst: DASM(80000eb7)
Cyc=         91 (0x8000017c, 0x80000178, 0x80000174, 0x80000170, 0x8000016c) WB[MZ 1e: 0x7fffffff]       ExeInst: DASM(fffe8e93)
Cyc=         92 (0x80000180, 0x8000017c, 0x80000178, 0x80000174, 0x80000170) WB[MZ 1d: 0x80000000]       ExeInst: DASM(00700193)
Cyc=         93 (0x80000184, 0x80000180, 0x8000017c, 0x80000178, 0x80000174) WB[MZ 1d: 0x7fffffff]       ExeInst: DASM(23df1c63)
Cyc=         94 (0x80000188, 0x80000184, 0x80000180, 0x8000017c, 0x80000178) WB[M  03: 0x00000007]       ExeInst: DASM(800000b7)
Cyc=         95 (0x8000018c, 0x80000188, 0x80000184, 0x80000180, 0x8000017c) WB[ Z 18: 0x80000237]       ExeInst: DASM(fff08093)
Cyc=         96 (0x80000190, 0x8000018c, 0x80000188, 0x80000184, 0x80000180) WB[MZ 01: 0x80000000]       ExeInst: DASM(4010df13)
Cyc=         97 (0x80000194, 0x80000190, 0x8000018c, 0x80000188, 0x80000184) WB[MZ 01: 0x7fffffff]       ExeInst: DASM(40000eb7)
Cyc=         98 (0x80000198, 0x80000194, 0x80000190, 0x8000018c, 0x80000188) WB[MZ 1e: 0x3fffffff]       ExeInst: DASM(fffe8e93)
Cyc=         99 (0x8000019c, 0x80000198, 0x80000194, 0x80000190, 0x8000018c) WB[MZ 1d: 0x40000000]       ExeInst: DASM(00800193)
Cyc=        100 (0x800001a0, 0x8000019c, 0x80000198, 0x80000194, 0x80000190) WB[MZ 1d: 0x3fffffff]       ExeInst: DASM(21df1e63)
Cyc=        101 (0x800001a4, 0x800001a0, 0x8000019c, 0x80000198, 0x80000194) WB[M  03: 0x00000008]       ExeInst: DASM(800000b7)
Cyc=        102 (0x800001a8, 0x800001a4, 0x800001a0, 0x8000019c, 0x80000198) WB[ Z 1c: 0x4000021b]       ExeInst: DASM(fff08093)
Cyc=        103 (0x800001ac, 0x800001a8, 0x800001a4, 0x800001a0, 0x8000019c) WB[MZ 01: 0x80000000]       ExeInst: DASM(4070df13)
Cyc=        104 (0x800001b0, 0x800001ac, 0x800001a8, 0x800001a4, 0x800001a0) WB[MZ 01: 0x7fffffff]       ExeInst: DASM(01000eb7)
Cyc=        105 (0x800001b4, 0x800001b0, 0x800001ac, 0x800001a8, 0x800001a4) WB[MZ 1e: 0x00ffffff]       ExeInst: DASM(fffe8e93)
Cyc=        106 (0x800001b8, 0x800001b4, 0x800001b0, 0x800001ac, 0x800001a8) WB[MZ 1d: 0x01000000]       ExeInst: DASM(00900193)
Cyc=        107 (0x800001bc, 0x800001b8, 0x800001b4, 0x800001b0, 0x800001ac) WB[MZ 1d: 0x00ffffff]       ExeInst: DASM(21df1063)
Cyc=        108 (0x800001c0, 0x800001bc, 0x800001b8, 0x800001b4, 0x800001b0) WB[M  03: 0x00000009]       ExeInst: DASM(800000b7)
Cyc=        109 (0x800001c4, 0x800001c0, 0x800001bc, 0x800001b8, 0x800001b4) WB[ Z 00: 0x010001ff]       ExeInst: DASM(fff08093)
Cyc=        110 (0x800001c8, 0x800001c4, 0x800001c0, 0x800001bc, 0x800001b8) WB[MZ 01: 0x80000000]       ExeInst: DASM(40e0df13)
Cyc=        111 (0x800001cc, 0x800001c8, 0x800001c4, 0x800001c0, 0x800001bc) WB[MZ 01: 0x7fffffff]       ExeInst: DASM(00020eb7)
Cyc=        112 (0x800001d0, 0x800001cc, 0x800001c8, 0x800001c4, 0x800001c0) WB[MZ 1e: 0x0001ffff]       ExeInst: DASM(fffe8e93)
Cyc=        113 (0x800001d4, 0x800001d0, 0x800001cc, 0x800001c8, 0x800001c4) WB[MZ 1d: 0x00020000]       ExeInst: DASM(00a00193)
Cyc=        114 (0x800001d8, 0x800001d4, 0x800001d0, 0x800001cc, 0x800001c8) WB[MZ 1d: 0x0001ffff]       ExeInst: DASM(1fdf1263)
Cyc=        115 (0x800001dc, 0x800001d8, 0x800001d4, 0x800001d0, 0x800001cc) WB[M  03: 0x0000000a]       ExeInst: DASM(800000b7)
Cyc=        116 (0x800001e0, 0x800001dc, 0x800001d8, 0x800001d4, 0x800001d0) WB[ Z 04: 0x000201e3]       ExeInst: DASM(fff08093)
Cyc=        117 (0x800001e4, 0x800001e0, 0x800001dc, 0x800001d8, 0x800001d4) WB[MZ 01: 0x80000000]       ExeInst: DASM(41f0df13)
Cyc=        118 (0x800001e8, 0x800001e4, 0x800001e0, 0x800001dc, 0x800001d8) WB[MZ 01: 0x7fffffff]       ExeInst: DASM(00000e93)
Cyc=        119 (0x800001ec, 0x800001e8, 0x800001e4, 0x800001e0, 0x800001dc) WB[MZ 1e: 0x00000000]       ExeInst: DASM(00b00193)
Cyc=        120 (0x800001f0, 0x800001ec, 0x800001e8, 0x800001e4, 0x800001e0) WB[MZ 1d: 0x00000000]       ExeInst: DASM(1ddf1663)
Cyc=        121 (0x800001f4, 0x800001f0, 0x800001ec, 0x800001e8, 0x800001e4) WB[M  03: 0x0000000b]       ExeInst: DASM(818180b7)
Cyc=        122 (0x800001f8, 0x800001f4, 0x800001f0, 0x800001ec, 0x800001e8) WB[ Z 0c: 0x000001cc]       ExeInst: DASM(18108093)
Cyc=        123 (0x800001fc, 0x800001f8, 0x800001f4, 0x800001f0, 0x800001ec) WB[MZ 01: 0x81818000]       ExeInst: DASM(4000df13)
Cyc=        124 (0x80000200, 0x800001fc, 0x800001f8, 0x800001f4, 0x800001f0) WB[MZ 01: 0x81818181]       ExeInst: DASM(81818eb7)
Cyc=        125 (0x80000204, 0x80000200, 0x800001fc, 0x800001f8, 0x800001f4) WB[MZ 1e: 0x81818181]       ExeInst: DASM(181e8e93)
Cyc=        126 (0x80000208, 0x80000204, 0x80000200, 0x800001fc, 0x800001f8) WB[MZ 1d: 0x81818000]       ExeInst: DASM(00c00193)
Cyc=        127 (0x8000020c, 0x80000208, 0x80000204, 0x80000200, 0x800001fc) WB[MZ 1d: 0x81818181]       ExeInst: DASM(1bdf1863)
Cyc=        128 (0x80000210, 0x8000020c, 0x80000208, 0x80000204, 0x80000200) WB[M  03: 0x0000000c]       ExeInst: DASM(818180b7)
Cyc=        129 (0x80000214, 0x80000210, 0x8000020c, 0x80000208, 0x80000204) WB[ Z 10: 0x81818331]       ExeInst: DASM(18108093)
Cyc=        130 (0x80000218, 0x80000214, 0x80000210, 0x8000020c, 0x80000208) WB[MZ 01: 0x81818000]       ExeInst: DASM(4010df13)
Cyc=        131 (0x8000021c, 0x80000218, 0x80000214, 0x80000210, 0x8000020c) WB[MZ 01: 0x81818181]       ExeInst: DASM(c0c0ceb7)
Cyc=        132 (0x80000220, 0x8000021c, 0x80000218, 0x80000214, 0x80000210) WB[MZ 1e: 0xc0c0c0c0]       ExeInst: DASM(0c0e8e93)
Cyc=        133 (0x80000224, 0x80000220, 0x8000021c, 0x80000218, 0x80000214) WB[MZ 1d: 0xc0c0c000]       ExeInst: DASM(00d00193)
Cyc=        134 (0x80000228, 0x80000224, 0x80000220, 0x8000021c, 0x80000218) WB[MZ 1d: 0xc0c0c0c0]       ExeInst: DASM(19df1a63)
Cyc=        135 (0x8000022c, 0x80000228, 0x80000224, 0x80000220, 0x8000021c) WB[M  03: 0x0000000d]       ExeInst: DASM(818180b7)
Cyc=        136 (0x80000230, 0x8000022c, 0x80000228, 0x80000224, 0x80000220) WB[ Z 14: 0xc0c0c254]       ExeInst: DASM(18108093)
Cyc=        137 (0x80000234, 0x80000230, 0x8000022c, 0x80000228, 0x80000224) WB[MZ 01: 0x81818000]       ExeInst: DASM(4070df13)
Cyc=        138 (0x80000238, 0x80000234, 0x80000230, 0x8000022c, 0x80000228) WB[MZ 01: 0x81818181]       ExeInst: DASM(ff030eb7)
Cyc=        139 (0x8000023c, 0x80000238, 0x80000234, 0x80000230, 0x8000022c) WB[MZ 1e: 0xff030303]       ExeInst: DASM(303e8e93)
Cyc=        140 (0x80000240, 0x8000023c, 0x80000238, 0x80000234, 0x80000230) WB[MZ 1d: 0xff030000]       ExeInst: DASM(00e00193)
Cyc=        141 (0x80000244, 0x80000240, 0x8000023c, 0x80000238, 0x80000234) WB[MZ 1d: 0xff030303]       ExeInst: DASM(17df1c63)
Cyc=        142 (0x80000248, 0x80000244, 0x80000240, 0x8000023c, 0x80000238) WB[M  03: 0x0000000e]       ExeInst: DASM(818180b7)
Cyc=        143 (0x8000024c, 0x80000248, 0x80000244, 0x80000240, 0x8000023c) WB[ Z 18: 0xff03047b]       ExeInst: DASM(18108093)
Cyc=        144 (0x80000250, 0x8000024c, 0x80000248, 0x80000244, 0x80000240) WB[MZ 01: 0x81818000]       ExeInst: DASM(40e0df13)
Cyc=        145 (0x80000254, 0x80000250, 0x8000024c, 0x80000248, 0x80000244) WB[MZ 01: 0x81818181]       ExeInst: DASM(fffe0eb7)
Cyc=        146 (0x80000258, 0x80000254, 0x80000250, 0x8000024c, 0x80000248) WB[MZ 1e: 0xfffe0606]       ExeInst: DASM(606e8e93)
Cyc=        147 (0x8000025c, 0x80000258, 0x80000254, 0x80000250, 0x8000024c) WB[MZ 1d: 0xfffe0000]       ExeInst: DASM(00f00193)
Cyc=        148 (0x80000260, 0x8000025c, 0x80000258, 0x80000254, 0x80000250) WB[MZ 1d: 0xfffe0606]       ExeInst: DASM(15df1e63)
Cyc=        149 (0x80000264, 0x80000260, 0x8000025c, 0x80000258, 0x80000254) WB[M  03: 0x0000000f]       ExeInst: DASM(818180b7)
Cyc=        150 (0x80000268, 0x80000264, 0x80000260, 0x8000025c, 0x80000258) WB[ Z 1c: 0xfffe0762]       ExeInst: DASM(18108093)
Cyc=        151 (0x8000026c, 0x80000268, 0x80000264, 0x80000260, 0x8000025c) WB[MZ 01: 0x81818000]       ExeInst: DASM(41f0df13)
Cyc=        152 (0x80000270, 0x8000026c, 0x80000268, 0x80000264, 0x80000260) WB[MZ 01: 0x81818181]       ExeInst: DASM(fff00e93)
Cyc=        153 (0x80000274, 0x80000270, 0x8000026c, 0x80000268, 0x80000264) WB[MZ 1e: 0xffffffff]       ExeInst: DASM(01000193)
Cyc=        154 (0x80000278, 0x80000274, 0x80000270, 0x8000026c, 0x80000268) WB[MZ 1d: 0xffffffff]       ExeInst: DASM(15df1263)
Cyc=        155 (0x8000027c, 0x80000278, 0x80000274, 0x80000270, 0x8000026c) WB[M  03: 0x00000010]       ExeInst: DASM(800000b7)
Cyc=        156 (0x80000280, 0x8000027c, 0x80000278, 0x80000274, 0x80000270) WB[ Z 04: 0x00000143]       ExeInst: DASM(4070d093)
Cyc=        157 (0x80000284, 0x80000280, 0x8000027c, 0x80000278, 0x80000274) WB[MZ 01: 0x80000000]       ExeInst: DASM(ff000eb7)
Cyc=        158 (0x80000288, 0x80000284, 0x80000280, 0x8000027c, 0x80000278) WB[MZ 01: 0xff000000]       ExeInst: DASM(01100193)
Cyc=        159 (0x8000028c, 0x80000288, 0x80000284, 0x80000280, 0x8000027c) WB[MZ 1d: 0xff000000]       ExeInst: DASM(13d09863)
Cyc=        160 (0x80000290, 0x8000028c, 0x80000288, 0x80000284, 0x80000280) WB[M  03: 0x00000011]       ExeInst: DASM(00000213)
Cyc=        161 (0x80000294, 0x80000290, 0x8000028c, 0x80000288, 0x80000284) WB[ Z 10: 0xff000130]       ExeInst: DASM(800000b7)
Cyc=        162 (0x80000298, 0x80000294, 0x80000290, 0x8000028c, 0x80000288) WB[MZ 04: 0x00000000]       ExeInst: DASM(4070df13)
Cyc=        163 (0x8000029c, 0x80000298, 0x80000294, 0x80000290, 0x8000028c) WB[MZ 01: 0x80000000]       ExeInst: DASM(000f0313)
Cyc=        164 (0x800002a0, 0x8000029c, 0x80000298, 0x80000294, 0x80000290) WB[MZ 1e: 0xff000000]       ExeInst: DASM(00120213)
Cyc=        165 (0x800002a4, 0x800002a0, 0x8000029c, 0x80000298, 0x80000294) WB[MZ 06: 0xff000000]       ExeInst: DASM(00200293)
Cyc=        166 (0x800002a8, 0x800002a4, 0x800002a0, 0x8000029c, 0x80000298) WB[MZ 04: 0x00000001]   B   ExeInst: DASM(fe5216e3)
Cyc=        167 (0x8000028c, 0x800002a8, 0x800002a4, 0x800002a0, 0x8000029c) WB[M  05: 0x00000002]       ExeInst: DASM(00004033)
Cyc=        168 (0x80000290, 0x8000028c, 0x800002a8, 0x800002a4, 0x800002a0) WB[   0d: 0xffffffed]       ExeInst: DASM(00004033)
Cyc=        169 (0x80000294, 0x80000290, 0x8000028c, 0x800002a8, 0x800002a4) WB[ Z 00: 0xff000000]       ExeInst: DASM(800000b7)
Cyc=        170 (0x80000298, 0x80000294, 0x80000290, 0x8000028c, 0x800002a8) WB[MZ 00: 0x00000000]       ExeInst: DASM(4070df13)
Cyc=        171 (0x8000029c, 0x80000298, 0x80000294, 0x80000290, 0x8000028c) WB[MZ 01: 0x80000000]       ExeInst: DASM(000f0313)
Cyc=        172 (0x800002a0, 0x8000029c, 0x80000298, 0x80000294, 0x80000290) WB[MZ 1e: 0xff000000]       ExeInst: DASM(00120213)
Cyc=        173 (0x800002a4, 0x800002a0, 0x8000029c, 0x80000298, 0x80000294) WB[MZ 06: 0xff000000]       ExeInst: DASM(00200293)
Cyc=        174 (0x800002a8, 0x800002a4, 0x800002a0, 0x8000029c, 0x80000298) WB[MZ 04: 0x00000002]       ExeInst: DASM(fe5216e3)
Cyc=        175 (0x800002ac, 0x800002a8, 0x800002a4, 0x800002a0, 0x8000029c) WB[M  05: 0x00000002]       ExeInst: DASM(ff000eb7)
Cyc=        176 (0x800002b0, 0x800002ac, 0x800002a8, 0x800002a4, 0x800002a0) WB[ Z 0d: 0xffffffee]       ExeInst: DASM(01200193)
Cyc=        177 (0x800002b4, 0x800002b0, 0x800002ac, 0x800002a8, 0x800002a4) WB[MZ 1d: 0xff000000]       ExeInst: DASM(11d31463)
Cyc=        178 (0x800002b8, 0x800002b4, 0x800002b0, 0x800002ac, 0x800002a8) WB[M  03: 0x00000012]       ExeInst: DASM(00000213)
Cyc=        179 (0x800002bc, 0x800002b8, 0x800002b4, 0x800002b0, 0x800002ac) WB[ Z 08: 0xff000108]       ExeInst: DASM(800000b7)
Cyc=        180 (0x800002c0, 0x800002bc, 0x800002b8, 0x800002b4, 0x800002b0) WB[MZ 04: 0x00000000]       ExeInst: DASM(40e0df13)
Cyc=        181 (0x800002c4, 0x800002c0, 0x800002bc, 0x800002b8, 0x800002b4) WB[MZ 01: 0x80000000]       ExeInst: DASM(00000013)
Cyc=        182 (0x800002c8, 0x800002c4, 0x800002c0, 0x800002bc, 0x800002b8) WB[MZ 1e: 0xfffe0000]       ExeInst: DASM(000f0313)
Cyc=        183 (0x800002cc, 0x800002c8, 0x800002c4, 0x800002c0, 0x800002bc) WB[MZ 00: 0x00000000]       ExeInst: DASM(00120213)
Cyc=        184 (0x800002d0, 0x800002cc, 0x800002c8, 0x800002c4, 0x800002c0) WB[MZ 06: 0xfffe0000]       ExeInst: DASM(00200293)
Cyc=        185 (0x800002d4, 0x800002d0, 0x800002cc, 0x800002c8, 0x800002c4) WB[MZ 04: 0x00000001]   B   ExeInst: DASM(fe5214e3)
Cyc=        186 (0x800002b4, 0x800002d4, 0x800002d0, 0x800002cc, 0x800002c8) WB[M  05: 0x00000002]       ExeInst: DASM(00004033)
Cyc=        187 (0x800002b8, 0x800002b4, 0x800002d4, 0x800002d0, 0x800002cc) WB[   09: 0xffffffe9]       ExeInst: DASM(00004033)
Cyc=        188 (0x800002bc, 0x800002b8, 0x800002b4, 0x800002d4, 0x800002d0) WB[ Z 00: 0xfffe0000]       ExeInst: DASM(800000b7)
Cyc=        189 (0x800002c0, 0x800002bc, 0x800002b8, 0x800002b4, 0x800002d4) WB[MZ 00: 0x00000000]       ExeInst: DASM(40e0df13)
Cyc=        190 (0x800002c4, 0x800002c0, 0x800002bc, 0x800002b8, 0x800002b4) WB[MZ 01: 0x80000000]       ExeInst: DASM(00000013)
Cyc=        191 (0x800002c8, 0x800002c4, 0x800002c0, 0x800002bc, 0x800002b8) WB[MZ 1e: 0xfffe0000]       ExeInst: DASM(000f0313)
Cyc=        192 (0x800002cc, 0x800002c8, 0x800002c4, 0x800002c0, 0x800002bc) WB[MZ 00: 0x00000000]       ExeInst: DASM(00120213)
Cyc=        193 (0x800002d0, 0x800002cc, 0x800002c8, 0x800002c4, 0x800002c0) WB[MZ 06: 0xfffe0000]       ExeInst: DASM(00200293)
Cyc=        194 (0x800002d4, 0x800002d0, 0x800002cc, 0x800002c8, 0x800002c4) WB[MZ 04: 0x00000002]       ExeInst: DASM(fe5214e3)
Cyc=        195 (0x800002d8, 0x800002d4, 0x800002d0, 0x800002cc, 0x800002c8) WB[M  05: 0x00000002]       ExeInst: DASM(fffe0eb7)
Cyc=        196 (0x800002dc, 0x800002d8, 0x800002d4, 0x800002d0, 0x800002cc) WB[ Z 09: 0xffffffea]       ExeInst: DASM(01300193)
Cyc=        197 (0x800002e0, 0x800002dc, 0x800002d8, 0x800002d4, 0x800002d0) WB[MZ 1d: 0xfffe0000]       ExeInst: DASM(0dd31e63)
Cyc=        198 (0x800002e4, 0x800002e0, 0x800002dc, 0x800002d8, 0x800002d4) WB[M  03: 0x00000013]       ExeInst: DASM(00000213)
Cyc=        199 (0x800002e8, 0x800002e4, 0x800002e0, 0x800002dc, 0x800002d8) WB[ Z 1c: 0xfffe00dc]       ExeInst: DASM(800000b7)
Cyc=        200 (0x800002ec, 0x800002e8, 0x800002e4, 0x800002e0, 0x800002dc) WB[MZ 04: 0x00000000]       ExeInst: DASM(00108093)
Cyc=        201 (0x800002f0, 0x800002ec, 0x800002e8, 0x800002e4, 0x800002e0) WB[MZ 01: 0x80000000]       ExeInst: DASM(41f0df13)
Cyc=        202 (0x800002f4, 0x800002f0, 0x800002ec, 0x800002e8, 0x800002e4) WB[MZ 01: 0x80000001]       ExeInst: DASM(00000013)
Cyc=        203 (0x800002f8, 0x800002f4, 0x800002f0, 0x800002ec, 0x800002e8) WB[MZ 1e: 0xffffffff]       ExeInst: DASM(00000013)
Cyc=        204 (0x800002fc, 0x800002f8, 0x800002f4, 0x800002f0, 0x800002ec) WB[MZ 00: 0x00000000]       ExeInst: DASM(000f0313)
Cyc=        205 (0x80000300, 0x800002fc, 0x800002f8, 0x800002f4, 0x800002f0) WB[MZ 00: 0x00000000]       ExeInst: DASM(00120213)
Cyc=        206 (0x80000304, 0x80000300, 0x800002fc, 0x800002f8, 0x800002f4) WB[MZ 06: 0xffffffff]       ExeInst: DASM(00200293)
Cyc=        207 (0x80000308, 0x80000304, 0x80000300, 0x800002fc, 0x800002f8) WB[MZ 04: 0x00000001]   B   ExeInst: DASM(fe5210e3)
Cyc=        208 (0x800002e0, 0x80000308, 0x80000304, 0x80000300, 0x800002fc) WB[M  05: 0x00000002]       ExeInst: DASM(00004033)
Cyc=        209 (0x800002e4, 0x800002e0, 0x80000308, 0x80000304, 0x80000300) WB[   01: 0xffffffe1]       ExeInst: DASM(00004033)
Cyc=        210 (0x800002e8, 0x800002e4, 0x800002e0, 0x80000308, 0x80000304) WB[ Z 00: 0xffffffff]       ExeInst: DASM(800000b7)
Cyc=        211 (0x800002ec, 0x800002e8, 0x800002e4, 0x800002e0, 0x80000308) WB[MZ 00: 0x00000000]       ExeInst: DASM(00108093)
Cyc=        212 (0x800002f0, 0x800002ec, 0x800002e8, 0x800002e4, 0x800002e0) WB[MZ 01: 0x80000000]       ExeInst: DASM(41f0df13)
Cyc=        213 (0x800002f4, 0x800002f0, 0x800002ec, 0x800002e8, 0x800002e4) WB[MZ 01: 0x80000001]       ExeInst: DASM(00000013)
Cyc=        214 (0x800002f8, 0x800002f4, 0x800002f0, 0x800002ec, 0x800002e8) WB[MZ 1e: 0xffffffff]       ExeInst: DASM(00000013)
Cyc=        215 (0x800002fc, 0x800002f8, 0x800002f4, 0x800002f0, 0x800002ec) WB[MZ 00: 0x00000000]       ExeInst: DASM(000f0313)
Cyc=        216 (0x80000300, 0x800002fc, 0x800002f8, 0x800002f4, 0x800002f0) WB[MZ 00: 0x00000000]       ExeInst: DASM(00120213)
Cyc=        217 (0x80000304, 0x80000300, 0x800002fc, 0x800002f8, 0x800002f4) WB[MZ 06: 0xffffffff]       ExeInst: DASM(00200293)
Cyc=        218 (0x80000308, 0x80000304, 0x80000300, 0x800002fc, 0x800002f8) WB[MZ 04: 0x00000002]       ExeInst: DASM(fe5210e3)
Cyc=        219 (0x8000030c, 0x80000308, 0x80000304, 0x80000300, 0x800002fc) WB[M  05: 0x00000002]       ExeInst: DASM(fff00e93)
Cyc=        220 (0x80000310, 0x8000030c, 0x80000308, 0x80000304, 0x80000300) WB[ Z 01: 0xffffffe2]       ExeInst: DASM(01400193)
Cyc=        221 (0x80000314, 0x80000310, 0x8000030c, 0x80000308, 0x80000304) WB[MZ 1d: 0xffffffff]       ExeInst: DASM(0bd31463)
Cyc=        222 (0x80000318, 0x80000314, 0x80000310, 0x8000030c, 0x80000308) WB[M  03: 0x00000014]       ExeInst: DASM(00000213)
Cyc=        223 (0x8000031c, 0x80000318, 0x80000314, 0x80000310, 0x8000030c) WB[ Z 08: 0x000000a7]       ExeInst: DASM(800000b7)
Cyc=        224 (0x80000320, 0x8000031c, 0x80000318, 0x80000314, 0x80000310) WB[MZ 04: 0x00000000]       ExeInst: DASM(4070df13)
Cyc=        225 (0x80000324, 0x80000320, 0x8000031c, 0x80000318, 0x80000314) WB[MZ 01: 0x80000000]       ExeInst: DASM(00120213)
Cyc=        226 (0x80000328, 0x80000324, 0x80000320, 0x8000031c, 0x80000318) WB[MZ 1e: 0xff000000]       ExeInst: DASM(00200293)
Cyc=        227 (0x8000032c, 0x80000328, 0x80000324, 0x80000320, 0x8000031c) WB[MZ 04: 0x00000001]   B   ExeInst: DASM(fe5218e3)
Cyc=        228 (0x80000314, 0x8000032c, 0x80000328, 0x80000324, 0x80000320) WB[M  05: 0x00000002]       ExeInst: DASM(00004033)
Cyc=        229 (0x80000318, 0x80000314, 0x8000032c, 0x80000328, 0x80000324) WB[   11: 0xfffffff1]       ExeInst: DASM(00004033)
Cyc=        230 (0x8000031c, 0x80000318, 0x80000314, 0x8000032c, 0x80000328) WB[ Z 00: 0xff000000]       ExeInst: DASM(800000b7)
Cyc=        231 (0x80000320, 0x8000031c, 0x80000318, 0x80000314, 0x8000032c) WB[MZ 00: 0x00000000]       ExeInst: DASM(4070df13)
Cyc=        232 (0x80000324, 0x80000320, 0x8000031c, 0x80000318, 0x80000314) WB[MZ 01: 0x80000000]       ExeInst: DASM(00120213)
Cyc=        233 (0x80000328, 0x80000324, 0x80000320, 0x8000031c, 0x80000318) WB[MZ 1e: 0xff000000]       ExeInst: DASM(00200293)
Cyc=        234 (0x8000032c, 0x80000328, 0x80000324, 0x80000320, 0x8000031c) WB[MZ 04: 0x00000002]       ExeInst: DASM(fe5218e3)
Cyc=        235 (0x80000330, 0x8000032c, 0x80000328, 0x80000324, 0x80000320) WB[M  05: 0x00000002]       ExeInst: DASM(ff000eb7)
Cyc=        236 (0x80000334, 0x80000330, 0x8000032c, 0x80000328, 0x80000324) WB[ Z 11: 0xfffffff2]       ExeInst: DASM(01500193)
Cyc=        237 (0x80000338, 0x80000334, 0x80000330, 0x8000032c, 0x80000328) WB[MZ 1d: 0xff000000]       ExeInst: DASM(09df1263)
Cyc=        238 (0x8000033c, 0x80000338, 0x80000334, 0x80000330, 0x8000032c) WB[M  03: 0x00000015]       ExeInst: DASM(00000213)
Cyc=        239 (0x80000340, 0x8000033c, 0x80000338, 0x80000334, 0x80000330) WB[ Z 04: 0xff000084]       ExeInst: DASM(800000b7)
Cyc=        240 (0x80000344, 0x80000340, 0x8000033c, 0x80000338, 0x80000334) WB[MZ 04: 0x00000000]       ExeInst: DASM(00000013)
Cyc=        241 (0x80000348, 0x80000344, 0x80000340, 0x8000033c, 0x80000338) WB[MZ 01: 0x80000000]       ExeInst: DASM(40e0df13)
Cyc=        242 (0x8000034c, 0x80000348, 0x80000344, 0x80000340, 0x8000033c) WB[MZ 00: 0x00000000]       ExeInst: DASM(00120213)
Cyc=        243 (0x80000350, 0x8000034c, 0x80000348, 0x80000344, 0x80000340) WB[MZ 1e: 0xfffe0000]       ExeInst: DASM(00200293)
Cyc=        244 (0x80000354, 0x80000350, 0x8000034c, 0x80000348, 0x80000344) WB[MZ 04: 0x00000001]   B   ExeInst: DASM(fe5216e3)
Cyc=        245 (0x80000338, 0x80000354, 0x80000350, 0x8000034c, 0x80000348) WB[M  05: 0x00000002]       ExeInst: DASM(00004033)
Cyc=        246 (0x8000033c, 0x80000338, 0x80000354, 0x80000350, 0x8000034c) WB[   0d: 0xffffffed]       ExeInst: DASM(00004033)
Cyc=        247 (0x80000340, 0x8000033c, 0x80000338, 0x80000354, 0x80000350) WB[ Z 00: 0xfffe0000]       ExeInst: DASM(800000b7)
Cyc=        248 (0x80000344, 0x80000340, 0x8000033c, 0x80000338, 0x80000354) WB[MZ 00: 0x00000000]       ExeInst: DASM(00000013)
Cyc=        249 (0x80000348, 0x80000344, 0x80000340, 0x8000033c, 0x80000338) WB[MZ 01: 0x80000000]       ExeInst: DASM(40e0df13)
Cyc=        250 (0x8000034c, 0x80000348, 0x80000344, 0x80000340, 0x8000033c) WB[MZ 00: 0x00000000]       ExeInst: DASM(00120213)
Cyc=        251 (0x80000350, 0x8000034c, 0x80000348, 0x80000344, 0x80000340) WB[MZ 1e: 0xfffe0000]       ExeInst: DASM(00200293)
Cyc=        252 (0x80000354, 0x80000350, 0x8000034c, 0x80000348, 0x80000344) WB[MZ 04: 0x00000002]       ExeInst: DASM(fe5216e3)
Cyc=        253 (0x80000358, 0x80000354, 0x80000350, 0x8000034c, 0x80000348) WB[M  05: 0x00000002]       ExeInst: DASM(fffe0eb7)
Cyc=        254 (0x8000035c, 0x80000358, 0x80000354, 0x80000350, 0x8000034c) WB[ Z 0d: 0xffffffee]       ExeInst: DASM(01600193)
Cyc=        255 (0x80000360, 0x8000035c, 0x80000358, 0x80000354, 0x80000350) WB[MZ 1d: 0xfffe0000]       ExeInst: DASM(05df1e63)
Cyc=        256 (0x80000364, 0x80000360, 0x8000035c, 0x80000358, 0x80000354) WB[M  03: 0x00000016]       ExeInst: DASM(00000213)
Cyc=        257 (0x80000368, 0x80000364, 0x80000360, 0x8000035c, 0x80000358) WB[ Z 1c: 0xfffe005c]       ExeInst: DASM(800000b7)
Cyc=        258 (0x8000036c, 0x80000368, 0x80000364, 0x80000360, 0x8000035c) WB[MZ 04: 0x00000000]       ExeInst: DASM(00108093)
Cyc=        259 (0x80000370, 0x8000036c, 0x80000368, 0x80000364, 0x80000360) WB[MZ 01: 0x80000000]       ExeInst: DASM(00000013)
Cyc=        260 (0x80000374, 0x80000370, 0x8000036c, 0x80000368, 0x80000364) WB[MZ 01: 0x80000001]       ExeInst: DASM(00000013)
Cyc=        261 (0x80000378, 0x80000374, 0x80000370, 0x8000036c, 0x80000368) WB[MZ 00: 0x00000000]       ExeInst: DASM(41f0df13)
Cyc=        262 (0x8000037c, 0x80000378, 0x80000374, 0x80000370, 0x8000036c) WB[MZ 00: 0x00000000]       ExeInst: DASM(00120213)
Cyc=        263 (0x80000380, 0x8000037c, 0x80000378, 0x80000374, 0x80000370) WB[MZ 1e: 0xffffffff]       ExeInst: DASM(00200293)
Cyc=        264 (0x80000384, 0x80000380, 0x8000037c, 0x80000378, 0x80000374) WB[MZ 04: 0x00000001]   B   ExeInst: DASM(fe5212e3)
Cyc=        265 (0x80000360, 0x80000384, 0x80000380, 0x8000037c, 0x80000378) WB[M  05: 0x00000002]       ExeInst: DASM(00004033)
Cyc=        266 (0x80000364, 0x80000360, 0x80000384, 0x80000380, 0x8000037c) WB[   05: 0xffffffe5]       ExeInst: DASM(00004033)
Cyc=        267 (0x80000368, 0x80000364, 0x80000360, 0x80000384, 0x80000380) WB[ Z 00: 0xffffffff]       ExeInst: DASM(800000b7)
Cyc=        268 (0x8000036c, 0x80000368, 0x80000364, 0x80000360, 0x80000384) WB[MZ 00: 0x00000000]       ExeInst: DASM(00108093)
Cyc=        269 (0x80000370, 0x8000036c, 0x80000368, 0x80000364, 0x80000360) WB[MZ 01: 0x80000000]       ExeInst: DASM(00000013)
Cyc=        270 (0x80000374, 0x80000370, 0x8000036c, 0x80000368, 0x80000364) WB[MZ 01: 0x80000001]       ExeInst: DASM(00000013)
Cyc=        271 (0x80000378, 0x80000374, 0x80000370, 0x8000036c, 0x80000368) WB[MZ 00: 0x00000000]       ExeInst: DASM(41f0df13)
Cyc=        272 (0x8000037c, 0x80000378, 0x80000374, 0x80000370, 0x8000036c) WB[MZ 00: 0x00000000]       ExeInst: DASM(00120213)
Cyc=        273 (0x80000380, 0x8000037c, 0x80000378, 0x80000374, 0x80000370) WB[MZ 1e: 0xffffffff]       ExeInst: DASM(00200293)
Cyc=        274 (0x80000384, 0x80000380, 0x8000037c, 0x80000378, 0x80000374) WB[MZ 04: 0x00000002]       ExeInst: DASM(fe5212e3)
Cyc=        275 (0x80000388, 0x80000384, 0x80000380, 0x8000037c, 0x80000378) WB[M  05: 0x00000002]       ExeInst: DASM(fff00e93)
Cyc=        276 (0x8000038c, 0x80000388, 0x80000384, 0x80000380, 0x8000037c) WB[ Z 05: 0xffffffe6]       ExeInst: DASM(01700193)
Cyc=        277 (0x80000390, 0x8000038c, 0x80000388, 0x80000384, 0x80000380) WB[MZ 1d: 0xffffffff]       ExeInst: DASM(03df1663)
Cyc=        278 (0x80000394, 0x80000390, 0x8000038c, 0x80000388, 0x80000384) WB[M  03: 0x00000017]       ExeInst: DASM(40405093)
Cyc=        279 (0x80000398, 0x80000394, 0x80000390, 0x8000038c, 0x80000388) WB[ Z 0c: 0x0000002b]       ExeInst: DASM(00000e93)
Cyc=        280 (0x8000039c, 0x80000398, 0x80000394, 0x80000390, 0x8000038c) WB[MZ 01: 0x00000000]       ExeInst: DASM(01800193)
Cyc=        281 (0x800003a0, 0x8000039c, 0x80000398, 0x80000394, 0x80000390) WB[MZ 1d: 0x00000000]       ExeInst: DASM(01d09e63)
Cyc=        282 (0x800003a4, 0x800003a0, 0x8000039c, 0x80000398, 0x80000394) WB[M  03: 0x00000018]       ExeInst: DASM(02100093)
Cyc=        283 (0x800003a8, 0x800003a4, 0x800003a0, 0x8000039c, 0x80000398) WB[ Z 1c: 0x0000001c]       ExeInst: DASM(40a0d013)
Cyc=        284 (0x800003ac, 0x800003a8, 0x800003a4, 0x800003a0, 0x8000039c) WB[MZ 01: 0x00000021]       ExeInst: DASM(00000e93)
Cyc=        285 (0x800003b0, 0x800003ac, 0x800003a8, 0x800003a4, 0x800003a0) WB[MZ 00: 0x00000000]       ExeInst: DASM(01900193)
Cyc=        286 (0x800003b4, 0x800003b0, 0x800003ac, 0x800003a8, 0x800003a4) WB[MZ 1d: 0x00000000]       ExeInst: DASM(01d01463)
Cyc=        287 (0x800003b8, 0x800003b4, 0x800003b0, 0x800003ac, 0x800003a8) WB[M  03: 0x00000019]   B   ExeInst: DASM(00301c63)
Cyc=        288 (0x800003c8, 0x800003b8, 0x800003b4, 0x800003b0, 0x800003ac) WB[   08: 0x00000008]       ExeInst: DASM(00004033)
Cyc=        289 (0x800003cc, 0x800003c8, 0x800003b8, 0x800003b4, 0x800003b0) WB[   18: 0x00000018]       ExeInst: DASM(00004033)
Cyc=        290 (0x800003d0, 0x800003cc, 0x800003c8, 0x800003b8, 0x800003b4) WB[ Z 00: 0x00000000]       ExeInst: DASM(0ff0000f)
Cyc=        291 (0x800003d4, 0x800003d0, 0x800003cc, 0x800003c8, 0x800003b8) WB[M  00: 0x00000000]       ExeInst: DASM(00100193)
Cyc=        292 (0x800003d8, 0x800003d4, 0x800003d0, 0x800003cc, 0x800003c8) WB[ Z 00: 0x00000000]       ExeInst: DASM(00000073)
Cyc=        293 (0x800003dc, 0x800003d8, 0x800003d4, 0x800003d0, 0x800003cc) WB[M  03: 0x00000001] S E   ExeInst: DASM(00004033)
Cyc=        294 (0x80000004, 0x800003d8, 0x800003d4, 0x800003d4, 0x800003d0) WB[   00: 0x00000000]       ExeInst: DASM(00004033)
Cyc=        295 (0x80000008, 0x80000004, 0x800003d8, 0x800003d4, 0x800003d4) WB[   00: 0x00000000]       ExeInst: DASM(00004033)
Cyc=        296 (0x8000000c, 0x80000008, 0x80000004, 0x800003d8, 0x800003d4) WB[ Z 00: 0x00000000] S     ExeInst: DASM(34202f73)
Cyc=        297 (0x8000000c, 0x80000008, 0x80000004, 0x80000004, 0x800003d8) WB[MZ 00: 0x00000000]       ExeInst: DASM(00004033)
Cyc=        298 (0x80000010, 0x8000000c, 0x80000008, 0x80000004, 0x80000004) WB[M  1e: 0x0000000b]       ExeInst: DASM(00800f93)
Cyc=        299 (0x80000014, 0x80000010, 0x8000000c, 0x80000008, 0x80000004) WB[ Z 00: 0x00000000]       ExeInst: DASM(03ff0a63)
Cyc=        300 (0x80000018, 0x80000014, 0x80000010, 0x8000000c, 0x80000008) WB[M  1f: 0x00000008]       ExeInst: DASM(00900f93)
Cyc=        301 (0x8000001c, 0x80000018, 0x80000014, 0x80000010, 0x8000000c) WB[ Z 14: 0x0000003f]       ExeInst: DASM(03ff0663)
Cyc=        302 (0x80000020, 0x8000001c, 0x80000018, 0x80000014, 0x80000010) WB[M  1f: 0x00000009]       ExeInst: DASM(00b00f93)
Cyc=        303 (0x80000024, 0x80000020, 0x8000001c, 0x80000018, 0x80000014) WB[ Z 0c: 0x00000037]   B   ExeInst: DASM(03ff0263)
Cyc=        304 (0x80000040, 0x80000024, 0x80000020, 0x8000001c, 0x80000018) WB[M  1f: 0x0000000b]       ExeInst: DASM(00004033)
Cyc=        305 (0x80000044, 0x80000040, 0x80000024, 0x80000020, 0x8000001c) WB[   04: 0x0000002f]       ExeInst: DASM(00004033)
Cyc=        306 (0x80000048, 0x80000044, 0x80000040, 0x80000024, 0x80000020) WB[ Z 00: 0x00000020]       ExeInst: DASM(00001f17)
Cyc=        307 (0x8000004c, 0x80000048, 0x80000044, 0x80000040, 0x80000024) WB[MZ 00: 0x00000000]       ExeInst: DASM(fc3f2023)
Cyc=        308 (0x80000050, 0x8000004c, 0x80000048, 0x80000044, 0x80000040) WB[M  1e: 0x80001040]   B   ExeInst: DASM(ff9ff06f)
Cyc=        309 (0x80000040, 0x80000050, 0x8000004c, 0x80000048, 0x80000044) WB[ Z 00: 0x80001000]       ExeInst: DASM(00004033)
Cyc=        310 (0x80000044, 0x80000040, 0x80000050, 0x8000004c, 0x80000048) WB[M  00: 0x8000004c]       ExeInst: DASM(00004033)
Cyc=        311 (0x80000048, 0x80000044, 0x80000040, 0x80000050, 0x8000004c) WB[ Z 00: 0x00000000]       ExeInst: DASM(00001f17)
Cyc=        312 (0x8000004c, 0x80000048, 0x80000044, 0x80000040, 0x80000050) WB[MZ 00: 0x00000000]       ExeInst: DASM(fc3f2023)
Cyc=        313 (0x80000050, 0x8000004c, 0x80000048, 0x80000044, 0x80000040) WB[M  1e: 0x80001040]   B   ExeInst: DASM(ff9ff06f)
Cyc=        314 (0x80000040, 0x80000050, 0x8000004c, 0x80000048, 0x80000044) WB[ Z 00: 0x80001000]       ExeInst: DASM(00004033)
Cyc=        315 (0x80000044, 0x80000040, 0x80000050, 0x8000004c, 0x80000048) WB[M  00: 0x8000004c]       ExeInst: DASM(00004033)
Cyc=        316 (0x80000048, 0x80000044, 0x80000040, 0x80000050, 0x8000004c) WB[ Z 00: 0x00000000]       ExeInst: DASM(00001f17)
Cyc=        317 (0x8000004c, 0x80000048, 0x80000044, 0x80000040, 0x80000050) WB[MZ 00: 0x00000000]       ExeInst: DASM(fc3f2023)
Cyc=        318 (0x80000050, 0x8000004c, 0x80000048, 0x80000044, 0x80000040) WB[M  1e: 0x80001040]   B   ExeInst: DASM(ff9ff06f)
Cyc=        319 (0x80000040, 0x80000050, 0x8000004c, 0x80000048, 0x80000044) WB[ Z 00: 0x80001000]       ExeInst: DASM(00004033)
Cyc=        320 (0x80000044, 0x80000040, 0x80000050, 0x8000004c, 0x80000048) WB[M  00: 0x8000004c]       ExeInst: DASM(00004033)
Cyc=        321 (0x80000048, 0x80000044, 0x80000040, 0x80000050, 0x8000004c) WB[ Z 00: 0x00000000]       ExeInst: DASM(00001f17)
Cyc=        322 (0x8000004c, 0x80000048, 0x80000044, 0x80000040, 0x80000050) WB[MZ 00: 0x00000000]       ExeInst: DASM(fc3f2023)
Cyc=        323 (0x80000050, 0x8000004c, 0x80000048, 0x80000044, 0x80000040) WB[M  1e: 0x80001040]   B   ExeInst: DASM(ff9ff06f)
*** PASSED ***
