Instantiated DTM.
Cyc=          0 (0x80000000, 0x00000000, 0x00000000, 0x00000000, 0x00000000) WB[   00: 0x00000000]       ExeInst: DASM(00004033)
Cyc=          1 (0x80000004, 0x80000000, 0x00000000, 0x00000000, 0x00000000) WB[   00: 0x00000000]       ExeInst: DASM(00004033)
Cyc=          2 (0x80000008, 0x80000004, 0x80000000, 0x00000000, 0x00000000) WB[ Z 00: 0x00000000]   B   ExeInst: DASM(04c0006f)
Cyc=          3 (0x8000004c, 0x80000008, 0x80000004, 0x80000000, 0x00000000) WB[MZ 00: 0x00000000]       ExeInst: DASM(00004033)
Cyc=          4 (0x80000050, 0x8000004c, 0x80000008, 0x80000004, 0x80000000) WB[M  00: 0x80000004]       ExeInst: DASM(00004033)
Cyc=          5 (0x80000054, 0x80000050, 0x8000004c, 0x80000008, 0x80000004) WB[ Z 00: 0x00000000] S     ExeInst: DASM(f1402573)
Cyc=          6 (0x80000054, 0x80000050, 0x8000004c, 0x8000004c, 0x80000008) WB[MZ 00: 0x00000000]       ExeInst: DASM(00004033)
Cyc=          7 (0x80000058, 0x80000054, 0x80000050, 0x8000004c, 0x8000004c) WB[M  0a: 0x00000000]       ExeInst: DASM(00051063)
Cyc=          8 (0x8000005c, 0x80000058, 0x80000054, 0x80000050, 0x8000004c) WB[   00: 0x00000000]       ExeInst: DASM(00000297)
Cyc=          9 (0x80000060, 0x8000005c, 0x80000058, 0x80000054, 0x80000050) WB[ Z 00: 0x00000000]       ExeInst: DASM(01028293)
Cyc=         10 (0x80000064, 0x80000060, 0x8000005c, 0x80000058, 0x80000054) WB[MZ 05: 0x80000054] S     ExeInst: DASM(30529073)
Cyc=         11 (0x80000064, 0x80000060, 0x8000005c, 0x8000005c, 0x80000058) WB[MZ 05: 0x80000064]       ExeInst: DASM(00004033)
Cyc=         12 (0x80000068, 0x80000064, 0x80000060, 0x8000005c, 0x8000005c) WB[M  00: 0x00000100] S     ExeInst: DASM(18005073)
Cyc=         13 (0x80000068, 0x80000064, 0x80000060, 0x80000060, 0x8000005c) WB[ Z 00: 0x00000000]       ExeInst: DASM(00004033)
Cyc=         14 (0x8000006c, 0x80000068, 0x80000064, 0x80000060, 0x80000060) WB[M  00: 0x00000000]       ExeInst: DASM(00000297)
Cyc=         15 (0x80000070, 0x8000006c, 0x80000068, 0x80000064, 0x80000060) WB[ Z 00: 0x00000000]       ExeInst: DASM(01c28293)
Cyc=         16 (0x80000074, 0x80000070, 0x8000006c, 0x80000068, 0x80000064) WB[MZ 05: 0x80000064] S     ExeInst: DASM(30529073)
Cyc=         17 (0x80000074, 0x80000070, 0x8000006c, 0x8000006c, 0x80000068) WB[MZ 05: 0x80000080]       ExeInst: DASM(00004033)
Cyc=         18 (0x80000078, 0x80000074, 0x80000070, 0x8000006c, 0x8000006c) WB[M  00: 0x00000100]       ExeInst: DASM(fff00293)
Cyc=         19 (0x8000007c, 0x80000078, 0x80000074, 0x80000070, 0x8000006c) WB[ Z 00: 0x00000000] S     ExeInst: DASM(3b029073)
Cyc=         20 (0x8000007c, 0x80000078, 0x80000074, 0x80000074, 0x80000070) WB[MZ 05: 0xffffffff]       ExeInst: DASM(00004033)
Cyc=         21 (0x80000080, 0x8000007c, 0x80000078, 0x80000074, 0x80000074) WB[M  00: 0x00000000]       ExeInst: DASM(01f00293)
Cyc=         22 (0x80000084, 0x80000080, 0x8000007c, 0x80000078, 0x80000074) WB[ Z 00: 0x00000000] S     ExeInst: DASM(3a029073)
Cyc=         23 (0x80000084, 0x80000080, 0x8000007c, 0x8000007c, 0x80000078) WB[MZ 05: 0x0000001f]       ExeInst: DASM(00004033)
Cyc=         24 (0x80000088, 0x80000084, 0x80000080, 0x8000007c, 0x8000007c) WB[M  00: 0x00000000]       ExeInst: DASM(00000297)
Cyc=         25 (0x8000008c, 0x80000088, 0x80000084, 0x80000080, 0x8000007c) WB[ Z 00: 0x00000000]       ExeInst: DASM(01828293)
Cyc=         26 (0x80000090, 0x8000008c, 0x80000088, 0x80000084, 0x80000080) WB[MZ 05: 0x80000080] S     ExeInst: DASM(30529073)
Cyc=         27 (0x80000090, 0x8000008c, 0x80000088, 0x80000088, 0x80000084) WB[MZ 05: 0x80000098]       ExeInst: DASM(00004033)
Cyc=         28 (0x80000094, 0x80000090, 0x8000008c, 0x80000088, 0x80000088) WB[M  00: 0x00000100] S     ExeInst: DASM(30205073)
Cyc=         29 (0x80000094, 0x80000090, 0x8000008c, 0x8000008c, 0x80000088) WB[ Z 00: 0x00000000]       ExeInst: DASM(00004033)
Cyc=         30 (0x80000098, 0x80000094, 0x80000090, 0x8000008c, 0x8000008c) WB[M  00: 0x00000000] S     ExeInst: DASM(30305073)
Cyc=         31 (0x80000098, 0x80000094, 0x80000090, 0x80000090, 0x8000008c) WB[ Z 00: 0x00000000]       ExeInst: DASM(00004033)
Cyc=         32 (0x8000009c, 0x80000098, 0x80000094, 0x80000090, 0x80000090) WB[M  00: 0x00000000] S     ExeInst: DASM(30405073)
Cyc=         33 (0x8000009c, 0x80000098, 0x80000094, 0x80000094, 0x80000090) WB[ Z 00: 0x00000000]       ExeInst: DASM(00004033)
Cyc=         34 (0x800000a0, 0x8000009c, 0x80000098, 0x80000094, 0x80000094) WB[M  00: 0x00000000]       ExeInst: DASM(00000193)
Cyc=         35 (0x800000a4, 0x800000a0, 0x8000009c, 0x80000098, 0x80000094) WB[ Z 00: 0x00000000]       ExeInst: DASM(00000297)
Cyc=         36 (0x800000a8, 0x800000a4, 0x800000a0, 0x8000009c, 0x80000098) WB[MZ 03: 0x00000000]       ExeInst: DASM(f6828293)
Cyc=         37 (0x800000ac, 0x800000a8, 0x800000a4, 0x800000a0, 0x8000009c) WB[MZ 05: 0x8000009c] S     ExeInst: DASM(30529073)
Cyc=         38 (0x800000ac, 0x800000a8, 0x800000a4, 0x800000a4, 0x800000a0) WB[MZ 05: 0x80000004]       ExeInst: DASM(00004033)
Cyc=         39 (0x800000b0, 0x800000ac, 0x800000a8, 0x800000a4, 0x800000a4) WB[M  00: 0x00000100]       ExeInst: DASM(00100513)
Cyc=         40 (0x800000b4, 0x800000b0, 0x800000ac, 0x800000a8, 0x800000a4) WB[ Z 00: 0x00000000]       ExeInst: DASM(01f51513)
Cyc=         41 (0x800000b8, 0x800000b4, 0x800000b0, 0x800000ac, 0x800000a8) WB[MZ 0a: 0x00000001]   B   ExeInst: DASM(00054863)
Cyc=         42 (0x800000c0, 0x800000b8, 0x800000b4, 0x800000b0, 0x800000ac) WB[M  0a: 0x80000000]       ExeInst: DASM(00004033)
Cyc=         43 (0x800000c4, 0x800000c0, 0x800000b8, 0x800000b4, 0x800000b0) WB[   10: 0x80000010]       ExeInst: DASM(00004033)
Cyc=         44 (0x800000c8, 0x800000c4, 0x800000c0, 0x800000b8, 0x800000b4) WB[ Z 00: 0x00000000]       ExeInst: DASM(80000297)
Cyc=         45 (0x800000cc, 0x800000c8, 0x800000c4, 0x800000c0, 0x800000b8) WB[MZ 00: 0x00000000]       ExeInst: DASM(f4028293)
Cyc=         46 (0x800000d0, 0x800000cc, 0x800000c8, 0x800000c4, 0x800000c0) WB[MZ 05: 0x000000c0]   B   ExeInst: DASM(00028e63)
Cyc=         47 (0x800000e4, 0x800000d0, 0x800000cc, 0x800000c8, 0x800000c4) WB[M  05: 0x00000000]       ExeInst: DASM(00004033)
Cyc=         48 (0x800000e8, 0x800000e4, 0x800000d0, 0x800000cc, 0x800000c8) WB[   1c: 0x0000001c]       ExeInst: DASM(00004033)
Cyc=         49 (0x800000ec, 0x800000e8, 0x800000e4, 0x800000d0, 0x800000cc) WB[ Z 00: 0x00000000] S     ExeInst: DASM(30005073)
Cyc=         50 (0x800000ec, 0x800000e8, 0x800000e4, 0x800000e4, 0x800000d0) WB[MZ 00: 0x00000000]       ExeInst: DASM(00004033)
Cyc=         51 (0x800000f0, 0x800000ec, 0x800000e8, 0x800000e4, 0x800000e4) WB[M  00: 0x00001800]       ExeInst: DASM(00002537)
Cyc=         52 (0x800000f4, 0x800000f0, 0x800000ec, 0x800000e8, 0x800000e4) WB[ Z 00: 0x00000000]       ExeInst: DASM(80050513)
Cyc=         53 (0x800000f8, 0x800000f4, 0x800000f0, 0x800000ec, 0x800000e8) WB[MZ 0a: 0x00002000] S     ExeInst: DASM(30052073)
Cyc=         54 (0x800000f8, 0x800000f4, 0x800000f0, 0x800000f0, 0x800000ec) WB[MZ 0a: 0x00001800]       ExeInst: DASM(00004033)
Cyc=         55 (0x800000fc, 0x800000f8, 0x800000f4, 0x800000f0, 0x800000f0) WB[M  00: 0x00001800]       ExeInst: DASM(00000297)
Cyc=         56 (0x80000100, 0x800000fc, 0x800000f8, 0x800000f4, 0x800000f0) WB[ Z 00: 0x00000000]       ExeInst: DASM(01428293)
Cyc=         57 (0x80000104, 0x80000100, 0x800000fc, 0x800000f8, 0x800000f4) WB[MZ 05: 0x800000f4] S     ExeInst: DASM(34129073)
Cyc=         58 (0x80000104, 0x80000100, 0x800000fc, 0x800000fc, 0x800000f8) WB[MZ 05: 0x80000108]       ExeInst: DASM(00004033)
Cyc=         59 (0x80000108, 0x80000104, 0x80000100, 0x800000fc, 0x800000fc) WB[M  00: 0x00000000] S     ExeInst: DASM(f1402573)
Cyc=         60 (0x80000108, 0x80000104, 0x80000100, 0x80000100, 0x800000fc) WB[ Z 00: 0x00000000]       ExeInst: DASM(00004033)
Cyc=         61 (0x8000010c, 0x80000108, 0x80000104, 0x80000100, 0x80000100) WB[M  0a: 0x00000000]       ExeInst: DASM(30200073)
Cyc=         62 (0x80000110, 0x8000010c, 0x80000108, 0x80000104, 0x80000100) WB[   00: 0x00000000]   E   ExeInst: DASM(00004033)
Cyc=         63 (0x80000108, 0x8000010c, 0x80000108, 0x80000108, 0x80000104) WB[   00: 0x00000000]       ExeInst: DASM(00004033)
Cyc=         64 (0x8000010c, 0x80000108, 0x8000010c, 0x80000108, 0x80000108) WB[   00: 0x00000000]       ExeInst: DASM(00004033)
Cyc=         65 (0x80000110, 0x8000010c, 0x80000108, 0x8000010c, 0x80000108) WB[ Z 00: 0x00000002]       ExeInst: DASM(00200193)
Cyc=         66 (0x80000114, 0x80000110, 0x8000010c, 0x80000108, 0x8000010c) WB[MZ 00: 0x00000000]       ExeInst: DASM(00000000)
Cyc=         67 (0x80000118, 0x80000114, 0x80000110, 0x8000010c, 0x80000108) WB[M  03: 0x00000002]   E X ExeInst: DASM(00004033)
Cyc=         68 (0x80000004, 0x80000114, 0x80000110, 0x80000110, 0x8000010c) WB[   00: 0x00000000]       ExeInst: DASM(00004033)
Cyc=         69 (0x80000008, 0x80000004, 0x80000114, 0x80000110, 0x80000110) WB[   00: 0x00000000]       ExeInst: DASM(00004033)
Cyc=         70 (0x8000000c, 0x80000008, 0x80000004, 0x80000114, 0x80000110) WB[ Z 00: 0x80000114] S     ExeInst: DASM(34202f73)
Cyc=         71 (0x8000000c, 0x80000008, 0x80000004, 0x80000004, 0x80000114) WB[MZ 00: 0x00000000]       ExeInst: DASM(00004033)
Cyc=         72 (0x80000010, 0x8000000c, 0x80000008, 0x80000004, 0x80000004) WB[M  1e: 0x00000002]       ExeInst: DASM(00800f93)
Cyc=         73 (0x80000014, 0x80000010, 0x8000000c, 0x80000008, 0x80000004) WB[ Z 00: 0x00000000]       ExeInst: DASM(03ff0a63)
Cyc=         74 (0x80000018, 0x80000014, 0x80000010, 0x8000000c, 0x80000008) WB[M  1f: 0x00000008]       ExeInst: DASM(00900f93)
Cyc=         75 (0x8000001c, 0x80000018, 0x80000014, 0x80000010, 0x8000000c) WB[ Z 14: 0x00000036]       ExeInst: DASM(03ff0663)
Cyc=         76 (0x80000020, 0x8000001c, 0x80000018, 0x80000014, 0x80000010) WB[M  1f: 0x00000009]       ExeInst: DASM(00b00f93)
Cyc=         77 (0x80000024, 0x80000020, 0x8000001c, 0x80000018, 0x80000014) WB[ Z 0c: 0x0000002e]       ExeInst: DASM(03ff0263)
Cyc=         78 (0x80000028, 0x80000024, 0x80000020, 0x8000001c, 0x80000018) WB[M  1f: 0x0000000b]       ExeInst: DASM(00000f17)
Cyc=         79 (0x8000002c, 0x80000028, 0x80000024, 0x80000020, 0x8000001c) WB[ Z 04: 0x00000026]       ExeInst: DASM(2e0f0f13)
Cyc=         80 (0x80000030, 0x8000002c, 0x80000028, 0x80000024, 0x80000020) WB[MZ 1e: 0x80000020]       ExeInst: DASM(000f0463)
Cyc=         81 (0x80000034, 0x80000030, 0x8000002c, 0x80000028, 0x80000024) WB[M  1e: 0x80000300]   J   ExeInst: DASM(000f0067)
Cyc=         82 (0x80000300, 0x80000034, 0x80000030, 0x8000002c, 0x80000028) WB[ Z 08: 0x80000308]       ExeInst: DASM(00004033)
Cyc=         83 (0x80000304, 0x80000300, 0x80000034, 0x80000030, 0x8000002c) WB[M  00: 0x80000030]       ExeInst: DASM(00004033)
Cyc=         84 (0x80000308, 0x80000304, 0x80000300, 0x80000034, 0x80000030) WB[ Z 00: 0x00000000]   B   ExeInst: DASM(0400006f)
Cyc=         85 (0x80000340, 0x80000308, 0x80000304, 0x80000300, 0x80000034) WB[MZ 00: 0x00000000]       ExeInst: DASM(00004033)
Cyc=         86 (0x80000344, 0x80000340, 0x80000308, 0x80000304, 0x80000300) WB[M  00: 0x80000304]       ExeInst: DASM(00004033)
Cyc=         87 (0x80000348, 0x80000344, 0x80000340, 0x80000308, 0x80000304) WB[ Z 00: 0x80000308]       ExeInst: DASM(00200313)
Cyc=         88 (0x8000034c, 0x80000348, 0x80000344, 0x80000340, 0x80000308) WB[MZ 00: 0x00000000] S     ExeInst: DASM(342022f3)
Cyc=         89 (0x8000034c, 0x80000348, 0x80000344, 0x80000344, 0x80000340) WB[MZ 06: 0x00000002]       ExeInst: DASM(00004033)
Cyc=         90 (0x80000350, 0x8000034c, 0x80000348, 0x80000344, 0x80000344) WB[M  05: 0x00000002]       ExeInst: DASM(ea629ee3)
Cyc=         91 (0x80000354, 0x80000350, 0x8000034c, 0x80000348, 0x80000344) WB[   00: 0x00000000] S     ExeInst: DASM(341022f3)
Cyc=         92 (0x80000354, 0x80000350, 0x8000034c, 0x8000034c, 0x80000348) WB[ Z 1d: 0xfffffebe]       ExeInst: DASM(00004033)
Cyc=         93 (0x80000358, 0x80000354, 0x80000350, 0x8000034c, 0x8000034c) WB[M  05: 0x8000010c]       ExeInst: DASM(00000317)
Cyc=         94 (0x8000035c, 0x80000358, 0x80000354, 0x80000350, 0x8000034c) WB[ Z 00: 0x00000000]       ExeInst: DASM(dbc30313)
Cyc=         95 (0x80000360, 0x8000035c, 0x80000358, 0x80000354, 0x80000350) WB[MZ 06: 0x80000350]   B   ExeInst: DASM(04628e63)
Cyc=         96 (0x800003b4, 0x80000360, 0x8000035c, 0x80000358, 0x80000354) WB[M  06: 0x8000010c]       ExeInst: DASM(00004033)
Cyc=         97 (0x800003b8, 0x800003b4, 0x80000360, 0x8000035c, 0x80000358) WB[   1c: 0x80000168]       ExeInst: DASM(00004033)
Cyc=         98 (0x800003bc, 0x800003b8, 0x800003b4, 0x80000360, 0x8000035c) WB[ Z 00: 0x8000035c]       ExeInst: DASM(00828293)
Cyc=         99 (0x800003c0, 0x800003bc, 0x800003b8, 0x800003b4, 0x80000360) WB[MZ 00: 0x00000000] S     ExeInst: DASM(34129073)
Cyc=        100 (0x800003c0, 0x800003bc, 0x800003b8, 0x800003b8, 0x800003b4) WB[MZ 05: 0x80000114]       ExeInst: DASM(00004033)
Cyc=        101 (0x800003c4, 0x800003c0, 0x800003bc, 0x800003b8, 0x800003b8) WB[M  00: 0x8000010c]       ExeInst: DASM(30200073)
Cyc=        102 (0x800003c8, 0x800003c4, 0x800003c0, 0x800003bc, 0x800003b8) WB[   00: 0x00000000]   E   ExeInst: DASM(00004033)
Cyc=        103 (0x80000114, 0x800003c4, 0x800003c0, 0x800003c0, 0x800003bc) WB[   00: 0x00000000]       ExeInst: DASM(00004033)
Cyc=        104 (0x80000118, 0x80000114, 0x800003c4, 0x800003c0, 0x800003c0) WB[   00: 0x00000000]       ExeInst: DASM(00004033)
Cyc=        105 (0x8000011c, 0x80000118, 0x80000114, 0x800003c4, 0x800003c0) WB[ Z 00: 0x00200000]       ExeInst: DASM(000022b7)
Cyc=        106 (0x80000120, 0x8000011c, 0x80000118, 0x80000114, 0x800003c4) WB[MZ 00: 0x00000000]       ExeInst: DASM(80028293)
Cyc=        107 (0x80000124, 0x80000120, 0x8000011c, 0x80000118, 0x80000114) WB[MZ 05: 0x00002000] S     ExeInst: DASM(3002b073)
Cyc=        108 (0x80000124, 0x80000120, 0x8000011c, 0x8000011c, 0x80000118) WB[MZ 05: 0x00001800]       ExeInst: DASM(00004033)
Cyc=        109 (0x80000128, 0x80000124, 0x80000120, 0x8000011c, 0x8000011c) WB[M  00: 0x00001888]       ExeInst: DASM(00001337)
Cyc=        110 (0x8000012c, 0x80000128, 0x80000124, 0x80000120, 0x8000011c) WB[ Z 00: 0x00000000]       ExeInst: DASM(80030313)
Cyc=        111 (0x80000130, 0x8000012c, 0x80000128, 0x80000124, 0x80000120) WB[MZ 06: 0x00001000] S     ExeInst: DASM(30032073)
Cyc=        112 (0x80000130, 0x8000012c, 0x80000128, 0x80000128, 0x80000124) WB[MZ 06: 0x00000800]       ExeInst: DASM(00004033)
Cyc=        113 (0x80000134, 0x80000130, 0x8000012c, 0x80000128, 0x80000128) WB[M  00: 0x00001888] S     ExeInst: DASM(300023f3)
Cyc=        114 (0x80000134, 0x80000130, 0x8000012c, 0x8000012c, 0x80000128) WB[ Z 00: 0x00000000]       ExeInst: DASM(00004033)
Cyc=        115 (0x80000138, 0x80000134, 0x80000130, 0x8000012c, 0x8000012c) WB[M  07: 0x00001888]       ExeInst: DASM(0053f3b3)
Cyc=        116 (0x8000013c, 0x80000138, 0x80000134, 0x80000130, 0x8000012c) WB[ Z 00: 0x00000000]   B   ExeInst: DASM(0e731263)
Cyc=        117 (0x80000218, 0x8000013c, 0x80000138, 0x80000134, 0x80000130) WB[M  07: 0x00001800]       ExeInst: DASM(00004033)
Cyc=        118 (0x8000021c, 0x80000218, 0x8000013c, 0x80000138, 0x80000134) WB[   04: 0x000008e4]       ExeInst: DASM(00004033)
Cyc=        119 (0x80000220, 0x8000021c, 0x80000218, 0x8000013c, 0x80000138) WB[ Z 00: 0x00000000]       ExeInst: DASM(0ff0000f)
Cyc=        120 (0x80000224, 0x80000220, 0x8000021c, 0x80000218, 0x8000013c) WB[M  00: 0x00000000]       ExeInst: DASM(00100193)
Cyc=        121 (0x80000228, 0x80000224, 0x80000220, 0x8000021c, 0x80000218) WB[ Z 00: 0x0000000b]       ExeInst: DASM(00000073)
Cyc=        122 (0x8000022c, 0x80000228, 0x80000224, 0x80000220, 0x8000021c) WB[M  03: 0x00000001]   E   ExeInst: DASM(00004033)
Cyc=        123 (0x80000004, 0x80000228, 0x80000224, 0x80000224, 0x80000220) WB[   00: 0x00000000]       ExeInst: DASM(00004033)
Cyc=        124 (0x80000008, 0x80000004, 0x80000228, 0x80000224, 0x80000224) WB[   00: 0x00000000]       ExeInst: DASM(00004033)
Cyc=        125 (0x8000000c, 0x80000008, 0x80000004, 0x80000228, 0x80000224) WB[ Z 00: 0x00000000] S     ExeInst: DASM(34202f73)
Cyc=        126 (0x8000000c, 0x80000008, 0x80000004, 0x80000004, 0x80000228) WB[MZ 00: 0x00000000]       ExeInst: DASM(00004033)
Cyc=        127 (0x80000010, 0x8000000c, 0x80000008, 0x80000004, 0x80000004) WB[M  1e: 0x0000000b]       ExeInst: DASM(00800f93)
Cyc=        128 (0x80000014, 0x80000010, 0x8000000c, 0x80000008, 0x80000004) WB[ Z 00: 0x00000000]       ExeInst: DASM(03ff0a63)
Cyc=        129 (0x80000018, 0x80000014, 0x80000010, 0x8000000c, 0x80000008) WB[M  1f: 0x00000008]       ExeInst: DASM(00900f93)
Cyc=        130 (0x8000001c, 0x80000018, 0x80000014, 0x80000010, 0x8000000c) WB[ Z 14: 0x0000003f]       ExeInst: DASM(03ff0663)
Cyc=        131 (0x80000020, 0x8000001c, 0x80000018, 0x80000014, 0x80000010) WB[M  1f: 0x00000009]       ExeInst: DASM(00b00f93)
Cyc=        132 (0x80000024, 0x80000020, 0x8000001c, 0x80000018, 0x80000014) WB[ Z 0c: 0x00000037]   B   ExeInst: DASM(03ff0263)
Cyc=        133 (0x80000040, 0x80000024, 0x80000020, 0x8000001c, 0x80000018) WB[M  1f: 0x0000000b]       ExeInst: DASM(00004033)
Cyc=        134 (0x80000044, 0x80000040, 0x80000024, 0x80000020, 0x8000001c) WB[   04: 0x0000002f]       ExeInst: DASM(00004033)
Cyc=        135 (0x80000048, 0x80000044, 0x80000040, 0x80000024, 0x80000020) WB[ Z 00: 0x80000020]       ExeInst: DASM(00001f17)
Cyc=        136 (0x8000004c, 0x80000048, 0x80000044, 0x80000040, 0x80000024) WB[MZ 00: 0x00000000]       ExeInst: DASM(fc3f2023)
Cyc=        137 (0x80000050, 0x8000004c, 0x80000048, 0x80000044, 0x80000040) WB[M  1e: 0x80001040]   B   ExeInst: DASM(ff9ff06f)
Cyc=        138 (0x80000040, 0x80000050, 0x8000004c, 0x80000048, 0x80000044) WB[ Z 00: 0x80001000]       ExeInst: DASM(00004033)
Cyc=        139 (0x80000044, 0x80000040, 0x80000050, 0x8000004c, 0x80000048) WB[M  00: 0x8000004c]       ExeInst: DASM(00004033)
Cyc=        140 (0x80000048, 0x80000044, 0x80000040, 0x80000050, 0x8000004c) WB[ Z 00: 0x00000000]       ExeInst: DASM(00001f17)
Cyc=        141 (0x8000004c, 0x80000048, 0x80000044, 0x80000040, 0x80000050) WB[MZ 00: 0x00000000]       ExeInst: DASM(fc3f2023)
Cyc=        142 (0x80000050, 0x8000004c, 0x80000048, 0x80000044, 0x80000040) WB[M  1e: 0x80001040]   B   ExeInst: DASM(ff9ff06f)
Cyc=        143 (0x80000040, 0x80000050, 0x8000004c, 0x80000048, 0x80000044) WB[ Z 00: 0x80001000]       ExeInst: DASM(00004033)
Cyc=        144 (0x80000044, 0x80000040, 0x80000050, 0x8000004c, 0x80000048) WB[M  00: 0x8000004c]       ExeInst: DASM(00004033)
Cyc=        145 (0x80000048, 0x80000044, 0x80000040, 0x80000050, 0x8000004c) WB[ Z 00: 0x00000000]       ExeInst: DASM(00001f17)
Cyc=        146 (0x8000004c, 0x80000048, 0x80000044, 0x80000040, 0x80000050) WB[MZ 00: 0x00000000]       ExeInst: DASM(fc3f2023)
Cyc=        147 (0x80000050, 0x8000004c, 0x80000048, 0x80000044, 0x80000040) WB[M  1e: 0x80001040]   B   ExeInst: DASM(ff9ff06f)
Cyc=        148 (0x80000040, 0x80000050, 0x8000004c, 0x80000048, 0x80000044) WB[ Z 00: 0x80001000]       ExeInst: DASM(00004033)
Cyc=        149 (0x80000044, 0x80000040, 0x80000050, 0x8000004c, 0x80000048) WB[M  00: 0x8000004c]       ExeInst: DASM(00004033)
Cyc=        150 (0x80000048, 0x80000044, 0x80000040, 0x80000050, 0x8000004c) WB[ Z 00: 0x00000000]       ExeInst: DASM(00001f17)
Cyc=        151 (0x8000004c, 0x80000048, 0x80000044, 0x80000040, 0x80000050) WB[MZ 00: 0x00000000]       ExeInst: DASM(fc3f2023)
Cyc=        152 (0x80000050, 0x8000004c, 0x80000048, 0x80000044, 0x80000040) WB[M  1e: 0x80001040]   B   ExeInst: DASM(ff9ff06f)
Cyc=        153 (0x80000040, 0x80000050, 0x8000004c, 0x80000048, 0x80000044) WB[ Z 00: 0x80001000]       ExeInst: DASM(00004033)
Cyc=        154 (0x80000044, 0x80000040, 0x80000050, 0x8000004c, 0x80000048) WB[M  00: 0x8000004c]       ExeInst: DASM(00004033)
Cyc=        155 (0x80000048, 0x80000044, 0x80000040, 0x80000050, 0x8000004c) WB[ Z 00: 0x00000000]       ExeInst: DASM(00001f17)
*** PASSED ***
