Instantiated DTM.
Cyc=          0 (0x80000000, 0x00000000, 0x00000000, 0x00000000, 0x00000000) WB[   00: 0x00000000]       ExeInst: DASM(00004033)
Cyc=          1 (0x80000004, 0x80000000, 0x00000000, 0x00000000, 0x00000000) WB[   00: 0x00000000]       ExeInst: DASM(00004033)
Cyc=          2 (0x80000008, 0x80000004, 0x80000000, 0x00000000, 0x00000000) WB[ Z 00: 0x00000000]   B   ExeInst: DASM(04c0006f)
Cyc=          3 (0x8000004c, 0x80000008, 0x80000004, 0x80000000, 0x00000000) WB[MZ 00: 0x00000000]       ExeInst: DASM(00004033)
Cyc=          4 (0x80000050, 0x8000004c, 0x80000008, 0x80000004, 0x80000000) WB[M  00: 0x80000004]       ExeInst: DASM(00004033)
Cyc=          5 (0x80000054, 0x80000050, 0x8000004c, 0x80000008, 0x80000004) WB[ Z 00: 0x00000000] S     ExeInst: DASM(f1402573)
Cyc=          6 (0x80000054, 0x80000050, 0x8000004c, 0x8000004c, 0x80000008) WB[MZ 00: 0x00000000]       ExeInst: DASM(00004033)
Cyc=          7 (0x80000058, 0x80000054, 0x80000050, 0x8000004c, 0x8000004c) WB[M  0a: 0x00000000]       ExeInst: DASM(00051063)
Cyc=          8 (0x8000005c, 0x80000058, 0x80000054, 0x80000050, 0x8000004c) WB[   00: 0x00000000]       ExeInst: DASM(00000297)
Cyc=          9 (0x80000060, 0x8000005c, 0x80000058, 0x80000054, 0x80000050) WB[ Z 00: 0x00000000]       ExeInst: DASM(01028293)
Cyc=         10 (0x80000064, 0x80000060, 0x8000005c, 0x80000058, 0x80000054) WB[MZ 05: 0x80000054] S     ExeInst: DASM(30529073)
Cyc=         11 (0x80000064, 0x80000060, 0x8000005c, 0x8000005c, 0x80000058) WB[MZ 05: 0x80000064]       ExeInst: DASM(00004033)
Cyc=         12 (0x80000068, 0x80000064, 0x80000060, 0x8000005c, 0x8000005c) WB[M  00: 0x00000100] S     ExeInst: DASM(18005073)
Cyc=         13 (0x80000068, 0x80000064, 0x80000060, 0x80000060, 0x8000005c) WB[ Z 00: 0x00000000]       ExeInst: DASM(00004033)
Cyc=         14 (0x8000006c, 0x80000068, 0x80000064, 0x80000060, 0x80000060) WB[M  00: 0x00000000]       ExeInst: DASM(00000297)
Cyc=         15 (0x80000070, 0x8000006c, 0x80000068, 0x80000064, 0x80000060) WB[ Z 00: 0x00000000]       ExeInst: DASM(01c28293)
Cyc=         16 (0x80000074, 0x80000070, 0x8000006c, 0x80000068, 0x80000064) WB[MZ 05: 0x80000064] S     ExeInst: DASM(30529073)
Cyc=         17 (0x80000074, 0x80000070, 0x8000006c, 0x8000006c, 0x80000068) WB[MZ 05: 0x80000080]       ExeInst: DASM(00004033)
Cyc=         18 (0x80000078, 0x80000074, 0x80000070, 0x8000006c, 0x8000006c) WB[M  00: 0x00000100]       ExeInst: DASM(fff00293)
Cyc=         19 (0x8000007c, 0x80000078, 0x80000074, 0x80000070, 0x8000006c) WB[ Z 00: 0x00000000] S     ExeInst: DASM(3b029073)
Cyc=         20 (0x8000007c, 0x80000078, 0x80000074, 0x80000074, 0x80000070) WB[MZ 05: 0xffffffff]       ExeInst: DASM(00004033)
Cyc=         21 (0x80000080, 0x8000007c, 0x80000078, 0x80000074, 0x80000074) WB[M  00: 0x00000000]       ExeInst: DASM(01f00293)
Cyc=         22 (0x80000084, 0x80000080, 0x8000007c, 0x80000078, 0x80000074) WB[ Z 00: 0x00000000] S     ExeInst: DASM(3a029073)
Cyc=         23 (0x80000084, 0x80000080, 0x8000007c, 0x8000007c, 0x80000078) WB[MZ 05: 0x0000001f]       ExeInst: DASM(00004033)
Cyc=         24 (0x80000088, 0x80000084, 0x80000080, 0x8000007c, 0x8000007c) WB[M  00: 0x00000000]       ExeInst: DASM(00000297)
Cyc=         25 (0x8000008c, 0x80000088, 0x80000084, 0x80000080, 0x8000007c) WB[ Z 00: 0x00000000]       ExeInst: DASM(01828293)
Cyc=         26 (0x80000090, 0x8000008c, 0x80000088, 0x80000084, 0x80000080) WB[MZ 05: 0x80000080] S     ExeInst: DASM(30529073)
Cyc=         27 (0x80000090, 0x8000008c, 0x80000088, 0x80000088, 0x80000084) WB[MZ 05: 0x80000098]       ExeInst: DASM(00004033)
Cyc=         28 (0x80000094, 0x80000090, 0x8000008c, 0x80000088, 0x80000088) WB[M  00: 0x00000100] S     ExeInst: DASM(30205073)
Cyc=         29 (0x80000094, 0x80000090, 0x8000008c, 0x8000008c, 0x80000088) WB[ Z 00: 0x00000000]       ExeInst: DASM(00004033)
Cyc=         30 (0x80000098, 0x80000094, 0x80000090, 0x8000008c, 0x8000008c) WB[M  00: 0x00000000] S     ExeInst: DASM(30305073)
Cyc=         31 (0x80000098, 0x80000094, 0x80000090, 0x80000090, 0x8000008c) WB[ Z 00: 0x00000000]       ExeInst: DASM(00004033)
Cyc=         32 (0x8000009c, 0x80000098, 0x80000094, 0x80000090, 0x80000090) WB[M  00: 0x00000000] S     ExeInst: DASM(30405073)
Cyc=         33 (0x8000009c, 0x80000098, 0x80000094, 0x80000094, 0x80000090) WB[ Z 00: 0x00000000]       ExeInst: DASM(00004033)
Cyc=         34 (0x800000a0, 0x8000009c, 0x80000098, 0x80000094, 0x80000094) WB[M  00: 0x00000000]       ExeInst: DASM(00000193)
Cyc=         35 (0x800000a4, 0x800000a0, 0x8000009c, 0x80000098, 0x80000094) WB[ Z 00: 0x00000000]       ExeInst: DASM(00000297)
Cyc=         36 (0x800000a8, 0x800000a4, 0x800000a0, 0x8000009c, 0x80000098) WB[MZ 03: 0x00000000]       ExeInst: DASM(f6828293)
Cyc=         37 (0x800000ac, 0x800000a8, 0x800000a4, 0x800000a0, 0x8000009c) WB[MZ 05: 0x8000009c] S     ExeInst: DASM(30529073)
Cyc=         38 (0x800000ac, 0x800000a8, 0x800000a4, 0x800000a4, 0x800000a0) WB[MZ 05: 0x80000004]       ExeInst: DASM(00004033)
Cyc=         39 (0x800000b0, 0x800000ac, 0x800000a8, 0x800000a4, 0x800000a4) WB[M  00: 0x00000100]       ExeInst: DASM(00100513)
Cyc=         40 (0x800000b4, 0x800000b0, 0x800000ac, 0x800000a8, 0x800000a4) WB[ Z 00: 0x00000000]       ExeInst: DASM(01f51513)
Cyc=         41 (0x800000b8, 0x800000b4, 0x800000b0, 0x800000ac, 0x800000a8) WB[MZ 0a: 0x00000001]   B   ExeInst: DASM(00054863)
Cyc=         42 (0x800000c0, 0x800000b8, 0x800000b4, 0x800000b0, 0x800000ac) WB[M  0a: 0x80000000]       ExeInst: DASM(00004033)
Cyc=         43 (0x800000c4, 0x800000c0, 0x800000b8, 0x800000b4, 0x800000b0) WB[   10: 0x80000010]       ExeInst: DASM(00004033)
Cyc=         44 (0x800000c8, 0x800000c4, 0x800000c0, 0x800000b8, 0x800000b4) WB[ Z 00: 0x00000000]       ExeInst: DASM(80000297)
Cyc=         45 (0x800000cc, 0x800000c8, 0x800000c4, 0x800000c0, 0x800000b8) WB[MZ 00: 0x00000000]       ExeInst: DASM(f4028293)
Cyc=         46 (0x800000d0, 0x800000cc, 0x800000c8, 0x800000c4, 0x800000c0) WB[MZ 05: 0x000000c0]   B   ExeInst: DASM(00028e63)
Cyc=         47 (0x800000e4, 0x800000d0, 0x800000cc, 0x800000c8, 0x800000c4) WB[M  05: 0x00000000]       ExeInst: DASM(00004033)
Cyc=         48 (0x800000e8, 0x800000e4, 0x800000d0, 0x800000cc, 0x800000c8) WB[   1c: 0x0000001c]       ExeInst: DASM(00004033)
Cyc=         49 (0x800000ec, 0x800000e8, 0x800000e4, 0x800000d0, 0x800000cc) WB[ Z 00: 0x00000000] S     ExeInst: DASM(30005073)
Cyc=         50 (0x800000ec, 0x800000e8, 0x800000e4, 0x800000e4, 0x800000d0) WB[MZ 00: 0x00000000]       ExeInst: DASM(00004033)
Cyc=         51 (0x800000f0, 0x800000ec, 0x800000e8, 0x800000e4, 0x800000e4) WB[M  00: 0x00001800]       ExeInst: DASM(00000297)
Cyc=         52 (0x800000f4, 0x800000f0, 0x800000ec, 0x800000e8, 0x800000e4) WB[ Z 00: 0x00000000]       ExeInst: DASM(01428293)
Cyc=         53 (0x800000f8, 0x800000f4, 0x800000f0, 0x800000ec, 0x800000e8) WB[MZ 05: 0x800000e8] S     ExeInst: DASM(34129073)
Cyc=         54 (0x800000f8, 0x800000f4, 0x800000f0, 0x800000f0, 0x800000ec) WB[MZ 05: 0x800000fc]       ExeInst: DASM(00004033)
Cyc=         55 (0x800000fc, 0x800000f8, 0x800000f4, 0x800000f0, 0x800000f0) WB[M  00: 0x00000000] S     ExeInst: DASM(f1402573)
Cyc=         56 (0x800000fc, 0x800000f8, 0x800000f4, 0x800000f4, 0x800000f0) WB[ Z 00: 0x00000000]       ExeInst: DASM(00004033)
Cyc=         57 (0x80000100, 0x800000fc, 0x800000f8, 0x800000f4, 0x800000f4) WB[M  0a: 0x00000000]       ExeInst: DASM(30200073)
Cyc=         58 (0x80000104, 0x80000100, 0x800000fc, 0x800000f8, 0x800000f4) WB[   00: 0x00000000]   E   ExeInst: DASM(00004033)
Cyc=         59 (0x800000fc, 0x80000100, 0x800000fc, 0x800000fc, 0x800000f8) WB[   00: 0x00000000]       ExeInst: DASM(00004033)
Cyc=         60 (0x80000100, 0x800000fc, 0x80000100, 0x800000fc, 0x800000fc) WB[   00: 0x00000000]       ExeInst: DASM(00004033)
Cyc=         61 (0x80000104, 0x80000100, 0x800000fc, 0x80000100, 0x800000fc) WB[ Z 00: 0x800020fc]       ExeInst: DASM(00002097)
Cyc=         62 (0x80000108, 0x80000104, 0x80000100, 0x800000fc, 0x80000100) WB[MZ 00: 0x00000000]       ExeInst: DASM(f0408093)
Cyc=         63 (0x8000010c, 0x80000108, 0x80000104, 0x80000100, 0x800000fc) WB[MZ 01: 0x800020fc]       ExeInst: DASM(0aa00113)
Cyc=         64 (0x80000110, 0x8000010c, 0x80000108, 0x80000104, 0x80000100) WB[MZ 01: 0x80002000]       ExeInst: DASM(00209023)
Cyc=         65 (0x80000114, 0x80000110, 0x8000010c, 0x80000108, 0x80000104) WB[M  02: 0x000000aa]       ExeInst: DASM(00009f03)
Cyc=         66 (0x80000118, 0x80000114, 0x80000110, 0x8000010c, 0x80000108) WB[ Z 00: 0x80002000]       ExeInst: DASM(0aa00e93)
Cyc=         67 (0x8000011c, 0x80000118, 0x80000114, 0x80000110, 0x8000010c) WB[MZ 1e: 0x000000aa]       ExeInst: DASM(00200193)
Cyc=         68 (0x80000120, 0x8000011c, 0x80000118, 0x80000114, 0x80000110) WB[MZ 1d: 0x000000aa]       ExeInst: DASM(45df1e63)
Cyc=         69 (0x80000124, 0x80000120, 0x8000011c, 0x80000118, 0x80000114) WB[M  03: 0x00000002]       ExeInst: DASM(00002097)
Cyc=         70 (0x80000128, 0x80000124, 0x80000120, 0x8000011c, 0x80000118) WB[ Z 1c: 0x00000506]       ExeInst: DASM(ee408093)
Cyc=         71 (0x8000012c, 0x80000128, 0x80000124, 0x80000120, 0x8000011c) WB[MZ 01: 0x8000211c]       ExeInst: DASM(ffffb137)
Cyc=         72 (0x80000130, 0x8000012c, 0x80000128, 0x80000124, 0x80000120) WB[MZ 01: 0x80002000]       ExeInst: DASM(a0010113)
Cyc=         73 (0x80000134, 0x80000130, 0x8000012c, 0x80000128, 0x80000124) WB[MZ 02: 0xffffb000]       ExeInst: DASM(00209123)
Cyc=         74 (0x80000138, 0x80000134, 0x80000130, 0x8000012c, 0x80000128) WB[M  02: 0xffffaa00]       ExeInst: DASM(00209f03)
Cyc=         75 (0x8000013c, 0x80000138, 0x80000134, 0x80000130, 0x8000012c) WB[ Z 02: 0x80002002]       ExeInst: DASM(ffffbeb7)
Cyc=         76 (0x80000140, 0x8000013c, 0x80000138, 0x80000134, 0x80000130) WB[MZ 1e: 0xffffaa00]       ExeInst: DASM(a00e8e93)
Cyc=         77 (0x80000144, 0x80000140, 0x8000013c, 0x80000138, 0x80000134) WB[MZ 1d: 0xffffb000]       ExeInst: DASM(00300193)
Cyc=         78 (0x80000148, 0x80000144, 0x80000140, 0x8000013c, 0x80000138) WB[MZ 1d: 0xffffaa00]       ExeInst: DASM(43df1a63)
Cyc=         79 (0x8000014c, 0x80000148, 0x80000144, 0x80000140, 0x8000013c) WB[M  03: 0x00000003]       ExeInst: DASM(00002097)
Cyc=         80 (0x80000150, 0x8000014c, 0x80000148, 0x80000144, 0x80000140) WB[ Z 14: 0xffffae34]       ExeInst: DASM(ebc08093)
Cyc=         81 (0x80000154, 0x80000150, 0x8000014c, 0x80000148, 0x80000144) WB[MZ 01: 0x80002144]       ExeInst: DASM(beef1137)
Cyc=         82 (0x80000158, 0x80000154, 0x80000150, 0x8000014c, 0x80000148) WB[MZ 01: 0x80002000]       ExeInst: DASM(aa010113)
Cyc=         83 (0x8000015c, 0x80000158, 0x80000154, 0x80000150, 0x8000014c) WB[MZ 02: 0xbeef1000]       ExeInst: DASM(00209223)
Cyc=         84 (0x80000160, 0x8000015c, 0x80000158, 0x80000154, 0x80000150) WB[M  02: 0xbeef0aa0]       ExeInst: DASM(0040af03)
Cyc=         85 (0x80000164, 0x80000160, 0x8000015c, 0x80000158, 0x80000154) WB[ Z 04: 0x80002004]       ExeInst: DASM(beef1eb7)
Cyc=         86 (0x80000168, 0x80000164, 0x80000160, 0x8000015c, 0x80000158) WB[MZ 1e: 0xbeef0aa0]       ExeInst: DASM(aa0e8e93)
Cyc=         87 (0x8000016c, 0x80000168, 0x80000164, 0x80000160, 0x8000015c) WB[MZ 1d: 0xbeef1000]       ExeInst: DASM(00400193)
Cyc=         88 (0x80000170, 0x8000016c, 0x80000168, 0x80000164, 0x80000160) WB[MZ 1d: 0xbeef0aa0]       ExeInst: DASM(41df1663)
Cyc=         89 (0x80000174, 0x80000170, 0x8000016c, 0x80000168, 0x80000164) WB[M  03: 0x00000004]       ExeInst: DASM(00002097)
Cyc=         90 (0x80000178, 0x80000174, 0x80000170, 0x8000016c, 0x80000168) WB[ Z 0c: 0xbeef0eac]       ExeInst: DASM(e9408093)
Cyc=         91 (0x8000017c, 0x80000178, 0x80000174, 0x80000170, 0x8000016c) WB[MZ 01: 0x8000216c]       ExeInst: DASM(ffffa137)
Cyc=         92 (0x80000180, 0x8000017c, 0x80000178, 0x80000174, 0x80000170) WB[MZ 01: 0x80002000]       ExeInst: DASM(00a10113)
Cyc=         93 (0x80000184, 0x80000180, 0x8000017c, 0x80000178, 0x80000174) WB[MZ 02: 0xffffa000]       ExeInst: DASM(00209323)
Cyc=         94 (0x80000188, 0x80000184, 0x80000180, 0x8000017c, 0x80000178) WB[M  02: 0xffffa00a]       ExeInst: DASM(00609f03)
Cyc=         95 (0x8000018c, 0x80000188, 0x80000184, 0x80000180, 0x8000017c) WB[ Z 06: 0x80002006]       ExeInst: DASM(ffffaeb7)
Cyc=         96 (0x80000190, 0x8000018c, 0x80000188, 0x80000184, 0x80000180) WB[MZ 1e: 0xffffa00a]       ExeInst: DASM(00ae8e93)
Cyc=         97 (0x80000194, 0x80000190, 0x8000018c, 0x80000188, 0x80000184) WB[MZ 1d: 0xffffa000]       ExeInst: DASM(00500193)
Cyc=         98 (0x80000198, 0x80000194, 0x80000190, 0x8000018c, 0x80000188) WB[MZ 1d: 0xffffa00a]       ExeInst: DASM(3fdf1263)
Cyc=         99 (0x8000019c, 0x80000198, 0x80000194, 0x80000190, 0x8000018c) WB[M  03: 0x00000005]       ExeInst: DASM(00002097)
Cyc=        100 (0x800001a0, 0x8000019c, 0x80000198, 0x80000194, 0x80000190) WB[ Z 04: 0xffffa3ee]       ExeInst: DASM(e7a08093)
Cyc=        101 (0x800001a4, 0x800001a0, 0x8000019c, 0x80000198, 0x80000194) WB[MZ 01: 0x80002194]       ExeInst: DASM(0aa00113)
Cyc=        102 (0x800001a8, 0x800001a4, 0x800001a0, 0x8000019c, 0x80000198) WB[MZ 01: 0x8000200e]       ExeInst: DASM(fe209d23)
Cyc=        103 (0x800001ac, 0x800001a8, 0x800001a4, 0x800001a0, 0x8000019c) WB[M  02: 0x000000aa]       ExeInst: DASM(ffa09f03)
Cyc=        104 (0x800001b0, 0x800001ac, 0x800001a8, 0x800001a4, 0x800001a0) WB[ Z 1a: 0x80002008]       ExeInst: DASM(0aa00e93)
Cyc=        105 (0x800001b4, 0x800001b0, 0x800001ac, 0x800001a8, 0x800001a4) WB[MZ 1e: 0x000000aa]       ExeInst: DASM(00600193)
Cyc=        106 (0x800001b8, 0x800001b4, 0x800001b0, 0x800001ac, 0x800001a8) WB[MZ 1d: 0x000000aa]       ExeInst: DASM(3ddf1263)
Cyc=        107 (0x800001bc, 0x800001b8, 0x800001b4, 0x800001b0, 0x800001ac) WB[M  03: 0x00000006]       ExeInst: DASM(00002097)
Cyc=        108 (0x800001c0, 0x800001bc, 0x800001b8, 0x800001b4, 0x800001b0) WB[ Z 04: 0x0000046e]       ExeInst: DASM(e5a08093)
Cyc=        109 (0x800001c4, 0x800001c0, 0x800001bc, 0x800001b8, 0x800001b4) WB[MZ 01: 0x800021b4]       ExeInst: DASM(ffffb137)
Cyc=        110 (0x800001c8, 0x800001c4, 0x800001c0, 0x800001bc, 0x800001b8) WB[MZ 01: 0x8000200e]       ExeInst: DASM(a0010113)
Cyc=        111 (0x800001cc, 0x800001c8, 0x800001c4, 0x800001c0, 0x800001bc) WB[MZ 02: 0xffffb000]       ExeInst: DASM(fe209e23)
Cyc=        112 (0x800001d0, 0x800001cc, 0x800001c8, 0x800001c4, 0x800001c0) WB[M  02: 0xffffaa00]       ExeInst: DASM(ffc09f03)
Cyc=        113 (0x800001d4, 0x800001d0, 0x800001cc, 0x800001c8, 0x800001c4) WB[ Z 1c: 0x8000200a]       ExeInst: DASM(ffffbeb7)
Cyc=        114 (0x800001d8, 0x800001d4, 0x800001d0, 0x800001cc, 0x800001c8) WB[MZ 1e: 0xffffaa00]       ExeInst: DASM(a00e8e93)
Cyc=        115 (0x800001dc, 0x800001d8, 0x800001d4, 0x800001d0, 0x800001cc) WB[MZ 1d: 0xffffb000]       ExeInst: DASM(00700193)
Cyc=        116 (0x800001e0, 0x800001dc, 0x800001d8, 0x800001d4, 0x800001d0) WB[MZ 1d: 0xffffaa00]       ExeInst: DASM(39df1e63)
Cyc=        117 (0x800001e4, 0x800001e0, 0x800001dc, 0x800001d8, 0x800001d4) WB[M  03: 0x00000007]       ExeInst: DASM(00002097)
Cyc=        118 (0x800001e8, 0x800001e4, 0x800001e0, 0x800001dc, 0x800001d8) WB[ Z 1c: 0xffffad9c]       ExeInst: DASM(e3208093)
Cyc=        119 (0x800001ec, 0x800001e8, 0x800001e4, 0x800001e0, 0x800001dc) WB[MZ 01: 0x800021dc]       ExeInst: DASM(00001137)
Cyc=        120 (0x800001f0, 0x800001ec, 0x800001e8, 0x800001e4, 0x800001e0) WB[MZ 01: 0x8000200e]       ExeInst: DASM(aa010113)
Cyc=        121 (0x800001f4, 0x800001f0, 0x800001ec, 0x800001e8, 0x800001e4) WB[MZ 02: 0x00001000]       ExeInst: DASM(fe209f23)
Cyc=        122 (0x800001f8, 0x800001f4, 0x800001f0, 0x800001ec, 0x800001e8) WB[M  02: 0x00000aa0]       ExeInst: DASM(ffe09f03)
Cyc=        123 (0x800001fc, 0x800001f8, 0x800001f4, 0x800001f0, 0x800001ec) WB[ Z 1e: 0x8000200c]       ExeInst: DASM(00001eb7)
Cyc=        124 (0x80000200, 0x800001fc, 0x800001f8, 0x800001f4, 0x800001f0) WB[MZ 1e: 0x00000aa0]       ExeInst: DASM(aa0e8e93)
Cyc=        125 (0x80000204, 0x80000200, 0x800001fc, 0x800001f8, 0x800001f4) WB[MZ 1d: 0x00001000]       ExeInst: DASM(00800193)
Cyc=        126 (0x80000208, 0x80000204, 0x80000200, 0x800001fc, 0x800001f8) WB[MZ 1d: 0x00000aa0]       ExeInst: DASM(37df1a63)
Cyc=        127 (0x8000020c, 0x80000208, 0x80000204, 0x80000200, 0x800001fc) WB[M  03: 0x00000008]       ExeInst: DASM(00002097)
Cyc=        128 (0x80000210, 0x8000020c, 0x80000208, 0x80000204, 0x80000200) WB[ Z 14: 0x00000e14]       ExeInst: DASM(e0a08093)
Cyc=        129 (0x80000214, 0x80000210, 0x8000020c, 0x80000208, 0x80000204) WB[MZ 01: 0x80002204]       ExeInst: DASM(ffffa137)
Cyc=        130 (0x80000218, 0x80000214, 0x80000210, 0x8000020c, 0x80000208) WB[MZ 01: 0x8000200e]       ExeInst: DASM(00a10113)
Cyc=        131 (0x8000021c, 0x80000218, 0x80000214, 0x80000210, 0x8000020c) WB[MZ 02: 0xffffa000]       ExeInst: DASM(00209023)
Cyc=        132 (0x80000220, 0x8000021c, 0x80000218, 0x80000214, 0x80000210) WB[M  02: 0xffffa00a]       ExeInst: DASM(00009f03)
Cyc=        133 (0x80000224, 0x80000220, 0x8000021c, 0x80000218, 0x80000214) WB[ Z 00: 0x8000200e]       ExeInst: DASM(ffffaeb7)
Cyc=        134 (0x80000228, 0x80000224, 0x80000220, 0x8000021c, 0x80000218) WB[MZ 1e: 0xffffa00a]       ExeInst: DASM(00ae8e93)
Cyc=        135 (0x8000022c, 0x80000228, 0x80000224, 0x80000220, 0x8000021c) WB[MZ 1d: 0xffffa000]       ExeInst: DASM(00900193)
Cyc=        136 (0x80000230, 0x8000022c, 0x80000228, 0x80000224, 0x80000220) WB[MZ 1d: 0xffffa00a]       ExeInst: DASM(35df1663)
Cyc=        137 (0x80000234, 0x80000230, 0x8000022c, 0x80000228, 0x80000224) WB[M  03: 0x00000009]       ExeInst: DASM(00002097)
Cyc=        138 (0x80000238, 0x80000234, 0x80000230, 0x8000022c, 0x80000228) WB[ Z 0c: 0xffffa356]       ExeInst: DASM(de408093)
Cyc=        139 (0x8000023c, 0x80000238, 0x80000234, 0x80000230, 0x8000022c) WB[MZ 01: 0x8000222c]       ExeInst: DASM(12345137)
Cyc=        140 (0x80000240, 0x8000023c, 0x80000238, 0x80000234, 0x80000230) WB[MZ 01: 0x80002010]       ExeInst: DASM(67810113)
Cyc=        141 (0x80000244, 0x80000240, 0x8000023c, 0x80000238, 0x80000234) WB[MZ 02: 0x12345000]       ExeInst: DASM(fe008213)
Cyc=        142 (0x80000248, 0x80000244, 0x80000240, 0x8000023c, 0x80000238) WB[MZ 02: 0x12345678]       ExeInst: DASM(02221023)
Cyc=        143 (0x8000024c, 0x80000248, 0x80000244, 0x80000240, 0x8000023c) WB[M  04: 0x80001ff0]       ExeInst: DASM(00009283)
Cyc=        144 (0x80000250, 0x8000024c, 0x80000248, 0x80000244, 0x80000240) WB[ Z 00: 0x80002010]       ExeInst: DASM(00005eb7)
Cyc=        145 (0x80000254, 0x80000250, 0x8000024c, 0x80000248, 0x80000244) WB[MZ 05: 0x00005678]       ExeInst: DASM(678e8e93)
Cyc=        146 (0x80000258, 0x80000254, 0x80000250, 0x8000024c, 0x80000248) WB[MZ 1d: 0x00005000]       ExeInst: DASM(00a00193)
Cyc=        147 (0x8000025c, 0x80000258, 0x80000254, 0x80000250, 0x8000024c) WB[MZ 1d: 0x00005678]       ExeInst: DASM(33d29063)
Cyc=        148 (0x80000260, 0x8000025c, 0x80000258, 0x80000254, 0x80000250) WB[M  03: 0x0000000a]       ExeInst: DASM(00002097)
Cyc=        149 (0x80000264, 0x80000260, 0x8000025c, 0x80000258, 0x80000254) WB[ Z 00: 0x00005998]       ExeInst: DASM(db808093)
Cyc=        150 (0x80000268, 0x80000264, 0x80000260, 0x8000025c, 0x80000258) WB[MZ 01: 0x80002258]       ExeInst: DASM(00003137)
Cyc=        151 (0x8000026c, 0x80000268, 0x80000264, 0x80000260, 0x8000025c) WB[MZ 01: 0x80002010]       ExeInst: DASM(09810113)
Cyc=        152 (0x80000270, 0x8000026c, 0x80000268, 0x80000264, 0x80000260) WB[MZ 02: 0x00003000]       ExeInst: DASM(ffb08093)
Cyc=        153 (0x80000274, 0x80000270, 0x8000026c, 0x80000268, 0x80000264) WB[MZ 02: 0x00003098]       ExeInst: DASM(002093a3)
Cyc=        154 (0x80000278, 0x80000274, 0x80000270, 0x8000026c, 0x80000268) WB[M  01: 0x8000200b]       ExeInst: DASM(00002217)
Cyc=        155 (0x8000027c, 0x80000278, 0x80000274, 0x80000270, 0x8000026c) WB[ Z 07: 0x80002012]       ExeInst: DASM(da220213)
Cyc=        156 (0x80000280, 0x8000027c, 0x80000278, 0x80000274, 0x80000270) WB[MZ 04: 0x80002270]       ExeInst: DASM(00021283)
Cyc=        157 (0x80000284, 0x80000280, 0x8000027c, 0x80000278, 0x80000274) WB[MZ 04: 0x80002012]       ExeInst: DASM(00003eb7)
Cyc=        158 (0x80000288, 0x80000284, 0x80000280, 0x8000027c, 0x80000278) WB[MZ 05: 0x00003098]       ExeInst: DASM(098e8e93)
Cyc=        159 (0x8000028c, 0x80000288, 0x80000284, 0x80000280, 0x8000027c) WB[MZ 1d: 0x00003000]       ExeInst: DASM(00b00193)
Cyc=        160 (0x80000290, 0x8000028c, 0x80000288, 0x80000284, 0x80000280) WB[MZ 1d: 0x00003098]       ExeInst: DASM(2fd29663)
Cyc=        161 (0x80000294, 0x80000290, 0x8000028c, 0x80000288, 0x80000284) WB[M  03: 0x0000000b]       ExeInst: DASM(00c00193)
Cyc=        162 (0x80000298, 0x80000294, 0x80000290, 0x8000028c, 0x80000288) WB[ Z 0c: 0x00003384]       ExeInst: DASM(00000213)
Cyc=        163 (0x8000029c, 0x80000298, 0x80000294, 0x80000290, 0x8000028c) WB[MZ 03: 0x0000000c]       ExeInst: DASM(ffffd0b7)
Cyc=        164 (0x800002a0, 0x8000029c, 0x80000298, 0x80000294, 0x80000290) WB[MZ 04: 0x00000000]       ExeInst: DASM(cdd08093)
Cyc=        165 (0x800002a4, 0x800002a0, 0x8000029c, 0x80000298, 0x80000294) WB[MZ 01: 0xffffd000]       ExeInst: DASM(00002117)
Cyc=        166 (0x800002a8, 0x800002a4, 0x800002a0, 0x8000029c, 0x80000298) WB[MZ 01: 0xffffccdd]       ExeInst: DASM(d6410113)
Cyc=        167 (0x800002ac, 0x800002a8, 0x800002a4, 0x800002a0, 0x8000029c) WB[MZ 02: 0x8000229c]       ExeInst: DASM(00111023)
Cyc=        168 (0x800002b0, 0x800002ac, 0x800002a8, 0x800002a4, 0x800002a0) WB[M  02: 0x80002000]       ExeInst: DASM(00011f03)
Cyc=        169 (0x800002b4, 0x800002b0, 0x800002ac, 0x800002a8, 0x800002a4) WB[ Z 00: 0x80002000]       ExeInst: DASM(ffffdeb7)
Cyc=        170 (0x800002b8, 0x800002b4, 0x800002b0, 0x800002ac, 0x800002a8) WB[MZ 1e: 0xffffccdd]       ExeInst: DASM(cdde8e93)
Cyc=        171 (0x800002bc, 0x800002b8, 0x800002b4, 0x800002b0, 0x800002ac) WB[MZ 1d: 0xffffd000]       ExeInst: DASM(2ddf1063)
Cyc=        172 (0x800002c0, 0x800002bc, 0x800002b8, 0x800002b4, 0x800002b0) WB[M  1d: 0xffffccdd]       ExeInst: DASM(00120213)
Cyc=        173 (0x800002c4, 0x800002c0, 0x800002bc, 0x800002b8, 0x800002b4) WB[ Z 00: 0xffffcf9d]       ExeInst: DASM(00200293)
Cyc=        174 (0x800002c8, 0x800002c4, 0x800002c0, 0x800002bc, 0x800002b8) WB[MZ 04: 0x00000001]   B   ExeInst: DASM(fc521ae3)
Cyc=        175 (0x80000294, 0x800002c8, 0x800002c4, 0x800002c0, 0x800002bc) WB[M  05: 0x00000002]       ExeInst: DASM(00004033)
Cyc=        176 (0x80000298, 0x80000294, 0x800002c8, 0x800002c4, 0x800002c0) WB[   15: 0xffffffd5]       ExeInst: DASM(00004033)
Cyc=        177 (0x8000029c, 0x80000298, 0x80000294, 0x800002c8, 0x800002c4) WB[ Z 00: 0x0000000d]       ExeInst: DASM(ffffd0b7)
Cyc=        178 (0x800002a0, 0x8000029c, 0x80000298, 0x80000294, 0x800002c8) WB[MZ 00: 0x00000000]       ExeInst: DASM(cdd08093)
Cyc=        179 (0x800002a4, 0x800002a0, 0x8000029c, 0x80000298, 0x80000294) WB[MZ 01: 0xffffd000]       ExeInst: DASM(00002117)
Cyc=        180 (0x800002a8, 0x800002a4, 0x800002a0, 0x8000029c, 0x80000298) WB[MZ 01: 0xffffccdd]       ExeInst: DASM(d6410113)
Cyc=        181 (0x800002ac, 0x800002a8, 0x800002a4, 0x800002a0, 0x8000029c) WB[MZ 02: 0x8000229c]       ExeInst: DASM(00111023)
Cyc=        182 (0x800002b0, 0x800002ac, 0x800002a8, 0x800002a4, 0x800002a0) WB[M  02: 0x80002000]       ExeInst: DASM(00011f03)
Cyc=        183 (0x800002b4, 0x800002b0, 0x800002ac, 0x800002a8, 0x800002a4) WB[ Z 00: 0x80002000]       ExeInst: DASM(ffffdeb7)
Cyc=        184 (0x800002b8, 0x800002b4, 0x800002b0, 0x800002ac, 0x800002a8) WB[MZ 1e: 0xffffccdd]       ExeInst: DASM(cdde8e93)
Cyc=        185 (0x800002bc, 0x800002b8, 0x800002b4, 0x800002b0, 0x800002ac) WB[MZ 1d: 0xffffd000]       ExeInst: DASM(2ddf1063)
Cyc=        186 (0x800002c0, 0x800002bc, 0x800002b8, 0x800002b4, 0x800002b0) WB[M  1d: 0xffffccdd]       ExeInst: DASM(00120213)
Cyc=        187 (0x800002c4, 0x800002c0, 0x800002bc, 0x800002b8, 0x800002b4) WB[ Z 00: 0xffffcf9d]       ExeInst: DASM(00200293)
Cyc=        188 (0x800002c8, 0x800002c4, 0x800002c0, 0x800002bc, 0x800002b8) WB[MZ 04: 0x00000002]       ExeInst: DASM(fc521ae3)
Cyc=        189 (0x800002cc, 0x800002c8, 0x800002c4, 0x800002c0, 0x800002bc) WB[M  05: 0x00000002]       ExeInst: DASM(00d00193)
Cyc=        190 (0x800002d0, 0x800002cc, 0x800002c8, 0x800002c4, 0x800002c0) WB[ Z 15: 0xffffffd6]       ExeInst: DASM(00000213)
Cyc=        191 (0x800002d4, 0x800002d0, 0x800002cc, 0x800002c8, 0x800002c4) WB[MZ 03: 0x0000000d]       ExeInst: DASM(ffffc0b7)
Cyc=        192 (0x800002d8, 0x800002d4, 0x800002d0, 0x800002cc, 0x800002c8) WB[MZ 04: 0x00000000]       ExeInst: DASM(ccd08093)
Cyc=        193 (0x800002dc, 0x800002d8, 0x800002d4, 0x800002d0, 0x800002cc) WB[MZ 01: 0xffffc000]       ExeInst: DASM(00002117)
Cyc=        194 (0x800002e0, 0x800002dc, 0x800002d8, 0x800002d4, 0x800002d0) WB[MZ 01: 0xffffbccd]       ExeInst: DASM(d2c10113)
Cyc=        195 (0x800002e4, 0x800002e0, 0x800002dc, 0x800002d8, 0x800002d4) WB[MZ 02: 0x800022d4]       ExeInst: DASM(00000013)
Cyc=        196 (0x800002e8, 0x800002e4, 0x800002e0, 0x800002dc, 0x800002d8) WB[MZ 02: 0x80002000]       ExeInst: DASM(00111123)
Cyc=        197 (0x800002ec, 0x800002e8, 0x800002e4, 0x800002e0, 0x800002dc) WB[M  00: 0x00000000]       ExeInst: DASM(00211f03)
Cyc=        198 (0x800002f0, 0x800002ec, 0x800002e8, 0x800002e4, 0x800002e0) WB[ Z 02: 0x80002002]       ExeInst: DASM(ffffceb7)
Cyc=        199 (0x800002f4, 0x800002f0, 0x800002ec, 0x800002e8, 0x800002e4) WB[MZ 1e: 0xffffbccd]       ExeInst: DASM(ccde8e93)
Cyc=        200 (0x800002f8, 0x800002f4, 0x800002f0, 0x800002ec, 0x800002e8) WB[MZ 1d: 0xffffc000]       ExeInst: DASM(29df1263)
Cyc=        201 (0x800002fc, 0x800002f8, 0x800002f4, 0x800002f0, 0x800002ec) WB[M  1d: 0xffffbccd]       ExeInst: DASM(00120213)
Cyc=        202 (0x80000300, 0x800002fc, 0x800002f8, 0x800002f4, 0x800002f0) WB[ Z 04: 0xffffbf51]       ExeInst: DASM(00200293)
Cyc=        203 (0x80000304, 0x80000300, 0x800002fc, 0x800002f8, 0x800002f4) WB[MZ 04: 0x00000001]   B   ExeInst: DASM(fc5218e3)
Cyc=        204 (0x800002cc, 0x80000304, 0x80000300, 0x800002fc, 0x800002f8) WB[M  05: 0x00000002]       ExeInst: DASM(00004033)
Cyc=        205 (0x800002d0, 0x800002cc, 0x80000304, 0x80000300, 0x800002fc) WB[   11: 0xffffffd1]       ExeInst: DASM(00004033)
Cyc=        206 (0x800002d4, 0x800002d0, 0x800002cc, 0x80000304, 0x80000300) WB[ Z 00: 0x0000000e]       ExeInst: DASM(ffffc0b7)
Cyc=        207 (0x800002d8, 0x800002d4, 0x800002d0, 0x800002cc, 0x80000304) WB[MZ 00: 0x00000000]       ExeInst: DASM(ccd08093)
Cyc=        208 (0x800002dc, 0x800002d8, 0x800002d4, 0x800002d0, 0x800002cc) WB[MZ 01: 0xffffc000]       ExeInst: DASM(00002117)
Cyc=        209 (0x800002e0, 0x800002dc, 0x800002d8, 0x800002d4, 0x800002d0) WB[MZ 01: 0xffffbccd]       ExeInst: DASM(d2c10113)
Cyc=        210 (0x800002e4, 0x800002e0, 0x800002dc, 0x800002d8, 0x800002d4) WB[MZ 02: 0x800022d4]       ExeInst: DASM(00000013)
Cyc=        211 (0x800002e8, 0x800002e4, 0x800002e0, 0x800002dc, 0x800002d8) WB[MZ 02: 0x80002000]       ExeInst: DASM(00111123)
Cyc=        212 (0x800002ec, 0x800002e8, 0x800002e4, 0x800002e0, 0x800002dc) WB[M  00: 0x00000000]       ExeInst: DASM(00211f03)
Cyc=        213 (0x800002f0, 0x800002ec, 0x800002e8, 0x800002e4, 0x800002e0) WB[ Z 02: 0x80002002]       ExeInst: DASM(ffffceb7)
Cyc=        214 (0x800002f4, 0x800002f0, 0x800002ec, 0x800002e8, 0x800002e4) WB[MZ 1e: 0xffffbccd]       ExeInst: DASM(ccde8e93)
Cyc=        215 (0x800002f8, 0x800002f4, 0x800002f0, 0x800002ec, 0x800002e8) WB[MZ 1d: 0xffffc000]       ExeInst: DASM(29df1263)
Cyc=        216 (0x800002fc, 0x800002f8, 0x800002f4, 0x800002f0, 0x800002ec) WB[M  1d: 0xffffbccd]       ExeInst: DASM(00120213)
Cyc=        217 (0x80000300, 0x800002fc, 0x800002f8, 0x800002f4, 0x800002f0) WB[ Z 04: 0xffffbf51]       ExeInst: DASM(00200293)
Cyc=        218 (0x80000304, 0x80000300, 0x800002fc, 0x800002f8, 0x800002f4) WB[MZ 04: 0x00000002]       ExeInst: DASM(fc5218e3)
Cyc=        219 (0x80000308, 0x80000304, 0x80000300, 0x800002fc, 0x800002f8) WB[M  05: 0x00000002]       ExeInst: DASM(00e00193)
Cyc=        220 (0x8000030c, 0x80000308, 0x80000304, 0x80000300, 0x800002fc) WB[ Z 11: 0xffffffd2]       ExeInst: DASM(00000213)
Cyc=        221 (0x80000310, 0x8000030c, 0x80000308, 0x80000304, 0x80000300) WB[MZ 03: 0x0000000e]       ExeInst: DASM(ffffc0b7)
Cyc=        222 (0x80000314, 0x80000310, 0x8000030c, 0x80000308, 0x80000304) WB[MZ 04: 0x00000000]       ExeInst: DASM(bcc08093)
Cyc=        223 (0x80000318, 0x80000314, 0x80000310, 0x8000030c, 0x80000308) WB[MZ 01: 0xffffc000]       ExeInst: DASM(00002117)
Cyc=        224 (0x8000031c, 0x80000318, 0x80000314, 0x80000310, 0x8000030c) WB[MZ 01: 0xffffbbcc]       ExeInst: DASM(cf010113)
Cyc=        225 (0x80000320, 0x8000031c, 0x80000318, 0x80000314, 0x80000310) WB[MZ 02: 0x80002310]       ExeInst: DASM(00000013)
Cyc=        226 (0x80000324, 0x80000320, 0x8000031c, 0x80000318, 0x80000314) WB[MZ 02: 0x80002000]       ExeInst: DASM(00000013)
Cyc=        227 (0x80000328, 0x80000324, 0x80000320, 0x8000031c, 0x80000318) WB[MZ 00: 0x00000000]       ExeInst: DASM(00111223)
Cyc=        228 (0x8000032c, 0x80000328, 0x80000324, 0x80000320, 0x8000031c) WB[M  00: 0x00000000]       ExeInst: DASM(00411f03)
Cyc=        229 (0x80000330, 0x8000032c, 0x80000328, 0x80000324, 0x80000320) WB[ Z 04: 0x80002004]       ExeInst: DASM(ffffceb7)
Cyc=        230 (0x80000334, 0x80000330, 0x8000032c, 0x80000328, 0x80000324) WB[MZ 1e: 0xffffbbcc]       ExeInst: DASM(bcce8e93)
Cyc=        231 (0x80000338, 0x80000334, 0x80000330, 0x8000032c, 0x80000328) WB[MZ 1d: 0xffffc000]       ExeInst: DASM(25df1263)
Cyc=        232 (0x8000033c, 0x80000338, 0x80000334, 0x80000330, 0x8000032c) WB[M  1d: 0xffffbbcc]       ExeInst: DASM(00120213)
Cyc=        233 (0x80000340, 0x8000033c, 0x80000338, 0x80000334, 0x80000330) WB[ Z 04: 0xffffbe10]       ExeInst: DASM(00200293)
Cyc=        234 (0x80000344, 0x80000340, 0x8000033c, 0x80000338, 0x80000334) WB[MZ 04: 0x00000001]   B   ExeInst: DASM(fc5216e3)
Cyc=        235 (0x80000308, 0x80000344, 0x80000340, 0x8000033c, 0x80000338) WB[M  05: 0x00000002]       ExeInst: DASM(00004033)
Cyc=        236 (0x8000030c, 0x80000308, 0x80000344, 0x80000340, 0x8000033c) WB[   0d: 0xffffffcd]       ExeInst: DASM(00004033)
Cyc=        237 (0x80000310, 0x8000030c, 0x80000308, 0x80000344, 0x80000340) WB[ Z 00: 0x0000000f]       ExeInst: DASM(ffffc0b7)
Cyc=        238 (0x80000314, 0x80000310, 0x8000030c, 0x80000308, 0x80000344) WB[MZ 00: 0x00000000]       ExeInst: DASM(bcc08093)
Cyc=        239 (0x80000318, 0x80000314, 0x80000310, 0x8000030c, 0x80000308) WB[MZ 01: 0xffffc000]       ExeInst: DASM(00002117)
Cyc=        240 (0x8000031c, 0x80000318, 0x80000314, 0x80000310, 0x8000030c) WB[MZ 01: 0xffffbbcc]       ExeInst: DASM(cf010113)
Cyc=        241 (0x80000320, 0x8000031c, 0x80000318, 0x80000314, 0x80000310) WB[MZ 02: 0x80002310]       ExeInst: DASM(00000013)
Cyc=        242 (0x80000324, 0x80000320, 0x8000031c, 0x80000318, 0x80000314) WB[MZ 02: 0x80002000]       ExeInst: DASM(00000013)
Cyc=        243 (0x80000328, 0x80000324, 0x80000320, 0x8000031c, 0x80000318) WB[MZ 00: 0x00000000]       ExeInst: DASM(00111223)
Cyc=        244 (0x8000032c, 0x80000328, 0x80000324, 0x80000320, 0x8000031c) WB[M  00: 0x00000000]       ExeInst: DASM(00411f03)
Cyc=        245 (0x80000330, 0x8000032c, 0x80000328, 0x80000324, 0x80000320) WB[ Z 04: 0x80002004]       ExeInst: DASM(ffffceb7)
Cyc=        246 (0x80000334, 0x80000330, 0x8000032c, 0x80000328, 0x80000324) WB[MZ 1e: 0xffffbbcc]       ExeInst: DASM(bcce8e93)
Cyc=        247 (0x80000338, 0x80000334, 0x80000330, 0x8000032c, 0x80000328) WB[MZ 1d: 0xffffc000]       ExeInst: DASM(25df1263)
Cyc=        248 (0x8000033c, 0x80000338, 0x80000334, 0x80000330, 0x8000032c) WB[M  1d: 0xffffbbcc]       ExeInst: DASM(00120213)
Cyc=        249 (0x80000340, 0x8000033c, 0x80000338, 0x80000334, 0x80000330) WB[ Z 04: 0xffffbe10]       ExeInst: DASM(00200293)
Cyc=        250 (0x80000344, 0x80000340, 0x8000033c, 0x80000338, 0x80000334) WB[MZ 04: 0x00000002]       ExeInst: DASM(fc5216e3)
Cyc=        251 (0x80000348, 0x80000344, 0x80000340, 0x8000033c, 0x80000338) WB[M  05: 0x00000002]       ExeInst: DASM(00f00193)
Cyc=        252 (0x8000034c, 0x80000348, 0x80000344, 0x80000340, 0x8000033c) WB[ Z 0d: 0xffffffce]       ExeInst: DASM(00000213)
Cyc=        253 (0x80000350, 0x8000034c, 0x80000348, 0x80000344, 0x80000340) WB[MZ 03: 0x0000000f]       ExeInst: DASM(ffffb0b7)
Cyc=        254 (0x80000354, 0x80000350, 0x8000034c, 0x80000348, 0x80000344) WB[MZ 04: 0x00000000]       ExeInst: DASM(bbc08093)
Cyc=        255 (0x80000358, 0x80000354, 0x80000350, 0x8000034c, 0x80000348) WB[MZ 01: 0xffffb000]       ExeInst: DASM(00000013)
Cyc=        256 (0x8000035c, 0x80000358, 0x80000354, 0x80000350, 0x8000034c) WB[MZ 01: 0xffffabbc]       ExeInst: DASM(00002117)
Cyc=        257 (0x80000360, 0x8000035c, 0x80000358, 0x80000354, 0x80000350) WB[MZ 00: 0x00000000]       ExeInst: DASM(cac10113)
Cyc=        258 (0x80000364, 0x80000360, 0x8000035c, 0x80000358, 0x80000354) WB[MZ 02: 0x80002354]       ExeInst: DASM(00111323)
Cyc=        259 (0x80000368, 0x80000364, 0x80000360, 0x8000035c, 0x80000358) WB[M  02: 0x80002000]       ExeInst: DASM(00611f03)
Cyc=        260 (0x8000036c, 0x80000368, 0x80000364, 0x80000360, 0x8000035c) WB[ Z 06: 0x80002006]       ExeInst: DASM(ffffbeb7)
Cyc=        261 (0x80000370, 0x8000036c, 0x80000368, 0x80000364, 0x80000360) WB[MZ 1e: 0xffffabbc]       ExeInst: DASM(bbce8e93)
Cyc=        262 (0x80000374, 0x80000370, 0x8000036c, 0x80000368, 0x80000364) WB[MZ 1d: 0xffffb000]       ExeInst: DASM(21df1463)
Cyc=        263 (0x80000378, 0x80000374, 0x80000370, 0x8000036c, 0x80000368) WB[M  1d: 0xffffabbc]       ExeInst: DASM(00120213)
Cyc=        264 (0x8000037c, 0x80000378, 0x80000374, 0x80000370, 0x8000036c) WB[ Z 08: 0xffffadc4]       ExeInst: DASM(00200293)
Cyc=        265 (0x80000380, 0x8000037c, 0x80000378, 0x80000374, 0x80000370) WB[MZ 04: 0x00000001]   B   ExeInst: DASM(fc5218e3)
Cyc=        266 (0x80000348, 0x80000380, 0x8000037c, 0x80000378, 0x80000374) WB[M  05: 0x00000002]       ExeInst: DASM(00004033)
Cyc=        267 (0x8000034c, 0x80000348, 0x80000380, 0x8000037c, 0x80000378) WB[   11: 0xffffffd1]       ExeInst: DASM(00004033)
Cyc=        268 (0x80000350, 0x8000034c, 0x80000348, 0x80000380, 0x8000037c) WB[ Z 00: 0x00000010]       ExeInst: DASM(ffffb0b7)
Cyc=        269 (0x80000354, 0x80000350, 0x8000034c, 0x80000348, 0x80000380) WB[MZ 00: 0x00000000]       ExeInst: DASM(bbc08093)
Cyc=        270 (0x80000358, 0x80000354, 0x80000350, 0x8000034c, 0x80000348) WB[MZ 01: 0xffffb000]       ExeInst: DASM(00000013)
Cyc=        271 (0x8000035c, 0x80000358, 0x80000354, 0x80000350, 0x8000034c) WB[MZ 01: 0xffffabbc]       ExeInst: DASM(00002117)
Cyc=        272 (0x80000360, 0x8000035c, 0x80000358, 0x80000354, 0x80000350) WB[MZ 00: 0x00000000]       ExeInst: DASM(cac10113)
Cyc=        273 (0x80000364, 0x80000360, 0x8000035c, 0x80000358, 0x80000354) WB[MZ 02: 0x80002354]       ExeInst: DASM(00111323)
Cyc=        274 (0x80000368, 0x80000364, 0x80000360, 0x8000035c, 0x80000358) WB[M  02: 0x80002000]       ExeInst: DASM(00611f03)
Cyc=        275 (0x8000036c, 0x80000368, 0x80000364, 0x80000360, 0x8000035c) WB[ Z 06: 0x80002006]       ExeInst: DASM(ffffbeb7)
Cyc=        276 (0x80000370, 0x8000036c, 0x80000368, 0x80000364, 0x80000360) WB[MZ 1e: 0xffffabbc]       ExeInst: DASM(bbce8e93)
Cyc=        277 (0x80000374, 0x80000370, 0x8000036c, 0x80000368, 0x80000364) WB[MZ 1d: 0xffffb000]       ExeInst: DASM(21df1463)
Cyc=        278 (0x80000378, 0x80000374, 0x80000370, 0x8000036c, 0x80000368) WB[M  1d: 0xffffabbc]       ExeInst: DASM(00120213)
Cyc=        279 (0x8000037c, 0x80000378, 0x80000374, 0x80000370, 0x8000036c) WB[ Z 08: 0xffffadc4]       ExeInst: DASM(00200293)
Cyc=        280 (0x80000380, 0x8000037c, 0x80000378, 0x80000374, 0x80000370) WB[MZ 04: 0x00000002]       ExeInst: DASM(fc5218e3)
Cyc=        281 (0x80000384, 0x80000380, 0x8000037c, 0x80000378, 0x80000374) WB[M  05: 0x00000002]       ExeInst: DASM(01000193)
Cyc=        282 (0x80000388, 0x80000384, 0x80000380, 0x8000037c, 0x80000378) WB[ Z 11: 0xffffffd2]       ExeInst: DASM(00000213)
Cyc=        283 (0x8000038c, 0x80000388, 0x80000384, 0x80000380, 0x8000037c) WB[MZ 03: 0x00000010]       ExeInst: DASM(ffffb0b7)
Cyc=        284 (0x80000390, 0x8000038c, 0x80000388, 0x80000384, 0x80000380) WB[MZ 04: 0x00000000]       ExeInst: DASM(abb08093)
Cyc=        285 (0x80000394, 0x80000390, 0x8000038c, 0x80000388, 0x80000384) WB[MZ 01: 0xffffb000]       ExeInst: DASM(00000013)
Cyc=        286 (0x80000398, 0x80000394, 0x80000390, 0x8000038c, 0x80000388) WB[MZ 01: 0xffffaabb]       ExeInst: DASM(00002117)
Cyc=        287 (0x8000039c, 0x80000398, 0x80000394, 0x80000390, 0x8000038c) WB[MZ 00: 0x00000000]       ExeInst: DASM(c7010113)
Cyc=        288 (0x800003a0, 0x8000039c, 0x80000398, 0x80000394, 0x80000390) WB[MZ 02: 0x80002390]       ExeInst: DASM(00000013)
Cyc=        289 (0x800003a4, 0x800003a0, 0x8000039c, 0x80000398, 0x80000394) WB[MZ 02: 0x80002000]       ExeInst: DASM(00111423)
Cyc=        290 (0x800003a8, 0x800003a4, 0x800003a0, 0x8000039c, 0x80000398) WB[M  00: 0x00000000]       ExeInst: DASM(00811f03)
Cyc=        291 (0x800003ac, 0x800003a8, 0x800003a4, 0x800003a0, 0x8000039c) WB[ Z 08: 0x80002008]       ExeInst: DASM(ffffbeb7)
Cyc=        292 (0x800003b0, 0x800003ac, 0x800003a8, 0x800003a4, 0x800003a0) WB[MZ 1e: 0xffffaabb]       ExeInst: DASM(abbe8e93)
Cyc=        293 (0x800003b4, 0x800003b0, 0x800003ac, 0x800003a8, 0x800003a4) WB[MZ 1d: 0xffffb000]       ExeInst: DASM(1ddf1463)
Cyc=        294 (0x800003b8, 0x800003b4, 0x800003b0, 0x800003ac, 0x800003a8) WB[M  1d: 0xffffaabb]       ExeInst: DASM(00120213)
Cyc=        295 (0x800003bc, 0x800003b8, 0x800003b4, 0x800003b0, 0x800003ac) WB[ Z 08: 0xffffac83]       ExeInst: DASM(00200293)
Cyc=        296 (0x800003c0, 0x800003bc, 0x800003b8, 0x800003b4, 0x800003b0) WB[MZ 04: 0x00000001]   B   ExeInst: DASM(fc5216e3)
Cyc=        297 (0x80000384, 0x800003c0, 0x800003bc, 0x800003b8, 0x800003b4) WB[M  05: 0x00000002]       ExeInst: DASM(00004033)
Cyc=        298 (0x80000388, 0x80000384, 0x800003c0, 0x800003bc, 0x800003b8) WB[   0d: 0xffffffcd]       ExeInst: DASM(00004033)
Cyc=        299 (0x8000038c, 0x80000388, 0x80000384, 0x800003c0, 0x800003bc) WB[ Z 00: 0x00000011]       ExeInst: DASM(ffffb0b7)
Cyc=        300 (0x80000390, 0x8000038c, 0x80000388, 0x80000384, 0x800003c0) WB[MZ 00: 0x00000000]       ExeInst: DASM(abb08093)
Cyc=        301 (0x80000394, 0x80000390, 0x8000038c, 0x80000388, 0x80000384) WB[MZ 01: 0xffffb000]       ExeInst: DASM(00000013)
Cyc=        302 (0x80000398, 0x80000394, 0x80000390, 0x8000038c, 0x80000388) WB[MZ 01: 0xffffaabb]       ExeInst: DASM(00002117)
Cyc=        303 (0x8000039c, 0x80000398, 0x80000394, 0x80000390, 0x8000038c) WB[MZ 00: 0x00000000]       ExeInst: DASM(c7010113)
Cyc=        304 (0x800003a0, 0x8000039c, 0x80000398, 0x80000394, 0x80000390) WB[MZ 02: 0x80002390]       ExeInst: DASM(00000013)
Cyc=        305 (0x800003a4, 0x800003a0, 0x8000039c, 0x80000398, 0x80000394) WB[MZ 02: 0x80002000]       ExeInst: DASM(00111423)
Cyc=        306 (0x800003a8, 0x800003a4, 0x800003a0, 0x8000039c, 0x80000398) WB[M  00: 0x00000000]       ExeInst: DASM(00811f03)
Cyc=        307 (0x800003ac, 0x800003a8, 0x800003a4, 0x800003a0, 0x8000039c) WB[ Z 08: 0x80002008]       ExeInst: DASM(ffffbeb7)
Cyc=        308 (0x800003b0, 0x800003ac, 0x800003a8, 0x800003a4, 0x800003a0) WB[MZ 1e: 0xffffaabb]       ExeInst: DASM(abbe8e93)
Cyc=        309 (0x800003b4, 0x800003b0, 0x800003ac, 0x800003a8, 0x800003a4) WB[MZ 1d: 0xffffb000]       ExeInst: DASM(1ddf1463)
Cyc=        310 (0x800003b8, 0x800003b4, 0x800003b0, 0x800003ac, 0x800003a8) WB[M  1d: 0xffffaabb]       ExeInst: DASM(00120213)
Cyc=        311 (0x800003bc, 0x800003b8, 0x800003b4, 0x800003b0, 0x800003ac) WB[ Z 08: 0xffffac83]       ExeInst: DASM(00200293)
Cyc=        312 (0x800003c0, 0x800003bc, 0x800003b8, 0x800003b4, 0x800003b0) WB[MZ 04: 0x00000002]       ExeInst: DASM(fc5216e3)
Cyc=        313 (0x800003c4, 0x800003c0, 0x800003bc, 0x800003b8, 0x800003b4) WB[M  05: 0x00000002]       ExeInst: DASM(01100193)
Cyc=        314 (0x800003c8, 0x800003c4, 0x800003c0, 0x800003bc, 0x800003b8) WB[ Z 0d: 0xffffffce]       ExeInst: DASM(00000213)
Cyc=        315 (0x800003cc, 0x800003c8, 0x800003c4, 0x800003c0, 0x800003bc) WB[MZ 03: 0x00000011]       ExeInst: DASM(ffffe0b7)
Cyc=        316 (0x800003d0, 0x800003cc, 0x800003c8, 0x800003c4, 0x800003c0) WB[MZ 04: 0x00000000]       ExeInst: DASM(aab08093)
Cyc=        317 (0x800003d4, 0x800003d0, 0x800003cc, 0x800003c8, 0x800003c4) WB[MZ 01: 0xffffe000]       ExeInst: DASM(00000013)
Cyc=        318 (0x800003d8, 0x800003d4, 0x800003d0, 0x800003cc, 0x800003c8) WB[MZ 01: 0xffffdaab]       ExeInst: DASM(00000013)
Cyc=        319 (0x800003dc, 0x800003d8, 0x800003d4, 0x800003d0, 0x800003cc) WB[MZ 00: 0x00000000]       ExeInst: DASM(00002117)
Cyc=        320 (0x800003e0, 0x800003dc, 0x800003d8, 0x800003d4, 0x800003d0) WB[MZ 00: 0x00000000]       ExeInst: DASM(c2c10113)
Cyc=        321 (0x800003e4, 0x800003e0, 0x800003dc, 0x800003d8, 0x800003d4) WB[MZ 02: 0x800023d4]       ExeInst: DASM(00111523)
Cyc=        322 (0x800003e8, 0x800003e4, 0x800003e0, 0x800003dc, 0x800003d8) WB[M  02: 0x80002000]       ExeInst: DASM(00a11f03)
Cyc=        323 (0x800003ec, 0x800003e8, 0x800003e4, 0x800003e0, 0x800003dc) WB[ Z 0a: 0x8000200a]       ExeInst: DASM(ffffeeb7)
Cyc=        324 (0x800003f0, 0x800003ec, 0x800003e8, 0x800003e4, 0x800003e0) WB[MZ 1e: 0xffffdaab]       ExeInst: DASM(aabe8e93)
Cyc=        325 (0x800003f4, 0x800003f0, 0x800003ec, 0x800003e8, 0x800003e4) WB[MZ 1d: 0xffffe000]       ExeInst: DASM(19df1463)
Cyc=        326 (0x800003f8, 0x800003f4, 0x800003f0, 0x800003ec, 0x800003e8) WB[M  1d: 0xffffdaab]       ExeInst: DASM(00120213)
Cyc=        327 (0x800003fc, 0x800003f8, 0x800003f4, 0x800003f0, 0x800003ec) WB[ Z 08: 0xffffdc33]       ExeInst: DASM(00200293)
Cyc=        328 (0x80000400, 0x800003fc, 0x800003f8, 0x800003f4, 0x800003f0) WB[MZ 04: 0x00000001]   B   ExeInst: DASM(fc5216e3)
Cyc=        329 (0x800003c4, 0x80000400, 0x800003fc, 0x800003f8, 0x800003f4) WB[M  05: 0x00000002]       ExeInst: DASM(00004033)
Cyc=        330 (0x800003c8, 0x800003c4, 0x80000400, 0x800003fc, 0x800003f8) WB[   0d: 0xffffffcd]       ExeInst: DASM(00004033)
Cyc=        331 (0x800003cc, 0x800003c8, 0x800003c4, 0x80000400, 0x800003fc) WB[ Z 00: 0x00000012]       ExeInst: DASM(ffffe0b7)
Cyc=        332 (0x800003d0, 0x800003cc, 0x800003c8, 0x800003c4, 0x80000400) WB[MZ 00: 0x00000000]       ExeInst: DASM(aab08093)
Cyc=        333 (0x800003d4, 0x800003d0, 0x800003cc, 0x800003c8, 0x800003c4) WB[MZ 01: 0xffffe000]       ExeInst: DASM(00000013)
Cyc=        334 (0x800003d8, 0x800003d4, 0x800003d0, 0x800003cc, 0x800003c8) WB[MZ 01: 0xffffdaab]       ExeInst: DASM(00000013)
Cyc=        335 (0x800003dc, 0x800003d8, 0x800003d4, 0x800003d0, 0x800003cc) WB[MZ 00: 0x00000000]       ExeInst: DASM(00002117)
Cyc=        336 (0x800003e0, 0x800003dc, 0x800003d8, 0x800003d4, 0x800003d0) WB[MZ 00: 0x00000000]       ExeInst: DASM(c2c10113)
Cyc=        337 (0x800003e4, 0x800003e0, 0x800003dc, 0x800003d8, 0x800003d4) WB[MZ 02: 0x800023d4]       ExeInst: DASM(00111523)
Cyc=        338 (0x800003e8, 0x800003e4, 0x800003e0, 0x800003dc, 0x800003d8) WB[M  02: 0x80002000]       ExeInst: DASM(00a11f03)
Cyc=        339 (0x800003ec, 0x800003e8, 0x800003e4, 0x800003e0, 0x800003dc) WB[ Z 0a: 0x8000200a]       ExeInst: DASM(ffffeeb7)
Cyc=        340 (0x800003f0, 0x800003ec, 0x800003e8, 0x800003e4, 0x800003e0) WB[MZ 1e: 0xffffdaab]       ExeInst: DASM(aabe8e93)
Cyc=        341 (0x800003f4, 0x800003f0, 0x800003ec, 0x800003e8, 0x800003e4) WB[MZ 1d: 0xffffe000]       ExeInst: DASM(19df1463)
Cyc=        342 (0x800003f8, 0x800003f4, 0x800003f0, 0x800003ec, 0x800003e8) WB[M  1d: 0xffffdaab]       ExeInst: DASM(00120213)
Cyc=        343 (0x800003fc, 0x800003f8, 0x800003f4, 0x800003f0, 0x800003ec) WB[ Z 08: 0xffffdc33]       ExeInst: DASM(00200293)
Cyc=        344 (0x80000400, 0x800003fc, 0x800003f8, 0x800003f4, 0x800003f0) WB[MZ 04: 0x00000002]       ExeInst: DASM(fc5216e3)
Cyc=        345 (0x80000404, 0x80000400, 0x800003fc, 0x800003f8, 0x800003f4) WB[M  05: 0x00000002]       ExeInst: DASM(01200193)
Cyc=        346 (0x80000408, 0x80000404, 0x80000400, 0x800003fc, 0x800003f8) WB[ Z 0d: 0xffffffce]       ExeInst: DASM(00000213)
Cyc=        347 (0x8000040c, 0x80000408, 0x80000404, 0x80000400, 0x800003fc) WB[MZ 03: 0x00000012]       ExeInst: DASM(00002117)
Cyc=        348 (0x80000410, 0x8000040c, 0x80000408, 0x80000404, 0x80000400) WB[MZ 04: 0x00000000]       ExeInst: DASM(bfc10113)
Cyc=        349 (0x80000414, 0x80000410, 0x8000040c, 0x80000408, 0x80000404) WB[MZ 02: 0x80002404]       ExeInst: DASM(000020b7)
Cyc=        350 (0x80000418, 0x80000414, 0x80000410, 0x8000040c, 0x80000408) WB[MZ 02: 0x80002000]       ExeInst: DASM(23308093)
Cyc=        351 (0x8000041c, 0x80000418, 0x80000414, 0x80000410, 0x8000040c) WB[MZ 01: 0x00002000]       ExeInst: DASM(00111023)
Cyc=        352 (0x80000420, 0x8000041c, 0x80000418, 0x80000414, 0x80000410) WB[M  01: 0x00002233]       ExeInst: DASM(00011f03)
Cyc=        353 (0x80000424, 0x80000420, 0x8000041c, 0x80000418, 0x80000414) WB[ Z 00: 0x80002000]       ExeInst: DASM(00002eb7)
Cyc=        354 (0x80000428, 0x80000424, 0x80000420, 0x8000041c, 0x80000418) WB[MZ 1e: 0x00002233]       ExeInst: DASM(233e8e93)
Cyc=        355 (0x8000042c, 0x80000428, 0x80000424, 0x80000420, 0x8000041c) WB[MZ 1d: 0x00002000]       ExeInst: DASM(15df1863)
Cyc=        356 (0x80000430, 0x8000042c, 0x80000428, 0x80000424, 0x80000420) WB[M  1d: 0x00002233]       ExeInst: DASM(00120213)
Cyc=        357 (0x80000434, 0x80000430, 0x8000042c, 0x80000428, 0x80000424) WB[ Z 10: 0x00002383]       ExeInst: DASM(00200293)
Cyc=        358 (0x80000438, 0x80000434, 0x80000430, 0x8000042c, 0x80000428) WB[MZ 04: 0x00000001]   B   ExeInst: DASM(fc521ae3)
Cyc=        359 (0x80000404, 0x80000438, 0x80000434, 0x80000430, 0x8000042c) WB[M  05: 0x00000002]       ExeInst: DASM(00004033)
Cyc=        360 (0x80000408, 0x80000404, 0x80000438, 0x80000434, 0x80000430) WB[   15: 0xffffffd5]       ExeInst: DASM(00004033)
Cyc=        361 (0x8000040c, 0x80000408, 0x80000404, 0x80000438, 0x80000434) WB[ Z 00: 0x00000013]       ExeInst: DASM(00002117)
Cyc=        362 (0x80000410, 0x8000040c, 0x80000408, 0x80000404, 0x80000438) WB[MZ 00: 0x00000000]       ExeInst: DASM(bfc10113)
Cyc=        363 (0x80000414, 0x80000410, 0x8000040c, 0x80000408, 0x80000404) WB[MZ 02: 0x80002404]       ExeInst: DASM(000020b7)
Cyc=        364 (0x80000418, 0x80000414, 0x80000410, 0x8000040c, 0x80000408) WB[MZ 02: 0x80002000]       ExeInst: DASM(23308093)
Cyc=        365 (0x8000041c, 0x80000418, 0x80000414, 0x80000410, 0x8000040c) WB[MZ 01: 0x00002000]       ExeInst: DASM(00111023)
Cyc=        366 (0x80000420, 0x8000041c, 0x80000418, 0x80000414, 0x80000410) WB[M  01: 0x00002233]       ExeInst: DASM(00011f03)
Cyc=        367 (0x80000424, 0x80000420, 0x8000041c, 0x80000418, 0x80000414) WB[ Z 00: 0x80002000]       ExeInst: DASM(00002eb7)
Cyc=        368 (0x80000428, 0x80000424, 0x80000420, 0x8000041c, 0x80000418) WB[MZ 1e: 0x00002233]       ExeInst: DASM(233e8e93)
Cyc=        369 (0x8000042c, 0x80000428, 0x80000424, 0x80000420, 0x8000041c) WB[MZ 1d: 0x00002000]       ExeInst: DASM(15df1863)
Cyc=        370 (0x80000430, 0x8000042c, 0x80000428, 0x80000424, 0x80000420) WB[M  1d: 0x00002233]       ExeInst: DASM(00120213)
Cyc=        371 (0x80000434, 0x80000430, 0x8000042c, 0x80000428, 0x80000424) WB[ Z 10: 0x00002383]       ExeInst: DASM(00200293)
Cyc=        372 (0x80000438, 0x80000434, 0x80000430, 0x8000042c, 0x80000428) WB[MZ 04: 0x00000002]       ExeInst: DASM(fc521ae3)
Cyc=        373 (0x8000043c, 0x80000438, 0x80000434, 0x80000430, 0x8000042c) WB[M  05: 0x00000002]       ExeInst: DASM(01300193)
Cyc=        374 (0x80000440, 0x8000043c, 0x80000438, 0x80000434, 0x80000430) WB[ Z 15: 0xffffffd6]       ExeInst: DASM(00000213)
Cyc=        375 (0x80000444, 0x80000440, 0x8000043c, 0x80000438, 0x80000434) WB[MZ 03: 0x00000013]       ExeInst: DASM(00002117)
Cyc=        376 (0x80000448, 0x80000444, 0x80000440, 0x8000043c, 0x80000438) WB[MZ 04: 0x00000000]       ExeInst: DASM(bc410113)
Cyc=        377 (0x8000044c, 0x80000448, 0x80000444, 0x80000440, 0x8000043c) WB[MZ 02: 0x8000243c]       ExeInst: DASM(000010b7)
Cyc=        378 (0x80000450, 0x8000044c, 0x80000448, 0x80000444, 0x80000440) WB[MZ 02: 0x80002000]       ExeInst: DASM(22308093)
Cyc=        379 (0x80000454, 0x80000450, 0x8000044c, 0x80000448, 0x80000444) WB[MZ 01: 0x00001000]       ExeInst: DASM(00000013)
Cyc=        380 (0x80000458, 0x80000454, 0x80000450, 0x8000044c, 0x80000448) WB[MZ 01: 0x00001223]       ExeInst: DASM(00111123)
Cyc=        381 (0x8000045c, 0x80000458, 0x80000454, 0x80000450, 0x8000044c) WB[M  00: 0x00000000]       ExeInst: DASM(00211f03)
Cyc=        382 (0x80000460, 0x8000045c, 0x80000458, 0x80000454, 0x80000450) WB[ Z 02: 0x80002002]       ExeInst: DASM(00001eb7)
Cyc=        383 (0x80000464, 0x80000460, 0x8000045c, 0x80000458, 0x80000454) WB[MZ 1e: 0x00001223]       ExeInst: DASM(223e8e93)
Cyc=        384 (0x80000468, 0x80000464, 0x80000460, 0x8000045c, 0x80000458) WB[MZ 1d: 0x00001000]       ExeInst: DASM(11df1a63)
Cyc=        385 (0x8000046c, 0x80000468, 0x80000464, 0x80000460, 0x8000045c) WB[M  1d: 0x00001223]       ExeInst: DASM(00120213)
Cyc=        386 (0x80000470, 0x8000046c, 0x80000468, 0x80000464, 0x80000460) WB[ Z 14: 0x00001337]       ExeInst: DASM(00200293)
Cyc=        387 (0x80000474, 0x80000470, 0x8000046c, 0x80000468, 0x80000464) WB[MZ 04: 0x00000001]   B   ExeInst: DASM(fc5218e3)
Cyc=        388 (0x8000043c, 0x80000474, 0x80000470, 0x8000046c, 0x80000468) WB[M  05: 0x00000002]       ExeInst: DASM(00004033)
Cyc=        389 (0x80000440, 0x8000043c, 0x80000474, 0x80000470, 0x8000046c) WB[   11: 0xffffffd1]       ExeInst: DASM(00004033)
Cyc=        390 (0x80000444, 0x80000440, 0x8000043c, 0x80000474, 0x80000470) WB[ Z 00: 0x00000014]       ExeInst: DASM(00002117)
Cyc=        391 (0x80000448, 0x80000444, 0x80000440, 0x8000043c, 0x80000474) WB[MZ 00: 0x00000000]       ExeInst: DASM(bc410113)
Cyc=        392 (0x8000044c, 0x80000448, 0x80000444, 0x80000440, 0x8000043c) WB[MZ 02: 0x8000243c]       ExeInst: DASM(000010b7)
Cyc=        393 (0x80000450, 0x8000044c, 0x80000448, 0x80000444, 0x80000440) WB[MZ 02: 0x80002000]       ExeInst: DASM(22308093)
Cyc=        394 (0x80000454, 0x80000450, 0x8000044c, 0x80000448, 0x80000444) WB[MZ 01: 0x00001000]       ExeInst: DASM(00000013)
Cyc=        395 (0x80000458, 0x80000454, 0x80000450, 0x8000044c, 0x80000448) WB[MZ 01: 0x00001223]       ExeInst: DASM(00111123)
Cyc=        396 (0x8000045c, 0x80000458, 0x80000454, 0x80000450, 0x8000044c) WB[M  00: 0x00000000]       ExeInst: DASM(00211f03)
Cyc=        397 (0x80000460, 0x8000045c, 0x80000458, 0x80000454, 0x80000450) WB[ Z 02: 0x80002002]       ExeInst: DASM(00001eb7)
Cyc=        398 (0x80000464, 0x80000460, 0x8000045c, 0x80000458, 0x80000454) WB[MZ 1e: 0x00001223]       ExeInst: DASM(223e8e93)
Cyc=        399 (0x80000468, 0x80000464, 0x80000460, 0x8000045c, 0x80000458) WB[MZ 1d: 0x00001000]       ExeInst: DASM(11df1a63)
Cyc=        400 (0x8000046c, 0x80000468, 0x80000464, 0x80000460, 0x8000045c) WB[M  1d: 0x00001223]       ExeInst: DASM(00120213)
Cyc=        401 (0x80000470, 0x8000046c, 0x80000468, 0x80000464, 0x80000460) WB[ Z 14: 0x00001337]       ExeInst: DASM(00200293)
Cyc=        402 (0x80000474, 0x80000470, 0x8000046c, 0x80000468, 0x80000464) WB[MZ 04: 0x00000002]       ExeInst: DASM(fc5218e3)
Cyc=        403 (0x80000478, 0x80000474, 0x80000470, 0x8000046c, 0x80000468) WB[M  05: 0x00000002]       ExeInst: DASM(01400193)
Cyc=        404 (0x8000047c, 0x80000478, 0x80000474, 0x80000470, 0x8000046c) WB[ Z 11: 0xffffffd2]       ExeInst: DASM(00000213)
Cyc=        405 (0x80000480, 0x8000047c, 0x80000478, 0x80000474, 0x80000470) WB[MZ 03: 0x00000014]       ExeInst: DASM(00002117)
Cyc=        406 (0x80000484, 0x80000480, 0x8000047c, 0x80000478, 0x80000474) WB[MZ 04: 0x00000000]       ExeInst: DASM(b8810113)
Cyc=        407 (0x80000488, 0x80000484, 0x80000480, 0x8000047c, 0x80000478) WB[MZ 02: 0x80002478]       ExeInst: DASM(000010b7)
Cyc=        408 (0x8000048c, 0x80000488, 0x80000484, 0x80000480, 0x8000047c) WB[MZ 02: 0x80002000]       ExeInst: DASM(12208093)
Cyc=        409 (0x80000490, 0x8000048c, 0x80000488, 0x80000484, 0x80000480) WB[MZ 01: 0x00001000]       ExeInst: DASM(00000013)
Cyc=        410 (0x80000494, 0x80000490, 0x8000048c, 0x80000488, 0x80000484) WB[MZ 01: 0x00001122]       ExeInst: DASM(00000013)
Cyc=        411 (0x80000498, 0x80000494, 0x80000490, 0x8000048c, 0x80000488) WB[MZ 00: 0x00000000]       ExeInst: DASM(00111223)
Cyc=        412 (0x8000049c, 0x80000498, 0x80000494, 0x80000490, 0x8000048c) WB[M  00: 0x00000000]       ExeInst: DASM(00411f03)
Cyc=        413 (0x800004a0, 0x8000049c, 0x80000498, 0x80000494, 0x80000490) WB[ Z 04: 0x80002004]       ExeInst: DASM(00001eb7)
Cyc=        414 (0x800004a4, 0x800004a0, 0x8000049c, 0x80000498, 0x80000494) WB[MZ 1e: 0x00001122]       ExeInst: DASM(122e8e93)
Cyc=        415 (0x800004a8, 0x800004a4, 0x800004a0, 0x8000049c, 0x80000498) WB[MZ 1d: 0x00001000]       ExeInst: DASM(0ddf1a63)
Cyc=        416 (0x800004ac, 0x800004a8, 0x800004a4, 0x800004a0, 0x8000049c) WB[M  1d: 0x00001122]       ExeInst: DASM(00120213)
Cyc=        417 (0x800004b0, 0x800004ac, 0x800004a8, 0x800004a4, 0x800004a0) WB[ Z 14: 0x000011f6]       ExeInst: DASM(00200293)
Cyc=        418 (0x800004b4, 0x800004b0, 0x800004ac, 0x800004a8, 0x800004a4) WB[MZ 04: 0x00000001]   B   ExeInst: DASM(fc5216e3)
Cyc=        419 (0x80000478, 0x800004b4, 0x800004b0, 0x800004ac, 0x800004a8) WB[M  05: 0x00000002]       ExeInst: DASM(00004033)
Cyc=        420 (0x8000047c, 0x80000478, 0x800004b4, 0x800004b0, 0x800004ac) WB[   0d: 0xffffffcd]       ExeInst: DASM(00004033)
Cyc=        421 (0x80000480, 0x8000047c, 0x80000478, 0x800004b4, 0x800004b0) WB[ Z 00: 0x00000015]       ExeInst: DASM(00002117)
Cyc=        422 (0x80000484, 0x80000480, 0x8000047c, 0x80000478, 0x800004b4) WB[MZ 00: 0x00000000]       ExeInst: DASM(b8810113)
Cyc=        423 (0x80000488, 0x80000484, 0x80000480, 0x8000047c, 0x80000478) WB[MZ 02: 0x80002478]       ExeInst: DASM(000010b7)
Cyc=        424 (0x8000048c, 0x80000488, 0x80000484, 0x80000480, 0x8000047c) WB[MZ 02: 0x80002000]       ExeInst: DASM(12208093)
Cyc=        425 (0x80000490, 0x8000048c, 0x80000488, 0x80000484, 0x80000480) WB[MZ 01: 0x00001000]       ExeInst: DASM(00000013)
Cyc=        426 (0x80000494, 0x80000490, 0x8000048c, 0x80000488, 0x80000484) WB[MZ 01: 0x00001122]       ExeInst: DASM(00000013)
Cyc=        427 (0x80000498, 0x80000494, 0x80000490, 0x8000048c, 0x80000488) WB[MZ 00: 0x00000000]       ExeInst: DASM(00111223)
Cyc=        428 (0x8000049c, 0x80000498, 0x80000494, 0x80000490, 0x8000048c) WB[M  00: 0x00000000]       ExeInst: DASM(00411f03)
Cyc=        429 (0x800004a0, 0x8000049c, 0x80000498, 0x80000494, 0x80000490) WB[ Z 04: 0x80002004]       ExeInst: DASM(00001eb7)
Cyc=        430 (0x800004a4, 0x800004a0, 0x8000049c, 0x80000498, 0x80000494) WB[MZ 1e: 0x00001122]       ExeInst: DASM(122e8e93)
Cyc=        431 (0x800004a8, 0x800004a4, 0x800004a0, 0x8000049c, 0x80000498) WB[MZ 1d: 0x00001000]       ExeInst: DASM(0ddf1a63)
Cyc=        432 (0x800004ac, 0x800004a8, 0x800004a4, 0x800004a0, 0x8000049c) WB[M  1d: 0x00001122]       ExeInst: DASM(00120213)
Cyc=        433 (0x800004b0, 0x800004ac, 0x800004a8, 0x800004a4, 0x800004a0) WB[ Z 14: 0x000011f6]       ExeInst: DASM(00200293)
Cyc=        434 (0x800004b4, 0x800004b0, 0x800004ac, 0x800004a8, 0x800004a4) WB[MZ 04: 0x00000002]       ExeInst: DASM(fc5216e3)
Cyc=        435 (0x800004b8, 0x800004b4, 0x800004b0, 0x800004ac, 0x800004a8) WB[M  05: 0x00000002]       ExeInst: DASM(01500193)
Cyc=        436 (0x800004bc, 0x800004b8, 0x800004b4, 0x800004b0, 0x800004ac) WB[ Z 0d: 0xffffffce]       ExeInst: DASM(00000213)
Cyc=        437 (0x800004c0, 0x800004bc, 0x800004b8, 0x800004b4, 0x800004b0) WB[MZ 03: 0x00000015]       ExeInst: DASM(00002117)
Cyc=        438 (0x800004c4, 0x800004c0, 0x800004bc, 0x800004b8, 0x800004b4) WB[MZ 04: 0x00000000]       ExeInst: DASM(b4810113)
Cyc=        439 (0x800004c8, 0x800004c4, 0x800004c0, 0x800004bc, 0x800004b8) WB[MZ 02: 0x800024b8]       ExeInst: DASM(00000013)
Cyc=        440 (0x800004cc, 0x800004c8, 0x800004c4, 0x800004c0, 0x800004bc) WB[MZ 02: 0x80002000]       ExeInst: DASM(11200093)
Cyc=        441 (0x800004d0, 0x800004cc, 0x800004c8, 0x800004c4, 0x800004c0) WB[MZ 00: 0x00000000]       ExeInst: DASM(00111323)
Cyc=        442 (0x800004d4, 0x800004d0, 0x800004cc, 0x800004c8, 0x800004c4) WB[M  01: 0x00000112]       ExeInst: DASM(00611f03)
Cyc=        443 (0x800004d8, 0x800004d4, 0x800004d0, 0x800004cc, 0x800004c8) WB[ Z 06: 0x80002006]       ExeInst: DASM(11200e93)
Cyc=        444 (0x800004dc, 0x800004d8, 0x800004d4, 0x800004d0, 0x800004cc) WB[MZ 1e: 0x00000112]       ExeInst: DASM(0bdf1063)
Cyc=        445 (0x800004e0, 0x800004dc, 0x800004d8, 0x800004d4, 0x800004d0) WB[M  1d: 0x00000112]       ExeInst: DASM(00120213)
Cyc=        446 (0x800004e4, 0x800004e0, 0x800004dc, 0x800004d8, 0x800004d4) WB[ Z 00: 0x000001b2]       ExeInst: DASM(00200293)
Cyc=        447 (0x800004e8, 0x800004e4, 0x800004e0, 0x800004dc, 0x800004d8) WB[MZ 04: 0x00000001]   B   ExeInst: DASM(fc521ce3)
Cyc=        448 (0x800004b8, 0x800004e8, 0x800004e4, 0x800004e0, 0x800004dc) WB[M  05: 0x00000002]       ExeInst: DASM(00004033)
Cyc=        449 (0x800004bc, 0x800004b8, 0x800004e8, 0x800004e4, 0x800004e0) WB[   19: 0xffffffd9]       ExeInst: DASM(00004033)
Cyc=        450 (0x800004c0, 0x800004bc, 0x800004b8, 0x800004e8, 0x800004e4) WB[ Z 00: 0x00000016]       ExeInst: DASM(00002117)
Cyc=        451 (0x800004c4, 0x800004c0, 0x800004bc, 0x800004b8, 0x800004e8) WB[MZ 00: 0x00000000]       ExeInst: DASM(b4810113)
Cyc=        452 (0x800004c8, 0x800004c4, 0x800004c0, 0x800004bc, 0x800004b8) WB[MZ 02: 0x800024b8]       ExeInst: DASM(00000013)
Cyc=        453 (0x800004cc, 0x800004c8, 0x800004c4, 0x800004c0, 0x800004bc) WB[MZ 02: 0x80002000]       ExeInst: DASM(11200093)
Cyc=        454 (0x800004d0, 0x800004cc, 0x800004c8, 0x800004c4, 0x800004c0) WB[MZ 00: 0x00000000]       ExeInst: DASM(00111323)
Cyc=        455 (0x800004d4, 0x800004d0, 0x800004cc, 0x800004c8, 0x800004c4) WB[M  01: 0x00000112]       ExeInst: DASM(00611f03)
Cyc=        456 (0x800004d8, 0x800004d4, 0x800004d0, 0x800004cc, 0x800004c8) WB[ Z 06: 0x80002006]       ExeInst: DASM(11200e93)
Cyc=        457 (0x800004dc, 0x800004d8, 0x800004d4, 0x800004d0, 0x800004cc) WB[MZ 1e: 0x00000112]       ExeInst: DASM(0bdf1063)
Cyc=        458 (0x800004e0, 0x800004dc, 0x800004d8, 0x800004d4, 0x800004d0) WB[M  1d: 0x00000112]       ExeInst: DASM(00120213)
Cyc=        459 (0x800004e4, 0x800004e0, 0x800004dc, 0x800004d8, 0x800004d4) WB[ Z 00: 0x000001b2]       ExeInst: DASM(00200293)
Cyc=        460 (0x800004e8, 0x800004e4, 0x800004e0, 0x800004dc, 0x800004d8) WB[MZ 04: 0x00000002]       ExeInst: DASM(fc521ce3)
Cyc=        461 (0x800004ec, 0x800004e8, 0x800004e4, 0x800004e0, 0x800004dc) WB[M  05: 0x00000002]       ExeInst: DASM(01600193)
Cyc=        462 (0x800004f0, 0x800004ec, 0x800004e8, 0x800004e4, 0x800004e0) WB[ Z 19: 0xffffffda]       ExeInst: DASM(00000213)
Cyc=        463 (0x800004f4, 0x800004f0, 0x800004ec, 0x800004e8, 0x800004e4) WB[MZ 03: 0x00000016]       ExeInst: DASM(00002117)
Cyc=        464 (0x800004f8, 0x800004f4, 0x800004f0, 0x800004ec, 0x800004e8) WB[MZ 04: 0x00000000]       ExeInst: DASM(b1410113)
Cyc=        465 (0x800004fc, 0x800004f8, 0x800004f4, 0x800004f0, 0x800004ec) WB[MZ 02: 0x800024ec]       ExeInst: DASM(00000013)
Cyc=        466 (0x80000500, 0x800004fc, 0x800004f8, 0x800004f4, 0x800004f0) WB[MZ 02: 0x80002000]       ExeInst: DASM(01100093)
Cyc=        467 (0x80000504, 0x80000500, 0x800004fc, 0x800004f8, 0x800004f4) WB[MZ 00: 0x00000000]       ExeInst: DASM(00000013)
Cyc=        468 (0x80000508, 0x80000504, 0x80000500, 0x800004fc, 0x800004f8) WB[MZ 01: 0x00000011]       ExeInst: DASM(00111423)
Cyc=        469 (0x8000050c, 0x80000508, 0x80000504, 0x80000500, 0x800004fc) WB[M  00: 0x00000000]       ExeInst: DASM(00811f03)
Cyc=        470 (0x80000510, 0x8000050c, 0x80000508, 0x80000504, 0x80000500) WB[ Z 08: 0x80002008]       ExeInst: DASM(01100e93)
Cyc=        471 (0x80000514, 0x80000510, 0x8000050c, 0x80000508, 0x80000504) WB[MZ 1e: 0x00000011]       ExeInst: DASM(07df1463)
Cyc=        472 (0x80000518, 0x80000514, 0x80000510, 0x8000050c, 0x80000508) WB[M  1d: 0x00000011]       ExeInst: DASM(00120213)
Cyc=        473 (0x8000051c, 0x80000518, 0x80000514, 0x80000510, 0x8000050c) WB[ Z 08: 0x00000079]       ExeInst: DASM(00200293)
Cyc=        474 (0x80000520, 0x8000051c, 0x80000518, 0x80000514, 0x80000510) WB[MZ 04: 0x00000001]   B   ExeInst: DASM(fc521ae3)
Cyc=        475 (0x800004ec, 0x80000520, 0x8000051c, 0x80000518, 0x80000514) WB[M  05: 0x00000002]       ExeInst: DASM(00004033)
Cyc=        476 (0x800004f0, 0x800004ec, 0x80000520, 0x8000051c, 0x80000518) WB[   15: 0xffffffd5]       ExeInst: DASM(00004033)
Cyc=        477 (0x800004f4, 0x800004f0, 0x800004ec, 0x80000520, 0x8000051c) WB[ Z 00: 0x00000017]       ExeInst: DASM(00002117)
Cyc=        478 (0x800004f8, 0x800004f4, 0x800004f0, 0x800004ec, 0x80000520) WB[MZ 00: 0x00000000]       ExeInst: DASM(b1410113)
Cyc=        479 (0x800004fc, 0x800004f8, 0x800004f4, 0x800004f0, 0x800004ec) WB[MZ 02: 0x800024ec]       ExeInst: DASM(00000013)
Cyc=        480 (0x80000500, 0x800004fc, 0x800004f8, 0x800004f4, 0x800004f0) WB[MZ 02: 0x80002000]       ExeInst: DASM(01100093)
Cyc=        481 (0x80000504, 0x80000500, 0x800004fc, 0x800004f8, 0x800004f4) WB[MZ 00: 0x00000000]       ExeInst: DASM(00000013)
Cyc=        482 (0x80000508, 0x80000504, 0x80000500, 0x800004fc, 0x800004f8) WB[MZ 01: 0x00000011]       ExeInst: DASM(00111423)
Cyc=        483 (0x8000050c, 0x80000508, 0x80000504, 0x80000500, 0x800004fc) WB[M  00: 0x00000000]       ExeInst: DASM(00811f03)
Cyc=        484 (0x80000510, 0x8000050c, 0x80000508, 0x80000504, 0x80000500) WB[ Z 08: 0x80002008]       ExeInst: DASM(01100e93)
Cyc=        485 (0x80000514, 0x80000510, 0x8000050c, 0x80000508, 0x80000504) WB[MZ 1e: 0x00000011]       ExeInst: DASM(07df1463)
Cyc=        486 (0x80000518, 0x80000514, 0x80000510, 0x8000050c, 0x80000508) WB[M  1d: 0x00000011]       ExeInst: DASM(00120213)
Cyc=        487 (0x8000051c, 0x80000518, 0x80000514, 0x80000510, 0x8000050c) WB[ Z 08: 0x00000079]       ExeInst: DASM(00200293)
Cyc=        488 (0x80000520, 0x8000051c, 0x80000518, 0x80000514, 0x80000510) WB[MZ 04: 0x00000002]       ExeInst: DASM(fc521ae3)
Cyc=        489 (0x80000524, 0x80000520, 0x8000051c, 0x80000518, 0x80000514) WB[M  05: 0x00000002]       ExeInst: DASM(01700193)
Cyc=        490 (0x80000528, 0x80000524, 0x80000520, 0x8000051c, 0x80000518) WB[ Z 15: 0xffffffd6]       ExeInst: DASM(00000213)
Cyc=        491 (0x8000052c, 0x80000528, 0x80000524, 0x80000520, 0x8000051c) WB[MZ 03: 0x00000017]       ExeInst: DASM(00002117)
Cyc=        492 (0x80000530, 0x8000052c, 0x80000528, 0x80000524, 0x80000520) WB[MZ 04: 0x00000000]       ExeInst: DASM(adc10113)
Cyc=        493 (0x80000534, 0x80000530, 0x8000052c, 0x80000528, 0x80000524) WB[MZ 02: 0x80002524]       ExeInst: DASM(00000013)
Cyc=        494 (0x80000538, 0x80000534, 0x80000530, 0x8000052c, 0x80000528) WB[MZ 02: 0x80002000]       ExeInst: DASM(00000013)
Cyc=        495 (0x8000053c, 0x80000538, 0x80000534, 0x80000530, 0x8000052c) WB[MZ 00: 0x00000000]       ExeInst: DASM(000030b7)
Cyc=        496 (0x80000540, 0x8000053c, 0x80000538, 0x80000534, 0x80000530) WB[MZ 00: 0x00000000]       ExeInst: DASM(00108093)
Cyc=        497 (0x80000544, 0x80000540, 0x8000053c, 0x80000538, 0x80000534) WB[MZ 01: 0x00003000]       ExeInst: DASM(00111523)
Cyc=        498 (0x80000548, 0x80000544, 0x80000540, 0x8000053c, 0x80000538) WB[M  01: 0x00003001]       ExeInst: DASM(00a11f03)
Cyc=        499 (0x8000054c, 0x80000548, 0x80000544, 0x80000540, 0x8000053c) WB[ Z 0a: 0x8000200a]       ExeInst: DASM(00003eb7)
Cyc=        500 (0x80000550, 0x8000054c, 0x80000548, 0x80000544, 0x80000540) WB[MZ 1e: 0x00003001]       ExeInst: DASM(001e8e93)
Cyc=        501 (0x80000554, 0x80000550, 0x8000054c, 0x80000548, 0x80000544) WB[MZ 1d: 0x00003000]       ExeInst: DASM(03df1463)
Cyc=        502 (0x80000558, 0x80000554, 0x80000550, 0x8000054c, 0x80000548) WB[M  1d: 0x00003001]       ExeInst: DASM(00120213)
Cyc=        503 (0x8000055c, 0x80000558, 0x80000554, 0x80000550, 0x8000054c) WB[ Z 08: 0x00003029]       ExeInst: DASM(00200293)
Cyc=        504 (0x80000560, 0x8000055c, 0x80000558, 0x80000554, 0x80000550) WB[MZ 04: 0x00000001]   B   ExeInst: DASM(fc5216e3)
Cyc=        505 (0x80000524, 0x80000560, 0x8000055c, 0x80000558, 0x80000554) WB[M  05: 0x00000002]       ExeInst: DASM(00004033)
Cyc=        506 (0x80000528, 0x80000524, 0x80000560, 0x8000055c, 0x80000558) WB[   0d: 0xffffffcd]       ExeInst: DASM(00004033)
Cyc=        507 (0x8000052c, 0x80000528, 0x80000524, 0x80000560, 0x8000055c) WB[ Z 00: 0x0000c000]       ExeInst: DASM(00002117)
Cyc=        508 (0x80000530, 0x8000052c, 0x80000528, 0x80000524, 0x80000560) WB[MZ 00: 0x00000000]       ExeInst: DASM(adc10113)
Cyc=        509 (0x80000534, 0x80000530, 0x8000052c, 0x80000528, 0x80000524) WB[MZ 02: 0x80002524]       ExeInst: DASM(00000013)
Cyc=        510 (0x80000538, 0x80000534, 0x80000530, 0x8000052c, 0x80000528) WB[MZ 02: 0x80002000]       ExeInst: DASM(00000013)
Cyc=        511 (0x8000053c, 0x80000538, 0x80000534, 0x80000530, 0x8000052c) WB[MZ 00: 0x00000000]       ExeInst: DASM(000030b7)
Cyc=        512 (0x80000540, 0x8000053c, 0x80000538, 0x80000534, 0x80000530) WB[MZ 00: 0x00000000]       ExeInst: DASM(00108093)
Cyc=        513 (0x80000544, 0x80000540, 0x8000053c, 0x80000538, 0x80000534) WB[MZ 01: 0x00003000]       ExeInst: DASM(00111523)
Cyc=        514 (0x80000548, 0x80000544, 0x80000540, 0x8000053c, 0x80000538) WB[M  01: 0x00003001]       ExeInst: DASM(00a11f03)
Cyc=        515 (0x8000054c, 0x80000548, 0x80000544, 0x80000540, 0x8000053c) WB[ Z 0a: 0x8000200a]       ExeInst: DASM(00003eb7)
Cyc=        516 (0x80000550, 0x8000054c, 0x80000548, 0x80000544, 0x80000540) WB[MZ 1e: 0x00003001]       ExeInst: DASM(001e8e93)
Cyc=        517 (0x80000554, 0x80000550, 0x8000054c, 0x80000548, 0x80000544) WB[MZ 1d: 0x00003000]       ExeInst: DASM(03df1463)
Cyc=        518 (0x80000558, 0x80000554, 0x80000550, 0x8000054c, 0x80000548) WB[M  1d: 0x00003001]       ExeInst: DASM(00120213)
Cyc=        519 (0x8000055c, 0x80000558, 0x80000554, 0x80000550, 0x8000054c) WB[ Z 08: 0x00003029]       ExeInst: DASM(00200293)
Cyc=        520 (0x80000560, 0x8000055c, 0x80000558, 0x80000554, 0x80000550) WB[MZ 04: 0x00000002]       ExeInst: DASM(fc5216e3)
Cyc=        521 (0x80000564, 0x80000560, 0x8000055c, 0x80000558, 0x80000554) WB[M  05: 0x00000002]       ExeInst: DASM(0000c537)
Cyc=        522 (0x80000568, 0x80000564, 0x80000560, 0x8000055c, 0x80000558) WB[ Z 0d: 0xffffffce]       ExeInst: DASM(eef50513)
Cyc=        523 (0x8000056c, 0x80000568, 0x80000564, 0x80000560, 0x8000055c) WB[MZ 0a: 0x0000c000]       ExeInst: DASM(00002597)
Cyc=        524 (0x80000570, 0x8000056c, 0x80000568, 0x80000564, 0x80000560) WB[MZ 0a: 0x0000beef]       ExeInst: DASM(a9c58593)
Cyc=        525 (0x80000574, 0x80000570, 0x8000056c, 0x80000568, 0x80000564) WB[MZ 0b: 0x80002564]       ExeInst: DASM(00a59323)
Cyc=        526 (0x80000578, 0x80000574, 0x80000570, 0x8000056c, 0x80000568) WB[M  0b: 0x80002000]   B   ExeInst: DASM(00301c63)
Cyc=        527 (0x80000588, 0x80000578, 0x80000574, 0x80000570, 0x8000056c) WB[   06: 0x80002006]       ExeInst: DASM(00004033)
Cyc=        528 (0x8000058c, 0x80000588, 0x80000578, 0x80000574, 0x80000570) WB[   18: 0x00000018]       ExeInst: DASM(00004033)
Cyc=        529 (0x80000590, 0x8000058c, 0x80000588, 0x80000578, 0x80000574) WB[ Z 00: 0x00000000]       ExeInst: DASM(0ff0000f)
Cyc=        530 (0x80000594, 0x80000590, 0x8000058c, 0x80000588, 0x80000578) WB[M  00: 0x00000000]       ExeInst: DASM(00100193)
Cyc=        531 (0x80000598, 0x80000594, 0x80000590, 0x8000058c, 0x80000588) WB[ Z 00: 0x00000000]       ExeInst: DASM(00000073)
Cyc=        532 (0x8000059c, 0x80000598, 0x80000594, 0x80000590, 0x8000058c) WB[M  03: 0x00000001] S E   ExeInst: DASM(00004033)
Cyc=        533 (0x80000004, 0x80000598, 0x80000594, 0x80000594, 0x80000590) WB[   00: 0x00000000]       ExeInst: DASM(00004033)
Cyc=        534 (0x80000008, 0x80000004, 0x80000598, 0x80000594, 0x80000594) WB[   00: 0x00000000]       ExeInst: DASM(00004033)
Cyc=        535 (0x8000000c, 0x80000008, 0x80000004, 0x80000598, 0x80000594) WB[ Z 00: 0x00000000] S     ExeInst: DASM(34202f73)
Cyc=        536 (0x8000000c, 0x80000008, 0x80000004, 0x80000004, 0x80000598) WB[MZ 00: 0x00000000]       ExeInst: DASM(00004033)
Cyc=        537 (0x80000010, 0x8000000c, 0x80000008, 0x80000004, 0x80000004) WB[M  1e: 0x0000000b]       ExeInst: DASM(00800f93)
Cyc=        538 (0x80000014, 0x80000010, 0x8000000c, 0x80000008, 0x80000004) WB[ Z 00: 0x00000000]       ExeInst: DASM(03ff0a63)
Cyc=        539 (0x80000018, 0x80000014, 0x80000010, 0x8000000c, 0x80000008) WB[M  1f: 0x00000008]       ExeInst: DASM(00900f93)
Cyc=        540 (0x8000001c, 0x80000018, 0x80000014, 0x80000010, 0x8000000c) WB[ Z 14: 0x0000003f]       ExeInst: DASM(03ff0663)
Cyc=        541 (0x80000020, 0x8000001c, 0x80000018, 0x80000014, 0x80000010) WB[M  1f: 0x00000009]       ExeInst: DASM(00b00f93)
Cyc=        542 (0x80000024, 0x80000020, 0x8000001c, 0x80000018, 0x80000014) WB[ Z 0c: 0x00000037]   B   ExeInst: DASM(03ff0263)
Cyc=        543 (0x80000040, 0x80000024, 0x80000020, 0x8000001c, 0x80000018) WB[M  1f: 0x0000000b]       ExeInst: DASM(00004033)
Cyc=        544 (0x80000044, 0x80000040, 0x80000024, 0x80000020, 0x8000001c) WB[   04: 0x0000002f]       ExeInst: DASM(00004033)
Cyc=        545 (0x80000048, 0x80000044, 0x80000040, 0x80000024, 0x80000020) WB[ Z 00: 0x00000020]       ExeInst: DASM(00001f17)
Cyc=        546 (0x8000004c, 0x80000048, 0x80000044, 0x80000040, 0x80000024) WB[MZ 00: 0x00000000]       ExeInst: DASM(fc3f2023)
Cyc=        547 (0x80000050, 0x8000004c, 0x80000048, 0x80000044, 0x80000040) WB[M  1e: 0x80001040]   B   ExeInst: DASM(ff9ff06f)
Cyc=        548 (0x80000040, 0x80000050, 0x8000004c, 0x80000048, 0x80000044) WB[ Z 00: 0x80001000]       ExeInst: DASM(00004033)
Cyc=        549 (0x80000044, 0x80000040, 0x80000050, 0x8000004c, 0x80000048) WB[M  00: 0x8000004c]       ExeInst: DASM(00004033)
Cyc=        550 (0x80000048, 0x80000044, 0x80000040, 0x80000050, 0x8000004c) WB[ Z 00: 0x00000000]       ExeInst: DASM(00001f17)
Cyc=        551 (0x8000004c, 0x80000048, 0x80000044, 0x80000040, 0x80000050) WB[MZ 00: 0x00000000]       ExeInst: DASM(fc3f2023)
Cyc=        552 (0x80000050, 0x8000004c, 0x80000048, 0x80000044, 0x80000040) WB[M  1e: 0x80001040]   B   ExeInst: DASM(ff9ff06f)
Cyc=        553 (0x80000040, 0x80000050, 0x8000004c, 0x80000048, 0x80000044) WB[ Z 00: 0x80001000]       ExeInst: DASM(00004033)
Cyc=        554 (0x80000044, 0x80000040, 0x80000050, 0x8000004c, 0x80000048) WB[M  00: 0x8000004c]       ExeInst: DASM(00004033)
Cyc=        555 (0x80000048, 0x80000044, 0x80000040, 0x80000050, 0x8000004c) WB[ Z 00: 0x00000000]       ExeInst: DASM(00001f17)
Cyc=        556 (0x8000004c, 0x80000048, 0x80000044, 0x80000040, 0x80000050) WB[MZ 00: 0x00000000]       ExeInst: DASM(fc3f2023)
Cyc=        557 (0x80000050, 0x8000004c, 0x80000048, 0x80000044, 0x80000040) WB[M  1e: 0x80001040]   B   ExeInst: DASM(ff9ff06f)
Cyc=        558 (0x80000040, 0x80000050, 0x8000004c, 0x80000048, 0x80000044) WB[ Z 00: 0x80001000]       ExeInst: DASM(00004033)
Cyc=        559 (0x80000044, 0x80000040, 0x80000050, 0x8000004c, 0x80000048) WB[M  00: 0x8000004c]       ExeInst: DASM(00004033)
Cyc=        560 (0x80000048, 0x80000044, 0x80000040, 0x80000050, 0x8000004c) WB[ Z 00: 0x00000000]       ExeInst: DASM(00001f17)
Cyc=        561 (0x8000004c, 0x80000048, 0x80000044, 0x80000040, 0x80000050) WB[MZ 00: 0x00000000]       ExeInst: DASM(fc3f2023)
Cyc=        562 (0x80000050, 0x8000004c, 0x80000048, 0x80000044, 0x80000040) WB[M  1e: 0x80001040]   B   ExeInst: DASM(ff9ff06f)
Cyc=        563 (0x80000040, 0x80000050, 0x8000004c, 0x80000048, 0x80000044) WB[ Z 00: 0x80001000]       ExeInst: DASM(00004033)
Cyc=        564 (0x80000044, 0x80000040, 0x80000050, 0x8000004c, 0x80000048) WB[M  00: 0x8000004c]       ExeInst: DASM(00004033)
Cyc=        565 (0x80000048, 0x80000044, 0x80000040, 0x80000050, 0x8000004c) WB[ Z 00: 0x00000000]       ExeInst: DASM(00001f17)
Cyc=        566 (0x8000004c, 0x80000048, 0x80000044, 0x80000040, 0x80000050) WB[MZ 00: 0x00000000]       ExeInst: DASM(fc3f2023)
Cyc=        567 (0x80000050, 0x8000004c, 0x80000048, 0x80000044, 0x80000040) WB[M  1e: 0x80001040]   B   ExeInst: DASM(ff9ff06f)
Cyc=        568 (0x80000040, 0x80000050, 0x8000004c, 0x80000048, 0x80000044) WB[ Z 00: 0x80001000]       ExeInst: DASM(00004033)
Cyc=        569 (0x80000044, 0x80000040, 0x80000050, 0x8000004c, 0x80000048) WB[M  00: 0x8000004c]       ExeInst: DASM(00004033)
Cyc=        570 (0x80000048, 0x80000044, 0x80000040, 0x80000050, 0x8000004c) WB[ Z 00: 0x00000000]       ExeInst: DASM(00001f17)
Cyc=        571 (0x8000004c, 0x80000048, 0x80000044, 0x80000040, 0x80000050) WB[MZ 00: 0x00000000]       ExeInst: DASM(fc3f2023)
Cyc=        572 (0x80000050, 0x8000004c, 0x80000048, 0x80000044, 0x80000040) WB[M  1e: 0x80001040]   B   ExeInst: DASM(ff9ff06f)
Cyc=        573 (0x80000040, 0x80000050, 0x8000004c, 0x80000048, 0x80000044) WB[ Z 00: 0x80001000]       ExeInst: DASM(00004033)
Cyc=        574 (0x80000044, 0x80000040, 0x80000050, 0x8000004c, 0x80000048) WB[M  00: 0x8000004c]       ExeInst: DASM(00004033)
Cyc=        575 (0x80000048, 0x80000044, 0x80000040, 0x80000050, 0x8000004c) WB[ Z 00: 0x00000000]       ExeInst: DASM(00001f17)
*** PASSED ***
