Instantiated DTM.
Cyc=          0 (0x80000000, 0x00000000, 0x00000000, 0x00000000, 0x00000000) WB[   00: 0x00000000]       ExeInst: DASM(00004033)
Cyc=          1 (0x80000004, 0x80000000, 0x00000000, 0x00000000, 0x00000000) WB[   00: 0x00000000]       ExeInst: DASM(00004033)
Cyc=          2 (0x80000008, 0x80000004, 0x80000000, 0x00000000, 0x00000000) WB[ Z 00: 0x00000000]   B   ExeInst: DASM(04c0006f)
Cyc=          3 (0x8000004c, 0x80000008, 0x80000004, 0x80000000, 0x00000000) WB[MZ 00: 0x00000000]       ExeInst: DASM(00004033)
Cyc=          4 (0x80000050, 0x8000004c, 0x80000008, 0x80000004, 0x80000000) WB[M  00: 0x80000004]       ExeInst: DASM(00004033)
Cyc=          5 (0x80000054, 0x80000050, 0x8000004c, 0x80000008, 0x80000004) WB[ Z 00: 0x00000000] S     ExeInst: DASM(f1402573)
Cyc=          6 (0x80000054, 0x80000050, 0x8000004c, 0x8000004c, 0x80000008) WB[MZ 00: 0x00000000]       ExeInst: DASM(00004033)
Cyc=          7 (0x80000058, 0x80000054, 0x80000050, 0x8000004c, 0x8000004c) WB[M  0a: 0x00000000]       ExeInst: DASM(00051063)
Cyc=          8 (0x8000005c, 0x80000058, 0x80000054, 0x80000050, 0x8000004c) WB[   00: 0x00000000]       ExeInst: DASM(00000297)
Cyc=          9 (0x80000060, 0x8000005c, 0x80000058, 0x80000054, 0x80000050) WB[ Z 00: 0x00000000]       ExeInst: DASM(01028293)
Cyc=         10 (0x80000064, 0x80000060, 0x8000005c, 0x80000058, 0x80000054) WB[MZ 05: 0x80000054] S     ExeInst: DASM(30529073)
Cyc=         11 (0x80000064, 0x80000060, 0x8000005c, 0x8000005c, 0x80000058) WB[MZ 05: 0x80000064]       ExeInst: DASM(00004033)
Cyc=         12 (0x80000068, 0x80000064, 0x80000060, 0x8000005c, 0x8000005c) WB[M  00: 0x00000100] S     ExeInst: DASM(18005073)
Cyc=         13 (0x80000068, 0x80000064, 0x80000060, 0x80000060, 0x8000005c) WB[ Z 00: 0x00000000]       ExeInst: DASM(00004033)
Cyc=         14 (0x8000006c, 0x80000068, 0x80000064, 0x80000060, 0x80000060) WB[M  00: 0x00000000]       ExeInst: DASM(00000297)
Cyc=         15 (0x80000070, 0x8000006c, 0x80000068, 0x80000064, 0x80000060) WB[ Z 00: 0x00000000]       ExeInst: DASM(01c28293)
Cyc=         16 (0x80000074, 0x80000070, 0x8000006c, 0x80000068, 0x80000064) WB[MZ 05: 0x80000064] S     ExeInst: DASM(30529073)
Cyc=         17 (0x80000074, 0x80000070, 0x8000006c, 0x8000006c, 0x80000068) WB[MZ 05: 0x80000080]       ExeInst: DASM(00004033)
Cyc=         18 (0x80000078, 0x80000074, 0x80000070, 0x8000006c, 0x8000006c) WB[M  00: 0x00000100]       ExeInst: DASM(fff00293)
Cyc=         19 (0x8000007c, 0x80000078, 0x80000074, 0x80000070, 0x8000006c) WB[ Z 00: 0x00000000] S     ExeInst: DASM(3b029073)
Cyc=         20 (0x8000007c, 0x80000078, 0x80000074, 0x80000074, 0x80000070) WB[MZ 05: 0xffffffff]       ExeInst: DASM(00004033)
Cyc=         21 (0x80000080, 0x8000007c, 0x80000078, 0x80000074, 0x80000074) WB[M  00: 0x00000000]       ExeInst: DASM(01f00293)
Cyc=         22 (0x80000084, 0x80000080, 0x8000007c, 0x80000078, 0x80000074) WB[ Z 00: 0x00000000] S     ExeInst: DASM(3a029073)
Cyc=         23 (0x80000084, 0x80000080, 0x8000007c, 0x8000007c, 0x80000078) WB[MZ 05: 0x0000001f]       ExeInst: DASM(00004033)
Cyc=         24 (0x80000088, 0x80000084, 0x80000080, 0x8000007c, 0x8000007c) WB[M  00: 0x00000000]       ExeInst: DASM(00000297)
Cyc=         25 (0x8000008c, 0x80000088, 0x80000084, 0x80000080, 0x8000007c) WB[ Z 00: 0x00000000]       ExeInst: DASM(01828293)
Cyc=         26 (0x80000090, 0x8000008c, 0x80000088, 0x80000084, 0x80000080) WB[MZ 05: 0x80000080] S     ExeInst: DASM(30529073)
Cyc=         27 (0x80000090, 0x8000008c, 0x80000088, 0x80000088, 0x80000084) WB[MZ 05: 0x80000098]       ExeInst: DASM(00004033)
Cyc=         28 (0x80000094, 0x80000090, 0x8000008c, 0x80000088, 0x80000088) WB[M  00: 0x00000100] S     ExeInst: DASM(30205073)
Cyc=         29 (0x80000094, 0x80000090, 0x8000008c, 0x8000008c, 0x80000088) WB[ Z 00: 0x00000000]       ExeInst: DASM(00004033)
Cyc=         30 (0x80000098, 0x80000094, 0x80000090, 0x8000008c, 0x8000008c) WB[M  00: 0x00000000] S     ExeInst: DASM(30305073)
Cyc=         31 (0x80000098, 0x80000094, 0x80000090, 0x80000090, 0x8000008c) WB[ Z 00: 0x00000000]       ExeInst: DASM(00004033)
Cyc=         32 (0x8000009c, 0x80000098, 0x80000094, 0x80000090, 0x80000090) WB[M  00: 0x00000000] S     ExeInst: DASM(30405073)
Cyc=         33 (0x8000009c, 0x80000098, 0x80000094, 0x80000094, 0x80000090) WB[ Z 00: 0x00000000]       ExeInst: DASM(00004033)
Cyc=         34 (0x800000a0, 0x8000009c, 0x80000098, 0x80000094, 0x80000094) WB[M  00: 0x00000000]       ExeInst: DASM(00000193)
Cyc=         35 (0x800000a4, 0x800000a0, 0x8000009c, 0x80000098, 0x80000094) WB[ Z 00: 0x00000000]       ExeInst: DASM(00000297)
Cyc=         36 (0x800000a8, 0x800000a4, 0x800000a0, 0x8000009c, 0x80000098) WB[MZ 03: 0x00000000]       ExeInst: DASM(f6828293)
Cyc=         37 (0x800000ac, 0x800000a8, 0x800000a4, 0x800000a0, 0x8000009c) WB[MZ 05: 0x8000009c] S     ExeInst: DASM(30529073)
Cyc=         38 (0x800000ac, 0x800000a8, 0x800000a4, 0x800000a4, 0x800000a0) WB[MZ 05: 0x80000004]       ExeInst: DASM(00004033)
Cyc=         39 (0x800000b0, 0x800000ac, 0x800000a8, 0x800000a4, 0x800000a4) WB[M  00: 0x00000100]       ExeInst: DASM(00100513)
Cyc=         40 (0x800000b4, 0x800000b0, 0x800000ac, 0x800000a8, 0x800000a4) WB[ Z 00: 0x00000000]       ExeInst: DASM(01f51513)
Cyc=         41 (0x800000b8, 0x800000b4, 0x800000b0, 0x800000ac, 0x800000a8) WB[MZ 0a: 0x00000001]   B   ExeInst: DASM(00054863)
Cyc=         42 (0x800000c0, 0x800000b8, 0x800000b4, 0x800000b0, 0x800000ac) WB[M  0a: 0x80000000]       ExeInst: DASM(00004033)
Cyc=         43 (0x800000c4, 0x800000c0, 0x800000b8, 0x800000b4, 0x800000b0) WB[   10: 0x80000010]       ExeInst: DASM(00004033)
Cyc=         44 (0x800000c8, 0x800000c4, 0x800000c0, 0x800000b8, 0x800000b4) WB[ Z 00: 0x00000000]       ExeInst: DASM(80000297)
Cyc=         45 (0x800000cc, 0x800000c8, 0x800000c4, 0x800000c0, 0x800000b8) WB[MZ 00: 0x00000000]       ExeInst: DASM(f4028293)
Cyc=         46 (0x800000d0, 0x800000cc, 0x800000c8, 0x800000c4, 0x800000c0) WB[MZ 05: 0x000000c0]   B   ExeInst: DASM(00028e63)
Cyc=         47 (0x800000e4, 0x800000d0, 0x800000cc, 0x800000c8, 0x800000c4) WB[M  05: 0x00000000]       ExeInst: DASM(00004033)
Cyc=         48 (0x800000e8, 0x800000e4, 0x800000d0, 0x800000cc, 0x800000c8) WB[   1c: 0x0000001c]       ExeInst: DASM(00004033)
Cyc=         49 (0x800000ec, 0x800000e8, 0x800000e4, 0x800000d0, 0x800000cc) WB[ Z 00: 0x00000000] S     ExeInst: DASM(30005073)
Cyc=         50 (0x800000ec, 0x800000e8, 0x800000e4, 0x800000e4, 0x800000d0) WB[MZ 00: 0x00000000]       ExeInst: DASM(00004033)
Cyc=         51 (0x800000f0, 0x800000ec, 0x800000e8, 0x800000e4, 0x800000e4) WB[M  00: 0x00001800]       ExeInst: DASM(00000297)
Cyc=         52 (0x800000f4, 0x800000f0, 0x800000ec, 0x800000e8, 0x800000e4) WB[ Z 00: 0x00000000]       ExeInst: DASM(01428293)
Cyc=         53 (0x800000f8, 0x800000f4, 0x800000f0, 0x800000ec, 0x800000e8) WB[MZ 05: 0x800000e8] S     ExeInst: DASM(34129073)
Cyc=         54 (0x800000f8, 0x800000f4, 0x800000f0, 0x800000f0, 0x800000ec) WB[MZ 05: 0x800000fc]       ExeInst: DASM(00004033)
Cyc=         55 (0x800000fc, 0x800000f8, 0x800000f4, 0x800000f0, 0x800000f0) WB[M  00: 0x00000000] S     ExeInst: DASM(f1402573)
Cyc=         56 (0x800000fc, 0x800000f8, 0x800000f4, 0x800000f4, 0x800000f0) WB[ Z 00: 0x00000000]       ExeInst: DASM(00004033)
Cyc=         57 (0x80000100, 0x800000fc, 0x800000f8, 0x800000f4, 0x800000f4) WB[M  0a: 0x00000000]       ExeInst: DASM(30200073)
Cyc=         58 (0x80000104, 0x80000100, 0x800000fc, 0x800000f8, 0x800000f4) WB[   00: 0x00000000]   E   ExeInst: DASM(00004033)
Cyc=         59 (0x800000fc, 0x80000100, 0x800000fc, 0x800000fc, 0x800000f8) WB[   00: 0x00000000]       ExeInst: DASM(00004033)
Cyc=         60 (0x80000100, 0x800000fc, 0x80000100, 0x800000fc, 0x800000fc) WB[   00: 0x00000000]       ExeInst: DASM(00004033)
Cyc=         61 (0x80000104, 0x80000100, 0x800000fc, 0x80000100, 0x800000fc) WB[ Z 00: 0x00000002]       ExeInst: DASM(00200193)
Cyc=         62 (0x80000108, 0x80000104, 0x80000100, 0x800000fc, 0x80000100) WB[MZ 00: 0x00000000]       ExeInst: DASM(00000093)
Cyc=         63 (0x8000010c, 0x80000108, 0x80000104, 0x80000100, 0x800000fc) WB[MZ 03: 0x00000002]       ExeInst: DASM(00000113)
Cyc=         64 (0x80000110, 0x8000010c, 0x80000108, 0x80000104, 0x80000100) WB[MZ 01: 0x00000000]   B   ExeInst: DASM(0020f663)
Cyc=         65 (0x80000114, 0x80000110, 0x8000010c, 0x80000108, 0x80000104) WB[M  02: 0x00000000]       ExeInst: DASM(00004033)
Cyc=         66 (0x80000118, 0x80000114, 0x80000110, 0x8000010c, 0x80000108) WB[   0c: 0x0000000c]       ExeInst: DASM(00004033)
Cyc=         67 (0x8000011c, 0x80000118, 0x80000114, 0x80000110, 0x8000010c) WB[ Z 00: 0x00000344]   B   ExeInst: DASM(fe20fee3)
Cyc=         68 (0x80000110, 0x8000011c, 0x80000118, 0x80000114, 0x80000110) WB[M  00: 0x00000000]       ExeInst: DASM(00004033)
Cyc=         69 (0x80000114, 0x80000110, 0x8000011c, 0x80000118, 0x80000114) WB[   1d: 0xfffffffc]       ExeInst: DASM(00004033)
Cyc=         70 (0x80000118, 0x80000114, 0x80000110, 0x8000011c, 0x80000118) WB[ Z 00: 0x00000338]   B   ExeInst: DASM(00301663)
Cyc=         71 (0x8000011c, 0x80000118, 0x80000114, 0x80000110, 0x8000011c) WB[M  00: 0x00000000]       ExeInst: DASM(00004033)
Cyc=         72 (0x80000120, 0x8000011c, 0x80000118, 0x80000114, 0x80000110) WB[   0c: 0x0000000c]       ExeInst: DASM(00004033)
Cyc=         73 (0x80000124, 0x80000120, 0x8000011c, 0x80000118, 0x80000114) WB[ Z 00: 0xfffffffc]       ExeInst: DASM(00300193)
Cyc=         74 (0x80000128, 0x80000124, 0x80000120, 0x8000011c, 0x80000118) WB[MZ 00: 0x00000000]       ExeInst: DASM(00100093)
Cyc=         75 (0x8000012c, 0x80000128, 0x80000124, 0x80000120, 0x8000011c) WB[MZ 03: 0x00000003]       ExeInst: DASM(00100113)
Cyc=         76 (0x80000130, 0x8000012c, 0x80000128, 0x80000124, 0x80000120) WB[MZ 01: 0x00000001]   B   ExeInst: DASM(0020f663)
Cyc=         77 (0x80000134, 0x80000130, 0x8000012c, 0x80000128, 0x80000124) WB[M  02: 0x00000001]       ExeInst: DASM(00004033)
Cyc=         78 (0x80000138, 0x80000134, 0x80000130, 0x8000012c, 0x80000128) WB[   0c: 0x0000000d]       ExeInst: DASM(00004033)
Cyc=         79 (0x8000013c, 0x80000138, 0x80000134, 0x80000130, 0x8000012c) WB[ Z 00: 0x00000324]   B   ExeInst: DASM(fe20fee3)
Cyc=         80 (0x80000130, 0x8000013c, 0x80000138, 0x80000134, 0x80000130) WB[M  00: 0x00000000]       ExeInst: DASM(00004033)
Cyc=         81 (0x80000134, 0x80000130, 0x8000013c, 0x80000138, 0x80000134) WB[   1d: 0xfffffffd]       ExeInst: DASM(00004033)
Cyc=         82 (0x80000138, 0x80000134, 0x80000130, 0x8000013c, 0x80000138) WB[ Z 00: 0x00000318]   B   ExeInst: DASM(00301663)
Cyc=         83 (0x8000013c, 0x80000138, 0x80000134, 0x80000130, 0x8000013c) WB[M  00: 0x00000000]       ExeInst: DASM(00004033)
Cyc=         84 (0x80000140, 0x8000013c, 0x80000138, 0x80000134, 0x80000130) WB[   0c: 0x0000000c]       ExeInst: DASM(00004033)
Cyc=         85 (0x80000144, 0x80000140, 0x8000013c, 0x80000138, 0x80000134) WB[ Z 00: 0xfffffffd]       ExeInst: DASM(00400193)
Cyc=         86 (0x80000148, 0x80000144, 0x80000140, 0x8000013c, 0x80000138) WB[MZ 00: 0x00000000]       ExeInst: DASM(fff00093)
Cyc=         87 (0x8000014c, 0x80000148, 0x80000144, 0x80000140, 0x8000013c) WB[MZ 03: 0x00000004]       ExeInst: DASM(fff00113)
Cyc=         88 (0x80000150, 0x8000014c, 0x80000148, 0x80000144, 0x80000140) WB[MZ 01: 0xffffffff]   B   ExeInst: DASM(0020f663)
Cyc=         89 (0x80000154, 0x80000150, 0x8000014c, 0x80000148, 0x80000144) WB[M  02: 0xffffffff]       ExeInst: DASM(00004033)
Cyc=         90 (0x80000158, 0x80000154, 0x80000150, 0x8000014c, 0x80000148) WB[   0c: 0x0000000b]       ExeInst: DASM(00004033)
Cyc=         91 (0x8000015c, 0x80000158, 0x80000154, 0x80000150, 0x8000014c) WB[ Z 00: 0x00000304]   B   ExeInst: DASM(fe20fee3)
Cyc=         92 (0x80000150, 0x8000015c, 0x80000158, 0x80000154, 0x80000150) WB[M  00: 0x00000000]       ExeInst: DASM(00004033)
Cyc=         93 (0x80000154, 0x80000150, 0x8000015c, 0x80000158, 0x80000154) WB[   1d: 0xfffffffb]       ExeInst: DASM(00004033)
Cyc=         94 (0x80000158, 0x80000154, 0x80000150, 0x8000015c, 0x80000158) WB[ Z 00: 0x000002f8]   B   ExeInst: DASM(00301663)
Cyc=         95 (0x8000015c, 0x80000158, 0x80000154, 0x80000150, 0x8000015c) WB[M  00: 0x00000000]       ExeInst: DASM(00004033)
Cyc=         96 (0x80000160, 0x8000015c, 0x80000158, 0x80000154, 0x80000150) WB[   0c: 0x0000000c]       ExeInst: DASM(00004033)
Cyc=         97 (0x80000164, 0x80000160, 0x8000015c, 0x80000158, 0x80000154) WB[ Z 00: 0xfffffffb]       ExeInst: DASM(00500193)
Cyc=         98 (0x80000168, 0x80000164, 0x80000160, 0x8000015c, 0x80000158) WB[MZ 00: 0x00000000]       ExeInst: DASM(00100093)
Cyc=         99 (0x8000016c, 0x80000168, 0x80000164, 0x80000160, 0x8000015c) WB[MZ 03: 0x00000005]       ExeInst: DASM(00000113)
Cyc=        100 (0x80000170, 0x8000016c, 0x80000168, 0x80000164, 0x80000160) WB[MZ 01: 0x00000001]   B   ExeInst: DASM(0020f663)
Cyc=        101 (0x80000174, 0x80000170, 0x8000016c, 0x80000168, 0x80000164) WB[M  02: 0x00000000]       ExeInst: DASM(00004033)
Cyc=        102 (0x80000178, 0x80000174, 0x80000170, 0x8000016c, 0x80000168) WB[   0c: 0x0000000d]       ExeInst: DASM(00004033)
Cyc=        103 (0x8000017c, 0x80000178, 0x80000174, 0x80000170, 0x8000016c) WB[ Z 00: 0x000002e4]   B   ExeInst: DASM(fe20fee3)
Cyc=        104 (0x80000170, 0x8000017c, 0x80000178, 0x80000174, 0x80000170) WB[M  00: 0x00000000]       ExeInst: DASM(00004033)
Cyc=        105 (0x80000174, 0x80000170, 0x8000017c, 0x80000178, 0x80000174) WB[   1d: 0xfffffffd]       ExeInst: DASM(00004033)
Cyc=        106 (0x80000178, 0x80000174, 0x80000170, 0x8000017c, 0x80000178) WB[ Z 00: 0x000002d8]   B   ExeInst: DASM(00301663)
Cyc=        107 (0x8000017c, 0x80000178, 0x80000174, 0x80000170, 0x8000017c) WB[M  00: 0x00000000]       ExeInst: DASM(00004033)
Cyc=        108 (0x80000180, 0x8000017c, 0x80000178, 0x80000174, 0x80000170) WB[   0c: 0x0000000c]       ExeInst: DASM(00004033)
Cyc=        109 (0x80000184, 0x80000180, 0x8000017c, 0x80000178, 0x80000174) WB[ Z 00: 0xfffffffd]       ExeInst: DASM(00600193)
Cyc=        110 (0x80000188, 0x80000184, 0x80000180, 0x8000017c, 0x80000178) WB[MZ 00: 0x00000000]       ExeInst: DASM(fff00093)
Cyc=        111 (0x8000018c, 0x80000188, 0x80000184, 0x80000180, 0x8000017c) WB[MZ 03: 0x00000006]       ExeInst: DASM(ffe00113)
Cyc=        112 (0x80000190, 0x8000018c, 0x80000188, 0x80000184, 0x80000180) WB[MZ 01: 0xffffffff]   B   ExeInst: DASM(0020f663)
Cyc=        113 (0x80000194, 0x80000190, 0x8000018c, 0x80000188, 0x80000184) WB[M  02: 0xfffffffe]       ExeInst: DASM(00004033)
Cyc=        114 (0x80000198, 0x80000194, 0x80000190, 0x8000018c, 0x80000188) WB[   0c: 0x0000000b]       ExeInst: DASM(00004033)
Cyc=        115 (0x8000019c, 0x80000198, 0x80000194, 0x80000190, 0x8000018c) WB[ Z 00: 0x000002c4]   B   ExeInst: DASM(fe20fee3)
Cyc=        116 (0x80000190, 0x8000019c, 0x80000198, 0x80000194, 0x80000190) WB[M  00: 0x00000000]       ExeInst: DASM(00004033)
Cyc=        117 (0x80000194, 0x80000190, 0x8000019c, 0x80000198, 0x80000194) WB[   1d: 0xfffffffb]       ExeInst: DASM(00004033)
Cyc=        118 (0x80000198, 0x80000194, 0x80000190, 0x8000019c, 0x80000198) WB[ Z 00: 0x000002b8]   B   ExeInst: DASM(00301663)
Cyc=        119 (0x8000019c, 0x80000198, 0x80000194, 0x80000190, 0x8000019c) WB[M  00: 0x00000000]       ExeInst: DASM(00004033)
Cyc=        120 (0x800001a0, 0x8000019c, 0x80000198, 0x80000194, 0x80000190) WB[   0c: 0x0000000c]       ExeInst: DASM(00004033)
Cyc=        121 (0x800001a4, 0x800001a0, 0x8000019c, 0x80000198, 0x80000194) WB[ Z 00: 0xfffffffb]       ExeInst: DASM(00700193)
Cyc=        122 (0x800001a8, 0x800001a4, 0x800001a0, 0x8000019c, 0x80000198) WB[MZ 00: 0x00000000]       ExeInst: DASM(fff00093)
Cyc=        123 (0x800001ac, 0x800001a8, 0x800001a4, 0x800001a0, 0x8000019c) WB[MZ 03: 0x00000007]       ExeInst: DASM(00000113)
Cyc=        124 (0x800001b0, 0x800001ac, 0x800001a8, 0x800001a4, 0x800001a0) WB[MZ 01: 0xffffffff]   B   ExeInst: DASM(0020f663)
Cyc=        125 (0x800001b4, 0x800001b0, 0x800001ac, 0x800001a8, 0x800001a4) WB[M  02: 0x00000000]       ExeInst: DASM(00004033)
Cyc=        126 (0x800001b8, 0x800001b4, 0x800001b0, 0x800001ac, 0x800001a8) WB[   0c: 0x0000000b]       ExeInst: DASM(00004033)
Cyc=        127 (0x800001bc, 0x800001b8, 0x800001b4, 0x800001b0, 0x800001ac) WB[ Z 00: 0x000002a4]   B   ExeInst: DASM(fe20fee3)
Cyc=        128 (0x800001b0, 0x800001bc, 0x800001b8, 0x800001b4, 0x800001b0) WB[M  00: 0x00000000]       ExeInst: DASM(00004033)
Cyc=        129 (0x800001b4, 0x800001b0, 0x800001bc, 0x800001b8, 0x800001b4) WB[   1d: 0xfffffffb]       ExeInst: DASM(00004033)
Cyc=        130 (0x800001b8, 0x800001b4, 0x800001b0, 0x800001bc, 0x800001b8) WB[ Z 00: 0x00000298]   B   ExeInst: DASM(00301663)
Cyc=        131 (0x800001bc, 0x800001b8, 0x800001b4, 0x800001b0, 0x800001bc) WB[M  00: 0x00000000]       ExeInst: DASM(00004033)
Cyc=        132 (0x800001c0, 0x800001bc, 0x800001b8, 0x800001b4, 0x800001b0) WB[   0c: 0x0000000c]       ExeInst: DASM(00004033)
Cyc=        133 (0x800001c4, 0x800001c0, 0x800001bc, 0x800001b8, 0x800001b4) WB[ Z 00: 0xfffffffb]       ExeInst: DASM(00800193)
Cyc=        134 (0x800001c8, 0x800001c4, 0x800001c0, 0x800001bc, 0x800001b8) WB[MZ 00: 0x00000000]       ExeInst: DASM(00000093)
Cyc=        135 (0x800001cc, 0x800001c8, 0x800001c4, 0x800001c0, 0x800001bc) WB[MZ 03: 0x00000008]       ExeInst: DASM(00100113)
Cyc=        136 (0x800001d0, 0x800001cc, 0x800001c8, 0x800001c4, 0x800001c0) WB[MZ 01: 0x00000000]       ExeInst: DASM(0020f463)
Cyc=        137 (0x800001d4, 0x800001d0, 0x800001cc, 0x800001c8, 0x800001c4) WB[M  02: 0x00000001]   B   ExeInst: DASM(00301463)
Cyc=        138 (0x800001d4, 0x800001d4, 0x800001d0, 0x800001cc, 0x800001c8) WB[   08: 0x00000008]       ExeInst: DASM(00004033)
Cyc=        139 (0x800001d8, 0x800001d4, 0x800001d4, 0x800001d0, 0x800001cc) WB[   08: 0x00000008]       ExeInst: DASM(00004033)
Cyc=        140 (0x800001dc, 0x800001d8, 0x800001d4, 0x800001d4, 0x800001d0) WB[ Z 00: 0x00000280]       ExeInst: DASM(fe20fee3)
Cyc=        141 (0x800001e0, 0x800001dc, 0x800001d8, 0x800001d4, 0x800001d4) WB[M  00: 0x00000000]       ExeInst: DASM(00900193)
Cyc=        142 (0x800001e4, 0x800001e0, 0x800001dc, 0x800001d8, 0x800001d4) WB[ Z 1d: 0xfffffffc]       ExeInst: DASM(ffe00093)
Cyc=        143 (0x800001e8, 0x800001e4, 0x800001e0, 0x800001dc, 0x800001d8) WB[MZ 03: 0x00000009]       ExeInst: DASM(fff00113)
Cyc=        144 (0x800001ec, 0x800001e8, 0x800001e4, 0x800001e0, 0x800001dc) WB[MZ 01: 0xfffffffe]       ExeInst: DASM(0020f463)
Cyc=        145 (0x800001f0, 0x800001ec, 0x800001e8, 0x800001e4, 0x800001e0) WB[M  02: 0xffffffff]   B   ExeInst: DASM(00301463)
Cyc=        146 (0x800001f0, 0x800001f0, 0x800001ec, 0x800001e8, 0x800001e4) WB[   08: 0x00000006]       ExeInst: DASM(00004033)
Cyc=        147 (0x800001f4, 0x800001f0, 0x800001f0, 0x800001ec, 0x800001e8) WB[   08: 0x00000008]       ExeInst: DASM(00004033)
Cyc=        148 (0x800001f8, 0x800001f4, 0x800001f0, 0x800001f0, 0x800001ec) WB[ Z 00: 0x00000264]       ExeInst: DASM(fe20fee3)
Cyc=        149 (0x800001fc, 0x800001f8, 0x800001f4, 0x800001f0, 0x800001f0) WB[M  00: 0x00000000]       ExeInst: DASM(00a00193)
Cyc=        150 (0x80000200, 0x800001fc, 0x800001f8, 0x800001f4, 0x800001f0) WB[ Z 1d: 0xfffffffa]       ExeInst: DASM(00000093)
Cyc=        151 (0x80000204, 0x80000200, 0x800001fc, 0x800001f8, 0x800001f4) WB[MZ 03: 0x0000000a]       ExeInst: DASM(fff00113)
Cyc=        152 (0x80000208, 0x80000204, 0x80000200, 0x800001fc, 0x800001f8) WB[MZ 01: 0x00000000]       ExeInst: DASM(0020f463)
Cyc=        153 (0x8000020c, 0x80000208, 0x80000204, 0x80000200, 0x800001fc) WB[M  02: 0xffffffff]   B   ExeInst: DASM(00301463)
Cyc=        154 (0x8000020c, 0x8000020c, 0x80000208, 0x80000204, 0x80000200) WB[   08: 0x00000008]       ExeInst: DASM(00004033)
Cyc=        155 (0x80000210, 0x8000020c, 0x8000020c, 0x80000208, 0x80000204) WB[   08: 0x00000008]       ExeInst: DASM(00004033)
Cyc=        156 (0x80000214, 0x80000210, 0x8000020c, 0x8000020c, 0x80000208) WB[ Z 00: 0x00000248]       ExeInst: DASM(fe20fee3)
Cyc=        157 (0x80000218, 0x80000214, 0x80000210, 0x8000020c, 0x8000020c) WB[M  00: 0x00000000]       ExeInst: DASM(00b00193)
Cyc=        158 (0x8000021c, 0x80000218, 0x80000214, 0x80000210, 0x8000020c) WB[ Z 1d: 0xfffffffc]       ExeInst: DASM(800000b7)
Cyc=        159 (0x80000220, 0x8000021c, 0x80000218, 0x80000214, 0x80000210) WB[MZ 03: 0x0000000b]       ExeInst: DASM(fff08093)
Cyc=        160 (0x80000224, 0x80000220, 0x8000021c, 0x80000218, 0x80000214) WB[MZ 01: 0x80000000]       ExeInst: DASM(80000137)
Cyc=        161 (0x80000228, 0x80000224, 0x80000220, 0x8000021c, 0x80000218) WB[MZ 01: 0x7fffffff]       ExeInst: DASM(0020f463)
Cyc=        162 (0x8000022c, 0x80000228, 0x80000224, 0x80000220, 0x8000021c) WB[M  02: 0x80000000]   B   ExeInst: DASM(00301463)
Cyc=        163 (0x8000022c, 0x8000022c, 0x80000228, 0x80000224, 0x80000220) WB[   08: 0x80000007]       ExeInst: DASM(00004033)
Cyc=        164 (0x80000230, 0x8000022c, 0x8000022c, 0x80000228, 0x80000224) WB[   08: 0x00000008]       ExeInst: DASM(00004033)
Cyc=        165 (0x80000234, 0x80000230, 0x8000022c, 0x8000022c, 0x80000228) WB[ Z 00: 0x00000228]       ExeInst: DASM(fe20fee3)
Cyc=        166 (0x80000238, 0x80000234, 0x80000230, 0x8000022c, 0x8000022c) WB[M  00: 0x00000000]       ExeInst: DASM(00c00193)
Cyc=        167 (0x8000023c, 0x80000238, 0x80000234, 0x80000230, 0x8000022c) WB[ Z 1d: 0x7ffffffb]       ExeInst: DASM(00000213)
Cyc=        168 (0x80000240, 0x8000023c, 0x80000238, 0x80000234, 0x80000230) WB[MZ 03: 0x0000000c]       ExeInst: DASM(f00000b7)
Cyc=        169 (0x80000244, 0x80000240, 0x8000023c, 0x80000238, 0x80000234) WB[MZ 04: 0x00000000]       ExeInst: DASM(fff08093)
Cyc=        170 (0x80000248, 0x80000244, 0x80000240, 0x8000023c, 0x80000238) WB[MZ 01: 0xf0000000]       ExeInst: DASM(f0000137)
Cyc=        171 (0x8000024c, 0x80000248, 0x80000244, 0x80000240, 0x8000023c) WB[MZ 01: 0xefffffff]       ExeInst: DASM(2020f663)
Cyc=        172 (0x80000250, 0x8000024c, 0x80000248, 0x80000244, 0x80000240) WB[M  02: 0xf0000000]       ExeInst: DASM(00120213)
Cyc=        173 (0x80000254, 0x80000250, 0x8000024c, 0x80000248, 0x80000244) WB[ Z 0c: 0xf000020b]       ExeInst: DASM(00200293)
Cyc=        174 (0x80000258, 0x80000254, 0x80000250, 0x8000024c, 0x80000248) WB[MZ 04: 0x00000001]   B   ExeInst: DASM(fe5214e3)
Cyc=        175 (0x80000238, 0x80000258, 0x80000254, 0x80000250, 0x8000024c) WB[M  05: 0x00000002]       ExeInst: DASM(00004033)
Cyc=        176 (0x8000023c, 0x80000238, 0x80000258, 0x80000254, 0x80000250) WB[   09: 0xffffffe9]       ExeInst: DASM(00004033)
Cyc=        177 (0x80000240, 0x8000023c, 0x80000238, 0x80000258, 0x80000254) WB[ Z 00: 0x0000000d]       ExeInst: DASM(f00000b7)
Cyc=        178 (0x80000244, 0x80000240, 0x8000023c, 0x80000238, 0x80000258) WB[MZ 00: 0x00000000]       ExeInst: DASM(fff08093)
Cyc=        179 (0x80000248, 0x80000244, 0x80000240, 0x8000023c, 0x80000238) WB[MZ 01: 0xf0000000]       ExeInst: DASM(f0000137)
Cyc=        180 (0x8000024c, 0x80000248, 0x80000244, 0x80000240, 0x8000023c) WB[MZ 01: 0xefffffff]       ExeInst: DASM(2020f663)
Cyc=        181 (0x80000250, 0x8000024c, 0x80000248, 0x80000244, 0x80000240) WB[M  02: 0xf0000000]       ExeInst: DASM(00120213)
Cyc=        182 (0x80000254, 0x80000250, 0x8000024c, 0x80000248, 0x80000244) WB[ Z 0c: 0xf000020b]       ExeInst: DASM(00200293)
Cyc=        183 (0x80000258, 0x80000254, 0x80000250, 0x8000024c, 0x80000248) WB[MZ 04: 0x00000002]       ExeInst: DASM(fe5214e3)
Cyc=        184 (0x8000025c, 0x80000258, 0x80000254, 0x80000250, 0x8000024c) WB[M  05: 0x00000002]       ExeInst: DASM(00d00193)
Cyc=        185 (0x80000260, 0x8000025c, 0x80000258, 0x80000254, 0x80000250) WB[ Z 09: 0xffffffea]       ExeInst: DASM(00000213)
Cyc=        186 (0x80000264, 0x80000260, 0x8000025c, 0x80000258, 0x80000254) WB[MZ 03: 0x0000000d]       ExeInst: DASM(f00000b7)
Cyc=        187 (0x80000268, 0x80000264, 0x80000260, 0x8000025c, 0x80000258) WB[MZ 04: 0x00000000]       ExeInst: DASM(fff08093)
Cyc=        188 (0x8000026c, 0x80000268, 0x80000264, 0x80000260, 0x8000025c) WB[MZ 01: 0xf0000000]       ExeInst: DASM(f0000137)
Cyc=        189 (0x80000270, 0x8000026c, 0x80000268, 0x80000264, 0x80000260) WB[MZ 01: 0xefffffff]       ExeInst: DASM(00000013)
Cyc=        190 (0x80000274, 0x80000270, 0x8000026c, 0x80000268, 0x80000264) WB[MZ 02: 0xf0000000]       ExeInst: DASM(1e20f263)
Cyc=        191 (0x80000278, 0x80000274, 0x80000270, 0x8000026c, 0x80000268) WB[M  00: 0x00000000]       ExeInst: DASM(00120213)
Cyc=        192 (0x8000027c, 0x80000278, 0x80000274, 0x80000270, 0x8000026c) WB[ Z 04: 0xf00001e3]       ExeInst: DASM(00200293)
Cyc=        193 (0x80000280, 0x8000027c, 0x80000278, 0x80000274, 0x80000270) WB[MZ 04: 0x00000001]   B   ExeInst: DASM(fe5212e3)
Cyc=        194 (0x8000025c, 0x80000280, 0x8000027c, 0x80000278, 0x80000274) WB[M  05: 0x00000002]       ExeInst: DASM(00004033)
Cyc=        195 (0x80000260, 0x8000025c, 0x80000280, 0x8000027c, 0x80000278) WB[   05: 0xffffffe5]       ExeInst: DASM(00004033)
Cyc=        196 (0x80000264, 0x80000260, 0x8000025c, 0x80000280, 0x8000027c) WB[ Z 00: 0x0000000e]       ExeInst: DASM(f00000b7)
Cyc=        197 (0x80000268, 0x80000264, 0x80000260, 0x8000025c, 0x80000280) WB[MZ 00: 0x00000000]       ExeInst: DASM(fff08093)
Cyc=        198 (0x8000026c, 0x80000268, 0x80000264, 0x80000260, 0x8000025c) WB[MZ 01: 0xf0000000]       ExeInst: DASM(f0000137)
Cyc=        199 (0x80000270, 0x8000026c, 0x80000268, 0x80000264, 0x80000260) WB[MZ 01: 0xefffffff]       ExeInst: DASM(00000013)
Cyc=        200 (0x80000274, 0x80000270, 0x8000026c, 0x80000268, 0x80000264) WB[MZ 02: 0xf0000000]       ExeInst: DASM(1e20f263)
Cyc=        201 (0x80000278, 0x80000274, 0x80000270, 0x8000026c, 0x80000268) WB[M  00: 0x00000000]       ExeInst: DASM(00120213)
Cyc=        202 (0x8000027c, 0x80000278, 0x80000274, 0x80000270, 0x8000026c) WB[ Z 04: 0xf00001e3]       ExeInst: DASM(00200293)
Cyc=        203 (0x80000280, 0x8000027c, 0x80000278, 0x80000274, 0x80000270) WB[MZ 04: 0x00000002]       ExeInst: DASM(fe5212e3)
Cyc=        204 (0x80000284, 0x80000280, 0x8000027c, 0x80000278, 0x80000274) WB[M  05: 0x00000002]       ExeInst: DASM(00e00193)
Cyc=        205 (0x80000288, 0x80000284, 0x80000280, 0x8000027c, 0x80000278) WB[ Z 05: 0xffffffe6]       ExeInst: DASM(00000213)
Cyc=        206 (0x8000028c, 0x80000288, 0x80000284, 0x80000280, 0x8000027c) WB[MZ 03: 0x0000000e]       ExeInst: DASM(f00000b7)
Cyc=        207 (0x80000290, 0x8000028c, 0x80000288, 0x80000284, 0x80000280) WB[MZ 04: 0x00000000]       ExeInst: DASM(fff08093)
Cyc=        208 (0x80000294, 0x80000290, 0x8000028c, 0x80000288, 0x80000284) WB[MZ 01: 0xf0000000]       ExeInst: DASM(f0000137)
Cyc=        209 (0x80000298, 0x80000294, 0x80000290, 0x8000028c, 0x80000288) WB[MZ 01: 0xefffffff]       ExeInst: DASM(00000013)
Cyc=        210 (0x8000029c, 0x80000298, 0x80000294, 0x80000290, 0x8000028c) WB[MZ 02: 0xf0000000]       ExeInst: DASM(00000013)
Cyc=        211 (0x800002a0, 0x8000029c, 0x80000298, 0x80000294, 0x80000290) WB[MZ 00: 0x00000000]       ExeInst: DASM(1a20fc63)
Cyc=        212 (0x800002a4, 0x800002a0, 0x8000029c, 0x80000298, 0x80000294) WB[M  00: 0x00000000]       ExeInst: DASM(00120213)
Cyc=        213 (0x800002a8, 0x800002a4, 0x800002a0, 0x8000029c, 0x80000298) WB[ Z 18: 0xf00001b7]       ExeInst: DASM(00200293)
Cyc=        214 (0x800002ac, 0x800002a8, 0x800002a4, 0x800002a0, 0x8000029c) WB[MZ 04: 0x00000001]   B   ExeInst: DASM(fe5210e3)
Cyc=        215 (0x80000284, 0x800002ac, 0x800002a8, 0x800002a4, 0x800002a0) WB[M  05: 0x00000002]       ExeInst: DASM(00004033)
Cyc=        216 (0x80000288, 0x80000284, 0x800002ac, 0x800002a8, 0x800002a4) WB[   01: 0xffffffe1]       ExeInst: DASM(00004033)
Cyc=        217 (0x8000028c, 0x80000288, 0x80000284, 0x800002ac, 0x800002a8) WB[ Z 00: 0x0000000f]       ExeInst: DASM(f00000b7)
Cyc=        218 (0x80000290, 0x8000028c, 0x80000288, 0x80000284, 0x800002ac) WB[MZ 00: 0x00000000]       ExeInst: DASM(fff08093)
Cyc=        219 (0x80000294, 0x80000290, 0x8000028c, 0x80000288, 0x80000284) WB[MZ 01: 0xf0000000]       ExeInst: DASM(f0000137)
Cyc=        220 (0x80000298, 0x80000294, 0x80000290, 0x8000028c, 0x80000288) WB[MZ 01: 0xefffffff]       ExeInst: DASM(00000013)
Cyc=        221 (0x8000029c, 0x80000298, 0x80000294, 0x80000290, 0x8000028c) WB[MZ 02: 0xf0000000]       ExeInst: DASM(00000013)
Cyc=        222 (0x800002a0, 0x8000029c, 0x80000298, 0x80000294, 0x80000290) WB[MZ 00: 0x00000000]       ExeInst: DASM(1a20fc63)
Cyc=        223 (0x800002a4, 0x800002a0, 0x8000029c, 0x80000298, 0x80000294) WB[M  00: 0x00000000]       ExeInst: DASM(00120213)
Cyc=        224 (0x800002a8, 0x800002a4, 0x800002a0, 0x8000029c, 0x80000298) WB[ Z 18: 0xf00001b7]       ExeInst: DASM(00200293)
Cyc=        225 (0x800002ac, 0x800002a8, 0x800002a4, 0x800002a0, 0x8000029c) WB[MZ 04: 0x00000002]       ExeInst: DASM(fe5210e3)
Cyc=        226 (0x800002b0, 0x800002ac, 0x800002a8, 0x800002a4, 0x800002a0) WB[M  05: 0x00000002]       ExeInst: DASM(00f00193)
Cyc=        227 (0x800002b4, 0x800002b0, 0x800002ac, 0x800002a8, 0x800002a4) WB[ Z 01: 0xffffffe2]       ExeInst: DASM(00000213)
Cyc=        228 (0x800002b8, 0x800002b4, 0x800002b0, 0x800002ac, 0x800002a8) WB[MZ 03: 0x0000000f]       ExeInst: DASM(f00000b7)
Cyc=        229 (0x800002bc, 0x800002b8, 0x800002b4, 0x800002b0, 0x800002ac) WB[MZ 04: 0x00000000]       ExeInst: DASM(fff08093)
Cyc=        230 (0x800002c0, 0x800002bc, 0x800002b8, 0x800002b4, 0x800002b0) WB[MZ 01: 0xf0000000]       ExeInst: DASM(00000013)
Cyc=        231 (0x800002c4, 0x800002c0, 0x800002bc, 0x800002b8, 0x800002b4) WB[MZ 01: 0xefffffff]       ExeInst: DASM(f0000137)
Cyc=        232 (0x800002c8, 0x800002c4, 0x800002c0, 0x800002bc, 0x800002b8) WB[MZ 00: 0x00000000]       ExeInst: DASM(1820f863)
Cyc=        233 (0x800002cc, 0x800002c8, 0x800002c4, 0x800002c0, 0x800002bc) WB[M  02: 0xf0000000]       ExeInst: DASM(00120213)
Cyc=        234 (0x800002d0, 0x800002cc, 0x800002c8, 0x800002c4, 0x800002c0) WB[ Z 10: 0xf000018f]       ExeInst: DASM(00200293)
Cyc=        235 (0x800002d4, 0x800002d0, 0x800002cc, 0x800002c8, 0x800002c4) WB[MZ 04: 0x00000001]   B   ExeInst: DASM(fe5212e3)
Cyc=        236 (0x800002b0, 0x800002d4, 0x800002d0, 0x800002cc, 0x800002c8) WB[M  05: 0x00000002]       ExeInst: DASM(00004033)
Cyc=        237 (0x800002b4, 0x800002b0, 0x800002d4, 0x800002d0, 0x800002cc) WB[   05: 0xffffffe5]       ExeInst: DASM(00004033)
Cyc=        238 (0x800002b8, 0x800002b4, 0x800002b0, 0x800002d4, 0x800002d0) WB[ Z 00: 0x00000010]       ExeInst: DASM(f00000b7)
Cyc=        239 (0x800002bc, 0x800002b8, 0x800002b4, 0x800002b0, 0x800002d4) WB[MZ 00: 0x00000000]       ExeInst: DASM(fff08093)
Cyc=        240 (0x800002c0, 0x800002bc, 0x800002b8, 0x800002b4, 0x800002b0) WB[MZ 01: 0xf0000000]       ExeInst: DASM(00000013)
Cyc=        241 (0x800002c4, 0x800002c0, 0x800002bc, 0x800002b8, 0x800002b4) WB[MZ 01: 0xefffffff]       ExeInst: DASM(f0000137)
Cyc=        242 (0x800002c8, 0x800002c4, 0x800002c0, 0x800002bc, 0x800002b8) WB[MZ 00: 0x00000000]       ExeInst: DASM(1820f863)
Cyc=        243 (0x800002cc, 0x800002c8, 0x800002c4, 0x800002c0, 0x800002bc) WB[M  02: 0xf0000000]       ExeInst: DASM(00120213)
Cyc=        244 (0x800002d0, 0x800002cc, 0x800002c8, 0x800002c4, 0x800002c0) WB[ Z 10: 0xf000018f]       ExeInst: DASM(00200293)
Cyc=        245 (0x800002d4, 0x800002d0, 0x800002cc, 0x800002c8, 0x800002c4) WB[MZ 04: 0x00000002]       ExeInst: DASM(fe5212e3)
Cyc=        246 (0x800002d8, 0x800002d4, 0x800002d0, 0x800002cc, 0x800002c8) WB[M  05: 0x00000002]       ExeInst: DASM(01000193)
Cyc=        247 (0x800002dc, 0x800002d8, 0x800002d4, 0x800002d0, 0x800002cc) WB[ Z 05: 0xffffffe6]       ExeInst: DASM(00000213)
Cyc=        248 (0x800002e0, 0x800002dc, 0x800002d8, 0x800002d4, 0x800002d0) WB[MZ 03: 0x00000010]       ExeInst: DASM(f00000b7)
Cyc=        249 (0x800002e4, 0x800002e0, 0x800002dc, 0x800002d8, 0x800002d4) WB[MZ 04: 0x00000000]       ExeInst: DASM(fff08093)
Cyc=        250 (0x800002e8, 0x800002e4, 0x800002e0, 0x800002dc, 0x800002d8) WB[MZ 01: 0xf0000000]       ExeInst: DASM(00000013)
Cyc=        251 (0x800002ec, 0x800002e8, 0x800002e4, 0x800002e0, 0x800002dc) WB[MZ 01: 0xefffffff]       ExeInst: DASM(f0000137)
Cyc=        252 (0x800002f0, 0x800002ec, 0x800002e8, 0x800002e4, 0x800002e0) WB[MZ 00: 0x00000000]       ExeInst: DASM(00000013)
Cyc=        253 (0x800002f4, 0x800002f0, 0x800002ec, 0x800002e8, 0x800002e4) WB[MZ 02: 0xf0000000]       ExeInst: DASM(1620f263)
Cyc=        254 (0x800002f8, 0x800002f4, 0x800002f0, 0x800002ec, 0x800002e8) WB[M  00: 0x00000000]       ExeInst: DASM(00120213)
Cyc=        255 (0x800002fc, 0x800002f8, 0x800002f4, 0x800002f0, 0x800002ec) WB[ Z 04: 0xf0000163]       ExeInst: DASM(00200293)
Cyc=        256 (0x80000300, 0x800002fc, 0x800002f8, 0x800002f4, 0x800002f0) WB[MZ 04: 0x00000001]   B   ExeInst: DASM(fe5210e3)
Cyc=        257 (0x800002d8, 0x80000300, 0x800002fc, 0x800002f8, 0x800002f4) WB[M  05: 0x00000002]       ExeInst: DASM(00004033)
Cyc=        258 (0x800002dc, 0x800002d8, 0x80000300, 0x800002fc, 0x800002f8) WB[   01: 0xffffffe1]       ExeInst: DASM(00004033)
Cyc=        259 (0x800002e0, 0x800002dc, 0x800002d8, 0x80000300, 0x800002fc) WB[ Z 00: 0x00000011]       ExeInst: DASM(f00000b7)
Cyc=        260 (0x800002e4, 0x800002e0, 0x800002dc, 0x800002d8, 0x80000300) WB[MZ 00: 0x00000000]       ExeInst: DASM(fff08093)
Cyc=        261 (0x800002e8, 0x800002e4, 0x800002e0, 0x800002dc, 0x800002d8) WB[MZ 01: 0xf0000000]       ExeInst: DASM(00000013)
Cyc=        262 (0x800002ec, 0x800002e8, 0x800002e4, 0x800002e0, 0x800002dc) WB[MZ 01: 0xefffffff]       ExeInst: DASM(f0000137)
Cyc=        263 (0x800002f0, 0x800002ec, 0x800002e8, 0x800002e4, 0x800002e0) WB[MZ 00: 0x00000000]       ExeInst: DASM(00000013)
Cyc=        264 (0x800002f4, 0x800002f0, 0x800002ec, 0x800002e8, 0x800002e4) WB[MZ 02: 0xf0000000]       ExeInst: DASM(1620f263)
Cyc=        265 (0x800002f8, 0x800002f4, 0x800002f0, 0x800002ec, 0x800002e8) WB[M  00: 0x00000000]       ExeInst: DASM(00120213)
Cyc=        266 (0x800002fc, 0x800002f8, 0x800002f4, 0x800002f0, 0x800002ec) WB[ Z 04: 0xf0000163]       ExeInst: DASM(00200293)
Cyc=        267 (0x80000300, 0x800002fc, 0x800002f8, 0x800002f4, 0x800002f0) WB[MZ 04: 0x00000002]       ExeInst: DASM(fe5210e3)
Cyc=        268 (0x80000304, 0x80000300, 0x800002fc, 0x800002f8, 0x800002f4) WB[M  05: 0x00000002]       ExeInst: DASM(01100193)
Cyc=        269 (0x80000308, 0x80000304, 0x80000300, 0x800002fc, 0x800002f8) WB[ Z 01: 0xffffffe2]       ExeInst: DASM(00000213)
Cyc=        270 (0x8000030c, 0x80000308, 0x80000304, 0x80000300, 0x800002fc) WB[MZ 03: 0x00000011]       ExeInst: DASM(f00000b7)
Cyc=        271 (0x80000310, 0x8000030c, 0x80000308, 0x80000304, 0x80000300) WB[MZ 04: 0x00000000]       ExeInst: DASM(fff08093)
Cyc=        272 (0x80000314, 0x80000310, 0x8000030c, 0x80000308, 0x80000304) WB[MZ 01: 0xf0000000]       ExeInst: DASM(00000013)
Cyc=        273 (0x80000318, 0x80000314, 0x80000310, 0x8000030c, 0x80000308) WB[MZ 01: 0xefffffff]       ExeInst: DASM(00000013)
Cyc=        274 (0x8000031c, 0x80000318, 0x80000314, 0x80000310, 0x8000030c) WB[MZ 00: 0x00000000]       ExeInst: DASM(f0000137)
Cyc=        275 (0x80000320, 0x8000031c, 0x80000318, 0x80000314, 0x80000310) WB[MZ 00: 0x00000000]       ExeInst: DASM(1220fc63)
Cyc=        276 (0x80000324, 0x80000320, 0x8000031c, 0x80000318, 0x80000314) WB[M  02: 0xf0000000]       ExeInst: DASM(00120213)
Cyc=        277 (0x80000328, 0x80000324, 0x80000320, 0x8000031c, 0x80000318) WB[ Z 18: 0xf0000137]       ExeInst: DASM(00200293)
Cyc=        278 (0x8000032c, 0x80000328, 0x80000324, 0x80000320, 0x8000031c) WB[MZ 04: 0x00000001]   B   ExeInst: DASM(fe5210e3)
Cyc=        279 (0x80000304, 0x8000032c, 0x80000328, 0x80000324, 0x80000320) WB[M  05: 0x00000002]       ExeInst: DASM(00004033)
Cyc=        280 (0x80000308, 0x80000304, 0x8000032c, 0x80000328, 0x80000324) WB[   01: 0xffffffe1]       ExeInst: DASM(00004033)
Cyc=        281 (0x8000030c, 0x80000308, 0x80000304, 0x8000032c, 0x80000328) WB[ Z 00: 0x00000012]       ExeInst: DASM(f00000b7)
Cyc=        282 (0x80000310, 0x8000030c, 0x80000308, 0x80000304, 0x8000032c) WB[MZ 00: 0x00000000]       ExeInst: DASM(fff08093)
Cyc=        283 (0x80000314, 0x80000310, 0x8000030c, 0x80000308, 0x80000304) WB[MZ 01: 0xf0000000]       ExeInst: DASM(00000013)
Cyc=        284 (0x80000318, 0x80000314, 0x80000310, 0x8000030c, 0x80000308) WB[MZ 01: 0xefffffff]       ExeInst: DASM(00000013)
Cyc=        285 (0x8000031c, 0x80000318, 0x80000314, 0x80000310, 0x8000030c) WB[MZ 00: 0x00000000]       ExeInst: DASM(f0000137)
Cyc=        286 (0x80000320, 0x8000031c, 0x80000318, 0x80000314, 0x80000310) WB[MZ 00: 0x00000000]       ExeInst: DASM(1220fc63)
Cyc=        287 (0x80000324, 0x80000320, 0x8000031c, 0x80000318, 0x80000314) WB[M  02: 0xf0000000]       ExeInst: DASM(00120213)
Cyc=        288 (0x80000328, 0x80000324, 0x80000320, 0x8000031c, 0x80000318) WB[ Z 18: 0xf0000137]       ExeInst: DASM(00200293)
Cyc=        289 (0x8000032c, 0x80000328, 0x80000324, 0x80000320, 0x8000031c) WB[MZ 04: 0x00000002]       ExeInst: DASM(fe5210e3)
Cyc=        290 (0x80000330, 0x8000032c, 0x80000328, 0x80000324, 0x80000320) WB[M  05: 0x00000002]       ExeInst: DASM(01200193)
Cyc=        291 (0x80000334, 0x80000330, 0x8000032c, 0x80000328, 0x80000324) WB[ Z 01: 0xffffffe2]       ExeInst: DASM(00000213)
Cyc=        292 (0x80000338, 0x80000334, 0x80000330, 0x8000032c, 0x80000328) WB[MZ 03: 0x00000012]       ExeInst: DASM(f00000b7)
Cyc=        293 (0x8000033c, 0x80000338, 0x80000334, 0x80000330, 0x8000032c) WB[MZ 04: 0x00000000]       ExeInst: DASM(fff08093)
Cyc=        294 (0x80000340, 0x8000033c, 0x80000338, 0x80000334, 0x80000330) WB[MZ 01: 0xf0000000]       ExeInst: DASM(f0000137)
Cyc=        295 (0x80000344, 0x80000340, 0x8000033c, 0x80000338, 0x80000334) WB[MZ 01: 0xefffffff]       ExeInst: DASM(1020fa63)
Cyc=        296 (0x80000348, 0x80000344, 0x80000340, 0x8000033c, 0x80000338) WB[M  02: 0xf0000000]       ExeInst: DASM(00120213)
Cyc=        297 (0x8000034c, 0x80000348, 0x80000344, 0x80000340, 0x8000033c) WB[ Z 14: 0xf0000113]       ExeInst: DASM(00200293)
Cyc=        298 (0x80000350, 0x8000034c, 0x80000348, 0x80000344, 0x80000340) WB[MZ 04: 0x00000001]   B   ExeInst: DASM(fe5214e3)
Cyc=        299 (0x80000330, 0x80000350, 0x8000034c, 0x80000348, 0x80000344) WB[M  05: 0x00000002]       ExeInst: DASM(00004033)
Cyc=        300 (0x80000334, 0x80000330, 0x80000350, 0x8000034c, 0x80000348) WB[   09: 0xffffffe9]       ExeInst: DASM(00004033)
Cyc=        301 (0x80000338, 0x80000334, 0x80000330, 0x80000350, 0x8000034c) WB[ Z 00: 0x00000013]       ExeInst: DASM(f00000b7)
Cyc=        302 (0x8000033c, 0x80000338, 0x80000334, 0x80000330, 0x80000350) WB[MZ 00: 0x00000000]       ExeInst: DASM(fff08093)
Cyc=        303 (0x80000340, 0x8000033c, 0x80000338, 0x80000334, 0x80000330) WB[MZ 01: 0xf0000000]       ExeInst: DASM(f0000137)
Cyc=        304 (0x80000344, 0x80000340, 0x8000033c, 0x80000338, 0x80000334) WB[MZ 01: 0xefffffff]       ExeInst: DASM(1020fa63)
Cyc=        305 (0x80000348, 0x80000344, 0x80000340, 0x8000033c, 0x80000338) WB[M  02: 0xf0000000]       ExeInst: DASM(00120213)
Cyc=        306 (0x8000034c, 0x80000348, 0x80000344, 0x80000340, 0x8000033c) WB[ Z 14: 0xf0000113]       ExeInst: DASM(00200293)
Cyc=        307 (0x80000350, 0x8000034c, 0x80000348, 0x80000344, 0x80000340) WB[MZ 04: 0x00000002]       ExeInst: DASM(fe5214e3)
Cyc=        308 (0x80000354, 0x80000350, 0x8000034c, 0x80000348, 0x80000344) WB[M  05: 0x00000002]       ExeInst: DASM(01300193)
Cyc=        309 (0x80000358, 0x80000354, 0x80000350, 0x8000034c, 0x80000348) WB[ Z 09: 0xffffffea]       ExeInst: DASM(00000213)
Cyc=        310 (0x8000035c, 0x80000358, 0x80000354, 0x80000350, 0x8000034c) WB[MZ 03: 0x00000013]       ExeInst: DASM(f00000b7)
Cyc=        311 (0x80000360, 0x8000035c, 0x80000358, 0x80000354, 0x80000350) WB[MZ 04: 0x00000000]       ExeInst: DASM(fff08093)
Cyc=        312 (0x80000364, 0x80000360, 0x8000035c, 0x80000358, 0x80000354) WB[MZ 01: 0xf0000000]       ExeInst: DASM(f0000137)
Cyc=        313 (0x80000368, 0x80000364, 0x80000360, 0x8000035c, 0x80000358) WB[MZ 01: 0xefffffff]       ExeInst: DASM(00000013)
Cyc=        314 (0x8000036c, 0x80000368, 0x80000364, 0x80000360, 0x8000035c) WB[MZ 02: 0xf0000000]       ExeInst: DASM(0e20f663)
Cyc=        315 (0x80000370, 0x8000036c, 0x80000368, 0x80000364, 0x80000360) WB[M  00: 0x00000000]       ExeInst: DASM(00120213)
Cyc=        316 (0x80000374, 0x80000370, 0x8000036c, 0x80000368, 0x80000364) WB[ Z 0c: 0xf00000eb]       ExeInst: DASM(00200293)
Cyc=        317 (0x80000378, 0x80000374, 0x80000370, 0x8000036c, 0x80000368) WB[MZ 04: 0x00000001]   B   ExeInst: DASM(fe5212e3)
Cyc=        318 (0x80000354, 0x80000378, 0x80000374, 0x80000370, 0x8000036c) WB[M  05: 0x00000002]       ExeInst: DASM(00004033)
Cyc=        319 (0x80000358, 0x80000354, 0x80000378, 0x80000374, 0x80000370) WB[   05: 0xffffffe5]       ExeInst: DASM(00004033)
Cyc=        320 (0x8000035c, 0x80000358, 0x80000354, 0x80000378, 0x80000374) WB[ Z 00: 0x00000014]       ExeInst: DASM(f00000b7)
Cyc=        321 (0x80000360, 0x8000035c, 0x80000358, 0x80000354, 0x80000378) WB[MZ 00: 0x00000000]       ExeInst: DASM(fff08093)
Cyc=        322 (0x80000364, 0x80000360, 0x8000035c, 0x80000358, 0x80000354) WB[MZ 01: 0xf0000000]       ExeInst: DASM(f0000137)
Cyc=        323 (0x80000368, 0x80000364, 0x80000360, 0x8000035c, 0x80000358) WB[MZ 01: 0xefffffff]       ExeInst: DASM(00000013)
Cyc=        324 (0x8000036c, 0x80000368, 0x80000364, 0x80000360, 0x8000035c) WB[MZ 02: 0xf0000000]       ExeInst: DASM(0e20f663)
Cyc=        325 (0x80000370, 0x8000036c, 0x80000368, 0x80000364, 0x80000360) WB[M  00: 0x00000000]       ExeInst: DASM(00120213)
Cyc=        326 (0x80000374, 0x80000370, 0x8000036c, 0x80000368, 0x80000364) WB[ Z 0c: 0xf00000eb]       ExeInst: DASM(00200293)
Cyc=        327 (0x80000378, 0x80000374, 0x80000370, 0x8000036c, 0x80000368) WB[MZ 04: 0x00000002]       ExeInst: DASM(fe5212e3)
Cyc=        328 (0x8000037c, 0x80000378, 0x80000374, 0x80000370, 0x8000036c) WB[M  05: 0x00000002]       ExeInst: DASM(01400193)
Cyc=        329 (0x80000380, 0x8000037c, 0x80000378, 0x80000374, 0x80000370) WB[ Z 05: 0xffffffe6]       ExeInst: DASM(00000213)
Cyc=        330 (0x80000384, 0x80000380, 0x8000037c, 0x80000378, 0x80000374) WB[MZ 03: 0x00000014]       ExeInst: DASM(f00000b7)
Cyc=        331 (0x80000388, 0x80000384, 0x80000380, 0x8000037c, 0x80000378) WB[MZ 04: 0x00000000]       ExeInst: DASM(fff08093)
Cyc=        332 (0x8000038c, 0x80000388, 0x80000384, 0x80000380, 0x8000037c) WB[MZ 01: 0xf0000000]       ExeInst: DASM(f0000137)
Cyc=        333 (0x80000390, 0x8000038c, 0x80000388, 0x80000384, 0x80000380) WB[MZ 01: 0xefffffff]       ExeInst: DASM(00000013)
Cyc=        334 (0x80000394, 0x80000390, 0x8000038c, 0x80000388, 0x80000384) WB[MZ 02: 0xf0000000]       ExeInst: DASM(00000013)
Cyc=        335 (0x80000398, 0x80000394, 0x80000390, 0x8000038c, 0x80000388) WB[MZ 00: 0x00000000]       ExeInst: DASM(0c20f063)
Cyc=        336 (0x8000039c, 0x80000398, 0x80000394, 0x80000390, 0x8000038c) WB[M  00: 0x00000000]       ExeInst: DASM(00120213)
Cyc=        337 (0x800003a0, 0x8000039c, 0x80000398, 0x80000394, 0x80000390) WB[ Z 00: 0xf00000bf]       ExeInst: DASM(00200293)
Cyc=        338 (0x800003a4, 0x800003a0, 0x8000039c, 0x80000398, 0x80000394) WB[MZ 04: 0x00000001]   B   ExeInst: DASM(fe5210e3)
Cyc=        339 (0x8000037c, 0x800003a4, 0x800003a0, 0x8000039c, 0x80000398) WB[M  05: 0x00000002]       ExeInst: DASM(00004033)
Cyc=        340 (0x80000380, 0x8000037c, 0x800003a4, 0x800003a0, 0x8000039c) WB[   01: 0xffffffe1]       ExeInst: DASM(00004033)
Cyc=        341 (0x80000384, 0x80000380, 0x8000037c, 0x800003a4, 0x800003a0) WB[ Z 00: 0x00000015]       ExeInst: DASM(f00000b7)
Cyc=        342 (0x80000388, 0x80000384, 0x80000380, 0x8000037c, 0x800003a4) WB[MZ 00: 0x00000000]       ExeInst: DASM(fff08093)
Cyc=        343 (0x8000038c, 0x80000388, 0x80000384, 0x80000380, 0x8000037c) WB[MZ 01: 0xf0000000]       ExeInst: DASM(f0000137)
Cyc=        344 (0x80000390, 0x8000038c, 0x80000388, 0x80000384, 0x80000380) WB[MZ 01: 0xefffffff]       ExeInst: DASM(00000013)
Cyc=        345 (0x80000394, 0x80000390, 0x8000038c, 0x80000388, 0x80000384) WB[MZ 02: 0xf0000000]       ExeInst: DASM(00000013)
Cyc=        346 (0x80000398, 0x80000394, 0x80000390, 0x8000038c, 0x80000388) WB[MZ 00: 0x00000000]       ExeInst: DASM(0c20f063)
Cyc=        347 (0x8000039c, 0x80000398, 0x80000394, 0x80000390, 0x8000038c) WB[M  00: 0x00000000]       ExeInst: DASM(00120213)
Cyc=        348 (0x800003a0, 0x8000039c, 0x80000398, 0x80000394, 0x80000390) WB[ Z 00: 0xf00000bf]       ExeInst: DASM(00200293)
Cyc=        349 (0x800003a4, 0x800003a0, 0x8000039c, 0x80000398, 0x80000394) WB[MZ 04: 0x00000002]       ExeInst: DASM(fe5210e3)
Cyc=        350 (0x800003a8, 0x800003a4, 0x800003a0, 0x8000039c, 0x80000398) WB[M  05: 0x00000002]       ExeInst: DASM(01500193)
Cyc=        351 (0x800003ac, 0x800003a8, 0x800003a4, 0x800003a0, 0x8000039c) WB[ Z 01: 0xffffffe2]       ExeInst: DASM(00000213)
Cyc=        352 (0x800003b0, 0x800003ac, 0x800003a8, 0x800003a4, 0x800003a0) WB[MZ 03: 0x00000015]       ExeInst: DASM(f00000b7)
Cyc=        353 (0x800003b4, 0x800003b0, 0x800003ac, 0x800003a8, 0x800003a4) WB[MZ 04: 0x00000000]       ExeInst: DASM(fff08093)
Cyc=        354 (0x800003b8, 0x800003b4, 0x800003b0, 0x800003ac, 0x800003a8) WB[MZ 01: 0xf0000000]       ExeInst: DASM(00000013)
Cyc=        355 (0x800003bc, 0x800003b8, 0x800003b4, 0x800003b0, 0x800003ac) WB[MZ 01: 0xefffffff]       ExeInst: DASM(f0000137)
Cyc=        356 (0x800003c0, 0x800003bc, 0x800003b8, 0x800003b4, 0x800003b0) WB[MZ 00: 0x00000000]       ExeInst: DASM(0820fc63)
Cyc=        357 (0x800003c4, 0x800003c0, 0x800003bc, 0x800003b8, 0x800003b4) WB[M  02: 0xf0000000]       ExeInst: DASM(00120213)
Cyc=        358 (0x800003c8, 0x800003c4, 0x800003c0, 0x800003bc, 0x800003b8) WB[ Z 18: 0xf0000097]       ExeInst: DASM(00200293)
Cyc=        359 (0x800003cc, 0x800003c8, 0x800003c4, 0x800003c0, 0x800003bc) WB[MZ 04: 0x00000001]   B   ExeInst: DASM(fe5212e3)
Cyc=        360 (0x800003a8, 0x800003cc, 0x800003c8, 0x800003c4, 0x800003c0) WB[M  05: 0x00000002]       ExeInst: DASM(00004033)
Cyc=        361 (0x800003ac, 0x800003a8, 0x800003cc, 0x800003c8, 0x800003c4) WB[   05: 0xffffffe5]       ExeInst: DASM(00004033)
Cyc=        362 (0x800003b0, 0x800003ac, 0x800003a8, 0x800003cc, 0x800003c8) WB[ Z 00: 0x00000016]       ExeInst: DASM(f00000b7)
Cyc=        363 (0x800003b4, 0x800003b0, 0x800003ac, 0x800003a8, 0x800003cc) WB[MZ 00: 0x00000000]       ExeInst: DASM(fff08093)
Cyc=        364 (0x800003b8, 0x800003b4, 0x800003b0, 0x800003ac, 0x800003a8) WB[MZ 01: 0xf0000000]       ExeInst: DASM(00000013)
Cyc=        365 (0x800003bc, 0x800003b8, 0x800003b4, 0x800003b0, 0x800003ac) WB[MZ 01: 0xefffffff]       ExeInst: DASM(f0000137)
Cyc=        366 (0x800003c0, 0x800003bc, 0x800003b8, 0x800003b4, 0x800003b0) WB[MZ 00: 0x00000000]       ExeInst: DASM(0820fc63)
Cyc=        367 (0x800003c4, 0x800003c0, 0x800003bc, 0x800003b8, 0x800003b4) WB[M  02: 0xf0000000]       ExeInst: DASM(00120213)
Cyc=        368 (0x800003c8, 0x800003c4, 0x800003c0, 0x800003bc, 0x800003b8) WB[ Z 18: 0xf0000097]       ExeInst: DASM(00200293)
Cyc=        369 (0x800003cc, 0x800003c8, 0x800003c4, 0x800003c0, 0x800003bc) WB[MZ 04: 0x00000002]       ExeInst: DASM(fe5212e3)
Cyc=        370 (0x800003d0, 0x800003cc, 0x800003c8, 0x800003c4, 0x800003c0) WB[M  05: 0x00000002]       ExeInst: DASM(01600193)
Cyc=        371 (0x800003d4, 0x800003d0, 0x800003cc, 0x800003c8, 0x800003c4) WB[ Z 05: 0xffffffe6]       ExeInst: DASM(00000213)
Cyc=        372 (0x800003d8, 0x800003d4, 0x800003d0, 0x800003cc, 0x800003c8) WB[MZ 03: 0x00000016]       ExeInst: DASM(f00000b7)
Cyc=        373 (0x800003dc, 0x800003d8, 0x800003d4, 0x800003d0, 0x800003cc) WB[MZ 04: 0x00000000]       ExeInst: DASM(fff08093)
Cyc=        374 (0x800003e0, 0x800003dc, 0x800003d8, 0x800003d4, 0x800003d0) WB[MZ 01: 0xf0000000]       ExeInst: DASM(00000013)
Cyc=        375 (0x800003e4, 0x800003e0, 0x800003dc, 0x800003d8, 0x800003d4) WB[MZ 01: 0xefffffff]       ExeInst: DASM(f0000137)
Cyc=        376 (0x800003e8, 0x800003e4, 0x800003e0, 0x800003dc, 0x800003d8) WB[MZ 00: 0x00000000]       ExeInst: DASM(00000013)
Cyc=        377 (0x800003ec, 0x800003e8, 0x800003e4, 0x800003e0, 0x800003dc) WB[MZ 02: 0xf0000000]       ExeInst: DASM(0620f663)
Cyc=        378 (0x800003f0, 0x800003ec, 0x800003e8, 0x800003e4, 0x800003e0) WB[M  00: 0x00000000]       ExeInst: DASM(00120213)
Cyc=        379 (0x800003f4, 0x800003f0, 0x800003ec, 0x800003e8, 0x800003e4) WB[ Z 0c: 0xf000006b]       ExeInst: DASM(00200293)
Cyc=        380 (0x800003f8, 0x800003f4, 0x800003f0, 0x800003ec, 0x800003e8) WB[MZ 04: 0x00000001]   B   ExeInst: DASM(fe5210e3)
Cyc=        381 (0x800003d0, 0x800003f8, 0x800003f4, 0x800003f0, 0x800003ec) WB[M  05: 0x00000002]       ExeInst: DASM(00004033)
Cyc=        382 (0x800003d4, 0x800003d0, 0x800003f8, 0x800003f4, 0x800003f0) WB[   01: 0xffffffe1]       ExeInst: DASM(00004033)
Cyc=        383 (0x800003d8, 0x800003d4, 0x800003d0, 0x800003f8, 0x800003f4) WB[ Z 00: 0x00000017]       ExeInst: DASM(f00000b7)
Cyc=        384 (0x800003dc, 0x800003d8, 0x800003d4, 0x800003d0, 0x800003f8) WB[MZ 00: 0x00000000]       ExeInst: DASM(fff08093)
Cyc=        385 (0x800003e0, 0x800003dc, 0x800003d8, 0x800003d4, 0x800003d0) WB[MZ 01: 0xf0000000]       ExeInst: DASM(00000013)
Cyc=        386 (0x800003e4, 0x800003e0, 0x800003dc, 0x800003d8, 0x800003d4) WB[MZ 01: 0xefffffff]       ExeInst: DASM(f0000137)
Cyc=        387 (0x800003e8, 0x800003e4, 0x800003e0, 0x800003dc, 0x800003d8) WB[MZ 00: 0x00000000]       ExeInst: DASM(00000013)
Cyc=        388 (0x800003ec, 0x800003e8, 0x800003e4, 0x800003e0, 0x800003dc) WB[MZ 02: 0xf0000000]       ExeInst: DASM(0620f663)
Cyc=        389 (0x800003f0, 0x800003ec, 0x800003e8, 0x800003e4, 0x800003e0) WB[M  00: 0x00000000]       ExeInst: DASM(00120213)
Cyc=        390 (0x800003f4, 0x800003f0, 0x800003ec, 0x800003e8, 0x800003e4) WB[ Z 0c: 0xf000006b]       ExeInst: DASM(00200293)
Cyc=        391 (0x800003f8, 0x800003f4, 0x800003f0, 0x800003ec, 0x800003e8) WB[MZ 04: 0x00000002]       ExeInst: DASM(fe5210e3)
Cyc=        392 (0x800003fc, 0x800003f8, 0x800003f4, 0x800003f0, 0x800003ec) WB[M  05: 0x00000002]       ExeInst: DASM(01700193)
Cyc=        393 (0x80000400, 0x800003fc, 0x800003f8, 0x800003f4, 0x800003f0) WB[ Z 01: 0xffffffe2]       ExeInst: DASM(00000213)
Cyc=        394 (0x80000404, 0x80000400, 0x800003fc, 0x800003f8, 0x800003f4) WB[MZ 03: 0x00000017]       ExeInst: DASM(f00000b7)
Cyc=        395 (0x80000408, 0x80000404, 0x80000400, 0x800003fc, 0x800003f8) WB[MZ 04: 0x00000000]       ExeInst: DASM(fff08093)
Cyc=        396 (0x8000040c, 0x80000408, 0x80000404, 0x80000400, 0x800003fc) WB[MZ 01: 0xf0000000]       ExeInst: DASM(00000013)
Cyc=        397 (0x80000410, 0x8000040c, 0x80000408, 0x80000404, 0x80000400) WB[MZ 01: 0xefffffff]       ExeInst: DASM(00000013)
Cyc=        398 (0x80000414, 0x80000410, 0x8000040c, 0x80000408, 0x80000404) WB[MZ 00: 0x00000000]       ExeInst: DASM(f0000137)
Cyc=        399 (0x80000418, 0x80000414, 0x80000410, 0x8000040c, 0x80000408) WB[MZ 00: 0x00000000]       ExeInst: DASM(0420f063)
Cyc=        400 (0x8000041c, 0x80000418, 0x80000414, 0x80000410, 0x8000040c) WB[M  02: 0xf0000000]       ExeInst: DASM(00120213)
Cyc=        401 (0x80000420, 0x8000041c, 0x80000418, 0x80000414, 0x80000410) WB[ Z 00: 0xf000003f]       ExeInst: DASM(00200293)
Cyc=        402 (0x80000424, 0x80000420, 0x8000041c, 0x80000418, 0x80000414) WB[MZ 04: 0x00000001]   B   ExeInst: DASM(fe5210e3)
Cyc=        403 (0x800003fc, 0x80000424, 0x80000420, 0x8000041c, 0x80000418) WB[M  05: 0x00000002]       ExeInst: DASM(00004033)
Cyc=        404 (0x80000400, 0x800003fc, 0x80000424, 0x80000420, 0x8000041c) WB[   01: 0xffffffe1]       ExeInst: DASM(00004033)
Cyc=        405 (0x80000404, 0x80000400, 0x800003fc, 0x80000424, 0x80000420) WB[ Z 00: 0x00000001]       ExeInst: DASM(f00000b7)
Cyc=        406 (0x80000408, 0x80000404, 0x80000400, 0x800003fc, 0x80000424) WB[MZ 00: 0x00000000]       ExeInst: DASM(fff08093)
Cyc=        407 (0x8000040c, 0x80000408, 0x80000404, 0x80000400, 0x800003fc) WB[MZ 01: 0xf0000000]       ExeInst: DASM(00000013)
Cyc=        408 (0x80000410, 0x8000040c, 0x80000408, 0x80000404, 0x80000400) WB[MZ 01: 0xefffffff]       ExeInst: DASM(00000013)
Cyc=        409 (0x80000414, 0x80000410, 0x8000040c, 0x80000408, 0x80000404) WB[MZ 00: 0x00000000]       ExeInst: DASM(f0000137)
Cyc=        410 (0x80000418, 0x80000414, 0x80000410, 0x8000040c, 0x80000408) WB[MZ 00: 0x00000000]       ExeInst: DASM(0420f063)
Cyc=        411 (0x8000041c, 0x80000418, 0x80000414, 0x80000410, 0x8000040c) WB[M  02: 0xf0000000]       ExeInst: DASM(00120213)
Cyc=        412 (0x80000420, 0x8000041c, 0x80000418, 0x80000414, 0x80000410) WB[ Z 00: 0xf000003f]       ExeInst: DASM(00200293)
Cyc=        413 (0x80000424, 0x80000420, 0x8000041c, 0x80000418, 0x80000414) WB[MZ 04: 0x00000002]       ExeInst: DASM(fe5210e3)
Cyc=        414 (0x80000428, 0x80000424, 0x80000420, 0x8000041c, 0x80000418) WB[M  05: 0x00000002]       ExeInst: DASM(00100093)
Cyc=        415 (0x8000042c, 0x80000428, 0x80000424, 0x80000420, 0x8000041c) WB[ Z 01: 0xffffffe2]   B   ExeInst: DASM(0000fa63)
Cyc=        416 (0x80000438, 0x8000042c, 0x80000428, 0x80000424, 0x80000420) WB[M  01: 0x00000001]       ExeInst: DASM(00004033)
Cyc=        417 (0x8000043c, 0x80000438, 0x8000042c, 0x80000428, 0x80000424) WB[   14: 0x00000015]       ExeInst: DASM(00004033)
Cyc=        418 (0x80000440, 0x8000043c, 0x80000438, 0x8000042c, 0x80000428) WB[ Z 00: 0x00000002]       ExeInst: DASM(00108093)
Cyc=        419 (0x80000444, 0x80000440, 0x8000043c, 0x80000438, 0x8000042c) WB[MZ 00: 0x00000000]       ExeInst: DASM(00108093)
Cyc=        420 (0x80000448, 0x80000444, 0x80000440, 0x8000043c, 0x80000438) WB[MZ 01: 0x00000002]       ExeInst: DASM(00300e93)
Cyc=        421 (0x8000044c, 0x80000448, 0x80000444, 0x80000440, 0x8000043c) WB[MZ 01: 0x00000003]       ExeInst: DASM(01800193)
Cyc=        422 (0x80000450, 0x8000044c, 0x80000448, 0x80000444, 0x80000440) WB[MZ 1d: 0x00000003]       ExeInst: DASM(01d09463)
Cyc=        423 (0x80000454, 0x80000450, 0x8000044c, 0x80000448, 0x80000444) WB[M  03: 0x00000018]   B   ExeInst: DASM(00301c63)
Cyc=        424 (0x80000464, 0x80000454, 0x80000450, 0x8000044c, 0x80000448) WB[   08: 0x0000000b]       ExeInst: DASM(00004033)
Cyc=        425 (0x80000468, 0x80000464, 0x80000454, 0x80000450, 0x8000044c) WB[   18: 0x00000018]       ExeInst: DASM(00004033)
Cyc=        426 (0x8000046c, 0x80000468, 0x80000464, 0x80000454, 0x80000450) WB[ Z 00: 0x00000000]       ExeInst: DASM(0ff0000f)
Cyc=        427 (0x80000470, 0x8000046c, 0x80000468, 0x80000464, 0x80000454) WB[M  00: 0x00000000]       ExeInst: DASM(00100193)
Cyc=        428 (0x80000474, 0x80000470, 0x8000046c, 0x80000468, 0x80000464) WB[ Z 00: 0x00000000]       ExeInst: DASM(00000073)
Cyc=        429 (0x80000478, 0x80000474, 0x80000470, 0x8000046c, 0x80000468) WB[M  03: 0x00000001] S E   ExeInst: DASM(00004033)
Cyc=        430 (0x80000004, 0x80000474, 0x80000470, 0x80000470, 0x8000046c) WB[   00: 0x00000000]       ExeInst: DASM(00004033)
Cyc=        431 (0x80000008, 0x80000004, 0x80000474, 0x80000470, 0x80000470) WB[   00: 0x00000000]       ExeInst: DASM(00004033)
Cyc=        432 (0x8000000c, 0x80000008, 0x80000004, 0x80000474, 0x80000470) WB[ Z 00: 0x00000000] S     ExeInst: DASM(34202f73)
Cyc=        433 (0x8000000c, 0x80000008, 0x80000004, 0x80000004, 0x80000474) WB[MZ 00: 0x00000000]       ExeInst: DASM(00004033)
Cyc=        434 (0x80000010, 0x8000000c, 0x80000008, 0x80000004, 0x80000004) WB[M  1e: 0x0000000b]       ExeInst: DASM(00800f93)
Cyc=        435 (0x80000014, 0x80000010, 0x8000000c, 0x80000008, 0x80000004) WB[ Z 00: 0x00000000]       ExeInst: DASM(03ff0a63)
Cyc=        436 (0x80000018, 0x80000014, 0x80000010, 0x8000000c, 0x80000008) WB[M  1f: 0x00000008]       ExeInst: DASM(00900f93)
Cyc=        437 (0x8000001c, 0x80000018, 0x80000014, 0x80000010, 0x8000000c) WB[ Z 14: 0x0000003f]       ExeInst: DASM(03ff0663)
Cyc=        438 (0x80000020, 0x8000001c, 0x80000018, 0x80000014, 0x80000010) WB[M  1f: 0x00000009]       ExeInst: DASM(00b00f93)
Cyc=        439 (0x80000024, 0x80000020, 0x8000001c, 0x80000018, 0x80000014) WB[ Z 0c: 0x00000037]   B   ExeInst: DASM(03ff0263)
Cyc=        440 (0x80000040, 0x80000024, 0x80000020, 0x8000001c, 0x80000018) WB[M  1f: 0x0000000b]       ExeInst: DASM(00004033)
Cyc=        441 (0x80000044, 0x80000040, 0x80000024, 0x80000020, 0x8000001c) WB[   04: 0x0000002f]       ExeInst: DASM(00004033)
Cyc=        442 (0x80000048, 0x80000044, 0x80000040, 0x80000024, 0x80000020) WB[ Z 00: 0x00000020]       ExeInst: DASM(00001f17)
Cyc=        443 (0x8000004c, 0x80000048, 0x80000044, 0x80000040, 0x80000024) WB[MZ 00: 0x00000000]       ExeInst: DASM(fc3f2023)
Cyc=        444 (0x80000050, 0x8000004c, 0x80000048, 0x80000044, 0x80000040) WB[M  1e: 0x80001040]   B   ExeInst: DASM(ff9ff06f)
Cyc=        445 (0x80000040, 0x80000050, 0x8000004c, 0x80000048, 0x80000044) WB[ Z 00: 0x80001000]       ExeInst: DASM(00004033)
Cyc=        446 (0x80000044, 0x80000040, 0x80000050, 0x8000004c, 0x80000048) WB[M  00: 0x8000004c]       ExeInst: DASM(00004033)
Cyc=        447 (0x80000048, 0x80000044, 0x80000040, 0x80000050, 0x8000004c) WB[ Z 00: 0x00000000]       ExeInst: DASM(00001f17)
Cyc=        448 (0x8000004c, 0x80000048, 0x80000044, 0x80000040, 0x80000050) WB[MZ 00: 0x00000000]       ExeInst: DASM(fc3f2023)
Cyc=        449 (0x80000050, 0x8000004c, 0x80000048, 0x80000044, 0x80000040) WB[M  1e: 0x80001040]   B   ExeInst: DASM(ff9ff06f)
Cyc=        450 (0x80000040, 0x80000050, 0x8000004c, 0x80000048, 0x80000044) WB[ Z 00: 0x80001000]       ExeInst: DASM(00004033)
Cyc=        451 (0x80000044, 0x80000040, 0x80000050, 0x8000004c, 0x80000048) WB[M  00: 0x8000004c]       ExeInst: DASM(00004033)
Cyc=        452 (0x80000048, 0x80000044, 0x80000040, 0x80000050, 0x8000004c) WB[ Z 00: 0x00000000]       ExeInst: DASM(00001f17)
Cyc=        453 (0x8000004c, 0x80000048, 0x80000044, 0x80000040, 0x80000050) WB[MZ 00: 0x00000000]       ExeInst: DASM(fc3f2023)
Cyc=        454 (0x80000050, 0x8000004c, 0x80000048, 0x80000044, 0x80000040) WB[M  1e: 0x80001040]   B   ExeInst: DASM(ff9ff06f)
Cyc=        455 (0x80000040, 0x80000050, 0x8000004c, 0x80000048, 0x80000044) WB[ Z 00: 0x80001000]       ExeInst: DASM(00004033)
Cyc=        456 (0x80000044, 0x80000040, 0x80000050, 0x8000004c, 0x80000048) WB[M  00: 0x8000004c]       ExeInst: DASM(00004033)
Cyc=        457 (0x80000048, 0x80000044, 0x80000040, 0x80000050, 0x8000004c) WB[ Z 00: 0x00000000]       ExeInst: DASM(00001f17)
Cyc=        458 (0x8000004c, 0x80000048, 0x80000044, 0x80000040, 0x80000050) WB[MZ 00: 0x00000000]       ExeInst: DASM(fc3f2023)
Cyc=        459 (0x80000050, 0x8000004c, 0x80000048, 0x80000044, 0x80000040) WB[M  1e: 0x80001040]   B   ExeInst: DASM(ff9ff06f)
Cyc=        460 (0x80000040, 0x80000050, 0x8000004c, 0x80000048, 0x80000044) WB[ Z 00: 0x80001000]       ExeInst: DASM(00004033)
Cyc=        461 (0x80000044, 0x80000040, 0x80000050, 0x8000004c, 0x80000048) WB[M  00: 0x8000004c]       ExeInst: DASM(00004033)
Cyc=        462 (0x80000048, 0x80000044, 0x80000040, 0x80000050, 0x8000004c) WB[ Z 00: 0x00000000]       ExeInst: DASM(00001f17)
Cyc=        463 (0x8000004c, 0x80000048, 0x80000044, 0x80000040, 0x80000050) WB[MZ 00: 0x00000000]       ExeInst: DASM(fc3f2023)
*** PASSED ***
