\BOOKMARK [1][-]{section.1}{\376\377\144\130\211\201}{}% 1
\BOOKMARK [1][-]{section.2}{\376\377\166\356\137\125}{}% 2
\BOOKMARK [1][-]{section.3}{\376\377\176\352\213\272}{}% 3
\BOOKMARK [1][-]{section.4}{\376\377\170\024\172\166\200\314\146\157}{}% 4
\BOOKMARK [2][-]{subsection.4.1}{\376\377\000M\000I\000P\000S\124\214\000R\000I\000S\000C\000-\000V}{section.4}% 5
\BOOKMARK [2][-]{subsection.4.2}{\376\377\000V\000e\000r\000i\000l\000o\000g\124\214\000C\000h\000i\000s\000e\000l}{section.4}% 6
\BOOKMARK [2][-]{subsection.4.3}{\376\377\000R\000I\000S\000C\000-\000V\137\000\156\220\230\171\166\356}{section.4}% 7
\BOOKMARK [1][-]{section.5}{\376\377\147\120\145\231\116\016\145\271\154\325}{}% 8
\BOOKMARK [1][-]{section.6}{\376\377\176\323\147\234}{}% 9
\BOOKMARK [1][-]{section.7}{\376\377\213\250\213\272}{}% 10
\BOOKMARK [1][-]{section.8}{\376\377\176\323\213\272\116\016\134\125\147\033}{}% 11
\BOOKMARK [1][-]{section.9}{\376\377\000C\000P\000U\150\106\147\266\000[\000.\0007\000e\000x\000]\116\214\133\127\0000\000.\0005\000p\000t\211\343\200\046\124\010\152\041\127\213}{}% 12
\BOOKMARK [1][-]{section.10}{\376\377\000C\000P\000U\232\330\140\047\200\375\126\340\175\040\200\003\221\317\000[\000.\0007\000e\000x\000]\116\214\133\127\0000\000.\0005\000p\000t\220\032\124\021\123\314\123\321\134\004\116\161\136\217\213\276\213\241}{}% 13
\BOOKMARK [1][-]{section.11}{\376\377\147\145\201\352\177\026\213\321\126\150\166\204\120\037\222\164}{}% 14
\BOOKMARK [1][-]{section.12}{\376\377\000C\000P\000U\152\041\127\213\116\016\162\266\140\001\166\204\122\073\165\073}{}% 15
\BOOKMARK [1][-]{section.13}{\376\377\143\007\116\344\116\161\136\217\214\003\136\246\116\345\123\312\142\147\210\114\176\247\122\053}{}% 16
\BOOKMARK [1][-]{section.14}{\376\377\155\101\154\064\176\277\166\204\176\247\145\160\116\345\123\312\124\004\176\247\166\204\171\360\214\023\130\360\146\016\226\020\221\312\116\016\176\337\116\000}{}% 17
\BOOKMARK [1][-]{section.15}{\376\377\122\115\172\357\166\204\213\276\213\241\040\023\140\047\200\375\124\214\165\065\215\357\136\366\217\337\220\375\123\357\116\345\120\132\122\060\147\201\117\030}{}% 18
\BOOKMARK [2][-]{subsection.15.1}{\376\377\123\326\143\007\126\150\040\023\116\000\116\052\232\330\145\110\173\200\155\001\117\030\177\216\166\204\152\041\127\213\133\236\163\260}{section.15}% 19
\BOOKMARK [2][-]{subsection.15.2}{\376\377\123\326\143\007\126\150\133\275\136\246\116\316\0001\122\060\0002\166\204\215\350\215\212}{section.15}% 20
\BOOKMARK [2][-]{subsection.15.3}{\376\377\000c\000a\000c\000h\000e\000\040\000c\000o\000r\000e\213\276\213\241}{section.15}% 21
\BOOKMARK [2][-]{subsection.15.4}{\376\377\000i\000c\000a\000c\000h\000e\166\204\213\276\213\241\040\023\116\000\116\052\232\330\145\110\173\200\155\001\200\014\117\030\177\216\166\204\213\276\213\241\133\236\163\260}{section.15}% 22
\BOOKMARK [2][-]{subsection.15.5}{\376\377\131\032\176\247\166\204\217\154\171\373\230\204\155\113\126\150\000[\000.\0007\000e\000x\000]\116\214\133\127\0000\000.\0005\000p\000t\227\142\171\357\377\014\145\366\136\217\377\014\153\143\170\156\163\207\166\204\176\374\124\010\200\003\206\121}{section.15}% 23
\BOOKMARK [2][-]{subsection.15.6}{\376\377\122\115\172\357\220\350\116\366\166\204\145\164\124\010}{section.15}% 24
\BOOKMARK [1][-]{section.16}{\376\377\116\055\225\364\134\102\166\204\213\276\213\241}{}% 25
\BOOKMARK [2][-]{subsection.16.1}{\376\377\122\115\172\357\143\007\116\344\226\037\122\027}{section.16}% 26
\BOOKMARK [2][-]{subsection.16.2}{\376\377\122\006\145\057\215\363\217\154\230\204\155\113\226\037\122\027}{section.16}% 27
\BOOKMARK [2][-]{subsection.16.3}{\376\377\116\072\116\300\116\110\116\015\227\000\211\201\000P\000C\226\037\122\027}{section.16}% 28
\BOOKMARK [2][-]{subsection.16.4}{\376\377\123\321\134\004\226\037\122\027}{section.16}% 29
\BOOKMARK [2][-]{subsection.16.5}{\376\377\000C\000P\000U\162\266\140\001\143\247\122\066\123\125\121\103}{section.16}% 30
\BOOKMARK [2][-]{subsection.16.6}{\376\377\122\006\145\057\215\363\217\154\226\037\122\027}{section.16}% 31
\BOOKMARK [2][-]{subsection.16.7}{\376\377\213\277\133\130\226\037\122\027}{section.16}% 32
\BOOKMARK [2][-]{subsection.16.8}{\376\377\174\276\170\156\123\321\134\004}{section.16}% 33
\BOOKMARK [1][-]{section.17}{\376\377\124\016\172\357\166\204\213\276\213\241}{}% 34
\BOOKMARK [2][-]{subsection.17.1}{\376\377\123\321\134\004\226\037\122\027}{section.17}% 35
\BOOKMARK [2][-]{subsection.17.2}{\376\377\142\147\210\114\226\037\122\027}{section.17}% 36
\BOOKMARK [2][-]{subsection.17.3}{\376\377\122\006\145\057\215\363\217\154\220\350\116\366}{section.17}% 37
\BOOKMARK [2][-]{subsection.17.4}{\376\377\213\277\133\130\220\350\116\366}{section.17}% 38
\BOOKMARK [2][-]{subsection.17.5}{\376\377\162\171\147\103\140\001\143\007\116\344\142\147\210\114\166\204\122\035\153\145\145\271\150\110}{section.17}% 39
\BOOKMARK [2][-]{subsection.17.6}{\376\377\124\016\172\357\162\266\140\001\126\336\156\257\147\072\122\066}{section.17}% 40
\BOOKMARK [1][-]{section.18}{\376\377\131\004\164\006\126\150\142\147\210\114\155\101\126\336\230\176\124\214\165\065\215\357\136\366\217\337\122\006\147\220}{}% 41
\BOOKMARK [1][-]{section.19}{\376\377\122\051\165\050\232\330\176\247\213\355\212\000\166\204\117\030\122\277\147\145\226\115\117\116\220\073\217\221\166\204\131\015\147\102\136\246}{}% 42
\BOOKMARK [1][-]{section.20}{\376\377\116\161\136\217\214\003\136\246\166\204\154\350\141\017\160\271}{}% 43
\BOOKMARK [1][-]{section.21}{\376\377\000c\000h\000i\000s\000e\000l\152\041\127\127\176\247\214\003\213\325\166\204\226\167\226\061}{}% 44
