\BOOKMARK [1][-]{section.1}{\376\377\213\355\212\000\116\016\210\150\171\072}{}% 1
\BOOKMARK [2][-]{subsection.1.1}{\376\377\000V\000e\000r\000i\000l\000o\000g}{section.1}% 2
\BOOKMARK [2][-]{subsection.1.2}{\376\377\000S\000c\000a\000l\000a}{section.1}% 3
\BOOKMARK [2][-]{subsection.1.3}{\376\377\000c\000h\000i\000s\000e\000l}{section.1}% 4
\BOOKMARK [3][-]{subsubsection.1.3.1}{\376\377\000C\000h\000i\000s\000e\000l\000\040\000t\000e\000s\000t}{subsection.1.3}% 5
\BOOKMARK [3][-]{subsubsection.1.3.2}{\376\377\000s\000b\000t\000\040\217\320\210\114\163\257\130\203}{subsection.1.3}% 6
\BOOKMARK [3][-]{subsubsection.1.3.3}{\376\377\000F\000i\000r\000r\000t\000l}{subsection.1.3}% 7
\BOOKMARK [1][-]{section.2}{\376\377\000I\000S\000A}{}% 8
\BOOKMARK [2][-]{subsection.2.1}{\376\377\000M\000I\000P\000S}{section.2}% 9
\BOOKMARK [2][-]{subsection.2.2}{\376\377\000R\000I\000S\000C\000-\000V}{section.2}% 10
\BOOKMARK [1][-]{section.3}{\376\377\000R\000T\000L\152\041\127\213\116\016\220\073\217\221}{}% 11
\BOOKMARK [2][-]{subsection.3.1}{\376\377\123\357\117\233\123\302\200\003\166\204\133\236\117\213}{section.3}% 12
\BOOKMARK [3][-]{subsubsection.3.1.1}{\376\377\000A\000l\000p\000h\000a\000\040\0002\0001\0002\0006\0004}{subsection.3.1}% 13
\BOOKMARK [3][-]{subsubsection.3.1.2}{\376\377\000M\000I\000P\000S\000\040\000r\0001\0000\0000\0000\0000}{subsection.3.1}% 14
\BOOKMARK [3][-]{subsubsection.3.1.3}{\376\377\000B\000O\000O\000M}{subsection.3.1}% 15
\BOOKMARK [1][-]{section.1}{\376\377\000C\000P\000U\000\040\213\276\213\241}{}% 16
\BOOKMARK [2][-]{subsection.1.1}{\376\377\000i\000n\000s\000t\000r\000u\000c\000t\000i\000o\000n\000\040\000f\000e\000t\000c\000h}{section.1}% 17
\BOOKMARK [3][-]{subsubsection.1.1.1}{\376\377\000b\000r\000a\000n\000c\000h\000\040\000p\000r\000e\000d\000i\000c\000t\000i\000o\000n}{subsection.1.1}% 18
\BOOKMARK [2][-]{subsection.1.2}{\376\377\000m\000u\000l\000t\000i\000-\000i\000s\000s\000u\000e}{section.1}% 19
\BOOKMARK [3][-]{subsubsection.1.2.1}{\376\377\000r\000e\000n\000a\000m\000e}{subsection.1.2}% 20
\BOOKMARK [2][-]{subsection.1.3}{\376\377\000o\000u\000t\000-\000o\000f\000-\000o\000r\000d\000e\000r\000\040\000p\000i\000p\000e\000l\000i\000n\000e}{section.1}% 21
\BOOKMARK [2][-]{subsection.1.4}{\376\377\000i\000n\000s\000t\000r\000u\000c\000t\000i\000o\000n\000\040\000r\000e\000t\000i\000r\000e\000\040\000\046\000\040\000r\000e\000s\000u\000l\000t\000\040\000c\000o\000m\000m\000i\000t}{section.1}% 22
\BOOKMARK [3][-]{subsubsection.1.4.1}{\376\377\000p\000r\000e\000c\000i\000s\000e\000\040\000e\000x\000c\000e\000p\000t\000i\000o\000n\000\040\000h\000a\000n\000d\000l\000i\000n\000g}{subsection.1.4}% 23
\BOOKMARK [2][-]{subsection.1.5}{\376\377\000m\000e\000m\000o\000r\000y\000\040\000s\000y\000s\000t\000e\000m}{section.1}% 24
\BOOKMARK [3][-]{subsubsection.1.5.1}{\376\377\000l\000o\000a\000d\000\040\000\046\000\040\000s\000t\000o\000r\000e\000\040\000m\000e\000c\000h\000a\000n\000i\000s\000m}{subsection.1.5}% 25
\BOOKMARK [2][-]{subsection.1.6}{\376\377\000t\000h\000e\000\040\000d\000e\000s\000i\000g\000n\000\040\000w\000h\000i\000c\000h\000\040\000d\000e\000c\000o\000u\000p\000l\000e\000s\000\040\000m\000i\000c\000r\000o\000a\000r\000c\000h\000i\000t\000e\000c\000t\000u\000r\000e\000\040\000a\000n\000d\000\040\000I\000S\000A}{section.1}% 26
\BOOKMARK [1][-]{section.2}{\376\377\000C\000P\000U\123\357\124\014\145\366\221\115\177\156\000M\000P\000I\000S\166\204\000g\000e\000n\000e\000r\000a\000t\000o\000r}{}% 27
\BOOKMARK [1][-]{section.3}{\376\377\213\276\213\241\172\172\225\364\122\006\147\220\116\016\117\030\123\026}{}% 28
\BOOKMARK [1][-]{section.4}{\376\377\230\204\147\037\166\356\150\007}{}% 29
