Instantiated DTM.
Cyc=         0 Op1=[0x00000000] Op2=[0x00000000] W[_, 0= 0x7ffffffc] [_,0x04c0006f]    0   J PC=(0x7ffffffc,0x7ffffffc,0x7ffffffc) [6f, 51, 51], WB: DASM(00004033)
Cyc=         1 Op1=[0x00000000] Op2=[0x00000000] W[_, 0= 0x7ffffffc] [_,0x04c0006f]    0   J PC=(0x80000000,0x7ffffffc,0x7ffffffc) [6f, 51, 51], WB: DASM(00004033)
Cyc=         2 Op1=[0x00000000] Op2=[0x00000000] W[_, 0= 0x80000000] [_,0x04c0006f]    0   J PC=(0x80000004,0x80000000,0x7ffffffc) [73,111, 51], WB: DASM(00004033)
Cyc=         3 Op1=[0x00000000] Op2=[0x00000000] W[W, 0= 0x80000004] [_,0x34202f73]    0     PC=(0x8000004c,0x80000004,0x80000000) [73, 51,111], WB: DASM(04c0006f)
Cyc=         4 Op1=[0x00000000] Op2=[0x00000000] W[_,30= 0x00000000] [_,0xf1402573]    1     PC=(0x80000050,0x8000004c,0x80000004) [63,115, 51], WB: DASM(00004033)
Cyc=         5 Op1=[0x00000000] Op2=[0x00000000] W[W,10= 0x00000000] [_,0x00051063]    1 H   PC=(0x80000054,0x80000050,0x8000004c) [17, 99,115], WB: DASM(f1402573)
Cyc=         6 Op1=[0x00000000] Op2=[0x00000000] W[_, 0= 0x00000000] [_,0x00051063]    2     PC=(0x80000054,0x80000050,0x00000000) [17, 99, 51], WB: DASM(00004033)
Cyc=         7 Op1=[0x00000000] Op2=[0x80000054] W[_, 0= 0x00000000] [_,0x00000297]    2     PC=(0x80000058,0x80000054,0x80000050) [13, 23, 99], WB: DASM(00051063)
Cyc=         8 Op1=[0x80000054] Op2=[0x00000010] W[W, 5= 0x80000054] [_,0x01028293]    3     PC=(0x8000005c,0x80000058,0x80000054) [73, 19, 23], WB: DASM(00000297)
Cyc=         9 Op1=[0x80000064] Op2=[0x80000064] W[W, 5= 0x80000064] [_,0x30529073]    4     PC=(0x80000060,0x8000005c,0x80000058) [73,115, 19], WB: DASM(01028293)
Cyc=        10 Op1=[0x00000000] Op2=[0x00000000] W[W, 0= 0x00000100] [_,0x18005073]    5     PC=(0x80000064,0x80000060,0x8000005c) [17,115,115], WB: DASM(30529073)
Cyc=        11 Op1=[0x00000000] Op2=[0x80000064] W[W, 0= 0x00000000] [_,0x00000297]    6     PC=(0x80000068,0x80000064,0x80000060) [13, 23,115], WB: DASM(18005073)
Cyc=        12 Op1=[0x80000064] Op2=[0x0000001c] W[W, 5= 0x80000064] [_,0x01c28293]    7     PC=(0x8000006c,0x80000068,0x80000064) [73, 19, 23], WB: DASM(00000297)
Cyc=        13 Op1=[0x80000080] Op2=[0x80000080] W[W, 5= 0x80000080] [_,0x30529073]    8     PC=(0x80000070,0x8000006c,0x80000068) [13,115, 19], WB: DASM(01c28293)
Cyc=        14 Op1=[0x00000000] Op2=[0xffffffff] W[W, 0= 0x00000100] [_,0xfff00293]    9     PC=(0x80000074,0x80000070,0x8000006c) [73, 19,115], WB: DASM(30529073)
Cyc=        15 Op1=[0xffffffff] Op2=[0x00000000] W[W, 5= 0xffffffff] [_,0x3b029073]   10     PC=(0x80000078,0x80000074,0x80000070) [13,115, 19], WB: DASM(fff00293)
Cyc=        16 Op1=[0x00000000] Op2=[0x0000001f] W[W, 0= 0x00000000] [_,0x01f00293]   11     PC=(0x8000007c,0x80000078,0x80000074) [73, 19,115], WB: DASM(3b029073)
Cyc=        17 Op1=[0x0000001f] Op2=[0x00000000] W[W, 5= 0x0000001f] [_,0x3a029073]   12     PC=(0x80000080,0x8000007c,0x80000078) [17,115, 19], WB: DASM(01f00293)
Cyc=        18 Op1=[0x00000000] Op2=[0x80000080] W[W, 0= 0x00000000] [_,0x00000297]   13     PC=(0x80000084,0x80000080,0x8000007c) [13, 23,115], WB: DASM(3a029073)
Cyc=        19 Op1=[0x80000080] Op2=[0x00000018] W[W, 5= 0x80000080] [_,0x01828293]   14     PC=(0x80000088,0x80000084,0x80000080) [73, 19, 23], WB: DASM(00000297)
Cyc=        20 Op1=[0x80000098] Op2=[0x80000098] W[W, 5= 0x80000098] [_,0x30529073]   15     PC=(0x8000008c,0x80000088,0x80000084) [73,115, 19], WB: DASM(01828293)
Cyc=        21 Op1=[0x00000000] Op2=[0x00000000] W[W, 0= 0x00000100] [_,0x30205073]   16     PC=(0x80000090,0x8000008c,0x80000088) [73,115,115], WB: DASM(30529073)
Cyc=        22 Op1=[0x00000000] Op2=[0x00000000] W[W, 0= 0x00000000] [_,0x30305073]   17     PC=(0x80000094,0x80000090,0x8000008c) [73,115,115], WB: DASM(30205073)
Cyc=        23 Op1=[0x00000000] Op2=[0x00000000] W[W, 0= 0x00000000] [_,0x30405073]   18     PC=(0x80000098,0x80000094,0x80000090) [13,115,115], WB: DASM(30305073)
Cyc=        24 Op1=[0x00000000] Op2=[0x00000000] W[W, 0= 0x00000000] [_,0x00000193]   19     PC=(0x8000009c,0x80000098,0x80000094) [17, 19,115], WB: DASM(30405073)
Cyc=        25 Op1=[0x00000000] Op2=[0x8000009c] W[W, 3= 0x00000000] [_,0x00000297]   20     PC=(0x800000a0,0x8000009c,0x80000098) [13, 23, 19], WB: DASM(00000193)
Cyc=        26 Op1=[0x8000009c] Op2=[0xffffff68] W[W, 5= 0x8000009c] [_,0xf6828293]   21     PC=(0x800000a4,0x800000a0,0x8000009c) [73, 19, 23], WB: DASM(00000297)
Cyc=        27 Op1=[0x80000004] Op2=[0x80000004] W[W, 5= 0x80000004] [_,0x30529073]   22     PC=(0x800000a8,0x800000a4,0x800000a0) [13,115, 19], WB: DASM(f6828293)
Cyc=        28 Op1=[0x00000000] Op2=[0x00000001] W[W, 0= 0x00000100] [_,0x00100513]   23     PC=(0x800000ac,0x800000a8,0x800000a4) [13, 19,115], WB: DASM(30529073)
Cyc=        29 Op1=[0x00000001] Op2=[0x0000001f] W[W,10= 0x00000001] [_,0x01f51513]   24     PC=(0x800000b0,0x800000ac,0x800000a8) [63, 19, 19], WB: DASM(00100513)
Cyc=        30 Op1=[0x80000000] Op2=[0x00000000] W[W,10= 0x80000000] [_,0x00054863]   25   B PC=(0x800000b4,0x800000b0,0x800000ac) [0f, 99, 19], WB: DASM(01f51513)
Cyc=        31 Op1=[0x00000000] Op2=[0x00000000] W[_,16= 0x80000000] [_,0x0ff0000f]   26     PC=(0x800000c0,0x800000b4,0x800000b0) [17, 51, 99], WB: DASM(00054863)
Cyc=        32 Op1=[0x80000000] Op2=[0x800000c0] W[_, 0= 0x00000000] [_,0x80000297]   27     PC=(0x800000c4,0x800000c0,0x800000b4) [13, 23, 51], WB: DASM(00004033)
Cyc=        33 Op1=[0x000000c0] Op2=[0xffffff40] W[W, 5= 0x000000c0] [_,0xf4028293]   27     PC=(0x800000c8,0x800000c4,0x800000c0) [63, 19, 23], WB: DASM(80000297)
Cyc=        34 Op1=[0x00000000] Op2=[0x00000000] W[W, 5= 0x00000000] [_,0x00028e63]   28   B PC=(0x800000cc,0x800000c8,0x800000c4) [73, 99, 19], WB: DASM(f4028293)
Cyc=        35 Op1=[0x00000000] Op2=[0x00000000] W[_,28= 0x00000000] [_,0x10529073]   29     PC=(0x800000e4,0x800000cc,0x800000c8) [73, 51, 99], WB: DASM(00028e63)
Cyc=        36 Op1=[0x00000000] Op2=[0x00000000] W[_, 0= 0x00000000] [_,0x30005073]   30     PC=(0x800000e8,0x800000e4,0x800000cc) [17,115, 51], WB: DASM(00004033)
Cyc=        37 Op1=[0x00000000] Op2=[0x800000e8] W[W, 0= 0x00001800] [_,0x00000297]   30     PC=(0x800000ec,0x800000e8,0x800000e4) [13, 23,115], WB: DASM(30005073)
Cyc=        38 Op1=[0x800000e8] Op2=[0x00000014] W[W, 5= 0x800000e8] [_,0x01428293]   31     PC=(0x800000f0,0x800000ec,0x800000e8) [73, 19, 23], WB: DASM(00000297)
Cyc=        39 Op1=[0x800000fc] Op2=[0x00000000] W[W, 5= 0x800000fc] [_,0x34129073]   32     PC=(0x800000f4,0x800000f0,0x800000ec) [73,115, 19], WB: DASM(01428293)
Cyc=        40 Op1=[0x00000000] Op2=[0x00000000] W[W, 0= 0x00000000] [_,0xf1402573]   33     PC=(0x800000f8,0x800000f4,0x800000f0) [73,115,115], WB: DASM(34129073)
Cyc=        41 Op1=[0x00000000] Op2=[0x00000000] W[W,10= 0x00000000] [_,0x30200073]   34     PC=(0x800000fc,0x800000f8,0x800000f4) [17,115,115], WB: DASM(f1402573)
Cyc=        42 Op1=[0x00002000] Op2=[0x800000fc] W[_, 0= 0x00000000] [_,0x00002097]   35   X PC=(0x80000100,0x800000fc,0x800000f8) [13, 23,115], WB: DASM(30200073)
Cyc=        43 Op1=[0x00000000] Op2=[0xffffff04] W[_, 1= 0x800020fc] [_,0xf0408093]   36     PC=(0x800000fc,0x80000100,0x800000fc) [17, 51, 51], WB: DASM(00004033)
Cyc=        44 Op1=[0x00002000] Op2=[0x800000fc] W[_, 1= 0xffffff04] [_,0x00002097]   37     PC=(0x80000100,0x800000fc,0x80000100) [13, 23, 51], WB: DASM(00004033)
Cyc=        45 Op1=[0x800020fc] Op2=[0xffffff04] W[W, 1= 0x800020fc] [_,0xf0408093]   37     PC=(0x80000104,0x80000100,0x800000fc) [37, 19, 23], WB: DASM(00002097)
Cyc=        46 Op1=[0x00aa0000] Op2=[0x00000000] W[W, 1= 0x80002000] [_,0x00aa0137]   38     PC=(0x80000108,0x80000104,0x80000100) [13, 55, 19], WB: DASM(f0408093)
Cyc=        47 Op1=[0x00aa0000] Op2=[0x000000aa] W[W, 2= 0x00aa0000] [_,0x0aa10113]   39     PC=(0x8000010c,0x80000108,0x80000104) [23, 19, 55], WB: DASM(00aa0137)
Cyc=        48 Op1=[0x80002000] Op2=[0x00000000] W[W, 2= 0x00aa00aa] [_,0x0020a023]   40     PC=(0x80000110,0x8000010c,0x80000108) [03, 35, 19], WB: DASM(0aa10113)
Cyc=        49 Op1=[0x80002000] Op2=[0x00000000] W[_, 0= 0x80002000] [_,0x0000af03]   41     PC=(0x80000114,0x80000110,0x8000010c) [37,  3, 35], WB: DASM(0020a023)
Cyc=        50 Op1=[0x00aa0000] Op2=[0x00000000] W[W,30= 0x00aa00aa] [_,0x00aa0eb7]   42     PC=(0x80000118,0x80000114,0x80000110) [13, 55,  3], WB: DASM(0000af03)
Cyc=        51 Op1=[0x00aa0000] Op2=[0x000000aa] W[W,29= 0x00aa0000] [_,0x0aae8e93]   43     PC=(0x8000011c,0x80000118,0x80000114) [13, 19, 55], WB: DASM(00aa0eb7)
Cyc=        52 Op1=[0x00000000] Op2=[0x00000002] W[W,29= 0x00aa00aa] [_,0x00200193]   44     PC=(0x80000120,0x8000011c,0x80000118) [63, 19, 19], WB: DASM(0aae8e93)
Cyc=        53 Op1=[0x00aa00aa] Op2=[0x00aa00aa] W[W, 3= 0x00000002] [_,0x47df1063]   45     PC=(0x80000124,0x80000120,0x8000011c) [17, 99, 19], WB: DASM(00200193)
Cyc=        54 Op1=[0x00002000] Op2=[0x80000124] W[_, 0= 0x01540154] [_,0x00002097]   46     PC=(0x80000128,0x80000124,0x80000120) [13, 23, 99], WB: DASM(47df1063)
Cyc=        55 Op1=[0x80002124] Op2=[0xfffffedc] W[W, 1= 0x80002124] [_,0xedc08093]   47     PC=(0x8000012c,0x80000128,0x80000124) [37, 19, 23], WB: DASM(00002097)
Cyc=        56 Op1=[0xaa00b000] Op2=[0x00000000] W[W, 1= 0x80002000] [_,0xaa00b137]   48     PC=(0x80000130,0x8000012c,0x80000128) [13, 55, 19], WB: DASM(edc08093)
Cyc=        57 Op1=[0xaa00b000] Op2=[0xfffffa00] W[W, 2= 0xaa00b000] [_,0xa0010113]   49     PC=(0x80000134,0x80000130,0x8000012c) [23, 19, 55], WB: DASM(aa00b137)
Cyc=        58 Op1=[0x80002000] Op2=[0x00000004] W[W, 2= 0xaa00aa00] [_,0x0020a223]   50     PC=(0x80000138,0x80000134,0x80000130) [03, 35, 19], WB: DASM(a0010113)
Cyc=        59 Op1=[0x80002000] Op2=[0x00000004] W[_, 4= 0x80002004] [_,0x0040af03]   51     PC=(0x8000013c,0x80000138,0x80000134) [37,  3, 35], WB: DASM(0020a223)
Cyc=        60 Op1=[0xaa00b000] Op2=[0x00000000] W[W,30= 0xaa00aa00] [_,0xaa00beb7]   52     PC=(0x80000140,0x8000013c,0x80000138) [13, 55,  3], WB: DASM(0040af03)
Cyc=        61 Op1=[0xaa00b000] Op2=[0xfffffa00] W[W,29= 0xaa00b000] [_,0xa00e8e93]   53     PC=(0x80000144,0x80000140,0x8000013c) [13, 19, 55], WB: DASM(aa00beb7)
Cyc=        62 Op1=[0x00000000] Op2=[0x00000003] W[W,29= 0xaa00aa00] [_,0x00300193]   54     PC=(0x80000148,0x80000144,0x80000140) [63, 19, 19], WB: DASM(a00e8e93)
Cyc=        63 Op1=[0xaa00aa00] Op2=[0xaa00aa00] W[W, 3= 0x00000003] [_,0x43df1c63]   55     PC=(0x8000014c,0x80000148,0x80000144) [17, 99, 19], WB: DASM(00300193)
Cyc=        64 Op1=[0x00002000] Op2=[0x8000014c] W[_,24= 0x54015400] [_,0x00002097]   56     PC=(0x80000150,0x8000014c,0x80000148) [13, 23, 99], WB: DASM(43df1c63)
Cyc=        65 Op1=[0x8000214c] Op2=[0xfffffeb4] W[W, 1= 0x8000214c] [_,0xeb408093]   57     PC=(0x80000154,0x80000150,0x8000014c) [37, 19, 23], WB: DASM(00002097)
Cyc=        66 Op1=[0x0aa01000] Op2=[0x00000000] W[W, 1= 0x80002000] [_,0x0aa01137]   58     PC=(0x80000158,0x80000154,0x80000150) [13, 55, 19], WB: DASM(eb408093)
Cyc=        67 Op1=[0x0aa01000] Op2=[0xfffffaa0] W[W, 2= 0x0aa01000] [_,0xaa010113]   59     PC=(0x8000015c,0x80000158,0x80000154) [23, 19, 55], WB: DASM(0aa01137)
Cyc=        68 Op1=[0x80002000] Op2=[0x00000008] W[W, 2= 0x0aa00aa0] [_,0x0020a423]   60     PC=(0x80000160,0x8000015c,0x80000158) [03, 35, 19], WB: DASM(aa010113)
Cyc=        69 Op1=[0x80002000] Op2=[0x00000008] W[_, 8= 0x80002008] [_,0x0080af03]   61     PC=(0x80000164,0x80000160,0x8000015c) [37,  3, 35], WB: DASM(0020a423)
Cyc=        70 Op1=[0x0aa01000] Op2=[0x00000000] W[W,30= 0x0aa00aa0] [_,0x0aa01eb7]   62     PC=(0x80000168,0x80000164,0x80000160) [13, 55,  3], WB: DASM(0080af03)
Cyc=        71 Op1=[0x0aa01000] Op2=[0xfffffaa0] W[W,29= 0x0aa01000] [_,0xaa0e8e93]   63     PC=(0x8000016c,0x80000168,0x80000164) [13, 19, 55], WB: DASM(0aa01eb7)
Cyc=        72 Op1=[0x00000000] Op2=[0x00000004] W[W,29= 0x0aa00aa0] [_,0x00400193]   64     PC=(0x80000170,0x8000016c,0x80000168) [63, 19, 19], WB: DASM(aa0e8e93)
Cyc=        73 Op1=[0x0aa00aa0] Op2=[0x0aa00aa0] W[W, 3= 0x00000004] [_,0x41df1863]   65     PC=(0x80000174,0x80000170,0x8000016c) [17, 99, 19], WB: DASM(00400193)
Cyc=        74 Op1=[0x00002000] Op2=[0x80000174] W[_,16= 0x15401540] [_,0x00002097]   66     PC=(0x80000178,0x80000174,0x80000170) [13, 23, 99], WB: DASM(41df1863)
Cyc=        75 Op1=[0x80002174] Op2=[0xfffffe8c] W[W, 1= 0x80002174] [_,0xe8c08093]   67     PC=(0x8000017c,0x80000178,0x80000174) [37, 19, 23], WB: DASM(00002097)
Cyc=        76 Op1=[0xa00aa000] Op2=[0x00000000] W[W, 1= 0x80002000] [_,0xa00aa137]   68     PC=(0x80000180,0x8000017c,0x80000178) [13, 55, 19], WB: DASM(e8c08093)
Cyc=        77 Op1=[0xa00aa000] Op2=[0x0000000a] W[W, 2= 0xa00aa000] [_,0x00a10113]   69     PC=(0x80000184,0x80000180,0x8000017c) [23, 19, 55], WB: DASM(a00aa137)
Cyc=        78 Op1=[0x80002000] Op2=[0x0000000c] W[W, 2= 0xa00aa00a] [_,0x0020a623]   70     PC=(0x80000188,0x80000184,0x80000180) [03, 35, 19], WB: DASM(00a10113)
Cyc=        79 Op1=[0x80002000] Op2=[0x0000000c] W[_,12= 0x8000200c] [_,0x00c0af03]   71     PC=(0x8000018c,0x80000188,0x80000184) [37,  3, 35], WB: DASM(0020a623)
Cyc=        80 Op1=[0xa00aa000] Op2=[0x00000000] W[W,30= 0xa00aa00a] [_,0xa00aaeb7]   72     PC=(0x80000190,0x8000018c,0x80000188) [13, 55,  3], WB: DASM(00c0af03)
Cyc=        81 Op1=[0xa00aa000] Op2=[0x0000000a] W[W,29= 0xa00aa000] [_,0x00ae8e93]   73     PC=(0x80000194,0x80000190,0x8000018c) [13, 19, 55], WB: DASM(a00aaeb7)
Cyc=        82 Op1=[0x00000000] Op2=[0x00000005] W[W,29= 0xa00aa00a] [_,0x00500193]   74     PC=(0x80000198,0x80000194,0x80000190) [63, 19, 19], WB: DASM(00ae8e93)
Cyc=        83 Op1=[0xa00aa00a] Op2=[0xa00aa00a] W[W, 3= 0x00000005] [_,0x3fdf1463]   75     PC=(0x8000019c,0x80000198,0x80000194) [17, 99, 19], WB: DASM(00500193)
Cyc=        84 Op1=[0x00002000] Op2=[0x8000019c] W[_, 8= 0x40154014] [_,0x00002097]   76     PC=(0x800001a0,0x8000019c,0x80000198) [13, 23, 99], WB: DASM(3fdf1463)
Cyc=        85 Op1=[0x8000219c] Op2=[0xfffffe80] W[W, 1= 0x8000219c] [_,0xe8008093]   77     PC=(0x800001a4,0x800001a0,0x8000019c) [37, 19, 23], WB: DASM(00002097)
Cyc=        86 Op1=[0x00aa0000] Op2=[0x00000000] W[W, 1= 0x8000201c] [_,0x00aa0137]   78     PC=(0x800001a8,0x800001a4,0x800001a0) [13, 55, 19], WB: DASM(e8008093)
Cyc=        87 Op1=[0x00aa0000] Op2=[0x000000aa] W[W, 2= 0x00aa0000] [_,0x0aa10113]   79     PC=(0x800001ac,0x800001a8,0x800001a4) [23, 19, 55], WB: DASM(00aa0137)
Cyc=        88 Op1=[0x8000201c] Op2=[0xfffffff4] W[W, 2= 0x00aa00aa] [_,0xfe20aa23]   80     PC=(0x800001b0,0x800001ac,0x800001a8) [03, 35, 19], WB: DASM(0aa10113)
Cyc=        89 Op1=[0x8000201c] Op2=[0xfffffff4] W[_,20= 0x80002010] [_,0xff40af03]   81     PC=(0x800001b4,0x800001b0,0x800001ac) [37,  3, 35], WB: DASM(fe20aa23)
Cyc=        90 Op1=[0x00aa0000] Op2=[0x00000000] W[W,30= 0x00aa00aa] [_,0x00aa0eb7]   82     PC=(0x800001b8,0x800001b4,0x800001b0) [13, 55,  3], WB: DASM(ff40af03)
Cyc=        91 Op1=[0x00aa0000] Op2=[0x000000aa] W[W,29= 0x00aa0000] [_,0x0aae8e93]   83     PC=(0x800001bc,0x800001b8,0x800001b4) [13, 19, 55], WB: DASM(00aa0eb7)
Cyc=        92 Op1=[0x00000000] Op2=[0x00000006] W[W,29= 0x00aa00aa] [_,0x00600193]   84     PC=(0x800001c0,0x800001bc,0x800001b8) [63, 19, 19], WB: DASM(0aae8e93)
Cyc=        93 Op1=[0x00aa00aa] Op2=[0x00aa00aa] W[W, 3= 0x00000006] [_,0x3ddf1063]   85     PC=(0x800001c4,0x800001c0,0x800001bc) [17, 99, 19], WB: DASM(00600193)
Cyc=        94 Op1=[0x00002000] Op2=[0x800001c4] W[_, 0= 0x01540154] [_,0x00002097]   86     PC=(0x800001c8,0x800001c4,0x800001c0) [13, 23, 99], WB: DASM(3ddf1063)
Cyc=        95 Op1=[0x800021c4] Op2=[0xfffffe58] W[W, 1= 0x800021c4] [_,0xe5808093]   87     PC=(0x800001cc,0x800001c8,0x800001c4) [37, 19, 23], WB: DASM(00002097)
Cyc=        96 Op1=[0xaa00b000] Op2=[0x00000000] W[W, 1= 0x8000201c] [_,0xaa00b137]   88     PC=(0x800001d0,0x800001cc,0x800001c8) [13, 55, 19], WB: DASM(e5808093)
Cyc=        97 Op1=[0xaa00b000] Op2=[0xfffffa00] W[W, 2= 0xaa00b000] [_,0xa0010113]   89     PC=(0x800001d4,0x800001d0,0x800001cc) [23, 19, 55], WB: DASM(aa00b137)
Cyc=        98 Op1=[0x8000201c] Op2=[0xfffffff8] W[W, 2= 0xaa00aa00] [_,0xfe20ac23]   90     PC=(0x800001d8,0x800001d4,0x800001d0) [03, 35, 19], WB: DASM(a0010113)
Cyc=        99 Op1=[0x8000201c] Op2=[0xfffffff8] W[_,24= 0x80002014] [_,0xff80af03]   91     PC=(0x800001dc,0x800001d8,0x800001d4) [37,  3, 35], WB: DASM(fe20ac23)
Cyc=       100 Op1=[0xaa00b000] Op2=[0x00000000] W[W,30= 0xaa00aa00] [_,0xaa00beb7]   92     PC=(0x800001e0,0x800001dc,0x800001d8) [13, 55,  3], WB: DASM(ff80af03)
Cyc=       101 Op1=[0xaa00b000] Op2=[0xfffffa00] W[W,29= 0xaa00b000] [_,0xa00e8e93]   93     PC=(0x800001e4,0x800001e0,0x800001dc) [13, 19, 55], WB: DASM(aa00beb7)
Cyc=       102 Op1=[0x00000000] Op2=[0x00000007] W[W,29= 0xaa00aa00] [_,0x00700193]   94     PC=(0x800001e8,0x800001e4,0x800001e0) [63, 19, 19], WB: DASM(a00e8e93)
Cyc=       103 Op1=[0xaa00aa00] Op2=[0xaa00aa00] W[W, 3= 0x00000007] [_,0x39df1c63]   95     PC=(0x800001ec,0x800001e8,0x800001e4) [17, 99, 19], WB: DASM(00700193)
Cyc=       104 Op1=[0x00002000] Op2=[0x800001ec] W[_,24= 0x54015400] [_,0x00002097]   96     PC=(0x800001f0,0x800001ec,0x800001e8) [13, 23, 99], WB: DASM(39df1c63)
Cyc=       105 Op1=[0x800021ec] Op2=[0xfffffe30] W[W, 1= 0x800021ec] [_,0xe3008093]   97     PC=(0x800001f4,0x800001f0,0x800001ec) [37, 19, 23], WB: DASM(00002097)
Cyc=       106 Op1=[0x0aa01000] Op2=[0x00000000] W[W, 1= 0x8000201c] [_,0x0aa01137]   98     PC=(0x800001f8,0x800001f4,0x800001f0) [13, 55, 19], WB: DASM(e3008093)
Cyc=       107 Op1=[0x0aa01000] Op2=[0xfffffaa0] W[W, 2= 0x0aa01000] [_,0xaa010113]   99     PC=(0x800001fc,0x800001f8,0x800001f4) [23, 19, 55], WB: DASM(0aa01137)
Cyc=       108 Op1=[0x8000201c] Op2=[0xfffffffc] W[W, 2= 0x0aa00aa0] [_,0xfe20ae23]  100     PC=(0x80000200,0x800001fc,0x800001f8) [03, 35, 19], WB: DASM(aa010113)
Cyc=       109 Op1=[0x8000201c] Op2=[0xfffffffc] W[_,28= 0x80002018] [_,0xffc0af03]  101     PC=(0x80000204,0x80000200,0x800001fc) [37,  3, 35], WB: DASM(fe20ae23)
Cyc=       110 Op1=[0x0aa01000] Op2=[0x00000000] W[W,30= 0x0aa00aa0] [_,0x0aa01eb7]  102     PC=(0x80000208,0x80000204,0x80000200) [13, 55,  3], WB: DASM(ffc0af03)
Cyc=       111 Op1=[0x0aa01000] Op2=[0xfffffaa0] W[W,29= 0x0aa01000] [_,0xaa0e8e93]  103     PC=(0x8000020c,0x80000208,0x80000204) [13, 19, 55], WB: DASM(0aa01eb7)
Cyc=       112 Op1=[0x00000000] Op2=[0x00000008] W[W,29= 0x0aa00aa0] [_,0x00800193]  104     PC=(0x80000210,0x8000020c,0x80000208) [63, 19, 19], WB: DASM(aa0e8e93)
Cyc=       113 Op1=[0x0aa00aa0] Op2=[0x0aa00aa0] W[W, 3= 0x00000008] [_,0x37df1863]  105     PC=(0x80000214,0x80000210,0x8000020c) [17, 99, 19], WB: DASM(00800193)
Cyc=       114 Op1=[0x00002000] Op2=[0x80000214] W[_,16= 0x15401540] [_,0x00002097]  106     PC=(0x80000218,0x80000214,0x80000210) [13, 23, 99], WB: DASM(37df1863)
Cyc=       115 Op1=[0x80002214] Op2=[0xfffffe08] W[W, 1= 0x80002214] [_,0xe0808093]  107     PC=(0x8000021c,0x80000218,0x80000214) [37, 19, 23], WB: DASM(00002097)
Cyc=       116 Op1=[0xa00aa000] Op2=[0x00000000] W[W, 1= 0x8000201c] [_,0xa00aa137]  108     PC=(0x80000220,0x8000021c,0x80000218) [13, 55, 19], WB: DASM(e0808093)
Cyc=       117 Op1=[0xa00aa000] Op2=[0x0000000a] W[W, 2= 0xa00aa000] [_,0x00a10113]  109     PC=(0x80000224,0x80000220,0x8000021c) [23, 19, 55], WB: DASM(a00aa137)
Cyc=       118 Op1=[0x8000201c] Op2=[0x00000000] W[W, 2= 0xa00aa00a] [_,0x0020a023]  110     PC=(0x80000228,0x80000224,0x80000220) [03, 35, 19], WB: DASM(00a10113)
Cyc=       119 Op1=[0x8000201c] Op2=[0x00000000] W[_, 0= 0x8000201c] [_,0x0000af03]  111     PC=(0x8000022c,0x80000228,0x80000224) [37,  3, 35], WB: DASM(0020a023)
Cyc=       120 Op1=[0xa00aa000] Op2=[0x00000000] W[W,30= 0xa00aa00a] [_,0xa00aaeb7]  112     PC=(0x80000230,0x8000022c,0x80000228) [13, 55,  3], WB: DASM(0000af03)
Cyc=       121 Op1=[0xa00aa000] Op2=[0x0000000a] W[W,29= 0xa00aa000] [_,0x00ae8e93]  113     PC=(0x80000234,0x80000230,0x8000022c) [13, 19, 55], WB: DASM(a00aaeb7)
Cyc=       122 Op1=[0x00000000] Op2=[0x00000009] W[W,29= 0xa00aa00a] [_,0x00900193]  114     PC=(0x80000238,0x80000234,0x80000230) [63, 19, 19], WB: DASM(00ae8e93)
Cyc=       123 Op1=[0xa00aa00a] Op2=[0xa00aa00a] W[W, 3= 0x00000009] [_,0x35df1463]  115     PC=(0x8000023c,0x80000238,0x80000234) [17, 99, 19], WB: DASM(00900193)
Cyc=       124 Op1=[0x00002000] Op2=[0x8000023c] W[_, 8= 0x40154014] [_,0x00002097]  116     PC=(0x80000240,0x8000023c,0x80000238) [13, 23, 99], WB: DASM(35df1463)
Cyc=       125 Op1=[0x8000223c] Op2=[0xfffffde4] W[W, 1= 0x8000223c] [_,0xde408093]  117     PC=(0x80000244,0x80000240,0x8000023c) [37, 19, 23], WB: DASM(00002097)
Cyc=       126 Op1=[0x12345000] Op2=[0x00000009] W[W, 1= 0x80002020] [_,0x12345137]  118     PC=(0x80000248,0x80000244,0x80000240) [13, 55, 19], WB: DASM(de408093)
Cyc=       127 Op1=[0x12345000] Op2=[0x00000678] W[W, 2= 0x12345000] [_,0x67810113]  119     PC=(0x8000024c,0x80000248,0x80000244) [13, 19, 55], WB: DASM(12345137)
Cyc=       128 Op1=[0x80002020] Op2=[0xffffffe0] W[W, 2= 0x12345678] [_,0xfe008213]  120     PC=(0x80000250,0x8000024c,0x80000248) [23, 19, 19], WB: DASM(67810113)
Cyc=       129 Op1=[0x80002000] Op2=[0x00000020] W[W, 4= 0x80002000] [_,0x02222023]  121     PC=(0x80000254,0x80000250,0x8000024c) [03, 35, 19], WB: DASM(fe008213)
Cyc=       130 Op1=[0x80002020] Op2=[0x00000000] W[_, 0= 0x80002020] [_,0x0000a283]  122     PC=(0x80000258,0x80000254,0x80000250) [37,  3, 35], WB: DASM(02222023)
Cyc=       131 Op1=[0x12345000] Op2=[0x00000009] W[W, 5= 0x12345678] [_,0x12345eb7]  123     PC=(0x8000025c,0x80000258,0x80000254) [13, 55,  3], WB: DASM(0000a283)
Cyc=       132 Op1=[0x12345000] Op2=[0x00000678] W[W,29= 0x12345000] [_,0x678e8e93]  124     PC=(0x80000260,0x8000025c,0x80000258) [13, 19, 55], WB: DASM(12345eb7)
Cyc=       133 Op1=[0x00000000] Op2=[0x0000000a] W[W,29= 0x12345678] [_,0x00a00193]  125     PC=(0x80000264,0x80000260,0x8000025c) [63, 19, 19], WB: DASM(678e8e93)
Cyc=       134 Op1=[0x12345678] Op2=[0x12345678] W[W, 3= 0x0000000a] [_,0x31d29e63]  126     PC=(0x80000268,0x80000264,0x80000260) [17, 99, 19], WB: DASM(00a00193)
Cyc=       135 Op1=[0x00002000] Op2=[0x80000268] W[_,28= 0x2468acf0] [_,0x00002097]  127     PC=(0x8000026c,0x80000268,0x80000264) [13, 23, 99], WB: DASM(31d29e63)
Cyc=       136 Op1=[0x80002268] Op2=[0xfffffdb8] W[W, 1= 0x80002268] [_,0xdb808093]  128     PC=(0x80000270,0x8000026c,0x80000268) [37, 19, 23], WB: DASM(00002097)
Cyc=       137 Op1=[0x58213000] Op2=[0x12345678] W[W, 1= 0x80002020] [_,0x58213137]  129     PC=(0x80000274,0x80000270,0x8000026c) [13, 55, 19], WB: DASM(db808093)
Cyc=       138 Op1=[0x58213000] Op2=[0x00000098] W[W, 2= 0x58213000] [_,0x09810113]  130     PC=(0x80000278,0x80000274,0x80000270) [13, 19, 55], WB: DASM(58213137)
Cyc=       139 Op1=[0x80002020] Op2=[0xfffffffd] W[W, 2= 0x58213098] [_,0xffd08093]  131     PC=(0x8000027c,0x80000278,0x80000274) [23, 19, 19], WB: DASM(09810113)
Cyc=       140 Op1=[0x8000201d] Op2=[0x00000007] W[W, 1= 0x8000201d] [_,0x0020a3a3]  132     PC=(0x80000280,0x8000027c,0x80000278) [17, 35, 19], WB: DASM(ffd08093)
Cyc=       141 Op1=[0x00002000] Op2=[0x80000280] W[_, 7= 0x80002024] [_,0x00002217]  133     PC=(0x80000284,0x80000280,0x8000027c) [13, 23, 35], WB: DASM(0020a3a3)
Cyc=       142 Op1=[0x80002280] Op2=[0xfffffda4] W[W, 4= 0x80002280] [_,0xda420213]  134     PC=(0x80000288,0x80000284,0x80000280) [03, 19, 23], WB: DASM(00002217)
Cyc=       143 Op1=[0x80002024] Op2=[0x00000000] W[W, 4= 0x80002024] [_,0x00022283]  135     PC=(0x8000028c,0x80000288,0x80000284) [37,  3, 19], WB: DASM(da420213)
Cyc=       144 Op1=[0x58213000] Op2=[0x58213098] W[W, 5= 0x58213098] [_,0x58213eb7]  136     PC=(0x80000290,0x8000028c,0x80000288) [13, 55,  3], WB: DASM(00022283)
Cyc=       145 Op1=[0x58213000] Op2=[0x00000098] W[W,29= 0x58213000] [_,0x098e8e93]  137     PC=(0x80000294,0x80000290,0x8000028c) [13, 19, 55], WB: DASM(58213eb7)
Cyc=       146 Op1=[0x00000000] Op2=[0x0000000b] W[W,29= 0x58213098] [_,0x00b00193]  138     PC=(0x80000298,0x80000294,0x80000290) [63, 19, 19], WB: DASM(098e8e93)
Cyc=       147 Op1=[0x58213098] Op2=[0x58213098] W[W, 3= 0x0000000b] [_,0x2fd29463]  139     PC=(0x8000029c,0x80000298,0x80000294) [13, 99, 19], WB: DASM(00b00193)
Cyc=       148 Op1=[0x00000000] Op2=[0x0000000c] W[_, 8= 0xb0426130] [_,0x00c00193]  140     PC=(0x800002a0,0x8000029c,0x80000298) [13, 19, 99], WB: DASM(2fd29463)
Cyc=       149 Op1=[0x00000000] Op2=[0x00000000] W[W, 3= 0x0000000c] [_,0x00000213]  141     PC=(0x800002a4,0x800002a0,0x8000029c) [37, 19, 19], WB: DASM(00c00193)
Cyc=       150 Op1=[0xaabbd000] Op2=[0x00000000] W[W, 4= 0x00000000] [_,0xaabbd0b7]  142     PC=(0x800002a8,0x800002a4,0x800002a0) [13, 55, 19], WB: DASM(00000213)
Cyc=       151 Op1=[0xaabbd000] Op2=[0xfffffcdd] W[W, 1= 0xaabbd000] [_,0xcdd08093]  143     PC=(0x800002ac,0x800002a8,0x800002a4) [17, 19, 55], WB: DASM(aabbd0b7)
Cyc=       152 Op1=[0x00002000] Op2=[0x800002ac] W[W, 1= 0xaabbccdd] [_,0x00002117]  144     PC=(0x800002b0,0x800002ac,0x800002a8) [13, 23, 19], WB: DASM(cdd08093)
Cyc=       153 Op1=[0x800022ac] Op2=[0xfffffd54] W[W, 2= 0x800022ac] [_,0xd5410113]  145     PC=(0x800002b4,0x800002b0,0x800002ac) [23, 19, 23], WB: DASM(00002117)
Cyc=       154 Op1=[0x80002000] Op2=[0x00000000] W[W, 2= 0x80002000] [_,0x00112023]  146     PC=(0x800002b8,0x800002b4,0x800002b0) [03, 35, 19], WB: DASM(d5410113)
Cyc=       155 Op1=[0x80002000] Op2=[0x00000000] W[_, 0= 0x80002000] [_,0x00012f03]  147     PC=(0x800002bc,0x800002b8,0x800002b4) [37,  3, 35], WB: DASM(00112023)
Cyc=       156 Op1=[0xaabbd000] Op2=[0x00000000] W[W,30= 0xaabbccdd] [_,0xaabbdeb7]  148     PC=(0x800002c0,0x800002bc,0x800002b8) [13, 55,  3], WB: DASM(00012f03)
Cyc=       157 Op1=[0xaabbd000] Op2=[0xfffffcdd] W[W,29= 0xaabbd000] [_,0xcdde8e93]  149     PC=(0x800002c4,0x800002c0,0x800002bc) [63, 19, 55], WB: DASM(aabbdeb7)
Cyc=       158 Op1=[0xaabbccdd] Op2=[0xaabbccdd] W[W,29= 0xaabbccdd] [_,0x2bdf1e63]  150     PC=(0x800002c8,0x800002c4,0x800002c0) [13, 99, 19], WB: DASM(cdde8e93)
Cyc=       159 Op1=[0x00000000] Op2=[0x00000001] W[_,28= 0x557799ba] [_,0x00120213]  151     PC=(0x800002cc,0x800002c8,0x800002c4) [13, 19, 99], WB: DASM(2bdf1e63)
Cyc=       160 Op1=[0x00000000] Op2=[0x00000002] W[W, 4= 0x00000001] [_,0x00200293]  152     PC=(0x800002d0,0x800002cc,0x800002c8) [63, 19, 19], WB: DASM(00120213)
Cyc=       161 Op1=[0x00000001] Op2=[0x00000002] W[W, 5= 0x00000002] [_,0xfc521ae3]  153   B PC=(0x800002d4,0x800002d0,0x800002cc) [13, 99, 19], WB: DASM(00200293)
Cyc=       162 Op1=[0x00000000] Op2=[0x0000000d] W[_,21= 0x00000003] [_,0x00d00193]  154     PC=(0x800002a4,0x800002d4,0x800002d0) [37, 51, 99], WB: DASM(fc521ae3)
Cyc=       163 Op1=[0xaabbd000] Op2=[0x00000000] W[_, 3= 0x0000000d] [_,0xaabbd0b7]  155     PC=(0x800002a8,0x800002a4,0x800002d4) [13, 55, 51], WB: DASM(00004033)
Cyc=       164 Op1=[0xaabbd000] Op2=[0xfffffcdd] W[W, 1= 0xaabbd000] [_,0xcdd08093]  155     PC=(0x800002ac,0x800002a8,0x800002a4) [17, 19, 55], WB: DASM(aabbd0b7)
Cyc=       165 Op1=[0x00002000] Op2=[0x800002ac] W[W, 1= 0xaabbccdd] [_,0x00002117]  156     PC=(0x800002b0,0x800002ac,0x800002a8) [13, 23, 19], WB: DASM(cdd08093)
Cyc=       166 Op1=[0x800022ac] Op2=[0xfffffd54] W[W, 2= 0x800022ac] [_,0xd5410113]  157     PC=(0x800002b4,0x800002b0,0x800002ac) [23, 19, 23], WB: DASM(00002117)
Cyc=       167 Op1=[0x80002000] Op2=[0x00000000] W[W, 2= 0x80002000] [_,0x00112023]  158     PC=(0x800002b8,0x800002b4,0x800002b0) [03, 35, 19], WB: DASM(d5410113)
Cyc=       168 Op1=[0x80002000] Op2=[0x00000000] W[_, 0= 0x80002000] [_,0x00012f03]  159     PC=(0x800002bc,0x800002b8,0x800002b4) [37,  3, 35], WB: DASM(00112023)
Cyc=       169 Op1=[0xaabbd000] Op2=[0x00000000] W[W,30= 0xaabbccdd] [_,0xaabbdeb7]  160     PC=(0x800002c0,0x800002bc,0x800002b8) [13, 55,  3], WB: DASM(00012f03)
Cyc=       170 Op1=[0xaabbd000] Op2=[0xfffffcdd] W[W,29= 0xaabbd000] [_,0xcdde8e93]  161     PC=(0x800002c4,0x800002c0,0x800002bc) [63, 19, 55], WB: DASM(aabbdeb7)
Cyc=       171 Op1=[0xaabbccdd] Op2=[0xaabbccdd] W[W,29= 0xaabbccdd] [_,0x2bdf1e63]  162     PC=(0x800002c8,0x800002c4,0x800002c0) [13, 99, 19], WB: DASM(cdde8e93)
Cyc=       172 Op1=[0x00000001] Op2=[0x00000001] W[_,28= 0x557799ba] [_,0x00120213]  163     PC=(0x800002cc,0x800002c8,0x800002c4) [13, 19, 99], WB: DASM(2bdf1e63)
Cyc=       173 Op1=[0x00000000] Op2=[0x00000002] W[W, 4= 0x00000002] [_,0x00200293]  164     PC=(0x800002d0,0x800002cc,0x800002c8) [63, 19, 19], WB: DASM(00120213)
Cyc=       174 Op1=[0x00000002] Op2=[0x00000002] W[W, 5= 0x00000002] [_,0xfc521ae3]  165     PC=(0x800002d4,0x800002d0,0x800002cc) [13, 99, 19], WB: DASM(00200293)
Cyc=       175 Op1=[0x00000000] Op2=[0x0000000d] W[_,21= 0x00000004] [_,0x00d00193]  166     PC=(0x800002d8,0x800002d4,0x800002d0) [13, 19, 99], WB: DASM(fc521ae3)
Cyc=       176 Op1=[0x00000000] Op2=[0x00000000] W[W, 3= 0x0000000d] [_,0x00000213]  167     PC=(0x800002dc,0x800002d8,0x800002d4) [37, 19, 19], WB: DASM(00d00193)
Cyc=       177 Op1=[0xdaabc000] Op2=[0x00000000] W[W, 4= 0x00000000] [_,0xdaabc0b7]  168     PC=(0x800002e0,0x800002dc,0x800002d8) [13, 55, 19], WB: DASM(00000213)
Cyc=       178 Op1=[0xdaabc000] Op2=[0xfffffccd] W[W, 1= 0xdaabc000] [_,0xccd08093]  169     PC=(0x800002e4,0x800002e0,0x800002dc) [17, 19, 55], WB: DASM(daabc0b7)
Cyc=       179 Op1=[0x00002000] Op2=[0x800002e4] W[W, 1= 0xdaabbccd] [_,0x00002117]  170     PC=(0x800002e8,0x800002e4,0x800002e0) [13, 23, 19], WB: DASM(ccd08093)
Cyc=       180 Op1=[0x800022e4] Op2=[0xfffffd1c] W[W, 2= 0x800022e4] [_,0xd1c10113]  171     PC=(0x800002ec,0x800002e8,0x800002e4) [13, 19, 23], WB: DASM(00002117)
Cyc=       181 Op1=[0x00000000] Op2=[0x00000000] W[W, 2= 0x80002000] [_,0x00000013]  172     PC=(0x800002f0,0x800002ec,0x800002e8) [23, 19, 19], WB: DASM(d1c10113)
Cyc=       182 Op1=[0x80002000] Op2=[0x00000004] W[W, 0= 0x00000000] [_,0x00112223]  173     PC=(0x800002f4,0x800002f0,0x800002ec) [03, 35, 19], WB: DASM(00000013)
Cyc=       183 Op1=[0x80002000] Op2=[0x00000004] W[_, 4= 0x80002004] [_,0x00412f03]  174     PC=(0x800002f8,0x800002f4,0x800002f0) [37,  3, 35], WB: DASM(00112223)
Cyc=       184 Op1=[0xdaabc000] Op2=[0x00000000] W[W,30= 0xdaabbccd] [_,0xdaabceb7]  175     PC=(0x800002fc,0x800002f8,0x800002f4) [13, 55,  3], WB: DASM(00412f03)
Cyc=       185 Op1=[0xdaabc000] Op2=[0xfffffccd] W[W,29= 0xdaabc000] [_,0xccde8e93]  176     PC=(0x80000300,0x800002fc,0x800002f8) [63, 19, 55], WB: DASM(daabceb7)
Cyc=       186 Op1=[0xdaabbccd] Op2=[0xdaabbccd] W[W,29= 0xdaabbccd] [_,0x29df1063]  177     PC=(0x80000304,0x80000300,0x800002fc) [13, 99, 19], WB: DASM(ccde8e93)
Cyc=       187 Op1=[0x00000000] Op2=[0x00000001] W[_, 0= 0xb557799a] [_,0x00120213]  178     PC=(0x80000308,0x80000304,0x80000300) [13, 19, 99], WB: DASM(29df1063)
Cyc=       188 Op1=[0x00000000] Op2=[0x00000002] W[W, 4= 0x00000001] [_,0x00200293]  179     PC=(0x8000030c,0x80000308,0x80000304) [63, 19, 19], WB: DASM(00120213)
Cyc=       189 Op1=[0x00000001] Op2=[0x00000002] W[W, 5= 0x00000002] [_,0xfc5218e3]  180   B PC=(0x80000310,0x8000030c,0x80000308) [13, 99, 19], WB: DASM(00200293)
Cyc=       190 Op1=[0x00000000] Op2=[0x0000000e] W[_,17= 0x00000003] [_,0x00e00193]  181     PC=(0x800002dc,0x80000310,0x8000030c) [37, 51, 99], WB: DASM(fc5218e3)
Cyc=       191 Op1=[0xdaabc000] Op2=[0x00000000] W[_, 3= 0x0000000e] [_,0xdaabc0b7]  182     PC=(0x800002e0,0x800002dc,0x80000310) [13, 55, 51], WB: DASM(00004033)
Cyc=       192 Op1=[0xdaabc000] Op2=[0xfffffccd] W[W, 1= 0xdaabc000] [_,0xccd08093]  182     PC=(0x800002e4,0x800002e0,0x800002dc) [17, 19, 55], WB: DASM(daabc0b7)
Cyc=       193 Op1=[0x00002000] Op2=[0x800002e4] W[W, 1= 0xdaabbccd] [_,0x00002117]  183     PC=(0x800002e8,0x800002e4,0x800002e0) [13, 23, 19], WB: DASM(ccd08093)
Cyc=       194 Op1=[0x800022e4] Op2=[0xfffffd1c] W[W, 2= 0x800022e4] [_,0xd1c10113]  184     PC=(0x800002ec,0x800002e8,0x800002e4) [13, 19, 23], WB: DASM(00002117)
Cyc=       195 Op1=[0x00000000] Op2=[0x00000000] W[W, 2= 0x80002000] [_,0x00000013]  185     PC=(0x800002f0,0x800002ec,0x800002e8) [23, 19, 19], WB: DASM(d1c10113)
Cyc=       196 Op1=[0x80002000] Op2=[0x00000004] W[W, 0= 0x00000000] [_,0x00112223]  186     PC=(0x800002f4,0x800002f0,0x800002ec) [03, 35, 19], WB: DASM(00000013)
Cyc=       197 Op1=[0x80002000] Op2=[0x00000004] W[_, 4= 0x80002004] [_,0x00412f03]  187     PC=(0x800002f8,0x800002f4,0x800002f0) [37,  3, 35], WB: DASM(00112223)
Cyc=       198 Op1=[0xdaabc000] Op2=[0x00000000] W[W,30= 0xdaabbccd] [_,0xdaabceb7]  188     PC=(0x800002fc,0x800002f8,0x800002f4) [13, 55,  3], WB: DASM(00412f03)
Cyc=       199 Op1=[0xdaabc000] Op2=[0xfffffccd] W[W,29= 0xdaabc000] [_,0xccde8e93]  189     PC=(0x80000300,0x800002fc,0x800002f8) [63, 19, 55], WB: DASM(daabceb7)
Cyc=       200 Op1=[0xdaabbccd] Op2=[0xdaabbccd] W[W,29= 0xdaabbccd] [_,0x29df1063]  190     PC=(0x80000304,0x80000300,0x800002fc) [13, 99, 19], WB: DASM(ccde8e93)
Cyc=       201 Op1=[0x00000001] Op2=[0x00000001] W[_, 0= 0xb557799a] [_,0x00120213]  191     PC=(0x80000308,0x80000304,0x80000300) [13, 19, 99], WB: DASM(29df1063)
Cyc=       202 Op1=[0x00000000] Op2=[0x00000002] W[W, 4= 0x00000002] [_,0x00200293]  192     PC=(0x8000030c,0x80000308,0x80000304) [63, 19, 19], WB: DASM(00120213)
Cyc=       203 Op1=[0x00000002] Op2=[0x00000002] W[W, 5= 0x00000002] [_,0xfc5218e3]  193     PC=(0x80000310,0x8000030c,0x80000308) [13, 99, 19], WB: DASM(00200293)
Cyc=       204 Op1=[0x00000000] Op2=[0x0000000e] W[_,17= 0x00000004] [_,0x00e00193]  194     PC=(0x80000314,0x80000310,0x8000030c) [13, 19, 99], WB: DASM(fc5218e3)
Cyc=       205 Op1=[0x00000000] Op2=[0x00000000] W[W, 3= 0x0000000e] [_,0x00000213]  195     PC=(0x80000318,0x80000314,0x80000310) [37, 19, 19], WB: DASM(00e00193)
Cyc=       206 Op1=[0xddaac000] Op2=[0x00000000] W[W, 4= 0x00000000] [_,0xddaac0b7]  196     PC=(0x8000031c,0x80000318,0x80000314) [13, 55, 19], WB: DASM(00000213)
Cyc=       207 Op1=[0xddaac000] Op2=[0xfffffbcc] W[W, 1= 0xddaac000] [_,0xbcc08093]  197     PC=(0x80000320,0x8000031c,0x80000318) [17, 19, 55], WB: DASM(ddaac0b7)
Cyc=       208 Op1=[0x00002000] Op2=[0x80000320] W[W, 1= 0xddaabbcc] [_,0x00002117]  198     PC=(0x80000324,0x80000320,0x8000031c) [13, 23, 19], WB: DASM(bcc08093)
Cyc=       209 Op1=[0x80002320] Op2=[0xfffffce0] W[W, 2= 0x80002320] [_,0xce010113]  199     PC=(0x80000328,0x80000324,0x80000320) [13, 19, 23], WB: DASM(00002117)
Cyc=       210 Op1=[0x00000000] Op2=[0x00000000] W[W, 2= 0x80002000] [_,0x00000013]  200     PC=(0x8000032c,0x80000328,0x80000324) [13, 19, 19], WB: DASM(ce010113)
Cyc=       211 Op1=[0x00000000] Op2=[0x00000000] W[W, 0= 0x00000000] [_,0x00000013]  201     PC=(0x80000330,0x8000032c,0x80000328) [23, 19, 19], WB: DASM(00000013)
Cyc=       212 Op1=[0x80002000] Op2=[0x00000008] W[W, 0= 0x00000000] [_,0x00112423]  202     PC=(0x80000334,0x80000330,0x8000032c) [03, 35, 19], WB: DASM(00000013)
Cyc=       213 Op1=[0x80002000] Op2=[0x00000008] W[_, 8= 0x80002008] [_,0x00812f03]  203     PC=(0x80000338,0x80000334,0x80000330) [37,  3, 35], WB: DASM(00112423)
Cyc=       214 Op1=[0xddaac000] Op2=[0x00000000] W[W,30= 0xddaabbcc] [_,0xddaaceb7]  204     PC=(0x8000033c,0x80000338,0x80000334) [13, 55,  3], WB: DASM(00812f03)
Cyc=       215 Op1=[0xddaac000] Op2=[0xfffffbcc] W[W,29= 0xddaac000] [_,0xbcce8e93]  205     PC=(0x80000340,0x8000033c,0x80000338) [63, 19, 55], WB: DASM(ddaaceb7)
Cyc=       216 Op1=[0xddaabbcc] Op2=[0xddaabbcc] W[W,29= 0xddaabbcc] [_,0x25df1063]  206     PC=(0x80000344,0x80000340,0x8000033c) [13, 99, 19], WB: DASM(bcce8e93)
Cyc=       217 Op1=[0x00000000] Op2=[0x00000001] W[_, 0= 0xbb557798] [_,0x00120213]  207     PC=(0x80000348,0x80000344,0x80000340) [13, 19, 99], WB: DASM(25df1063)
Cyc=       218 Op1=[0x00000000] Op2=[0x00000002] W[W, 4= 0x00000001] [_,0x00200293]  208     PC=(0x8000034c,0x80000348,0x80000344) [63, 19, 19], WB: DASM(00120213)
Cyc=       219 Op1=[0x00000001] Op2=[0x00000002] W[W, 5= 0x00000002] [_,0xfc5216e3]  209   B PC=(0x80000350,0x8000034c,0x80000348) [13, 99, 19], WB: DASM(00200293)
Cyc=       220 Op1=[0x00000000] Op2=[0x0000000f] W[_,13= 0x00000003] [_,0x00f00193]  210     PC=(0x80000318,0x80000350,0x8000034c) [37, 51, 99], WB: DASM(fc5216e3)
Cyc=       221 Op1=[0xddaac000] Op2=[0x00000000] W[_, 3= 0x0000000f] [_,0xddaac0b7]  211     PC=(0x8000031c,0x80000318,0x80000350) [13, 55, 51], WB: DASM(00004033)
Cyc=       222 Op1=[0xddaac000] Op2=[0xfffffbcc] W[W, 1= 0xddaac000] [_,0xbcc08093]  211     PC=(0x80000320,0x8000031c,0x80000318) [17, 19, 55], WB: DASM(ddaac0b7)
Cyc=       223 Op1=[0x00002000] Op2=[0x80000320] W[W, 1= 0xddaabbcc] [_,0x00002117]  212     PC=(0x80000324,0x80000320,0x8000031c) [13, 23, 19], WB: DASM(bcc08093)
Cyc=       224 Op1=[0x80002320] Op2=[0xfffffce0] W[W, 2= 0x80002320] [_,0xce010113]  213     PC=(0x80000328,0x80000324,0x80000320) [13, 19, 23], WB: DASM(00002117)
Cyc=       225 Op1=[0x00000000] Op2=[0x00000000] W[W, 2= 0x80002000] [_,0x00000013]  214     PC=(0x8000032c,0x80000328,0x80000324) [13, 19, 19], WB: DASM(ce010113)
Cyc=       226 Op1=[0x00000000] Op2=[0x00000000] W[W, 0= 0x00000000] [_,0x00000013]  215     PC=(0x80000330,0x8000032c,0x80000328) [23, 19, 19], WB: DASM(00000013)
Cyc=       227 Op1=[0x80002000] Op2=[0x00000008] W[W, 0= 0x00000000] [_,0x00112423]  216     PC=(0x80000334,0x80000330,0x8000032c) [03, 35, 19], WB: DASM(00000013)
Cyc=       228 Op1=[0x80002000] Op2=[0x00000008] W[_, 8= 0x80002008] [_,0x00812f03]  217     PC=(0x80000338,0x80000334,0x80000330) [37,  3, 35], WB: DASM(00112423)
Cyc=       229 Op1=[0xddaac000] Op2=[0x00000000] W[W,30= 0xddaabbcc] [_,0xddaaceb7]  218     PC=(0x8000033c,0x80000338,0x80000334) [13, 55,  3], WB: DASM(00812f03)
Cyc=       230 Op1=[0xddaac000] Op2=[0xfffffbcc] W[W,29= 0xddaac000] [_,0xbcce8e93]  219     PC=(0x80000340,0x8000033c,0x80000338) [63, 19, 55], WB: DASM(ddaaceb7)
Cyc=       231 Op1=[0xddaabbcc] Op2=[0xddaabbcc] W[W,29= 0xddaabbcc] [_,0x25df1063]  220     PC=(0x80000344,0x80000340,0x8000033c) [13, 99, 19], WB: DASM(bcce8e93)
Cyc=       232 Op1=[0x00000001] Op2=[0x00000001] W[_, 0= 0xbb557798] [_,0x00120213]  221     PC=(0x80000348,0x80000344,0x80000340) [13, 19, 99], WB: DASM(25df1063)
Cyc=       233 Op1=[0x00000000] Op2=[0x00000002] W[W, 4= 0x00000002] [_,0x00200293]  222     PC=(0x8000034c,0x80000348,0x80000344) [63, 19, 19], WB: DASM(00120213)
Cyc=       234 Op1=[0x00000002] Op2=[0x00000002] W[W, 5= 0x00000002] [_,0xfc5216e3]  223     PC=(0x80000350,0x8000034c,0x80000348) [13, 99, 19], WB: DASM(00200293)
Cyc=       235 Op1=[0x00000000] Op2=[0x0000000f] W[_,13= 0x00000004] [_,0x00f00193]  224     PC=(0x80000354,0x80000350,0x8000034c) [13, 19, 99], WB: DASM(fc5216e3)
Cyc=       236 Op1=[0x00000000] Op2=[0x00000000] W[W, 3= 0x0000000f] [_,0x00000213]  225     PC=(0x80000358,0x80000354,0x80000350) [37, 19, 19], WB: DASM(00f00193)
Cyc=       237 Op1=[0xcddab000] Op2=[0xddaabbcc] W[W, 4= 0x00000000] [_,0xcddab0b7]  226     PC=(0x8000035c,0x80000358,0x80000354) [13, 55, 19], WB: DASM(00000213)
Cyc=       238 Op1=[0xcddab000] Op2=[0xfffffbbc] W[W, 1= 0xcddab000] [_,0xbbc08093]  227     PC=(0x80000360,0x8000035c,0x80000358) [13, 19, 55], WB: DASM(cddab0b7)
Cyc=       239 Op1=[0x00000000] Op2=[0x00000000] W[W, 1= 0xcddaabbc] [_,0x00000013]  228     PC=(0x80000364,0x80000360,0x8000035c) [17, 19, 19], WB: DASM(bbc08093)
Cyc=       240 Op1=[0x00002000] Op2=[0x80000364] W[W, 0= 0x00000000] [_,0x00002117]  229     PC=(0x80000368,0x80000364,0x80000360) [13, 23, 19], WB: DASM(00000013)
Cyc=       241 Op1=[0x80002364] Op2=[0xfffffc9c] W[W, 2= 0x80002364] [_,0xc9c10113]  230     PC=(0x8000036c,0x80000368,0x80000364) [23, 19, 23], WB: DASM(00002117)
Cyc=       242 Op1=[0x80002000] Op2=[0x0000000c] W[W, 2= 0x80002000] [_,0x00112623]  231     PC=(0x80000370,0x8000036c,0x80000368) [03, 35, 19], WB: DASM(c9c10113)
Cyc=       243 Op1=[0x80002000] Op2=[0x0000000c] W[_,12= 0x8000200c] [_,0x00c12f03]  232     PC=(0x80000374,0x80000370,0x8000036c) [37,  3, 35], WB: DASM(00112623)
Cyc=       244 Op1=[0xcddab000] Op2=[0xddaabbcc] W[W,30= 0xcddaabbc] [_,0xcddabeb7]  233     PC=(0x80000378,0x80000374,0x80000370) [13, 55,  3], WB: DASM(00c12f03)
Cyc=       245 Op1=[0xcddab000] Op2=[0xfffffbbc] W[W,29= 0xcddab000] [_,0xbbce8e93]  234     PC=(0x8000037c,0x80000378,0x80000374) [63, 19, 55], WB: DASM(cddabeb7)
Cyc=       246 Op1=[0xcddaabbc] Op2=[0xcddaabbc] W[W,29= 0xcddaabbc] [_,0x21df1263]  235     PC=(0x80000380,0x8000037c,0x80000378) [13, 99, 19], WB: DASM(bbce8e93)
Cyc=       247 Op1=[0x00000000] Op2=[0x00000001] W[_, 4= 0x9bb55778] [_,0x00120213]  236     PC=(0x80000384,0x80000380,0x8000037c) [13, 19, 99], WB: DASM(21df1263)
Cyc=       248 Op1=[0x00000000] Op2=[0x00000002] W[W, 4= 0x00000001] [_,0x00200293]  237     PC=(0x80000388,0x80000384,0x80000380) [63, 19, 19], WB: DASM(00120213)
Cyc=       249 Op1=[0x00000001] Op2=[0x00000002] W[W, 5= 0x00000002] [_,0xfc5218e3]  238   B PC=(0x8000038c,0x80000388,0x80000384) [13, 99, 19], WB: DASM(00200293)
Cyc=       250 Op1=[0x00000000] Op2=[0x00000010] W[_,17= 0x00000003] [_,0x01000193]  239     PC=(0x80000358,0x8000038c,0x80000388) [37, 51, 99], WB: DASM(fc5218e3)
Cyc=       251 Op1=[0xcddab000] Op2=[0xcddaabbc] W[_, 3= 0x00000010] [_,0xcddab0b7]  240     PC=(0x8000035c,0x80000358,0x8000038c) [13, 55, 51], WB: DASM(00004033)
Cyc=       252 Op1=[0xcddab000] Op2=[0xfffffbbc] W[W, 1= 0xcddab000] [_,0xbbc08093]  240     PC=(0x80000360,0x8000035c,0x80000358) [13, 19, 55], WB: DASM(cddab0b7)
Cyc=       253 Op1=[0x00000000] Op2=[0x00000000] W[W, 1= 0xcddaabbc] [_,0x00000013]  241     PC=(0x80000364,0x80000360,0x8000035c) [17, 19, 19], WB: DASM(bbc08093)
Cyc=       254 Op1=[0x00002000] Op2=[0x80000364] W[W, 0= 0x00000000] [_,0x00002117]  242     PC=(0x80000368,0x80000364,0x80000360) [13, 23, 19], WB: DASM(00000013)
Cyc=       255 Op1=[0x80002364] Op2=[0xfffffc9c] W[W, 2= 0x80002364] [_,0xc9c10113]  243     PC=(0x8000036c,0x80000368,0x80000364) [23, 19, 23], WB: DASM(00002117)
Cyc=       256 Op1=[0x80002000] Op2=[0x0000000c] W[W, 2= 0x80002000] [_,0x00112623]  244     PC=(0x80000370,0x8000036c,0x80000368) [03, 35, 19], WB: DASM(c9c10113)
Cyc=       257 Op1=[0x80002000] Op2=[0x0000000c] W[_,12= 0x8000200c] [_,0x00c12f03]  245     PC=(0x80000374,0x80000370,0x8000036c) [37,  3, 35], WB: DASM(00112623)
Cyc=       258 Op1=[0xcddab000] Op2=[0xcddaabbc] W[W,30= 0xcddaabbc] [_,0xcddabeb7]  246     PC=(0x80000378,0x80000374,0x80000370) [13, 55,  3], WB: DASM(00c12f03)
Cyc=       259 Op1=[0xcddab000] Op2=[0xfffffbbc] W[W,29= 0xcddab000] [_,0xbbce8e93]  247     PC=(0x8000037c,0x80000378,0x80000374) [63, 19, 55], WB: DASM(cddabeb7)
Cyc=       260 Op1=[0xcddaabbc] Op2=[0xcddaabbc] W[W,29= 0xcddaabbc] [_,0x21df1263]  248     PC=(0x80000380,0x8000037c,0x80000378) [13, 99, 19], WB: DASM(bbce8e93)
Cyc=       261 Op1=[0x00000001] Op2=[0x00000001] W[_, 4= 0x9bb55778] [_,0x00120213]  249     PC=(0x80000384,0x80000380,0x8000037c) [13, 19, 99], WB: DASM(21df1263)
Cyc=       262 Op1=[0x00000000] Op2=[0x00000002] W[W, 4= 0x00000002] [_,0x00200293]  250     PC=(0x80000388,0x80000384,0x80000380) [63, 19, 19], WB: DASM(00120213)
Cyc=       263 Op1=[0x00000002] Op2=[0x00000002] W[W, 5= 0x00000002] [_,0xfc5218e3]  251     PC=(0x8000038c,0x80000388,0x80000384) [13, 99, 19], WB: DASM(00200293)
Cyc=       264 Op1=[0x00000000] Op2=[0x00000010] W[_,17= 0x00000004] [_,0x01000193]  252     PC=(0x80000390,0x8000038c,0x80000388) [13, 19, 99], WB: DASM(fc5218e3)
Cyc=       265 Op1=[0x00000000] Op2=[0x00000000] W[W, 3= 0x00000010] [_,0x00000213]  253     PC=(0x80000394,0x80000390,0x8000038c) [37, 19, 19], WB: DASM(01000193)
Cyc=       266 Op1=[0xccddb000] Op2=[0x00000000] W[W, 4= 0x00000000] [_,0xccddb0b7]  254     PC=(0x80000398,0x80000394,0x80000390) [13, 55, 19], WB: DASM(00000213)
Cyc=       267 Op1=[0xccddb000] Op2=[0xfffffabb] W[W, 1= 0xccddb000] [_,0xabb08093]  255     PC=(0x8000039c,0x80000398,0x80000394) [13, 19, 55], WB: DASM(ccddb0b7)
Cyc=       268 Op1=[0x00000000] Op2=[0x00000000] W[W, 1= 0xccddaabb] [_,0x00000013]  256     PC=(0x800003a0,0x8000039c,0x80000398) [17, 19, 19], WB: DASM(abb08093)
Cyc=       269 Op1=[0x00002000] Op2=[0x800003a0] W[W, 0= 0x00000000] [_,0x00002117]  257     PC=(0x800003a4,0x800003a0,0x8000039c) [13, 23, 19], WB: DASM(00000013)
Cyc=       270 Op1=[0x800023a0] Op2=[0xfffffc60] W[W, 2= 0x800023a0] [_,0xc6010113]  258     PC=(0x800003a8,0x800003a4,0x800003a0) [13, 19, 23], WB: DASM(00002117)
Cyc=       271 Op1=[0x00000000] Op2=[0x00000000] W[W, 2= 0x80002000] [_,0x00000013]  259     PC=(0x800003ac,0x800003a8,0x800003a4) [23, 19, 19], WB: DASM(c6010113)
Cyc=       272 Op1=[0x80002000] Op2=[0x00000010] W[W, 0= 0x00000000] [_,0x00112823]  260     PC=(0x800003b0,0x800003ac,0x800003a8) [03, 35, 19], WB: DASM(00000013)
Cyc=       273 Op1=[0x80002000] Op2=[0x00000010] W[_,16= 0x80002010] [_,0x01012f03]  261     PC=(0x800003b4,0x800003b0,0x800003ac) [37,  3, 35], WB: DASM(00112823)
Cyc=       274 Op1=[0xccddb000] Op2=[0x00000000] W[W,30= 0xccddaabb] [_,0xccddbeb7]  262     PC=(0x800003b8,0x800003b4,0x800003b0) [13, 55,  3], WB: DASM(01012f03)
Cyc=       275 Op1=[0xccddb000] Op2=[0xfffffabb] W[W,29= 0xccddb000] [_,0xabbe8e93]  263     PC=(0x800003bc,0x800003b8,0x800003b4) [63, 19, 55], WB: DASM(ccddbeb7)
Cyc=       276 Op1=[0xccddaabb] Op2=[0xccddaabb] W[W,29= 0xccddaabb] [_,0x1ddf1263]  264     PC=(0x800003c0,0x800003bc,0x800003b8) [13, 99, 19], WB: DASM(abbe8e93)
Cyc=       277 Op1=[0x00000000] Op2=[0x00000001] W[_, 4= 0x99bb5576] [_,0x00120213]  265     PC=(0x800003c4,0x800003c0,0x800003bc) [13, 19, 99], WB: DASM(1ddf1263)
Cyc=       278 Op1=[0x00000000] Op2=[0x00000002] W[W, 4= 0x00000001] [_,0x00200293]  266     PC=(0x800003c8,0x800003c4,0x800003c0) [63, 19, 19], WB: DASM(00120213)
Cyc=       279 Op1=[0x00000001] Op2=[0x00000002] W[W, 5= 0x00000002] [_,0xfc5216e3]  267   B PC=(0x800003cc,0x800003c8,0x800003c4) [13, 99, 19], WB: DASM(00200293)
Cyc=       280 Op1=[0x00000000] Op2=[0x00000011] W[_,13= 0x00000003] [_,0x01100193]  268     PC=(0x80000394,0x800003cc,0x800003c8) [37, 51, 99], WB: DASM(fc5216e3)
Cyc=       281 Op1=[0xccddb000] Op2=[0x00000000] W[_, 3= 0x00000011] [_,0xccddb0b7]  269     PC=(0x80000398,0x80000394,0x800003cc) [13, 55, 51], WB: DASM(00004033)
Cyc=       282 Op1=[0xccddb000] Op2=[0xfffffabb] W[W, 1= 0xccddb000] [_,0xabb08093]  269     PC=(0x8000039c,0x80000398,0x80000394) [13, 19, 55], WB: DASM(ccddb0b7)
Cyc=       283 Op1=[0x00000000] Op2=[0x00000000] W[W, 1= 0xccddaabb] [_,0x00000013]  270     PC=(0x800003a0,0x8000039c,0x80000398) [17, 19, 19], WB: DASM(abb08093)
Cyc=       284 Op1=[0x00002000] Op2=[0x800003a0] W[W, 0= 0x00000000] [_,0x00002117]  271     PC=(0x800003a4,0x800003a0,0x8000039c) [13, 23, 19], WB: DASM(00000013)
Cyc=       285 Op1=[0x800023a0] Op2=[0xfffffc60] W[W, 2= 0x800023a0] [_,0xc6010113]  272     PC=(0x800003a8,0x800003a4,0x800003a0) [13, 19, 23], WB: DASM(00002117)
Cyc=       286 Op1=[0x00000000] Op2=[0x00000000] W[W, 2= 0x80002000] [_,0x00000013]  273     PC=(0x800003ac,0x800003a8,0x800003a4) [23, 19, 19], WB: DASM(c6010113)
Cyc=       287 Op1=[0x80002000] Op2=[0x00000010] W[W, 0= 0x00000000] [_,0x00112823]  274     PC=(0x800003b0,0x800003ac,0x800003a8) [03, 35, 19], WB: DASM(00000013)
Cyc=       288 Op1=[0x80002000] Op2=[0x00000010] W[_,16= 0x80002010] [_,0x01012f03]  275     PC=(0x800003b4,0x800003b0,0x800003ac) [37,  3, 35], WB: DASM(00112823)
Cyc=       289 Op1=[0xccddb000] Op2=[0x00000000] W[W,30= 0xccddaabb] [_,0xccddbeb7]  276     PC=(0x800003b8,0x800003b4,0x800003b0) [13, 55,  3], WB: DASM(01012f03)
Cyc=       290 Op1=[0xccddb000] Op2=[0xfffffabb] W[W,29= 0xccddb000] [_,0xabbe8e93]  277     PC=(0x800003bc,0x800003b8,0x800003b4) [63, 19, 55], WB: DASM(ccddbeb7)
Cyc=       291 Op1=[0xccddaabb] Op2=[0xccddaabb] W[W,29= 0xccddaabb] [_,0x1ddf1263]  278     PC=(0x800003c0,0x800003bc,0x800003b8) [13, 99, 19], WB: DASM(abbe8e93)
Cyc=       292 Op1=[0x00000001] Op2=[0x00000001] W[_, 4= 0x99bb5576] [_,0x00120213]  279     PC=(0x800003c4,0x800003c0,0x800003bc) [13, 19, 99], WB: DASM(1ddf1263)
Cyc=       293 Op1=[0x00000000] Op2=[0x00000002] W[W, 4= 0x00000002] [_,0x00200293]  280     PC=(0x800003c8,0x800003c4,0x800003c0) [63, 19, 19], WB: DASM(00120213)
Cyc=       294 Op1=[0x00000002] Op2=[0x00000002] W[W, 5= 0x00000002] [_,0xfc5216e3]  281     PC=(0x800003cc,0x800003c8,0x800003c4) [13, 99, 19], WB: DASM(00200293)
Cyc=       295 Op1=[0x00000000] Op2=[0x00000011] W[_,13= 0x00000004] [_,0x01100193]  282     PC=(0x800003d0,0x800003cc,0x800003c8) [13, 19, 99], WB: DASM(fc5216e3)
Cyc=       296 Op1=[0x00000000] Op2=[0x00000000] W[W, 3= 0x00000011] [_,0x00000213]  283     PC=(0x800003d4,0x800003d0,0x800003cc) [37, 19, 19], WB: DASM(01100193)
Cyc=       297 Op1=[0xbccde000] Op2=[0x00000000] W[W, 4= 0x00000000] [_,0xbccde0b7]  284     PC=(0x800003d8,0x800003d4,0x800003d0) [13, 55, 19], WB: DASM(00000213)
Cyc=       298 Op1=[0xbccde000] Op2=[0xfffffaab] W[W, 1= 0xbccde000] [_,0xaab08093]  285     PC=(0x800003dc,0x800003d8,0x800003d4) [13, 19, 55], WB: DASM(bccde0b7)
Cyc=       299 Op1=[0x00000000] Op2=[0x00000000] W[W, 1= 0xbccddaab] [_,0x00000013]  286     PC=(0x800003e0,0x800003dc,0x800003d8) [13, 19, 19], WB: DASM(aab08093)
Cyc=       300 Op1=[0x00000000] Op2=[0x00000000] W[W, 0= 0x00000000] [_,0x00000013]  287     PC=(0x800003e4,0x800003e0,0x800003dc) [17, 19, 19], WB: DASM(00000013)
Cyc=       301 Op1=[0x00002000] Op2=[0x800003e4] W[W, 0= 0x00000000] [_,0x00002117]  288     PC=(0x800003e8,0x800003e4,0x800003e0) [13, 23, 19], WB: DASM(00000013)
Cyc=       302 Op1=[0x800023e4] Op2=[0xfffffc1c] W[W, 2= 0x800023e4] [_,0xc1c10113]  289     PC=(0x800003ec,0x800003e8,0x800003e4) [23, 19, 23], WB: DASM(00002117)
Cyc=       303 Op1=[0x80002000] Op2=[0x00000014] W[W, 2= 0x80002000] [_,0x00112a23]  290     PC=(0x800003f0,0x800003ec,0x800003e8) [03, 35, 19], WB: DASM(c1c10113)
Cyc=       304 Op1=[0x80002000] Op2=[0x00000014] W[_,20= 0x80002014] [_,0x01412f03]  291     PC=(0x800003f4,0x800003f0,0x800003ec) [37,  3, 35], WB: DASM(00112a23)
Cyc=       305 Op1=[0xbccde000] Op2=[0x00000000] W[W,30= 0xbccddaab] [_,0xbccdeeb7]  292     PC=(0x800003f8,0x800003f4,0x800003f0) [13, 55,  3], WB: DASM(01412f03)
Cyc=       306 Op1=[0xbccde000] Op2=[0xfffffaab] W[W,29= 0xbccde000] [_,0xaabe8e93]  293     PC=(0x800003fc,0x800003f8,0x800003f4) [63, 19, 55], WB: DASM(bccdeeb7)
Cyc=       307 Op1=[0xbccddaab] Op2=[0xbccddaab] W[W,29= 0xbccddaab] [_,0x19df1263]  294     PC=(0x80000400,0x800003fc,0x800003f8) [13, 99, 19], WB: DASM(aabe8e93)
Cyc=       308 Op1=[0x00000000] Op2=[0x00000001] W[_, 4= 0x799bb556] [_,0x00120213]  295     PC=(0x80000404,0x80000400,0x800003fc) [13, 19, 99], WB: DASM(19df1263)
Cyc=       309 Op1=[0x00000000] Op2=[0x00000002] W[W, 4= 0x00000001] [_,0x00200293]  296     PC=(0x80000408,0x80000404,0x80000400) [63, 19, 19], WB: DASM(00120213)
Cyc=       310 Op1=[0x00000001] Op2=[0x00000002] W[W, 5= 0x00000002] [_,0xfc5216e3]  297   B PC=(0x8000040c,0x80000408,0x80000404) [13, 99, 19], WB: DASM(00200293)
Cyc=       311 Op1=[0x00000000] Op2=[0x00000012] W[_,13= 0x00000003] [_,0x01200193]  298     PC=(0x800003d4,0x8000040c,0x80000408) [37, 51, 99], WB: DASM(fc5216e3)
Cyc=       312 Op1=[0xbccde000] Op2=[0x00000000] W[_, 3= 0x00000012] [_,0xbccde0b7]  299     PC=(0x800003d8,0x800003d4,0x8000040c) [13, 55, 51], WB: DASM(00004033)
Cyc=       313 Op1=[0xbccde000] Op2=[0xfffffaab] W[W, 1= 0xbccde000] [_,0xaab08093]  299     PC=(0x800003dc,0x800003d8,0x800003d4) [13, 19, 55], WB: DASM(bccde0b7)
Cyc=       314 Op1=[0x00000000] Op2=[0x00000000] W[W, 1= 0xbccddaab] [_,0x00000013]  300     PC=(0x800003e0,0x800003dc,0x800003d8) [13, 19, 19], WB: DASM(aab08093)
Cyc=       315 Op1=[0x00000000] Op2=[0x00000000] W[W, 0= 0x00000000] [_,0x00000013]  301     PC=(0x800003e4,0x800003e0,0x800003dc) [17, 19, 19], WB: DASM(00000013)
Cyc=       316 Op1=[0x00002000] Op2=[0x800003e4] W[W, 0= 0x00000000] [_,0x00002117]  302     PC=(0x800003e8,0x800003e4,0x800003e0) [13, 23, 19], WB: DASM(00000013)
Cyc=       317 Op1=[0x800023e4] Op2=[0xfffffc1c] W[W, 2= 0x800023e4] [_,0xc1c10113]  303     PC=(0x800003ec,0x800003e8,0x800003e4) [23, 19, 23], WB: DASM(00002117)
Cyc=       318 Op1=[0x80002000] Op2=[0x00000014] W[W, 2= 0x80002000] [_,0x00112a23]  304     PC=(0x800003f0,0x800003ec,0x800003e8) [03, 35, 19], WB: DASM(c1c10113)
Cyc=       319 Op1=[0x80002000] Op2=[0x00000014] W[_,20= 0x80002014] [_,0x01412f03]  305     PC=(0x800003f4,0x800003f0,0x800003ec) [37,  3, 35], WB: DASM(00112a23)
Cyc=       320 Op1=[0xbccde000] Op2=[0x00000000] W[W,30= 0xbccddaab] [_,0xbccdeeb7]  306     PC=(0x800003f8,0x800003f4,0x800003f0) [13, 55,  3], WB: DASM(01412f03)
Cyc=       321 Op1=[0xbccde000] Op2=[0xfffffaab] W[W,29= 0xbccde000] [_,0xaabe8e93]  307     PC=(0x800003fc,0x800003f8,0x800003f4) [63, 19, 55], WB: DASM(bccdeeb7)
Cyc=       322 Op1=[0xbccddaab] Op2=[0xbccddaab] W[W,29= 0xbccddaab] [_,0x19df1263]  308     PC=(0x80000400,0x800003fc,0x800003f8) [13, 99, 19], WB: DASM(aabe8e93)
Cyc=       323 Op1=[0x00000001] Op2=[0x00000001] W[_, 4= 0x799bb556] [_,0x00120213]  309     PC=(0x80000404,0x80000400,0x800003fc) [13, 19, 99], WB: DASM(19df1263)
Cyc=       324 Op1=[0x00000000] Op2=[0x00000002] W[W, 4= 0x00000002] [_,0x00200293]  310     PC=(0x80000408,0x80000404,0x80000400) [63, 19, 19], WB: DASM(00120213)
Cyc=       325 Op1=[0x00000002] Op2=[0x00000002] W[W, 5= 0x00000002] [_,0xfc5216e3]  311     PC=(0x8000040c,0x80000408,0x80000404) [13, 99, 19], WB: DASM(00200293)
Cyc=       326 Op1=[0x00000000] Op2=[0x00000012] W[_,13= 0x00000004] [_,0x01200193]  312     PC=(0x80000410,0x8000040c,0x80000408) [13, 19, 99], WB: DASM(fc5216e3)
Cyc=       327 Op1=[0x00000000] Op2=[0x00000000] W[W, 3= 0x00000012] [_,0x00000213]  313     PC=(0x80000414,0x80000410,0x8000040c) [17, 19, 19], WB: DASM(01200193)
Cyc=       328 Op1=[0x00002000] Op2=[0x80000414] W[W, 4= 0x00000000] [_,0x00002117]  314     PC=(0x80000418,0x80000414,0x80000410) [13, 23, 19], WB: DASM(00000213)
Cyc=       329 Op1=[0x80002414] Op2=[0xfffffbec] W[W, 2= 0x80002414] [_,0xbec10113]  315     PC=(0x8000041c,0x80000418,0x80000414) [37, 19, 23], WB: DASM(00002117)
Cyc=       330 Op1=[0x00112000] Op2=[0xbccddaab] W[W, 2= 0x80002000] [_,0x001120b7]  316     PC=(0x80000420,0x8000041c,0x80000418) [13, 55, 19], WB: DASM(bec10113)
Cyc=       331 Op1=[0x00112000] Op2=[0x00000233] W[W, 1= 0x00112000] [_,0x23308093]  317     PC=(0x80000424,0x80000420,0x8000041c) [23, 19, 55], WB: DASM(001120b7)
Cyc=       332 Op1=[0x80002000] Op2=[0x00000000] W[W, 1= 0x00112233] [_,0x00112023]  318     PC=(0x80000428,0x80000424,0x80000420) [03, 35, 19], WB: DASM(23308093)
Cyc=       333 Op1=[0x80002000] Op2=[0x00000000] W[_, 0= 0x80002000] [_,0x00012f03]  319     PC=(0x8000042c,0x80000428,0x80000424) [37,  3, 35], WB: DASM(00112023)
Cyc=       334 Op1=[0x00112000] Op2=[0x00112233] W[W,30= 0x00112233] [_,0x00112eb7]  320     PC=(0x80000430,0x8000042c,0x80000428) [13, 55,  3], WB: DASM(00012f03)
Cyc=       335 Op1=[0x00112000] Op2=[0x00000233] W[W,29= 0x00112000] [_,0x233e8e93]  321     PC=(0x80000434,0x80000430,0x8000042c) [63, 19, 55], WB: DASM(00112eb7)
Cyc=       336 Op1=[0x00112233] Op2=[0x00112233] W[W,29= 0x00112233] [_,0x15df1663]  322     PC=(0x80000438,0x80000434,0x80000430) [13, 99, 19], WB: DASM(233e8e93)
Cyc=       337 Op1=[0x00000000] Op2=[0x00000001] W[_,12= 0x00224466] [_,0x00120213]  323     PC=(0x8000043c,0x80000438,0x80000434) [13, 19, 99], WB: DASM(15df1663)
Cyc=       338 Op1=[0x00000000] Op2=[0x00000002] W[W, 4= 0x00000001] [_,0x00200293]  324     PC=(0x80000440,0x8000043c,0x80000438) [63, 19, 19], WB: DASM(00120213)
Cyc=       339 Op1=[0x00000001] Op2=[0x00000002] W[W, 5= 0x00000002] [_,0xfc521ae3]  325   B PC=(0x80000444,0x80000440,0x8000043c) [13, 99, 19], WB: DASM(00200293)
Cyc=       340 Op1=[0x00000000] Op2=[0x00000013] W[_,21= 0x00000003] [_,0x01300193]  326     PC=(0x80000414,0x80000444,0x80000440) [17, 51, 99], WB: DASM(fc521ae3)
Cyc=       341 Op1=[0x00002000] Op2=[0x80000414] W[_, 3= 0x00000013] [_,0x00002117]  327     PC=(0x80000418,0x80000414,0x80000444) [13, 23, 51], WB: DASM(00004033)
Cyc=       342 Op1=[0x80002414] Op2=[0xfffffbec] W[W, 2= 0x80002414] [_,0xbec10113]  327     PC=(0x8000041c,0x80000418,0x80000414) [37, 19, 23], WB: DASM(00002117)
Cyc=       343 Op1=[0x00112000] Op2=[0x00112233] W[W, 2= 0x80002000] [_,0x001120b7]  328     PC=(0x80000420,0x8000041c,0x80000418) [13, 55, 19], WB: DASM(bec10113)
Cyc=       344 Op1=[0x00112000] Op2=[0x00000233] W[W, 1= 0x00112000] [_,0x23308093]  329     PC=(0x80000424,0x80000420,0x8000041c) [23, 19, 55], WB: DASM(001120b7)
Cyc=       345 Op1=[0x80002000] Op2=[0x00000000] W[W, 1= 0x00112233] [_,0x00112023]  330     PC=(0x80000428,0x80000424,0x80000420) [03, 35, 19], WB: DASM(23308093)
Cyc=       346 Op1=[0x80002000] Op2=[0x00000000] W[_, 0= 0x80002000] [_,0x00012f03]  331     PC=(0x8000042c,0x80000428,0x80000424) [37,  3, 35], WB: DASM(00112023)
Cyc=       347 Op1=[0x00112000] Op2=[0x00112233] W[W,30= 0x00112233] [_,0x00112eb7]  332     PC=(0x80000430,0x8000042c,0x80000428) [13, 55,  3], WB: DASM(00012f03)
Cyc=       348 Op1=[0x00112000] Op2=[0x00000233] W[W,29= 0x00112000] [_,0x233e8e93]  333     PC=(0x80000434,0x80000430,0x8000042c) [63, 19, 55], WB: DASM(00112eb7)
Cyc=       349 Op1=[0x00112233] Op2=[0x00112233] W[W,29= 0x00112233] [_,0x15df1663]  334     PC=(0x80000438,0x80000434,0x80000430) [13, 99, 19], WB: DASM(233e8e93)
Cyc=       350 Op1=[0x00000001] Op2=[0x00000001] W[_,12= 0x00224466] [_,0x00120213]  335     PC=(0x8000043c,0x80000438,0x80000434) [13, 19, 99], WB: DASM(15df1663)
Cyc=       351 Op1=[0x00000000] Op2=[0x00000002] W[W, 4= 0x00000002] [_,0x00200293]  336     PC=(0x80000440,0x8000043c,0x80000438) [63, 19, 19], WB: DASM(00120213)
Cyc=       352 Op1=[0x00000002] Op2=[0x00000002] W[W, 5= 0x00000002] [_,0xfc521ae3]  337     PC=(0x80000444,0x80000440,0x8000043c) [13, 99, 19], WB: DASM(00200293)
Cyc=       353 Op1=[0x00000000] Op2=[0x00000013] W[_,21= 0x00000004] [_,0x01300193]  338     PC=(0x80000448,0x80000444,0x80000440) [13, 19, 99], WB: DASM(fc521ae3)
Cyc=       354 Op1=[0x00000000] Op2=[0x00000000] W[W, 3= 0x00000013] [_,0x00000213]  339     PC=(0x8000044c,0x80000448,0x80000444) [17, 19, 19], WB: DASM(01300193)
Cyc=       355 Op1=[0x00002000] Op2=[0x8000044c] W[W, 4= 0x00000000] [_,0x00002117]  340     PC=(0x80000450,0x8000044c,0x80000448) [13, 23, 19], WB: DASM(00000213)
Cyc=       356 Op1=[0x8000244c] Op2=[0xfffffbb4] W[W, 2= 0x8000244c] [_,0xbb410113]  341     PC=(0x80000454,0x80000450,0x8000044c) [37, 19, 23], WB: DASM(00002117)
Cyc=       357 Op1=[0x30011000] Op2=[0x00000000] W[W, 2= 0x80002000] [_,0x300110b7]  342     PC=(0x80000458,0x80000454,0x80000450) [13, 55, 19], WB: DASM(bb410113)
Cyc=       358 Op1=[0x30011000] Op2=[0x00000223] W[W, 1= 0x30011000] [_,0x22308093]  343     PC=(0x8000045c,0x80000458,0x80000454) [13, 19, 55], WB: DASM(300110b7)
Cyc=       359 Op1=[0x00000000] Op2=[0x00000000] W[W, 1= 0x30011223] [_,0x00000013]  344     PC=(0x80000460,0x8000045c,0x80000458) [23, 19, 19], WB: DASM(22308093)
Cyc=       360 Op1=[0x80002000] Op2=[0x00000004] W[W, 0= 0x00000000] [_,0x00112223]  345     PC=(0x80000464,0x80000460,0x8000045c) [03, 35, 19], WB: DASM(00000013)
Cyc=       361 Op1=[0x80002000] Op2=[0x00000004] W[_, 4= 0x80002004] [_,0x00412f03]  346     PC=(0x80000468,0x80000464,0x80000460) [37,  3, 35], WB: DASM(00112223)
Cyc=       362 Op1=[0x30011000] Op2=[0x00000000] W[W,30= 0x30011223] [_,0x30011eb7]  347     PC=(0x8000046c,0x80000468,0x80000464) [13, 55,  3], WB: DASM(00412f03)
Cyc=       363 Op1=[0x30011000] Op2=[0x00000223] W[W,29= 0x30011000] [_,0x223e8e93]  348     PC=(0x80000470,0x8000046c,0x80000468) [63, 19, 55], WB: DASM(30011eb7)
Cyc=       364 Op1=[0x30011223] Op2=[0x30011223] W[W,29= 0x30011223] [_,0x11df1863]  349     PC=(0x80000474,0x80000470,0x8000046c) [13, 99, 19], WB: DASM(223e8e93)
Cyc=       365 Op1=[0x00000000] Op2=[0x00000001] W[_,16= 0x60022446] [_,0x00120213]  350     PC=(0x80000478,0x80000474,0x80000470) [13, 19, 99], WB: DASM(11df1863)
Cyc=       366 Op1=[0x00000000] Op2=[0x00000002] W[W, 4= 0x00000001] [_,0x00200293]  351     PC=(0x8000047c,0x80000478,0x80000474) [63, 19, 19], WB: DASM(00120213)
Cyc=       367 Op1=[0x00000001] Op2=[0x00000002] W[W, 5= 0x00000002] [_,0xfc5218e3]  352   B PC=(0x80000480,0x8000047c,0x80000478) [13, 99, 19], WB: DASM(00200293)
Cyc=       368 Op1=[0x00000000] Op2=[0x00000014] W[_,17= 0x00000003] [_,0x01400193]  353     PC=(0x8000044c,0x80000480,0x8000047c) [17, 51, 99], WB: DASM(fc5218e3)
Cyc=       369 Op1=[0x00002000] Op2=[0x8000044c] W[_, 3= 0x00000014] [_,0x00002117]  354     PC=(0x80000450,0x8000044c,0x80000480) [13, 23, 51], WB: DASM(00004033)
Cyc=       370 Op1=[0x8000244c] Op2=[0xfffffbb4] W[W, 2= 0x8000244c] [_,0xbb410113]  354     PC=(0x80000454,0x80000450,0x8000044c) [37, 19, 23], WB: DASM(00002117)
Cyc=       371 Op1=[0x30011000] Op2=[0x00000000] W[W, 2= 0x80002000] [_,0x300110b7]  355     PC=(0x80000458,0x80000454,0x80000450) [13, 55, 19], WB: DASM(bb410113)
Cyc=       372 Op1=[0x30011000] Op2=[0x00000223] W[W, 1= 0x30011000] [_,0x22308093]  356     PC=(0x8000045c,0x80000458,0x80000454) [13, 19, 55], WB: DASM(300110b7)
Cyc=       373 Op1=[0x00000000] Op2=[0x00000000] W[W, 1= 0x30011223] [_,0x00000013]  357     PC=(0x80000460,0x8000045c,0x80000458) [23, 19, 19], WB: DASM(22308093)
Cyc=       374 Op1=[0x80002000] Op2=[0x00000004] W[W, 0= 0x00000000] [_,0x00112223]  358     PC=(0x80000464,0x80000460,0x8000045c) [03, 35, 19], WB: DASM(00000013)
Cyc=       375 Op1=[0x80002000] Op2=[0x00000004] W[_, 4= 0x80002004] [_,0x00412f03]  359     PC=(0x80000468,0x80000464,0x80000460) [37,  3, 35], WB: DASM(00112223)
Cyc=       376 Op1=[0x30011000] Op2=[0x00000000] W[W,30= 0x30011223] [_,0x30011eb7]  360     PC=(0x8000046c,0x80000468,0x80000464) [13, 55,  3], WB: DASM(00412f03)
Cyc=       377 Op1=[0x30011000] Op2=[0x00000223] W[W,29= 0x30011000] [_,0x223e8e93]  361     PC=(0x80000470,0x8000046c,0x80000468) [63, 19, 55], WB: DASM(30011eb7)
Cyc=       378 Op1=[0x30011223] Op2=[0x30011223] W[W,29= 0x30011223] [_,0x11df1863]  362     PC=(0x80000474,0x80000470,0x8000046c) [13, 99, 19], WB: DASM(223e8e93)
Cyc=       379 Op1=[0x00000001] Op2=[0x00000001] W[_,16= 0x60022446] [_,0x00120213]  363     PC=(0x80000478,0x80000474,0x80000470) [13, 19, 99], WB: DASM(11df1863)
Cyc=       380 Op1=[0x00000000] Op2=[0x00000002] W[W, 4= 0x00000002] [_,0x00200293]  364     PC=(0x8000047c,0x80000478,0x80000474) [63, 19, 19], WB: DASM(00120213)
Cyc=       381 Op1=[0x00000002] Op2=[0x00000002] W[W, 5= 0x00000002] [_,0xfc5218e3]  365     PC=(0x80000480,0x8000047c,0x80000478) [13, 99, 19], WB: DASM(00200293)
Cyc=       382 Op1=[0x00000000] Op2=[0x00000014] W[_,17= 0x00000004] [_,0x01400193]  366     PC=(0x80000484,0x80000480,0x8000047c) [13, 19, 99], WB: DASM(fc5218e3)
Cyc=       383 Op1=[0x00000000] Op2=[0x00000000] W[W, 3= 0x00000014] [_,0x00000213]  367     PC=(0x80000488,0x80000484,0x80000480) [17, 19, 19], WB: DASM(01400193)
Cyc=       384 Op1=[0x00002000] Op2=[0x80000488] W[W, 4= 0x00000000] [_,0x00002117]  368     PC=(0x8000048c,0x80000488,0x80000484) [13, 23, 19], WB: DASM(00000213)
Cyc=       385 Op1=[0x80002488] Op2=[0xfffffb78] W[W, 2= 0x80002488] [_,0xb7810113]  369     PC=(0x80000490,0x8000048c,0x80000488) [37, 19, 23], WB: DASM(00002117)
Cyc=       386 Op1=[0x33001000] Op2=[0x00000000] W[W, 2= 0x80002000] [_,0x330010b7]  370     PC=(0x80000494,0x80000490,0x8000048c) [13, 55, 19], WB: DASM(b7810113)
Cyc=       387 Op1=[0x33001000] Op2=[0x00000122] W[W, 1= 0x33001000] [_,0x12208093]  371     PC=(0x80000498,0x80000494,0x80000490) [13, 19, 55], WB: DASM(330010b7)
Cyc=       388 Op1=[0x00000000] Op2=[0x00000000] W[W, 1= 0x33001122] [_,0x00000013]  372     PC=(0x8000049c,0x80000498,0x80000494) [13, 19, 19], WB: DASM(12208093)
Cyc=       389 Op1=[0x00000000] Op2=[0x00000000] W[W, 0= 0x00000000] [_,0x00000013]  373     PC=(0x800004a0,0x8000049c,0x80000498) [23, 19, 19], WB: DASM(00000013)
Cyc=       390 Op1=[0x80002000] Op2=[0x00000008] W[W, 0= 0x00000000] [_,0x00112423]  374     PC=(0x800004a4,0x800004a0,0x8000049c) [03, 35, 19], WB: DASM(00000013)
Cyc=       391 Op1=[0x80002000] Op2=[0x00000008] W[_, 8= 0x80002008] [_,0x00812f03]  375     PC=(0x800004a8,0x800004a4,0x800004a0) [37,  3, 35], WB: DASM(00112423)
Cyc=       392 Op1=[0x33001000] Op2=[0x00000000] W[W,30= 0x33001122] [_,0x33001eb7]  376     PC=(0x800004ac,0x800004a8,0x800004a4) [13, 55,  3], WB: DASM(00812f03)
Cyc=       393 Op1=[0x33001000] Op2=[0x00000122] W[W,29= 0x33001000] [_,0x122e8e93]  377     PC=(0x800004b0,0x800004ac,0x800004a8) [63, 19, 55], WB: DASM(33001eb7)
Cyc=       394 Op1=[0x33001122] Op2=[0x33001122] W[W,29= 0x33001122] [_,0x0ddf1863]  378     PC=(0x800004b4,0x800004b0,0x800004ac) [13, 99, 19], WB: DASM(122e8e93)
Cyc=       395 Op1=[0x00000000] Op2=[0x00000001] W[_,16= 0x66002244] [_,0x00120213]  379     PC=(0x800004b8,0x800004b4,0x800004b0) [13, 19, 99], WB: DASM(0ddf1863)
Cyc=       396 Op1=[0x00000000] Op2=[0x00000002] W[W, 4= 0x00000001] [_,0x00200293]  380     PC=(0x800004bc,0x800004b8,0x800004b4) [63, 19, 19], WB: DASM(00120213)
Cyc=       397 Op1=[0x00000001] Op2=[0x00000002] W[W, 5= 0x00000002] [_,0xfc5216e3]  381   B PC=(0x800004c0,0x800004bc,0x800004b8) [13, 99, 19], WB: DASM(00200293)
Cyc=       398 Op1=[0x00000000] Op2=[0x00000015] W[_,13= 0x00000003] [_,0x01500193]  382     PC=(0x80000488,0x800004c0,0x800004bc) [17, 51, 99], WB: DASM(fc5216e3)
Cyc=       399 Op1=[0x00002000] Op2=[0x80000488] W[_, 3= 0x00000015] [_,0x00002117]  383     PC=(0x8000048c,0x80000488,0x800004c0) [13, 23, 51], WB: DASM(00004033)
Cyc=       400 Op1=[0x80002488] Op2=[0xfffffb78] W[W, 2= 0x80002488] [_,0xb7810113]  383     PC=(0x80000490,0x8000048c,0x80000488) [37, 19, 23], WB: DASM(00002117)
Cyc=       401 Op1=[0x33001000] Op2=[0x00000000] W[W, 2= 0x80002000] [_,0x330010b7]  384     PC=(0x80000494,0x80000490,0x8000048c) [13, 55, 19], WB: DASM(b7810113)
Cyc=       402 Op1=[0x33001000] Op2=[0x00000122] W[W, 1= 0x33001000] [_,0x12208093]  385     PC=(0x80000498,0x80000494,0x80000490) [13, 19, 55], WB: DASM(330010b7)
Cyc=       403 Op1=[0x00000000] Op2=[0x00000000] W[W, 1= 0x33001122] [_,0x00000013]  386     PC=(0x8000049c,0x80000498,0x80000494) [13, 19, 19], WB: DASM(12208093)
Cyc=       404 Op1=[0x00000000] Op2=[0x00000000] W[W, 0= 0x00000000] [_,0x00000013]  387     PC=(0x800004a0,0x8000049c,0x80000498) [23, 19, 19], WB: DASM(00000013)
Cyc=       405 Op1=[0x80002000] Op2=[0x00000008] W[W, 0= 0x00000000] [_,0x00112423]  388     PC=(0x800004a4,0x800004a0,0x8000049c) [03, 35, 19], WB: DASM(00000013)
Cyc=       406 Op1=[0x80002000] Op2=[0x00000008] W[_, 8= 0x80002008] [_,0x00812f03]  389     PC=(0x800004a8,0x800004a4,0x800004a0) [37,  3, 35], WB: DASM(00112423)
Cyc=       407 Op1=[0x33001000] Op2=[0x00000000] W[W,30= 0x33001122] [_,0x33001eb7]  390     PC=(0x800004ac,0x800004a8,0x800004a4) [13, 55,  3], WB: DASM(00812f03)
Cyc=       408 Op1=[0x33001000] Op2=[0x00000122] W[W,29= 0x33001000] [_,0x122e8e93]  391     PC=(0x800004b0,0x800004ac,0x800004a8) [63, 19, 55], WB: DASM(33001eb7)
Cyc=       409 Op1=[0x33001122] Op2=[0x33001122] W[W,29= 0x33001122] [_,0x0ddf1863]  392     PC=(0x800004b4,0x800004b0,0x800004ac) [13, 99, 19], WB: DASM(122e8e93)
Cyc=       410 Op1=[0x00000001] Op2=[0x00000001] W[_,16= 0x66002244] [_,0x00120213]  393     PC=(0x800004b8,0x800004b4,0x800004b0) [13, 19, 99], WB: DASM(0ddf1863)
Cyc=       411 Op1=[0x00000000] Op2=[0x00000002] W[W, 4= 0x00000002] [_,0x00200293]  394     PC=(0x800004bc,0x800004b8,0x800004b4) [63, 19, 19], WB: DASM(00120213)
Cyc=       412 Op1=[0x00000002] Op2=[0x00000002] W[W, 5= 0x00000002] [_,0xfc5216e3]  395     PC=(0x800004c0,0x800004bc,0x800004b8) [13, 99, 19], WB: DASM(00200293)
Cyc=       413 Op1=[0x00000000] Op2=[0x00000015] W[_,13= 0x00000004] [_,0x01500193]  396     PC=(0x800004c4,0x800004c0,0x800004bc) [13, 19, 99], WB: DASM(fc5216e3)
Cyc=       414 Op1=[0x00000000] Op2=[0x00000000] W[W, 3= 0x00000015] [_,0x00000213]  397     PC=(0x800004c8,0x800004c4,0x800004c0) [17, 19, 19], WB: DASM(01500193)
Cyc=       415 Op1=[0x00002000] Op2=[0x800004c8] W[W, 4= 0x00000000] [_,0x00002117]  398     PC=(0x800004cc,0x800004c8,0x800004c4) [13, 23, 19], WB: DASM(00000213)
Cyc=       416 Op1=[0x800024c8] Op2=[0xfffffb38] W[W, 2= 0x800024c8] [_,0xb3810113]  399     PC=(0x800004d0,0x800004cc,0x800004c8) [13, 19, 23], WB: DASM(00002117)
Cyc=       417 Op1=[0x00000000] Op2=[0x00000000] W[W, 2= 0x80002000] [_,0x00000013]  400     PC=(0x800004d4,0x800004d0,0x800004cc) [37, 19, 19], WB: DASM(b3810113)
Cyc=       418 Op1=[0x23300000] Op2=[0x00000000] W[W, 0= 0x00000000] [_,0x233000b7]  401     PC=(0x800004d8,0x800004d4,0x800004d0) [13, 55, 19], WB: DASM(00000013)
Cyc=       419 Op1=[0x23300000] Op2=[0x00000112] W[W, 1= 0x23300000] [_,0x11208093]  402     PC=(0x800004dc,0x800004d8,0x800004d4) [23, 19, 55], WB: DASM(233000b7)
Cyc=       420 Op1=[0x80002000] Op2=[0x0000000c] W[W, 1= 0x23300112] [_,0x00112623]  403     PC=(0x800004e0,0x800004dc,0x800004d8) [03, 35, 19], WB: DASM(11208093)
Cyc=       421 Op1=[0x80002000] Op2=[0x0000000c] W[_,12= 0x8000200c] [_,0x00c12f03]  404     PC=(0x800004e4,0x800004e0,0x800004dc) [37,  3, 35], WB: DASM(00112623)
Cyc=       422 Op1=[0x23300000] Op2=[0x00000000] W[W,30= 0x23300112] [_,0x23300eb7]  405     PC=(0x800004e8,0x800004e4,0x800004e0) [13, 55,  3], WB: DASM(00c12f03)
Cyc=       423 Op1=[0x23300000] Op2=[0x00000112] W[W,29= 0x23300000] [_,0x112e8e93]  406     PC=(0x800004ec,0x800004e8,0x800004e4) [63, 19, 55], WB: DASM(23300eb7)
Cyc=       424 Op1=[0x23300112] Op2=[0x23300112] W[W,29= 0x23300112] [_,0x09df1a63]  407     PC=(0x800004f0,0x800004ec,0x800004e8) [13, 99, 19], WB: DASM(112e8e93)
Cyc=       425 Op1=[0x00000000] Op2=[0x00000001] W[_,20= 0x46600224] [_,0x00120213]  408     PC=(0x800004f4,0x800004f0,0x800004ec) [13, 19, 99], WB: DASM(09df1a63)
Cyc=       426 Op1=[0x00000000] Op2=[0x00000002] W[W, 4= 0x00000001] [_,0x00200293]  409     PC=(0x800004f8,0x800004f4,0x800004f0) [63, 19, 19], WB: DASM(00120213)
Cyc=       427 Op1=[0x00000001] Op2=[0x00000002] W[W, 5= 0x00000002] [_,0xfc5218e3]  410   B PC=(0x800004fc,0x800004f8,0x800004f4) [13, 99, 19], WB: DASM(00200293)
Cyc=       428 Op1=[0x00000000] Op2=[0x00000016] W[_,17= 0x00000003] [_,0x01600193]  411     PC=(0x800004c8,0x800004fc,0x800004f8) [17, 51, 99], WB: DASM(fc5218e3)
Cyc=       429 Op1=[0x00002000] Op2=[0x800004c8] W[_, 3= 0x00000016] [_,0x00002117]  412     PC=(0x800004cc,0x800004c8,0x800004fc) [13, 23, 51], WB: DASM(00004033)
Cyc=       430 Op1=[0x800024c8] Op2=[0xfffffb38] W[W, 2= 0x800024c8] [_,0xb3810113]  412     PC=(0x800004d0,0x800004cc,0x800004c8) [13, 19, 23], WB: DASM(00002117)
Cyc=       431 Op1=[0x00000000] Op2=[0x00000000] W[W, 2= 0x80002000] [_,0x00000013]  413     PC=(0x800004d4,0x800004d0,0x800004cc) [37, 19, 19], WB: DASM(b3810113)
Cyc=       432 Op1=[0x23300000] Op2=[0x00000000] W[W, 0= 0x00000000] [_,0x233000b7]  414     PC=(0x800004d8,0x800004d4,0x800004d0) [13, 55, 19], WB: DASM(00000013)
Cyc=       433 Op1=[0x23300000] Op2=[0x00000112] W[W, 1= 0x23300000] [_,0x11208093]  415     PC=(0x800004dc,0x800004d8,0x800004d4) [23, 19, 55], WB: DASM(233000b7)
Cyc=       434 Op1=[0x80002000] Op2=[0x0000000c] W[W, 1= 0x23300112] [_,0x00112623]  416     PC=(0x800004e0,0x800004dc,0x800004d8) [03, 35, 19], WB: DASM(11208093)
Cyc=       435 Op1=[0x80002000] Op2=[0x0000000c] W[_,12= 0x8000200c] [_,0x00c12f03]  417     PC=(0x800004e4,0x800004e0,0x800004dc) [37,  3, 35], WB: DASM(00112623)
Cyc=       436 Op1=[0x23300000] Op2=[0x00000000] W[W,30= 0x23300112] [_,0x23300eb7]  418     PC=(0x800004e8,0x800004e4,0x800004e0) [13, 55,  3], WB: DASM(00c12f03)
Cyc=       437 Op1=[0x23300000] Op2=[0x00000112] W[W,29= 0x23300000] [_,0x112e8e93]  419     PC=(0x800004ec,0x800004e8,0x800004e4) [63, 19, 55], WB: DASM(23300eb7)
Cyc=       438 Op1=[0x23300112] Op2=[0x23300112] W[W,29= 0x23300112] [_,0x09df1a63]  420     PC=(0x800004f0,0x800004ec,0x800004e8) [13, 99, 19], WB: DASM(112e8e93)
Cyc=       439 Op1=[0x00000001] Op2=[0x00000001] W[_,20= 0x46600224] [_,0x00120213]  421     PC=(0x800004f4,0x800004f0,0x800004ec) [13, 19, 99], WB: DASM(09df1a63)
Cyc=       440 Op1=[0x00000000] Op2=[0x00000002] W[W, 4= 0x00000002] [_,0x00200293]  422     PC=(0x800004f8,0x800004f4,0x800004f0) [63, 19, 19], WB: DASM(00120213)
Cyc=       441 Op1=[0x00000002] Op2=[0x00000002] W[W, 5= 0x00000002] [_,0xfc5218e3]  423     PC=(0x800004fc,0x800004f8,0x800004f4) [13, 99, 19], WB: DASM(00200293)
Cyc=       442 Op1=[0x00000000] Op2=[0x00000016] W[_,17= 0x00000004] [_,0x01600193]  424     PC=(0x80000500,0x800004fc,0x800004f8) [13, 19, 99], WB: DASM(fc5218e3)
Cyc=       443 Op1=[0x00000000] Op2=[0x00000000] W[W, 3= 0x00000016] [_,0x00000213]  425     PC=(0x80000504,0x80000500,0x800004fc) [17, 19, 19], WB: DASM(01600193)
Cyc=       444 Op1=[0x00002000] Op2=[0x80000504] W[W, 4= 0x00000000] [_,0x00002117]  426     PC=(0x80000508,0x80000504,0x80000500) [13, 23, 19], WB: DASM(00000213)
Cyc=       445 Op1=[0x80002504] Op2=[0xfffffafc] W[W, 2= 0x80002504] [_,0xafc10113]  427     PC=(0x8000050c,0x80000508,0x80000504) [13, 19, 23], WB: DASM(00002117)
Cyc=       446 Op1=[0x00000000] Op2=[0x00000000] W[W, 2= 0x80002000] [_,0x00000013]  428     PC=(0x80000510,0x8000050c,0x80000508) [37, 19, 19], WB: DASM(afc10113)
Cyc=       447 Op1=[0x22330000] Op2=[0x00000016] W[W, 0= 0x00000000] [_,0x223300b7]  429     PC=(0x80000514,0x80000510,0x8000050c) [13, 55, 19], WB: DASM(00000013)
Cyc=       448 Op1=[0x22330000] Op2=[0x00000011] W[W, 1= 0x22330000] [_,0x01108093]  430     PC=(0x80000518,0x80000514,0x80000510) [13, 19, 55], WB: DASM(223300b7)
Cyc=       449 Op1=[0x00000000] Op2=[0x00000000] W[W, 1= 0x22330011] [_,0x00000013]  431     PC=(0x8000051c,0x80000518,0x80000514) [23, 19, 19], WB: DASM(01108093)
Cyc=       450 Op1=[0x80002000] Op2=[0x00000010] W[W, 0= 0x00000000] [_,0x00112823]  432     PC=(0x80000520,0x8000051c,0x80000518) [03, 35, 19], WB: DASM(00000013)
Cyc=       451 Op1=[0x80002000] Op2=[0x00000010] W[_,16= 0x80002010] [_,0x01012f03]  433     PC=(0x80000524,0x80000520,0x8000051c) [37,  3, 35], WB: DASM(00112823)
Cyc=       452 Op1=[0x22330000] Op2=[0x00000016] W[W,30= 0x22330011] [_,0x22330eb7]  434     PC=(0x80000528,0x80000524,0x80000520) [13, 55,  3], WB: DASM(01012f03)
Cyc=       453 Op1=[0x22330000] Op2=[0x00000011] W[W,29= 0x22330000] [_,0x011e8e93]  435     PC=(0x8000052c,0x80000528,0x80000524) [63, 19, 55], WB: DASM(22330eb7)
Cyc=       454 Op1=[0x22330011] Op2=[0x22330011] W[W,29= 0x22330011] [_,0x05df1a63]  436     PC=(0x80000530,0x8000052c,0x80000528) [13, 99, 19], WB: DASM(011e8e93)
Cyc=       455 Op1=[0x00000000] Op2=[0x00000001] W[_,20= 0x44660022] [_,0x00120213]  437     PC=(0x80000534,0x80000530,0x8000052c) [13, 19, 99], WB: DASM(05df1a63)
Cyc=       456 Op1=[0x00000000] Op2=[0x00000002] W[W, 4= 0x00000001] [_,0x00200293]  438     PC=(0x80000538,0x80000534,0x80000530) [63, 19, 19], WB: DASM(00120213)
Cyc=       457 Op1=[0x00000001] Op2=[0x00000002] W[W, 5= 0x00000002] [_,0xfc5216e3]  439   B PC=(0x8000053c,0x80000538,0x80000534) [13, 99, 19], WB: DASM(00200293)
Cyc=       458 Op1=[0x00000000] Op2=[0x00000017] W[_,13= 0x00000003] [_,0x01700193]  440     PC=(0x80000504,0x8000053c,0x80000538) [17, 51, 99], WB: DASM(fc5216e3)
Cyc=       459 Op1=[0x00002000] Op2=[0x80000504] W[_, 3= 0x00000017] [_,0x00002117]  441     PC=(0x80000508,0x80000504,0x8000053c) [13, 23, 51], WB: DASM(00004033)
Cyc=       460 Op1=[0x80002504] Op2=[0xfffffafc] W[W, 2= 0x80002504] [_,0xafc10113]  441     PC=(0x8000050c,0x80000508,0x80000504) [13, 19, 23], WB: DASM(00002117)
Cyc=       461 Op1=[0x00000000] Op2=[0x00000000] W[W, 2= 0x80002000] [_,0x00000013]  442     PC=(0x80000510,0x8000050c,0x80000508) [37, 19, 19], WB: DASM(afc10113)
Cyc=       462 Op1=[0x22330000] Op2=[0x00000016] W[W, 0= 0x00000000] [_,0x223300b7]  443     PC=(0x80000514,0x80000510,0x8000050c) [13, 55, 19], WB: DASM(00000013)
Cyc=       463 Op1=[0x22330000] Op2=[0x00000011] W[W, 1= 0x22330000] [_,0x01108093]  444     PC=(0x80000518,0x80000514,0x80000510) [13, 19, 55], WB: DASM(223300b7)
Cyc=       464 Op1=[0x00000000] Op2=[0x00000000] W[W, 1= 0x22330011] [_,0x00000013]  445     PC=(0x8000051c,0x80000518,0x80000514) [23, 19, 19], WB: DASM(01108093)
Cyc=       465 Op1=[0x80002000] Op2=[0x00000010] W[W, 0= 0x00000000] [_,0x00112823]  446     PC=(0x80000520,0x8000051c,0x80000518) [03, 35, 19], WB: DASM(00000013)
Cyc=       466 Op1=[0x80002000] Op2=[0x00000010] W[_,16= 0x80002010] [_,0x01012f03]  447     PC=(0x80000524,0x80000520,0x8000051c) [37,  3, 35], WB: DASM(00112823)
Cyc=       467 Op1=[0x22330000] Op2=[0x00000016] W[W,30= 0x22330011] [_,0x22330eb7]  448     PC=(0x80000528,0x80000524,0x80000520) [13, 55,  3], WB: DASM(01012f03)
Cyc=       468 Op1=[0x22330000] Op2=[0x00000011] W[W,29= 0x22330000] [_,0x011e8e93]  449     PC=(0x8000052c,0x80000528,0x80000524) [63, 19, 55], WB: DASM(22330eb7)
Cyc=       469 Op1=[0x22330011] Op2=[0x22330011] W[W,29= 0x22330011] [_,0x05df1a63]  450     PC=(0x80000530,0x8000052c,0x80000528) [13, 99, 19], WB: DASM(011e8e93)
Cyc=       470 Op1=[0x00000001] Op2=[0x00000001] W[_,20= 0x44660022] [_,0x00120213]  451     PC=(0x80000534,0x80000530,0x8000052c) [13, 19, 99], WB: DASM(05df1a63)
Cyc=       471 Op1=[0x00000000] Op2=[0x00000002] W[W, 4= 0x00000002] [_,0x00200293]  452     PC=(0x80000538,0x80000534,0x80000530) [63, 19, 19], WB: DASM(00120213)
Cyc=       472 Op1=[0x00000002] Op2=[0x00000002] W[W, 5= 0x00000002] [_,0xfc5216e3]  453     PC=(0x8000053c,0x80000538,0x80000534) [13, 99, 19], WB: DASM(00200293)
Cyc=       473 Op1=[0x00000000] Op2=[0x00000017] W[_,13= 0x00000004] [_,0x01700193]  454     PC=(0x80000540,0x8000053c,0x80000538) [13, 19, 99], WB: DASM(fc5216e3)
Cyc=       474 Op1=[0x00000000] Op2=[0x00000000] W[W, 3= 0x00000017] [_,0x00000213]  455     PC=(0x80000544,0x80000540,0x8000053c) [17, 19, 19], WB: DASM(01700193)
Cyc=       475 Op1=[0x00002000] Op2=[0x80000544] W[W, 4= 0x00000000] [_,0x00002117]  456     PC=(0x80000548,0x80000544,0x80000540) [13, 23, 19], WB: DASM(00000213)
Cyc=       476 Op1=[0x80002544] Op2=[0xfffffabc] W[W, 2= 0x80002544] [_,0xabc10113]  457     PC=(0x8000054c,0x80000548,0x80000544) [13, 19, 23], WB: DASM(00002117)
Cyc=       477 Op1=[0x00000000] Op2=[0x00000000] W[W, 2= 0x80002000] [_,0x00000013]  458     PC=(0x80000550,0x8000054c,0x80000548) [13, 19, 19], WB: DASM(abc10113)
Cyc=       478 Op1=[0x00000000] Op2=[0x00000000] W[W, 0= 0x00000000] [_,0x00000013]  459     PC=(0x80000554,0x80000550,0x8000054c) [37, 19, 19], WB: DASM(00000013)
Cyc=       479 Op1=[0x12233000] Op2=[0x80002000] W[W, 0= 0x00000000] [_,0x122330b7]  460     PC=(0x80000558,0x80000554,0x80000550) [13, 55, 19], WB: DASM(00000013)
Cyc=       480 Op1=[0x12233000] Op2=[0x00000001] W[W, 1= 0x12233000] [_,0x00108093]  461     PC=(0x8000055c,0x80000558,0x80000554) [23, 19, 55], WB: DASM(122330b7)
Cyc=       481 Op1=[0x80002000] Op2=[0x00000014] W[W, 1= 0x12233001] [_,0x00112a23]  462     PC=(0x80000560,0x8000055c,0x80000558) [03, 35, 19], WB: DASM(00108093)
Cyc=       482 Op1=[0x80002000] Op2=[0x00000014] W[_,20= 0x80002014] [_,0x01412f03]  463     PC=(0x80000564,0x80000560,0x8000055c) [37,  3, 35], WB: DASM(00112a23)
Cyc=       483 Op1=[0x12233000] Op2=[0x80002000] W[W,30= 0x12233001] [_,0x12233eb7]  464     PC=(0x80000568,0x80000564,0x80000560) [13, 55,  3], WB: DASM(01412f03)
Cyc=       484 Op1=[0x12233000] Op2=[0x00000001] W[W,29= 0x12233000] [_,0x001e8e93]  465     PC=(0x8000056c,0x80000568,0x80000564) [63, 19, 55], WB: DASM(12233eb7)
Cyc=       485 Op1=[0x12233001] Op2=[0x12233001] W[W,29= 0x12233001] [_,0x01df1a63]  466     PC=(0x80000570,0x8000056c,0x80000568) [13, 99, 19], WB: DASM(001e8e93)
Cyc=       486 Op1=[0x00000000] Op2=[0x00000001] W[_,20= 0x24466002] [_,0x00120213]  467     PC=(0x80000574,0x80000570,0x8000056c) [13, 19, 99], WB: DASM(01df1a63)
Cyc=       487 Op1=[0x00000000] Op2=[0x00000002] W[W, 4= 0x00000001] [_,0x00200293]  468     PC=(0x80000578,0x80000574,0x80000570) [63, 19, 19], WB: DASM(00120213)
Cyc=       488 Op1=[0x00000001] Op2=[0x00000002] W[W, 5= 0x00000002] [_,0xfc5216e3]  469   B PC=(0x8000057c,0x80000578,0x80000574) [63, 99, 19], WB: DASM(00200293)
Cyc=       489 Op1=[0x00000000] Op2=[0x00000017] W[_,13= 0x00000003] [_,0x00301c63]  470   B PC=(0x80000544,0x8000057c,0x80000578) [17, 51, 99], WB: DASM(fc5216e3)
Cyc=       490 Op1=[0x00002000] Op2=[0x80000544] W[_,24= 0x00000017] [_,0x00002117]  471     PC=(0x80000548,0x80000544,0x8000057c) [13, 23, 51], WB: DASM(00004033)
Cyc=       491 Op1=[0x80002544] Op2=[0xfffffabc] W[W, 2= 0x80002544] [_,0xabc10113]  471     PC=(0x8000054c,0x80000548,0x80000544) [13, 19, 23], WB: DASM(00002117)
Cyc=       492 Op1=[0x00000000] Op2=[0x00000000] W[W, 2= 0x80002000] [_,0x00000013]  472     PC=(0x80000550,0x8000054c,0x80000548) [13, 19, 19], WB: DASM(abc10113)
Cyc=       493 Op1=[0x00000000] Op2=[0x00000000] W[W, 0= 0x00000000] [_,0x00000013]  473     PC=(0x80000554,0x80000550,0x8000054c) [37, 19, 19], WB: DASM(00000013)
Cyc=       494 Op1=[0x12233000] Op2=[0x80002000] W[W, 0= 0x00000000] [_,0x122330b7]  474     PC=(0x80000558,0x80000554,0x80000550) [13, 55, 19], WB: DASM(00000013)
Cyc=       495 Op1=[0x12233000] Op2=[0x00000001] W[W, 1= 0x12233000] [_,0x00108093]  475     PC=(0x8000055c,0x80000558,0x80000554) [23, 19, 55], WB: DASM(122330b7)
Cyc=       496 Op1=[0x80002000] Op2=[0x00000014] W[W, 1= 0x12233001] [_,0x00112a23]  476     PC=(0x80000560,0x8000055c,0x80000558) [03, 35, 19], WB: DASM(00108093)
Cyc=       497 Op1=[0x80002000] Op2=[0x00000014] W[_,20= 0x80002014] [_,0x01412f03]  477     PC=(0x80000564,0x80000560,0x8000055c) [37,  3, 35], WB: DASM(00112a23)
Cyc=       498 Op1=[0x12233000] Op2=[0x80002000] W[W,30= 0x12233001] [_,0x12233eb7]  478     PC=(0x80000568,0x80000564,0x80000560) [13, 55,  3], WB: DASM(01412f03)
Cyc=       499 Op1=[0x12233000] Op2=[0x00000001] W[W,29= 0x12233000] [_,0x001e8e93]  479     PC=(0x8000056c,0x80000568,0x80000564) [63, 19, 55], WB: DASM(12233eb7)
Cyc=       500 Op1=[0x12233001] Op2=[0x12233001] W[W,29= 0x12233001] [_,0x01df1a63]  480     PC=(0x80000570,0x8000056c,0x80000568) [13, 99, 19], WB: DASM(001e8e93)
Cyc=       501 Op1=[0x00000001] Op2=[0x00000001] W[_,20= 0x24466002] [_,0x00120213]  481     PC=(0x80000574,0x80000570,0x8000056c) [13, 19, 99], WB: DASM(01df1a63)
Cyc=       502 Op1=[0x00000000] Op2=[0x00000002] W[W, 4= 0x00000002] [_,0x00200293]  482     PC=(0x80000578,0x80000574,0x80000570) [63, 19, 19], WB: DASM(00120213)
Cyc=       503 Op1=[0x00000002] Op2=[0x00000002] W[W, 5= 0x00000002] [_,0xfc5216e3]  483     PC=(0x8000057c,0x80000578,0x80000574) [63, 99, 19], WB: DASM(00200293)
Cyc=       504 Op1=[0x00000000] Op2=[0x00000017] W[_,13= 0x00000004] [_,0x00301c63]  484   B PC=(0x80000580,0x8000057c,0x80000578) [0f, 99, 99], WB: DASM(fc5216e3)
Cyc=       505 Op1=[0x00000000] Op2=[0x00000000] W[_,24= 0x00000017] [_,0x0ff0000f]  485     PC=(0x80000594,0x80000580,0x8000057c) [0f, 51, 99], WB: DASM(00301c63)
Cyc=       506 Op1=[0x00000000] Op2=[0x00000000] W[_, 0= 0x00000000] [_,0x0ff0000f]  486     PC=(0x80000598,0x80000594,0x80000580) [13, 15, 51], WB: DASM(00004033)
Cyc=       507 Op1=[0x00000000] Op2=[0x00000001] W[_, 0= 0x00000000] [_,0x00100193]  486     PC=(0x8000059c,0x80000598,0x80000594) [73, 19, 15], WB: DASM(0ff0000f)
Cyc=       508 Op1=[0x00000000] Op2=[0x00000000] W[W, 3= 0x00000001] [_,0x00000073]  487     PC=(0x800005a0,0x8000059c,0x80000598) [73,115, 19], WB: DASM(00100193)
Cyc=       509 Op1=[0x00000000] Op2=[0x00000000] W[_, 0= 0x00000000] [_,0xc0001073]  488   X PC=(0x800005a4,0x800005a0,0x8000059c) [00,115,115], WB: DASM(00000073)
Cyc=       510 Op1=[0x00000000] Op2=[0x00000000] W[_, 0= 0x00000000] [_,0x00000000]  489     PC=(0x80000004,0x800005a4,0x800005a0) [73, 51, 51], WB: DASM(00004033)
Cyc=       511 Op1=[0x00000000] Op2=[0x80002000] W[_, 0= 0x00000000] [_,0x34202f73]  490     PC=(0x80000008,0x80000004,0x800005a4) [13,115, 51], WB: DASM(00004033)
Cyc=       512 Op1=[0x00000000] Op2=[0x00000008] W[W,30= 0x0000000b] [_,0x00800f93]  490     PC=(0x8000000c,0x80000008,0x80000004) [63, 19,115], WB: DASM(34202f73)
Cyc=       513 Op1=[0x0000000b] Op2=[0x00000008] W[W,31= 0x00000008] [_,0x03ff0a63]  491     PC=(0x80000010,0x8000000c,0x80000008) [13, 99, 19], WB: DASM(00800f93)
Cyc=       514 Op1=[0x00000000] Op2=[0x00000009] W[_,20= 0x00000013] [_,0x00900f93]  492     PC=(0x80000014,0x80000010,0x8000000c) [63, 19, 99], WB: DASM(03ff0a63)
Cyc=       515 Op1=[0x0000000b] Op2=[0x00000009] W[W,31= 0x00000009] [_,0x03ff0663]  493     PC=(0x80000018,0x80000014,0x80000010) [13, 99, 19], WB: DASM(00900f93)
Cyc=       516 Op1=[0x00000000] Op2=[0x0000000b] W[_,12= 0x00000014] [_,0x00b00f93]  494     PC=(0x8000001c,0x80000018,0x80000014) [63, 19, 99], WB: DASM(03ff0663)
Cyc=       517 Op1=[0x0000000b] Op2=[0x0000000b] W[W,31= 0x0000000b] [_,0x03ff0263]  495   B PC=(0x80000020,0x8000001c,0x80000018) [17, 99, 19], WB: DASM(00b00f93)
Cyc=       518 Op1=[0x80000000] Op2=[0x80000020] W[_, 4= 0x00000016] [_,0x80000f17]  496     PC=(0x80000040,0x80000020,0x8000001c) [17, 51, 99], WB: DASM(03ff0263)
Cyc=       519 Op1=[0x00001000] Op2=[0x80000040] W[_,30= 0x00000020] [_,0x00001f17]  497     PC=(0x80000044,0x80000040,0x80000020) [23, 23, 51], WB: DASM(00004033)
Cyc=       520 Op1=[0x80001040] Op2=[0xffffffc0] W[W,30= 0x80001040] [_,0xfc3f2023]  497     PC=(0x80000048,0x80000044,0x80000040) [6f, 35, 23], WB: DASM(00001f17)
Cyc=       521 Op1=[0x0000000b] Op2=[0x00000000] W[_, 0= 0x80001000] [_,0xff9ff06f]  498   J PC=(0x8000004c,0x80000048,0x80000044) [73,111, 35], WB: DASM(fc3f2023)
Cyc=       522 Op1=[0x00000000] Op2=[0x00000000] W[W, 0= 0x8000004c] [_,0xf1402573]  499     PC=(0x80000040,0x8000004c,0x80000048) [17, 51,111], WB: DASM(ff9ff06f)
Cyc=       523 Op1=[0x00001000] Op2=[0x80000040] W[_,10= 0x00000000] [_,0x00001f17]  500     PC=(0x80000044,0x80000040,0x8000004c) [23, 23, 51], WB: DASM(00004033)
Cyc=       524 Op1=[0x80001040] Op2=[0xffffffc0] W[W,30= 0x80001040] [_,0xfc3f2023]  500     PC=(0x80000048,0x80000044,0x80000040) [6f, 35, 23], WB: DASM(00001f17)
Cyc=       525 Op1=[0x0000000b] Op2=[0x00000000] W[_, 0= 0x80001000] [_,0xff9ff06f]  501   J PC=(0x8000004c,0x80000048,0x80000044) [73,111, 35], WB: DASM(fc3f2023)
Cyc=       526 Op1=[0x00000000] Op2=[0x00000000] W[W, 0= 0x8000004c] [_,0xf1402573]  502     PC=(0x80000040,0x8000004c,0x80000048) [17, 51,111], WB: DASM(ff9ff06f)
Cyc=       527 Op1=[0x00001000] Op2=[0x80000040] W[_,10= 0x00000000] [_,0x00001f17]  503     PC=(0x80000044,0x80000040,0x8000004c) [23, 23, 51], WB: DASM(00004033)
Cyc=       528 Op1=[0x80001040] Op2=[0xffffffc0] W[W,30= 0x80001040] [_,0xfc3f2023]  503     PC=(0x80000048,0x80000044,0x80000040) [6f, 35, 23], WB: DASM(00001f17)
Cyc=       529 Op1=[0x0000000b] Op2=[0x00000000] W[_, 0= 0x80001000] [_,0xff9ff06f]  504   J PC=(0x8000004c,0x80000048,0x80000044) [73,111, 35], WB: DASM(fc3f2023)
Cyc=       530 Op1=[0x00000000] Op2=[0x00000000] W[W, 0= 0x8000004c] [_,0xf1402573]  505     PC=(0x80000040,0x8000004c,0x80000048) [17, 51,111], WB: DASM(ff9ff06f)
Cyc=       531 Op1=[0x00001000] Op2=[0x80000040] W[_,10= 0x00000000] [_,0x00001f17]  506     PC=(0x80000044,0x80000040,0x8000004c) [23, 23, 51], WB: DASM(00004033)
Cyc=       532 Op1=[0x80001040] Op2=[0xffffffc0] W[W,30= 0x80001040] [_,0xfc3f2023]  506     PC=(0x80000048,0x80000044,0x80000040) [6f, 35, 23], WB: DASM(00001f17)
Cyc=       533 Op1=[0x0000000b] Op2=[0x00000000] W[_, 0= 0x80001000] [_,0xff9ff06f]  507   J PC=(0x8000004c,0x80000048,0x80000044) [73,111, 35], WB: DASM(fc3f2023)
Cyc=       534 Op1=[0x00000000] Op2=[0x00000000] W[W, 0= 0x8000004c] [_,0xf1402573]  508     PC=(0x80000040,0x8000004c,0x80000048) [17, 51,111], WB: DASM(ff9ff06f)
Cyc=       535 Op1=[0x00001000] Op2=[0x80000040] W[_,10= 0x00000000] [_,0x00001f17]  509     PC=(0x80000044,0x80000040,0x8000004c) [23, 23, 51], WB: DASM(00004033)
Cyc=       536 Op1=[0x80001040] Op2=[0xffffffc0] W[W,30= 0x80001040] [_,0xfc3f2023]  509     PC=(0x80000048,0x80000044,0x80000040) [6f, 35, 23], WB: DASM(00001f17)
Cyc=       537 Op1=[0x0000000b] Op2=[0x00000000] W[_, 0= 0x80001000] [_,0xff9ff06f]  510   J PC=(0x8000004c,0x80000048,0x80000044) [73,111, 35], WB: DASM(fc3f2023)
Cyc=       538 Op1=[0x00000000] Op2=[0x00000000] W[W, 0= 0x8000004c] [_,0xf1402573]  511     PC=(0x80000040,0x8000004c,0x80000048) [17, 51,111], WB: DASM(ff9ff06f)
Cyc=       539 Op1=[0x00001000] Op2=[0x80000040] W[_,10= 0x00000000] [_,0x00001f17]  512     PC=(0x80000044,0x80000040,0x8000004c) [23, 23, 51], WB: DASM(00004033)
Cyc=       540 Op1=[0x80001040] Op2=[0xffffffc0] W[W,30= 0x80001040] [_,0xfc3f2023]  512     PC=(0x80000048,0x80000044,0x80000040) [6f, 35, 23], WB: DASM(00001f17)
Cyc=       541 Op1=[0x0000000b] Op2=[0x00000000] W[_, 0= 0x80001000] [_,0xff9ff06f]  513   J PC=(0x8000004c,0x80000048,0x80000044) [73,111, 35], WB: DASM(fc3f2023)
Cyc=       542 Op1=[0x00000000] Op2=[0x00000000] W[W, 0= 0x8000004c] [_,0xf1402573]  514     PC=(0x80000040,0x8000004c,0x80000048) [17, 51,111], WB: DASM(ff9ff06f)
Cyc=       543 Op1=[0x00001000] Op2=[0x80000040] W[_,10= 0x00000000] [_,0x00001f17]  515     PC=(0x80000044,0x80000040,0x8000004c) [23, 23, 51], WB: DASM(00004033)
Cyc=       544 Op1=[0x80001040] Op2=[0xffffffc0] W[W,30= 0x80001040] [_,0xfc3f2023]  515     PC=(0x80000048,0x80000044,0x80000040) [6f, 35, 23], WB: DASM(00001f17)
Cyc=       545 Op1=[0x0000000b] Op2=[0x00000000] W[_, 0= 0x80001000] [_,0xff9ff06f]  516   J PC=(0x8000004c,0x80000048,0x80000044) [73,111, 35], WB: DASM(fc3f2023)
Cyc=       546 Op1=[0x00000000] Op2=[0x00000000] W[W, 0= 0x8000004c] [_,0xf1402573]  517     PC=(0x80000040,0x8000004c,0x80000048) [17, 51,111], WB: DASM(ff9ff06f)
Cyc=       547 Op1=[0x00001000] Op2=[0x80000040] W[_,10= 0x00000000] [_,0x00001f17]  518     PC=(0x80000044,0x80000040,0x8000004c) [23, 23, 51], WB: DASM(00004033)
Cyc=       548 Op1=[0x80001040] Op2=[0xffffffc0] W[W,30= 0x80001040] [_,0xfc3f2023]  518     PC=(0x80000048,0x80000044,0x80000040) [6f, 35, 23], WB: DASM(00001f17)
Cyc=       549 Op1=[0x0000000b] Op2=[0x00000000] W[_, 0= 0x80001000] [_,0xff9ff06f]  519   J PC=(0x8000004c,0x80000048,0x80000044) [73,111, 35], WB: DASM(fc3f2023)
Cyc=       550 Op1=[0x00000000] Op2=[0x00000000] W[W, 0= 0x8000004c] [_,0xf1402573]  520     PC=(0x80000040,0x8000004c,0x80000048) [17, 51,111], WB: DASM(ff9ff06f)
Cyc=       551 Op1=[0x00001000] Op2=[0x80000040] W[_,10= 0x00000000] [_,0x00001f17]  521     PC=(0x80000044,0x80000040,0x8000004c) [23, 23, 51], WB: DASM(00004033)
Cyc=       552 Op1=[0x80001040] Op2=[0xffffffc0] W[W,30= 0x80001040] [_,0xfc3f2023]  521     PC=(0x80000048,0x80000044,0x80000040) [6f, 35, 23], WB: DASM(00001f17)
Cyc=       553 Op1=[0x0000000b] Op2=[0x00000000] W[_, 0= 0x80001000] [_,0xff9ff06f]  522   J PC=(0x8000004c,0x80000048,0x80000044) [73,111, 35], WB: DASM(fc3f2023)
Cyc=       554 Op1=[0x00000000] Op2=[0x00000000] W[W, 0= 0x8000004c] [_,0xf1402573]  523     PC=(0x80000040,0x8000004c,0x80000048) [17, 51,111], WB: DASM(ff9ff06f)
Cyc=       555 Op1=[0x00001000] Op2=[0x80000040] W[_,10= 0x00000000] [_,0x00001f17]  524     PC=(0x80000044,0x80000040,0x8000004c) [23, 23, 51], WB: DASM(00004033)
Cyc=       556 Op1=[0x80001040] Op2=[0xffffffc0] W[W,30= 0x80001040] [_,0xfc3f2023]  524     PC=(0x80000048,0x80000044,0x80000040) [6f, 35, 23], WB: DASM(00001f17)
Cyc=       557 Op1=[0x0000000b] Op2=[0x00000000] W[_, 0= 0x80001000] [_,0xff9ff06f]  525   J PC=(0x8000004c,0x80000048,0x80000044) [73,111, 35], WB: DASM(fc3f2023)
*** PASSED ***
