Instantiated DTM.
Cyc=         0 Op1=[0x00000000] Op2=[0x00000000] W[_, 0= 0x7ffffffc] [_,0x04c0006f]    0   J PC=(0x7ffffffc,0x7ffffffc,0x7ffffffc) [6f, 51, 51], WB: DASM(00004033)
Cyc=         1 Op1=[0x00000000] Op2=[0x00000000] W[_, 0= 0x7ffffffc] [_,0x04c0006f]    0   J PC=(0x80000000,0x7ffffffc,0x7ffffffc) [6f, 51, 51], WB: DASM(00004033)
Cyc=         2 Op1=[0x00000000] Op2=[0x00000000] W[_, 0= 0x80000000] [_,0x04c0006f]    0   J PC=(0x80000004,0x80000000,0x7ffffffc) [73,111, 51], WB: DASM(00004033)
Cyc=         3 Op1=[0x00000000] Op2=[0x00000000] W[W, 0= 0x80000004] [_,0x34202f73]    0     PC=(0x8000004c,0x80000004,0x80000000) [73, 51,111], WB: DASM(04c0006f)
Cyc=         4 Op1=[0x00000000] Op2=[0x00000000] W[_,30= 0x00000000] [_,0xf1402573]    1     PC=(0x80000050,0x8000004c,0x80000004) [63,115, 51], WB: DASM(00004033)
Cyc=         5 Op1=[0x00000000] Op2=[0x00000000] W[W,10= 0x00000000] [_,0x00051063]    1 H   PC=(0x80000054,0x80000050,0x8000004c) [17, 99,115], WB: DASM(f1402573)
Cyc=         6 Op1=[0x00000000] Op2=[0x00000000] W[_, 0= 0x00000000] [_,0x00051063]    2     PC=(0x80000054,0x80000050,0x00000000) [17, 99, 51], WB: DASM(00004033)
Cyc=         7 Op1=[0x00000000] Op2=[0x80000054] W[_, 0= 0x00000000] [_,0x00000297]    2     PC=(0x80000058,0x80000054,0x80000050) [13, 23, 99], WB: DASM(00051063)
Cyc=         8 Op1=[0x80000054] Op2=[0x00000010] W[W, 5= 0x80000054] [_,0x01028293]    3     PC=(0x8000005c,0x80000058,0x80000054) [73, 19, 23], WB: DASM(00000297)
Cyc=         9 Op1=[0x80000064] Op2=[0x80000064] W[W, 5= 0x80000064] [_,0x30529073]    4     PC=(0x80000060,0x8000005c,0x80000058) [73,115, 19], WB: DASM(01028293)
Cyc=        10 Op1=[0x00000000] Op2=[0x00000000] W[W, 0= 0x00000100] [_,0x18005073]    5     PC=(0x80000064,0x80000060,0x8000005c) [17,115,115], WB: DASM(30529073)
Cyc=        11 Op1=[0x00000000] Op2=[0x80000064] W[W, 0= 0x00000000] [_,0x00000297]    6     PC=(0x80000068,0x80000064,0x80000060) [13, 23,115], WB: DASM(18005073)
Cyc=        12 Op1=[0x80000064] Op2=[0x0000001c] W[W, 5= 0x80000064] [_,0x01c28293]    7     PC=(0x8000006c,0x80000068,0x80000064) [73, 19, 23], WB: DASM(00000297)
Cyc=        13 Op1=[0x80000080] Op2=[0x80000080] W[W, 5= 0x80000080] [_,0x30529073]    8     PC=(0x80000070,0x8000006c,0x80000068) [13,115, 19], WB: DASM(01c28293)
Cyc=        14 Op1=[0x00000000] Op2=[0xffffffff] W[W, 0= 0x00000100] [_,0xfff00293]    9     PC=(0x80000074,0x80000070,0x8000006c) [73, 19,115], WB: DASM(30529073)
Cyc=        15 Op1=[0xffffffff] Op2=[0x00000000] W[W, 5= 0xffffffff] [_,0x3b029073]   10     PC=(0x80000078,0x80000074,0x80000070) [13,115, 19], WB: DASM(fff00293)
Cyc=        16 Op1=[0x00000000] Op2=[0x0000001f] W[W, 0= 0x00000000] [_,0x01f00293]   11     PC=(0x8000007c,0x80000078,0x80000074) [73, 19,115], WB: DASM(3b029073)
Cyc=        17 Op1=[0x0000001f] Op2=[0x00000000] W[W, 5= 0x0000001f] [_,0x3a029073]   12     PC=(0x80000080,0x8000007c,0x80000078) [17,115, 19], WB: DASM(01f00293)
Cyc=        18 Op1=[0x00000000] Op2=[0x80000080] W[W, 0= 0x00000000] [_,0x00000297]   13     PC=(0x80000084,0x80000080,0x8000007c) [13, 23,115], WB: DASM(3a029073)
Cyc=        19 Op1=[0x80000080] Op2=[0x00000018] W[W, 5= 0x80000080] [_,0x01828293]   14     PC=(0x80000088,0x80000084,0x80000080) [73, 19, 23], WB: DASM(00000297)
Cyc=        20 Op1=[0x80000098] Op2=[0x80000098] W[W, 5= 0x80000098] [_,0x30529073]   15     PC=(0x8000008c,0x80000088,0x80000084) [73,115, 19], WB: DASM(01828293)
Cyc=        21 Op1=[0x00000000] Op2=[0x00000000] W[W, 0= 0x00000100] [_,0x30205073]   16     PC=(0x80000090,0x8000008c,0x80000088) [73,115,115], WB: DASM(30529073)
Cyc=        22 Op1=[0x00000000] Op2=[0x00000000] W[W, 0= 0x00000000] [_,0x30305073]   17     PC=(0x80000094,0x80000090,0x8000008c) [73,115,115], WB: DASM(30205073)
Cyc=        23 Op1=[0x00000000] Op2=[0x00000000] W[W, 0= 0x00000000] [_,0x30405073]   18     PC=(0x80000098,0x80000094,0x80000090) [13,115,115], WB: DASM(30305073)
Cyc=        24 Op1=[0x00000000] Op2=[0x00000000] W[W, 0= 0x00000000] [_,0x00000193]   19     PC=(0x8000009c,0x80000098,0x80000094) [17, 19,115], WB: DASM(30405073)
Cyc=        25 Op1=[0x00000000] Op2=[0x8000009c] W[W, 3= 0x00000000] [_,0x00000297]   20     PC=(0x800000a0,0x8000009c,0x80000098) [13, 23, 19], WB: DASM(00000193)
Cyc=        26 Op1=[0x8000009c] Op2=[0xffffff68] W[W, 5= 0x8000009c] [_,0xf6828293]   21     PC=(0x800000a4,0x800000a0,0x8000009c) [73, 19, 23], WB: DASM(00000297)
Cyc=        27 Op1=[0x80000004] Op2=[0x80000004] W[W, 5= 0x80000004] [_,0x30529073]   22     PC=(0x800000a8,0x800000a4,0x800000a0) [13,115, 19], WB: DASM(f6828293)
Cyc=        28 Op1=[0x00000000] Op2=[0x00000001] W[W, 0= 0x00000100] [_,0x00100513]   23     PC=(0x800000ac,0x800000a8,0x800000a4) [13, 19,115], WB: DASM(30529073)
Cyc=        29 Op1=[0x00000001] Op2=[0x0000001f] W[W,10= 0x00000001] [_,0x01f51513]   24     PC=(0x800000b0,0x800000ac,0x800000a8) [63, 19, 19], WB: DASM(00100513)
Cyc=        30 Op1=[0x80000000] Op2=[0x00000000] W[W,10= 0x80000000] [_,0x00054863]   25   B PC=(0x800000b4,0x800000b0,0x800000ac) [0f, 99, 19], WB: DASM(01f51513)
Cyc=        31 Op1=[0x00000000] Op2=[0x00000000] W[_,16= 0x80000000] [_,0x0ff0000f]   26     PC=(0x800000c0,0x800000b4,0x800000b0) [17, 51, 99], WB: DASM(00054863)
Cyc=        32 Op1=[0x80000000] Op2=[0x800000c0] W[_, 0= 0x00000000] [_,0x80000297]   27     PC=(0x800000c4,0x800000c0,0x800000b4) [13, 23, 51], WB: DASM(00004033)
Cyc=        33 Op1=[0x000000c0] Op2=[0xffffff40] W[W, 5= 0x000000c0] [_,0xf4028293]   27     PC=(0x800000c8,0x800000c4,0x800000c0) [63, 19, 23], WB: DASM(80000297)
Cyc=        34 Op1=[0x00000000] Op2=[0x00000000] W[W, 5= 0x00000000] [_,0x00028e63]   28   B PC=(0x800000cc,0x800000c8,0x800000c4) [73, 99, 19], WB: DASM(f4028293)
Cyc=        35 Op1=[0x00000000] Op2=[0x00000000] W[_,28= 0x00000000] [_,0x10529073]   29     PC=(0x800000e4,0x800000cc,0x800000c8) [73, 51, 99], WB: DASM(00028e63)
Cyc=        36 Op1=[0x00000000] Op2=[0x00000000] W[_, 0= 0x00000000] [_,0x30005073]   30     PC=(0x800000e8,0x800000e4,0x800000cc) [17,115, 51], WB: DASM(00004033)
Cyc=        37 Op1=[0x00000000] Op2=[0x800000e8] W[W, 0= 0x00001800] [_,0x00000297]   30     PC=(0x800000ec,0x800000e8,0x800000e4) [13, 23,115], WB: DASM(30005073)
Cyc=        38 Op1=[0x800000e8] Op2=[0x00000014] W[W, 5= 0x800000e8] [_,0x01428293]   31     PC=(0x800000f0,0x800000ec,0x800000e8) [73, 19, 23], WB: DASM(00000297)
Cyc=        39 Op1=[0x800000fc] Op2=[0x00000000] W[W, 5= 0x800000fc] [_,0x34129073]   32     PC=(0x800000f4,0x800000f0,0x800000ec) [73,115, 19], WB: DASM(01428293)
Cyc=        40 Op1=[0x00000000] Op2=[0x00000000] W[W, 0= 0x00000000] [_,0xf1402573]   33     PC=(0x800000f8,0x800000f4,0x800000f0) [73,115,115], WB: DASM(34129073)
Cyc=        41 Op1=[0x00000000] Op2=[0x00000000] W[W,10= 0x00000000] [_,0x30200073]   34     PC=(0x800000fc,0x800000f8,0x800000f4) [37,115,115], WB: DASM(f1402573)
Cyc=        42 Op1=[0x80000000] Op2=[0x00000000] W[_, 0= 0x00000000] [_,0x800000b7]   35   X PC=(0x80000100,0x800000fc,0x800000f8) [13, 55,115], WB: DASM(30200073)
Cyc=        43 Op1=[0x00000000] Op2=[0x00000000] W[_, 1= 0x80000000] [_,0x00000113]   36     PC=(0x800000fc,0x80000100,0x800000fc) [37, 51, 51], WB: DASM(00004033)
Cyc=        44 Op1=[0x80000000] Op2=[0x00000000] W[_, 2= 0x00000000] [_,0x800000b7]   37     PC=(0x80000100,0x800000fc,0x80000100) [13, 55, 51], WB: DASM(00004033)
Cyc=        45 Op1=[0x00000000] Op2=[0x00000000] W[W, 1= 0x80000000] [_,0x00000113]   37     PC=(0x80000104,0x80000100,0x800000fc) [33, 19, 55], WB: DASM(800000b7)
Cyc=        46 Op1=[0x80000000] Op2=[0x00000000] W[W, 2= 0x00000000] [_,0x4020df33]   38     PC=(0x80000108,0x80000104,0x80000100) [37, 51, 19], WB: DASM(00000113)
Cyc=        47 Op1=[0x80000000] Op2=[0x00000000] W[W,30= 0x80000000] [_,0x80000eb7]   39     PC=(0x8000010c,0x80000108,0x80000104) [13, 55, 51], WB: DASM(4020df33)
Cyc=        48 Op1=[0x00000000] Op2=[0x00000002] W[W,29= 0x80000000] [_,0x00200193]   40     PC=(0x80000110,0x8000010c,0x80000108) [63, 19, 55], WB: DASM(80000eb7)
Cyc=        49 Op1=[0x80000000] Op2=[0x80000000] W[W, 3= 0x00000002] [_,0x59df1463]   41     PC=(0x80000114,0x80000110,0x8000010c) [37, 99, 19], WB: DASM(00200193)
Cyc=        50 Op1=[0x80000000] Op2=[0x00000000] W[_, 8= 0x00000000] [_,0x800000b7]   42     PC=(0x80000118,0x80000114,0x80000110) [13, 55, 99], WB: DASM(59df1463)
Cyc=        51 Op1=[0x00000000] Op2=[0x00000001] W[W, 1= 0x80000000] [_,0x00100113]   43     PC=(0x8000011c,0x80000118,0x80000114) [33, 19, 55], WB: DASM(800000b7)
Cyc=        52 Op1=[0x80000000] Op2=[0x00000001] W[W, 2= 0x00000001] [_,0x4020df33]   44     PC=(0x80000120,0x8000011c,0x80000118) [37, 51, 19], WB: DASM(00100113)
Cyc=        53 Op1=[0xc0000000] Op2=[0x00000000] W[W,30= 0xc0000000] [_,0xc0000eb7]   45     PC=(0x80000124,0x80000120,0x8000011c) [13, 55, 51], WB: DASM(4020df33)
Cyc=        54 Op1=[0x00000000] Op2=[0x00000003] W[W,29= 0xc0000000] [_,0x00300193]   46     PC=(0x80000128,0x80000124,0x80000120) [63, 19, 55], WB: DASM(c0000eb7)
Cyc=        55 Op1=[0xc0000000] Op2=[0xc0000000] W[W, 3= 0x00000003] [_,0x57df1863]   47     PC=(0x8000012c,0x80000128,0x80000124) [37, 99, 19], WB: DASM(00300193)
Cyc=        56 Op1=[0x80000000] Op2=[0x00000000] W[_,16= 0x80000000] [_,0x800000b7]   48     PC=(0x80000130,0x8000012c,0x80000128) [13, 55, 99], WB: DASM(57df1863)
Cyc=        57 Op1=[0x00000000] Op2=[0x00000007] W[W, 1= 0x80000000] [_,0x00700113]   49     PC=(0x80000134,0x80000130,0x8000012c) [33, 19, 55], WB: DASM(800000b7)
Cyc=        58 Op1=[0x80000000] Op2=[0x00000007] W[W, 2= 0x00000007] [_,0x4020df33]   50     PC=(0x80000138,0x80000134,0x80000130) [37, 51, 19], WB: DASM(00700113)
Cyc=        59 Op1=[0xff000000] Op2=[0x00000000] W[W,30= 0xff000000] [_,0xff000eb7]   51     PC=(0x8000013c,0x80000138,0x80000134) [13, 55, 51], WB: DASM(4020df33)
Cyc=        60 Op1=[0x00000000] Op2=[0x00000004] W[W,29= 0xff000000] [_,0x00400193]   52     PC=(0x80000140,0x8000013c,0x80000138) [63, 19, 55], WB: DASM(ff000eb7)
Cyc=        61 Op1=[0xff000000] Op2=[0xff000000] W[W, 3= 0x00000004] [_,0x55df1c63]   53     PC=(0x80000144,0x80000140,0x8000013c) [37, 99, 19], WB: DASM(00400193)
Cyc=        62 Op1=[0x80000000] Op2=[0x00000000] W[_,24= 0xfe000000] [_,0x800000b7]   54     PC=(0x80000148,0x80000144,0x80000140) [13, 55, 99], WB: DASM(55df1c63)
Cyc=        63 Op1=[0x00000000] Op2=[0x0000000e] W[W, 1= 0x80000000] [_,0x00e00113]   55     PC=(0x8000014c,0x80000148,0x80000144) [33, 19, 55], WB: DASM(800000b7)
Cyc=        64 Op1=[0x80000000] Op2=[0x0000000e] W[W, 2= 0x0000000e] [_,0x4020df33]   56     PC=(0x80000150,0x8000014c,0x80000148) [37, 51, 19], WB: DASM(00e00113)
Cyc=        65 Op1=[0xfffe0000] Op2=[0x00000000] W[W,30= 0xfffe0000] [_,0xfffe0eb7]   57     PC=(0x80000154,0x80000150,0x8000014c) [13, 55, 51], WB: DASM(4020df33)
Cyc=        66 Op1=[0x00000000] Op2=[0x00000005] W[W,29= 0xfffe0000] [_,0x00500193]   58     PC=(0x80000158,0x80000154,0x80000150) [63, 19, 55], WB: DASM(fffe0eb7)
Cyc=        67 Op1=[0xfffe0000] Op2=[0xfffe0000] W[W, 3= 0x00000005] [_,0x55df1063]   59     PC=(0x8000015c,0x80000158,0x80000154) [37, 99, 19], WB: DASM(00500193)
Cyc=        68 Op1=[0x80000000] Op2=[0x00000000] W[_, 0= 0xfffc0000] [_,0x800000b7]   60     PC=(0x80000160,0x8000015c,0x80000158) [13, 55, 99], WB: DASM(55df1063)
Cyc=        69 Op1=[0x80000000] Op2=[0x00000001] W[W, 1= 0x80000000] [_,0x00108093]   61     PC=(0x80000164,0x80000160,0x8000015c) [13, 19, 55], WB: DASM(800000b7)
Cyc=        70 Op1=[0x00000000] Op2=[0x0000001f] W[W, 1= 0x80000001] [_,0x01f00113]   62     PC=(0x80000168,0x80000164,0x80000160) [33, 19, 19], WB: DASM(00108093)
Cyc=        71 Op1=[0x80000001] Op2=[0x0000001f] W[W, 2= 0x0000001f] [_,0x4020df33]   63     PC=(0x8000016c,0x80000168,0x80000164) [13, 51, 19], WB: DASM(01f00113)
Cyc=        72 Op1=[0x00000000] Op2=[0xffffffff] W[W,30= 0xffffffff] [_,0xfff00e93]   64     PC=(0x80000170,0x8000016c,0x80000168) [13, 19, 51], WB: DASM(4020df33)
Cyc=        73 Op1=[0x00000000] Op2=[0x00000006] W[W,29= 0xffffffff] [_,0x00600193]   65     PC=(0x80000174,0x80000170,0x8000016c) [63, 19, 19], WB: DASM(fff00e93)
Cyc=        74 Op1=[0xffffffff] Op2=[0xffffffff] W[W, 3= 0x00000006] [_,0x53df1263]   66     PC=(0x80000178,0x80000174,0x80000170) [37, 99, 19], WB: DASM(00600193)
Cyc=        75 Op1=[0x80000000] Op2=[0x00000000] W[_, 4= 0xfffffffe] [_,0x800000b7]   67     PC=(0x8000017c,0x80000178,0x80000174) [13, 55, 99], WB: DASM(53df1263)
Cyc=        76 Op1=[0x80000000] Op2=[0xffffffff] W[W, 1= 0x80000000] [_,0xfff08093]   68     PC=(0x80000180,0x8000017c,0x80000178) [13, 19, 55], WB: DASM(800000b7)
Cyc=        77 Op1=[0x00000000] Op2=[0x00000000] W[W, 1= 0x7fffffff] [_,0x00000113]   69     PC=(0x80000184,0x80000180,0x8000017c) [33, 19, 19], WB: DASM(fff08093)
Cyc=        78 Op1=[0x7fffffff] Op2=[0x00000000] W[W, 2= 0x00000000] [_,0x4020df33]   70     PC=(0x80000188,0x80000184,0x80000180) [37, 51, 19], WB: DASM(00000113)
Cyc=        79 Op1=[0x80000000] Op2=[0x00000000] W[W,30= 0x7fffffff] [_,0x80000eb7]   71     PC=(0x8000018c,0x80000188,0x80000184) [13, 55, 51], WB: DASM(4020df33)
Cyc=        80 Op1=[0x80000000] Op2=[0xffffffff] W[W,29= 0x80000000] [_,0xfffe8e93]   72     PC=(0x80000190,0x8000018c,0x80000188) [13, 19, 55], WB: DASM(80000eb7)
Cyc=        81 Op1=[0x00000000] Op2=[0x00000007] W[W,29= 0x7fffffff] [_,0x00700193]   73     PC=(0x80000194,0x80000190,0x8000018c) [63, 19, 19], WB: DASM(fffe8e93)
Cyc=        82 Op1=[0x7fffffff] Op2=[0x7fffffff] W[W, 3= 0x00000007] [_,0x51df1263]   74     PC=(0x80000198,0x80000194,0x80000190) [37, 99, 19], WB: DASM(00700193)
Cyc=        83 Op1=[0x80000000] Op2=[0x00000000] W[_, 4= 0xfffffffe] [_,0x800000b7]   75     PC=(0x8000019c,0x80000198,0x80000194) [13, 55, 99], WB: DASM(51df1263)
Cyc=        84 Op1=[0x80000000] Op2=[0xffffffff] W[W, 1= 0x80000000] [_,0xfff08093]   76     PC=(0x800001a0,0x8000019c,0x80000198) [13, 19, 55], WB: DASM(800000b7)
Cyc=        85 Op1=[0x00000000] Op2=[0x00000001] W[W, 1= 0x7fffffff] [_,0x00100113]   77     PC=(0x800001a4,0x800001a0,0x8000019c) [33, 19, 19], WB: DASM(fff08093)
Cyc=        86 Op1=[0x7fffffff] Op2=[0x00000001] W[W, 2= 0x00000001] [_,0x4020df33]   78     PC=(0x800001a8,0x800001a4,0x800001a0) [37, 51, 19], WB: DASM(00100113)
Cyc=        87 Op1=[0x40000000] Op2=[0x00000000] W[W,30= 0x3fffffff] [_,0x40000eb7]   79     PC=(0x800001ac,0x800001a8,0x800001a4) [13, 55, 51], WB: DASM(4020df33)
Cyc=        88 Op1=[0x40000000] Op2=[0xffffffff] W[W,29= 0x40000000] [_,0xfffe8e93]   80     PC=(0x800001b0,0x800001ac,0x800001a8) [13, 19, 55], WB: DASM(40000eb7)
Cyc=        89 Op1=[0x00000000] Op2=[0x00000008] W[W,29= 0x3fffffff] [_,0x00800193]   81     PC=(0x800001b4,0x800001b0,0x800001ac) [63, 19, 19], WB: DASM(fffe8e93)
Cyc=        90 Op1=[0x3fffffff] Op2=[0x3fffffff] W[W, 3= 0x00000008] [_,0x4fdf1263]   82     PC=(0x800001b8,0x800001b4,0x800001b0) [37, 99, 19], WB: DASM(00800193)
Cyc=        91 Op1=[0x80000000] Op2=[0x00000000] W[_, 4= 0x7ffffffe] [_,0x800000b7]   83     PC=(0x800001bc,0x800001b8,0x800001b4) [13, 55, 99], WB: DASM(4fdf1263)
Cyc=        92 Op1=[0x80000000] Op2=[0xffffffff] W[W, 1= 0x80000000] [_,0xfff08093]   84     PC=(0x800001c0,0x800001bc,0x800001b8) [13, 19, 55], WB: DASM(800000b7)
Cyc=        93 Op1=[0x00000000] Op2=[0x00000007] W[W, 1= 0x7fffffff] [_,0x00700113]   85     PC=(0x800001c4,0x800001c0,0x800001bc) [33, 19, 19], WB: DASM(fff08093)
Cyc=        94 Op1=[0x7fffffff] Op2=[0x00000007] W[W, 2= 0x00000007] [_,0x4020df33]   86     PC=(0x800001c8,0x800001c4,0x800001c0) [37, 51, 19], WB: DASM(00700113)
Cyc=        95 Op1=[0x01000000] Op2=[0x00000000] W[W,30= 0x00ffffff] [_,0x01000eb7]   87     PC=(0x800001cc,0x800001c8,0x800001c4) [13, 55, 51], WB: DASM(4020df33)
Cyc=        96 Op1=[0x01000000] Op2=[0xffffffff] W[W,29= 0x01000000] [_,0xfffe8e93]   88     PC=(0x800001d0,0x800001cc,0x800001c8) [13, 19, 55], WB: DASM(01000eb7)
Cyc=        97 Op1=[0x00000000] Op2=[0x00000009] W[W,29= 0x00ffffff] [_,0x00900193]   89     PC=(0x800001d4,0x800001d0,0x800001cc) [63, 19, 19], WB: DASM(fffe8e93)
Cyc=        98 Op1=[0x00ffffff] Op2=[0x00ffffff] W[W, 3= 0x00000009] [_,0x4ddf1263]   90     PC=(0x800001d8,0x800001d4,0x800001d0) [37, 99, 19], WB: DASM(00900193)
Cyc=        99 Op1=[0x80000000] Op2=[0x00000000] W[_, 4= 0x01fffffe] [_,0x800000b7]   91     PC=(0x800001dc,0x800001d8,0x800001d4) [13, 55, 99], WB: DASM(4ddf1263)
Cyc=       100 Op1=[0x80000000] Op2=[0xffffffff] W[W, 1= 0x80000000] [_,0xfff08093]   92     PC=(0x800001e0,0x800001dc,0x800001d8) [13, 19, 55], WB: DASM(800000b7)
Cyc=       101 Op1=[0x00000000] Op2=[0x0000000e] W[W, 1= 0x7fffffff] [_,0x00e00113]   93     PC=(0x800001e4,0x800001e0,0x800001dc) [33, 19, 19], WB: DASM(fff08093)
Cyc=       102 Op1=[0x7fffffff] Op2=[0x0000000e] W[W, 2= 0x0000000e] [_,0x4020df33]   94     PC=(0x800001e8,0x800001e4,0x800001e0) [37, 51, 19], WB: DASM(00e00113)
Cyc=       103 Op1=[0x00020000] Op2=[0x00000000] W[W,30= 0x0001ffff] [_,0x00020eb7]   95     PC=(0x800001ec,0x800001e8,0x800001e4) [13, 55, 51], WB: DASM(4020df33)
Cyc=       104 Op1=[0x00020000] Op2=[0xffffffff] W[W,29= 0x00020000] [_,0xfffe8e93]   96     PC=(0x800001f0,0x800001ec,0x800001e8) [13, 19, 55], WB: DASM(00020eb7)
Cyc=       105 Op1=[0x00000000] Op2=[0x0000000a] W[W,29= 0x0001ffff] [_,0x00a00193]   97     PC=(0x800001f4,0x800001f0,0x800001ec) [63, 19, 19], WB: DASM(fffe8e93)
Cyc=       106 Op1=[0x0001ffff] Op2=[0x0001ffff] W[W, 3= 0x0000000a] [_,0x4bdf1263]   98     PC=(0x800001f8,0x800001f4,0x800001f0) [37, 99, 19], WB: DASM(00a00193)
Cyc=       107 Op1=[0x80000000] Op2=[0x00000000] W[_, 4= 0x0003fffe] [_,0x800000b7]   99     PC=(0x800001fc,0x800001f8,0x800001f4) [13, 55, 99], WB: DASM(4bdf1263)
Cyc=       108 Op1=[0x80000000] Op2=[0xffffffff] W[W, 1= 0x80000000] [_,0xfff08093]  100     PC=(0x80000200,0x800001fc,0x800001f8) [13, 19, 55], WB: DASM(800000b7)
Cyc=       109 Op1=[0x00000000] Op2=[0x0000001f] W[W, 1= 0x7fffffff] [_,0x01f00113]  101     PC=(0x80000204,0x80000200,0x800001fc) [33, 19, 19], WB: DASM(fff08093)
Cyc=       110 Op1=[0x7fffffff] Op2=[0x0000001f] W[W, 2= 0x0000001f] [_,0x4020df33]  102     PC=(0x80000208,0x80000204,0x80000200) [13, 51, 19], WB: DASM(01f00113)
Cyc=       111 Op1=[0x00000000] Op2=[0x00000000] W[W,30= 0x00000000] [_,0x00000e93]  103     PC=(0x8000020c,0x80000208,0x80000204) [13, 19, 51], WB: DASM(4020df33)
Cyc=       112 Op1=[0x00000000] Op2=[0x0000000b] W[W,29= 0x00000000] [_,0x00b00193]  104     PC=(0x80000210,0x8000020c,0x80000208) [63, 19, 19], WB: DASM(00000e93)
Cyc=       113 Op1=[0x00000000] Op2=[0x00000000] W[W, 3= 0x0000000b] [_,0x49df1463]  105     PC=(0x80000214,0x80000210,0x8000020c) [37, 99, 19], WB: DASM(00b00193)
Cyc=       114 Op1=[0x81818000] Op2=[0x00000000] W[_, 8= 0x00000000] [_,0x818180b7]  106     PC=(0x80000218,0x80000214,0x80000210) [13, 55, 99], WB: DASM(49df1463)
Cyc=       115 Op1=[0x81818000] Op2=[0x00000181] W[W, 1= 0x81818000] [_,0x18108093]  107     PC=(0x8000021c,0x80000218,0x80000214) [13, 19, 55], WB: DASM(818180b7)
Cyc=       116 Op1=[0x00000000] Op2=[0x00000000] W[W, 1= 0x81818181] [_,0x00000113]  108     PC=(0x80000220,0x8000021c,0x80000218) [33, 19, 19], WB: DASM(18108093)
Cyc=       117 Op1=[0x81818181] Op2=[0x00000000] W[W, 2= 0x00000000] [_,0x4020df33]  109     PC=(0x80000224,0x80000220,0x8000021c) [37, 51, 19], WB: DASM(00000113)
Cyc=       118 Op1=[0x81818000] Op2=[0x00000000] W[W,30= 0x81818181] [_,0x81818eb7]  110     PC=(0x80000228,0x80000224,0x80000220) [13, 55, 51], WB: DASM(4020df33)
Cyc=       119 Op1=[0x81818000] Op2=[0x00000181] W[W,29= 0x81818000] [_,0x181e8e93]  111     PC=(0x8000022c,0x80000228,0x80000224) [13, 19, 55], WB: DASM(81818eb7)
Cyc=       120 Op1=[0x00000000] Op2=[0x0000000c] W[W,29= 0x81818181] [_,0x00c00193]  112     PC=(0x80000230,0x8000022c,0x80000228) [63, 19, 19], WB: DASM(181e8e93)
Cyc=       121 Op1=[0x81818181] Op2=[0x81818181] W[W, 3= 0x0000000c] [_,0x47df1463]  113     PC=(0x80000234,0x80000230,0x8000022c) [37, 99, 19], WB: DASM(00c00193)
Cyc=       122 Op1=[0x81818000] Op2=[0x00000000] W[_, 8= 0x03030302] [_,0x818180b7]  114     PC=(0x80000238,0x80000234,0x80000230) [13, 55, 99], WB: DASM(47df1463)
Cyc=       123 Op1=[0x81818000] Op2=[0x00000181] W[W, 1= 0x81818000] [_,0x18108093]  115     PC=(0x8000023c,0x80000238,0x80000234) [13, 19, 55], WB: DASM(818180b7)
Cyc=       124 Op1=[0x00000000] Op2=[0x00000001] W[W, 1= 0x81818181] [_,0x00100113]  116     PC=(0x80000240,0x8000023c,0x80000238) [33, 19, 19], WB: DASM(18108093)
Cyc=       125 Op1=[0x81818181] Op2=[0x00000001] W[W, 2= 0x00000001] [_,0x4020df33]  117     PC=(0x80000244,0x80000240,0x8000023c) [37, 51, 19], WB: DASM(00100113)
Cyc=       126 Op1=[0xc0c0c000] Op2=[0x00000000] W[W,30= 0xc0c0c0c0] [_,0xc0c0ceb7]  118     PC=(0x80000248,0x80000244,0x80000240) [13, 55, 51], WB: DASM(4020df33)
Cyc=       127 Op1=[0xc0c0c000] Op2=[0x000000c0] W[W,29= 0xc0c0c000] [_,0x0c0e8e93]  119     PC=(0x8000024c,0x80000248,0x80000244) [13, 19, 55], WB: DASM(c0c0ceb7)
Cyc=       128 Op1=[0x00000000] Op2=[0x0000000d] W[W,29= 0xc0c0c0c0] [_,0x00d00193]  120     PC=(0x80000250,0x8000024c,0x80000248) [63, 19, 19], WB: DASM(0c0e8e93)
Cyc=       129 Op1=[0xc0c0c0c0] Op2=[0xc0c0c0c0] W[W, 3= 0x0000000d] [_,0x45df1463]  121     PC=(0x80000254,0x80000250,0x8000024c) [37, 99, 19], WB: DASM(00d00193)
Cyc=       130 Op1=[0x81818000] Op2=[0x00000000] W[_, 8= 0x81818180] [_,0x818180b7]  122     PC=(0x80000258,0x80000254,0x80000250) [13, 55, 99], WB: DASM(45df1463)
Cyc=       131 Op1=[0x81818000] Op2=[0x00000181] W[W, 1= 0x81818000] [_,0x18108093]  123     PC=(0x8000025c,0x80000258,0x80000254) [13, 19, 55], WB: DASM(818180b7)
Cyc=       132 Op1=[0x00000000] Op2=[0x00000007] W[W, 1= 0x81818181] [_,0x00700113]  124     PC=(0x80000260,0x8000025c,0x80000258) [33, 19, 19], WB: DASM(18108093)
Cyc=       133 Op1=[0x81818181] Op2=[0x00000007] W[W, 2= 0x00000007] [_,0x4020df33]  125     PC=(0x80000264,0x80000260,0x8000025c) [37, 51, 19], WB: DASM(00700113)
Cyc=       134 Op1=[0xff030000] Op2=[0x00000000] W[W,30= 0xff030303] [_,0xff030eb7]  126     PC=(0x80000268,0x80000264,0x80000260) [13, 55, 51], WB: DASM(4020df33)
Cyc=       135 Op1=[0xff030000] Op2=[0x00000303] W[W,29= 0xff030000] [_,0x303e8e93]  127     PC=(0x8000026c,0x80000268,0x80000264) [13, 19, 55], WB: DASM(ff030eb7)
Cyc=       136 Op1=[0x00000000] Op2=[0x0000000e] W[W,29= 0xff030303] [_,0x00e00193]  128     PC=(0x80000270,0x8000026c,0x80000268) [63, 19, 19], WB: DASM(303e8e93)
Cyc=       137 Op1=[0xff030303] Op2=[0xff030303] W[W, 3= 0x0000000e] [_,0x43df1463]  129     PC=(0x80000274,0x80000270,0x8000026c) [37, 99, 19], WB: DASM(00e00193)
Cyc=       138 Op1=[0x81818000] Op2=[0x00000000] W[_, 8= 0xfe060606] [_,0x818180b7]  130     PC=(0x80000278,0x80000274,0x80000270) [13, 55, 99], WB: DASM(43df1463)
Cyc=       139 Op1=[0x81818000] Op2=[0x00000181] W[W, 1= 0x81818000] [_,0x18108093]  131     PC=(0x8000027c,0x80000278,0x80000274) [13, 19, 55], WB: DASM(818180b7)
Cyc=       140 Op1=[0x00000000] Op2=[0x0000000e] W[W, 1= 0x81818181] [_,0x00e00113]  132     PC=(0x80000280,0x8000027c,0x80000278) [33, 19, 19], WB: DASM(18108093)
Cyc=       141 Op1=[0x81818181] Op2=[0x0000000e] W[W, 2= 0x0000000e] [_,0x4020df33]  133     PC=(0x80000284,0x80000280,0x8000027c) [37, 51, 19], WB: DASM(00e00113)
Cyc=       142 Op1=[0xfffe0000] Op2=[0x00000000] W[W,30= 0xfffe0606] [_,0xfffe0eb7]  134     PC=(0x80000288,0x80000284,0x80000280) [13, 55, 51], WB: DASM(4020df33)
Cyc=       143 Op1=[0xfffe0000] Op2=[0x00000606] W[W,29= 0xfffe0000] [_,0x606e8e93]  135     PC=(0x8000028c,0x80000288,0x80000284) [13, 19, 55], WB: DASM(fffe0eb7)
Cyc=       144 Op1=[0x00000000] Op2=[0x0000000f] W[W,29= 0xfffe0606] [_,0x00f00193]  136     PC=(0x80000290,0x8000028c,0x80000288) [63, 19, 19], WB: DASM(606e8e93)
Cyc=       145 Op1=[0xfffe0606] Op2=[0xfffe0606] W[W, 3= 0x0000000f] [_,0x41df1463]  137     PC=(0x80000294,0x80000290,0x8000028c) [37, 99, 19], WB: DASM(00f00193)
Cyc=       146 Op1=[0x81818000] Op2=[0x00000000] W[_, 8= 0xfffc0c0c] [_,0x818180b7]  138     PC=(0x80000298,0x80000294,0x80000290) [13, 55, 99], WB: DASM(41df1463)
Cyc=       147 Op1=[0x81818000] Op2=[0x00000181] W[W, 1= 0x81818000] [_,0x18108093]  139     PC=(0x8000029c,0x80000298,0x80000294) [13, 19, 55], WB: DASM(818180b7)
Cyc=       148 Op1=[0x00000000] Op2=[0x0000001f] W[W, 1= 0x81818181] [_,0x01f00113]  140     PC=(0x800002a0,0x8000029c,0x80000298) [33, 19, 19], WB: DASM(18108093)
Cyc=       149 Op1=[0x81818181] Op2=[0x0000001f] W[W, 2= 0x0000001f] [_,0x4020df33]  141     PC=(0x800002a4,0x800002a0,0x8000029c) [13, 51, 19], WB: DASM(01f00113)
Cyc=       150 Op1=[0x00000000] Op2=[0xffffffff] W[W,30= 0xffffffff] [_,0xfff00e93]  142     PC=(0x800002a8,0x800002a4,0x800002a0) [13, 19, 51], WB: DASM(4020df33)
Cyc=       151 Op1=[0x00000000] Op2=[0x00000010] W[W,29= 0xffffffff] [_,0x01000193]  143     PC=(0x800002ac,0x800002a8,0x800002a4) [63, 19, 19], WB: DASM(fff00e93)
Cyc=       152 Op1=[0xffffffff] Op2=[0xffffffff] W[W, 3= 0x00000010] [_,0x3fdf1663]  144     PC=(0x800002b0,0x800002ac,0x800002a8) [37, 99, 19], WB: DASM(01000193)
Cyc=       153 Op1=[0x81818000] Op2=[0x00000000] W[_,12= 0xfffffffe] [_,0x818180b7]  145     PC=(0x800002b4,0x800002b0,0x800002ac) [13, 55, 99], WB: DASM(3fdf1663)
Cyc=       154 Op1=[0x81818000] Op2=[0x00000181] W[W, 1= 0x81818000] [_,0x18108093]  146     PC=(0x800002b8,0x800002b4,0x800002b0) [13, 19, 55], WB: DASM(818180b7)
Cyc=       155 Op1=[0x00000000] Op2=[0xffffffc0] W[W, 1= 0x81818181] [_,0xfc000113]  147     PC=(0x800002bc,0x800002b8,0x800002b4) [33, 19, 19], WB: DASM(18108093)
Cyc=       156 Op1=[0x81818181] Op2=[0xffffffc0] W[W, 2= 0xffffffc0] [_,0x4020df33]  148     PC=(0x800002c0,0x800002bc,0x800002b8) [37, 51, 19], WB: DASM(fc000113)
Cyc=       157 Op1=[0x81818000] Op2=[0x00000000] W[W,30= 0x81818181] [_,0x81818eb7]  149     PC=(0x800002c4,0x800002c0,0x800002bc) [13, 55, 51], WB: DASM(4020df33)
Cyc=       158 Op1=[0x81818000] Op2=[0x00000181] W[W,29= 0x81818000] [_,0x181e8e93]  150     PC=(0x800002c8,0x800002c4,0x800002c0) [13, 19, 55], WB: DASM(81818eb7)
Cyc=       159 Op1=[0x00000000] Op2=[0x00000011] W[W,29= 0x81818181] [_,0x01100193]  151     PC=(0x800002cc,0x800002c8,0x800002c4) [63, 19, 19], WB: DASM(181e8e93)
Cyc=       160 Op1=[0x81818181] Op2=[0x81818181] W[W, 3= 0x00000011] [_,0x3ddf1663]  152     PC=(0x800002d0,0x800002cc,0x800002c8) [37, 99, 19], WB: DASM(01100193)
Cyc=       161 Op1=[0x81818000] Op2=[0x00000000] W[_,12= 0x03030302] [_,0x818180b7]  153     PC=(0x800002d4,0x800002d0,0x800002cc) [13, 55, 99], WB: DASM(3ddf1663)
Cyc=       162 Op1=[0x81818000] Op2=[0x00000181] W[W, 1= 0x81818000] [_,0x18108093]  154     PC=(0x800002d8,0x800002d4,0x800002d0) [13, 19, 55], WB: DASM(818180b7)
Cyc=       163 Op1=[0x00000000] Op2=[0xffffffc1] W[W, 1= 0x81818181] [_,0xfc100113]  155     PC=(0x800002dc,0x800002d8,0x800002d4) [33, 19, 19], WB: DASM(18108093)
Cyc=       164 Op1=[0x81818181] Op2=[0xffffffc1] W[W, 2= 0xffffffc1] [_,0x4020df33]  156     PC=(0x800002e0,0x800002dc,0x800002d8) [37, 51, 19], WB: DASM(fc100113)
Cyc=       165 Op1=[0xc0c0c000] Op2=[0x00000000] W[W,30= 0xc0c0c0c0] [_,0xc0c0ceb7]  157     PC=(0x800002e4,0x800002e0,0x800002dc) [13, 55, 51], WB: DASM(4020df33)
Cyc=       166 Op1=[0xc0c0c000] Op2=[0x000000c0] W[W,29= 0xc0c0c000] [_,0x0c0e8e93]  158     PC=(0x800002e8,0x800002e4,0x800002e0) [13, 19, 55], WB: DASM(c0c0ceb7)
Cyc=       167 Op1=[0x00000000] Op2=[0x00000012] W[W,29= 0xc0c0c0c0] [_,0x01200193]  159     PC=(0x800002ec,0x800002e8,0x800002e4) [63, 19, 19], WB: DASM(0c0e8e93)
Cyc=       168 Op1=[0xc0c0c0c0] Op2=[0xc0c0c0c0] W[W, 3= 0x00000012] [_,0x3bdf1663]  160     PC=(0x800002f0,0x800002ec,0x800002e8) [37, 99, 19], WB: DASM(01200193)
Cyc=       169 Op1=[0x81818000] Op2=[0x00000000] W[_,12= 0x81818180] [_,0x818180b7]  161     PC=(0x800002f4,0x800002f0,0x800002ec) [13, 55, 99], WB: DASM(3bdf1663)
Cyc=       170 Op1=[0x81818000] Op2=[0x00000181] W[W, 1= 0x81818000] [_,0x18108093]  162     PC=(0x800002f8,0x800002f4,0x800002f0) [13, 19, 55], WB: DASM(818180b7)
Cyc=       171 Op1=[0x00000000] Op2=[0xffffffc7] W[W, 1= 0x81818181] [_,0xfc700113]  163     PC=(0x800002fc,0x800002f8,0x800002f4) [33, 19, 19], WB: DASM(18108093)
Cyc=       172 Op1=[0x81818181] Op2=[0xffffffc7] W[W, 2= 0xffffffc7] [_,0x4020df33]  164     PC=(0x80000300,0x800002fc,0x800002f8) [37, 51, 19], WB: DASM(fc700113)
Cyc=       173 Op1=[0xff030000] Op2=[0x00000000] W[W,30= 0xff030303] [_,0xff030eb7]  165     PC=(0x80000304,0x80000300,0x800002fc) [13, 55, 51], WB: DASM(4020df33)
Cyc=       174 Op1=[0xff030000] Op2=[0x00000303] W[W,29= 0xff030000] [_,0x303e8e93]  166     PC=(0x80000308,0x80000304,0x80000300) [13, 19, 55], WB: DASM(ff030eb7)
Cyc=       175 Op1=[0x00000000] Op2=[0x00000013] W[W,29= 0xff030303] [_,0x01300193]  167     PC=(0x8000030c,0x80000308,0x80000304) [63, 19, 19], WB: DASM(303e8e93)
Cyc=       176 Op1=[0xff030303] Op2=[0xff030303] W[W, 3= 0x00000013] [_,0x39df1663]  168     PC=(0x80000310,0x8000030c,0x80000308) [37, 99, 19], WB: DASM(01300193)
Cyc=       177 Op1=[0x81818000] Op2=[0x00000000] W[_,12= 0xfe060606] [_,0x818180b7]  169     PC=(0x80000314,0x80000310,0x8000030c) [13, 55, 99], WB: DASM(39df1663)
Cyc=       178 Op1=[0x81818000] Op2=[0x00000181] W[W, 1= 0x81818000] [_,0x18108093]  170     PC=(0x80000318,0x80000314,0x80000310) [13, 19, 55], WB: DASM(818180b7)
Cyc=       179 Op1=[0x00000000] Op2=[0xffffffce] W[W, 1= 0x81818181] [_,0xfce00113]  171     PC=(0x8000031c,0x80000318,0x80000314) [33, 19, 19], WB: DASM(18108093)
Cyc=       180 Op1=[0x81818181] Op2=[0xffffffce] W[W, 2= 0xffffffce] [_,0x4020df33]  172     PC=(0x80000320,0x8000031c,0x80000318) [37, 51, 19], WB: DASM(fce00113)
Cyc=       181 Op1=[0xfffe0000] Op2=[0x00000000] W[W,30= 0xfffe0606] [_,0xfffe0eb7]  173     PC=(0x80000324,0x80000320,0x8000031c) [13, 55, 51], WB: DASM(4020df33)
Cyc=       182 Op1=[0xfffe0000] Op2=[0x00000606] W[W,29= 0xfffe0000] [_,0x606e8e93]  174     PC=(0x80000328,0x80000324,0x80000320) [13, 19, 55], WB: DASM(fffe0eb7)
Cyc=       183 Op1=[0x00000000] Op2=[0x00000014] W[W,29= 0xfffe0606] [_,0x01400193]  175     PC=(0x8000032c,0x80000328,0x80000324) [63, 19, 19], WB: DASM(606e8e93)
Cyc=       184 Op1=[0xfffe0606] Op2=[0xfffe0606] W[W, 3= 0x00000014] [_,0x37df1663]  176     PC=(0x80000330,0x8000032c,0x80000328) [37, 99, 19], WB: DASM(01400193)
Cyc=       185 Op1=[0x81818000] Op2=[0x00000000] W[_,12= 0xfffc0c0c] [_,0x818180b7]  177     PC=(0x80000334,0x80000330,0x8000032c) [13, 55, 99], WB: DASM(37df1663)
Cyc=       186 Op1=[0x81818000] Op2=[0x00000181] W[W, 1= 0x81818000] [_,0x18108093]  178     PC=(0x80000338,0x80000334,0x80000330) [13, 19, 55], WB: DASM(818180b7)
Cyc=       187 Op1=[0x00000000] Op2=[0xffffffff] W[W, 1= 0x81818181] [_,0xfff00113]  179     PC=(0x8000033c,0x80000338,0x80000334) [33, 19, 19], WB: DASM(18108093)
Cyc=       188 Op1=[0x81818181] Op2=[0xffffffff] W[W, 2= 0xffffffff] [_,0x4020df33]  180     PC=(0x80000340,0x8000033c,0x80000338) [13, 51, 19], WB: DASM(fff00113)
Cyc=       189 Op1=[0x00000000] Op2=[0xffffffff] W[W,30= 0xffffffff] [_,0xfff00e93]  181     PC=(0x80000344,0x80000340,0x8000033c) [13, 19, 51], WB: DASM(4020df33)
Cyc=       190 Op1=[0x00000000] Op2=[0x00000015] W[W,29= 0xffffffff] [_,0x01500193]  182     PC=(0x80000348,0x80000344,0x80000340) [63, 19, 19], WB: DASM(fff00e93)
Cyc=       191 Op1=[0xffffffff] Op2=[0xffffffff] W[W, 3= 0x00000015] [_,0x35df1863]  183     PC=(0x8000034c,0x80000348,0x80000344) [37, 99, 19], WB: DASM(01500193)
Cyc=       192 Op1=[0x80000000] Op2=[0x00000000] W[_,16= 0xfffffffe] [_,0x800000b7]  184     PC=(0x80000350,0x8000034c,0x80000348) [13, 55, 99], WB: DASM(35df1863)
Cyc=       193 Op1=[0x00000000] Op2=[0x00000007] W[W, 1= 0x80000000] [_,0x00700113]  185     PC=(0x80000354,0x80000350,0x8000034c) [33, 19, 55], WB: DASM(800000b7)
Cyc=       194 Op1=[0x80000000] Op2=[0x00000007] W[W, 2= 0x00000007] [_,0x4020d0b3]  186     PC=(0x80000358,0x80000354,0x80000350) [37, 51, 19], WB: DASM(00700113)
Cyc=       195 Op1=[0xff000000] Op2=[0x00000000] W[W, 1= 0xff000000] [_,0xff000eb7]  187     PC=(0x8000035c,0x80000358,0x80000354) [13, 55, 51], WB: DASM(4020d0b3)
Cyc=       196 Op1=[0x00000000] Op2=[0x00000016] W[W,29= 0xff000000] [_,0x01600193]  188     PC=(0x80000360,0x8000035c,0x80000358) [63, 19, 55], WB: DASM(ff000eb7)
Cyc=       197 Op1=[0xff000000] Op2=[0xff000000] W[W, 3= 0x00000016] [_,0x33d09c63]  189     PC=(0x80000364,0x80000360,0x8000035c) [37, 99, 19], WB: DASM(01600193)
Cyc=       198 Op1=[0x80000000] Op2=[0x00000000] W[_,24= 0xfe000000] [_,0x800000b7]  190     PC=(0x80000368,0x80000364,0x80000360) [13, 55, 99], WB: DASM(33d09c63)
Cyc=       199 Op1=[0x00000000] Op2=[0x0000000e] W[W, 1= 0x80000000] [_,0x00e00113]  191     PC=(0x8000036c,0x80000368,0x80000364) [33, 19, 55], WB: DASM(800000b7)
Cyc=       200 Op1=[0x80000000] Op2=[0x0000000e] W[W, 2= 0x0000000e] [_,0x4020d133]  192     PC=(0x80000370,0x8000036c,0x80000368) [37, 51, 19], WB: DASM(00e00113)
Cyc=       201 Op1=[0xfffe0000] Op2=[0x00000000] W[W, 2= 0xfffe0000] [_,0xfffe0eb7]  193     PC=(0x80000374,0x80000370,0x8000036c) [13, 55, 51], WB: DASM(4020d133)
Cyc=       202 Op1=[0x00000000] Op2=[0x00000017] W[W,29= 0xfffe0000] [_,0x01700193]  194     PC=(0x80000378,0x80000374,0x80000370) [63, 19, 55], WB: DASM(fffe0eb7)
Cyc=       203 Op1=[0xfffe0000] Op2=[0xfffe0000] W[W, 3= 0x00000017] [_,0x33d11063]  195     PC=(0x8000037c,0x80000378,0x80000374) [13, 99, 19], WB: DASM(01700193)
Cyc=       204 Op1=[0x00000000] Op2=[0x00000007] W[_, 0= 0xfffc0000] [_,0x00700093]  196     PC=(0x80000380,0x8000037c,0x80000378) [33, 19, 99], WB: DASM(33d11063)
Cyc=       205 Op1=[0x00000007] Op2=[0x00000007] W[W, 1= 0x00000007] [_,0x4010d0b3]  197     PC=(0x80000384,0x80000380,0x8000037c) [13, 51, 19], WB: DASM(00700093)
Cyc=       206 Op1=[0x00000000] Op2=[0x00000000] W[W, 1= 0x00000000] [_,0x00000e93]  198     PC=(0x80000388,0x80000384,0x80000380) [13, 19, 51], WB: DASM(4010d0b3)
Cyc=       207 Op1=[0x00000000] Op2=[0x00000018] W[W,29= 0x00000000] [_,0x01800193]  199     PC=(0x8000038c,0x80000388,0x80000384) [63, 19, 19], WB: DASM(00000e93)
Cyc=       208 Op1=[0x00000000] Op2=[0x00000000] W[W, 3= 0x00000018] [_,0x31d09663]  200     PC=(0x80000390,0x8000038c,0x80000388) [13, 99, 19], WB: DASM(01800193)
Cyc=       209 Op1=[0x00000000] Op2=[0x00000000] W[_,12= 0x00000000] [_,0x00000213]  201     PC=(0x80000394,0x80000390,0x8000038c) [37, 19, 99], WB: DASM(31d09663)
Cyc=       210 Op1=[0x80000000] Op2=[0x00000000] W[W, 4= 0x00000000] [_,0x800000b7]  202     PC=(0x80000398,0x80000394,0x80000390) [13, 55, 19], WB: DASM(00000213)
Cyc=       211 Op1=[0x00000000] Op2=[0x00000007] W[W, 1= 0x80000000] [_,0x00700113]  203     PC=(0x8000039c,0x80000398,0x80000394) [33, 19, 55], WB: DASM(800000b7)
Cyc=       212 Op1=[0x80000000] Op2=[0x00000007] W[W, 2= 0x00000007] [_,0x4020df33]  204     PC=(0x800003a0,0x8000039c,0x80000398) [13, 51, 19], WB: DASM(00700113)
Cyc=       213 Op1=[0xff000000] Op2=[0x00000000] W[W,30= 0xff000000] [_,0x000f0313]  205     PC=(0x800003a4,0x800003a0,0x8000039c) [13, 19, 51], WB: DASM(4020df33)
Cyc=       214 Op1=[0x00000000] Op2=[0x00000001] W[W, 6= 0xff000000] [_,0x00120213]  206     PC=(0x800003a8,0x800003a4,0x800003a0) [13, 19, 19], WB: DASM(000f0313)
Cyc=       215 Op1=[0x00000000] Op2=[0x00000002] W[W, 4= 0x00000001] [_,0x00200293]  207     PC=(0x800003ac,0x800003a8,0x800003a4) [63, 19, 19], WB: DASM(00120213)
Cyc=       216 Op1=[0x00000001] Op2=[0x00000002] W[W, 5= 0x00000002] [_,0xfe5214e3]  208   B PC=(0x800003b0,0x800003ac,0x800003a8) [37, 99, 19], WB: DASM(00200293)
Cyc=       217 Op1=[0xff000000] Op2=[0x00000000] W[_, 9= 0x00000003] [_,0xff000eb7]  209     PC=(0x80000394,0x800003b0,0x800003ac) [37, 51, 99], WB: DASM(fe5214e3)
Cyc=       218 Op1=[0x80000000] Op2=[0x00000000] W[_,29= 0xff000000] [_,0x800000b7]  210     PC=(0x80000398,0x80000394,0x800003b0) [13, 55, 51], WB: DASM(00004033)
Cyc=       219 Op1=[0x00000000] Op2=[0x00000007] W[W, 1= 0x80000000] [_,0x00700113]  210     PC=(0x8000039c,0x80000398,0x80000394) [33, 19, 55], WB: DASM(800000b7)
Cyc=       220 Op1=[0x80000000] Op2=[0x00000007] W[W, 2= 0x00000007] [_,0x4020df33]  211     PC=(0x800003a0,0x8000039c,0x80000398) [13, 51, 19], WB: DASM(00700113)
Cyc=       221 Op1=[0xff000000] Op2=[0x00000000] W[W,30= 0xff000000] [_,0x000f0313]  212     PC=(0x800003a4,0x800003a0,0x8000039c) [13, 19, 51], WB: DASM(4020df33)
Cyc=       222 Op1=[0x00000001] Op2=[0x00000001] W[W, 6= 0xff000000] [_,0x00120213]  213     PC=(0x800003a8,0x800003a4,0x800003a0) [13, 19, 19], WB: DASM(000f0313)
Cyc=       223 Op1=[0x00000000] Op2=[0x00000002] W[W, 4= 0x00000002] [_,0x00200293]  214     PC=(0x800003ac,0x800003a8,0x800003a4) [63, 19, 19], WB: DASM(00120213)
Cyc=       224 Op1=[0x00000002] Op2=[0x00000002] W[W, 5= 0x00000002] [_,0xfe5214e3]  215     PC=(0x800003b0,0x800003ac,0x800003a8) [37, 99, 19], WB: DASM(00200293)
Cyc=       225 Op1=[0xff000000] Op2=[0x00000000] W[_, 9= 0x00000004] [_,0xff000eb7]  216     PC=(0x800003b4,0x800003b0,0x800003ac) [13, 55, 99], WB: DASM(fe5214e3)
Cyc=       226 Op1=[0x00000000] Op2=[0x00000019] W[W,29= 0xff000000] [_,0x01900193]  217     PC=(0x800003b8,0x800003b4,0x800003b0) [63, 19, 55], WB: DASM(ff000eb7)
Cyc=       227 Op1=[0xff000000] Op2=[0xff000000] W[W, 3= 0x00000019] [_,0x2fd31063]  218     PC=(0x800003bc,0x800003b8,0x800003b4) [13, 99, 19], WB: DASM(01900193)
Cyc=       228 Op1=[0x00000000] Op2=[0x00000000] W[_, 0= 0xfe000000] [_,0x00000213]  219     PC=(0x800003c0,0x800003bc,0x800003b8) [37, 19, 99], WB: DASM(2fd31063)
Cyc=       229 Op1=[0x80000000] Op2=[0x00000000] W[W, 4= 0x00000000] [_,0x800000b7]  220     PC=(0x800003c4,0x800003c0,0x800003bc) [13, 55, 19], WB: DASM(00000213)
Cyc=       230 Op1=[0x00000000] Op2=[0x0000000e] W[W, 1= 0x80000000] [_,0x00e00113]  221     PC=(0x800003c8,0x800003c4,0x800003c0) [33, 19, 55], WB: DASM(800000b7)
Cyc=       231 Op1=[0x80000000] Op2=[0x0000000e] W[W, 2= 0x0000000e] [_,0x4020df33]  222     PC=(0x800003cc,0x800003c8,0x800003c4) [13, 51, 19], WB: DASM(00e00113)
Cyc=       232 Op1=[0x00000000] Op2=[0x00000000] W[W,30= 0xfffe0000] [_,0x00000013]  223     PC=(0x800003d0,0x800003cc,0x800003c8) [13, 19, 51], WB: DASM(4020df33)
Cyc=       233 Op1=[0xfffe0000] Op2=[0x00000000] W[W, 0= 0x00000000] [_,0x000f0313]  224     PC=(0x800003d4,0x800003d0,0x800003cc) [13, 19, 19], WB: DASM(00000013)
Cyc=       234 Op1=[0x00000000] Op2=[0x00000001] W[W, 6= 0xfffe0000] [_,0x00120213]  225     PC=(0x800003d8,0x800003d4,0x800003d0) [13, 19, 19], WB: DASM(000f0313)
Cyc=       235 Op1=[0x00000000] Op2=[0x00000002] W[W, 4= 0x00000001] [_,0x00200293]  226     PC=(0x800003dc,0x800003d8,0x800003d4) [63, 19, 19], WB: DASM(00120213)
Cyc=       236 Op1=[0x00000001] Op2=[0x00000002] W[W, 5= 0x00000002] [_,0xfe5212e3]  227   B PC=(0x800003e0,0x800003dc,0x800003d8) [37, 99, 19], WB: DASM(00200293)
Cyc=       237 Op1=[0xfffe0000] Op2=[0x00000000] W[_, 5= 0x00000003] [_,0xfffe0eb7]  228     PC=(0x800003c0,0x800003e0,0x800003dc) [37, 51, 99], WB: DASM(fe5212e3)
Cyc=       238 Op1=[0x80000000] Op2=[0x00000000] W[_,29= 0xfffe0000] [_,0x800000b7]  229     PC=(0x800003c4,0x800003c0,0x800003e0) [13, 55, 51], WB: DASM(00004033)
Cyc=       239 Op1=[0x00000000] Op2=[0x0000000e] W[W, 1= 0x80000000] [_,0x00e00113]  229     PC=(0x800003c8,0x800003c4,0x800003c0) [33, 19, 55], WB: DASM(800000b7)
Cyc=       240 Op1=[0x80000000] Op2=[0x0000000e] W[W, 2= 0x0000000e] [_,0x4020df33]  230     PC=(0x800003cc,0x800003c8,0x800003c4) [13, 51, 19], WB: DASM(00e00113)
Cyc=       241 Op1=[0x00000000] Op2=[0x00000000] W[W,30= 0xfffe0000] [_,0x00000013]  231     PC=(0x800003d0,0x800003cc,0x800003c8) [13, 19, 51], WB: DASM(4020df33)
Cyc=       242 Op1=[0xfffe0000] Op2=[0x00000000] W[W, 0= 0x00000000] [_,0x000f0313]  232     PC=(0x800003d4,0x800003d0,0x800003cc) [13, 19, 19], WB: DASM(00000013)
Cyc=       243 Op1=[0x00000001] Op2=[0x00000001] W[W, 6= 0xfffe0000] [_,0x00120213]  233     PC=(0x800003d8,0x800003d4,0x800003d0) [13, 19, 19], WB: DASM(000f0313)
Cyc=       244 Op1=[0x00000000] Op2=[0x00000002] W[W, 4= 0x00000002] [_,0x00200293]  234     PC=(0x800003dc,0x800003d8,0x800003d4) [63, 19, 19], WB: DASM(00120213)
Cyc=       245 Op1=[0x00000002] Op2=[0x00000002] W[W, 5= 0x00000002] [_,0xfe5212e3]  235     PC=(0x800003e0,0x800003dc,0x800003d8) [37, 99, 19], WB: DASM(00200293)
Cyc=       246 Op1=[0xfffe0000] Op2=[0x00000000] W[_, 5= 0x00000004] [_,0xfffe0eb7]  236     PC=(0x800003e4,0x800003e0,0x800003dc) [13, 55, 99], WB: DASM(fe5212e3)
Cyc=       247 Op1=[0x00000000] Op2=[0x0000001a] W[W,29= 0xfffe0000] [_,0x01a00193]  237     PC=(0x800003e8,0x800003e4,0x800003e0) [63, 19, 55], WB: DASM(fffe0eb7)
Cyc=       248 Op1=[0xfffe0000] Op2=[0xfffe0000] W[W, 3= 0x0000001a] [_,0x2bd31863]  238     PC=(0x800003ec,0x800003e8,0x800003e4) [13, 99, 19], WB: DASM(01a00193)
Cyc=       249 Op1=[0x00000000] Op2=[0x00000000] W[_,16= 0xfffc0000] [_,0x00000213]  239     PC=(0x800003f0,0x800003ec,0x800003e8) [37, 19, 99], WB: DASM(2bd31863)
Cyc=       250 Op1=[0x80000000] Op2=[0x00000000] W[W, 4= 0x00000000] [_,0x800000b7]  240     PC=(0x800003f4,0x800003f0,0x800003ec) [13, 55, 19], WB: DASM(00000213)
Cyc=       251 Op1=[0x00000000] Op2=[0x0000001f] W[W, 1= 0x80000000] [_,0x01f00113]  241     PC=(0x800003f8,0x800003f4,0x800003f0) [33, 19, 55], WB: DASM(800000b7)
Cyc=       252 Op1=[0x80000000] Op2=[0x0000001f] W[W, 2= 0x0000001f] [_,0x4020df33]  242     PC=(0x800003fc,0x800003f8,0x800003f4) [13, 51, 19], WB: DASM(01f00113)
Cyc=       253 Op1=[0x00000000] Op2=[0x00000000] W[W,30= 0xffffffff] [_,0x00000013]  243     PC=(0x80000400,0x800003fc,0x800003f8) [13, 19, 51], WB: DASM(4020df33)
Cyc=       254 Op1=[0x00000000] Op2=[0x00000000] W[W, 0= 0x00000000] [_,0x00000013]  244     PC=(0x80000404,0x80000400,0x800003fc) [13, 19, 19], WB: DASM(00000013)
Cyc=       255 Op1=[0xffffffff] Op2=[0x00000000] W[W, 0= 0x00000000] [_,0x000f0313]  245     PC=(0x80000408,0x80000404,0x80000400) [13, 19, 19], WB: DASM(00000013)
Cyc=       256 Op1=[0x00000000] Op2=[0x00000001] W[W, 6= 0xffffffff] [_,0x00120213]  246     PC=(0x8000040c,0x80000408,0x80000404) [13, 19, 19], WB: DASM(000f0313)
Cyc=       257 Op1=[0x00000000] Op2=[0x00000002] W[W, 4= 0x00000001] [_,0x00200293]  247     PC=(0x80000410,0x8000040c,0x80000408) [63, 19, 19], WB: DASM(00120213)
Cyc=       258 Op1=[0x00000001] Op2=[0x00000002] W[W, 5= 0x00000002] [_,0xfe5210e3]  248   B PC=(0x80000414,0x80000410,0x8000040c) [13, 99, 19], WB: DASM(00200293)
Cyc=       259 Op1=[0x00000000] Op2=[0xffffffff] W[_, 1= 0x00000003] [_,0xfff00e93]  249     PC=(0x800003f0,0x80000414,0x80000410) [37, 51, 99], WB: DASM(fe5210e3)
Cyc=       260 Op1=[0x80000000] Op2=[0x00000000] W[_,29= 0xffffffff] [_,0x800000b7]  250     PC=(0x800003f4,0x800003f0,0x80000414) [13, 55, 51], WB: DASM(00004033)
Cyc=       261 Op1=[0x00000000] Op2=[0x0000001f] W[W, 1= 0x80000000] [_,0x01f00113]  250     PC=(0x800003f8,0x800003f4,0x800003f0) [33, 19, 55], WB: DASM(800000b7)
Cyc=       262 Op1=[0x80000000] Op2=[0x0000001f] W[W, 2= 0x0000001f] [_,0x4020df33]  251     PC=(0x800003fc,0x800003f8,0x800003f4) [13, 51, 19], WB: DASM(01f00113)
Cyc=       263 Op1=[0x00000000] Op2=[0x00000000] W[W,30= 0xffffffff] [_,0x00000013]  252     PC=(0x80000400,0x800003fc,0x800003f8) [13, 19, 51], WB: DASM(4020df33)
Cyc=       264 Op1=[0x00000000] Op2=[0x00000000] W[W, 0= 0x00000000] [_,0x00000013]  253     PC=(0x80000404,0x80000400,0x800003fc) [13, 19, 19], WB: DASM(00000013)
Cyc=       265 Op1=[0xffffffff] Op2=[0x00000000] W[W, 0= 0x00000000] [_,0x000f0313]  254     PC=(0x80000408,0x80000404,0x80000400) [13, 19, 19], WB: DASM(00000013)
Cyc=       266 Op1=[0x00000001] Op2=[0x00000001] W[W, 6= 0xffffffff] [_,0x00120213]  255     PC=(0x8000040c,0x80000408,0x80000404) [13, 19, 19], WB: DASM(000f0313)
Cyc=       267 Op1=[0x00000000] Op2=[0x00000002] W[W, 4= 0x00000002] [_,0x00200293]  256     PC=(0x80000410,0x8000040c,0x80000408) [63, 19, 19], WB: DASM(00120213)
Cyc=       268 Op1=[0x00000002] Op2=[0x00000002] W[W, 5= 0x00000002] [_,0xfe5210e3]  257     PC=(0x80000414,0x80000410,0x8000040c) [13, 99, 19], WB: DASM(00200293)
Cyc=       269 Op1=[0x00000000] Op2=[0xffffffff] W[_, 1= 0x00000004] [_,0xfff00e93]  258     PC=(0x80000418,0x80000414,0x80000410) [13, 19, 99], WB: DASM(fe5210e3)
Cyc=       270 Op1=[0x00000000] Op2=[0x0000001b] W[W,29= 0xffffffff] [_,0x01b00193]  259     PC=(0x8000041c,0x80000418,0x80000414) [63, 19, 19], WB: DASM(fff00e93)
Cyc=       271 Op1=[0xffffffff] Op2=[0xffffffff] W[W, 3= 0x0000001b] [_,0x27d31e63]  260     PC=(0x80000420,0x8000041c,0x80000418) [13, 99, 19], WB: DASM(01b00193)
Cyc=       272 Op1=[0x00000000] Op2=[0x00000000] W[_,28= 0xfffffffe] [_,0x00000213]  261     PC=(0x80000424,0x80000420,0x8000041c) [37, 19, 99], WB: DASM(27d31e63)
Cyc=       273 Op1=[0x80000000] Op2=[0x00000000] W[W, 4= 0x00000000] [_,0x800000b7]  262     PC=(0x80000428,0x80000424,0x80000420) [13, 55, 19], WB: DASM(00000213)
Cyc=       274 Op1=[0x00000000] Op2=[0x00000007] W[W, 1= 0x80000000] [_,0x00700113]  263     PC=(0x8000042c,0x80000428,0x80000424) [33, 19, 55], WB: DASM(800000b7)
Cyc=       275 Op1=[0x80000000] Op2=[0x00000007] W[W, 2= 0x00000007] [_,0x4020df33]  264     PC=(0x80000430,0x8000042c,0x80000428) [13, 51, 19], WB: DASM(00700113)
Cyc=       276 Op1=[0x00000000] Op2=[0x00000001] W[W,30= 0xff000000] [_,0x00120213]  265     PC=(0x80000434,0x80000430,0x8000042c) [13, 19, 51], WB: DASM(4020df33)
Cyc=       277 Op1=[0x00000000] Op2=[0x00000002] W[W, 4= 0x00000001] [_,0x00200293]  266     PC=(0x80000438,0x80000434,0x80000430) [63, 19, 19], WB: DASM(00120213)
Cyc=       278 Op1=[0x00000001] Op2=[0x00000002] W[W, 5= 0x00000002] [_,0xfe5216e3]  267   B PC=(0x8000043c,0x80000438,0x80000434) [37, 99, 19], WB: DASM(00200293)
Cyc=       279 Op1=[0xff000000] Op2=[0x00000000] W[_,13= 0x00000003] [_,0xff000eb7]  268     PC=(0x80000424,0x8000043c,0x80000438) [37, 51, 99], WB: DASM(fe5216e3)
Cyc=       280 Op1=[0x80000000] Op2=[0x00000000] W[_,29= 0xff000000] [_,0x800000b7]  269     PC=(0x80000428,0x80000424,0x8000043c) [13, 55, 51], WB: DASM(00004033)
Cyc=       281 Op1=[0x00000000] Op2=[0x00000007] W[W, 1= 0x80000000] [_,0x00700113]  269     PC=(0x8000042c,0x80000428,0x80000424) [33, 19, 55], WB: DASM(800000b7)
Cyc=       282 Op1=[0x80000000] Op2=[0x00000007] W[W, 2= 0x00000007] [_,0x4020df33]  270     PC=(0x80000430,0x8000042c,0x80000428) [13, 51, 19], WB: DASM(00700113)
Cyc=       283 Op1=[0x00000001] Op2=[0x00000001] W[W,30= 0xff000000] [_,0x00120213]  271     PC=(0x80000434,0x80000430,0x8000042c) [13, 19, 51], WB: DASM(4020df33)
Cyc=       284 Op1=[0x00000000] Op2=[0x00000002] W[W, 4= 0x00000002] [_,0x00200293]  272     PC=(0x80000438,0x80000434,0x80000430) [63, 19, 19], WB: DASM(00120213)
Cyc=       285 Op1=[0x00000002] Op2=[0x00000002] W[W, 5= 0x00000002] [_,0xfe5216e3]  273     PC=(0x8000043c,0x80000438,0x80000434) [37, 99, 19], WB: DASM(00200293)
Cyc=       286 Op1=[0xff000000] Op2=[0x00000000] W[_,13= 0x00000004] [_,0xff000eb7]  274     PC=(0x80000440,0x8000043c,0x80000438) [13, 55, 99], WB: DASM(fe5216e3)
Cyc=       287 Op1=[0x00000000] Op2=[0x0000001c] W[W,29= 0xff000000] [_,0x01c00193]  275     PC=(0x80000444,0x80000440,0x8000043c) [63, 19, 55], WB: DASM(ff000eb7)
Cyc=       288 Op1=[0xff000000] Op2=[0xff000000] W[W, 3= 0x0000001c] [_,0x25df1a63]  276     PC=(0x80000448,0x80000444,0x80000440) [13, 99, 19], WB: DASM(01c00193)
Cyc=       289 Op1=[0x00000000] Op2=[0x00000000] W[_,20= 0xfe000000] [_,0x00000213]  277     PC=(0x8000044c,0x80000448,0x80000444) [37, 19, 99], WB: DASM(25df1a63)
Cyc=       290 Op1=[0x80000000] Op2=[0x00000000] W[W, 4= 0x00000000] [_,0x800000b7]  278     PC=(0x80000450,0x8000044c,0x80000448) [13, 55, 19], WB: DASM(00000213)
Cyc=       291 Op1=[0x00000000] Op2=[0x0000000e] W[W, 1= 0x80000000] [_,0x00e00113]  279     PC=(0x80000454,0x80000450,0x8000044c) [13, 19, 55], WB: DASM(800000b7)
Cyc=       292 Op1=[0x00000000] Op2=[0x00000000] W[W, 2= 0x0000000e] [_,0x00000013]  280     PC=(0x80000458,0x80000454,0x80000450) [33, 19, 19], WB: DASM(00e00113)
Cyc=       293 Op1=[0x80000000] Op2=[0x0000000e] W[W, 0= 0x00000000] [_,0x4020df33]  281     PC=(0x8000045c,0x80000458,0x80000454) [13, 51, 19], WB: DASM(00000013)
Cyc=       294 Op1=[0x00000000] Op2=[0x00000001] W[W,30= 0xfffe0000] [_,0x00120213]  282     PC=(0x80000460,0x8000045c,0x80000458) [13, 19, 51], WB: DASM(4020df33)
Cyc=       295 Op1=[0x00000000] Op2=[0x00000002] W[W, 4= 0x00000001] [_,0x00200293]  283     PC=(0x80000464,0x80000460,0x8000045c) [63, 19, 19], WB: DASM(00120213)
Cyc=       296 Op1=[0x00000001] Op2=[0x00000002] W[W, 5= 0x00000002] [_,0xfe5214e3]  284   B PC=(0x80000468,0x80000464,0x80000460) [37, 99, 19], WB: DASM(00200293)
Cyc=       297 Op1=[0xfffe0000] Op2=[0x00000000] W[_, 9= 0x00000003] [_,0xfffe0eb7]  285     PC=(0x8000044c,0x80000468,0x80000464) [37, 51, 99], WB: DASM(fe5214e3)
Cyc=       298 Op1=[0x80000000] Op2=[0x00000000] W[_,29= 0xfffe0000] [_,0x800000b7]  286     PC=(0x80000450,0x8000044c,0x80000468) [13, 55, 51], WB: DASM(00004033)
Cyc=       299 Op1=[0x00000000] Op2=[0x0000000e] W[W, 1= 0x80000000] [_,0x00e00113]  286     PC=(0x80000454,0x80000450,0x8000044c) [13, 19, 55], WB: DASM(800000b7)
Cyc=       300 Op1=[0x00000000] Op2=[0x00000000] W[W, 2= 0x0000000e] [_,0x00000013]  287     PC=(0x80000458,0x80000454,0x80000450) [33, 19, 19], WB: DASM(00e00113)
Cyc=       301 Op1=[0x80000000] Op2=[0x0000000e] W[W, 0= 0x00000000] [_,0x4020df33]  288     PC=(0x8000045c,0x80000458,0x80000454) [13, 51, 19], WB: DASM(00000013)
Cyc=       302 Op1=[0x00000001] Op2=[0x00000001] W[W,30= 0xfffe0000] [_,0x00120213]  289     PC=(0x80000460,0x8000045c,0x80000458) [13, 19, 51], WB: DASM(4020df33)
Cyc=       303 Op1=[0x00000000] Op2=[0x00000002] W[W, 4= 0x00000002] [_,0x00200293]  290     PC=(0x80000464,0x80000460,0x8000045c) [63, 19, 19], WB: DASM(00120213)
Cyc=       304 Op1=[0x00000002] Op2=[0x00000002] W[W, 5= 0x00000002] [_,0xfe5214e3]  291     PC=(0x80000468,0x80000464,0x80000460) [37, 99, 19], WB: DASM(00200293)
Cyc=       305 Op1=[0xfffe0000] Op2=[0x00000000] W[_, 9= 0x00000004] [_,0xfffe0eb7]  292     PC=(0x8000046c,0x80000468,0x80000464) [13, 55, 99], WB: DASM(fe5214e3)
Cyc=       306 Op1=[0x00000000] Op2=[0x0000001d] W[W,29= 0xfffe0000] [_,0x01d00193]  293     PC=(0x80000470,0x8000046c,0x80000468) [63, 19, 55], WB: DASM(fffe0eb7)
Cyc=       307 Op1=[0xfffe0000] Op2=[0xfffe0000] W[W, 3= 0x0000001d] [_,0x23df1463]  294     PC=(0x80000474,0x80000470,0x8000046c) [13, 99, 19], WB: DASM(01d00193)
Cyc=       308 Op1=[0x00000000] Op2=[0x00000000] W[_, 8= 0xfffc0000] [_,0x00000213]  295     PC=(0x80000478,0x80000474,0x80000470) [37, 19, 99], WB: DASM(23df1463)
Cyc=       309 Op1=[0x80000000] Op2=[0x00000000] W[W, 4= 0x00000000] [_,0x800000b7]  296     PC=(0x8000047c,0x80000478,0x80000474) [13, 55, 19], WB: DASM(00000213)
Cyc=       310 Op1=[0x00000000] Op2=[0x0000001f] W[W, 1= 0x80000000] [_,0x01f00113]  297     PC=(0x80000480,0x8000047c,0x80000478) [13, 19, 55], WB: DASM(800000b7)
Cyc=       311 Op1=[0x00000000] Op2=[0x00000000] W[W, 2= 0x0000001f] [_,0x00000013]  298     PC=(0x80000484,0x80000480,0x8000047c) [13, 19, 19], WB: DASM(01f00113)
Cyc=       312 Op1=[0x00000000] Op2=[0x00000000] W[W, 0= 0x00000000] [_,0x00000013]  299     PC=(0x80000488,0x80000484,0x80000480) [33, 19, 19], WB: DASM(00000013)
Cyc=       313 Op1=[0x80000000] Op2=[0x0000001f] W[W, 0= 0x00000000] [_,0x4020df33]  300     PC=(0x8000048c,0x80000488,0x80000484) [13, 51, 19], WB: DASM(00000013)
Cyc=       314 Op1=[0x00000000] Op2=[0x00000001] W[W,30= 0xffffffff] [_,0x00120213]  301     PC=(0x80000490,0x8000048c,0x80000488) [13, 19, 51], WB: DASM(4020df33)
Cyc=       315 Op1=[0x00000000] Op2=[0x00000002] W[W, 4= 0x00000001] [_,0x00200293]  302     PC=(0x80000494,0x80000490,0x8000048c) [63, 19, 19], WB: DASM(00120213)
Cyc=       316 Op1=[0x00000001] Op2=[0x00000002] W[W, 5= 0x00000002] [_,0xfe5212e3]  303   B PC=(0x80000498,0x80000494,0x80000490) [13, 99, 19], WB: DASM(00200293)
Cyc=       317 Op1=[0x00000000] Op2=[0xffffffff] W[_, 5= 0x00000003] [_,0xfff00e93]  304     PC=(0x80000478,0x80000498,0x80000494) [37, 51, 99], WB: DASM(fe5212e3)
Cyc=       318 Op1=[0x80000000] Op2=[0x00000000] W[_,29= 0xffffffff] [_,0x800000b7]  305     PC=(0x8000047c,0x80000478,0x80000498) [13, 55, 51], WB: DASM(00004033)
Cyc=       319 Op1=[0x00000000] Op2=[0x0000001f] W[W, 1= 0x80000000] [_,0x01f00113]  305     PC=(0x80000480,0x8000047c,0x80000478) [13, 19, 55], WB: DASM(800000b7)
Cyc=       320 Op1=[0x00000000] Op2=[0x00000000] W[W, 2= 0x0000001f] [_,0x00000013]  306     PC=(0x80000484,0x80000480,0x8000047c) [13, 19, 19], WB: DASM(01f00113)
Cyc=       321 Op1=[0x00000000] Op2=[0x00000000] W[W, 0= 0x00000000] [_,0x00000013]  307     PC=(0x80000488,0x80000484,0x80000480) [33, 19, 19], WB: DASM(00000013)
Cyc=       322 Op1=[0x80000000] Op2=[0x0000001f] W[W, 0= 0x00000000] [_,0x4020df33]  308     PC=(0x8000048c,0x80000488,0x80000484) [13, 51, 19], WB: DASM(00000013)
Cyc=       323 Op1=[0x00000001] Op2=[0x00000001] W[W,30= 0xffffffff] [_,0x00120213]  309     PC=(0x80000490,0x8000048c,0x80000488) [13, 19, 51], WB: DASM(4020df33)
Cyc=       324 Op1=[0x00000000] Op2=[0x00000002] W[W, 4= 0x00000002] [_,0x00200293]  310     PC=(0x80000494,0x80000490,0x8000048c) [63, 19, 19], WB: DASM(00120213)
Cyc=       325 Op1=[0x00000002] Op2=[0x00000002] W[W, 5= 0x00000002] [_,0xfe5212e3]  311     PC=(0x80000498,0x80000494,0x80000490) [13, 99, 19], WB: DASM(00200293)
Cyc=       326 Op1=[0x00000000] Op2=[0xffffffff] W[_, 5= 0x00000004] [_,0xfff00e93]  312     PC=(0x8000049c,0x80000498,0x80000494) [13, 19, 99], WB: DASM(fe5212e3)
Cyc=       327 Op1=[0x00000000] Op2=[0x0000001e] W[W,29= 0xffffffff] [_,0x01e00193]  313     PC=(0x800004a0,0x8000049c,0x80000498) [63, 19, 19], WB: DASM(fff00e93)
Cyc=       328 Op1=[0xffffffff] Op2=[0xffffffff] W[W, 3= 0x0000001e] [_,0x1fdf1c63]  314     PC=(0x800004a4,0x800004a0,0x8000049c) [13, 99, 19], WB: DASM(01e00193)
Cyc=       329 Op1=[0x00000000] Op2=[0x00000000] W[_,24= 0xfffffffe] [_,0x00000213]  315     PC=(0x800004a8,0x800004a4,0x800004a0) [37, 19, 99], WB: DASM(1fdf1c63)
Cyc=       330 Op1=[0x80000000] Op2=[0x00000000] W[W, 4= 0x00000000] [_,0x800000b7]  316     PC=(0x800004ac,0x800004a8,0x800004a4) [13, 55, 19], WB: DASM(00000213)
Cyc=       331 Op1=[0x00000000] Op2=[0x00000000] W[W, 1= 0x80000000] [_,0x00000013]  317     PC=(0x800004b0,0x800004ac,0x800004a8) [13, 19, 55], WB: DASM(800000b7)
Cyc=       332 Op1=[0x00000000] Op2=[0x00000007] W[W, 0= 0x00000000] [_,0x00700113]  318     PC=(0x800004b4,0x800004b0,0x800004ac) [33, 19, 19], WB: DASM(00000013)
Cyc=       333 Op1=[0x80000000] Op2=[0x00000007] W[W, 2= 0x00000007] [_,0x4020df33]  319     PC=(0x800004b8,0x800004b4,0x800004b0) [13, 51, 19], WB: DASM(00700113)
Cyc=       334 Op1=[0x00000000] Op2=[0x00000001] W[W,30= 0xff000000] [_,0x00120213]  320     PC=(0x800004bc,0x800004b8,0x800004b4) [13, 19, 51], WB: DASM(4020df33)
Cyc=       335 Op1=[0x00000000] Op2=[0x00000002] W[W, 4= 0x00000001] [_,0x00200293]  321     PC=(0x800004c0,0x800004bc,0x800004b8) [63, 19, 19], WB: DASM(00120213)
Cyc=       336 Op1=[0x00000001] Op2=[0x00000002] W[W, 5= 0x00000002] [_,0xfe5214e3]  322   B PC=(0x800004c4,0x800004c0,0x800004bc) [37, 99, 19], WB: DASM(00200293)
Cyc=       337 Op1=[0xff000000] Op2=[0x00000000] W[_, 9= 0x00000003] [_,0xff000eb7]  323     PC=(0x800004a8,0x800004c4,0x800004c0) [37, 51, 99], WB: DASM(fe5214e3)
Cyc=       338 Op1=[0x80000000] Op2=[0x00000000] W[_,29= 0xff000000] [_,0x800000b7]  324     PC=(0x800004ac,0x800004a8,0x800004c4) [13, 55, 51], WB: DASM(00004033)
Cyc=       339 Op1=[0x00000000] Op2=[0x00000000] W[W, 1= 0x80000000] [_,0x00000013]  324     PC=(0x800004b0,0x800004ac,0x800004a8) [13, 19, 55], WB: DASM(800000b7)
Cyc=       340 Op1=[0x00000000] Op2=[0x00000007] W[W, 0= 0x00000000] [_,0x00700113]  325     PC=(0x800004b4,0x800004b0,0x800004ac) [33, 19, 19], WB: DASM(00000013)
Cyc=       341 Op1=[0x80000000] Op2=[0x00000007] W[W, 2= 0x00000007] [_,0x4020df33]  326     PC=(0x800004b8,0x800004b4,0x800004b0) [13, 51, 19], WB: DASM(00700113)
Cyc=       342 Op1=[0x00000001] Op2=[0x00000001] W[W,30= 0xff000000] [_,0x00120213]  327     PC=(0x800004bc,0x800004b8,0x800004b4) [13, 19, 51], WB: DASM(4020df33)
Cyc=       343 Op1=[0x00000000] Op2=[0x00000002] W[W, 4= 0x00000002] [_,0x00200293]  328     PC=(0x800004c0,0x800004bc,0x800004b8) [63, 19, 19], WB: DASM(00120213)
Cyc=       344 Op1=[0x00000002] Op2=[0x00000002] W[W, 5= 0x00000002] [_,0xfe5214e3]  329     PC=(0x800004c4,0x800004c0,0x800004bc) [37, 99, 19], WB: DASM(00200293)
Cyc=       345 Op1=[0xff000000] Op2=[0x00000000] W[_, 9= 0x00000004] [_,0xff000eb7]  330     PC=(0x800004c8,0x800004c4,0x800004c0) [13, 55, 99], WB: DASM(fe5214e3)
Cyc=       346 Op1=[0x00000000] Op2=[0x0000001f] W[W,29= 0xff000000] [_,0x01f00193]  331     PC=(0x800004cc,0x800004c8,0x800004c4) [63, 19, 55], WB: DASM(ff000eb7)
Cyc=       347 Op1=[0xff000000] Op2=[0xff000000] W[W, 3= 0x0000001f] [_,0x1ddf1663]  332     PC=(0x800004d0,0x800004cc,0x800004c8) [13, 99, 19], WB: DASM(01f00193)
Cyc=       348 Op1=[0x00000000] Op2=[0x00000000] W[_,12= 0xfe000000] [_,0x00000213]  333     PC=(0x800004d4,0x800004d0,0x800004cc) [37, 19, 99], WB: DASM(1ddf1663)
Cyc=       349 Op1=[0x80000000] Op2=[0x00000000] W[W, 4= 0x00000000] [_,0x800000b7]  334     PC=(0x800004d8,0x800004d4,0x800004d0) [13, 55, 19], WB: DASM(00000213)
Cyc=       350 Op1=[0x00000000] Op2=[0x00000000] W[W, 1= 0x80000000] [_,0x00000013]  335     PC=(0x800004dc,0x800004d8,0x800004d4) [13, 19, 55], WB: DASM(800000b7)
Cyc=       351 Op1=[0x00000000] Op2=[0x0000000e] W[W, 0= 0x00000000] [_,0x00e00113]  336     PC=(0x800004e0,0x800004dc,0x800004d8) [13, 19, 19], WB: DASM(00000013)
Cyc=       352 Op1=[0x00000000] Op2=[0x00000000] W[W, 2= 0x0000000e] [_,0x00000013]  337     PC=(0x800004e4,0x800004e0,0x800004dc) [33, 19, 19], WB: DASM(00e00113)
Cyc=       353 Op1=[0x80000000] Op2=[0x0000000e] W[W, 0= 0x00000000] [_,0x4020df33]  338     PC=(0x800004e8,0x800004e4,0x800004e0) [13, 51, 19], WB: DASM(00000013)
Cyc=       354 Op1=[0x00000000] Op2=[0x00000001] W[W,30= 0xfffe0000] [_,0x00120213]  339     PC=(0x800004ec,0x800004e8,0x800004e4) [13, 19, 51], WB: DASM(4020df33)
Cyc=       355 Op1=[0x00000000] Op2=[0x00000002] W[W, 4= 0x00000001] [_,0x00200293]  340     PC=(0x800004f0,0x800004ec,0x800004e8) [63, 19, 19], WB: DASM(00120213)
Cyc=       356 Op1=[0x00000001] Op2=[0x00000002] W[W, 5= 0x00000002] [_,0xfe5212e3]  341   B PC=(0x800004f4,0x800004f0,0x800004ec) [37, 99, 19], WB: DASM(00200293)
Cyc=       357 Op1=[0xfffe0000] Op2=[0x00000000] W[_, 5= 0x00000003] [_,0xfffe0eb7]  342     PC=(0x800004d4,0x800004f4,0x800004f0) [37, 51, 99], WB: DASM(fe5212e3)
Cyc=       358 Op1=[0x80000000] Op2=[0x00000000] W[_,29= 0xfffe0000] [_,0x800000b7]  343     PC=(0x800004d8,0x800004d4,0x800004f4) [13, 55, 51], WB: DASM(00004033)
Cyc=       359 Op1=[0x00000000] Op2=[0x00000000] W[W, 1= 0x80000000] [_,0x00000013]  343     PC=(0x800004dc,0x800004d8,0x800004d4) [13, 19, 55], WB: DASM(800000b7)
Cyc=       360 Op1=[0x00000000] Op2=[0x0000000e] W[W, 0= 0x00000000] [_,0x00e00113]  344     PC=(0x800004e0,0x800004dc,0x800004d8) [13, 19, 19], WB: DASM(00000013)
Cyc=       361 Op1=[0x00000000] Op2=[0x00000000] W[W, 2= 0x0000000e] [_,0x00000013]  345     PC=(0x800004e4,0x800004e0,0x800004dc) [33, 19, 19], WB: DASM(00e00113)
Cyc=       362 Op1=[0x80000000] Op2=[0x0000000e] W[W, 0= 0x00000000] [_,0x4020df33]  346     PC=(0x800004e8,0x800004e4,0x800004e0) [13, 51, 19], WB: DASM(00000013)
Cyc=       363 Op1=[0x00000001] Op2=[0x00000001] W[W,30= 0xfffe0000] [_,0x00120213]  347     PC=(0x800004ec,0x800004e8,0x800004e4) [13, 19, 51], WB: DASM(4020df33)
Cyc=       364 Op1=[0x00000000] Op2=[0x00000002] W[W, 4= 0x00000002] [_,0x00200293]  348     PC=(0x800004f0,0x800004ec,0x800004e8) [63, 19, 19], WB: DASM(00120213)
Cyc=       365 Op1=[0x00000002] Op2=[0x00000002] W[W, 5= 0x00000002] [_,0xfe5212e3]  349     PC=(0x800004f4,0x800004f0,0x800004ec) [37, 99, 19], WB: DASM(00200293)
Cyc=       366 Op1=[0xfffe0000] Op2=[0x00000000] W[_, 5= 0x00000004] [_,0xfffe0eb7]  350     PC=(0x800004f8,0x800004f4,0x800004f0) [13, 55, 99], WB: DASM(fe5212e3)
Cyc=       367 Op1=[0x00000000] Op2=[0x00000020] W[W,29= 0xfffe0000] [_,0x02000193]  351     PC=(0x800004fc,0x800004f8,0x800004f4) [63, 19, 55], WB: DASM(fffe0eb7)
Cyc=       368 Op1=[0xfffe0000] Op2=[0xfffe0000] W[W, 3= 0x00000020] [_,0x19df1e63]  352     PC=(0x80000500,0x800004fc,0x800004f8) [13, 99, 19], WB: DASM(02000193)
Cyc=       369 Op1=[0x00000000] Op2=[0x00000000] W[_,28= 0xfffc0000] [_,0x00000213]  353     PC=(0x80000504,0x80000500,0x800004fc) [37, 19, 99], WB: DASM(19df1e63)
Cyc=       370 Op1=[0x80000000] Op2=[0x00000000] W[W, 4= 0x00000000] [_,0x800000b7]  354     PC=(0x80000508,0x80000504,0x80000500) [13, 55, 19], WB: DASM(00000213)
Cyc=       371 Op1=[0x00000000] Op2=[0x00000000] W[W, 1= 0x80000000] [_,0x00000013]  355     PC=(0x8000050c,0x80000508,0x80000504) [13, 19, 55], WB: DASM(800000b7)
Cyc=       372 Op1=[0x00000000] Op2=[0x00000000] W[W, 0= 0x00000000] [_,0x00000013]  356     PC=(0x80000510,0x8000050c,0x80000508) [13, 19, 19], WB: DASM(00000013)
Cyc=       373 Op1=[0x00000000] Op2=[0x0000001f] W[W, 0= 0x00000000] [_,0x01f00113]  357     PC=(0x80000514,0x80000510,0x8000050c) [33, 19, 19], WB: DASM(00000013)
Cyc=       374 Op1=[0x80000000] Op2=[0x0000001f] W[W, 2= 0x0000001f] [_,0x4020df33]  358     PC=(0x80000518,0x80000514,0x80000510) [13, 51, 19], WB: DASM(01f00113)
Cyc=       375 Op1=[0x00000000] Op2=[0x00000001] W[W,30= 0xffffffff] [_,0x00120213]  359     PC=(0x8000051c,0x80000518,0x80000514) [13, 19, 51], WB: DASM(4020df33)
Cyc=       376 Op1=[0x00000000] Op2=[0x00000002] W[W, 4= 0x00000001] [_,0x00200293]  360     PC=(0x80000520,0x8000051c,0x80000518) [63, 19, 19], WB: DASM(00120213)
Cyc=       377 Op1=[0x00000001] Op2=[0x00000002] W[W, 5= 0x00000002] [_,0xfe5212e3]  361   B PC=(0x80000524,0x80000520,0x8000051c) [13, 99, 19], WB: DASM(00200293)
Cyc=       378 Op1=[0x00000000] Op2=[0xffffffff] W[_, 5= 0x00000003] [_,0xfff00e93]  362     PC=(0x80000504,0x80000524,0x80000520) [37, 51, 99], WB: DASM(fe5212e3)
Cyc=       379 Op1=[0x80000000] Op2=[0x00000000] W[_,29= 0xffffffff] [_,0x800000b7]  363     PC=(0x80000508,0x80000504,0x80000524) [13, 55, 51], WB: DASM(00004033)
Cyc=       380 Op1=[0x00000000] Op2=[0x00000000] W[W, 1= 0x80000000] [_,0x00000013]  363     PC=(0x8000050c,0x80000508,0x80000504) [13, 19, 55], WB: DASM(800000b7)
Cyc=       381 Op1=[0x00000000] Op2=[0x00000000] W[W, 0= 0x00000000] [_,0x00000013]  364     PC=(0x80000510,0x8000050c,0x80000508) [13, 19, 19], WB: DASM(00000013)
Cyc=       382 Op1=[0x00000000] Op2=[0x0000001f] W[W, 0= 0x00000000] [_,0x01f00113]  365     PC=(0x80000514,0x80000510,0x8000050c) [33, 19, 19], WB: DASM(00000013)
Cyc=       383 Op1=[0x80000000] Op2=[0x0000001f] W[W, 2= 0x0000001f] [_,0x4020df33]  366     PC=(0x80000518,0x80000514,0x80000510) [13, 51, 19], WB: DASM(01f00113)
Cyc=       384 Op1=[0x00000001] Op2=[0x00000001] W[W,30= 0xffffffff] [_,0x00120213]  367     PC=(0x8000051c,0x80000518,0x80000514) [13, 19, 51], WB: DASM(4020df33)
Cyc=       385 Op1=[0x00000000] Op2=[0x00000002] W[W, 4= 0x00000002] [_,0x00200293]  368     PC=(0x80000520,0x8000051c,0x80000518) [63, 19, 19], WB: DASM(00120213)
Cyc=       386 Op1=[0x00000002] Op2=[0x00000002] W[W, 5= 0x00000002] [_,0xfe5212e3]  369     PC=(0x80000524,0x80000520,0x8000051c) [13, 99, 19], WB: DASM(00200293)
Cyc=       387 Op1=[0x00000000] Op2=[0xffffffff] W[_, 5= 0x00000004] [_,0xfff00e93]  370     PC=(0x80000528,0x80000524,0x80000520) [13, 19, 99], WB: DASM(fe5212e3)
Cyc=       388 Op1=[0x00000000] Op2=[0x00000021] W[W,29= 0xffffffff] [_,0x02100193]  371     PC=(0x8000052c,0x80000528,0x80000524) [63, 19, 19], WB: DASM(fff00e93)
Cyc=       389 Op1=[0xffffffff] Op2=[0xffffffff] W[W, 3= 0x00000021] [_,0x17df1663]  372     PC=(0x80000530,0x8000052c,0x80000528) [13, 99, 19], WB: DASM(02100193)
Cyc=       390 Op1=[0x00000000] Op2=[0x00000000] W[_,12= 0xfffffffe] [_,0x00000213]  373     PC=(0x80000534,0x80000530,0x8000052c) [13, 19, 99], WB: DASM(17df1663)
Cyc=       391 Op1=[0x00000000] Op2=[0x00000007] W[W, 4= 0x00000000] [_,0x00700113]  374     PC=(0x80000538,0x80000534,0x80000530) [37, 19, 19], WB: DASM(00000213)
Cyc=       392 Op1=[0x80000000] Op2=[0x00000000] W[W, 2= 0x00000007] [_,0x800000b7]  375     PC=(0x8000053c,0x80000538,0x80000534) [33, 55, 19], WB: DASM(00700113)
Cyc=       393 Op1=[0x80000000] Op2=[0x00000007] W[W, 1= 0x80000000] [_,0x4020df33]  376     PC=(0x80000540,0x8000053c,0x80000538) [13, 51, 55], WB: DASM(800000b7)
Cyc=       394 Op1=[0x00000000] Op2=[0x00000001] W[W,30= 0xff000000] [_,0x00120213]  377     PC=(0x80000544,0x80000540,0x8000053c) [13, 19, 51], WB: DASM(4020df33)
Cyc=       395 Op1=[0x00000000] Op2=[0x00000002] W[W, 4= 0x00000001] [_,0x00200293]  378     PC=(0x80000548,0x80000544,0x80000540) [63, 19, 19], WB: DASM(00120213)
Cyc=       396 Op1=[0x00000001] Op2=[0x00000002] W[W, 5= 0x00000002] [_,0xfe5216e3]  379   B PC=(0x8000054c,0x80000548,0x80000544) [37, 99, 19], WB: DASM(00200293)
Cyc=       397 Op1=[0xff000000] Op2=[0x00000000] W[_,13= 0x00000003] [_,0xff000eb7]  380     PC=(0x80000534,0x8000054c,0x80000548) [13, 51, 99], WB: DASM(fe5216e3)
Cyc=       398 Op1=[0x00000000] Op2=[0x00000007] W[_,29= 0xff000000] [_,0x00700113]  381     PC=(0x80000538,0x80000534,0x8000054c) [37, 19, 51], WB: DASM(00004033)
Cyc=       399 Op1=[0x80000000] Op2=[0x00000000] W[W, 2= 0x00000007] [_,0x800000b7]  381     PC=(0x8000053c,0x80000538,0x80000534) [33, 55, 19], WB: DASM(00700113)
Cyc=       400 Op1=[0x80000000] Op2=[0x00000007] W[W, 1= 0x80000000] [_,0x4020df33]  382     PC=(0x80000540,0x8000053c,0x80000538) [13, 51, 55], WB: DASM(800000b7)
Cyc=       401 Op1=[0x00000001] Op2=[0x00000001] W[W,30= 0xff000000] [_,0x00120213]  383     PC=(0x80000544,0x80000540,0x8000053c) [13, 19, 51], WB: DASM(4020df33)
Cyc=       402 Op1=[0x00000000] Op2=[0x00000002] W[W, 4= 0x00000002] [_,0x00200293]  384     PC=(0x80000548,0x80000544,0x80000540) [63, 19, 19], WB: DASM(00120213)
Cyc=       403 Op1=[0x00000002] Op2=[0x00000002] W[W, 5= 0x00000002] [_,0xfe5216e3]  385     PC=(0x8000054c,0x80000548,0x80000544) [37, 99, 19], WB: DASM(00200293)
Cyc=       404 Op1=[0xff000000] Op2=[0x00000000] W[_,13= 0x00000004] [_,0xff000eb7]  386     PC=(0x80000550,0x8000054c,0x80000548) [13, 55, 99], WB: DASM(fe5216e3)
Cyc=       405 Op1=[0x00000000] Op2=[0x00000022] W[W,29= 0xff000000] [_,0x02200193]  387     PC=(0x80000554,0x80000550,0x8000054c) [63, 19, 55], WB: DASM(ff000eb7)
Cyc=       406 Op1=[0xff000000] Op2=[0xff000000] W[W, 3= 0x00000022] [_,0x15df1263]  388     PC=(0x80000558,0x80000554,0x80000550) [13, 99, 19], WB: DASM(02200193)
Cyc=       407 Op1=[0x00000000] Op2=[0x00000000] W[_, 4= 0xfe000000] [_,0x00000213]  389     PC=(0x8000055c,0x80000558,0x80000554) [13, 19, 99], WB: DASM(15df1263)
Cyc=       408 Op1=[0x00000000] Op2=[0x0000000e] W[W, 4= 0x00000000] [_,0x00e00113]  390     PC=(0x80000560,0x8000055c,0x80000558) [37, 19, 19], WB: DASM(00000213)
Cyc=       409 Op1=[0x80000000] Op2=[0x00000000] W[W, 2= 0x0000000e] [_,0x800000b7]  391     PC=(0x80000564,0x80000560,0x8000055c) [13, 55, 19], WB: DASM(00e00113)
Cyc=       410 Op1=[0x00000000] Op2=[0x00000000] W[W, 1= 0x80000000] [_,0x00000013]  392     PC=(0x80000568,0x80000564,0x80000560) [33, 19, 55], WB: DASM(800000b7)
Cyc=       411 Op1=[0x80000000] Op2=[0x0000000e] W[W, 0= 0x00000000] [_,0x4020df33]  393     PC=(0x8000056c,0x80000568,0x80000564) [13, 51, 19], WB: DASM(00000013)
Cyc=       412 Op1=[0x00000000] Op2=[0x00000001] W[W,30= 0xfffe0000] [_,0x00120213]  394     PC=(0x80000570,0x8000056c,0x80000568) [13, 19, 51], WB: DASM(4020df33)
Cyc=       413 Op1=[0x00000000] Op2=[0x00000002] W[W, 4= 0x00000001] [_,0x00200293]  395     PC=(0x80000574,0x80000570,0x8000056c) [63, 19, 19], WB: DASM(00120213)
Cyc=       414 Op1=[0x00000001] Op2=[0x00000002] W[W, 5= 0x00000002] [_,0xfe5214e3]  396   B PC=(0x80000578,0x80000574,0x80000570) [37, 99, 19], WB: DASM(00200293)
Cyc=       415 Op1=[0xfffe0000] Op2=[0x00000000] W[_, 9= 0x00000003] [_,0xfffe0eb7]  397     PC=(0x8000055c,0x80000578,0x80000574) [13, 51, 99], WB: DASM(fe5214e3)
Cyc=       416 Op1=[0x00000000] Op2=[0x0000000e] W[_,29= 0xfffe0000] [_,0x00e00113]  398     PC=(0x80000560,0x8000055c,0x80000578) [37, 19, 51], WB: DASM(00004033)
Cyc=       417 Op1=[0x80000000] Op2=[0x00000000] W[W, 2= 0x0000000e] [_,0x800000b7]  398     PC=(0x80000564,0x80000560,0x8000055c) [13, 55, 19], WB: DASM(00e00113)
Cyc=       418 Op1=[0x00000000] Op2=[0x00000000] W[W, 1= 0x80000000] [_,0x00000013]  399     PC=(0x80000568,0x80000564,0x80000560) [33, 19, 55], WB: DASM(800000b7)
Cyc=       419 Op1=[0x80000000] Op2=[0x0000000e] W[W, 0= 0x00000000] [_,0x4020df33]  400     PC=(0x8000056c,0x80000568,0x80000564) [13, 51, 19], WB: DASM(00000013)
Cyc=       420 Op1=[0x00000001] Op2=[0x00000001] W[W,30= 0xfffe0000] [_,0x00120213]  401     PC=(0x80000570,0x8000056c,0x80000568) [13, 19, 51], WB: DASM(4020df33)
Cyc=       421 Op1=[0x00000000] Op2=[0x00000002] W[W, 4= 0x00000002] [_,0x00200293]  402     PC=(0x80000574,0x80000570,0x8000056c) [63, 19, 19], WB: DASM(00120213)
Cyc=       422 Op1=[0x00000002] Op2=[0x00000002] W[W, 5= 0x00000002] [_,0xfe5214e3]  403     PC=(0x80000578,0x80000574,0x80000570) [37, 99, 19], WB: DASM(00200293)
Cyc=       423 Op1=[0xfffe0000] Op2=[0x00000000] W[_, 9= 0x00000004] [_,0xfffe0eb7]  404     PC=(0x8000057c,0x80000578,0x80000574) [13, 55, 99], WB: DASM(fe5214e3)
Cyc=       424 Op1=[0x00000000] Op2=[0x00000023] W[W,29= 0xfffe0000] [_,0x02300193]  405     PC=(0x80000580,0x8000057c,0x80000578) [63, 19, 55], WB: DASM(fffe0eb7)
Cyc=       425 Op1=[0xfffe0000] Op2=[0xfffe0000] W[W, 3= 0x00000023] [_,0x11df1c63]  406     PC=(0x80000584,0x80000580,0x8000057c) [13, 99, 19], WB: DASM(02300193)
Cyc=       426 Op1=[0x00000000] Op2=[0x00000000] W[_,24= 0xfffc0000] [_,0x00000213]  407     PC=(0x80000588,0x80000584,0x80000580) [13, 19, 99], WB: DASM(11df1c63)
Cyc=       427 Op1=[0x00000000] Op2=[0x0000001f] W[W, 4= 0x00000000] [_,0x01f00113]  408     PC=(0x8000058c,0x80000588,0x80000584) [37, 19, 19], WB: DASM(00000213)
Cyc=       428 Op1=[0x80000000] Op2=[0x00000000] W[W, 2= 0x0000001f] [_,0x800000b7]  409     PC=(0x80000590,0x8000058c,0x80000588) [13, 55, 19], WB: DASM(01f00113)
Cyc=       429 Op1=[0x00000000] Op2=[0x00000000] W[W, 1= 0x80000000] [_,0x00000013]  410     PC=(0x80000594,0x80000590,0x8000058c) [13, 19, 55], WB: DASM(800000b7)
Cyc=       430 Op1=[0x00000000] Op2=[0x00000000] W[W, 0= 0x00000000] [_,0x00000013]  411     PC=(0x80000598,0x80000594,0x80000590) [33, 19, 19], WB: DASM(00000013)
Cyc=       431 Op1=[0x80000000] Op2=[0x0000001f] W[W, 0= 0x00000000] [_,0x4020df33]  412     PC=(0x8000059c,0x80000598,0x80000594) [13, 51, 19], WB: DASM(00000013)
Cyc=       432 Op1=[0x00000000] Op2=[0x00000001] W[W,30= 0xffffffff] [_,0x00120213]  413     PC=(0x800005a0,0x8000059c,0x80000598) [13, 19, 51], WB: DASM(4020df33)
Cyc=       433 Op1=[0x00000000] Op2=[0x00000002] W[W, 4= 0x00000001] [_,0x00200293]  414     PC=(0x800005a4,0x800005a0,0x8000059c) [63, 19, 19], WB: DASM(00120213)
Cyc=       434 Op1=[0x00000001] Op2=[0x00000002] W[W, 5= 0x00000002] [_,0xfe5212e3]  415   B PC=(0x800005a8,0x800005a4,0x800005a0) [13, 99, 19], WB: DASM(00200293)
Cyc=       435 Op1=[0x00000000] Op2=[0xffffffff] W[_, 5= 0x00000003] [_,0xfff00e93]  416     PC=(0x80000588,0x800005a8,0x800005a4) [13, 51, 99], WB: DASM(fe5212e3)
Cyc=       436 Op1=[0x00000000] Op2=[0x0000001f] W[_,29= 0xffffffff] [_,0x01f00113]  417     PC=(0x8000058c,0x80000588,0x800005a8) [37, 19, 51], WB: DASM(00004033)
Cyc=       437 Op1=[0x80000000] Op2=[0x00000000] W[W, 2= 0x0000001f] [_,0x800000b7]  417     PC=(0x80000590,0x8000058c,0x80000588) [13, 55, 19], WB: DASM(01f00113)
Cyc=       438 Op1=[0x00000000] Op2=[0x00000000] W[W, 1= 0x80000000] [_,0x00000013]  418     PC=(0x80000594,0x80000590,0x8000058c) [13, 19, 55], WB: DASM(800000b7)
Cyc=       439 Op1=[0x00000000] Op2=[0x00000000] W[W, 0= 0x00000000] [_,0x00000013]  419     PC=(0x80000598,0x80000594,0x80000590) [33, 19, 19], WB: DASM(00000013)
Cyc=       440 Op1=[0x80000000] Op2=[0x0000001f] W[W, 0= 0x00000000] [_,0x4020df33]  420     PC=(0x8000059c,0x80000598,0x80000594) [13, 51, 19], WB: DASM(00000013)
Cyc=       441 Op1=[0x00000001] Op2=[0x00000001] W[W,30= 0xffffffff] [_,0x00120213]  421     PC=(0x800005a0,0x8000059c,0x80000598) [13, 19, 51], WB: DASM(4020df33)
Cyc=       442 Op1=[0x00000000] Op2=[0x00000002] W[W, 4= 0x00000002] [_,0x00200293]  422     PC=(0x800005a4,0x800005a0,0x8000059c) [63, 19, 19], WB: DASM(00120213)
Cyc=       443 Op1=[0x00000002] Op2=[0x00000002] W[W, 5= 0x00000002] [_,0xfe5212e3]  423     PC=(0x800005a8,0x800005a4,0x800005a0) [13, 99, 19], WB: DASM(00200293)
Cyc=       444 Op1=[0x00000000] Op2=[0xffffffff] W[_, 5= 0x00000004] [_,0xfff00e93]  424     PC=(0x800005ac,0x800005a8,0x800005a4) [13, 19, 99], WB: DASM(fe5212e3)
Cyc=       445 Op1=[0x00000000] Op2=[0x00000024] W[W,29= 0xffffffff] [_,0x02400193]  425     PC=(0x800005b0,0x800005ac,0x800005a8) [63, 19, 19], WB: DASM(fff00e93)
Cyc=       446 Op1=[0xffffffff] Op2=[0xffffffff] W[W, 3= 0x00000024] [_,0x0fdf1463]  426     PC=(0x800005b4,0x800005b0,0x800005ac) [13, 99, 19], WB: DASM(02400193)
Cyc=       447 Op1=[0x00000000] Op2=[0x00000000] W[_, 8= 0xfffffffe] [_,0x00000213]  427     PC=(0x800005b8,0x800005b4,0x800005b0) [13, 19, 99], WB: DASM(0fdf1463)
Cyc=       448 Op1=[0x00000000] Op2=[0x00000007] W[W, 4= 0x00000000] [_,0x00700113]  428     PC=(0x800005bc,0x800005b8,0x800005b4) [13, 19, 19], WB: DASM(00000213)
Cyc=       449 Op1=[0x00000000] Op2=[0x00000000] W[W, 2= 0x00000007] [_,0x00000013]  429     PC=(0x800005c0,0x800005bc,0x800005b8) [37, 19, 19], WB: DASM(00700113)
Cyc=       450 Op1=[0x80000000] Op2=[0x00000000] W[W, 0= 0x00000000] [_,0x800000b7]  430     PC=(0x800005c4,0x800005c0,0x800005bc) [33, 55, 19], WB: DASM(00000013)
Cyc=       451 Op1=[0x80000000] Op2=[0x00000007] W[W, 1= 0x80000000] [_,0x4020df33]  431     PC=(0x800005c8,0x800005c4,0x800005c0) [13, 51, 55], WB: DASM(800000b7)
Cyc=       452 Op1=[0x00000000] Op2=[0x00000001] W[W,30= 0xff000000] [_,0x00120213]  432     PC=(0x800005cc,0x800005c8,0x800005c4) [13, 19, 51], WB: DASM(4020df33)
Cyc=       453 Op1=[0x00000000] Op2=[0x00000002] W[W, 4= 0x00000001] [_,0x00200293]  433     PC=(0x800005d0,0x800005cc,0x800005c8) [63, 19, 19], WB: DASM(00120213)
Cyc=       454 Op1=[0x00000001] Op2=[0x00000002] W[W, 5= 0x00000002] [_,0xfe5214e3]  434   B PC=(0x800005d4,0x800005d0,0x800005cc) [37, 99, 19], WB: DASM(00200293)
Cyc=       455 Op1=[0xff000000] Op2=[0x00000000] W[_, 9= 0x00000003] [_,0xff000eb7]  435     PC=(0x800005b8,0x800005d4,0x800005d0) [13, 51, 99], WB: DASM(fe5214e3)
Cyc=       456 Op1=[0x00000000] Op2=[0x00000007] W[_,29= 0xff000000] [_,0x00700113]  436     PC=(0x800005bc,0x800005b8,0x800005d4) [13, 19, 51], WB: DASM(00004033)
Cyc=       457 Op1=[0x00000000] Op2=[0x00000000] W[W, 2= 0x00000007] [_,0x00000013]  436     PC=(0x800005c0,0x800005bc,0x800005b8) [37, 19, 19], WB: DASM(00700113)
Cyc=       458 Op1=[0x80000000] Op2=[0x00000000] W[W, 0= 0x00000000] [_,0x800000b7]  437     PC=(0x800005c4,0x800005c0,0x800005bc) [33, 55, 19], WB: DASM(00000013)
Cyc=       459 Op1=[0x80000000] Op2=[0x00000007] W[W, 1= 0x80000000] [_,0x4020df33]  438     PC=(0x800005c8,0x800005c4,0x800005c0) [13, 51, 55], WB: DASM(800000b7)
Cyc=       460 Op1=[0x00000001] Op2=[0x00000001] W[W,30= 0xff000000] [_,0x00120213]  439     PC=(0x800005cc,0x800005c8,0x800005c4) [13, 19, 51], WB: DASM(4020df33)
Cyc=       461 Op1=[0x00000000] Op2=[0x00000002] W[W, 4= 0x00000002] [_,0x00200293]  440     PC=(0x800005d0,0x800005cc,0x800005c8) [63, 19, 19], WB: DASM(00120213)
Cyc=       462 Op1=[0x00000002] Op2=[0x00000002] W[W, 5= 0x00000002] [_,0xfe5214e3]  441     PC=(0x800005d4,0x800005d0,0x800005cc) [37, 99, 19], WB: DASM(00200293)
Cyc=       463 Op1=[0xff000000] Op2=[0x00000000] W[_, 9= 0x00000004] [_,0xff000eb7]  442     PC=(0x800005d8,0x800005d4,0x800005d0) [13, 55, 99], WB: DASM(fe5214e3)
Cyc=       464 Op1=[0x00000000] Op2=[0x00000025] W[W,29= 0xff000000] [_,0x02500193]  443     PC=(0x800005dc,0x800005d8,0x800005d4) [63, 19, 55], WB: DASM(ff000eb7)
Cyc=       465 Op1=[0xff000000] Op2=[0xff000000] W[W, 3= 0x00000025] [_,0x0bdf1e63]  444     PC=(0x800005e0,0x800005dc,0x800005d8) [13, 99, 19], WB: DASM(02500193)
Cyc=       466 Op1=[0x00000000] Op2=[0x00000000] W[_,28= 0xfe000000] [_,0x00000213]  445     PC=(0x800005e4,0x800005e0,0x800005dc) [13, 19, 99], WB: DASM(0bdf1e63)
Cyc=       467 Op1=[0x00000000] Op2=[0x0000000e] W[W, 4= 0x00000000] [_,0x00e00113]  446     PC=(0x800005e8,0x800005e4,0x800005e0) [13, 19, 19], WB: DASM(00000213)
Cyc=       468 Op1=[0x00000000] Op2=[0x00000000] W[W, 2= 0x0000000e] [_,0x00000013]  447     PC=(0x800005ec,0x800005e8,0x800005e4) [37, 19, 19], WB: DASM(00e00113)
Cyc=       469 Op1=[0x80000000] Op2=[0x00000000] W[W, 0= 0x00000000] [_,0x800000b7]  448     PC=(0x800005f0,0x800005ec,0x800005e8) [13, 55, 19], WB: DASM(00000013)
Cyc=       470 Op1=[0x00000000] Op2=[0x00000000] W[W, 1= 0x80000000] [_,0x00000013]  449     PC=(0x800005f4,0x800005f0,0x800005ec) [33, 19, 55], WB: DASM(800000b7)
Cyc=       471 Op1=[0x80000000] Op2=[0x0000000e] W[W, 0= 0x00000000] [_,0x4020df33]  450     PC=(0x800005f8,0x800005f4,0x800005f0) [13, 51, 19], WB: DASM(00000013)
Cyc=       472 Op1=[0x00000000] Op2=[0x00000001] W[W,30= 0xfffe0000] [_,0x00120213]  451     PC=(0x800005fc,0x800005f8,0x800005f4) [13, 19, 51], WB: DASM(4020df33)
Cyc=       473 Op1=[0x00000000] Op2=[0x00000002] W[W, 4= 0x00000001] [_,0x00200293]  452     PC=(0x80000600,0x800005fc,0x800005f8) [63, 19, 19], WB: DASM(00120213)
Cyc=       474 Op1=[0x00000001] Op2=[0x00000002] W[W, 5= 0x00000002] [_,0xfe5212e3]  453   B PC=(0x80000604,0x80000600,0x800005fc) [37, 99, 19], WB: DASM(00200293)
Cyc=       475 Op1=[0xfffe0000] Op2=[0x00000000] W[_, 5= 0x00000003] [_,0xfffe0eb7]  454     PC=(0x800005e4,0x80000604,0x80000600) [13, 51, 99], WB: DASM(fe5212e3)
Cyc=       476 Op1=[0x00000000] Op2=[0x0000000e] W[_,29= 0xfffe0000] [_,0x00e00113]  455     PC=(0x800005e8,0x800005e4,0x80000604) [13, 19, 51], WB: DASM(00004033)
Cyc=       477 Op1=[0x00000000] Op2=[0x00000000] W[W, 2= 0x0000000e] [_,0x00000013]  455     PC=(0x800005ec,0x800005e8,0x800005e4) [37, 19, 19], WB: DASM(00e00113)
Cyc=       478 Op1=[0x80000000] Op2=[0x00000000] W[W, 0= 0x00000000] [_,0x800000b7]  456     PC=(0x800005f0,0x800005ec,0x800005e8) [13, 55, 19], WB: DASM(00000013)
Cyc=       479 Op1=[0x00000000] Op2=[0x00000000] W[W, 1= 0x80000000] [_,0x00000013]  457     PC=(0x800005f4,0x800005f0,0x800005ec) [33, 19, 55], WB: DASM(800000b7)
Cyc=       480 Op1=[0x80000000] Op2=[0x0000000e] W[W, 0= 0x00000000] [_,0x4020df33]  458     PC=(0x800005f8,0x800005f4,0x800005f0) [13, 51, 19], WB: DASM(00000013)
Cyc=       481 Op1=[0x00000001] Op2=[0x00000001] W[W,30= 0xfffe0000] [_,0x00120213]  459     PC=(0x800005fc,0x800005f8,0x800005f4) [13, 19, 51], WB: DASM(4020df33)
Cyc=       482 Op1=[0x00000000] Op2=[0x00000002] W[W, 4= 0x00000002] [_,0x00200293]  460     PC=(0x80000600,0x800005fc,0x800005f8) [63, 19, 19], WB: DASM(00120213)
Cyc=       483 Op1=[0x00000002] Op2=[0x00000002] W[W, 5= 0x00000002] [_,0xfe5212e3]  461     PC=(0x80000604,0x80000600,0x800005fc) [37, 99, 19], WB: DASM(00200293)
Cyc=       484 Op1=[0xfffe0000] Op2=[0x00000000] W[_, 5= 0x00000004] [_,0xfffe0eb7]  462     PC=(0x80000608,0x80000604,0x80000600) [13, 55, 99], WB: DASM(fe5212e3)
Cyc=       485 Op1=[0x00000000] Op2=[0x00000026] W[W,29= 0xfffe0000] [_,0x02600193]  463     PC=(0x8000060c,0x80000608,0x80000604) [63, 19, 55], WB: DASM(fffe0eb7)
Cyc=       486 Op1=[0xfffe0000] Op2=[0xfffe0000] W[W, 3= 0x00000026] [_,0x09df1663]  464     PC=(0x80000610,0x8000060c,0x80000608) [13, 99, 19], WB: DASM(02600193)
Cyc=       487 Op1=[0x00000000] Op2=[0x00000000] W[_,12= 0xfffc0000] [_,0x00000213]  465     PC=(0x80000614,0x80000610,0x8000060c) [13, 19, 99], WB: DASM(09df1663)
Cyc=       488 Op1=[0x00000000] Op2=[0x0000001f] W[W, 4= 0x00000000] [_,0x01f00113]  466     PC=(0x80000618,0x80000614,0x80000610) [13, 19, 19], WB: DASM(00000213)
Cyc=       489 Op1=[0x00000000] Op2=[0x00000000] W[W, 2= 0x0000001f] [_,0x00000013]  467     PC=(0x8000061c,0x80000618,0x80000614) [13, 19, 19], WB: DASM(01f00113)
Cyc=       490 Op1=[0x00000000] Op2=[0x00000000] W[W, 0= 0x00000000] [_,0x00000013]  468     PC=(0x80000620,0x8000061c,0x80000618) [37, 19, 19], WB: DASM(00000013)
Cyc=       491 Op1=[0x80000000] Op2=[0x00000000] W[W, 0= 0x00000000] [_,0x800000b7]  469     PC=(0x80000624,0x80000620,0x8000061c) [33, 55, 19], WB: DASM(00000013)
Cyc=       492 Op1=[0x80000000] Op2=[0x0000001f] W[W, 1= 0x80000000] [_,0x4020df33]  470     PC=(0x80000628,0x80000624,0x80000620) [13, 51, 55], WB: DASM(800000b7)
Cyc=       493 Op1=[0x00000000] Op2=[0x00000001] W[W,30= 0xffffffff] [_,0x00120213]  471     PC=(0x8000062c,0x80000628,0x80000624) [13, 19, 51], WB: DASM(4020df33)
Cyc=       494 Op1=[0x00000000] Op2=[0x00000002] W[W, 4= 0x00000001] [_,0x00200293]  472     PC=(0x80000630,0x8000062c,0x80000628) [63, 19, 19], WB: DASM(00120213)
Cyc=       495 Op1=[0x00000001] Op2=[0x00000002] W[W, 5= 0x00000002] [_,0xfe5212e3]  473   B PC=(0x80000634,0x80000630,0x8000062c) [13, 99, 19], WB: DASM(00200293)
Cyc=       496 Op1=[0x00000000] Op2=[0xffffffff] W[_, 5= 0x00000003] [_,0xfff00e93]  474     PC=(0x80000614,0x80000634,0x80000630) [13, 51, 99], WB: DASM(fe5212e3)
Cyc=       497 Op1=[0x00000000] Op2=[0x0000001f] W[_,29= 0xffffffff] [_,0x01f00113]  475     PC=(0x80000618,0x80000614,0x80000634) [13, 19, 51], WB: DASM(00004033)
Cyc=       498 Op1=[0x00000000] Op2=[0x00000000] W[W, 2= 0x0000001f] [_,0x00000013]  475     PC=(0x8000061c,0x80000618,0x80000614) [13, 19, 19], WB: DASM(01f00113)
Cyc=       499 Op1=[0x00000000] Op2=[0x00000000] W[W, 0= 0x00000000] [_,0x00000013]  476     PC=(0x80000620,0x8000061c,0x80000618) [37, 19, 19], WB: DASM(00000013)
Cyc=       500 Op1=[0x80000000] Op2=[0x00000000] W[W, 0= 0x00000000] [_,0x800000b7]  477     PC=(0x80000624,0x80000620,0x8000061c) [33, 55, 19], WB: DASM(00000013)
Cyc=       501 Op1=[0x80000000] Op2=[0x0000001f] W[W, 1= 0x80000000] [_,0x4020df33]  478     PC=(0x80000628,0x80000624,0x80000620) [13, 51, 55], WB: DASM(800000b7)
Cyc=       502 Op1=[0x00000001] Op2=[0x00000001] W[W,30= 0xffffffff] [_,0x00120213]  479     PC=(0x8000062c,0x80000628,0x80000624) [13, 19, 51], WB: DASM(4020df33)
Cyc=       503 Op1=[0x00000000] Op2=[0x00000002] W[W, 4= 0x00000002] [_,0x00200293]  480     PC=(0x80000630,0x8000062c,0x80000628) [63, 19, 19], WB: DASM(00120213)
Cyc=       504 Op1=[0x00000002] Op2=[0x00000002] W[W, 5= 0x00000002] [_,0xfe5212e3]  481     PC=(0x80000634,0x80000630,0x8000062c) [13, 99, 19], WB: DASM(00200293)
Cyc=       505 Op1=[0x00000000] Op2=[0xffffffff] W[_, 5= 0x00000004] [_,0xfff00e93]  482     PC=(0x80000638,0x80000634,0x80000630) [13, 19, 99], WB: DASM(fe5212e3)
Cyc=       506 Op1=[0x00000000] Op2=[0x00000027] W[W,29= 0xffffffff] [_,0x02700193]  483     PC=(0x8000063c,0x80000638,0x80000634) [63, 19, 19], WB: DASM(fff00e93)
Cyc=       507 Op1=[0xffffffff] Op2=[0xffffffff] W[W, 3= 0x00000027] [_,0x05df1e63]  484     PC=(0x80000640,0x8000063c,0x80000638) [13, 99, 19], WB: DASM(02700193)
Cyc=       508 Op1=[0x00000000] Op2=[0x0000000f] W[_,28= 0xfffffffe] [_,0x00f00093]  485     PC=(0x80000644,0x80000640,0x8000063c) [33, 19, 99], WB: DASM(05df1e63)
Cyc=       509 Op1=[0x00000000] Op2=[0x0000000f] W[W, 1= 0x0000000f] [_,0x40105133]  486     PC=(0x80000648,0x80000644,0x80000640) [13, 51, 19], WB: DASM(00f00093)
Cyc=       510 Op1=[0x00000000] Op2=[0x00000000] W[W, 2= 0x00000000] [_,0x00000e93]  487     PC=(0x8000064c,0x80000648,0x80000644) [13, 19, 51], WB: DASM(40105133)
Cyc=       511 Op1=[0x00000000] Op2=[0x00000028] W[W,29= 0x00000000] [_,0x02800193]  488     PC=(0x80000650,0x8000064c,0x80000648) [63, 19, 19], WB: DASM(00000e93)
Cyc=       512 Op1=[0x00000000] Op2=[0x00000000] W[W, 3= 0x00000028] [_,0x05d11463]  489     PC=(0x80000654,0x80000650,0x8000064c) [13, 99, 19], WB: DASM(02800193)
Cyc=       513 Op1=[0x00000000] Op2=[0x00000020] W[_, 8= 0x00000000] [_,0x02000093]  490     PC=(0x80000658,0x80000654,0x80000650) [33, 19, 99], WB: DASM(05d11463)
Cyc=       514 Op1=[0x00000020] Op2=[0x00000000] W[W, 1= 0x00000020] [_,0x4000d133]  491     PC=(0x8000065c,0x80000658,0x80000654) [13, 51, 19], WB: DASM(02000093)
Cyc=       515 Op1=[0x00000000] Op2=[0x00000020] W[W, 2= 0x00000020] [_,0x02000e93]  492     PC=(0x80000660,0x8000065c,0x80000658) [13, 19, 51], WB: DASM(4000d133)
Cyc=       516 Op1=[0x00000000] Op2=[0x00000029] W[W,29= 0x00000020] [_,0x02900193]  493     PC=(0x80000664,0x80000660,0x8000065c) [63, 19, 19], WB: DASM(02000e93)
Cyc=       517 Op1=[0x00000020] Op2=[0x00000020] W[W, 3= 0x00000029] [_,0x03d11a63]  494     PC=(0x80000668,0x80000664,0x80000660) [33, 99, 19], WB: DASM(02900193)
Cyc=       518 Op1=[0x00000000] Op2=[0x00000000] W[_,20= 0x00000040] [_,0x400050b3]  495     PC=(0x8000066c,0x80000668,0x80000664) [13, 51, 99], WB: DASM(03d11a63)
Cyc=       519 Op1=[0x00000000] Op2=[0x00000000] W[W, 1= 0x00000000] [_,0x00000e93]  496     PC=(0x80000670,0x8000066c,0x80000668) [13, 19, 51], WB: DASM(400050b3)
Cyc=       520 Op1=[0x00000000] Op2=[0x0000002a] W[W,29= 0x00000000] [_,0x02a00193]  497     PC=(0x80000674,0x80000670,0x8000066c) [63, 19, 19], WB: DASM(00000e93)
Cyc=       521 Op1=[0x00000000] Op2=[0x00000000] W[W, 3= 0x0000002a] [_,0x03d09263]  498     PC=(0x80000678,0x80000674,0x80000670) [13, 99, 19], WB: DASM(02a00193)
Cyc=       522 Op1=[0x00000000] Op2=[0x00000400] W[_, 4= 0x00000000] [_,0x40000093]  499     PC=(0x8000067c,0x80000678,0x80000674) [37, 19, 99], WB: DASM(03d09263)
Cyc=       523 Op1=[0x00001000] Op2=[0x00000000] W[W, 1= 0x00000400] [_,0x00001137]  500     PC=(0x80000680,0x8000067c,0x80000678) [13, 55, 19], WB: DASM(40000093)
Cyc=       524 Op1=[0x00001000] Op2=[0xfffff800] W[W, 2= 0x00001000] [_,0x80010113]  501     PC=(0x80000684,0x80000680,0x8000067c) [33, 19, 55], WB: DASM(00001137)
Cyc=       525 Op1=[0x00000400] Op2=[0x00000800] W[W, 2= 0x00000800] [_,0x4020d033]  502     PC=(0x80000688,0x80000684,0x80000680) [13, 51, 19], WB: DASM(80010113)
Cyc=       526 Op1=[0x00000000] Op2=[0x00000000] W[W, 0= 0x00000400] [_,0x00000e93]  503     PC=(0x8000068c,0x80000688,0x80000684) [13, 19, 51], WB: DASM(4020d033)
Cyc=       527 Op1=[0x00000000] Op2=[0x0000002b] W[W,29= 0x00000000] [_,0x02b00193]  504     PC=(0x80000690,0x8000068c,0x80000688) [63, 19, 19], WB: DASM(00000e93)
Cyc=       528 Op1=[0x00000000] Op2=[0x00000000] W[W, 3= 0x0000002b] [_,0x01d01463]  505     PC=(0x80000694,0x80000690,0x8000068c) [63, 99, 19], WB: DASM(02b00193)
Cyc=       529 Op1=[0x00000000] Op2=[0x0000002b] W[_, 8= 0x00000000] [_,0x00301c63]  506   B PC=(0x80000698,0x80000694,0x80000690) [0f, 99, 99], WB: DASM(01d01463)
Cyc=       530 Op1=[0x00000000] Op2=[0x00000000] W[_,24= 0x0000002b] [_,0x0ff0000f]  507     PC=(0x800006ac,0x80000698,0x80000694) [0f, 51, 99], WB: DASM(00301c63)
Cyc=       531 Op1=[0x00000000] Op2=[0x00000000] W[_, 0= 0x00000000] [_,0x0ff0000f]  508     PC=(0x800006b0,0x800006ac,0x80000698) [13, 15, 51], WB: DASM(00004033)
Cyc=       532 Op1=[0x00000000] Op2=[0x00000001] W[_, 0= 0x00000000] [_,0x00100193]  508     PC=(0x800006b4,0x800006b0,0x800006ac) [73, 19, 15], WB: DASM(0ff0000f)
Cyc=       533 Op1=[0x00000000] Op2=[0x00000000] W[W, 3= 0x00000001] [_,0x00000073]  509     PC=(0x800006b8,0x800006b4,0x800006b0) [73,115, 19], WB: DASM(00100193)
Cyc=       534 Op1=[0x00000000] Op2=[0x00000000] W[_, 0= 0x00000000] [_,0xc0001073]  510   X PC=(0x800006bc,0x800006b8,0x800006b4) [00,115,115], WB: DASM(00000073)
Cyc=       535 Op1=[0x00000000] Op2=[0x00000000] W[_, 0= 0x00000000] [_,0x00000000]  511     PC=(0x80000004,0x800006bc,0x800006b8) [73, 51, 51], WB: DASM(00004033)
Cyc=       536 Op1=[0x00000000] Op2=[0x00000800] W[_, 0= 0x00000000] [_,0x34202f73]  512     PC=(0x80000008,0x80000004,0x800006bc) [13,115, 51], WB: DASM(00004033)
Cyc=       537 Op1=[0x00000000] Op2=[0x00000008] W[W,30= 0x0000000b] [_,0x00800f93]  512     PC=(0x8000000c,0x80000008,0x80000004) [63, 19,115], WB: DASM(34202f73)
Cyc=       538 Op1=[0x0000000b] Op2=[0x00000008] W[W,31= 0x00000008] [_,0x03ff0a63]  513     PC=(0x80000010,0x8000000c,0x80000008) [13, 99, 19], WB: DASM(00800f93)
Cyc=       539 Op1=[0x00000000] Op2=[0x00000009] W[_,20= 0x00000013] [_,0x00900f93]  514     PC=(0x80000014,0x80000010,0x8000000c) [63, 19, 99], WB: DASM(03ff0a63)
Cyc=       540 Op1=[0x0000000b] Op2=[0x00000009] W[W,31= 0x00000009] [_,0x03ff0663]  515     PC=(0x80000018,0x80000014,0x80000010) [13, 99, 19], WB: DASM(00900f93)
Cyc=       541 Op1=[0x00000000] Op2=[0x0000000b] W[_,12= 0x00000014] [_,0x00b00f93]  516     PC=(0x8000001c,0x80000018,0x80000014) [63, 19, 99], WB: DASM(03ff0663)
Cyc=       542 Op1=[0x0000000b] Op2=[0x0000000b] W[W,31= 0x0000000b] [_,0x03ff0263]  517   B PC=(0x80000020,0x8000001c,0x80000018) [17, 99, 19], WB: DASM(00b00f93)
Cyc=       543 Op1=[0x80000000] Op2=[0x80000020] W[_, 4= 0x00000016] [_,0x80000f17]  518     PC=(0x80000040,0x80000020,0x8000001c) [17, 51, 99], WB: DASM(03ff0263)
Cyc=       544 Op1=[0x00001000] Op2=[0x80000040] W[_,30= 0x00000020] [_,0x00001f17]  519     PC=(0x80000044,0x80000040,0x80000020) [23, 23, 51], WB: DASM(00004033)
Cyc=       545 Op1=[0x80001040] Op2=[0xffffffc0] W[W,30= 0x80001040] [_,0xfc3f2023]  519     PC=(0x80000048,0x80000044,0x80000040) [6f, 35, 23], WB: DASM(00001f17)
Cyc=       546 Op1=[0x0000000b] Op2=[0x00000000] W[_, 0= 0x80001000] [_,0xff9ff06f]  520   J PC=(0x8000004c,0x80000048,0x80000044) [73,111, 35], WB: DASM(fc3f2023)
Cyc=       547 Op1=[0x00000000] Op2=[0x00000000] W[W, 0= 0x8000004c] [_,0xf1402573]  521     PC=(0x80000040,0x8000004c,0x80000048) [17, 51,111], WB: DASM(ff9ff06f)
Cyc=       548 Op1=[0x00001000] Op2=[0x80000040] W[_,10= 0x00000000] [_,0x00001f17]  522     PC=(0x80000044,0x80000040,0x8000004c) [23, 23, 51], WB: DASM(00004033)
Cyc=       549 Op1=[0x80001040] Op2=[0xffffffc0] W[W,30= 0x80001040] [_,0xfc3f2023]  522     PC=(0x80000048,0x80000044,0x80000040) [6f, 35, 23], WB: DASM(00001f17)
Cyc=       550 Op1=[0x0000000b] Op2=[0x00000000] W[_, 0= 0x80001000] [_,0xff9ff06f]  523   J PC=(0x8000004c,0x80000048,0x80000044) [73,111, 35], WB: DASM(fc3f2023)
Cyc=       551 Op1=[0x00000000] Op2=[0x00000000] W[W, 0= 0x8000004c] [_,0xf1402573]  524     PC=(0x80000040,0x8000004c,0x80000048) [17, 51,111], WB: DASM(ff9ff06f)
Cyc=       552 Op1=[0x00001000] Op2=[0x80000040] W[_,10= 0x00000000] [_,0x00001f17]  525     PC=(0x80000044,0x80000040,0x8000004c) [23, 23, 51], WB: DASM(00004033)
Cyc=       553 Op1=[0x80001040] Op2=[0xffffffc0] W[W,30= 0x80001040] [_,0xfc3f2023]  525     PC=(0x80000048,0x80000044,0x80000040) [6f, 35, 23], WB: DASM(00001f17)
Cyc=       554 Op1=[0x0000000b] Op2=[0x00000000] W[_, 0= 0x80001000] [_,0xff9ff06f]  526   J PC=(0x8000004c,0x80000048,0x80000044) [73,111, 35], WB: DASM(fc3f2023)
Cyc=       555 Op1=[0x00000000] Op2=[0x00000000] W[W, 0= 0x8000004c] [_,0xf1402573]  527     PC=(0x80000040,0x8000004c,0x80000048) [17, 51,111], WB: DASM(ff9ff06f)
Cyc=       556 Op1=[0x00001000] Op2=[0x80000040] W[_,10= 0x00000000] [_,0x00001f17]  528     PC=(0x80000044,0x80000040,0x8000004c) [23, 23, 51], WB: DASM(00004033)
Cyc=       557 Op1=[0x80001040] Op2=[0xffffffc0] W[W,30= 0x80001040] [_,0xfc3f2023]  528     PC=(0x80000048,0x80000044,0x80000040) [6f, 35, 23], WB: DASM(00001f17)
Cyc=       558 Op1=[0x0000000b] Op2=[0x00000000] W[_, 0= 0x80001000] [_,0xff9ff06f]  529   J PC=(0x8000004c,0x80000048,0x80000044) [73,111, 35], WB: DASM(fc3f2023)
Cyc=       559 Op1=[0x00000000] Op2=[0x00000000] W[W, 0= 0x8000004c] [_,0xf1402573]  530     PC=(0x80000040,0x8000004c,0x80000048) [17, 51,111], WB: DASM(ff9ff06f)
Cyc=       560 Op1=[0x00001000] Op2=[0x80000040] W[_,10= 0x00000000] [_,0x00001f17]  531     PC=(0x80000044,0x80000040,0x8000004c) [23, 23, 51], WB: DASM(00004033)
Cyc=       561 Op1=[0x80001040] Op2=[0xffffffc0] W[W,30= 0x80001040] [_,0xfc3f2023]  531     PC=(0x80000048,0x80000044,0x80000040) [6f, 35, 23], WB: DASM(00001f17)
Cyc=       562 Op1=[0x0000000b] Op2=[0x00000000] W[_, 0= 0x80001000] [_,0xff9ff06f]  532   J PC=(0x8000004c,0x80000048,0x80000044) [73,111, 35], WB: DASM(fc3f2023)
Cyc=       563 Op1=[0x00000000] Op2=[0x00000000] W[W, 0= 0x8000004c] [_,0xf1402573]  533     PC=(0x80000040,0x8000004c,0x80000048) [17, 51,111], WB: DASM(ff9ff06f)
Cyc=       564 Op1=[0x00001000] Op2=[0x80000040] W[_,10= 0x00000000] [_,0x00001f17]  534     PC=(0x80000044,0x80000040,0x8000004c) [23, 23, 51], WB: DASM(00004033)
Cyc=       565 Op1=[0x80001040] Op2=[0xffffffc0] W[W,30= 0x80001040] [_,0xfc3f2023]  534     PC=(0x80000048,0x80000044,0x80000040) [6f, 35, 23], WB: DASM(00001f17)
Cyc=       566 Op1=[0x0000000b] Op2=[0x00000000] W[_, 0= 0x80001000] [_,0xff9ff06f]  535   J PC=(0x8000004c,0x80000048,0x80000044) [73,111, 35], WB: DASM(fc3f2023)
Cyc=       567 Op1=[0x00000000] Op2=[0x00000000] W[W, 0= 0x8000004c] [_,0xf1402573]  536     PC=(0x80000040,0x8000004c,0x80000048) [17, 51,111], WB: DASM(ff9ff06f)
Cyc=       568 Op1=[0x00001000] Op2=[0x80000040] W[_,10= 0x00000000] [_,0x00001f17]  537     PC=(0x80000044,0x80000040,0x8000004c) [23, 23, 51], WB: DASM(00004033)
Cyc=       569 Op1=[0x80001040] Op2=[0xffffffc0] W[W,30= 0x80001040] [_,0xfc3f2023]  537     PC=(0x80000048,0x80000044,0x80000040) [6f, 35, 23], WB: DASM(00001f17)
Cyc=       570 Op1=[0x0000000b] Op2=[0x00000000] W[_, 0= 0x80001000] [_,0xff9ff06f]  538   J PC=(0x8000004c,0x80000048,0x80000044) [73,111, 35], WB: DASM(fc3f2023)
Cyc=       571 Op1=[0x00000000] Op2=[0x00000000] W[W, 0= 0x8000004c] [_,0xf1402573]  539     PC=(0x80000040,0x8000004c,0x80000048) [17, 51,111], WB: DASM(ff9ff06f)
Cyc=       572 Op1=[0x00001000] Op2=[0x80000040] W[_,10= 0x00000000] [_,0x00001f17]  540     PC=(0x80000044,0x80000040,0x8000004c) [23, 23, 51], WB: DASM(00004033)
Cyc=       573 Op1=[0x80001040] Op2=[0xffffffc0] W[W,30= 0x80001040] [_,0xfc3f2023]  540     PC=(0x80000048,0x80000044,0x80000040) [6f, 35, 23], WB: DASM(00001f17)
Cyc=       574 Op1=[0x0000000b] Op2=[0x00000000] W[_, 0= 0x80001000] [_,0xff9ff06f]  541   J PC=(0x8000004c,0x80000048,0x80000044) [73,111, 35], WB: DASM(fc3f2023)
Cyc=       575 Op1=[0x00000000] Op2=[0x00000000] W[W, 0= 0x8000004c] [_,0xf1402573]  542     PC=(0x80000040,0x8000004c,0x80000048) [17, 51,111], WB: DASM(ff9ff06f)
Cyc=       576 Op1=[0x00001000] Op2=[0x80000040] W[_,10= 0x00000000] [_,0x00001f17]  543     PC=(0x80000044,0x80000040,0x8000004c) [23, 23, 51], WB: DASM(00004033)
Cyc=       577 Op1=[0x80001040] Op2=[0xffffffc0] W[W,30= 0x80001040] [_,0xfc3f2023]  543     PC=(0x80000048,0x80000044,0x80000040) [6f, 35, 23], WB: DASM(00001f17)
Cyc=       578 Op1=[0x0000000b] Op2=[0x00000000] W[_, 0= 0x80001000] [_,0xff9ff06f]  544   J PC=(0x8000004c,0x80000048,0x80000044) [73,111, 35], WB: DASM(fc3f2023)
Cyc=       579 Op1=[0x00000000] Op2=[0x00000000] W[W, 0= 0x8000004c] [_,0xf1402573]  545     PC=(0x80000040,0x8000004c,0x80000048) [17, 51,111], WB: DASM(ff9ff06f)
Cyc=       580 Op1=[0x00001000] Op2=[0x80000040] W[_,10= 0x00000000] [_,0x00001f17]  546     PC=(0x80000044,0x80000040,0x8000004c) [23, 23, 51], WB: DASM(00004033)
Cyc=       581 Op1=[0x80001040] Op2=[0xffffffc0] W[W,30= 0x80001040] [_,0xfc3f2023]  546     PC=(0x80000048,0x80000044,0x80000040) [6f, 35, 23], WB: DASM(00001f17)
Cyc=       582 Op1=[0x0000000b] Op2=[0x00000000] W[_, 0= 0x80001000] [_,0xff9ff06f]  547   J PC=(0x8000004c,0x80000048,0x80000044) [73,111, 35], WB: DASM(fc3f2023)
Cyc=       583 Op1=[0x00000000] Op2=[0x00000000] W[W, 0= 0x8000004c] [_,0xf1402573]  548     PC=(0x80000040,0x8000004c,0x80000048) [17, 51,111], WB: DASM(ff9ff06f)
Cyc=       584 Op1=[0x00001000] Op2=[0x80000040] W[_,10= 0x00000000] [_,0x00001f17]  549     PC=(0x80000044,0x80000040,0x8000004c) [23, 23, 51], WB: DASM(00004033)
Cyc=       585 Op1=[0x80001040] Op2=[0xffffffc0] W[W,30= 0x80001040] [_,0xfc3f2023]  549     PC=(0x80000048,0x80000044,0x80000040) [6f, 35, 23], WB: DASM(00001f17)
Cyc=       586 Op1=[0x0000000b] Op2=[0x00000000] W[_, 0= 0x80001000] [_,0xff9ff06f]  550   J PC=(0x8000004c,0x80000048,0x80000044) [73,111, 35], WB: DASM(fc3f2023)
Cyc=       587 Op1=[0x00000000] Op2=[0x00000000] W[W, 0= 0x8000004c] [_,0xf1402573]  551     PC=(0x80000040,0x8000004c,0x80000048) [17, 51,111], WB: DASM(ff9ff06f)
*** PASSED ***
