Instantiated DTM.
Cyc=         0 Op1=[0x00000000] Op2=[0x00000000] W[_, 0= 0x7ffffffc] [_,0x04c0006f]    0   J PC=(0x7ffffffc,0x7ffffffc,0x7ffffffc) [6f, 51, 51], WB: DASM(00004033)
Cyc=         1 Op1=[0x00000000] Op2=[0x00000000] W[_, 0= 0x7ffffffc] [_,0x04c0006f]    0   J PC=(0x80000000,0x7ffffffc,0x7ffffffc) [6f, 51, 51], WB: DASM(00004033)
Cyc=         2 Op1=[0x00000000] Op2=[0x00000000] W[_, 0= 0x80000000] [_,0x04c0006f]    0   J PC=(0x80000004,0x80000000,0x7ffffffc) [73,111, 51], WB: DASM(00004033)
Cyc=         3 Op1=[0x00000000] Op2=[0x00000000] W[W, 0= 0x80000004] [_,0x34202f73]    0     PC=(0x8000004c,0x80000004,0x80000000) [73, 51,111], WB: DASM(04c0006f)
Cyc=         4 Op1=[0x00000000] Op2=[0x00000000] W[_,30= 0x00000000] [_,0xf1402573]    1     PC=(0x80000050,0x8000004c,0x80000004) [63,115, 51], WB: DASM(00004033)
Cyc=         5 Op1=[0x00000000] Op2=[0x00000000] W[W,10= 0x00000000] [_,0x00051063]    1 H   PC=(0x80000054,0x80000050,0x8000004c) [17, 99,115], WB: DASM(f1402573)
Cyc=         6 Op1=[0x00000000] Op2=[0x00000000] W[_, 0= 0x00000000] [_,0x00051063]    2     PC=(0x80000054,0x80000050,0x00000000) [17, 99, 51], WB: DASM(00004033)
Cyc=         7 Op1=[0x00000000] Op2=[0x80000054] W[_, 0= 0x00000000] [_,0x00000297]    2     PC=(0x80000058,0x80000054,0x80000050) [13, 23, 99], WB: DASM(00051063)
Cyc=         8 Op1=[0x80000054] Op2=[0x00000010] W[W, 5= 0x80000054] [_,0x01028293]    3     PC=(0x8000005c,0x80000058,0x80000054) [73, 19, 23], WB: DASM(00000297)
Cyc=         9 Op1=[0x80000064] Op2=[0x80000064] W[W, 5= 0x80000064] [_,0x30529073]    4     PC=(0x80000060,0x8000005c,0x80000058) [73,115, 19], WB: DASM(01028293)
Cyc=        10 Op1=[0x00000000] Op2=[0x00000000] W[W, 0= 0x00000100] [_,0x18005073]    5     PC=(0x80000064,0x80000060,0x8000005c) [17,115,115], WB: DASM(30529073)
Cyc=        11 Op1=[0x00000000] Op2=[0x80000064] W[W, 0= 0x00000000] [_,0x00000297]    6     PC=(0x80000068,0x80000064,0x80000060) [13, 23,115], WB: DASM(18005073)
Cyc=        12 Op1=[0x80000064] Op2=[0x0000001c] W[W, 5= 0x80000064] [_,0x01c28293]    7     PC=(0x8000006c,0x80000068,0x80000064) [73, 19, 23], WB: DASM(00000297)
Cyc=        13 Op1=[0x80000080] Op2=[0x80000080] W[W, 5= 0x80000080] [_,0x30529073]    8     PC=(0x80000070,0x8000006c,0x80000068) [13,115, 19], WB: DASM(01c28293)
Cyc=        14 Op1=[0x00000000] Op2=[0xffffffff] W[W, 0= 0x00000100] [_,0xfff00293]    9     PC=(0x80000074,0x80000070,0x8000006c) [73, 19,115], WB: DASM(30529073)
Cyc=        15 Op1=[0xffffffff] Op2=[0x00000000] W[W, 5= 0xffffffff] [_,0x3b029073]   10     PC=(0x80000078,0x80000074,0x80000070) [13,115, 19], WB: DASM(fff00293)
Cyc=        16 Op1=[0x00000000] Op2=[0x0000001f] W[W, 0= 0x00000000] [_,0x01f00293]   11     PC=(0x8000007c,0x80000078,0x80000074) [73, 19,115], WB: DASM(3b029073)
Cyc=        17 Op1=[0x0000001f] Op2=[0x00000000] W[W, 5= 0x0000001f] [_,0x3a029073]   12     PC=(0x80000080,0x8000007c,0x80000078) [17,115, 19], WB: DASM(01f00293)
Cyc=        18 Op1=[0x00000000] Op2=[0x80000080] W[W, 0= 0x00000000] [_,0x00000297]   13     PC=(0x80000084,0x80000080,0x8000007c) [13, 23,115], WB: DASM(3a029073)
Cyc=        19 Op1=[0x80000080] Op2=[0x00000018] W[W, 5= 0x80000080] [_,0x01828293]   14     PC=(0x80000088,0x80000084,0x80000080) [73, 19, 23], WB: DASM(00000297)
Cyc=        20 Op1=[0x80000098] Op2=[0x80000098] W[W, 5= 0x80000098] [_,0x30529073]   15     PC=(0x8000008c,0x80000088,0x80000084) [73,115, 19], WB: DASM(01828293)
Cyc=        21 Op1=[0x00000000] Op2=[0x00000000] W[W, 0= 0x00000100] [_,0x30205073]   16     PC=(0x80000090,0x8000008c,0x80000088) [73,115,115], WB: DASM(30529073)
Cyc=        22 Op1=[0x00000000] Op2=[0x00000000] W[W, 0= 0x00000000] [_,0x30305073]   17     PC=(0x80000094,0x80000090,0x8000008c) [73,115,115], WB: DASM(30205073)
Cyc=        23 Op1=[0x00000000] Op2=[0x00000000] W[W, 0= 0x00000000] [_,0x30405073]   18     PC=(0x80000098,0x80000094,0x80000090) [13,115,115], WB: DASM(30305073)
Cyc=        24 Op1=[0x00000000] Op2=[0x00000000] W[W, 0= 0x00000000] [_,0x00000193]   19     PC=(0x8000009c,0x80000098,0x80000094) [17, 19,115], WB: DASM(30405073)
Cyc=        25 Op1=[0x00000000] Op2=[0x8000009c] W[W, 3= 0x00000000] [_,0x00000297]   20     PC=(0x800000a0,0x8000009c,0x80000098) [13, 23, 19], WB: DASM(00000193)
Cyc=        26 Op1=[0x8000009c] Op2=[0xffffff68] W[W, 5= 0x8000009c] [_,0xf6828293]   21     PC=(0x800000a4,0x800000a0,0x8000009c) [73, 19, 23], WB: DASM(00000297)
Cyc=        27 Op1=[0x80000004] Op2=[0x80000004] W[W, 5= 0x80000004] [_,0x30529073]   22     PC=(0x800000a8,0x800000a4,0x800000a0) [13,115, 19], WB: DASM(f6828293)
Cyc=        28 Op1=[0x00000000] Op2=[0x00000001] W[W, 0= 0x00000100] [_,0x00100513]   23     PC=(0x800000ac,0x800000a8,0x800000a4) [13, 19,115], WB: DASM(30529073)
Cyc=        29 Op1=[0x00000001] Op2=[0x0000001f] W[W,10= 0x00000001] [_,0x01f51513]   24     PC=(0x800000b0,0x800000ac,0x800000a8) [63, 19, 19], WB: DASM(00100513)
Cyc=        30 Op1=[0x80000000] Op2=[0x00000000] W[W,10= 0x80000000] [_,0x00054863]   25   B PC=(0x800000b4,0x800000b0,0x800000ac) [0f, 99, 19], WB: DASM(01f51513)
Cyc=        31 Op1=[0x00000000] Op2=[0x00000000] W[_,16= 0x80000000] [_,0x0ff0000f]   26     PC=(0x800000c0,0x800000b4,0x800000b0) [17, 51, 99], WB: DASM(00054863)
Cyc=        32 Op1=[0x80000000] Op2=[0x800000c0] W[_, 0= 0x00000000] [_,0x80000297]   27     PC=(0x800000c4,0x800000c0,0x800000b4) [13, 23, 51], WB: DASM(00004033)
Cyc=        33 Op1=[0x000000c0] Op2=[0xffffff40] W[W, 5= 0x000000c0] [_,0xf4028293]   27     PC=(0x800000c8,0x800000c4,0x800000c0) [63, 19, 23], WB: DASM(80000297)
Cyc=        34 Op1=[0x00000000] Op2=[0x00000000] W[W, 5= 0x00000000] [_,0x00028e63]   28   B PC=(0x800000cc,0x800000c8,0x800000c4) [73, 99, 19], WB: DASM(f4028293)
Cyc=        35 Op1=[0x00000000] Op2=[0x00000000] W[_,28= 0x00000000] [_,0x10529073]   29     PC=(0x800000e4,0x800000cc,0x800000c8) [73, 51, 99], WB: DASM(00028e63)
Cyc=        36 Op1=[0x00000000] Op2=[0x00000000] W[_, 0= 0x00000000] [_,0x30005073]   30     PC=(0x800000e8,0x800000e4,0x800000cc) [17,115, 51], WB: DASM(00004033)
Cyc=        37 Op1=[0x00000000] Op2=[0x800000e8] W[W, 0= 0x00001800] [_,0x00000297]   30     PC=(0x800000ec,0x800000e8,0x800000e4) [13, 23,115], WB: DASM(30005073)
Cyc=        38 Op1=[0x800000e8] Op2=[0x00000014] W[W, 5= 0x800000e8] [_,0x01428293]   31     PC=(0x800000f0,0x800000ec,0x800000e8) [73, 19, 23], WB: DASM(00000297)
Cyc=        39 Op1=[0x800000fc] Op2=[0x00000000] W[W, 5= 0x800000fc] [_,0x34129073]   32     PC=(0x800000f4,0x800000f0,0x800000ec) [73,115, 19], WB: DASM(01428293)
Cyc=        40 Op1=[0x00000000] Op2=[0x00000000] W[W, 0= 0x00000000] [_,0xf1402573]   33     PC=(0x800000f8,0x800000f4,0x800000f0) [73,115,115], WB: DASM(34129073)
Cyc=        41 Op1=[0x00000000] Op2=[0x00000000] W[W,10= 0x00000000] [_,0x30200073]   34     PC=(0x800000fc,0x800000f8,0x800000f4) [17,115,115], WB: DASM(f1402573)
Cyc=        42 Op1=[0x00002000] Op2=[0x800000fc] W[_, 0= 0x00000000] [_,0x00002097]   35   X PC=(0x80000100,0x800000fc,0x800000f8) [13, 23,115], WB: DASM(30200073)
Cyc=        43 Op1=[0x00000000] Op2=[0xffffff04] W[_, 1= 0x800020fc] [_,0xf0408093]   36     PC=(0x800000fc,0x80000100,0x800000fc) [17, 51, 51], WB: DASM(00004033)
Cyc=        44 Op1=[0x00002000] Op2=[0x800000fc] W[_, 1= 0xffffff04] [_,0x00002097]   37     PC=(0x80000100,0x800000fc,0x80000100) [13, 23, 51], WB: DASM(00004033)
Cyc=        45 Op1=[0x800020fc] Op2=[0xffffff04] W[W, 1= 0x800020fc] [_,0xf0408093]   37     PC=(0x80000104,0x80000100,0x800000fc) [03, 19, 23], WB: DASM(00002097)
Cyc=        46 Op1=[0x80002000] Op2=[0x00000000] W[W, 1= 0x80002000] [_,0x0000df03]   38     PC=(0x80000108,0x80000104,0x80000100) [13,  3, 19], WB: DASM(f0408093)
Cyc=        47 Op1=[0x00000000] Op2=[0x000000ff] W[W,30= 0x000000ff] [_,0x0ff00e93]   39     PC=(0x8000010c,0x80000108,0x80000104) [13, 19,  3], WB: DASM(0000df03)
Cyc=        48 Op1=[0x00000000] Op2=[0x00000002] W[W,29= 0x000000ff] [_,0x00200193]   40     PC=(0x80000110,0x8000010c,0x80000108) [63, 19, 19], WB: DASM(0ff00e93)
Cyc=        49 Op1=[0x000000ff] Op2=[0x000000ff] W[W, 3= 0x00000002] [_,0x27df1663]   41     PC=(0x80000114,0x80000110,0x8000010c) [17, 99, 19], WB: DASM(00200193)
Cyc=        50 Op1=[0x00002000] Op2=[0x80000114] W[_,12= 0x000001fe] [_,0x00002097]   42     PC=(0x80000118,0x80000114,0x80000110) [13, 23, 99], WB: DASM(27df1663)
Cyc=        51 Op1=[0x80002114] Op2=[0xfffffeec] W[W, 1= 0x80002114] [_,0xeec08093]   43     PC=(0x8000011c,0x80000118,0x80000114) [03, 19, 23], WB: DASM(00002097)
Cyc=        52 Op1=[0x80002000] Op2=[0x00000002] W[W, 1= 0x80002000] [_,0x0020df03]   44     PC=(0x80000120,0x8000011c,0x80000118) [37,  3, 19], WB: DASM(eec08093)
Cyc=        53 Op1=[0x00010000] Op2=[0x00000000] W[W,30= 0x0000ff00] [_,0x00010eb7]   45     PC=(0x80000124,0x80000120,0x8000011c) [13, 55,  3], WB: DASM(0020df03)
Cyc=        54 Op1=[0x00010000] Op2=[0xffffff00] W[W,29= 0x00010000] [_,0xf00e8e93]   46     PC=(0x80000128,0x80000124,0x80000120) [13, 19, 55], WB: DASM(00010eb7)
Cyc=        55 Op1=[0x00000000] Op2=[0x00000003] W[W,29= 0x0000ff00] [_,0x00300193]   47     PC=(0x8000012c,0x80000128,0x80000124) [63, 19, 19], WB: DASM(f00e8e93)
Cyc=        56 Op1=[0x0000ff00] Op2=[0x0000ff00] W[W, 3= 0x00000003] [_,0x25df1863]   48     PC=(0x80000130,0x8000012c,0x80000128) [17, 99, 19], WB: DASM(00300193)
Cyc=        57 Op1=[0x00002000] Op2=[0x80000130] W[_,16= 0x0001fe00] [_,0x00002097]   49     PC=(0x80000134,0x80000130,0x8000012c) [13, 23, 99], WB: DASM(25df1863)
Cyc=        58 Op1=[0x80002130] Op2=[0xfffffed0] W[W, 1= 0x80002130] [_,0xed008093]   50     PC=(0x80000138,0x80000134,0x80000130) [03, 19, 23], WB: DASM(00002097)
Cyc=        59 Op1=[0x80002000] Op2=[0x00000004] W[W, 1= 0x80002000] [_,0x0040df03]   51     PC=(0x8000013c,0x80000138,0x80000134) [37,  3, 19], WB: DASM(ed008093)
Cyc=        60 Op1=[0x00001000] Op2=[0x00000000] W[W,30= 0x00000ff0] [_,0x00001eb7]   52     PC=(0x80000140,0x8000013c,0x80000138) [13, 55,  3], WB: DASM(0040df03)
Cyc=        61 Op1=[0x00001000] Op2=[0xfffffff0] W[W,29= 0x00001000] [_,0xff0e8e93]   53     PC=(0x80000144,0x80000140,0x8000013c) [13, 19, 55], WB: DASM(00001eb7)
Cyc=        62 Op1=[0x00000000] Op2=[0x00000004] W[W,29= 0x00000ff0] [_,0x00400193]   54     PC=(0x80000148,0x80000144,0x80000140) [63, 19, 19], WB: DASM(ff0e8e93)
Cyc=        63 Op1=[0x00000ff0] Op2=[0x00000ff0] W[W, 3= 0x00000004] [_,0x23df1a63]   55     PC=(0x8000014c,0x80000148,0x80000144) [17, 99, 19], WB: DASM(00400193)
Cyc=        64 Op1=[0x00002000] Op2=[0x8000014c] W[_,20= 0x00001fe0] [_,0x00002097]   56     PC=(0x80000150,0x8000014c,0x80000148) [13, 23, 99], WB: DASM(23df1a63)
Cyc=        65 Op1=[0x8000214c] Op2=[0xfffffeb4] W[W, 1= 0x8000214c] [_,0xeb408093]   57     PC=(0x80000154,0x80000150,0x8000014c) [03, 19, 23], WB: DASM(00002097)
Cyc=        66 Op1=[0x80002000] Op2=[0x00000006] W[W, 1= 0x80002000] [_,0x0060df03]   58     PC=(0x80000158,0x80000154,0x80000150) [37,  3, 19], WB: DASM(eb408093)
Cyc=        67 Op1=[0x0000f000] Op2=[0x00000000] W[W,30= 0x0000f00f] [_,0x0000feb7]   59     PC=(0x8000015c,0x80000158,0x80000154) [13, 55,  3], WB: DASM(0060df03)
Cyc=        68 Op1=[0x0000f000] Op2=[0x0000000f] W[W,29= 0x0000f000] [_,0x00fe8e93]   60     PC=(0x80000160,0x8000015c,0x80000158) [13, 19, 55], WB: DASM(0000feb7)
Cyc=        69 Op1=[0x00000000] Op2=[0x00000005] W[W,29= 0x0000f00f] [_,0x00500193]   61     PC=(0x80000164,0x80000160,0x8000015c) [63, 19, 19], WB: DASM(00fe8e93)
Cyc=        70 Op1=[0x0000f00f] Op2=[0x0000f00f] W[W, 3= 0x00000005] [_,0x21df1c63]   62     PC=(0x80000168,0x80000164,0x80000160) [17, 99, 19], WB: DASM(00500193)
Cyc=        71 Op1=[0x00002000] Op2=[0x80000168] W[_,24= 0x0001e01e] [_,0x00002097]   63     PC=(0x8000016c,0x80000168,0x80000164) [13, 23, 99], WB: DASM(21df1c63)
Cyc=        72 Op1=[0x80002168] Op2=[0xfffffe9e] W[W, 1= 0x80002168] [_,0xe9e08093]   64     PC=(0x80000170,0x8000016c,0x80000168) [03, 19, 23], WB: DASM(00002097)
Cyc=        73 Op1=[0x80002006] Op2=[0xfffffffa] W[W, 1= 0x80002006] [_,0xffa0df03]   65     PC=(0x80000174,0x80000170,0x8000016c) [13,  3, 19], WB: DASM(e9e08093)
Cyc=        74 Op1=[0x00000000] Op2=[0x000000ff] W[W,30= 0x000000ff] [_,0x0ff00e93]   66     PC=(0x80000178,0x80000174,0x80000170) [13, 19,  3], WB: DASM(ffa0df03)
Cyc=        75 Op1=[0x00000000] Op2=[0x00000006] W[W,29= 0x000000ff] [_,0x00600193]   67     PC=(0x8000017c,0x80000178,0x80000174) [63, 19, 19], WB: DASM(0ff00e93)
Cyc=        76 Op1=[0x000000ff] Op2=[0x000000ff] W[W, 3= 0x00000006] [_,0x21df1063]   68     PC=(0x80000180,0x8000017c,0x80000178) [17, 99, 19], WB: DASM(00600193)
Cyc=        77 Op1=[0x00002000] Op2=[0x80000180] W[_, 0= 0x000001fe] [_,0x00002097]   69     PC=(0x80000184,0x80000180,0x8000017c) [13, 23, 99], WB: DASM(21df1063)
Cyc=        78 Op1=[0x80002180] Op2=[0xfffffe86] W[W, 1= 0x80002180] [_,0xe8608093]   70     PC=(0x80000188,0x80000184,0x80000180) [03, 19, 23], WB: DASM(00002097)
Cyc=        79 Op1=[0x80002006] Op2=[0xfffffffc] W[W, 1= 0x80002006] [_,0xffc0df03]   71     PC=(0x8000018c,0x80000188,0x80000184) [37,  3, 19], WB: DASM(e8608093)
Cyc=        80 Op1=[0x00010000] Op2=[0x00000000] W[W,30= 0x0000ff00] [_,0x00010eb7]   72     PC=(0x80000190,0x8000018c,0x80000188) [13, 55,  3], WB: DASM(ffc0df03)
Cyc=        81 Op1=[0x00010000] Op2=[0xffffff00] W[W,29= 0x00010000] [_,0xf00e8e93]   73     PC=(0x80000194,0x80000190,0x8000018c) [13, 19, 55], WB: DASM(00010eb7)
Cyc=        82 Op1=[0x00000000] Op2=[0x00000007] W[W,29= 0x0000ff00] [_,0x00700193]   74     PC=(0x80000198,0x80000194,0x80000190) [63, 19, 19], WB: DASM(f00e8e93)
Cyc=        83 Op1=[0x0000ff00] Op2=[0x0000ff00] W[W, 3= 0x00000007] [_,0x1fdf1263]   75     PC=(0x8000019c,0x80000198,0x80000194) [17, 99, 19], WB: DASM(00700193)
Cyc=        84 Op1=[0x00002000] Op2=[0x8000019c] W[_, 4= 0x0001fe00] [_,0x00002097]   76     PC=(0x800001a0,0x8000019c,0x80000198) [13, 23, 99], WB: DASM(1fdf1263)
Cyc=        85 Op1=[0x8000219c] Op2=[0xfffffe6a] W[W, 1= 0x8000219c] [_,0xe6a08093]   77     PC=(0x800001a4,0x800001a0,0x8000019c) [03, 19, 23], WB: DASM(00002097)
Cyc=        86 Op1=[0x80002006] Op2=[0xfffffffe] W[W, 1= 0x80002006] [_,0xffe0df03]   78     PC=(0x800001a8,0x800001a4,0x800001a0) [37,  3, 19], WB: DASM(e6a08093)
Cyc=        87 Op1=[0x00001000] Op2=[0x00000000] W[W,30= 0x00000ff0] [_,0x00001eb7]   79     PC=(0x800001ac,0x800001a8,0x800001a4) [13, 55,  3], WB: DASM(ffe0df03)
Cyc=        88 Op1=[0x00001000] Op2=[0xfffffff0] W[W,29= 0x00001000] [_,0xff0e8e93]   80     PC=(0x800001b0,0x800001ac,0x800001a8) [13, 19, 55], WB: DASM(00001eb7)
Cyc=        89 Op1=[0x00000000] Op2=[0x00000008] W[W,29= 0x00000ff0] [_,0x00800193]   81     PC=(0x800001b4,0x800001b0,0x800001ac) [63, 19, 19], WB: DASM(ff0e8e93)
Cyc=        90 Op1=[0x00000ff0] Op2=[0x00000ff0] W[W, 3= 0x00000008] [_,0x1ddf1463]   82     PC=(0x800001b8,0x800001b4,0x800001b0) [17, 99, 19], WB: DASM(00800193)
Cyc=        91 Op1=[0x00002000] Op2=[0x800001b8] W[_, 8= 0x00001fe0] [_,0x00002097]   83     PC=(0x800001bc,0x800001b8,0x800001b4) [13, 23, 99], WB: DASM(1ddf1463)
Cyc=        92 Op1=[0x800021b8] Op2=[0xfffffe4e] W[W, 1= 0x800021b8] [_,0xe4e08093]   84     PC=(0x800001c0,0x800001bc,0x800001b8) [03, 19, 23], WB: DASM(00002097)
Cyc=        93 Op1=[0x80002006] Op2=[0x00000000] W[W, 1= 0x80002006] [_,0x0000df03]   85     PC=(0x800001c4,0x800001c0,0x800001bc) [37,  3, 19], WB: DASM(e4e08093)
Cyc=        94 Op1=[0x0000f000] Op2=[0x00000000] W[W,30= 0x0000f00f] [_,0x0000feb7]   86     PC=(0x800001c8,0x800001c4,0x800001c0) [13, 55,  3], WB: DASM(0000df03)
Cyc=        95 Op1=[0x0000f000] Op2=[0x0000000f] W[W,29= 0x0000f000] [_,0x00fe8e93]   87     PC=(0x800001cc,0x800001c8,0x800001c4) [13, 19, 55], WB: DASM(0000feb7)
Cyc=        96 Op1=[0x00000000] Op2=[0x00000009] W[W,29= 0x0000f00f] [_,0x00900193]   88     PC=(0x800001d0,0x800001cc,0x800001c8) [63, 19, 19], WB: DASM(00fe8e93)
Cyc=        97 Op1=[0x0000f00f] Op2=[0x0000f00f] W[W, 3= 0x00000009] [_,0x1bdf1663]   89     PC=(0x800001d4,0x800001d0,0x800001cc) [17, 99, 19], WB: DASM(00900193)
Cyc=        98 Op1=[0x00002000] Op2=[0x800001d4] W[_,12= 0x0001e01e] [_,0x00002097]   90     PC=(0x800001d8,0x800001d4,0x800001d0) [13, 23, 99], WB: DASM(1bdf1663)
Cyc=        99 Op1=[0x800021d4] Op2=[0xfffffe2c] W[W, 1= 0x800021d4] [_,0xe2c08093]   91     PC=(0x800001dc,0x800001d8,0x800001d4) [13, 19, 23], WB: DASM(00002097)
Cyc=       100 Op1=[0x80002000] Op2=[0xffffffe0] W[W, 1= 0x80002000] [_,0xfe008093]   92     PC=(0x800001e0,0x800001dc,0x800001d8) [03, 19, 19], WB: DASM(e2c08093)
Cyc=       101 Op1=[0x80001fe0] Op2=[0x00000020] W[W, 1= 0x80001fe0] [_,0x0200d283]   93     PC=(0x800001e4,0x800001e0,0x800001dc) [13,  3, 19], WB: DASM(fe008093)
Cyc=       102 Op1=[0x00000000] Op2=[0x000000ff] W[W, 5= 0x000000ff] [_,0x0ff00e93]   94     PC=(0x800001e8,0x800001e4,0x800001e0) [13, 19,  3], WB: DASM(0200d283)
Cyc=       103 Op1=[0x00000000] Op2=[0x0000000a] W[W,29= 0x000000ff] [_,0x00a00193]   95     PC=(0x800001ec,0x800001e8,0x800001e4) [63, 19, 19], WB: DASM(0ff00e93)
Cyc=       104 Op1=[0x000000ff] Op2=[0x000000ff] W[W, 3= 0x0000000a] [_,0x19d29863]   96     PC=(0x800001f0,0x800001ec,0x800001e8) [17, 99, 19], WB: DASM(00a00193)
Cyc=       105 Op1=[0x00002000] Op2=[0x800001f0] W[_,16= 0x000001fe] [_,0x00002097]   97     PC=(0x800001f4,0x800001f0,0x800001ec) [13, 23, 99], WB: DASM(19d29863)
Cyc=       106 Op1=[0x800021f0] Op2=[0xfffffe10] W[W, 1= 0x800021f0] [_,0xe1008093]   98     PC=(0x800001f8,0x800001f4,0x800001f0) [13, 19, 23], WB: DASM(00002097)
Cyc=       107 Op1=[0x80002000] Op2=[0xfffffffb] W[W, 1= 0x80002000] [_,0xffb08093]   99     PC=(0x800001fc,0x800001f8,0x800001f4) [03, 19, 19], WB: DASM(e1008093)
Cyc=       108 Op1=[0x80001ffb] Op2=[0x00000007] W[W, 1= 0x80001ffb] [_,0x0070d283]  100     PC=(0x80000200,0x800001fc,0x800001f8) [37,  3, 19], WB: DASM(ffb08093)
Cyc=       109 Op1=[0x00010000] Op2=[0x00000000] W[W, 5= 0x0000ff00] [_,0x00010eb7]  101     PC=(0x80000204,0x80000200,0x800001fc) [13, 55,  3], WB: DASM(0070d283)
Cyc=       110 Op1=[0x00010000] Op2=[0xffffff00] W[W,29= 0x00010000] [_,0xf00e8e93]  102     PC=(0x80000208,0x80000204,0x80000200) [13, 19, 55], WB: DASM(00010eb7)
Cyc=       111 Op1=[0x00000000] Op2=[0x0000000b] W[W,29= 0x0000ff00] [_,0x00b00193]  103     PC=(0x8000020c,0x80000208,0x80000204) [63, 19, 19], WB: DASM(f00e8e93)
Cyc=       112 Op1=[0x0000ff00] Op2=[0x0000ff00] W[W, 3= 0x0000000b] [_,0x17d29863]  104     PC=(0x80000210,0x8000020c,0x80000208) [13, 99, 19], WB: DASM(00b00193)
Cyc=       113 Op1=[0x00000000] Op2=[0x0000000c] W[_,16= 0x0001fe00] [_,0x00c00193]  105     PC=(0x80000214,0x80000210,0x8000020c) [13, 19, 99], WB: DASM(17d29863)
Cyc=       114 Op1=[0x00000000] Op2=[0x00000000] W[W, 3= 0x0000000c] [_,0x00000213]  106     PC=(0x80000218,0x80000214,0x80000210) [17, 19, 19], WB: DASM(00c00193)
Cyc=       115 Op1=[0x00002000] Op2=[0x80000218] W[W, 4= 0x00000000] [_,0x00002097]  107     PC=(0x8000021c,0x80000218,0x80000214) [13, 23, 19], WB: DASM(00000213)
Cyc=       116 Op1=[0x80002218] Op2=[0xfffffdea] W[W, 1= 0x80002218] [_,0xdea08093]  108     PC=(0x80000220,0x8000021c,0x80000218) [03, 19, 23], WB: DASM(00002097)
Cyc=       117 Op1=[0x80002002] Op2=[0x00000002] W[W, 1= 0x80002002] [_,0x0020df03]  109     PC=(0x80000224,0x80000220,0x8000021c) [13,  3, 19], WB: DASM(dea08093)
Cyc=       118 Op1=[0x0000f00f] Op2=[0x00000000] W[W,30= 0x00000ff0] [_,0x000f0313]  110 H   PC=(0x80000228,0x80000224,0x80000220) [37, 19,  3], WB: DASM(0020df03)
Cyc=       119 Op1=[0x00000ff0] Op2=[0x00000000] W[_, 6= 0x0000f00f] [_,0x000f0313]  111     PC=(0x80000228,0x80000224,0x00000000) [37, 19, 51], WB: DASM(00004033)
Cyc=       120 Op1=[0x00001000] Op2=[0x00000000] W[W, 6= 0x00000ff0] [_,0x00001eb7]  111     PC=(0x8000022c,0x80000228,0x80000224) [13, 55, 19], WB: DASM(000f0313)
Cyc=       121 Op1=[0x00001000] Op2=[0xfffffff0] W[W,29= 0x00001000] [_,0xff0e8e93]  112     PC=(0x80000230,0x8000022c,0x80000228) [63, 19, 55], WB: DASM(00001eb7)
Cyc=       122 Op1=[0x00000ff0] Op2=[0x00000ff0] W[W,29= 0x00000ff0] [_,0x15d31663]  113     PC=(0x80000234,0x80000230,0x8000022c) [13, 99, 19], WB: DASM(ff0e8e93)
Cyc=       123 Op1=[0x00000000] Op2=[0x00000001] W[_,12= 0x00001fe0] [_,0x00120213]  114     PC=(0x80000238,0x80000234,0x80000230) [13, 19, 99], WB: DASM(15d31663)
Cyc=       124 Op1=[0x00000000] Op2=[0x00000002] W[W, 4= 0x00000001] [_,0x00200293]  115     PC=(0x8000023c,0x80000238,0x80000234) [63, 19, 19], WB: DASM(00120213)
Cyc=       125 Op1=[0x00000001] Op2=[0x00000002] W[W, 5= 0x00000002] [_,0xfc521ee3]  116   B PC=(0x80000240,0x8000023c,0x80000238) [13, 99, 19], WB: DASM(00200293)
Cyc=       126 Op1=[0x00000000] Op2=[0x0000000d] W[_,29= 0x00000003] [_,0x00d00193]  117     PC=(0x80000218,0x80000240,0x8000023c) [17, 51, 99], WB: DASM(fc521ee3)
Cyc=       127 Op1=[0x00002000] Op2=[0x80000218] W[_, 3= 0x0000000d] [_,0x00002097]  118     PC=(0x8000021c,0x80000218,0x80000240) [13, 23, 51], WB: DASM(00004033)
Cyc=       128 Op1=[0x80002218] Op2=[0xfffffdea] W[W, 1= 0x80002218] [_,0xdea08093]  118     PC=(0x80000220,0x8000021c,0x80000218) [03, 19, 23], WB: DASM(00002097)
Cyc=       129 Op1=[0x80002002] Op2=[0x00000002] W[W, 1= 0x80002002] [_,0x0020df03]  119     PC=(0x80000224,0x80000220,0x8000021c) [13,  3, 19], WB: DASM(dea08093)
Cyc=       130 Op1=[0x00000ff0] Op2=[0x00000000] W[W,30= 0x00000ff0] [_,0x000f0313]  120 H   PC=(0x80000228,0x80000224,0x80000220) [37, 19,  3], WB: DASM(0020df03)
Cyc=       131 Op1=[0x00000ff0] Op2=[0x00000000] W[_, 6= 0x00000ff0] [_,0x000f0313]  121     PC=(0x80000228,0x80000224,0x00000000) [37, 19, 51], WB: DASM(00004033)
Cyc=       132 Op1=[0x00001000] Op2=[0x00000000] W[W, 6= 0x00000ff0] [_,0x00001eb7]  121     PC=(0x8000022c,0x80000228,0x80000224) [13, 55, 19], WB: DASM(000f0313)
Cyc=       133 Op1=[0x00001000] Op2=[0xfffffff0] W[W,29= 0x00001000] [_,0xff0e8e93]  122     PC=(0x80000230,0x8000022c,0x80000228) [63, 19, 55], WB: DASM(00001eb7)
Cyc=       134 Op1=[0x00000ff0] Op2=[0x00000ff0] W[W,29= 0x00000ff0] [_,0x15d31663]  123     PC=(0x80000234,0x80000230,0x8000022c) [13, 99, 19], WB: DASM(ff0e8e93)
Cyc=       135 Op1=[0x00000001] Op2=[0x00000001] W[_,12= 0x00001fe0] [_,0x00120213]  124     PC=(0x80000238,0x80000234,0x80000230) [13, 19, 99], WB: DASM(15d31663)
Cyc=       136 Op1=[0x00000000] Op2=[0x00000002] W[W, 4= 0x00000002] [_,0x00200293]  125     PC=(0x8000023c,0x80000238,0x80000234) [63, 19, 19], WB: DASM(00120213)
Cyc=       137 Op1=[0x00000002] Op2=[0x00000002] W[W, 5= 0x00000002] [_,0xfc521ee3]  126     PC=(0x80000240,0x8000023c,0x80000238) [13, 99, 19], WB: DASM(00200293)
Cyc=       138 Op1=[0x00000000] Op2=[0x0000000d] W[_,29= 0x00000004] [_,0x00d00193]  127     PC=(0x80000244,0x80000240,0x8000023c) [13, 19, 99], WB: DASM(fc521ee3)
Cyc=       139 Op1=[0x00000000] Op2=[0x00000000] W[W, 3= 0x0000000d] [_,0x00000213]  128     PC=(0x80000248,0x80000244,0x80000240) [17, 19, 19], WB: DASM(00d00193)
Cyc=       140 Op1=[0x00002000] Op2=[0x80000248] W[W, 4= 0x00000000] [_,0x00002097]  129     PC=(0x8000024c,0x80000248,0x80000244) [13, 23, 19], WB: DASM(00000213)
Cyc=       141 Op1=[0x80002248] Op2=[0xfffffdbc] W[W, 1= 0x80002248] [_,0xdbc08093]  130     PC=(0x80000250,0x8000024c,0x80000248) [03, 19, 23], WB: DASM(00002097)
Cyc=       142 Op1=[0x80002004] Op2=[0x00000002] W[W, 1= 0x80002004] [_,0x0020df03]  131     PC=(0x80000254,0x80000250,0x8000024c) [13,  3, 19], WB: DASM(dbc08093)
Cyc=       143 Op1=[0x00000000] Op2=[0x00000000] W[W,30= 0x0000f00f] [_,0x00000013]  132     PC=(0x80000258,0x80000254,0x80000250) [13, 19,  3], WB: DASM(0020df03)
Cyc=       144 Op1=[0x0000f00f] Op2=[0x00000000] W[W, 0= 0x00000000] [_,0x000f0313]  133     PC=(0x8000025c,0x80000258,0x80000254) [37, 19, 19], WB: DASM(00000013)
Cyc=       145 Op1=[0x0000f000] Op2=[0x00000000] W[W, 6= 0x0000f00f] [_,0x0000feb7]  134     PC=(0x80000260,0x8000025c,0x80000258) [13, 55, 19], WB: DASM(000f0313)
Cyc=       146 Op1=[0x0000f000] Op2=[0x0000000f] W[W,29= 0x0000f000] [_,0x00fe8e93]  135     PC=(0x80000264,0x80000260,0x8000025c) [63, 19, 55], WB: DASM(0000feb7)
Cyc=       147 Op1=[0x0000f00f] Op2=[0x0000f00f] W[W,29= 0x0000f00f] [_,0x11d31c63]  136     PC=(0x80000268,0x80000264,0x80000260) [13, 99, 19], WB: DASM(00fe8e93)
Cyc=       148 Op1=[0x00000000] Op2=[0x00000001] W[_,24= 0x0001e01e] [_,0x00120213]  137     PC=(0x8000026c,0x80000268,0x80000264) [13, 19, 99], WB: DASM(11d31c63)
Cyc=       149 Op1=[0x00000000] Op2=[0x00000002] W[W, 4= 0x00000001] [_,0x00200293]  138     PC=(0x80000270,0x8000026c,0x80000268) [63, 19, 19], WB: DASM(00120213)
Cyc=       150 Op1=[0x00000001] Op2=[0x00000002] W[W, 5= 0x00000002] [_,0xfc521ce3]  139   B PC=(0x80000274,0x80000270,0x8000026c) [13, 99, 19], WB: DASM(00200293)
Cyc=       151 Op1=[0x00000000] Op2=[0x0000000e] W[_,25= 0x00000003] [_,0x00e00193]  140     PC=(0x80000248,0x80000274,0x80000270) [17, 51, 99], WB: DASM(fc521ce3)
Cyc=       152 Op1=[0x00002000] Op2=[0x80000248] W[_, 3= 0x0000000e] [_,0x00002097]  141     PC=(0x8000024c,0x80000248,0x80000274) [13, 23, 51], WB: DASM(00004033)
Cyc=       153 Op1=[0x80002248] Op2=[0xfffffdbc] W[W, 1= 0x80002248] [_,0xdbc08093]  141     PC=(0x80000250,0x8000024c,0x80000248) [03, 19, 23], WB: DASM(00002097)
Cyc=       154 Op1=[0x80002004] Op2=[0x00000002] W[W, 1= 0x80002004] [_,0x0020df03]  142     PC=(0x80000254,0x80000250,0x8000024c) [13,  3, 19], WB: DASM(dbc08093)
Cyc=       155 Op1=[0x00000000] Op2=[0x00000000] W[W,30= 0x0000f00f] [_,0x00000013]  143     PC=(0x80000258,0x80000254,0x80000250) [13, 19,  3], WB: DASM(0020df03)
Cyc=       156 Op1=[0x0000f00f] Op2=[0x00000000] W[W, 0= 0x00000000] [_,0x000f0313]  144     PC=(0x8000025c,0x80000258,0x80000254) [37, 19, 19], WB: DASM(00000013)
Cyc=       157 Op1=[0x0000f000] Op2=[0x00000000] W[W, 6= 0x0000f00f] [_,0x0000feb7]  145     PC=(0x80000260,0x8000025c,0x80000258) [13, 55, 19], WB: DASM(000f0313)
Cyc=       158 Op1=[0x0000f000] Op2=[0x0000000f] W[W,29= 0x0000f000] [_,0x00fe8e93]  146     PC=(0x80000264,0x80000260,0x8000025c) [63, 19, 55], WB: DASM(0000feb7)
Cyc=       159 Op1=[0x0000f00f] Op2=[0x0000f00f] W[W,29= 0x0000f00f] [_,0x11d31c63]  147     PC=(0x80000268,0x80000264,0x80000260) [13, 99, 19], WB: DASM(00fe8e93)
Cyc=       160 Op1=[0x00000001] Op2=[0x00000001] W[_,24= 0x0001e01e] [_,0x00120213]  148     PC=(0x8000026c,0x80000268,0x80000264) [13, 19, 99], WB: DASM(11d31c63)
Cyc=       161 Op1=[0x00000000] Op2=[0x00000002] W[W, 4= 0x00000002] [_,0x00200293]  149     PC=(0x80000270,0x8000026c,0x80000268) [63, 19, 19], WB: DASM(00120213)
Cyc=       162 Op1=[0x00000002] Op2=[0x00000002] W[W, 5= 0x00000002] [_,0xfc521ce3]  150     PC=(0x80000274,0x80000270,0x8000026c) [13, 99, 19], WB: DASM(00200293)
Cyc=       163 Op1=[0x00000000] Op2=[0x0000000e] W[_,25= 0x00000004] [_,0x00e00193]  151     PC=(0x80000278,0x80000274,0x80000270) [13, 19, 99], WB: DASM(fc521ce3)
Cyc=       164 Op1=[0x00000000] Op2=[0x00000000] W[W, 3= 0x0000000e] [_,0x00000213]  152     PC=(0x8000027c,0x80000278,0x80000274) [17, 19, 19], WB: DASM(00e00193)
Cyc=       165 Op1=[0x00002000] Op2=[0x8000027c] W[W, 4= 0x00000000] [_,0x00002097]  153     PC=(0x80000280,0x8000027c,0x80000278) [13, 23, 19], WB: DASM(00000213)
Cyc=       166 Op1=[0x8000227c] Op2=[0xfffffd84] W[W, 1= 0x8000227c] [_,0xd8408093]  154     PC=(0x80000284,0x80000280,0x8000027c) [03, 19, 23], WB: DASM(00002097)
Cyc=       167 Op1=[0x80002000] Op2=[0x00000002] W[W, 1= 0x80002000] [_,0x0020df03]  155     PC=(0x80000288,0x80000284,0x80000280) [13,  3, 19], WB: DASM(d8408093)
Cyc=       168 Op1=[0x00000000] Op2=[0x00000000] W[W,30= 0x0000ff00] [_,0x00000013]  156     PC=(0x8000028c,0x80000288,0x80000284) [13, 19,  3], WB: DASM(0020df03)
Cyc=       169 Op1=[0x00000000] Op2=[0x00000000] W[W, 0= 0x00000000] [_,0x00000013]  157     PC=(0x80000290,0x8000028c,0x80000288) [13, 19, 19], WB: DASM(00000013)
Cyc=       170 Op1=[0x0000ff00] Op2=[0x00000000] W[W, 0= 0x00000000] [_,0x000f0313]  158     PC=(0x80000294,0x80000290,0x8000028c) [37, 19, 19], WB: DASM(00000013)
Cyc=       171 Op1=[0x00010000] Op2=[0x00000000] W[W, 6= 0x0000ff00] [_,0x00010eb7]  159     PC=(0x80000298,0x80000294,0x80000290) [13, 55, 19], WB: DASM(000f0313)
Cyc=       172 Op1=[0x00010000] Op2=[0xffffff00] W[W,29= 0x00010000] [_,0xf00e8e93]  160     PC=(0x8000029c,0x80000298,0x80000294) [63, 19, 55], WB: DASM(00010eb7)
Cyc=       173 Op1=[0x0000ff00] Op2=[0x0000ff00] W[W,29= 0x0000ff00] [_,0x0fd31063]  161     PC=(0x800002a0,0x8000029c,0x80000298) [13, 99, 19], WB: DASM(f00e8e93)
Cyc=       174 Op1=[0x00000000] Op2=[0x00000001] W[_, 0= 0x0001fe00] [_,0x00120213]  162     PC=(0x800002a4,0x800002a0,0x8000029c) [13, 19, 99], WB: DASM(0fd31063)
Cyc=       175 Op1=[0x00000000] Op2=[0x00000002] W[W, 4= 0x00000001] [_,0x00200293]  163     PC=(0x800002a8,0x800002a4,0x800002a0) [63, 19, 19], WB: DASM(00120213)
Cyc=       176 Op1=[0x00000001] Op2=[0x00000002] W[W, 5= 0x00000002] [_,0xfc521ae3]  164   B PC=(0x800002ac,0x800002a8,0x800002a4) [13, 99, 19], WB: DASM(00200293)
Cyc=       177 Op1=[0x00000000] Op2=[0x0000000f] W[_,21= 0x00000003] [_,0x00f00193]  165     PC=(0x8000027c,0x800002ac,0x800002a8) [17, 51, 99], WB: DASM(fc521ae3)
Cyc=       178 Op1=[0x00002000] Op2=[0x8000027c] W[_, 3= 0x0000000f] [_,0x00002097]  166     PC=(0x80000280,0x8000027c,0x800002ac) [13, 23, 51], WB: DASM(00004033)
Cyc=       179 Op1=[0x8000227c] Op2=[0xfffffd84] W[W, 1= 0x8000227c] [_,0xd8408093]  166     PC=(0x80000284,0x80000280,0x8000027c) [03, 19, 23], WB: DASM(00002097)
Cyc=       180 Op1=[0x80002000] Op2=[0x00000002] W[W, 1= 0x80002000] [_,0x0020df03]  167     PC=(0x80000288,0x80000284,0x80000280) [13,  3, 19], WB: DASM(d8408093)
Cyc=       181 Op1=[0x00000000] Op2=[0x00000000] W[W,30= 0x0000ff00] [_,0x00000013]  168     PC=(0x8000028c,0x80000288,0x80000284) [13, 19,  3], WB: DASM(0020df03)
Cyc=       182 Op1=[0x00000000] Op2=[0x00000000] W[W, 0= 0x00000000] [_,0x00000013]  169     PC=(0x80000290,0x8000028c,0x80000288) [13, 19, 19], WB: DASM(00000013)
Cyc=       183 Op1=[0x0000ff00] Op2=[0x00000000] W[W, 0= 0x00000000] [_,0x000f0313]  170     PC=(0x80000294,0x80000290,0x8000028c) [37, 19, 19], WB: DASM(00000013)
Cyc=       184 Op1=[0x00010000] Op2=[0x00000000] W[W, 6= 0x0000ff00] [_,0x00010eb7]  171     PC=(0x80000298,0x80000294,0x80000290) [13, 55, 19], WB: DASM(000f0313)
Cyc=       185 Op1=[0x00010000] Op2=[0xffffff00] W[W,29= 0x00010000] [_,0xf00e8e93]  172     PC=(0x8000029c,0x80000298,0x80000294) [63, 19, 55], WB: DASM(00010eb7)
Cyc=       186 Op1=[0x0000ff00] Op2=[0x0000ff00] W[W,29= 0x0000ff00] [_,0x0fd31063]  173     PC=(0x800002a0,0x8000029c,0x80000298) [13, 99, 19], WB: DASM(f00e8e93)
Cyc=       187 Op1=[0x00000001] Op2=[0x00000001] W[_, 0= 0x0001fe00] [_,0x00120213]  174     PC=(0x800002a4,0x800002a0,0x8000029c) [13, 19, 99], WB: DASM(0fd31063)
Cyc=       188 Op1=[0x00000000] Op2=[0x00000002] W[W, 4= 0x00000002] [_,0x00200293]  175     PC=(0x800002a8,0x800002a4,0x800002a0) [63, 19, 19], WB: DASM(00120213)
Cyc=       189 Op1=[0x00000002] Op2=[0x00000002] W[W, 5= 0x00000002] [_,0xfc521ae3]  176     PC=(0x800002ac,0x800002a8,0x800002a4) [13, 99, 19], WB: DASM(00200293)
Cyc=       190 Op1=[0x00000000] Op2=[0x0000000f] W[_,21= 0x00000004] [_,0x00f00193]  177     PC=(0x800002b0,0x800002ac,0x800002a8) [13, 19, 99], WB: DASM(fc521ae3)
Cyc=       191 Op1=[0x00000000] Op2=[0x00000000] W[W, 3= 0x0000000f] [_,0x00000213]  178     PC=(0x800002b4,0x800002b0,0x800002ac) [17, 19, 19], WB: DASM(00f00193)
Cyc=       192 Op1=[0x00002000] Op2=[0x800002b4] W[W, 4= 0x00000000] [_,0x00002097]  179     PC=(0x800002b8,0x800002b4,0x800002b0) [13, 23, 19], WB: DASM(00000213)
Cyc=       193 Op1=[0x800022b4] Op2=[0xfffffd4e] W[W, 1= 0x800022b4] [_,0xd4e08093]  180     PC=(0x800002bc,0x800002b8,0x800002b4) [03, 19, 23], WB: DASM(00002097)
Cyc=       194 Op1=[0x80002002] Op2=[0x00000002] W[W, 1= 0x80002002] [_,0x0020df03]  181     PC=(0x800002c0,0x800002bc,0x800002b8) [37,  3, 19], WB: DASM(d4e08093)
Cyc=       195 Op1=[0x00001000] Op2=[0x00000000] W[W,30= 0x00000ff0] [_,0x00001eb7]  182     PC=(0x800002c4,0x800002c0,0x800002bc) [13, 55,  3], WB: DASM(0020df03)
Cyc=       196 Op1=[0x00001000] Op2=[0xfffffff0] W[W,29= 0x00001000] [_,0xff0e8e93]  183     PC=(0x800002c8,0x800002c4,0x800002c0) [63, 19, 55], WB: DASM(00001eb7)
Cyc=       197 Op1=[0x00000ff0] Op2=[0x00000ff0] W[W,29= 0x00000ff0] [_,0x0bdf1a63]  184     PC=(0x800002cc,0x800002c8,0x800002c4) [13, 99, 19], WB: DASM(ff0e8e93)
Cyc=       198 Op1=[0x00000000] Op2=[0x00000001] W[_,20= 0x00001fe0] [_,0x00120213]  185     PC=(0x800002d0,0x800002cc,0x800002c8) [13, 19, 99], WB: DASM(0bdf1a63)
Cyc=       199 Op1=[0x00000000] Op2=[0x00000002] W[W, 4= 0x00000001] [_,0x00200293]  186     PC=(0x800002d4,0x800002d0,0x800002cc) [63, 19, 19], WB: DASM(00120213)
Cyc=       200 Op1=[0x00000001] Op2=[0x00000002] W[W, 5= 0x00000002] [_,0xfe5210e3]  187   B PC=(0x800002d8,0x800002d4,0x800002d0) [13, 99, 19], WB: DASM(00200293)
Cyc=       201 Op1=[0x00000000] Op2=[0x00000010] W[_, 1= 0x00000003] [_,0x01000193]  188     PC=(0x800002b4,0x800002d8,0x800002d4) [17, 51, 99], WB: DASM(fe5210e3)
Cyc=       202 Op1=[0x00002000] Op2=[0x800002b4] W[_, 3= 0x00000010] [_,0x00002097]  189     PC=(0x800002b8,0x800002b4,0x800002d8) [13, 23, 51], WB: DASM(00004033)
Cyc=       203 Op1=[0x800022b4] Op2=[0xfffffd4e] W[W, 1= 0x800022b4] [_,0xd4e08093]  189     PC=(0x800002bc,0x800002b8,0x800002b4) [03, 19, 23], WB: DASM(00002097)
Cyc=       204 Op1=[0x80002002] Op2=[0x00000002] W[W, 1= 0x80002002] [_,0x0020df03]  190     PC=(0x800002c0,0x800002bc,0x800002b8) [37,  3, 19], WB: DASM(d4e08093)
Cyc=       205 Op1=[0x00001000] Op2=[0x00000000] W[W,30= 0x00000ff0] [_,0x00001eb7]  191     PC=(0x800002c4,0x800002c0,0x800002bc) [13, 55,  3], WB: DASM(0020df03)
Cyc=       206 Op1=[0x00001000] Op2=[0xfffffff0] W[W,29= 0x00001000] [_,0xff0e8e93]  192     PC=(0x800002c8,0x800002c4,0x800002c0) [63, 19, 55], WB: DASM(00001eb7)
Cyc=       207 Op1=[0x00000ff0] Op2=[0x00000ff0] W[W,29= 0x00000ff0] [_,0x0bdf1a63]  193     PC=(0x800002cc,0x800002c8,0x800002c4) [13, 99, 19], WB: DASM(ff0e8e93)
Cyc=       208 Op1=[0x00000001] Op2=[0x00000001] W[_,20= 0x00001fe0] [_,0x00120213]  194     PC=(0x800002d0,0x800002cc,0x800002c8) [13, 19, 99], WB: DASM(0bdf1a63)
Cyc=       209 Op1=[0x00000000] Op2=[0x00000002] W[W, 4= 0x00000002] [_,0x00200293]  195     PC=(0x800002d4,0x800002d0,0x800002cc) [63, 19, 19], WB: DASM(00120213)
Cyc=       210 Op1=[0x00000002] Op2=[0x00000002] W[W, 5= 0x00000002] [_,0xfe5210e3]  196     PC=(0x800002d8,0x800002d4,0x800002d0) [13, 99, 19], WB: DASM(00200293)
Cyc=       211 Op1=[0x00000000] Op2=[0x00000010] W[_, 1= 0x00000004] [_,0x01000193]  197     PC=(0x800002dc,0x800002d8,0x800002d4) [13, 19, 99], WB: DASM(fe5210e3)
Cyc=       212 Op1=[0x00000000] Op2=[0x00000000] W[W, 3= 0x00000010] [_,0x00000213]  198     PC=(0x800002e0,0x800002dc,0x800002d8) [17, 19, 19], WB: DASM(01000193)
Cyc=       213 Op1=[0x00002000] Op2=[0x800002e0] W[W, 4= 0x00000000] [_,0x00002097]  199     PC=(0x800002e4,0x800002e0,0x800002dc) [13, 23, 19], WB: DASM(00000213)
Cyc=       214 Op1=[0x800022e0] Op2=[0xfffffd24] W[W, 1= 0x800022e0] [_,0xd2408093]  200     PC=(0x800002e8,0x800002e4,0x800002e0) [13, 19, 23], WB: DASM(00002097)
Cyc=       215 Op1=[0x00000000] Op2=[0x00000000] W[W, 1= 0x80002004] [_,0x00000013]  201     PC=(0x800002ec,0x800002e8,0x800002e4) [03, 19, 19], WB: DASM(d2408093)
Cyc=       216 Op1=[0x80002004] Op2=[0x00000002] W[W, 0= 0x00000000] [_,0x0020df03]  202     PC=(0x800002f0,0x800002ec,0x800002e8) [37,  3, 19], WB: DASM(00000013)
Cyc=       217 Op1=[0x0000f000] Op2=[0x00000000] W[W,30= 0x0000f00f] [_,0x0000feb7]  203     PC=(0x800002f4,0x800002f0,0x800002ec) [13, 55,  3], WB: DASM(0020df03)
Cyc=       218 Op1=[0x0000f000] Op2=[0x0000000f] W[W,29= 0x0000f000] [_,0x00fe8e93]  204     PC=(0x800002f8,0x800002f4,0x800002f0) [63, 19, 55], WB: DASM(0000feb7)
Cyc=       219 Op1=[0x0000f00f] Op2=[0x0000f00f] W[W,29= 0x0000f00f] [_,0x09df1263]  205     PC=(0x800002fc,0x800002f8,0x800002f4) [13, 99, 19], WB: DASM(00fe8e93)
Cyc=       220 Op1=[0x00000000] Op2=[0x00000001] W[_, 4= 0x0001e01e] [_,0x00120213]  206     PC=(0x80000300,0x800002fc,0x800002f8) [13, 19, 99], WB: DASM(09df1263)
Cyc=       221 Op1=[0x00000000] Op2=[0x00000002] W[W, 4= 0x00000001] [_,0x00200293]  207     PC=(0x80000304,0x80000300,0x800002fc) [63, 19, 19], WB: DASM(00120213)
Cyc=       222 Op1=[0x00000001] Op2=[0x00000002] W[W, 5= 0x00000002] [_,0xfc521ee3]  208   B PC=(0x80000308,0x80000304,0x80000300) [13, 99, 19], WB: DASM(00200293)
Cyc=       223 Op1=[0x00000000] Op2=[0x00000011] W[_,29= 0x00000003] [_,0x01100193]  209     PC=(0x800002e0,0x80000308,0x80000304) [17, 51, 99], WB: DASM(fc521ee3)
Cyc=       224 Op1=[0x00002000] Op2=[0x800002e0] W[_, 3= 0x00000011] [_,0x00002097]  210     PC=(0x800002e4,0x800002e0,0x80000308) [13, 23, 51], WB: DASM(00004033)
Cyc=       225 Op1=[0x800022e0] Op2=[0xfffffd24] W[W, 1= 0x800022e0] [_,0xd2408093]  210     PC=(0x800002e8,0x800002e4,0x800002e0) [13, 19, 23], WB: DASM(00002097)
Cyc=       226 Op1=[0x00000000] Op2=[0x00000000] W[W, 1= 0x80002004] [_,0x00000013]  211     PC=(0x800002ec,0x800002e8,0x800002e4) [03, 19, 19], WB: DASM(d2408093)
Cyc=       227 Op1=[0x80002004] Op2=[0x00000002] W[W, 0= 0x00000000] [_,0x0020df03]  212     PC=(0x800002f0,0x800002ec,0x800002e8) [37,  3, 19], WB: DASM(00000013)
Cyc=       228 Op1=[0x0000f000] Op2=[0x00000000] W[W,30= 0x0000f00f] [_,0x0000feb7]  213     PC=(0x800002f4,0x800002f0,0x800002ec) [13, 55,  3], WB: DASM(0020df03)
Cyc=       229 Op1=[0x0000f000] Op2=[0x0000000f] W[W,29= 0x0000f000] [_,0x00fe8e93]  214     PC=(0x800002f8,0x800002f4,0x800002f0) [63, 19, 55], WB: DASM(0000feb7)
Cyc=       230 Op1=[0x0000f00f] Op2=[0x0000f00f] W[W,29= 0x0000f00f] [_,0x09df1263]  215     PC=(0x800002fc,0x800002f8,0x800002f4) [13, 99, 19], WB: DASM(00fe8e93)
Cyc=       231 Op1=[0x00000001] Op2=[0x00000001] W[_, 4= 0x0001e01e] [_,0x00120213]  216     PC=(0x80000300,0x800002fc,0x800002f8) [13, 19, 99], WB: DASM(09df1263)
Cyc=       232 Op1=[0x00000000] Op2=[0x00000002] W[W, 4= 0x00000002] [_,0x00200293]  217     PC=(0x80000304,0x80000300,0x800002fc) [63, 19, 19], WB: DASM(00120213)
Cyc=       233 Op1=[0x00000002] Op2=[0x00000002] W[W, 5= 0x00000002] [_,0xfc521ee3]  218     PC=(0x80000308,0x80000304,0x80000300) [13, 99, 19], WB: DASM(00200293)
Cyc=       234 Op1=[0x00000000] Op2=[0x00000011] W[_,29= 0x00000004] [_,0x01100193]  219     PC=(0x8000030c,0x80000308,0x80000304) [13, 19, 99], WB: DASM(fc521ee3)
Cyc=       235 Op1=[0x00000000] Op2=[0x00000000] W[W, 3= 0x00000011] [_,0x00000213]  220     PC=(0x80000310,0x8000030c,0x80000308) [17, 19, 19], WB: DASM(01100193)
Cyc=       236 Op1=[0x00002000] Op2=[0x80000310] W[W, 4= 0x00000000] [_,0x00002097]  221     PC=(0x80000314,0x80000310,0x8000030c) [13, 23, 19], WB: DASM(00000213)
Cyc=       237 Op1=[0x80002310] Op2=[0xfffffcf0] W[W, 1= 0x80002310] [_,0xcf008093]  222     PC=(0x80000318,0x80000314,0x80000310) [13, 19, 23], WB: DASM(00002097)
Cyc=       238 Op1=[0x00000000] Op2=[0x00000000] W[W, 1= 0x80002000] [_,0x00000013]  223     PC=(0x8000031c,0x80000318,0x80000314) [13, 19, 19], WB: DASM(cf008093)
Cyc=       239 Op1=[0x00000000] Op2=[0x00000000] W[W, 0= 0x00000000] [_,0x00000013]  224     PC=(0x80000320,0x8000031c,0x80000318) [03, 19, 19], WB: DASM(00000013)
Cyc=       240 Op1=[0x80002000] Op2=[0x00000002] W[W, 0= 0x00000000] [_,0x0020df03]  225     PC=(0x80000324,0x80000320,0x8000031c) [37,  3, 19], WB: DASM(00000013)
Cyc=       241 Op1=[0x00010000] Op2=[0x00000000] W[W,30= 0x0000ff00] [_,0x00010eb7]  226     PC=(0x80000328,0x80000324,0x80000320) [13, 55,  3], WB: DASM(0020df03)
Cyc=       242 Op1=[0x00010000] Op2=[0xffffff00] W[W,29= 0x00010000] [_,0xf00e8e93]  227     PC=(0x8000032c,0x80000328,0x80000324) [63, 19, 55], WB: DASM(00010eb7)
Cyc=       243 Op1=[0x0000ff00] Op2=[0x0000ff00] W[W,29= 0x0000ff00] [_,0x05df1863]  228     PC=(0x80000330,0x8000032c,0x80000328) [13, 99, 19], WB: DASM(f00e8e93)
Cyc=       244 Op1=[0x00000000] Op2=[0x00000001] W[_,16= 0x0001fe00] [_,0x00120213]  229     PC=(0x80000334,0x80000330,0x8000032c) [13, 19, 99], WB: DASM(05df1863)
Cyc=       245 Op1=[0x00000000] Op2=[0x00000002] W[W, 4= 0x00000001] [_,0x00200293]  230     PC=(0x80000338,0x80000334,0x80000330) [63, 19, 19], WB: DASM(00120213)
Cyc=       246 Op1=[0x00000001] Op2=[0x00000002] W[W, 5= 0x00000002] [_,0xfc521ce3]  231   B PC=(0x8000033c,0x80000338,0x80000334) [17, 99, 19], WB: DASM(00200293)
Cyc=       247 Op1=[0x00002000] Op2=[0x8000033c] W[_,25= 0x00000003] [_,0x00002297]  232     PC=(0x80000310,0x8000033c,0x80000338) [17, 51, 99], WB: DASM(fc521ce3)
Cyc=       248 Op1=[0x00002000] Op2=[0x80000310] W[_, 5= 0x8000233c] [_,0x00002097]  233     PC=(0x80000314,0x80000310,0x8000033c) [13, 23, 51], WB: DASM(00004033)
Cyc=       249 Op1=[0x80002310] Op2=[0xfffffcf0] W[W, 1= 0x80002310] [_,0xcf008093]  233     PC=(0x80000318,0x80000314,0x80000310) [13, 19, 23], WB: DASM(00002097)
Cyc=       250 Op1=[0x00000000] Op2=[0x00000000] W[W, 1= 0x80002000] [_,0x00000013]  234     PC=(0x8000031c,0x80000318,0x80000314) [13, 19, 19], WB: DASM(cf008093)
Cyc=       251 Op1=[0x00000000] Op2=[0x00000000] W[W, 0= 0x00000000] [_,0x00000013]  235     PC=(0x80000320,0x8000031c,0x80000318) [03, 19, 19], WB: DASM(00000013)
Cyc=       252 Op1=[0x80002000] Op2=[0x00000002] W[W, 0= 0x00000000] [_,0x0020df03]  236     PC=(0x80000324,0x80000320,0x8000031c) [37,  3, 19], WB: DASM(00000013)
Cyc=       253 Op1=[0x00010000] Op2=[0x00000000] W[W,30= 0x0000ff00] [_,0x00010eb7]  237     PC=(0x80000328,0x80000324,0x80000320) [13, 55,  3], WB: DASM(0020df03)
Cyc=       254 Op1=[0x00010000] Op2=[0xffffff00] W[W,29= 0x00010000] [_,0xf00e8e93]  238     PC=(0x8000032c,0x80000328,0x80000324) [63, 19, 55], WB: DASM(00010eb7)
Cyc=       255 Op1=[0x0000ff00] Op2=[0x0000ff00] W[W,29= 0x0000ff00] [_,0x05df1863]  239     PC=(0x80000330,0x8000032c,0x80000328) [13, 99, 19], WB: DASM(f00e8e93)
Cyc=       256 Op1=[0x00000001] Op2=[0x00000001] W[_,16= 0x0001fe00] [_,0x00120213]  240     PC=(0x80000334,0x80000330,0x8000032c) [13, 19, 99], WB: DASM(05df1863)
Cyc=       257 Op1=[0x00000000] Op2=[0x00000002] W[W, 4= 0x00000002] [_,0x00200293]  241     PC=(0x80000338,0x80000334,0x80000330) [63, 19, 19], WB: DASM(00120213)
Cyc=       258 Op1=[0x00000002] Op2=[0x00000002] W[W, 5= 0x00000002] [_,0xfc521ce3]  242     PC=(0x8000033c,0x80000338,0x80000334) [17, 99, 19], WB: DASM(00200293)
Cyc=       259 Op1=[0x00002000] Op2=[0x8000033c] W[_,25= 0x00000004] [_,0x00002297]  243     PC=(0x80000340,0x8000033c,0x80000338) [13, 23, 99], WB: DASM(fc521ce3)
Cyc=       260 Op1=[0x8000233c] Op2=[0xfffffcc4] W[W, 5= 0x8000233c] [_,0xcc428293]  244     PC=(0x80000344,0x80000340,0x8000033c) [03, 19, 23], WB: DASM(00002297)
Cyc=       261 Op1=[0x80002000] Op2=[0x00000000] W[W, 5= 0x80002000] [_,0x0002d103]  245     PC=(0x80000348,0x80000344,0x80000340) [13,  3, 19], WB: DASM(cc428293)
Cyc=       262 Op1=[0x00000000] Op2=[0x00000002] W[W, 2= 0x000000ff] [_,0x00200113]  246 H   PC=(0x8000034c,0x80000348,0x80000344) [13, 19,  3], WB: DASM(0002d103)
Cyc=       263 Op1=[0x00000000] Op2=[0x00000002] W[_, 2= 0x00000002] [_,0x00200113]  247     PC=(0x8000034c,0x80000348,0x00000000) [13, 19, 51], WB: DASM(00004033)
Cyc=       264 Op1=[0x00000000] Op2=[0x00000002] W[W, 2= 0x00000002] [_,0x00200e93]  247     PC=(0x80000350,0x8000034c,0x80000348) [13, 19, 19], WB: DASM(00200113)
Cyc=       265 Op1=[0x00000000] Op2=[0x00000012] W[W,29= 0x00000002] [_,0x01200193]  248     PC=(0x80000354,0x80000350,0x8000034c) [63, 19, 19], WB: DASM(00200e93)
Cyc=       266 Op1=[0x00000002] Op2=[0x00000002] W[W, 3= 0x00000012] [_,0x03d11463]  249     PC=(0x80000358,0x80000354,0x80000350) [17, 99, 19], WB: DASM(01200193)
Cyc=       267 Op1=[0x00002000] Op2=[0x80000358] W[_, 8= 0x00000004] [_,0x00002297]  250     PC=(0x8000035c,0x80000358,0x80000354) [13, 23, 99], WB: DASM(03d11463)
Cyc=       268 Op1=[0x80002358] Op2=[0xfffffca8] W[W, 5= 0x80002358] [_,0xca828293]  251     PC=(0x80000360,0x8000035c,0x80000358) [03, 19, 23], WB: DASM(00002297)
Cyc=       269 Op1=[0x80002000] Op2=[0x00000000] W[W, 5= 0x80002000] [_,0x0002d103]  252     PC=(0x80000364,0x80000360,0x8000035c) [13,  3, 19], WB: DASM(ca828293)
Cyc=       270 Op1=[0x00000000] Op2=[0x00000000] W[W, 2= 0x000000ff] [_,0x00000013]  253     PC=(0x80000368,0x80000364,0x80000360) [13, 19,  3], WB: DASM(0002d103)
Cyc=       271 Op1=[0x00000000] Op2=[0x00000002] W[W, 0= 0x00000000] [_,0x00200113]  254     PC=(0x8000036c,0x80000368,0x80000364) [13, 19, 19], WB: DASM(00000013)
Cyc=       272 Op1=[0x00000000] Op2=[0x00000002] W[W, 2= 0x00000002] [_,0x00200e93]  255     PC=(0x80000370,0x8000036c,0x80000368) [13, 19, 19], WB: DASM(00200113)
Cyc=       273 Op1=[0x00000000] Op2=[0x00000013] W[W,29= 0x00000002] [_,0x01300193]  256     PC=(0x80000374,0x80000370,0x8000036c) [63, 19, 19], WB: DASM(00200e93)
Cyc=       274 Op1=[0x00000002] Op2=[0x00000002] W[W, 3= 0x00000013] [_,0x01d11463]  257     PC=(0x80000378,0x80000374,0x80000370) [63, 99, 19], WB: DASM(01300193)
Cyc=       275 Op1=[0x00000000] Op2=[0x00000013] W[_, 8= 0x00000004] [_,0x00301c63]  258   B PC=(0x8000037c,0x80000378,0x80000374) [0f, 99, 99], WB: DASM(01d11463)
Cyc=       276 Op1=[0x00000000] Op2=[0x00000000] W[_,24= 0x00000013] [_,0x0ff0000f]  259     PC=(0x80000390,0x8000037c,0x80000378) [0f, 51, 99], WB: DASM(00301c63)
Cyc=       277 Op1=[0x00000000] Op2=[0x00000000] W[_, 0= 0x00000000] [_,0x0ff0000f]  260     PC=(0x80000394,0x80000390,0x8000037c) [13, 15, 51], WB: DASM(00004033)
Cyc=       278 Op1=[0x00000000] Op2=[0x00000001] W[_, 0= 0x00000000] [_,0x00100193]  260     PC=(0x80000398,0x80000394,0x80000390) [73, 19, 15], WB: DASM(0ff0000f)
Cyc=       279 Op1=[0x00000000] Op2=[0x00000000] W[W, 3= 0x00000001] [_,0x00000073]  261     PC=(0x8000039c,0x80000398,0x80000394) [73,115, 19], WB: DASM(00100193)
Cyc=       280 Op1=[0x00000000] Op2=[0x00000000] W[_, 0= 0x00000000] [_,0xc0001073]  262   X PC=(0x800003a0,0x8000039c,0x80000398) [00,115,115], WB: DASM(00000073)
Cyc=       281 Op1=[0x00000000] Op2=[0x00000000] W[_, 0= 0x00000000] [_,0x00000000]  263     PC=(0x80000004,0x800003a0,0x8000039c) [73, 51, 51], WB: DASM(00004033)
Cyc=       282 Op1=[0x00000000] Op2=[0x00000002] W[_, 0= 0x00000000] [_,0x34202f73]  264     PC=(0x80000008,0x80000004,0x800003a0) [13,115, 51], WB: DASM(00004033)
Cyc=       283 Op1=[0x00000000] Op2=[0x00000008] W[W,30= 0x0000000b] [_,0x00800f93]  264     PC=(0x8000000c,0x80000008,0x80000004) [63, 19,115], WB: DASM(34202f73)
Cyc=       284 Op1=[0x0000000b] Op2=[0x00000008] W[W,31= 0x00000008] [_,0x03ff0a63]  265     PC=(0x80000010,0x8000000c,0x80000008) [13, 99, 19], WB: DASM(00800f93)
Cyc=       285 Op1=[0x00000000] Op2=[0x00000009] W[_,20= 0x00000013] [_,0x00900f93]  266     PC=(0x80000014,0x80000010,0x8000000c) [63, 19, 99], WB: DASM(03ff0a63)
Cyc=       286 Op1=[0x0000000b] Op2=[0x00000009] W[W,31= 0x00000009] [_,0x03ff0663]  267     PC=(0x80000018,0x80000014,0x80000010) [13, 99, 19], WB: DASM(00900f93)
Cyc=       287 Op1=[0x00000000] Op2=[0x0000000b] W[_,12= 0x00000014] [_,0x00b00f93]  268     PC=(0x8000001c,0x80000018,0x80000014) [63, 19, 99], WB: DASM(03ff0663)
Cyc=       288 Op1=[0x0000000b] Op2=[0x0000000b] W[W,31= 0x0000000b] [_,0x03ff0263]  269   B PC=(0x80000020,0x8000001c,0x80000018) [17, 99, 19], WB: DASM(00b00f93)
Cyc=       289 Op1=[0x80000000] Op2=[0x80000020] W[_, 4= 0x00000016] [_,0x80000f17]  270     PC=(0x80000040,0x80000020,0x8000001c) [17, 51, 99], WB: DASM(03ff0263)
Cyc=       290 Op1=[0x00001000] Op2=[0x80000040] W[_,30= 0x00000020] [_,0x00001f17]  271     PC=(0x80000044,0x80000040,0x80000020) [23, 23, 51], WB: DASM(00004033)
Cyc=       291 Op1=[0x80001040] Op2=[0xffffffc0] W[W,30= 0x80001040] [_,0xfc3f2023]  271     PC=(0x80000048,0x80000044,0x80000040) [6f, 35, 23], WB: DASM(00001f17)
Cyc=       292 Op1=[0x0000000b] Op2=[0x00000000] W[_, 0= 0x80001000] [_,0xff9ff06f]  272   J PC=(0x8000004c,0x80000048,0x80000044) [73,111, 35], WB: DASM(fc3f2023)
Cyc=       293 Op1=[0x00000000] Op2=[0x00000000] W[W, 0= 0x8000004c] [_,0xf1402573]  273     PC=(0x80000040,0x8000004c,0x80000048) [17, 51,111], WB: DASM(ff9ff06f)
Cyc=       294 Op1=[0x00001000] Op2=[0x80000040] W[_,10= 0x00000000] [_,0x00001f17]  274     PC=(0x80000044,0x80000040,0x8000004c) [23, 23, 51], WB: DASM(00004033)
Cyc=       295 Op1=[0x80001040] Op2=[0xffffffc0] W[W,30= 0x80001040] [_,0xfc3f2023]  274     PC=(0x80000048,0x80000044,0x80000040) [6f, 35, 23], WB: DASM(00001f17)
Cyc=       296 Op1=[0x0000000b] Op2=[0x00000000] W[_, 0= 0x80001000] [_,0xff9ff06f]  275   J PC=(0x8000004c,0x80000048,0x80000044) [73,111, 35], WB: DASM(fc3f2023)
Cyc=       297 Op1=[0x00000000] Op2=[0x00000000] W[W, 0= 0x8000004c] [_,0xf1402573]  276     PC=(0x80000040,0x8000004c,0x80000048) [17, 51,111], WB: DASM(ff9ff06f)
Cyc=       298 Op1=[0x00001000] Op2=[0x80000040] W[_,10= 0x00000000] [_,0x00001f17]  277     PC=(0x80000044,0x80000040,0x8000004c) [23, 23, 51], WB: DASM(00004033)
Cyc=       299 Op1=[0x80001040] Op2=[0xffffffc0] W[W,30= 0x80001040] [_,0xfc3f2023]  277     PC=(0x80000048,0x80000044,0x80000040) [6f, 35, 23], WB: DASM(00001f17)
Cyc=       300 Op1=[0x0000000b] Op2=[0x00000000] W[_, 0= 0x80001000] [_,0xff9ff06f]  278   J PC=(0x8000004c,0x80000048,0x80000044) [73,111, 35], WB: DASM(fc3f2023)
Cyc=       301 Op1=[0x00000000] Op2=[0x00000000] W[W, 0= 0x8000004c] [_,0xf1402573]  279     PC=(0x80000040,0x8000004c,0x80000048) [17, 51,111], WB: DASM(ff9ff06f)
Cyc=       302 Op1=[0x00001000] Op2=[0x80000040] W[_,10= 0x00000000] [_,0x00001f17]  280     PC=(0x80000044,0x80000040,0x8000004c) [23, 23, 51], WB: DASM(00004033)
Cyc=       303 Op1=[0x80001040] Op2=[0xffffffc0] W[W,30= 0x80001040] [_,0xfc3f2023]  280     PC=(0x80000048,0x80000044,0x80000040) [6f, 35, 23], WB: DASM(00001f17)
Cyc=       304 Op1=[0x0000000b] Op2=[0x00000000] W[_, 0= 0x80001000] [_,0xff9ff06f]  281   J PC=(0x8000004c,0x80000048,0x80000044) [73,111, 35], WB: DASM(fc3f2023)
Cyc=       305 Op1=[0x00000000] Op2=[0x00000000] W[W, 0= 0x8000004c] [_,0xf1402573]  282     PC=(0x80000040,0x8000004c,0x80000048) [17, 51,111], WB: DASM(ff9ff06f)
Cyc=       306 Op1=[0x00001000] Op2=[0x80000040] W[_,10= 0x00000000] [_,0x00001f17]  283     PC=(0x80000044,0x80000040,0x8000004c) [23, 23, 51], WB: DASM(00004033)
Cyc=       307 Op1=[0x80001040] Op2=[0xffffffc0] W[W,30= 0x80001040] [_,0xfc3f2023]  283     PC=(0x80000048,0x80000044,0x80000040) [6f, 35, 23], WB: DASM(00001f17)
Cyc=       308 Op1=[0x0000000b] Op2=[0x00000000] W[_, 0= 0x80001000] [_,0xff9ff06f]  284   J PC=(0x8000004c,0x80000048,0x80000044) [73,111, 35], WB: DASM(fc3f2023)
Cyc=       309 Op1=[0x00000000] Op2=[0x00000000] W[W, 0= 0x8000004c] [_,0xf1402573]  285     PC=(0x80000040,0x8000004c,0x80000048) [17, 51,111], WB: DASM(ff9ff06f)
Cyc=       310 Op1=[0x00001000] Op2=[0x80000040] W[_,10= 0x00000000] [_,0x00001f17]  286     PC=(0x80000044,0x80000040,0x8000004c) [23, 23, 51], WB: DASM(00004033)
Cyc=       311 Op1=[0x80001040] Op2=[0xffffffc0] W[W,30= 0x80001040] [_,0xfc3f2023]  286     PC=(0x80000048,0x80000044,0x80000040) [6f, 35, 23], WB: DASM(00001f17)
Cyc=       312 Op1=[0x0000000b] Op2=[0x00000000] W[_, 0= 0x80001000] [_,0xff9ff06f]  287   J PC=(0x8000004c,0x80000048,0x80000044) [73,111, 35], WB: DASM(fc3f2023)
Cyc=       313 Op1=[0x00000000] Op2=[0x00000000] W[W, 0= 0x8000004c] [_,0xf1402573]  288     PC=(0x80000040,0x8000004c,0x80000048) [17, 51,111], WB: DASM(ff9ff06f)
Cyc=       314 Op1=[0x00001000] Op2=[0x80000040] W[_,10= 0x00000000] [_,0x00001f17]  289     PC=(0x80000044,0x80000040,0x8000004c) [23, 23, 51], WB: DASM(00004033)
Cyc=       315 Op1=[0x80001040] Op2=[0xffffffc0] W[W,30= 0x80001040] [_,0xfc3f2023]  289     PC=(0x80000048,0x80000044,0x80000040) [6f, 35, 23], WB: DASM(00001f17)
Cyc=       316 Op1=[0x0000000b] Op2=[0x00000000] W[_, 0= 0x80001000] [_,0xff9ff06f]  290   J PC=(0x8000004c,0x80000048,0x80000044) [73,111, 35], WB: DASM(fc3f2023)
Cyc=       317 Op1=[0x00000000] Op2=[0x00000000] W[W, 0= 0x8000004c] [_,0xf1402573]  291     PC=(0x80000040,0x8000004c,0x80000048) [17, 51,111], WB: DASM(ff9ff06f)
*** PASSED ***
