Instantiated DTM.
Cyc=         0 Op1=[0x00000000] Op2=[0x00000000] W[_, 0= 0x7ffffffc] [_,0x04c0006f]    0   J PC=(0x7ffffffc,0x7ffffffc,0x7ffffffc) [6f, 51, 51], WB: DASM(00004033)
Cyc=         1 Op1=[0x00000000] Op2=[0x00000000] W[_, 0= 0x7ffffffc] [_,0x04c0006f]    0   J PC=(0x80000000,0x7ffffffc,0x7ffffffc) [6f, 51, 51], WB: DASM(00004033)
Cyc=         2 Op1=[0x00000000] Op2=[0x00000000] W[_, 0= 0x80000000] [_,0x04c0006f]    0   J PC=(0x80000004,0x80000000,0x7ffffffc) [73,111, 51], WB: DASM(00004033)
Cyc=         3 Op1=[0x00000000] Op2=[0x00000000] W[W, 0= 0x80000004] [_,0x34202f73]    0     PC=(0x8000004c,0x80000004,0x80000000) [73, 51,111], WB: DASM(04c0006f)
Cyc=         4 Op1=[0x00000000] Op2=[0x00000000] W[_,30= 0x00000000] [_,0xf1402573]    1     PC=(0x80000050,0x8000004c,0x80000004) [63,115, 51], WB: DASM(00004033)
Cyc=         5 Op1=[0x00000000] Op2=[0x00000000] W[W,10= 0x00000000] [_,0x00051063]    1 H   PC=(0x80000054,0x80000050,0x8000004c) [17, 99,115], WB: DASM(f1402573)
Cyc=         6 Op1=[0x00000000] Op2=[0x00000000] W[_, 0= 0x00000000] [_,0x00051063]    2     PC=(0x80000054,0x80000050,0x00000000) [17, 99, 51], WB: DASM(00004033)
Cyc=         7 Op1=[0x00000000] Op2=[0x80000054] W[_, 0= 0x00000000] [_,0x00000297]    2     PC=(0x80000058,0x80000054,0x80000050) [13, 23, 99], WB: DASM(00051063)
Cyc=         8 Op1=[0x80000054] Op2=[0x00000010] W[W, 5= 0x80000054] [_,0x01028293]    3     PC=(0x8000005c,0x80000058,0x80000054) [73, 19, 23], WB: DASM(00000297)
Cyc=         9 Op1=[0x80000064] Op2=[0x80000064] W[W, 5= 0x80000064] [_,0x30529073]    4     PC=(0x80000060,0x8000005c,0x80000058) [73,115, 19], WB: DASM(01028293)
Cyc=        10 Op1=[0x00000000] Op2=[0x00000000] W[W, 0= 0x00000100] [_,0x18005073]    5     PC=(0x80000064,0x80000060,0x8000005c) [17,115,115], WB: DASM(30529073)
Cyc=        11 Op1=[0x00000000] Op2=[0x80000064] W[W, 0= 0x00000000] [_,0x00000297]    6     PC=(0x80000068,0x80000064,0x80000060) [13, 23,115], WB: DASM(18005073)
Cyc=        12 Op1=[0x80000064] Op2=[0x0000001c] W[W, 5= 0x80000064] [_,0x01c28293]    7     PC=(0x8000006c,0x80000068,0x80000064) [73, 19, 23], WB: DASM(00000297)
Cyc=        13 Op1=[0x80000080] Op2=[0x80000080] W[W, 5= 0x80000080] [_,0x30529073]    8     PC=(0x80000070,0x8000006c,0x80000068) [13,115, 19], WB: DASM(01c28293)
Cyc=        14 Op1=[0x00000000] Op2=[0xffffffff] W[W, 0= 0x00000100] [_,0xfff00293]    9     PC=(0x80000074,0x80000070,0x8000006c) [73, 19,115], WB: DASM(30529073)
Cyc=        15 Op1=[0xffffffff] Op2=[0x00000000] W[W, 5= 0xffffffff] [_,0x3b029073]   10     PC=(0x80000078,0x80000074,0x80000070) [13,115, 19], WB: DASM(fff00293)
Cyc=        16 Op1=[0x00000000] Op2=[0x0000001f] W[W, 0= 0x00000000] [_,0x01f00293]   11     PC=(0x8000007c,0x80000078,0x80000074) [73, 19,115], WB: DASM(3b029073)
Cyc=        17 Op1=[0x0000001f] Op2=[0x00000000] W[W, 5= 0x0000001f] [_,0x3a029073]   12     PC=(0x80000080,0x8000007c,0x80000078) [17,115, 19], WB: DASM(01f00293)
Cyc=        18 Op1=[0x00000000] Op2=[0x80000080] W[W, 0= 0x00000000] [_,0x00000297]   13     PC=(0x80000084,0x80000080,0x8000007c) [13, 23,115], WB: DASM(3a029073)
Cyc=        19 Op1=[0x80000080] Op2=[0x00000018] W[W, 5= 0x80000080] [_,0x01828293]   14     PC=(0x80000088,0x80000084,0x80000080) [73, 19, 23], WB: DASM(00000297)
Cyc=        20 Op1=[0x80000098] Op2=[0x80000098] W[W, 5= 0x80000098] [_,0x30529073]   15     PC=(0x8000008c,0x80000088,0x80000084) [73,115, 19], WB: DASM(01828293)
Cyc=        21 Op1=[0x00000000] Op2=[0x00000000] W[W, 0= 0x00000100] [_,0x30205073]   16     PC=(0x80000090,0x8000008c,0x80000088) [73,115,115], WB: DASM(30529073)
Cyc=        22 Op1=[0x00000000] Op2=[0x00000000] W[W, 0= 0x00000000] [_,0x30305073]   17     PC=(0x80000094,0x80000090,0x8000008c) [73,115,115], WB: DASM(30205073)
Cyc=        23 Op1=[0x00000000] Op2=[0x00000000] W[W, 0= 0x00000000] [_,0x30405073]   18     PC=(0x80000098,0x80000094,0x80000090) [13,115,115], WB: DASM(30305073)
Cyc=        24 Op1=[0x00000000] Op2=[0x00000000] W[W, 0= 0x00000000] [_,0x00000193]   19     PC=(0x8000009c,0x80000098,0x80000094) [17, 19,115], WB: DASM(30405073)
Cyc=        25 Op1=[0x00000000] Op2=[0x8000009c] W[W, 3= 0x00000000] [_,0x00000297]   20     PC=(0x800000a0,0x8000009c,0x80000098) [13, 23, 19], WB: DASM(00000193)
Cyc=        26 Op1=[0x8000009c] Op2=[0xffffff68] W[W, 5= 0x8000009c] [_,0xf6828293]   21     PC=(0x800000a4,0x800000a0,0x8000009c) [73, 19, 23], WB: DASM(00000297)
Cyc=        27 Op1=[0x80000004] Op2=[0x80000004] W[W, 5= 0x80000004] [_,0x30529073]   22     PC=(0x800000a8,0x800000a4,0x800000a0) [13,115, 19], WB: DASM(f6828293)
Cyc=        28 Op1=[0x00000000] Op2=[0x00000001] W[W, 0= 0x00000100] [_,0x00100513]   23     PC=(0x800000ac,0x800000a8,0x800000a4) [13, 19,115], WB: DASM(30529073)
Cyc=        29 Op1=[0x00000001] Op2=[0x0000001f] W[W,10= 0x00000001] [_,0x01f51513]   24     PC=(0x800000b0,0x800000ac,0x800000a8) [63, 19, 19], WB: DASM(00100513)
Cyc=        30 Op1=[0x80000000] Op2=[0x00000000] W[W,10= 0x80000000] [_,0x00054863]   25   B PC=(0x800000b4,0x800000b0,0x800000ac) [0f, 99, 19], WB: DASM(01f51513)
Cyc=        31 Op1=[0x00000000] Op2=[0x00000000] W[_,16= 0x80000000] [_,0x0ff0000f]   26     PC=(0x800000c0,0x800000b4,0x800000b0) [17, 51, 99], WB: DASM(00054863)
Cyc=        32 Op1=[0x80000000] Op2=[0x800000c0] W[_, 0= 0x00000000] [_,0x80000297]   27     PC=(0x800000c4,0x800000c0,0x800000b4) [13, 23, 51], WB: DASM(00004033)
Cyc=        33 Op1=[0x000000c0] Op2=[0xffffff40] W[W, 5= 0x000000c0] [_,0xf4028293]   27     PC=(0x800000c8,0x800000c4,0x800000c0) [63, 19, 23], WB: DASM(80000297)
Cyc=        34 Op1=[0x00000000] Op2=[0x00000000] W[W, 5= 0x00000000] [_,0x00028e63]   28   B PC=(0x800000cc,0x800000c8,0x800000c4) [73, 99, 19], WB: DASM(f4028293)
Cyc=        35 Op1=[0x00000000] Op2=[0x00000000] W[_,28= 0x00000000] [_,0x10529073]   29     PC=(0x800000e4,0x800000cc,0x800000c8) [73, 51, 99], WB: DASM(00028e63)
Cyc=        36 Op1=[0x00000000] Op2=[0x00000000] W[_, 0= 0x00000000] [_,0x30005073]   30     PC=(0x800000e8,0x800000e4,0x800000cc) [17,115, 51], WB: DASM(00004033)
Cyc=        37 Op1=[0x00000000] Op2=[0x800000e8] W[W, 0= 0x00001800] [_,0x00000297]   30     PC=(0x800000ec,0x800000e8,0x800000e4) [13, 23,115], WB: DASM(30005073)
Cyc=        38 Op1=[0x800000e8] Op2=[0x00000014] W[W, 5= 0x800000e8] [_,0x01428293]   31     PC=(0x800000f0,0x800000ec,0x800000e8) [73, 19, 23], WB: DASM(00000297)
Cyc=        39 Op1=[0x800000fc] Op2=[0x00000000] W[W, 5= 0x800000fc] [_,0x34129073]   32     PC=(0x800000f4,0x800000f0,0x800000ec) [73,115, 19], WB: DASM(01428293)
Cyc=        40 Op1=[0x00000000] Op2=[0x00000000] W[W, 0= 0x00000000] [_,0xf1402573]   33     PC=(0x800000f8,0x800000f4,0x800000f0) [73,115,115], WB: DASM(34129073)
Cyc=        41 Op1=[0x00000000] Op2=[0x00000000] W[W,10= 0x00000000] [_,0x30200073]   34     PC=(0x800000fc,0x800000f8,0x800000f4) [13,115,115], WB: DASM(f1402573)
Cyc=        42 Op1=[0x00000000] Op2=[0x00000001] W[_, 0= 0x00000000] [_,0x00100093]   35   X PC=(0x80000100,0x800000fc,0x800000f8) [13, 19,115], WB: DASM(30200073)
Cyc=        43 Op1=[0x00000000] Op2=[0x00000000] W[_, 1= 0x00000001] [_,0x00000113]   36     PC=(0x800000fc,0x80000100,0x800000fc) [13, 51, 51], WB: DASM(00004033)
Cyc=        44 Op1=[0x00000000] Op2=[0x00000001] W[_, 2= 0x00000000] [_,0x00100093]   37     PC=(0x80000100,0x800000fc,0x80000100) [13, 19, 51], WB: DASM(00004033)
Cyc=        45 Op1=[0x00000000] Op2=[0x00000000] W[W, 1= 0x00000001] [_,0x00000113]   37     PC=(0x80000104,0x80000100,0x800000fc) [33, 19, 19], WB: DASM(00100093)
Cyc=        46 Op1=[0x00000001] Op2=[0x00000000] W[W, 2= 0x00000000] [_,0x00209f33]   38     PC=(0x80000108,0x80000104,0x80000100) [13, 51, 19], WB: DASM(00000113)
Cyc=        47 Op1=[0x00000000] Op2=[0x00000001] W[W,30= 0x00000001] [_,0x00100e93]   39     PC=(0x8000010c,0x80000108,0x80000104) [13, 19, 51], WB: DASM(00209f33)
Cyc=        48 Op1=[0x00000000] Op2=[0x00000002] W[W,29= 0x00000001] [_,0x00200193]   40     PC=(0x80000110,0x8000010c,0x80000108) [63, 19, 19], WB: DASM(00100e93)
Cyc=        49 Op1=[0x00000001] Op2=[0x00000001] W[W, 3= 0x00000002] [_,0x53df1e63]   41     PC=(0x80000114,0x80000110,0x8000010c) [13, 99, 19], WB: DASM(00200193)
Cyc=        50 Op1=[0x00000000] Op2=[0x00000001] W[_,28= 0x00000002] [_,0x00100093]   42     PC=(0x80000118,0x80000114,0x80000110) [13, 19, 99], WB: DASM(53df1e63)
Cyc=        51 Op1=[0x00000000] Op2=[0x00000001] W[W, 1= 0x00000001] [_,0x00100113]   43     PC=(0x8000011c,0x80000118,0x80000114) [33, 19, 19], WB: DASM(00100093)
Cyc=        52 Op1=[0x00000001] Op2=[0x00000001] W[W, 2= 0x00000001] [_,0x00209f33]   44     PC=(0x80000120,0x8000011c,0x80000118) [13, 51, 19], WB: DASM(00100113)
Cyc=        53 Op1=[0x00000000] Op2=[0x00000002] W[W,30= 0x00000002] [_,0x00200e93]   45     PC=(0x80000124,0x80000120,0x8000011c) [13, 19, 51], WB: DASM(00209f33)
Cyc=        54 Op1=[0x00000000] Op2=[0x00000003] W[W,29= 0x00000002] [_,0x00300193]   46     PC=(0x80000128,0x80000124,0x80000120) [63, 19, 19], WB: DASM(00200e93)
Cyc=        55 Op1=[0x00000002] Op2=[0x00000002] W[W, 3= 0x00000003] [_,0x53df1263]   47     PC=(0x8000012c,0x80000128,0x80000124) [13, 99, 19], WB: DASM(00300193)
Cyc=        56 Op1=[0x00000000] Op2=[0x00000001] W[_, 4= 0x00000004] [_,0x00100093]   48     PC=(0x80000130,0x8000012c,0x80000128) [13, 19, 99], WB: DASM(53df1263)
Cyc=        57 Op1=[0x00000000] Op2=[0x00000007] W[W, 1= 0x00000001] [_,0x00700113]   49     PC=(0x80000134,0x80000130,0x8000012c) [33, 19, 19], WB: DASM(00100093)
Cyc=        58 Op1=[0x00000001] Op2=[0x00000007] W[W, 2= 0x00000007] [_,0x00209f33]   50     PC=(0x80000138,0x80000134,0x80000130) [13, 51, 19], WB: DASM(00700113)
Cyc=        59 Op1=[0x00000000] Op2=[0x00000080] W[W,30= 0x00000080] [_,0x08000e93]   51     PC=(0x8000013c,0x80000138,0x80000134) [13, 19, 51], WB: DASM(00209f33)
Cyc=        60 Op1=[0x00000000] Op2=[0x00000004] W[W,29= 0x00000080] [_,0x00400193]   52     PC=(0x80000140,0x8000013c,0x80000138) [63, 19, 19], WB: DASM(08000e93)
Cyc=        61 Op1=[0x00000080] Op2=[0x00000080] W[W, 3= 0x00000004] [_,0x51df1663]   53     PC=(0x80000144,0x80000140,0x8000013c) [13, 99, 19], WB: DASM(00400193)
Cyc=        62 Op1=[0x00000000] Op2=[0x00000001] W[_,12= 0x00000100] [_,0x00100093]   54     PC=(0x80000148,0x80000144,0x80000140) [13, 19, 99], WB: DASM(51df1663)
Cyc=        63 Op1=[0x00000000] Op2=[0x0000000e] W[W, 1= 0x00000001] [_,0x00e00113]   55     PC=(0x8000014c,0x80000148,0x80000144) [33, 19, 19], WB: DASM(00100093)
Cyc=        64 Op1=[0x00000001] Op2=[0x0000000e] W[W, 2= 0x0000000e] [_,0x00209f33]   56     PC=(0x80000150,0x8000014c,0x80000148) [37, 51, 19], WB: DASM(00e00113)
Cyc=        65 Op1=[0x00004000] Op2=[0x00000000] W[W,30= 0x00004000] [_,0x00004eb7]   57     PC=(0x80000154,0x80000150,0x8000014c) [13, 55, 51], WB: DASM(00209f33)
Cyc=        66 Op1=[0x00000000] Op2=[0x00000005] W[W,29= 0x00004000] [_,0x00500193]   58     PC=(0x80000158,0x80000154,0x80000150) [63, 19, 55], WB: DASM(00004eb7)
Cyc=        67 Op1=[0x00004000] Op2=[0x00004000] W[W, 3= 0x00000005] [_,0x4fdf1a63]   59     PC=(0x8000015c,0x80000158,0x80000154) [13, 99, 19], WB: DASM(00500193)
Cyc=        68 Op1=[0x00000000] Op2=[0x00000001] W[_,20= 0x00008000] [_,0x00100093]   60     PC=(0x80000160,0x8000015c,0x80000158) [13, 19, 99], WB: DASM(4fdf1a63)
Cyc=        69 Op1=[0x00000000] Op2=[0x0000001f] W[W, 1= 0x00000001] [_,0x01f00113]   61     PC=(0x80000164,0x80000160,0x8000015c) [33, 19, 19], WB: DASM(00100093)
Cyc=        70 Op1=[0x00000001] Op2=[0x0000001f] W[W, 2= 0x0000001f] [_,0x00209f33]   62     PC=(0x80000168,0x80000164,0x80000160) [37, 51, 19], WB: DASM(01f00113)
Cyc=        71 Op1=[0x80000000] Op2=[0x00000000] W[W,30= 0x80000000] [_,0x80000eb7]   63     PC=(0x8000016c,0x80000168,0x80000164) [13, 55, 51], WB: DASM(00209f33)
Cyc=        72 Op1=[0x00000000] Op2=[0x00000006] W[W,29= 0x80000000] [_,0x00600193]   64     PC=(0x80000170,0x8000016c,0x80000168) [63, 19, 55], WB: DASM(80000eb7)
Cyc=        73 Op1=[0x80000000] Op2=[0x80000000] W[W, 3= 0x00000006] [_,0x4ddf1e63]   65     PC=(0x80000174,0x80000170,0x8000016c) [13, 99, 19], WB: DASM(00600193)
Cyc=        74 Op1=[0x00000000] Op2=[0xffffffff] W[_,28= 0x00000000] [_,0xfff00093]   66     PC=(0x80000178,0x80000174,0x80000170) [13, 19, 99], WB: DASM(4ddf1e63)
Cyc=        75 Op1=[0x00000000] Op2=[0x00000000] W[W, 1= 0xffffffff] [_,0x00000113]   67     PC=(0x8000017c,0x80000178,0x80000174) [33, 19, 19], WB: DASM(fff00093)
Cyc=        76 Op1=[0xffffffff] Op2=[0x00000000] W[W, 2= 0x00000000] [_,0x00209f33]   68     PC=(0x80000180,0x8000017c,0x80000178) [13, 51, 19], WB: DASM(00000113)
Cyc=        77 Op1=[0x00000000] Op2=[0xffffffff] W[W,30= 0xffffffff] [_,0xfff00e93]   69     PC=(0x80000184,0x80000180,0x8000017c) [13, 19, 51], WB: DASM(00209f33)
Cyc=        78 Op1=[0x00000000] Op2=[0x00000007] W[W,29= 0xffffffff] [_,0x00700193]   70     PC=(0x80000188,0x80000184,0x80000180) [63, 19, 19], WB: DASM(fff00e93)
Cyc=        79 Op1=[0xffffffff] Op2=[0xffffffff] W[W, 3= 0x00000007] [_,0x4ddf1263]   71     PC=(0x8000018c,0x80000188,0x80000184) [13, 99, 19], WB: DASM(00700193)
Cyc=        80 Op1=[0x00000000] Op2=[0xffffffff] W[_, 4= 0xfffffffe] [_,0xfff00093]   72     PC=(0x80000190,0x8000018c,0x80000188) [13, 19, 99], WB: DASM(4ddf1263)
Cyc=        81 Op1=[0x00000000] Op2=[0x00000001] W[W, 1= 0xffffffff] [_,0x00100113]   73     PC=(0x80000194,0x80000190,0x8000018c) [33, 19, 19], WB: DASM(fff00093)
Cyc=        82 Op1=[0xffffffff] Op2=[0x00000001] W[W, 2= 0x00000001] [_,0x00209f33]   74     PC=(0x80000198,0x80000194,0x80000190) [13, 51, 19], WB: DASM(00100113)
Cyc=        83 Op1=[0x00000000] Op2=[0xfffffffe] W[W,30= 0xfffffffe] [_,0xffe00e93]   75     PC=(0x8000019c,0x80000198,0x80000194) [13, 19, 51], WB: DASM(00209f33)
Cyc=        84 Op1=[0x00000000] Op2=[0x00000008] W[W,29= 0xfffffffe] [_,0x00800193]   76     PC=(0x800001a0,0x8000019c,0x80000198) [63, 19, 19], WB: DASM(ffe00e93)
Cyc=        85 Op1=[0xfffffffe] Op2=[0xfffffffe] W[W, 3= 0x00000008] [_,0x4bdf1663]   77     PC=(0x800001a4,0x800001a0,0x8000019c) [13, 99, 19], WB: DASM(00800193)
Cyc=        86 Op1=[0x00000000] Op2=[0xffffffff] W[_,12= 0xfffffffc] [_,0xfff00093]   78     PC=(0x800001a8,0x800001a4,0x800001a0) [13, 19, 99], WB: DASM(4bdf1663)
Cyc=        87 Op1=[0x00000000] Op2=[0x00000007] W[W, 1= 0xffffffff] [_,0x00700113]   79     PC=(0x800001ac,0x800001a8,0x800001a4) [33, 19, 19], WB: DASM(fff00093)
Cyc=        88 Op1=[0xffffffff] Op2=[0x00000007] W[W, 2= 0x00000007] [_,0x00209f33]   80     PC=(0x800001b0,0x800001ac,0x800001a8) [13, 51, 19], WB: DASM(00700113)
Cyc=        89 Op1=[0x00000000] Op2=[0xffffff80] W[W,30= 0xffffff80] [_,0xf8000e93]   81     PC=(0x800001b4,0x800001b0,0x800001ac) [13, 19, 51], WB: DASM(00209f33)
Cyc=        90 Op1=[0x00000000] Op2=[0x00000009] W[W,29= 0xffffff80] [_,0x00900193]   82     PC=(0x800001b8,0x800001b4,0x800001b0) [63, 19, 19], WB: DASM(f8000e93)
Cyc=        91 Op1=[0xffffff80] Op2=[0xffffff80] W[W, 3= 0x00000009] [_,0x49df1a63]   83     PC=(0x800001bc,0x800001b8,0x800001b4) [13, 99, 19], WB: DASM(00900193)
Cyc=        92 Op1=[0x00000000] Op2=[0xffffffff] W[_,20= 0xffffff00] [_,0xfff00093]   84     PC=(0x800001c0,0x800001bc,0x800001b8) [13, 19, 99], WB: DASM(49df1a63)
Cyc=        93 Op1=[0x00000000] Op2=[0x0000000e] W[W, 1= 0xffffffff] [_,0x00e00113]   85     PC=(0x800001c4,0x800001c0,0x800001bc) [33, 19, 19], WB: DASM(fff00093)
Cyc=        94 Op1=[0xffffffff] Op2=[0x0000000e] W[W, 2= 0x0000000e] [_,0x00209f33]   86     PC=(0x800001c8,0x800001c4,0x800001c0) [37, 51, 19], WB: DASM(00e00113)
Cyc=        95 Op1=[0xffffc000] Op2=[0x00000000] W[W,30= 0xffffc000] [_,0xffffceb7]   87     PC=(0x800001cc,0x800001c8,0x800001c4) [13, 55, 51], WB: DASM(00209f33)
Cyc=        96 Op1=[0x00000000] Op2=[0x0000000a] W[W,29= 0xffffc000] [_,0x00a00193]   88     PC=(0x800001d0,0x800001cc,0x800001c8) [63, 19, 55], WB: DASM(ffffceb7)
Cyc=        97 Op1=[0xffffc000] Op2=[0xffffc000] W[W, 3= 0x0000000a] [_,0x47df1e63]   89     PC=(0x800001d4,0x800001d0,0x800001cc) [13, 99, 19], WB: DASM(00a00193)
Cyc=        98 Op1=[0x00000000] Op2=[0xffffffff] W[_,28= 0xffff8000] [_,0xfff00093]   90     PC=(0x800001d8,0x800001d4,0x800001d0) [13, 19, 99], WB: DASM(47df1e63)
Cyc=        99 Op1=[0x00000000] Op2=[0x0000001f] W[W, 1= 0xffffffff] [_,0x01f00113]   91     PC=(0x800001dc,0x800001d8,0x800001d4) [33, 19, 19], WB: DASM(fff00093)
Cyc=       100 Op1=[0xffffffff] Op2=[0x0000001f] W[W, 2= 0x0000001f] [_,0x00209f33]   92     PC=(0x800001e0,0x800001dc,0x800001d8) [37, 51, 19], WB: DASM(01f00113)
Cyc=       101 Op1=[0x80000000] Op2=[0x00000000] W[W,30= 0x80000000] [_,0x80000eb7]   93     PC=(0x800001e4,0x800001e0,0x800001dc) [13, 55, 51], WB: DASM(00209f33)
Cyc=       102 Op1=[0x00000000] Op2=[0x0000000b] W[W,29= 0x80000000] [_,0x00b00193]   94     PC=(0x800001e8,0x800001e4,0x800001e0) [63, 19, 55], WB: DASM(80000eb7)
Cyc=       103 Op1=[0x80000000] Op2=[0x80000000] W[W, 3= 0x0000000b] [_,0x47df1263]   95     PC=(0x800001ec,0x800001e8,0x800001e4) [37, 99, 19], WB: DASM(00b00193)
Cyc=       104 Op1=[0x21212000] Op2=[0x00000000] W[_, 4= 0x00000000] [_,0x212120b7]   96     PC=(0x800001f0,0x800001ec,0x800001e8) [13, 55, 99], WB: DASM(47df1263)
Cyc=       105 Op1=[0x21212000] Op2=[0x00000121] W[W, 1= 0x21212000] [_,0x12108093]   97     PC=(0x800001f4,0x800001f0,0x800001ec) [13, 19, 55], WB: DASM(212120b7)
Cyc=       106 Op1=[0x00000000] Op2=[0x00000000] W[W, 1= 0x21212121] [_,0x00000113]   98     PC=(0x800001f8,0x800001f4,0x800001f0) [33, 19, 19], WB: DASM(12108093)
Cyc=       107 Op1=[0x21212121] Op2=[0x00000000] W[W, 2= 0x00000000] [_,0x00209f33]   99     PC=(0x800001fc,0x800001f8,0x800001f4) [37, 51, 19], WB: DASM(00000113)
Cyc=       108 Op1=[0x21212000] Op2=[0x00000000] W[W,30= 0x21212121] [_,0x21212eb7]  100     PC=(0x80000200,0x800001fc,0x800001f8) [13, 55, 51], WB: DASM(00209f33)
Cyc=       109 Op1=[0x21212000] Op2=[0x00000121] W[W,29= 0x21212000] [_,0x121e8e93]  101     PC=(0x80000204,0x80000200,0x800001fc) [13, 19, 55], WB: DASM(21212eb7)
Cyc=       110 Op1=[0x00000000] Op2=[0x0000000c] W[W,29= 0x21212121] [_,0x00c00193]  102     PC=(0x80000208,0x80000204,0x80000200) [63, 19, 19], WB: DASM(121e8e93)
Cyc=       111 Op1=[0x21212121] Op2=[0x21212121] W[W, 3= 0x0000000c] [_,0x45df1263]  103     PC=(0x8000020c,0x80000208,0x80000204) [37, 99, 19], WB: DASM(00c00193)
Cyc=       112 Op1=[0x21212000] Op2=[0x00000000] W[_, 4= 0x42424242] [_,0x212120b7]  104     PC=(0x80000210,0x8000020c,0x80000208) [13, 55, 99], WB: DASM(45df1263)
Cyc=       113 Op1=[0x21212000] Op2=[0x00000121] W[W, 1= 0x21212000] [_,0x12108093]  105     PC=(0x80000214,0x80000210,0x8000020c) [13, 19, 55], WB: DASM(212120b7)
Cyc=       114 Op1=[0x00000000] Op2=[0x00000001] W[W, 1= 0x21212121] [_,0x00100113]  106     PC=(0x80000218,0x80000214,0x80000210) [33, 19, 19], WB: DASM(12108093)
Cyc=       115 Op1=[0x21212121] Op2=[0x00000001] W[W, 2= 0x00000001] [_,0x00209f33]  107     PC=(0x8000021c,0x80000218,0x80000214) [37, 51, 19], WB: DASM(00100113)
Cyc=       116 Op1=[0x42424000] Op2=[0x00000000] W[W,30= 0x42424242] [_,0x42424eb7]  108     PC=(0x80000220,0x8000021c,0x80000218) [13, 55, 51], WB: DASM(00209f33)
Cyc=       117 Op1=[0x42424000] Op2=[0x00000242] W[W,29= 0x42424000] [_,0x242e8e93]  109     PC=(0x80000224,0x80000220,0x8000021c) [13, 19, 55], WB: DASM(42424eb7)
Cyc=       118 Op1=[0x00000000] Op2=[0x0000000d] W[W,29= 0x42424242] [_,0x00d00193]  110     PC=(0x80000228,0x80000224,0x80000220) [63, 19, 19], WB: DASM(242e8e93)
Cyc=       119 Op1=[0x42424242] Op2=[0x42424242] W[W, 3= 0x0000000d] [_,0x43df1263]  111     PC=(0x8000022c,0x80000228,0x80000224) [37, 99, 19], WB: DASM(00d00193)
Cyc=       120 Op1=[0x21212000] Op2=[0x00000000] W[_, 4= 0x84848484] [_,0x212120b7]  112     PC=(0x80000230,0x8000022c,0x80000228) [13, 55, 99], WB: DASM(43df1263)
Cyc=       121 Op1=[0x21212000] Op2=[0x00000121] W[W, 1= 0x21212000] [_,0x12108093]  113     PC=(0x80000234,0x80000230,0x8000022c) [13, 19, 55], WB: DASM(212120b7)
Cyc=       122 Op1=[0x00000000] Op2=[0x00000007] W[W, 1= 0x21212121] [_,0x00700113]  114     PC=(0x80000238,0x80000234,0x80000230) [33, 19, 19], WB: DASM(12108093)
Cyc=       123 Op1=[0x21212121] Op2=[0x00000007] W[W, 2= 0x00000007] [_,0x00209f33]  115     PC=(0x8000023c,0x80000238,0x80000234) [37, 51, 19], WB: DASM(00700113)
Cyc=       124 Op1=[0x90909000] Op2=[0x00000000] W[W,30= 0x90909080] [_,0x90909eb7]  116     PC=(0x80000240,0x8000023c,0x80000238) [13, 55, 51], WB: DASM(00209f33)
Cyc=       125 Op1=[0x90909000] Op2=[0x00000080] W[W,29= 0x90909000] [_,0x080e8e93]  117     PC=(0x80000244,0x80000240,0x8000023c) [13, 19, 55], WB: DASM(90909eb7)
Cyc=       126 Op1=[0x00000000] Op2=[0x0000000e] W[W,29= 0x90909080] [_,0x00e00193]  118     PC=(0x80000248,0x80000244,0x80000240) [63, 19, 19], WB: DASM(080e8e93)
Cyc=       127 Op1=[0x90909080] Op2=[0x90909080] W[W, 3= 0x0000000e] [_,0x41df1263]  119     PC=(0x8000024c,0x80000248,0x80000244) [37, 99, 19], WB: DASM(00e00193)
Cyc=       128 Op1=[0x21212000] Op2=[0x00000000] W[_, 4= 0x21212100] [_,0x212120b7]  120     PC=(0x80000250,0x8000024c,0x80000248) [13, 55, 99], WB: DASM(41df1263)
Cyc=       129 Op1=[0x21212000] Op2=[0x00000121] W[W, 1= 0x21212000] [_,0x12108093]  121     PC=(0x80000254,0x80000250,0x8000024c) [13, 19, 55], WB: DASM(212120b7)
Cyc=       130 Op1=[0x00000000] Op2=[0x0000000e] W[W, 1= 0x21212121] [_,0x00e00113]  122     PC=(0x80000258,0x80000254,0x80000250) [33, 19, 19], WB: DASM(12108093)
Cyc=       131 Op1=[0x21212121] Op2=[0x0000000e] W[W, 2= 0x0000000e] [_,0x00209f33]  123     PC=(0x8000025c,0x80000258,0x80000254) [37, 51, 19], WB: DASM(00e00113)
Cyc=       132 Op1=[0x48484000] Op2=[0x00000000] W[W,30= 0x48484000] [_,0x48484eb7]  124     PC=(0x80000260,0x8000025c,0x80000258) [13, 55, 51], WB: DASM(00209f33)
Cyc=       133 Op1=[0x00000000] Op2=[0x0000000f] W[W,29= 0x48484000] [_,0x00f00193]  125     PC=(0x80000264,0x80000260,0x8000025c) [63, 19, 55], WB: DASM(48484eb7)
Cyc=       134 Op1=[0x48484000] Op2=[0x48484000] W[W, 3= 0x0000000f] [_,0x3fdf1463]  126     PC=(0x80000268,0x80000264,0x80000260) [37, 99, 19], WB: DASM(00f00193)
Cyc=       135 Op1=[0x21212000] Op2=[0x00000000] W[_, 8= 0x90908000] [_,0x212120b7]  127     PC=(0x8000026c,0x80000268,0x80000264) [13, 55, 99], WB: DASM(3fdf1463)
Cyc=       136 Op1=[0x21212000] Op2=[0x00000121] W[W, 1= 0x21212000] [_,0x12108093]  128     PC=(0x80000270,0x8000026c,0x80000268) [13, 19, 55], WB: DASM(212120b7)
Cyc=       137 Op1=[0x00000000] Op2=[0x0000001f] W[W, 1= 0x21212121] [_,0x01f00113]  129     PC=(0x80000274,0x80000270,0x8000026c) [33, 19, 19], WB: DASM(12108093)
Cyc=       138 Op1=[0x21212121] Op2=[0x0000001f] W[W, 2= 0x0000001f] [_,0x00209f33]  130     PC=(0x80000278,0x80000274,0x80000270) [37, 51, 19], WB: DASM(01f00113)
Cyc=       139 Op1=[0x80000000] Op2=[0x00000000] W[W,30= 0x80000000] [_,0x80000eb7]  131     PC=(0x8000027c,0x80000278,0x80000274) [13, 55, 51], WB: DASM(00209f33)
Cyc=       140 Op1=[0x00000000] Op2=[0x00000010] W[W,29= 0x80000000] [_,0x01000193]  132     PC=(0x80000280,0x8000027c,0x80000278) [63, 19, 55], WB: DASM(80000eb7)
Cyc=       141 Op1=[0x80000000] Op2=[0x80000000] W[W, 3= 0x00000010] [_,0x3ddf1663]  133     PC=(0x80000284,0x80000280,0x8000027c) [37, 99, 19], WB: DASM(01000193)
Cyc=       142 Op1=[0x21212000] Op2=[0x00000000] W[_,12= 0x00000000] [_,0x212120b7]  134     PC=(0x80000288,0x80000284,0x80000280) [13, 55, 99], WB: DASM(3ddf1663)
Cyc=       143 Op1=[0x21212000] Op2=[0x00000121] W[W, 1= 0x21212000] [_,0x12108093]  135     PC=(0x8000028c,0x80000288,0x80000284) [13, 19, 55], WB: DASM(212120b7)
Cyc=       144 Op1=[0x00000000] Op2=[0xffffffc0] W[W, 1= 0x21212121] [_,0xfc000113]  136     PC=(0x80000290,0x8000028c,0x80000288) [33, 19, 19], WB: DASM(12108093)
Cyc=       145 Op1=[0x21212121] Op2=[0xffffffc0] W[W, 2= 0xffffffc0] [_,0x00209f33]  137     PC=(0x80000294,0x80000290,0x8000028c) [37, 51, 19], WB: DASM(fc000113)
Cyc=       146 Op1=[0x21212000] Op2=[0x00000000] W[W,30= 0x21212121] [_,0x21212eb7]  138     PC=(0x80000298,0x80000294,0x80000290) [13, 55, 51], WB: DASM(00209f33)
Cyc=       147 Op1=[0x21212000] Op2=[0x00000121] W[W,29= 0x21212000] [_,0x121e8e93]  139     PC=(0x8000029c,0x80000298,0x80000294) [13, 19, 55], WB: DASM(21212eb7)
Cyc=       148 Op1=[0x00000000] Op2=[0x00000011] W[W,29= 0x21212121] [_,0x01100193]  140     PC=(0x800002a0,0x8000029c,0x80000298) [63, 19, 19], WB: DASM(121e8e93)
Cyc=       149 Op1=[0x21212121] Op2=[0x21212121] W[W, 3= 0x00000011] [_,0x3bdf1663]  141     PC=(0x800002a4,0x800002a0,0x8000029c) [37, 99, 19], WB: DASM(01100193)
Cyc=       150 Op1=[0x21212000] Op2=[0x00000000] W[_,12= 0x42424242] [_,0x212120b7]  142     PC=(0x800002a8,0x800002a4,0x800002a0) [13, 55, 99], WB: DASM(3bdf1663)
Cyc=       151 Op1=[0x21212000] Op2=[0x00000121] W[W, 1= 0x21212000] [_,0x12108093]  143     PC=(0x800002ac,0x800002a8,0x800002a4) [13, 19, 55], WB: DASM(212120b7)
Cyc=       152 Op1=[0x00000000] Op2=[0xffffffc1] W[W, 1= 0x21212121] [_,0xfc100113]  144     PC=(0x800002b0,0x800002ac,0x800002a8) [33, 19, 19], WB: DASM(12108093)
Cyc=       153 Op1=[0x21212121] Op2=[0xffffffc1] W[W, 2= 0xffffffc1] [_,0x00209f33]  145     PC=(0x800002b4,0x800002b0,0x800002ac) [37, 51, 19], WB: DASM(fc100113)
Cyc=       154 Op1=[0x42424000] Op2=[0x00000000] W[W,30= 0x42424242] [_,0x42424eb7]  146     PC=(0x800002b8,0x800002b4,0x800002b0) [13, 55, 51], WB: DASM(00209f33)
Cyc=       155 Op1=[0x42424000] Op2=[0x00000242] W[W,29= 0x42424000] [_,0x242e8e93]  147     PC=(0x800002bc,0x800002b8,0x800002b4) [13, 19, 55], WB: DASM(42424eb7)
Cyc=       156 Op1=[0x00000000] Op2=[0x00000012] W[W,29= 0x42424242] [_,0x01200193]  148     PC=(0x800002c0,0x800002bc,0x800002b8) [63, 19, 19], WB: DASM(242e8e93)
Cyc=       157 Op1=[0x42424242] Op2=[0x42424242] W[W, 3= 0x00000012] [_,0x39df1663]  149     PC=(0x800002c4,0x800002c0,0x800002bc) [37, 99, 19], WB: DASM(01200193)
Cyc=       158 Op1=[0x21212000] Op2=[0x00000000] W[_,12= 0x84848484] [_,0x212120b7]  150     PC=(0x800002c8,0x800002c4,0x800002c0) [13, 55, 99], WB: DASM(39df1663)
Cyc=       159 Op1=[0x21212000] Op2=[0x00000121] W[W, 1= 0x21212000] [_,0x12108093]  151     PC=(0x800002cc,0x800002c8,0x800002c4) [13, 19, 55], WB: DASM(212120b7)
Cyc=       160 Op1=[0x00000000] Op2=[0xffffffc7] W[W, 1= 0x21212121] [_,0xfc700113]  152     PC=(0x800002d0,0x800002cc,0x800002c8) [33, 19, 19], WB: DASM(12108093)
Cyc=       161 Op1=[0x21212121] Op2=[0xffffffc7] W[W, 2= 0xffffffc7] [_,0x00209f33]  153     PC=(0x800002d4,0x800002d0,0x800002cc) [37, 51, 19], WB: DASM(fc700113)
Cyc=       162 Op1=[0x90909000] Op2=[0x00000000] W[W,30= 0x90909080] [_,0x90909eb7]  154     PC=(0x800002d8,0x800002d4,0x800002d0) [13, 55, 51], WB: DASM(00209f33)
Cyc=       163 Op1=[0x90909000] Op2=[0x00000080] W[W,29= 0x90909000] [_,0x080e8e93]  155     PC=(0x800002dc,0x800002d8,0x800002d4) [13, 19, 55], WB: DASM(90909eb7)
Cyc=       164 Op1=[0x00000000] Op2=[0x00000013] W[W,29= 0x90909080] [_,0x01300193]  156     PC=(0x800002e0,0x800002dc,0x800002d8) [63, 19, 19], WB: DASM(080e8e93)
Cyc=       165 Op1=[0x90909080] Op2=[0x90909080] W[W, 3= 0x00000013] [_,0x37df1663]  157     PC=(0x800002e4,0x800002e0,0x800002dc) [37, 99, 19], WB: DASM(01300193)
Cyc=       166 Op1=[0x21212000] Op2=[0x00000000] W[_,12= 0x21212100] [_,0x212120b7]  158     PC=(0x800002e8,0x800002e4,0x800002e0) [13, 55, 99], WB: DASM(37df1663)
Cyc=       167 Op1=[0x21212000] Op2=[0x00000121] W[W, 1= 0x21212000] [_,0x12108093]  159     PC=(0x800002ec,0x800002e8,0x800002e4) [13, 19, 55], WB: DASM(212120b7)
Cyc=       168 Op1=[0x00000000] Op2=[0xffffffce] W[W, 1= 0x21212121] [_,0xfce00113]  160     PC=(0x800002f0,0x800002ec,0x800002e8) [33, 19, 19], WB: DASM(12108093)
Cyc=       169 Op1=[0x21212121] Op2=[0xffffffce] W[W, 2= 0xffffffce] [_,0x00209f33]  161     PC=(0x800002f4,0x800002f0,0x800002ec) [37, 51, 19], WB: DASM(fce00113)
Cyc=       170 Op1=[0x48484000] Op2=[0x00000000] W[W,30= 0x48484000] [_,0x48484eb7]  162     PC=(0x800002f8,0x800002f4,0x800002f0) [13, 55, 51], WB: DASM(00209f33)
Cyc=       171 Op1=[0x00000000] Op2=[0x00000014] W[W,29= 0x48484000] [_,0x01400193]  163     PC=(0x800002fc,0x800002f8,0x800002f4) [63, 19, 55], WB: DASM(48484eb7)
Cyc=       172 Op1=[0x48484000] Op2=[0x48484000] W[W, 3= 0x00000014] [_,0x35df1863]  164     PC=(0x80000300,0x800002fc,0x800002f8) [13, 99, 19], WB: DASM(01400193)
Cyc=       173 Op1=[0x00000000] Op2=[0x00000001] W[_,16= 0x90908000] [_,0x00100093]  165     PC=(0x80000304,0x80000300,0x800002fc) [13, 19, 99], WB: DASM(35df1863)
Cyc=       174 Op1=[0x00000000] Op2=[0x00000007] W[W, 1= 0x00000001] [_,0x00700113]  166     PC=(0x80000308,0x80000304,0x80000300) [33, 19, 19], WB: DASM(00100093)
Cyc=       175 Op1=[0x00000001] Op2=[0x00000007] W[W, 2= 0x00000007] [_,0x002090b3]  167     PC=(0x8000030c,0x80000308,0x80000304) [13, 51, 19], WB: DASM(00700113)
Cyc=       176 Op1=[0x00000000] Op2=[0x00000080] W[W, 1= 0x00000080] [_,0x08000e93]  168     PC=(0x80000310,0x8000030c,0x80000308) [13, 19, 51], WB: DASM(002090b3)
Cyc=       177 Op1=[0x00000000] Op2=[0x00000016] W[W,29= 0x00000080] [_,0x01600193]  169     PC=(0x80000314,0x80000310,0x8000030c) [63, 19, 19], WB: DASM(08000e93)
Cyc=       178 Op1=[0x00000080] Op2=[0x00000080] W[W, 3= 0x00000016] [_,0x33d09c63]  170     PC=(0x80000318,0x80000314,0x80000310) [13, 99, 19], WB: DASM(01600193)
Cyc=       179 Op1=[0x00000000] Op2=[0x00000001] W[_,24= 0x00000100] [_,0x00100093]  171     PC=(0x8000031c,0x80000318,0x80000314) [13, 19, 99], WB: DASM(33d09c63)
Cyc=       180 Op1=[0x00000000] Op2=[0x0000000e] W[W, 1= 0x00000001] [_,0x00e00113]  172     PC=(0x80000320,0x8000031c,0x80000318) [33, 19, 19], WB: DASM(00100093)
Cyc=       181 Op1=[0x00000001] Op2=[0x0000000e] W[W, 2= 0x0000000e] [_,0x00209133]  173     PC=(0x80000324,0x80000320,0x8000031c) [37, 51, 19], WB: DASM(00e00113)
Cyc=       182 Op1=[0x00004000] Op2=[0x00000000] W[W, 2= 0x00004000] [_,0x00004eb7]  174     PC=(0x80000328,0x80000324,0x80000320) [13, 55, 51], WB: DASM(00209133)
Cyc=       183 Op1=[0x00000000] Op2=[0x00000017] W[W,29= 0x00004000] [_,0x01700193]  175     PC=(0x8000032c,0x80000328,0x80000324) [63, 19, 55], WB: DASM(00004eb7)
Cyc=       184 Op1=[0x00004000] Op2=[0x00004000] W[W, 3= 0x00000017] [_,0x33d11063]  176     PC=(0x80000330,0x8000032c,0x80000328) [13, 99, 19], WB: DASM(01700193)
Cyc=       185 Op1=[0x00000000] Op2=[0x00000003] W[_, 0= 0x00008000] [_,0x00300093]  177     PC=(0x80000334,0x80000330,0x8000032c) [33, 19, 99], WB: DASM(33d11063)
Cyc=       186 Op1=[0x00000003] Op2=[0x00000003] W[W, 1= 0x00000003] [_,0x001090b3]  178     PC=(0x80000338,0x80000334,0x80000330) [13, 51, 19], WB: DASM(00300093)
Cyc=       187 Op1=[0x00000000] Op2=[0x00000018] W[W, 1= 0x00000018] [_,0x01800e93]  179     PC=(0x8000033c,0x80000338,0x80000334) [13, 19, 51], WB: DASM(001090b3)
Cyc=       188 Op1=[0x00000000] Op2=[0x00000018] W[W,29= 0x00000018] [_,0x01800193]  180     PC=(0x80000340,0x8000033c,0x80000338) [63, 19, 19], WB: DASM(01800e93)
Cyc=       189 Op1=[0x00000018] Op2=[0x00000018] W[W, 3= 0x00000018] [_,0x31d09663]  181     PC=(0x80000344,0x80000340,0x8000033c) [13, 99, 19], WB: DASM(01800193)
Cyc=       190 Op1=[0x00000000] Op2=[0x00000000] W[_,12= 0x00000030] [_,0x00000213]  182     PC=(0x80000348,0x80000344,0x80000340) [13, 19, 99], WB: DASM(31d09663)
Cyc=       191 Op1=[0x00000000] Op2=[0x00000001] W[W, 4= 0x00000000] [_,0x00100093]  183     PC=(0x8000034c,0x80000348,0x80000344) [13, 19, 19], WB: DASM(00000213)
Cyc=       192 Op1=[0x00000000] Op2=[0x00000007] W[W, 1= 0x00000001] [_,0x00700113]  184     PC=(0x80000350,0x8000034c,0x80000348) [33, 19, 19], WB: DASM(00100093)
Cyc=       193 Op1=[0x00000001] Op2=[0x00000007] W[W, 2= 0x00000007] [_,0x00209f33]  185     PC=(0x80000354,0x80000350,0x8000034c) [13, 51, 19], WB: DASM(00700113)
Cyc=       194 Op1=[0x00000080] Op2=[0x00000000] W[W,30= 0x00000080] [_,0x000f0313]  186     PC=(0x80000358,0x80000354,0x80000350) [13, 19, 51], WB: DASM(00209f33)
Cyc=       195 Op1=[0x00000000] Op2=[0x00000001] W[W, 6= 0x00000080] [_,0x00120213]  187     PC=(0x8000035c,0x80000358,0x80000354) [13, 19, 19], WB: DASM(000f0313)
Cyc=       196 Op1=[0x00000000] Op2=[0x00000002] W[W, 4= 0x00000001] [_,0x00200293]  188     PC=(0x80000360,0x8000035c,0x80000358) [63, 19, 19], WB: DASM(00120213)
Cyc=       197 Op1=[0x00000001] Op2=[0x00000002] W[W, 5= 0x00000002] [_,0xfe5214e3]  189   B PC=(0x80000364,0x80000360,0x8000035c) [13, 99, 19], WB: DASM(00200293)
Cyc=       198 Op1=[0x00000000] Op2=[0x00000080] W[_, 9= 0x00000003] [_,0x08000e93]  190     PC=(0x80000348,0x80000364,0x80000360) [13, 51, 99], WB: DASM(fe5214e3)
Cyc=       199 Op1=[0x00000000] Op2=[0x00000001] W[_,29= 0x00000080] [_,0x00100093]  191     PC=(0x8000034c,0x80000348,0x80000364) [13, 19, 51], WB: DASM(00004033)
Cyc=       200 Op1=[0x00000000] Op2=[0x00000007] W[W, 1= 0x00000001] [_,0x00700113]  191     PC=(0x80000350,0x8000034c,0x80000348) [33, 19, 19], WB: DASM(00100093)
Cyc=       201 Op1=[0x00000001] Op2=[0x00000007] W[W, 2= 0x00000007] [_,0x00209f33]  192     PC=(0x80000354,0x80000350,0x8000034c) [13, 51, 19], WB: DASM(00700113)
Cyc=       202 Op1=[0x00000080] Op2=[0x00000000] W[W,30= 0x00000080] [_,0x000f0313]  193     PC=(0x80000358,0x80000354,0x80000350) [13, 19, 51], WB: DASM(00209f33)
Cyc=       203 Op1=[0x00000001] Op2=[0x00000001] W[W, 6= 0x00000080] [_,0x00120213]  194     PC=(0x8000035c,0x80000358,0x80000354) [13, 19, 19], WB: DASM(000f0313)
Cyc=       204 Op1=[0x00000000] Op2=[0x00000002] W[W, 4= 0x00000002] [_,0x00200293]  195     PC=(0x80000360,0x8000035c,0x80000358) [63, 19, 19], WB: DASM(00120213)
Cyc=       205 Op1=[0x00000002] Op2=[0x00000002] W[W, 5= 0x00000002] [_,0xfe5214e3]  196     PC=(0x80000364,0x80000360,0x8000035c) [13, 99, 19], WB: DASM(00200293)
Cyc=       206 Op1=[0x00000000] Op2=[0x00000080] W[_, 9= 0x00000004] [_,0x08000e93]  197     PC=(0x80000368,0x80000364,0x80000360) [13, 19, 99], WB: DASM(fe5214e3)
Cyc=       207 Op1=[0x00000000] Op2=[0x00000019] W[W,29= 0x00000080] [_,0x01900193]  198     PC=(0x8000036c,0x80000368,0x80000364) [63, 19, 19], WB: DASM(08000e93)
Cyc=       208 Op1=[0x00000080] Op2=[0x00000080] W[W, 3= 0x00000019] [_,0x2fd31063]  199     PC=(0x80000370,0x8000036c,0x80000368) [13, 99, 19], WB: DASM(01900193)
Cyc=       209 Op1=[0x00000000] Op2=[0x00000000] W[_, 0= 0x00000100] [_,0x00000213]  200     PC=(0x80000374,0x80000370,0x8000036c) [13, 19, 99], WB: DASM(2fd31063)
Cyc=       210 Op1=[0x00000000] Op2=[0x00000001] W[W, 4= 0x00000000] [_,0x00100093]  201     PC=(0x80000378,0x80000374,0x80000370) [13, 19, 19], WB: DASM(00000213)
Cyc=       211 Op1=[0x00000000] Op2=[0x0000000e] W[W, 1= 0x00000001] [_,0x00e00113]  202     PC=(0x8000037c,0x80000378,0x80000374) [33, 19, 19], WB: DASM(00100093)
Cyc=       212 Op1=[0x00000001] Op2=[0x0000000e] W[W, 2= 0x0000000e] [_,0x00209f33]  203     PC=(0x80000380,0x8000037c,0x80000378) [13, 51, 19], WB: DASM(00e00113)
Cyc=       213 Op1=[0x00000000] Op2=[0x00000000] W[W,30= 0x00004000] [_,0x00000013]  204     PC=(0x80000384,0x80000380,0x8000037c) [13, 19, 51], WB: DASM(00209f33)
Cyc=       214 Op1=[0x00004000] Op2=[0x00000000] W[W, 0= 0x00000000] [_,0x000f0313]  205     PC=(0x80000388,0x80000384,0x80000380) [13, 19, 19], WB: DASM(00000013)
Cyc=       215 Op1=[0x00000000] Op2=[0x00000001] W[W, 6= 0x00004000] [_,0x00120213]  206     PC=(0x8000038c,0x80000388,0x80000384) [13, 19, 19], WB: DASM(000f0313)
Cyc=       216 Op1=[0x00000000] Op2=[0x00000002] W[W, 4= 0x00000001] [_,0x00200293]  207     PC=(0x80000390,0x8000038c,0x80000388) [63, 19, 19], WB: DASM(00120213)
Cyc=       217 Op1=[0x00000001] Op2=[0x00000002] W[W, 5= 0x00000002] [_,0xfe5212e3]  208   B PC=(0x80000394,0x80000390,0x8000038c) [37, 99, 19], WB: DASM(00200293)
Cyc=       218 Op1=[0x00004000] Op2=[0x00000000] W[_, 5= 0x00000003] [_,0x00004eb7]  209     PC=(0x80000374,0x80000394,0x80000390) [13, 51, 99], WB: DASM(fe5212e3)
Cyc=       219 Op1=[0x00000000] Op2=[0x00000001] W[_,29= 0x00004000] [_,0x00100093]  210     PC=(0x80000378,0x80000374,0x80000394) [13, 19, 51], WB: DASM(00004033)
Cyc=       220 Op1=[0x00000000] Op2=[0x0000000e] W[W, 1= 0x00000001] [_,0x00e00113]  210     PC=(0x8000037c,0x80000378,0x80000374) [33, 19, 19], WB: DASM(00100093)
Cyc=       221 Op1=[0x00000001] Op2=[0x0000000e] W[W, 2= 0x0000000e] [_,0x00209f33]  211     PC=(0x80000380,0x8000037c,0x80000378) [13, 51, 19], WB: DASM(00e00113)
Cyc=       222 Op1=[0x00000000] Op2=[0x00000000] W[W,30= 0x00004000] [_,0x00000013]  212     PC=(0x80000384,0x80000380,0x8000037c) [13, 19, 51], WB: DASM(00209f33)
Cyc=       223 Op1=[0x00004000] Op2=[0x00000000] W[W, 0= 0x00000000] [_,0x000f0313]  213     PC=(0x80000388,0x80000384,0x80000380) [13, 19, 19], WB: DASM(00000013)
Cyc=       224 Op1=[0x00000001] Op2=[0x00000001] W[W, 6= 0x00004000] [_,0x00120213]  214     PC=(0x8000038c,0x80000388,0x80000384) [13, 19, 19], WB: DASM(000f0313)
Cyc=       225 Op1=[0x00000000] Op2=[0x00000002] W[W, 4= 0x00000002] [_,0x00200293]  215     PC=(0x80000390,0x8000038c,0x80000388) [63, 19, 19], WB: DASM(00120213)
Cyc=       226 Op1=[0x00000002] Op2=[0x00000002] W[W, 5= 0x00000002] [_,0xfe5212e3]  216     PC=(0x80000394,0x80000390,0x8000038c) [37, 99, 19], WB: DASM(00200293)
Cyc=       227 Op1=[0x00004000] Op2=[0x00000000] W[_, 5= 0x00000004] [_,0x00004eb7]  217     PC=(0x80000398,0x80000394,0x80000390) [13, 55, 99], WB: DASM(fe5212e3)
Cyc=       228 Op1=[0x00000000] Op2=[0x0000001a] W[W,29= 0x00004000] [_,0x01a00193]  218     PC=(0x8000039c,0x80000398,0x80000394) [63, 19, 55], WB: DASM(00004eb7)
Cyc=       229 Op1=[0x00004000] Op2=[0x00004000] W[W, 3= 0x0000001a] [_,0x2bd31863]  219     PC=(0x800003a0,0x8000039c,0x80000398) [13, 99, 19], WB: DASM(01a00193)
Cyc=       230 Op1=[0x00000000] Op2=[0x00000000] W[_,16= 0x00008000] [_,0x00000213]  220     PC=(0x800003a4,0x800003a0,0x8000039c) [13, 19, 99], WB: DASM(2bd31863)
Cyc=       231 Op1=[0x00000000] Op2=[0x00000001] W[W, 4= 0x00000000] [_,0x00100093]  221     PC=(0x800003a8,0x800003a4,0x800003a0) [13, 19, 19], WB: DASM(00000213)
Cyc=       232 Op1=[0x00000000] Op2=[0x0000001f] W[W, 1= 0x00000001] [_,0x01f00113]  222     PC=(0x800003ac,0x800003a8,0x800003a4) [33, 19, 19], WB: DASM(00100093)
Cyc=       233 Op1=[0x00000001] Op2=[0x0000001f] W[W, 2= 0x0000001f] [_,0x00209f33]  223     PC=(0x800003b0,0x800003ac,0x800003a8) [13, 51, 19], WB: DASM(01f00113)
Cyc=       234 Op1=[0x00000000] Op2=[0x00000000] W[W,30= 0x80000000] [_,0x00000013]  224     PC=(0x800003b4,0x800003b0,0x800003ac) [13, 19, 51], WB: DASM(00209f33)
Cyc=       235 Op1=[0x00000000] Op2=[0x00000000] W[W, 0= 0x00000000] [_,0x00000013]  225     PC=(0x800003b8,0x800003b4,0x800003b0) [13, 19, 19], WB: DASM(00000013)
Cyc=       236 Op1=[0x80000000] Op2=[0x00000000] W[W, 0= 0x00000000] [_,0x000f0313]  226     PC=(0x800003bc,0x800003b8,0x800003b4) [13, 19, 19], WB: DASM(00000013)
Cyc=       237 Op1=[0x00000000] Op2=[0x00000001] W[W, 6= 0x80000000] [_,0x00120213]  227     PC=(0x800003c0,0x800003bc,0x800003b8) [13, 19, 19], WB: DASM(000f0313)
Cyc=       238 Op1=[0x00000000] Op2=[0x00000002] W[W, 4= 0x00000001] [_,0x00200293]  228     PC=(0x800003c4,0x800003c0,0x800003bc) [63, 19, 19], WB: DASM(00120213)
Cyc=       239 Op1=[0x00000001] Op2=[0x00000002] W[W, 5= 0x00000002] [_,0xfe5210e3]  229   B PC=(0x800003c8,0x800003c4,0x800003c0) [37, 99, 19], WB: DASM(00200293)
Cyc=       240 Op1=[0x80000000] Op2=[0x00000000] W[_, 1= 0x00000003] [_,0x80000eb7]  230     PC=(0x800003a4,0x800003c8,0x800003c4) [13, 51, 99], WB: DASM(fe5210e3)
Cyc=       241 Op1=[0x00000000] Op2=[0x00000001] W[_,29= 0x80000000] [_,0x00100093]  231     PC=(0x800003a8,0x800003a4,0x800003c8) [13, 19, 51], WB: DASM(00004033)
Cyc=       242 Op1=[0x00000000] Op2=[0x0000001f] W[W, 1= 0x00000001] [_,0x01f00113]  231     PC=(0x800003ac,0x800003a8,0x800003a4) [33, 19, 19], WB: DASM(00100093)
Cyc=       243 Op1=[0x00000001] Op2=[0x0000001f] W[W, 2= 0x0000001f] [_,0x00209f33]  232     PC=(0x800003b0,0x800003ac,0x800003a8) [13, 51, 19], WB: DASM(01f00113)
Cyc=       244 Op1=[0x00000000] Op2=[0x00000000] W[W,30= 0x80000000] [_,0x00000013]  233     PC=(0x800003b4,0x800003b0,0x800003ac) [13, 19, 51], WB: DASM(00209f33)
Cyc=       245 Op1=[0x00000000] Op2=[0x00000000] W[W, 0= 0x00000000] [_,0x00000013]  234     PC=(0x800003b8,0x800003b4,0x800003b0) [13, 19, 19], WB: DASM(00000013)
Cyc=       246 Op1=[0x80000000] Op2=[0x00000000] W[W, 0= 0x00000000] [_,0x000f0313]  235     PC=(0x800003bc,0x800003b8,0x800003b4) [13, 19, 19], WB: DASM(00000013)
Cyc=       247 Op1=[0x00000001] Op2=[0x00000001] W[W, 6= 0x80000000] [_,0x00120213]  236     PC=(0x800003c0,0x800003bc,0x800003b8) [13, 19, 19], WB: DASM(000f0313)
Cyc=       248 Op1=[0x00000000] Op2=[0x00000002] W[W, 4= 0x00000002] [_,0x00200293]  237     PC=(0x800003c4,0x800003c0,0x800003bc) [63, 19, 19], WB: DASM(00120213)
Cyc=       249 Op1=[0x00000002] Op2=[0x00000002] W[W, 5= 0x00000002] [_,0xfe5210e3]  238     PC=(0x800003c8,0x800003c4,0x800003c0) [37, 99, 19], WB: DASM(00200293)
Cyc=       250 Op1=[0x80000000] Op2=[0x00000000] W[_, 1= 0x00000004] [_,0x80000eb7]  239     PC=(0x800003cc,0x800003c8,0x800003c4) [13, 55, 99], WB: DASM(fe5210e3)
Cyc=       251 Op1=[0x00000000] Op2=[0x0000001b] W[W,29= 0x80000000] [_,0x01b00193]  240     PC=(0x800003d0,0x800003cc,0x800003c8) [63, 19, 55], WB: DASM(80000eb7)
Cyc=       252 Op1=[0x80000000] Op2=[0x80000000] W[W, 3= 0x0000001b] [_,0x27d31e63]  241     PC=(0x800003d4,0x800003d0,0x800003cc) [13, 99, 19], WB: DASM(01b00193)
Cyc=       253 Op1=[0x00000000] Op2=[0x00000000] W[_,28= 0x00000000] [_,0x00000213]  242     PC=(0x800003d8,0x800003d4,0x800003d0) [13, 19, 99], WB: DASM(27d31e63)
Cyc=       254 Op1=[0x00000000] Op2=[0x00000001] W[W, 4= 0x00000000] [_,0x00100093]  243     PC=(0x800003dc,0x800003d8,0x800003d4) [13, 19, 19], WB: DASM(00000213)
Cyc=       255 Op1=[0x00000000] Op2=[0x00000007] W[W, 1= 0x00000001] [_,0x00700113]  244     PC=(0x800003e0,0x800003dc,0x800003d8) [33, 19, 19], WB: DASM(00100093)
Cyc=       256 Op1=[0x00000001] Op2=[0x00000007] W[W, 2= 0x00000007] [_,0x00209f33]  245     PC=(0x800003e4,0x800003e0,0x800003dc) [13, 51, 19], WB: DASM(00700113)
Cyc=       257 Op1=[0x00000000] Op2=[0x00000001] W[W,30= 0x00000080] [_,0x00120213]  246     PC=(0x800003e8,0x800003e4,0x800003e0) [13, 19, 51], WB: DASM(00209f33)
Cyc=       258 Op1=[0x00000000] Op2=[0x00000002] W[W, 4= 0x00000001] [_,0x00200293]  247     PC=(0x800003ec,0x800003e8,0x800003e4) [63, 19, 19], WB: DASM(00120213)
Cyc=       259 Op1=[0x00000001] Op2=[0x00000002] W[W, 5= 0x00000002] [_,0xfe5216e3]  248   B PC=(0x800003f0,0x800003ec,0x800003e8) [13, 99, 19], WB: DASM(00200293)
Cyc=       260 Op1=[0x00000000] Op2=[0x00000080] W[_,13= 0x00000003] [_,0x08000e93]  249     PC=(0x800003d8,0x800003f0,0x800003ec) [13, 51, 99], WB: DASM(fe5216e3)
Cyc=       261 Op1=[0x00000000] Op2=[0x00000001] W[_,29= 0x00000080] [_,0x00100093]  250     PC=(0x800003dc,0x800003d8,0x800003f0) [13, 19, 51], WB: DASM(00004033)
Cyc=       262 Op1=[0x00000000] Op2=[0x00000007] W[W, 1= 0x00000001] [_,0x00700113]  250     PC=(0x800003e0,0x800003dc,0x800003d8) [33, 19, 19], WB: DASM(00100093)
Cyc=       263 Op1=[0x00000001] Op2=[0x00000007] W[W, 2= 0x00000007] [_,0x00209f33]  251     PC=(0x800003e4,0x800003e0,0x800003dc) [13, 51, 19], WB: DASM(00700113)
Cyc=       264 Op1=[0x00000001] Op2=[0x00000001] W[W,30= 0x00000080] [_,0x00120213]  252     PC=(0x800003e8,0x800003e4,0x800003e0) [13, 19, 51], WB: DASM(00209f33)
Cyc=       265 Op1=[0x00000000] Op2=[0x00000002] W[W, 4= 0x00000002] [_,0x00200293]  253     PC=(0x800003ec,0x800003e8,0x800003e4) [63, 19, 19], WB: DASM(00120213)
Cyc=       266 Op1=[0x00000002] Op2=[0x00000002] W[W, 5= 0x00000002] [_,0xfe5216e3]  254     PC=(0x800003f0,0x800003ec,0x800003e8) [13, 99, 19], WB: DASM(00200293)
Cyc=       267 Op1=[0x00000000] Op2=[0x00000080] W[_,13= 0x00000004] [_,0x08000e93]  255     PC=(0x800003f4,0x800003f0,0x800003ec) [13, 19, 99], WB: DASM(fe5216e3)
Cyc=       268 Op1=[0x00000000] Op2=[0x0000001c] W[W,29= 0x00000080] [_,0x01c00193]  256     PC=(0x800003f8,0x800003f4,0x800003f0) [63, 19, 19], WB: DASM(08000e93)
Cyc=       269 Op1=[0x00000080] Op2=[0x00000080] W[W, 3= 0x0000001c] [_,0x25df1a63]  257     PC=(0x800003fc,0x800003f8,0x800003f4) [13, 99, 19], WB: DASM(01c00193)
Cyc=       270 Op1=[0x00000000] Op2=[0x00000000] W[_,20= 0x00000100] [_,0x00000213]  258     PC=(0x80000400,0x800003fc,0x800003f8) [13, 19, 99], WB: DASM(25df1a63)
Cyc=       271 Op1=[0x00000000] Op2=[0x00000001] W[W, 4= 0x00000000] [_,0x00100093]  259     PC=(0x80000404,0x80000400,0x800003fc) [13, 19, 19], WB: DASM(00000213)
Cyc=       272 Op1=[0x00000000] Op2=[0x0000000e] W[W, 1= 0x00000001] [_,0x00e00113]  260     PC=(0x80000408,0x80000404,0x80000400) [13, 19, 19], WB: DASM(00100093)
Cyc=       273 Op1=[0x00000000] Op2=[0x00000000] W[W, 2= 0x0000000e] [_,0x00000013]  261     PC=(0x8000040c,0x80000408,0x80000404) [33, 19, 19], WB: DASM(00e00113)
Cyc=       274 Op1=[0x00000001] Op2=[0x0000000e] W[W, 0= 0x00000000] [_,0x00209f33]  262     PC=(0x80000410,0x8000040c,0x80000408) [13, 51, 19], WB: DASM(00000013)
Cyc=       275 Op1=[0x00000000] Op2=[0x00000001] W[W,30= 0x00004000] [_,0x00120213]  263     PC=(0x80000414,0x80000410,0x8000040c) [13, 19, 51], WB: DASM(00209f33)
Cyc=       276 Op1=[0x00000000] Op2=[0x00000002] W[W, 4= 0x00000001] [_,0x00200293]  264     PC=(0x80000418,0x80000414,0x80000410) [63, 19, 19], WB: DASM(00120213)
Cyc=       277 Op1=[0x00000001] Op2=[0x00000002] W[W, 5= 0x00000002] [_,0xfe5214e3]  265   B PC=(0x8000041c,0x80000418,0x80000414) [37, 99, 19], WB: DASM(00200293)
Cyc=       278 Op1=[0x00004000] Op2=[0x00000000] W[_, 9= 0x00000003] [_,0x00004eb7]  266     PC=(0x80000400,0x8000041c,0x80000418) [13, 51, 99], WB: DASM(fe5214e3)
Cyc=       279 Op1=[0x00000000] Op2=[0x00000001] W[_,29= 0x00004000] [_,0x00100093]  267     PC=(0x80000404,0x80000400,0x8000041c) [13, 19, 51], WB: DASM(00004033)
Cyc=       280 Op1=[0x00000000] Op2=[0x0000000e] W[W, 1= 0x00000001] [_,0x00e00113]  267     PC=(0x80000408,0x80000404,0x80000400) [13, 19, 19], WB: DASM(00100093)
Cyc=       281 Op1=[0x00000000] Op2=[0x00000000] W[W, 2= 0x0000000e] [_,0x00000013]  268     PC=(0x8000040c,0x80000408,0x80000404) [33, 19, 19], WB: DASM(00e00113)
Cyc=       282 Op1=[0x00000001] Op2=[0x0000000e] W[W, 0= 0x00000000] [_,0x00209f33]  269     PC=(0x80000410,0x8000040c,0x80000408) [13, 51, 19], WB: DASM(00000013)
Cyc=       283 Op1=[0x00000001] Op2=[0x00000001] W[W,30= 0x00004000] [_,0x00120213]  270     PC=(0x80000414,0x80000410,0x8000040c) [13, 19, 51], WB: DASM(00209f33)
Cyc=       284 Op1=[0x00000000] Op2=[0x00000002] W[W, 4= 0x00000002] [_,0x00200293]  271     PC=(0x80000418,0x80000414,0x80000410) [63, 19, 19], WB: DASM(00120213)
Cyc=       285 Op1=[0x00000002] Op2=[0x00000002] W[W, 5= 0x00000002] [_,0xfe5214e3]  272     PC=(0x8000041c,0x80000418,0x80000414) [37, 99, 19], WB: DASM(00200293)
Cyc=       286 Op1=[0x00004000] Op2=[0x00000000] W[_, 9= 0x00000004] [_,0x00004eb7]  273     PC=(0x80000420,0x8000041c,0x80000418) [13, 55, 99], WB: DASM(fe5214e3)
Cyc=       287 Op1=[0x00000000] Op2=[0x0000001d] W[W,29= 0x00004000] [_,0x01d00193]  274     PC=(0x80000424,0x80000420,0x8000041c) [63, 19, 55], WB: DASM(00004eb7)
Cyc=       288 Op1=[0x00004000] Op2=[0x00004000] W[W, 3= 0x0000001d] [_,0x23df1463]  275     PC=(0x80000428,0x80000424,0x80000420) [13, 99, 19], WB: DASM(01d00193)
Cyc=       289 Op1=[0x00000000] Op2=[0x00000000] W[_, 8= 0x00008000] [_,0x00000213]  276     PC=(0x8000042c,0x80000428,0x80000424) [13, 19, 99], WB: DASM(23df1463)
Cyc=       290 Op1=[0x00000000] Op2=[0x00000001] W[W, 4= 0x00000000] [_,0x00100093]  277     PC=(0x80000430,0x8000042c,0x80000428) [13, 19, 19], WB: DASM(00000213)
Cyc=       291 Op1=[0x00000000] Op2=[0x0000001f] W[W, 1= 0x00000001] [_,0x01f00113]  278     PC=(0x80000434,0x80000430,0x8000042c) [13, 19, 19], WB: DASM(00100093)
Cyc=       292 Op1=[0x00000000] Op2=[0x00000000] W[W, 2= 0x0000001f] [_,0x00000013]  279     PC=(0x80000438,0x80000434,0x80000430) [13, 19, 19], WB: DASM(01f00113)
Cyc=       293 Op1=[0x00000000] Op2=[0x00000000] W[W, 0= 0x00000000] [_,0x00000013]  280     PC=(0x8000043c,0x80000438,0x80000434) [33, 19, 19], WB: DASM(00000013)
Cyc=       294 Op1=[0x00000001] Op2=[0x0000001f] W[W, 0= 0x00000000] [_,0x00209f33]  281     PC=(0x80000440,0x8000043c,0x80000438) [13, 51, 19], WB: DASM(00000013)
Cyc=       295 Op1=[0x00000000] Op2=[0x00000001] W[W,30= 0x80000000] [_,0x00120213]  282     PC=(0x80000444,0x80000440,0x8000043c) [13, 19, 51], WB: DASM(00209f33)
Cyc=       296 Op1=[0x00000000] Op2=[0x00000002] W[W, 4= 0x00000001] [_,0x00200293]  283     PC=(0x80000448,0x80000444,0x80000440) [63, 19, 19], WB: DASM(00120213)
Cyc=       297 Op1=[0x00000001] Op2=[0x00000002] W[W, 5= 0x00000002] [_,0xfe5212e3]  284   B PC=(0x8000044c,0x80000448,0x80000444) [37, 99, 19], WB: DASM(00200293)
Cyc=       298 Op1=[0x80000000] Op2=[0x00000000] W[_, 5= 0x00000003] [_,0x80000eb7]  285     PC=(0x8000042c,0x8000044c,0x80000448) [13, 51, 99], WB: DASM(fe5212e3)
Cyc=       299 Op1=[0x00000000] Op2=[0x00000001] W[_,29= 0x80000000] [_,0x00100093]  286     PC=(0x80000430,0x8000042c,0x8000044c) [13, 19, 51], WB: DASM(00004033)
Cyc=       300 Op1=[0x00000000] Op2=[0x0000001f] W[W, 1= 0x00000001] [_,0x01f00113]  286     PC=(0x80000434,0x80000430,0x8000042c) [13, 19, 19], WB: DASM(00100093)
Cyc=       301 Op1=[0x00000000] Op2=[0x00000000] W[W, 2= 0x0000001f] [_,0x00000013]  287     PC=(0x80000438,0x80000434,0x80000430) [13, 19, 19], WB: DASM(01f00113)
Cyc=       302 Op1=[0x00000000] Op2=[0x00000000] W[W, 0= 0x00000000] [_,0x00000013]  288     PC=(0x8000043c,0x80000438,0x80000434) [33, 19, 19], WB: DASM(00000013)
Cyc=       303 Op1=[0x00000001] Op2=[0x0000001f] W[W, 0= 0x00000000] [_,0x00209f33]  289     PC=(0x80000440,0x8000043c,0x80000438) [13, 51, 19], WB: DASM(00000013)
Cyc=       304 Op1=[0x00000001] Op2=[0x00000001] W[W,30= 0x80000000] [_,0x00120213]  290     PC=(0x80000444,0x80000440,0x8000043c) [13, 19, 51], WB: DASM(00209f33)
Cyc=       305 Op1=[0x00000000] Op2=[0x00000002] W[W, 4= 0x00000002] [_,0x00200293]  291     PC=(0x80000448,0x80000444,0x80000440) [63, 19, 19], WB: DASM(00120213)
Cyc=       306 Op1=[0x00000002] Op2=[0x00000002] W[W, 5= 0x00000002] [_,0xfe5212e3]  292     PC=(0x8000044c,0x80000448,0x80000444) [37, 99, 19], WB: DASM(00200293)
Cyc=       307 Op1=[0x80000000] Op2=[0x00000000] W[_, 5= 0x00000004] [_,0x80000eb7]  293     PC=(0x80000450,0x8000044c,0x80000448) [13, 55, 99], WB: DASM(fe5212e3)
Cyc=       308 Op1=[0x00000000] Op2=[0x0000001e] W[W,29= 0x80000000] [_,0x01e00193]  294     PC=(0x80000454,0x80000450,0x8000044c) [63, 19, 55], WB: DASM(80000eb7)
Cyc=       309 Op1=[0x80000000] Op2=[0x80000000] W[W, 3= 0x0000001e] [_,0x1fdf1c63]  295     PC=(0x80000458,0x80000454,0x80000450) [13, 99, 19], WB: DASM(01e00193)
Cyc=       310 Op1=[0x00000000] Op2=[0x00000000] W[_,24= 0x00000000] [_,0x00000213]  296     PC=(0x8000045c,0x80000458,0x80000454) [13, 19, 99], WB: DASM(1fdf1c63)
Cyc=       311 Op1=[0x00000000] Op2=[0x00000001] W[W, 4= 0x00000000] [_,0x00100093]  297     PC=(0x80000460,0x8000045c,0x80000458) [13, 19, 19], WB: DASM(00000213)
Cyc=       312 Op1=[0x00000000] Op2=[0x00000000] W[W, 1= 0x00000001] [_,0x00000013]  298     PC=(0x80000464,0x80000460,0x8000045c) [13, 19, 19], WB: DASM(00100093)
Cyc=       313 Op1=[0x00000000] Op2=[0x00000007] W[W, 0= 0x00000000] [_,0x00700113]  299     PC=(0x80000468,0x80000464,0x80000460) [33, 19, 19], WB: DASM(00000013)
Cyc=       314 Op1=[0x00000001] Op2=[0x00000007] W[W, 2= 0x00000007] [_,0x00209f33]  300     PC=(0x8000046c,0x80000468,0x80000464) [13, 51, 19], WB: DASM(00700113)
Cyc=       315 Op1=[0x00000000] Op2=[0x00000001] W[W,30= 0x00000080] [_,0x00120213]  301     PC=(0x80000470,0x8000046c,0x80000468) [13, 19, 51], WB: DASM(00209f33)
Cyc=       316 Op1=[0x00000000] Op2=[0x00000002] W[W, 4= 0x00000001] [_,0x00200293]  302     PC=(0x80000474,0x80000470,0x8000046c) [63, 19, 19], WB: DASM(00120213)
Cyc=       317 Op1=[0x00000001] Op2=[0x00000002] W[W, 5= 0x00000002] [_,0xfe5214e3]  303   B PC=(0x80000478,0x80000474,0x80000470) [13, 99, 19], WB: DASM(00200293)
Cyc=       318 Op1=[0x00000000] Op2=[0x00000080] W[_, 9= 0x00000003] [_,0x08000e93]  304     PC=(0x8000045c,0x80000478,0x80000474) [13, 51, 99], WB: DASM(fe5214e3)
Cyc=       319 Op1=[0x00000000] Op2=[0x00000001] W[_,29= 0x00000080] [_,0x00100093]  305     PC=(0x80000460,0x8000045c,0x80000478) [13, 19, 51], WB: DASM(00004033)
Cyc=       320 Op1=[0x00000000] Op2=[0x00000000] W[W, 1= 0x00000001] [_,0x00000013]  305     PC=(0x80000464,0x80000460,0x8000045c) [13, 19, 19], WB: DASM(00100093)
Cyc=       321 Op1=[0x00000000] Op2=[0x00000007] W[W, 0= 0x00000000] [_,0x00700113]  306     PC=(0x80000468,0x80000464,0x80000460) [33, 19, 19], WB: DASM(00000013)
Cyc=       322 Op1=[0x00000001] Op2=[0x00000007] W[W, 2= 0x00000007] [_,0x00209f33]  307     PC=(0x8000046c,0x80000468,0x80000464) [13, 51, 19], WB: DASM(00700113)
Cyc=       323 Op1=[0x00000001] Op2=[0x00000001] W[W,30= 0x00000080] [_,0x00120213]  308     PC=(0x80000470,0x8000046c,0x80000468) [13, 19, 51], WB: DASM(00209f33)
Cyc=       324 Op1=[0x00000000] Op2=[0x00000002] W[W, 4= 0x00000002] [_,0x00200293]  309     PC=(0x80000474,0x80000470,0x8000046c) [63, 19, 19], WB: DASM(00120213)
Cyc=       325 Op1=[0x00000002] Op2=[0x00000002] W[W, 5= 0x00000002] [_,0xfe5214e3]  310     PC=(0x80000478,0x80000474,0x80000470) [13, 99, 19], WB: DASM(00200293)
Cyc=       326 Op1=[0x00000000] Op2=[0x00000080] W[_, 9= 0x00000004] [_,0x08000e93]  311     PC=(0x8000047c,0x80000478,0x80000474) [13, 19, 99], WB: DASM(fe5214e3)
Cyc=       327 Op1=[0x00000000] Op2=[0x0000001f] W[W,29= 0x00000080] [_,0x01f00193]  312     PC=(0x80000480,0x8000047c,0x80000478) [63, 19, 19], WB: DASM(08000e93)
Cyc=       328 Op1=[0x00000080] Op2=[0x00000080] W[W, 3= 0x0000001f] [_,0x1ddf1663]  313     PC=(0x80000484,0x80000480,0x8000047c) [13, 99, 19], WB: DASM(01f00193)
Cyc=       329 Op1=[0x00000000] Op2=[0x00000000] W[_,12= 0x00000100] [_,0x00000213]  314     PC=(0x80000488,0x80000484,0x80000480) [13, 19, 99], WB: DASM(1ddf1663)
Cyc=       330 Op1=[0x00000000] Op2=[0x00000001] W[W, 4= 0x00000000] [_,0x00100093]  315     PC=(0x8000048c,0x80000488,0x80000484) [13, 19, 19], WB: DASM(00000213)
Cyc=       331 Op1=[0x00000000] Op2=[0x00000000] W[W, 1= 0x00000001] [_,0x00000013]  316     PC=(0x80000490,0x8000048c,0x80000488) [13, 19, 19], WB: DASM(00100093)
Cyc=       332 Op1=[0x00000000] Op2=[0x0000000e] W[W, 0= 0x00000000] [_,0x00e00113]  317     PC=(0x80000494,0x80000490,0x8000048c) [13, 19, 19], WB: DASM(00000013)
Cyc=       333 Op1=[0x00000000] Op2=[0x00000000] W[W, 2= 0x0000000e] [_,0x00000013]  318     PC=(0x80000498,0x80000494,0x80000490) [33, 19, 19], WB: DASM(00e00113)
Cyc=       334 Op1=[0x00000001] Op2=[0x0000000e] W[W, 0= 0x00000000] [_,0x00209f33]  319     PC=(0x8000049c,0x80000498,0x80000494) [13, 51, 19], WB: DASM(00000013)
Cyc=       335 Op1=[0x00000000] Op2=[0x00000001] W[W,30= 0x00004000] [_,0x00120213]  320     PC=(0x800004a0,0x8000049c,0x80000498) [13, 19, 51], WB: DASM(00209f33)
Cyc=       336 Op1=[0x00000000] Op2=[0x00000002] W[W, 4= 0x00000001] [_,0x00200293]  321     PC=(0x800004a4,0x800004a0,0x8000049c) [63, 19, 19], WB: DASM(00120213)
Cyc=       337 Op1=[0x00000001] Op2=[0x00000002] W[W, 5= 0x00000002] [_,0xfe5212e3]  322   B PC=(0x800004a8,0x800004a4,0x800004a0) [37, 99, 19], WB: DASM(00200293)
Cyc=       338 Op1=[0x00004000] Op2=[0x00000000] W[_, 5= 0x00000003] [_,0x00004eb7]  323     PC=(0x80000488,0x800004a8,0x800004a4) [13, 51, 99], WB: DASM(fe5212e3)
Cyc=       339 Op1=[0x00000000] Op2=[0x00000001] W[_,29= 0x00004000] [_,0x00100093]  324     PC=(0x8000048c,0x80000488,0x800004a8) [13, 19, 51], WB: DASM(00004033)
Cyc=       340 Op1=[0x00000000] Op2=[0x00000000] W[W, 1= 0x00000001] [_,0x00000013]  324     PC=(0x80000490,0x8000048c,0x80000488) [13, 19, 19], WB: DASM(00100093)
Cyc=       341 Op1=[0x00000000] Op2=[0x0000000e] W[W, 0= 0x00000000] [_,0x00e00113]  325     PC=(0x80000494,0x80000490,0x8000048c) [13, 19, 19], WB: DASM(00000013)
Cyc=       342 Op1=[0x00000000] Op2=[0x00000000] W[W, 2= 0x0000000e] [_,0x00000013]  326     PC=(0x80000498,0x80000494,0x80000490) [33, 19, 19], WB: DASM(00e00113)
Cyc=       343 Op1=[0x00000001] Op2=[0x0000000e] W[W, 0= 0x00000000] [_,0x00209f33]  327     PC=(0x8000049c,0x80000498,0x80000494) [13, 51, 19], WB: DASM(00000013)
Cyc=       344 Op1=[0x00000001] Op2=[0x00000001] W[W,30= 0x00004000] [_,0x00120213]  328     PC=(0x800004a0,0x8000049c,0x80000498) [13, 19, 51], WB: DASM(00209f33)
Cyc=       345 Op1=[0x00000000] Op2=[0x00000002] W[W, 4= 0x00000002] [_,0x00200293]  329     PC=(0x800004a4,0x800004a0,0x8000049c) [63, 19, 19], WB: DASM(00120213)
Cyc=       346 Op1=[0x00000002] Op2=[0x00000002] W[W, 5= 0x00000002] [_,0xfe5212e3]  330     PC=(0x800004a8,0x800004a4,0x800004a0) [37, 99, 19], WB: DASM(00200293)
Cyc=       347 Op1=[0x00004000] Op2=[0x00000000] W[_, 5= 0x00000004] [_,0x00004eb7]  331     PC=(0x800004ac,0x800004a8,0x800004a4) [13, 55, 99], WB: DASM(fe5212e3)
Cyc=       348 Op1=[0x00000000] Op2=[0x00000020] W[W,29= 0x00004000] [_,0x02000193]  332     PC=(0x800004b0,0x800004ac,0x800004a8) [63, 19, 55], WB: DASM(00004eb7)
Cyc=       349 Op1=[0x00004000] Op2=[0x00004000] W[W, 3= 0x00000020] [_,0x19df1e63]  333     PC=(0x800004b4,0x800004b0,0x800004ac) [13, 99, 19], WB: DASM(02000193)
Cyc=       350 Op1=[0x00000000] Op2=[0x00000000] W[_,28= 0x00008000] [_,0x00000213]  334     PC=(0x800004b8,0x800004b4,0x800004b0) [13, 19, 99], WB: DASM(19df1e63)
Cyc=       351 Op1=[0x00000000] Op2=[0x00000001] W[W, 4= 0x00000000] [_,0x00100093]  335     PC=(0x800004bc,0x800004b8,0x800004b4) [13, 19, 19], WB: DASM(00000213)
Cyc=       352 Op1=[0x00000000] Op2=[0x00000000] W[W, 1= 0x00000001] [_,0x00000013]  336     PC=(0x800004c0,0x800004bc,0x800004b8) [13, 19, 19], WB: DASM(00100093)
Cyc=       353 Op1=[0x00000000] Op2=[0x00000000] W[W, 0= 0x00000000] [_,0x00000013]  337     PC=(0x800004c4,0x800004c0,0x800004bc) [13, 19, 19], WB: DASM(00000013)
Cyc=       354 Op1=[0x00000000] Op2=[0x0000001f] W[W, 0= 0x00000000] [_,0x01f00113]  338     PC=(0x800004c8,0x800004c4,0x800004c0) [33, 19, 19], WB: DASM(00000013)
Cyc=       355 Op1=[0x00000001] Op2=[0x0000001f] W[W, 2= 0x0000001f] [_,0x00209f33]  339     PC=(0x800004cc,0x800004c8,0x800004c4) [13, 51, 19], WB: DASM(01f00113)
Cyc=       356 Op1=[0x00000000] Op2=[0x00000001] W[W,30= 0x80000000] [_,0x00120213]  340     PC=(0x800004d0,0x800004cc,0x800004c8) [13, 19, 51], WB: DASM(00209f33)
Cyc=       357 Op1=[0x00000000] Op2=[0x00000002] W[W, 4= 0x00000001] [_,0x00200293]  341     PC=(0x800004d4,0x800004d0,0x800004cc) [63, 19, 19], WB: DASM(00120213)
Cyc=       358 Op1=[0x00000001] Op2=[0x00000002] W[W, 5= 0x00000002] [_,0xfe5212e3]  342   B PC=(0x800004d8,0x800004d4,0x800004d0) [37, 99, 19], WB: DASM(00200293)
Cyc=       359 Op1=[0x80000000] Op2=[0x00000000] W[_, 5= 0x00000003] [_,0x80000eb7]  343     PC=(0x800004b8,0x800004d8,0x800004d4) [13, 51, 99], WB: DASM(fe5212e3)
Cyc=       360 Op1=[0x00000000] Op2=[0x00000001] W[_,29= 0x80000000] [_,0x00100093]  344     PC=(0x800004bc,0x800004b8,0x800004d8) [13, 19, 51], WB: DASM(00004033)
Cyc=       361 Op1=[0x00000000] Op2=[0x00000000] W[W, 1= 0x00000001] [_,0x00000013]  344     PC=(0x800004c0,0x800004bc,0x800004b8) [13, 19, 19], WB: DASM(00100093)
Cyc=       362 Op1=[0x00000000] Op2=[0x00000000] W[W, 0= 0x00000000] [_,0x00000013]  345     PC=(0x800004c4,0x800004c0,0x800004bc) [13, 19, 19], WB: DASM(00000013)
Cyc=       363 Op1=[0x00000000] Op2=[0x0000001f] W[W, 0= 0x00000000] [_,0x01f00113]  346     PC=(0x800004c8,0x800004c4,0x800004c0) [33, 19, 19], WB: DASM(00000013)
Cyc=       364 Op1=[0x00000001] Op2=[0x0000001f] W[W, 2= 0x0000001f] [_,0x00209f33]  347     PC=(0x800004cc,0x800004c8,0x800004c4) [13, 51, 19], WB: DASM(01f00113)
Cyc=       365 Op1=[0x00000001] Op2=[0x00000001] W[W,30= 0x80000000] [_,0x00120213]  348     PC=(0x800004d0,0x800004cc,0x800004c8) [13, 19, 51], WB: DASM(00209f33)
Cyc=       366 Op1=[0x00000000] Op2=[0x00000002] W[W, 4= 0x00000002] [_,0x00200293]  349     PC=(0x800004d4,0x800004d0,0x800004cc) [63, 19, 19], WB: DASM(00120213)
Cyc=       367 Op1=[0x00000002] Op2=[0x00000002] W[W, 5= 0x00000002] [_,0xfe5212e3]  350     PC=(0x800004d8,0x800004d4,0x800004d0) [37, 99, 19], WB: DASM(00200293)
Cyc=       368 Op1=[0x80000000] Op2=[0x00000000] W[_, 5= 0x00000004] [_,0x80000eb7]  351     PC=(0x800004dc,0x800004d8,0x800004d4) [13, 55, 99], WB: DASM(fe5212e3)
Cyc=       369 Op1=[0x00000000] Op2=[0x00000021] W[W,29= 0x80000000] [_,0x02100193]  352     PC=(0x800004e0,0x800004dc,0x800004d8) [63, 19, 55], WB: DASM(80000eb7)
Cyc=       370 Op1=[0x80000000] Op2=[0x80000000] W[W, 3= 0x00000021] [_,0x17df1663]  353     PC=(0x800004e4,0x800004e0,0x800004dc) [13, 99, 19], WB: DASM(02100193)
Cyc=       371 Op1=[0x00000000] Op2=[0x00000000] W[_,12= 0x00000000] [_,0x00000213]  354     PC=(0x800004e8,0x800004e4,0x800004e0) [13, 19, 99], WB: DASM(17df1663)
Cyc=       372 Op1=[0x00000000] Op2=[0x00000007] W[W, 4= 0x00000000] [_,0x00700113]  355     PC=(0x800004ec,0x800004e8,0x800004e4) [13, 19, 19], WB: DASM(00000213)
Cyc=       373 Op1=[0x00000000] Op2=[0x00000001] W[W, 2= 0x00000007] [_,0x00100093]  356     PC=(0x800004f0,0x800004ec,0x800004e8) [33, 19, 19], WB: DASM(00700113)
Cyc=       374 Op1=[0x00000001] Op2=[0x00000007] W[W, 1= 0x00000001] [_,0x00209f33]  357     PC=(0x800004f4,0x800004f0,0x800004ec) [13, 51, 19], WB: DASM(00100093)
Cyc=       375 Op1=[0x00000000] Op2=[0x00000001] W[W,30= 0x00000080] [_,0x00120213]  358     PC=(0x800004f8,0x800004f4,0x800004f0) [13, 19, 51], WB: DASM(00209f33)
Cyc=       376 Op1=[0x00000000] Op2=[0x00000002] W[W, 4= 0x00000001] [_,0x00200293]  359     PC=(0x800004fc,0x800004f8,0x800004f4) [63, 19, 19], WB: DASM(00120213)
Cyc=       377 Op1=[0x00000001] Op2=[0x00000002] W[W, 5= 0x00000002] [_,0xfe5216e3]  360   B PC=(0x80000500,0x800004fc,0x800004f8) [13, 99, 19], WB: DASM(00200293)
Cyc=       378 Op1=[0x00000000] Op2=[0x00000080] W[_,13= 0x00000003] [_,0x08000e93]  361     PC=(0x800004e8,0x80000500,0x800004fc) [13, 51, 99], WB: DASM(fe5216e3)
Cyc=       379 Op1=[0x00000000] Op2=[0x00000007] W[_,29= 0x00000080] [_,0x00700113]  362     PC=(0x800004ec,0x800004e8,0x80000500) [13, 19, 51], WB: DASM(00004033)
Cyc=       380 Op1=[0x00000000] Op2=[0x00000001] W[W, 2= 0x00000007] [_,0x00100093]  362     PC=(0x800004f0,0x800004ec,0x800004e8) [33, 19, 19], WB: DASM(00700113)
Cyc=       381 Op1=[0x00000001] Op2=[0x00000007] W[W, 1= 0x00000001] [_,0x00209f33]  363     PC=(0x800004f4,0x800004f0,0x800004ec) [13, 51, 19], WB: DASM(00100093)
Cyc=       382 Op1=[0x00000001] Op2=[0x00000001] W[W,30= 0x00000080] [_,0x00120213]  364     PC=(0x800004f8,0x800004f4,0x800004f0) [13, 19, 51], WB: DASM(00209f33)
Cyc=       383 Op1=[0x00000000] Op2=[0x00000002] W[W, 4= 0x00000002] [_,0x00200293]  365     PC=(0x800004fc,0x800004f8,0x800004f4) [63, 19, 19], WB: DASM(00120213)
Cyc=       384 Op1=[0x00000002] Op2=[0x00000002] W[W, 5= 0x00000002] [_,0xfe5216e3]  366     PC=(0x80000500,0x800004fc,0x800004f8) [13, 99, 19], WB: DASM(00200293)
Cyc=       385 Op1=[0x00000000] Op2=[0x00000080] W[_,13= 0x00000004] [_,0x08000e93]  367     PC=(0x80000504,0x80000500,0x800004fc) [13, 19, 99], WB: DASM(fe5216e3)
Cyc=       386 Op1=[0x00000000] Op2=[0x00000022] W[W,29= 0x00000080] [_,0x02200193]  368     PC=(0x80000508,0x80000504,0x80000500) [63, 19, 19], WB: DASM(08000e93)
Cyc=       387 Op1=[0x00000080] Op2=[0x00000080] W[W, 3= 0x00000022] [_,0x15df1263]  369     PC=(0x8000050c,0x80000508,0x80000504) [13, 99, 19], WB: DASM(02200193)
Cyc=       388 Op1=[0x00000000] Op2=[0x00000000] W[_, 4= 0x00000100] [_,0x00000213]  370     PC=(0x80000510,0x8000050c,0x80000508) [13, 19, 99], WB: DASM(15df1263)
Cyc=       389 Op1=[0x00000000] Op2=[0x0000000e] W[W, 4= 0x00000000] [_,0x00e00113]  371     PC=(0x80000514,0x80000510,0x8000050c) [13, 19, 19], WB: DASM(00000213)
Cyc=       390 Op1=[0x00000000] Op2=[0x00000001] W[W, 2= 0x0000000e] [_,0x00100093]  372     PC=(0x80000518,0x80000514,0x80000510) [13, 19, 19], WB: DASM(00e00113)
Cyc=       391 Op1=[0x00000000] Op2=[0x00000000] W[W, 1= 0x00000001] [_,0x00000013]  373     PC=(0x8000051c,0x80000518,0x80000514) [33, 19, 19], WB: DASM(00100093)
Cyc=       392 Op1=[0x00000001] Op2=[0x0000000e] W[W, 0= 0x00000000] [_,0x00209f33]  374     PC=(0x80000520,0x8000051c,0x80000518) [13, 51, 19], WB: DASM(00000013)
Cyc=       393 Op1=[0x00000000] Op2=[0x00000001] W[W,30= 0x00004000] [_,0x00120213]  375     PC=(0x80000524,0x80000520,0x8000051c) [13, 19, 51], WB: DASM(00209f33)
Cyc=       394 Op1=[0x00000000] Op2=[0x00000002] W[W, 4= 0x00000001] [_,0x00200293]  376     PC=(0x80000528,0x80000524,0x80000520) [63, 19, 19], WB: DASM(00120213)
Cyc=       395 Op1=[0x00000001] Op2=[0x00000002] W[W, 5= 0x00000002] [_,0xfe5214e3]  377   B PC=(0x8000052c,0x80000528,0x80000524) [37, 99, 19], WB: DASM(00200293)
Cyc=       396 Op1=[0x00004000] Op2=[0x00000000] W[_, 9= 0x00000003] [_,0x00004eb7]  378     PC=(0x80000510,0x8000052c,0x80000528) [13, 51, 99], WB: DASM(fe5214e3)
Cyc=       397 Op1=[0x00000000] Op2=[0x0000000e] W[_,29= 0x00004000] [_,0x00e00113]  379     PC=(0x80000514,0x80000510,0x8000052c) [13, 19, 51], WB: DASM(00004033)
Cyc=       398 Op1=[0x00000000] Op2=[0x00000001] W[W, 2= 0x0000000e] [_,0x00100093]  379     PC=(0x80000518,0x80000514,0x80000510) [13, 19, 19], WB: DASM(00e00113)
Cyc=       399 Op1=[0x00000000] Op2=[0x00000000] W[W, 1= 0x00000001] [_,0x00000013]  380     PC=(0x8000051c,0x80000518,0x80000514) [33, 19, 19], WB: DASM(00100093)
Cyc=       400 Op1=[0x00000001] Op2=[0x0000000e] W[W, 0= 0x00000000] [_,0x00209f33]  381     PC=(0x80000520,0x8000051c,0x80000518) [13, 51, 19], WB: DASM(00000013)
Cyc=       401 Op1=[0x00000001] Op2=[0x00000001] W[W,30= 0x00004000] [_,0x00120213]  382     PC=(0x80000524,0x80000520,0x8000051c) [13, 19, 51], WB: DASM(00209f33)
Cyc=       402 Op1=[0x00000000] Op2=[0x00000002] W[W, 4= 0x00000002] [_,0x00200293]  383     PC=(0x80000528,0x80000524,0x80000520) [63, 19, 19], WB: DASM(00120213)
Cyc=       403 Op1=[0x00000002] Op2=[0x00000002] W[W, 5= 0x00000002] [_,0xfe5214e3]  384     PC=(0x8000052c,0x80000528,0x80000524) [37, 99, 19], WB: DASM(00200293)
Cyc=       404 Op1=[0x00004000] Op2=[0x00000000] W[_, 9= 0x00000004] [_,0x00004eb7]  385     PC=(0x80000530,0x8000052c,0x80000528) [13, 55, 99], WB: DASM(fe5214e3)
Cyc=       405 Op1=[0x00000000] Op2=[0x00000023] W[W,29= 0x00004000] [_,0x02300193]  386     PC=(0x80000534,0x80000530,0x8000052c) [63, 19, 55], WB: DASM(00004eb7)
Cyc=       406 Op1=[0x00004000] Op2=[0x00004000] W[W, 3= 0x00000023] [_,0x11df1c63]  387     PC=(0x80000538,0x80000534,0x80000530) [13, 99, 19], WB: DASM(02300193)
Cyc=       407 Op1=[0x00000000] Op2=[0x00000000] W[_,24= 0x00008000] [_,0x00000213]  388     PC=(0x8000053c,0x80000538,0x80000534) [13, 19, 99], WB: DASM(11df1c63)
Cyc=       408 Op1=[0x00000000] Op2=[0x0000001f] W[W, 4= 0x00000000] [_,0x01f00113]  389     PC=(0x80000540,0x8000053c,0x80000538) [13, 19, 19], WB: DASM(00000213)
Cyc=       409 Op1=[0x00000000] Op2=[0x00000001] W[W, 2= 0x0000001f] [_,0x00100093]  390     PC=(0x80000544,0x80000540,0x8000053c) [13, 19, 19], WB: DASM(01f00113)
Cyc=       410 Op1=[0x00000000] Op2=[0x00000000] W[W, 1= 0x00000001] [_,0x00000013]  391     PC=(0x80000548,0x80000544,0x80000540) [13, 19, 19], WB: DASM(00100093)
Cyc=       411 Op1=[0x00000000] Op2=[0x00000000] W[W, 0= 0x00000000] [_,0x00000013]  392     PC=(0x8000054c,0x80000548,0x80000544) [33, 19, 19], WB: DASM(00000013)
Cyc=       412 Op1=[0x00000001] Op2=[0x0000001f] W[W, 0= 0x00000000] [_,0x00209f33]  393     PC=(0x80000550,0x8000054c,0x80000548) [13, 51, 19], WB: DASM(00000013)
Cyc=       413 Op1=[0x00000000] Op2=[0x00000001] W[W,30= 0x80000000] [_,0x00120213]  394     PC=(0x80000554,0x80000550,0x8000054c) [13, 19, 51], WB: DASM(00209f33)
Cyc=       414 Op1=[0x00000000] Op2=[0x00000002] W[W, 4= 0x00000001] [_,0x00200293]  395     PC=(0x80000558,0x80000554,0x80000550) [63, 19, 19], WB: DASM(00120213)
Cyc=       415 Op1=[0x00000001] Op2=[0x00000002] W[W, 5= 0x00000002] [_,0xfe5212e3]  396   B PC=(0x8000055c,0x80000558,0x80000554) [37, 99, 19], WB: DASM(00200293)
Cyc=       416 Op1=[0x80000000] Op2=[0x00000000] W[_, 5= 0x00000003] [_,0x80000eb7]  397     PC=(0x8000053c,0x8000055c,0x80000558) [13, 51, 99], WB: DASM(fe5212e3)
Cyc=       417 Op1=[0x00000000] Op2=[0x0000001f] W[_,29= 0x80000000] [_,0x01f00113]  398     PC=(0x80000540,0x8000053c,0x8000055c) [13, 19, 51], WB: DASM(00004033)
Cyc=       418 Op1=[0x00000000] Op2=[0x00000001] W[W, 2= 0x0000001f] [_,0x00100093]  398     PC=(0x80000544,0x80000540,0x8000053c) [13, 19, 19], WB: DASM(01f00113)
Cyc=       419 Op1=[0x00000000] Op2=[0x00000000] W[W, 1= 0x00000001] [_,0x00000013]  399     PC=(0x80000548,0x80000544,0x80000540) [13, 19, 19], WB: DASM(00100093)
Cyc=       420 Op1=[0x00000000] Op2=[0x00000000] W[W, 0= 0x00000000] [_,0x00000013]  400     PC=(0x8000054c,0x80000548,0x80000544) [33, 19, 19], WB: DASM(00000013)
Cyc=       421 Op1=[0x00000001] Op2=[0x0000001f] W[W, 0= 0x00000000] [_,0x00209f33]  401     PC=(0x80000550,0x8000054c,0x80000548) [13, 51, 19], WB: DASM(00000013)
Cyc=       422 Op1=[0x00000001] Op2=[0x00000001] W[W,30= 0x80000000] [_,0x00120213]  402     PC=(0x80000554,0x80000550,0x8000054c) [13, 19, 51], WB: DASM(00209f33)
Cyc=       423 Op1=[0x00000000] Op2=[0x00000002] W[W, 4= 0x00000002] [_,0x00200293]  403     PC=(0x80000558,0x80000554,0x80000550) [63, 19, 19], WB: DASM(00120213)
Cyc=       424 Op1=[0x00000002] Op2=[0x00000002] W[W, 5= 0x00000002] [_,0xfe5212e3]  404     PC=(0x8000055c,0x80000558,0x80000554) [37, 99, 19], WB: DASM(00200293)
Cyc=       425 Op1=[0x80000000] Op2=[0x00000000] W[_, 5= 0x00000004] [_,0x80000eb7]  405     PC=(0x80000560,0x8000055c,0x80000558) [13, 55, 99], WB: DASM(fe5212e3)
Cyc=       426 Op1=[0x00000000] Op2=[0x00000024] W[W,29= 0x80000000] [_,0x02400193]  406     PC=(0x80000564,0x80000560,0x8000055c) [63, 19, 55], WB: DASM(80000eb7)
Cyc=       427 Op1=[0x80000000] Op2=[0x80000000] W[W, 3= 0x00000024] [_,0x0fdf1463]  407     PC=(0x80000568,0x80000564,0x80000560) [13, 99, 19], WB: DASM(02400193)
Cyc=       428 Op1=[0x00000000] Op2=[0x00000000] W[_, 8= 0x00000000] [_,0x00000213]  408     PC=(0x8000056c,0x80000568,0x80000564) [13, 19, 99], WB: DASM(0fdf1463)
Cyc=       429 Op1=[0x00000000] Op2=[0x00000007] W[W, 4= 0x00000000] [_,0x00700113]  409     PC=(0x80000570,0x8000056c,0x80000568) [13, 19, 19], WB: DASM(00000213)
Cyc=       430 Op1=[0x00000000] Op2=[0x00000000] W[W, 2= 0x00000007] [_,0x00000013]  410     PC=(0x80000574,0x80000570,0x8000056c) [13, 19, 19], WB: DASM(00700113)
Cyc=       431 Op1=[0x00000000] Op2=[0x00000001] W[W, 0= 0x00000000] [_,0x00100093]  411     PC=(0x80000578,0x80000574,0x80000570) [33, 19, 19], WB: DASM(00000013)
Cyc=       432 Op1=[0x00000001] Op2=[0x00000007] W[W, 1= 0x00000001] [_,0x00209f33]  412     PC=(0x8000057c,0x80000578,0x80000574) [13, 51, 19], WB: DASM(00100093)
Cyc=       433 Op1=[0x00000000] Op2=[0x00000001] W[W,30= 0x00000080] [_,0x00120213]  413     PC=(0x80000580,0x8000057c,0x80000578) [13, 19, 51], WB: DASM(00209f33)
Cyc=       434 Op1=[0x00000000] Op2=[0x00000002] W[W, 4= 0x00000001] [_,0x00200293]  414     PC=(0x80000584,0x80000580,0x8000057c) [63, 19, 19], WB: DASM(00120213)
Cyc=       435 Op1=[0x00000001] Op2=[0x00000002] W[W, 5= 0x00000002] [_,0xfe5214e3]  415   B PC=(0x80000588,0x80000584,0x80000580) [13, 99, 19], WB: DASM(00200293)
Cyc=       436 Op1=[0x00000000] Op2=[0x00000080] W[_, 9= 0x00000003] [_,0x08000e93]  416     PC=(0x8000056c,0x80000588,0x80000584) [13, 51, 99], WB: DASM(fe5214e3)
Cyc=       437 Op1=[0x00000000] Op2=[0x00000007] W[_,29= 0x00000080] [_,0x00700113]  417     PC=(0x80000570,0x8000056c,0x80000588) [13, 19, 51], WB: DASM(00004033)
Cyc=       438 Op1=[0x00000000] Op2=[0x00000000] W[W, 2= 0x00000007] [_,0x00000013]  417     PC=(0x80000574,0x80000570,0x8000056c) [13, 19, 19], WB: DASM(00700113)
Cyc=       439 Op1=[0x00000000] Op2=[0x00000001] W[W, 0= 0x00000000] [_,0x00100093]  418     PC=(0x80000578,0x80000574,0x80000570) [33, 19, 19], WB: DASM(00000013)
Cyc=       440 Op1=[0x00000001] Op2=[0x00000007] W[W, 1= 0x00000001] [_,0x00209f33]  419     PC=(0x8000057c,0x80000578,0x80000574) [13, 51, 19], WB: DASM(00100093)
Cyc=       441 Op1=[0x00000001] Op2=[0x00000001] W[W,30= 0x00000080] [_,0x00120213]  420     PC=(0x80000580,0x8000057c,0x80000578) [13, 19, 51], WB: DASM(00209f33)
Cyc=       442 Op1=[0x00000000] Op2=[0x00000002] W[W, 4= 0x00000002] [_,0x00200293]  421     PC=(0x80000584,0x80000580,0x8000057c) [63, 19, 19], WB: DASM(00120213)
Cyc=       443 Op1=[0x00000002] Op2=[0x00000002] W[W, 5= 0x00000002] [_,0xfe5214e3]  422     PC=(0x80000588,0x80000584,0x80000580) [13, 99, 19], WB: DASM(00200293)
Cyc=       444 Op1=[0x00000000] Op2=[0x00000080] W[_, 9= 0x00000004] [_,0x08000e93]  423     PC=(0x8000058c,0x80000588,0x80000584) [13, 19, 99], WB: DASM(fe5214e3)
Cyc=       445 Op1=[0x00000000] Op2=[0x00000025] W[W,29= 0x00000080] [_,0x02500193]  424     PC=(0x80000590,0x8000058c,0x80000588) [63, 19, 19], WB: DASM(08000e93)
Cyc=       446 Op1=[0x00000080] Op2=[0x00000080] W[W, 3= 0x00000025] [_,0x0bdf1e63]  425     PC=(0x80000594,0x80000590,0x8000058c) [13, 99, 19], WB: DASM(02500193)
Cyc=       447 Op1=[0x00000000] Op2=[0x00000000] W[_,28= 0x00000100] [_,0x00000213]  426     PC=(0x80000598,0x80000594,0x80000590) [13, 19, 99], WB: DASM(0bdf1e63)
Cyc=       448 Op1=[0x00000000] Op2=[0x0000000e] W[W, 4= 0x00000000] [_,0x00e00113]  427     PC=(0x8000059c,0x80000598,0x80000594) [13, 19, 19], WB: DASM(00000213)
Cyc=       449 Op1=[0x00000000] Op2=[0x00000000] W[W, 2= 0x0000000e] [_,0x00000013]  428     PC=(0x800005a0,0x8000059c,0x80000598) [13, 19, 19], WB: DASM(00e00113)
Cyc=       450 Op1=[0x00000000] Op2=[0x00000001] W[W, 0= 0x00000000] [_,0x00100093]  429     PC=(0x800005a4,0x800005a0,0x8000059c) [13, 19, 19], WB: DASM(00000013)
Cyc=       451 Op1=[0x00000000] Op2=[0x00000000] W[W, 1= 0x00000001] [_,0x00000013]  430     PC=(0x800005a8,0x800005a4,0x800005a0) [33, 19, 19], WB: DASM(00100093)
Cyc=       452 Op1=[0x00000001] Op2=[0x0000000e] W[W, 0= 0x00000000] [_,0x00209f33]  431     PC=(0x800005ac,0x800005a8,0x800005a4) [13, 51, 19], WB: DASM(00000013)
Cyc=       453 Op1=[0x00000000] Op2=[0x00000001] W[W,30= 0x00004000] [_,0x00120213]  432     PC=(0x800005b0,0x800005ac,0x800005a8) [13, 19, 51], WB: DASM(00209f33)
Cyc=       454 Op1=[0x00000000] Op2=[0x00000002] W[W, 4= 0x00000001] [_,0x00200293]  433     PC=(0x800005b4,0x800005b0,0x800005ac) [63, 19, 19], WB: DASM(00120213)
Cyc=       455 Op1=[0x00000001] Op2=[0x00000002] W[W, 5= 0x00000002] [_,0xfe5212e3]  434   B PC=(0x800005b8,0x800005b4,0x800005b0) [37, 99, 19], WB: DASM(00200293)
Cyc=       456 Op1=[0x00004000] Op2=[0x00000000] W[_, 5= 0x00000003] [_,0x00004eb7]  435     PC=(0x80000598,0x800005b8,0x800005b4) [13, 51, 99], WB: DASM(fe5212e3)
Cyc=       457 Op1=[0x00000000] Op2=[0x0000000e] W[_,29= 0x00004000] [_,0x00e00113]  436     PC=(0x8000059c,0x80000598,0x800005b8) [13, 19, 51], WB: DASM(00004033)
Cyc=       458 Op1=[0x00000000] Op2=[0x00000000] W[W, 2= 0x0000000e] [_,0x00000013]  436     PC=(0x800005a0,0x8000059c,0x80000598) [13, 19, 19], WB: DASM(00e00113)
Cyc=       459 Op1=[0x00000000] Op2=[0x00000001] W[W, 0= 0x00000000] [_,0x00100093]  437     PC=(0x800005a4,0x800005a0,0x8000059c) [13, 19, 19], WB: DASM(00000013)
Cyc=       460 Op1=[0x00000000] Op2=[0x00000000] W[W, 1= 0x00000001] [_,0x00000013]  438     PC=(0x800005a8,0x800005a4,0x800005a0) [33, 19, 19], WB: DASM(00100093)
Cyc=       461 Op1=[0x00000001] Op2=[0x0000000e] W[W, 0= 0x00000000] [_,0x00209f33]  439     PC=(0x800005ac,0x800005a8,0x800005a4) [13, 51, 19], WB: DASM(00000013)
Cyc=       462 Op1=[0x00000001] Op2=[0x00000001] W[W,30= 0x00004000] [_,0x00120213]  440     PC=(0x800005b0,0x800005ac,0x800005a8) [13, 19, 51], WB: DASM(00209f33)
Cyc=       463 Op1=[0x00000000] Op2=[0x00000002] W[W, 4= 0x00000002] [_,0x00200293]  441     PC=(0x800005b4,0x800005b0,0x800005ac) [63, 19, 19], WB: DASM(00120213)
Cyc=       464 Op1=[0x00000002] Op2=[0x00000002] W[W, 5= 0x00000002] [_,0xfe5212e3]  442     PC=(0x800005b8,0x800005b4,0x800005b0) [37, 99, 19], WB: DASM(00200293)
Cyc=       465 Op1=[0x00004000] Op2=[0x00000000] W[_, 5= 0x00000004] [_,0x00004eb7]  443     PC=(0x800005bc,0x800005b8,0x800005b4) [13, 55, 99], WB: DASM(fe5212e3)
Cyc=       466 Op1=[0x00000000] Op2=[0x00000026] W[W,29= 0x00004000] [_,0x02600193]  444     PC=(0x800005c0,0x800005bc,0x800005b8) [63, 19, 55], WB: DASM(00004eb7)
Cyc=       467 Op1=[0x00004000] Op2=[0x00004000] W[W, 3= 0x00000026] [_,0x09df1663]  445     PC=(0x800005c4,0x800005c0,0x800005bc) [13, 99, 19], WB: DASM(02600193)
Cyc=       468 Op1=[0x00000000] Op2=[0x00000000] W[_,12= 0x00008000] [_,0x00000213]  446     PC=(0x800005c8,0x800005c4,0x800005c0) [13, 19, 99], WB: DASM(09df1663)
Cyc=       469 Op1=[0x00000000] Op2=[0x0000001f] W[W, 4= 0x00000000] [_,0x01f00113]  447     PC=(0x800005cc,0x800005c8,0x800005c4) [13, 19, 19], WB: DASM(00000213)
Cyc=       470 Op1=[0x00000000] Op2=[0x00000000] W[W, 2= 0x0000001f] [_,0x00000013]  448     PC=(0x800005d0,0x800005cc,0x800005c8) [13, 19, 19], WB: DASM(01f00113)
Cyc=       471 Op1=[0x00000000] Op2=[0x00000000] W[W, 0= 0x00000000] [_,0x00000013]  449     PC=(0x800005d4,0x800005d0,0x800005cc) [13, 19, 19], WB: DASM(00000013)
Cyc=       472 Op1=[0x00000000] Op2=[0x00000001] W[W, 0= 0x00000000] [_,0x00100093]  450     PC=(0x800005d8,0x800005d4,0x800005d0) [33, 19, 19], WB: DASM(00000013)
Cyc=       473 Op1=[0x00000001] Op2=[0x0000001f] W[W, 1= 0x00000001] [_,0x00209f33]  451     PC=(0x800005dc,0x800005d8,0x800005d4) [13, 51, 19], WB: DASM(00100093)
Cyc=       474 Op1=[0x00000000] Op2=[0x00000001] W[W,30= 0x80000000] [_,0x00120213]  452     PC=(0x800005e0,0x800005dc,0x800005d8) [13, 19, 51], WB: DASM(00209f33)
Cyc=       475 Op1=[0x00000000] Op2=[0x00000002] W[W, 4= 0x00000001] [_,0x00200293]  453     PC=(0x800005e4,0x800005e0,0x800005dc) [63, 19, 19], WB: DASM(00120213)
Cyc=       476 Op1=[0x00000001] Op2=[0x00000002] W[W, 5= 0x00000002] [_,0xfe5212e3]  454   B PC=(0x800005e8,0x800005e4,0x800005e0) [37, 99, 19], WB: DASM(00200293)
Cyc=       477 Op1=[0x80000000] Op2=[0x00000000] W[_, 5= 0x00000003] [_,0x80000eb7]  455     PC=(0x800005c8,0x800005e8,0x800005e4) [13, 51, 99], WB: DASM(fe5212e3)
Cyc=       478 Op1=[0x00000000] Op2=[0x0000001f] W[_,29= 0x80000000] [_,0x01f00113]  456     PC=(0x800005cc,0x800005c8,0x800005e8) [13, 19, 51], WB: DASM(00004033)
Cyc=       479 Op1=[0x00000000] Op2=[0x00000000] W[W, 2= 0x0000001f] [_,0x00000013]  456     PC=(0x800005d0,0x800005cc,0x800005c8) [13, 19, 19], WB: DASM(01f00113)
Cyc=       480 Op1=[0x00000000] Op2=[0x00000000] W[W, 0= 0x00000000] [_,0x00000013]  457     PC=(0x800005d4,0x800005d0,0x800005cc) [13, 19, 19], WB: DASM(00000013)
Cyc=       481 Op1=[0x00000000] Op2=[0x00000001] W[W, 0= 0x00000000] [_,0x00100093]  458     PC=(0x800005d8,0x800005d4,0x800005d0) [33, 19, 19], WB: DASM(00000013)
Cyc=       482 Op1=[0x00000001] Op2=[0x0000001f] W[W, 1= 0x00000001] [_,0x00209f33]  459     PC=(0x800005dc,0x800005d8,0x800005d4) [13, 51, 19], WB: DASM(00100093)
Cyc=       483 Op1=[0x00000001] Op2=[0x00000001] W[W,30= 0x80000000] [_,0x00120213]  460     PC=(0x800005e0,0x800005dc,0x800005d8) [13, 19, 51], WB: DASM(00209f33)
Cyc=       484 Op1=[0x00000000] Op2=[0x00000002] W[W, 4= 0x00000002] [_,0x00200293]  461     PC=(0x800005e4,0x800005e0,0x800005dc) [63, 19, 19], WB: DASM(00120213)
Cyc=       485 Op1=[0x00000002] Op2=[0x00000002] W[W, 5= 0x00000002] [_,0xfe5212e3]  462     PC=(0x800005e8,0x800005e4,0x800005e0) [37, 99, 19], WB: DASM(00200293)
Cyc=       486 Op1=[0x80000000] Op2=[0x00000000] W[_, 5= 0x00000004] [_,0x80000eb7]  463     PC=(0x800005ec,0x800005e8,0x800005e4) [13, 55, 99], WB: DASM(fe5212e3)
Cyc=       487 Op1=[0x00000000] Op2=[0x00000027] W[W,29= 0x80000000] [_,0x02700193]  464     PC=(0x800005f0,0x800005ec,0x800005e8) [63, 19, 55], WB: DASM(80000eb7)
Cyc=       488 Op1=[0x80000000] Op2=[0x80000000] W[W, 3= 0x00000027] [_,0x05df1e63]  465     PC=(0x800005f4,0x800005f0,0x800005ec) [13, 99, 19], WB: DASM(02700193)
Cyc=       489 Op1=[0x00000000] Op2=[0x0000000f] W[_,28= 0x00000000] [_,0x00f00093]  466     PC=(0x800005f8,0x800005f4,0x800005f0) [33, 19, 99], WB: DASM(05df1e63)
Cyc=       490 Op1=[0x00000000] Op2=[0x0000000f] W[W, 1= 0x0000000f] [_,0x00101133]  467     PC=(0x800005fc,0x800005f8,0x800005f4) [13, 51, 19], WB: DASM(00f00093)
Cyc=       491 Op1=[0x00000000] Op2=[0x00000000] W[W, 2= 0x00000000] [_,0x00000e93]  468     PC=(0x80000600,0x800005fc,0x800005f8) [13, 19, 51], WB: DASM(00101133)
Cyc=       492 Op1=[0x00000000] Op2=[0x00000028] W[W,29= 0x00000000] [_,0x02800193]  469     PC=(0x80000604,0x80000600,0x800005fc) [63, 19, 19], WB: DASM(00000e93)
Cyc=       493 Op1=[0x00000000] Op2=[0x00000000] W[W, 3= 0x00000028] [_,0x05d11463]  470     PC=(0x80000608,0x80000604,0x80000600) [13, 99, 19], WB: DASM(02800193)
Cyc=       494 Op1=[0x00000000] Op2=[0x00000020] W[_, 8= 0x00000000] [_,0x02000093]  471     PC=(0x8000060c,0x80000608,0x80000604) [33, 19, 99], WB: DASM(05d11463)
Cyc=       495 Op1=[0x00000020] Op2=[0x00000000] W[W, 1= 0x00000020] [_,0x00009133]  472     PC=(0x80000610,0x8000060c,0x80000608) [13, 51, 19], WB: DASM(02000093)
Cyc=       496 Op1=[0x00000000] Op2=[0x00000020] W[W, 2= 0x00000020] [_,0x02000e93]  473     PC=(0x80000614,0x80000610,0x8000060c) [13, 19, 51], WB: DASM(00009133)
Cyc=       497 Op1=[0x00000000] Op2=[0x00000029] W[W,29= 0x00000020] [_,0x02900193]  474     PC=(0x80000618,0x80000614,0x80000610) [63, 19, 19], WB: DASM(02000e93)
Cyc=       498 Op1=[0x00000020] Op2=[0x00000020] W[W, 3= 0x00000029] [_,0x03d11a63]  475     PC=(0x8000061c,0x80000618,0x80000614) [33, 99, 19], WB: DASM(02900193)
Cyc=       499 Op1=[0x00000000] Op2=[0x00000000] W[_,20= 0x00000040] [_,0x000010b3]  476     PC=(0x80000620,0x8000061c,0x80000618) [13, 51, 99], WB: DASM(03d11a63)
Cyc=       500 Op1=[0x00000000] Op2=[0x00000000] W[W, 1= 0x00000000] [_,0x00000e93]  477     PC=(0x80000624,0x80000620,0x8000061c) [13, 19, 51], WB: DASM(000010b3)
Cyc=       501 Op1=[0x00000000] Op2=[0x0000002a] W[W,29= 0x00000000] [_,0x02a00193]  478     PC=(0x80000628,0x80000624,0x80000620) [63, 19, 19], WB: DASM(00000e93)
Cyc=       502 Op1=[0x00000000] Op2=[0x00000000] W[W, 3= 0x0000002a] [_,0x03d09263]  479     PC=(0x8000062c,0x80000628,0x80000624) [13, 99, 19], WB: DASM(02a00193)
Cyc=       503 Op1=[0x00000000] Op2=[0x00000400] W[_, 4= 0x00000000] [_,0x40000093]  480     PC=(0x80000630,0x8000062c,0x80000628) [37, 19, 99], WB: DASM(03d09263)
Cyc=       504 Op1=[0x00001000] Op2=[0x00000000] W[W, 1= 0x00000400] [_,0x00001137]  481     PC=(0x80000634,0x80000630,0x8000062c) [13, 55, 19], WB: DASM(40000093)
Cyc=       505 Op1=[0x00001000] Op2=[0xfffff800] W[W, 2= 0x00001000] [_,0x80010113]  482     PC=(0x80000638,0x80000634,0x80000630) [33, 19, 55], WB: DASM(00001137)
Cyc=       506 Op1=[0x00000400] Op2=[0x00000800] W[W, 2= 0x00000800] [_,0x00209033]  483     PC=(0x8000063c,0x80000638,0x80000634) [13, 51, 19], WB: DASM(80010113)
Cyc=       507 Op1=[0x00000000] Op2=[0x00000000] W[W, 0= 0x00000400] [_,0x00000e93]  484     PC=(0x80000640,0x8000063c,0x80000638) [13, 19, 51], WB: DASM(00209033)
Cyc=       508 Op1=[0x00000000] Op2=[0x0000002b] W[W,29= 0x00000000] [_,0x02b00193]  485     PC=(0x80000644,0x80000640,0x8000063c) [63, 19, 19], WB: DASM(00000e93)
Cyc=       509 Op1=[0x00000000] Op2=[0x00000000] W[W, 3= 0x0000002b] [_,0x01d01463]  486     PC=(0x80000648,0x80000644,0x80000640) [63, 99, 19], WB: DASM(02b00193)
Cyc=       510 Op1=[0x00000000] Op2=[0x0000002b] W[_, 8= 0x00000000] [_,0x00301c63]  487   B PC=(0x8000064c,0x80000648,0x80000644) [0f, 99, 99], WB: DASM(01d01463)
Cyc=       511 Op1=[0x00000000] Op2=[0x00000000] W[_,24= 0x0000002b] [_,0x0ff0000f]  488     PC=(0x80000660,0x8000064c,0x80000648) [0f, 51, 99], WB: DASM(00301c63)
Cyc=       512 Op1=[0x00000000] Op2=[0x00000000] W[_, 0= 0x00000000] [_,0x0ff0000f]  489     PC=(0x80000664,0x80000660,0x8000064c) [13, 15, 51], WB: DASM(00004033)
Cyc=       513 Op1=[0x00000000] Op2=[0x00000001] W[_, 0= 0x00000000] [_,0x00100193]  489     PC=(0x80000668,0x80000664,0x80000660) [73, 19, 15], WB: DASM(0ff0000f)
Cyc=       514 Op1=[0x00000000] Op2=[0x00000000] W[W, 3= 0x00000001] [_,0x00000073]  490     PC=(0x8000066c,0x80000668,0x80000664) [73,115, 19], WB: DASM(00100193)
Cyc=       515 Op1=[0x00000000] Op2=[0x00000000] W[_, 0= 0x00000000] [_,0xc0001073]  491   X PC=(0x80000670,0x8000066c,0x80000668) [00,115,115], WB: DASM(00000073)
Cyc=       516 Op1=[0x00000000] Op2=[0x00000000] W[_, 0= 0x00000000] [_,0x00000000]  492     PC=(0x80000004,0x80000670,0x8000066c) [73, 51, 51], WB: DASM(00004033)
Cyc=       517 Op1=[0x00000000] Op2=[0x00000800] W[_, 0= 0x00000000] [_,0x34202f73]  493     PC=(0x80000008,0x80000004,0x80000670) [13,115, 51], WB: DASM(00004033)
Cyc=       518 Op1=[0x00000000] Op2=[0x00000008] W[W,30= 0x0000000b] [_,0x00800f93]  493     PC=(0x8000000c,0x80000008,0x80000004) [63, 19,115], WB: DASM(34202f73)
Cyc=       519 Op1=[0x0000000b] Op2=[0x00000008] W[W,31= 0x00000008] [_,0x03ff0a63]  494     PC=(0x80000010,0x8000000c,0x80000008) [13, 99, 19], WB: DASM(00800f93)
Cyc=       520 Op1=[0x00000000] Op2=[0x00000009] W[_,20= 0x00000013] [_,0x00900f93]  495     PC=(0x80000014,0x80000010,0x8000000c) [63, 19, 99], WB: DASM(03ff0a63)
Cyc=       521 Op1=[0x0000000b] Op2=[0x00000009] W[W,31= 0x00000009] [_,0x03ff0663]  496     PC=(0x80000018,0x80000014,0x80000010) [13, 99, 19], WB: DASM(00900f93)
Cyc=       522 Op1=[0x00000000] Op2=[0x0000000b] W[_,12= 0x00000014] [_,0x00b00f93]  497     PC=(0x8000001c,0x80000018,0x80000014) [63, 19, 99], WB: DASM(03ff0663)
Cyc=       523 Op1=[0x0000000b] Op2=[0x0000000b] W[W,31= 0x0000000b] [_,0x03ff0263]  498   B PC=(0x80000020,0x8000001c,0x80000018) [17, 99, 19], WB: DASM(00b00f93)
Cyc=       524 Op1=[0x80000000] Op2=[0x80000020] W[_, 4= 0x00000016] [_,0x80000f17]  499     PC=(0x80000040,0x80000020,0x8000001c) [17, 51, 99], WB: DASM(03ff0263)
Cyc=       525 Op1=[0x00001000] Op2=[0x80000040] W[_,30= 0x00000020] [_,0x00001f17]  500     PC=(0x80000044,0x80000040,0x80000020) [23, 23, 51], WB: DASM(00004033)
Cyc=       526 Op1=[0x80001040] Op2=[0xffffffc0] W[W,30= 0x80001040] [_,0xfc3f2023]  500     PC=(0x80000048,0x80000044,0x80000040) [6f, 35, 23], WB: DASM(00001f17)
Cyc=       527 Op1=[0x0000000b] Op2=[0x00000000] W[_, 0= 0x80001000] [_,0xff9ff06f]  501   J PC=(0x8000004c,0x80000048,0x80000044) [73,111, 35], WB: DASM(fc3f2023)
Cyc=       528 Op1=[0x00000000] Op2=[0x00000000] W[W, 0= 0x8000004c] [_,0xf1402573]  502     PC=(0x80000040,0x8000004c,0x80000048) [17, 51,111], WB: DASM(ff9ff06f)
Cyc=       529 Op1=[0x00001000] Op2=[0x80000040] W[_,10= 0x00000000] [_,0x00001f17]  503     PC=(0x80000044,0x80000040,0x8000004c) [23, 23, 51], WB: DASM(00004033)
Cyc=       530 Op1=[0x80001040] Op2=[0xffffffc0] W[W,30= 0x80001040] [_,0xfc3f2023]  503     PC=(0x80000048,0x80000044,0x80000040) [6f, 35, 23], WB: DASM(00001f17)
Cyc=       531 Op1=[0x0000000b] Op2=[0x00000000] W[_, 0= 0x80001000] [_,0xff9ff06f]  504   J PC=(0x8000004c,0x80000048,0x80000044) [73,111, 35], WB: DASM(fc3f2023)
Cyc=       532 Op1=[0x00000000] Op2=[0x00000000] W[W, 0= 0x8000004c] [_,0xf1402573]  505     PC=(0x80000040,0x8000004c,0x80000048) [17, 51,111], WB: DASM(ff9ff06f)
Cyc=       533 Op1=[0x00001000] Op2=[0x80000040] W[_,10= 0x00000000] [_,0x00001f17]  506     PC=(0x80000044,0x80000040,0x8000004c) [23, 23, 51], WB: DASM(00004033)
Cyc=       534 Op1=[0x80001040] Op2=[0xffffffc0] W[W,30= 0x80001040] [_,0xfc3f2023]  506     PC=(0x80000048,0x80000044,0x80000040) [6f, 35, 23], WB: DASM(00001f17)
Cyc=       535 Op1=[0x0000000b] Op2=[0x00000000] W[_, 0= 0x80001000] [_,0xff9ff06f]  507   J PC=(0x8000004c,0x80000048,0x80000044) [73,111, 35], WB: DASM(fc3f2023)
Cyc=       536 Op1=[0x00000000] Op2=[0x00000000] W[W, 0= 0x8000004c] [_,0xf1402573]  508     PC=(0x80000040,0x8000004c,0x80000048) [17, 51,111], WB: DASM(ff9ff06f)
Cyc=       537 Op1=[0x00001000] Op2=[0x80000040] W[_,10= 0x00000000] [_,0x00001f17]  509     PC=(0x80000044,0x80000040,0x8000004c) [23, 23, 51], WB: DASM(00004033)
Cyc=       538 Op1=[0x80001040] Op2=[0xffffffc0] W[W,30= 0x80001040] [_,0xfc3f2023]  509     PC=(0x80000048,0x80000044,0x80000040) [6f, 35, 23], WB: DASM(00001f17)
Cyc=       539 Op1=[0x0000000b] Op2=[0x00000000] W[_, 0= 0x80001000] [_,0xff9ff06f]  510   J PC=(0x8000004c,0x80000048,0x80000044) [73,111, 35], WB: DASM(fc3f2023)
Cyc=       540 Op1=[0x00000000] Op2=[0x00000000] W[W, 0= 0x8000004c] [_,0xf1402573]  511     PC=(0x80000040,0x8000004c,0x80000048) [17, 51,111], WB: DASM(ff9ff06f)
Cyc=       541 Op1=[0x00001000] Op2=[0x80000040] W[_,10= 0x00000000] [_,0x00001f17]  512     PC=(0x80000044,0x80000040,0x8000004c) [23, 23, 51], WB: DASM(00004033)
Cyc=       542 Op1=[0x80001040] Op2=[0xffffffc0] W[W,30= 0x80001040] [_,0xfc3f2023]  512     PC=(0x80000048,0x80000044,0x80000040) [6f, 35, 23], WB: DASM(00001f17)
Cyc=       543 Op1=[0x0000000b] Op2=[0x00000000] W[_, 0= 0x80001000] [_,0xff9ff06f]  513   J PC=(0x8000004c,0x80000048,0x80000044) [73,111, 35], WB: DASM(fc3f2023)
Cyc=       544 Op1=[0x00000000] Op2=[0x00000000] W[W, 0= 0x8000004c] [_,0xf1402573]  514     PC=(0x80000040,0x8000004c,0x80000048) [17, 51,111], WB: DASM(ff9ff06f)
Cyc=       545 Op1=[0x00001000] Op2=[0x80000040] W[_,10= 0x00000000] [_,0x00001f17]  515     PC=(0x80000044,0x80000040,0x8000004c) [23, 23, 51], WB: DASM(00004033)
Cyc=       546 Op1=[0x80001040] Op2=[0xffffffc0] W[W,30= 0x80001040] [_,0xfc3f2023]  515     PC=(0x80000048,0x80000044,0x80000040) [6f, 35, 23], WB: DASM(00001f17)
Cyc=       547 Op1=[0x0000000b] Op2=[0x00000000] W[_, 0= 0x80001000] [_,0xff9ff06f]  516   J PC=(0x8000004c,0x80000048,0x80000044) [73,111, 35], WB: DASM(fc3f2023)
Cyc=       548 Op1=[0x00000000] Op2=[0x00000000] W[W, 0= 0x8000004c] [_,0xf1402573]  517     PC=(0x80000040,0x8000004c,0x80000048) [17, 51,111], WB: DASM(ff9ff06f)
Cyc=       549 Op1=[0x00001000] Op2=[0x80000040] W[_,10= 0x00000000] [_,0x00001f17]  518     PC=(0x80000044,0x80000040,0x8000004c) [23, 23, 51], WB: DASM(00004033)
Cyc=       550 Op1=[0x80001040] Op2=[0xffffffc0] W[W,30= 0x80001040] [_,0xfc3f2023]  518     PC=(0x80000048,0x80000044,0x80000040) [6f, 35, 23], WB: DASM(00001f17)
Cyc=       551 Op1=[0x0000000b] Op2=[0x00000000] W[_, 0= 0x80001000] [_,0xff9ff06f]  519   J PC=(0x8000004c,0x80000048,0x80000044) [73,111, 35], WB: DASM(fc3f2023)
Cyc=       552 Op1=[0x00000000] Op2=[0x00000000] W[W, 0= 0x8000004c] [_,0xf1402573]  520     PC=(0x80000040,0x8000004c,0x80000048) [17, 51,111], WB: DASM(ff9ff06f)
Cyc=       553 Op1=[0x00001000] Op2=[0x80000040] W[_,10= 0x00000000] [_,0x00001f17]  521     PC=(0x80000044,0x80000040,0x8000004c) [23, 23, 51], WB: DASM(00004033)
Cyc=       554 Op1=[0x80001040] Op2=[0xffffffc0] W[W,30= 0x80001040] [_,0xfc3f2023]  521     PC=(0x80000048,0x80000044,0x80000040) [6f, 35, 23], WB: DASM(00001f17)
Cyc=       555 Op1=[0x0000000b] Op2=[0x00000000] W[_, 0= 0x80001000] [_,0xff9ff06f]  522   J PC=(0x8000004c,0x80000048,0x80000044) [73,111, 35], WB: DASM(fc3f2023)
Cyc=       556 Op1=[0x00000000] Op2=[0x00000000] W[W, 0= 0x8000004c] [_,0xf1402573]  523     PC=(0x80000040,0x8000004c,0x80000048) [17, 51,111], WB: DASM(ff9ff06f)
Cyc=       557 Op1=[0x00001000] Op2=[0x80000040] W[_,10= 0x00000000] [_,0x00001f17]  524     PC=(0x80000044,0x80000040,0x8000004c) [23, 23, 51], WB: DASM(00004033)
*** PASSED ***
