Instantiated DTM.
Cyc=         0 Op1=[0x00000000] Op2=[0x00000000] W[_, 0= 0x7ffffffc] [_,0x04c0006f]    0   J PC=(0x7ffffffc,0x7ffffffc,0x7ffffffc) [6f, 51, 51], WB: DASM(00004033)
Cyc=         1 Op1=[0x00000000] Op2=[0x00000000] W[_, 0= 0x7ffffffc] [_,0x04c0006f]    0   J PC=(0x80000000,0x7ffffffc,0x7ffffffc) [6f, 51, 51], WB: DASM(00004033)
Cyc=         2 Op1=[0x00000000] Op2=[0x00000000] W[_, 0= 0x80000000] [_,0x04c0006f]    0   J PC=(0x80000004,0x80000000,0x7ffffffc) [73,111, 51], WB: DASM(00004033)
Cyc=         3 Op1=[0x00000000] Op2=[0x00000000] W[W, 0= 0x80000004] [_,0x34202f73]    0     PC=(0x8000004c,0x80000004,0x80000000) [73, 51,111], WB: DASM(04c0006f)
Cyc=         4 Op1=[0x00000000] Op2=[0x00000000] W[_,30= 0x00000000] [_,0xf1402573]    1     PC=(0x80000050,0x8000004c,0x80000004) [63,115, 51], WB: DASM(00004033)
Cyc=         5 Op1=[0x00000000] Op2=[0x00000000] W[W,10= 0x00000000] [_,0x00051063]    1 H   PC=(0x80000054,0x80000050,0x8000004c) [17, 99,115], WB: DASM(f1402573)
Cyc=         6 Op1=[0x00000000] Op2=[0x00000000] W[_, 0= 0x00000000] [_,0x00051063]    2     PC=(0x80000054,0x80000050,0x00000000) [17, 99, 51], WB: DASM(00004033)
Cyc=         7 Op1=[0x00000000] Op2=[0x80000054] W[_, 0= 0x00000000] [_,0x00000297]    2     PC=(0x80000058,0x80000054,0x80000050) [13, 23, 99], WB: DASM(00051063)
Cyc=         8 Op1=[0x80000054] Op2=[0x00000010] W[W, 5= 0x80000054] [_,0x01028293]    3     PC=(0x8000005c,0x80000058,0x80000054) [73, 19, 23], WB: DASM(00000297)
Cyc=         9 Op1=[0x80000064] Op2=[0x80000064] W[W, 5= 0x80000064] [_,0x30529073]    4     PC=(0x80000060,0x8000005c,0x80000058) [73,115, 19], WB: DASM(01028293)
Cyc=        10 Op1=[0x00000000] Op2=[0x00000000] W[W, 0= 0x00000100] [_,0x18005073]    5     PC=(0x80000064,0x80000060,0x8000005c) [17,115,115], WB: DASM(30529073)
Cyc=        11 Op1=[0x00000000] Op2=[0x80000064] W[W, 0= 0x00000000] [_,0x00000297]    6     PC=(0x80000068,0x80000064,0x80000060) [13, 23,115], WB: DASM(18005073)
Cyc=        12 Op1=[0x80000064] Op2=[0x0000001c] W[W, 5= 0x80000064] [_,0x01c28293]    7     PC=(0x8000006c,0x80000068,0x80000064) [73, 19, 23], WB: DASM(00000297)
Cyc=        13 Op1=[0x80000080] Op2=[0x80000080] W[W, 5= 0x80000080] [_,0x30529073]    8     PC=(0x80000070,0x8000006c,0x80000068) [13,115, 19], WB: DASM(01c28293)
Cyc=        14 Op1=[0x00000000] Op2=[0xffffffff] W[W, 0= 0x00000100] [_,0xfff00293]    9     PC=(0x80000074,0x80000070,0x8000006c) [73, 19,115], WB: DASM(30529073)
Cyc=        15 Op1=[0xffffffff] Op2=[0x00000000] W[W, 5= 0xffffffff] [_,0x3b029073]   10     PC=(0x80000078,0x80000074,0x80000070) [13,115, 19], WB: DASM(fff00293)
Cyc=        16 Op1=[0x00000000] Op2=[0x0000001f] W[W, 0= 0x00000000] [_,0x01f00293]   11     PC=(0x8000007c,0x80000078,0x80000074) [73, 19,115], WB: DASM(3b029073)
Cyc=        17 Op1=[0x0000001f] Op2=[0x00000000] W[W, 5= 0x0000001f] [_,0x3a029073]   12     PC=(0x80000080,0x8000007c,0x80000078) [17,115, 19], WB: DASM(01f00293)
Cyc=        18 Op1=[0x00000000] Op2=[0x80000080] W[W, 0= 0x00000000] [_,0x00000297]   13     PC=(0x80000084,0x80000080,0x8000007c) [13, 23,115], WB: DASM(3a029073)
Cyc=        19 Op1=[0x80000080] Op2=[0x00000018] W[W, 5= 0x80000080] [_,0x01828293]   14     PC=(0x80000088,0x80000084,0x80000080) [73, 19, 23], WB: DASM(00000297)
Cyc=        20 Op1=[0x80000098] Op2=[0x80000098] W[W, 5= 0x80000098] [_,0x30529073]   15     PC=(0x8000008c,0x80000088,0x80000084) [73,115, 19], WB: DASM(01828293)
Cyc=        21 Op1=[0x00000000] Op2=[0x00000000] W[W, 0= 0x00000100] [_,0x30205073]   16     PC=(0x80000090,0x8000008c,0x80000088) [73,115,115], WB: DASM(30529073)
Cyc=        22 Op1=[0x00000000] Op2=[0x00000000] W[W, 0= 0x00000000] [_,0x30305073]   17     PC=(0x80000094,0x80000090,0x8000008c) [73,115,115], WB: DASM(30205073)
Cyc=        23 Op1=[0x00000000] Op2=[0x00000000] W[W, 0= 0x00000000] [_,0x30405073]   18     PC=(0x80000098,0x80000094,0x80000090) [13,115,115], WB: DASM(30305073)
Cyc=        24 Op1=[0x00000000] Op2=[0x00000000] W[W, 0= 0x00000000] [_,0x00000193]   19     PC=(0x8000009c,0x80000098,0x80000094) [17, 19,115], WB: DASM(30405073)
Cyc=        25 Op1=[0x00000000] Op2=[0x8000009c] W[W, 3= 0x00000000] [_,0x00000297]   20     PC=(0x800000a0,0x8000009c,0x80000098) [13, 23, 19], WB: DASM(00000193)
Cyc=        26 Op1=[0x8000009c] Op2=[0xffffff68] W[W, 5= 0x8000009c] [_,0xf6828293]   21     PC=(0x800000a4,0x800000a0,0x8000009c) [73, 19, 23], WB: DASM(00000297)
Cyc=        27 Op1=[0x80000004] Op2=[0x80000004] W[W, 5= 0x80000004] [_,0x30529073]   22     PC=(0x800000a8,0x800000a4,0x800000a0) [13,115, 19], WB: DASM(f6828293)
Cyc=        28 Op1=[0x00000000] Op2=[0x00000001] W[W, 0= 0x00000100] [_,0x00100513]   23     PC=(0x800000ac,0x800000a8,0x800000a4) [13, 19,115], WB: DASM(30529073)
Cyc=        29 Op1=[0x00000001] Op2=[0x0000001f] W[W,10= 0x00000001] [_,0x01f51513]   24     PC=(0x800000b0,0x800000ac,0x800000a8) [63, 19, 19], WB: DASM(00100513)
Cyc=        30 Op1=[0x80000000] Op2=[0x00000000] W[W,10= 0x80000000] [_,0x00054863]   25   B PC=(0x800000b4,0x800000b0,0x800000ac) [0f, 99, 19], WB: DASM(01f51513)
Cyc=        31 Op1=[0x00000000] Op2=[0x00000000] W[_,16= 0x80000000] [_,0x0ff0000f]   26     PC=(0x800000c0,0x800000b4,0x800000b0) [17, 51, 99], WB: DASM(00054863)
Cyc=        32 Op1=[0x80000000] Op2=[0x800000c0] W[_, 0= 0x00000000] [_,0x80000297]   27     PC=(0x800000c4,0x800000c0,0x800000b4) [13, 23, 51], WB: DASM(00004033)
Cyc=        33 Op1=[0x000000c0] Op2=[0xffffff40] W[W, 5= 0x000000c0] [_,0xf4028293]   27     PC=(0x800000c8,0x800000c4,0x800000c0) [63, 19, 23], WB: DASM(80000297)
Cyc=        34 Op1=[0x00000000] Op2=[0x00000000] W[W, 5= 0x00000000] [_,0x00028e63]   28   B PC=(0x800000cc,0x800000c8,0x800000c4) [73, 99, 19], WB: DASM(f4028293)
Cyc=        35 Op1=[0x00000000] Op2=[0x00000000] W[_,28= 0x00000000] [_,0x10529073]   29     PC=(0x800000e4,0x800000cc,0x800000c8) [73, 51, 99], WB: DASM(00028e63)
Cyc=        36 Op1=[0x00000000] Op2=[0x00000000] W[_, 0= 0x00000000] [_,0x30005073]   30     PC=(0x800000e8,0x800000e4,0x800000cc) [17,115, 51], WB: DASM(00004033)
Cyc=        37 Op1=[0x00000000] Op2=[0x800000e8] W[W, 0= 0x00001800] [_,0x00000297]   30     PC=(0x800000ec,0x800000e8,0x800000e4) [13, 23,115], WB: DASM(30005073)
Cyc=        38 Op1=[0x800000e8] Op2=[0x00000014] W[W, 5= 0x800000e8] [_,0x01428293]   31     PC=(0x800000f0,0x800000ec,0x800000e8) [73, 19, 23], WB: DASM(00000297)
Cyc=        39 Op1=[0x800000fc] Op2=[0x00000000] W[W, 5= 0x800000fc] [_,0x34129073]   32     PC=(0x800000f4,0x800000f0,0x800000ec) [73,115, 19], WB: DASM(01428293)
Cyc=        40 Op1=[0x00000000] Op2=[0x00000000] W[W, 0= 0x00000000] [_,0xf1402573]   33     PC=(0x800000f8,0x800000f4,0x800000f0) [73,115,115], WB: DASM(34129073)
Cyc=        41 Op1=[0x00000000] Op2=[0x00000000] W[W,10= 0x00000000] [_,0x30200073]   34     PC=(0x800000fc,0x800000f8,0x800000f4) [13,115,115], WB: DASM(f1402573)
Cyc=        42 Op1=[0x00000000] Op2=[0x00000002] W[_, 0= 0x00000000] [_,0x00200193]   35   X PC=(0x80000100,0x800000fc,0x800000f8) [13, 19,115], WB: DASM(30200073)
Cyc=        43 Op1=[0x00000000] Op2=[0x00000000] W[_, 3= 0x00000002] [_,0x00000293]   36     PC=(0x800000fc,0x80000100,0x800000fc) [13, 51, 51], WB: DASM(00004033)
Cyc=        44 Op1=[0x00000000] Op2=[0x00000002] W[_, 5= 0x00000000] [_,0x00200193]   37     PC=(0x80000100,0x800000fc,0x80000100) [13, 19, 51], WB: DASM(00004033)
Cyc=        45 Op1=[0x00000000] Op2=[0x00000000] W[W, 3= 0x00000002] [_,0x00000293]   37     PC=(0x80000104,0x80000100,0x800000fc) [17, 19, 19], WB: DASM(00200193)
Cyc=        46 Op1=[0x00000000] Op2=[0x80000104] W[W, 5= 0x00000000] [_,0x00000317]   38     PC=(0x80000108,0x80000104,0x80000100) [13, 23, 19], WB: DASM(00000293)
Cyc=        47 Op1=[0x80000104] Op2=[0x00000010] W[W, 6= 0x80000104] [_,0x01030313]   39     PC=(0x8000010c,0x80000108,0x80000104) [67, 19, 23], WB: DASM(00000317)
Cyc=        48 Op1=[0x80000114] Op2=[0x00000000] W[W, 6= 0x80000114] [_,0x000302e7]   40   R PC=(0x80000110,0x8000010c,0x80000108) [6f,103, 19], WB: DASM(01030313)
Cyc=        49 Op1=[0x00000000] Op2=[0x00000000] W[W, 5= 0x80000110] [_,0x0c00006f]   41   J PC=(0x80000114,0x80000110,0x8000010c) [17, 51,103], WB: DASM(000302e7)
Cyc=        50 Op1=[0x00000000] Op2=[0x80000114] W[_, 0= 0x80000114] [_,0x00000317]   42     PC=(0x80000118,0x80000114,0x80000110) [13, 23, 51], WB: DASM(00004033)
Cyc=        51 Op1=[0x80000114] Op2=[0xfffffffc] W[W, 6= 0x80000114] [_,0xffc30313]   42     PC=(0x8000011c,0x80000118,0x80000114) [63, 19, 23], WB: DASM(00000317)
Cyc=        52 Op1=[0x80000110] Op2=[0x80000110] W[W, 6= 0x80000110] [_,0x0a629a63]   43     PC=(0x80000120,0x8000011c,0x80000118) [13, 99, 19], WB: DASM(ffc30313)
Cyc=        53 Op1=[0x00000000] Op2=[0x00000004] W[_,20= 0x00000220] [_,0x00400193]   44     PC=(0x80000124,0x80000120,0x8000011c) [13, 19, 99], WB: DASM(0a629a63)
Cyc=        54 Op1=[0x00000000] Op2=[0x00000000] W[W, 3= 0x00000004] [_,0x00000213]   45     PC=(0x80000128,0x80000124,0x80000120) [17, 19, 19], WB: DASM(00400193)
Cyc=        55 Op1=[0x00000000] Op2=[0x80000128] W[W, 4= 0x00000000] [_,0x00000317]   46     PC=(0x8000012c,0x80000128,0x80000124) [13, 23, 19], WB: DASM(00000213)
Cyc=        56 Op1=[0x80000128] Op2=[0x00000010] W[W, 6= 0x80000128] [_,0x01030313]   47     PC=(0x80000130,0x8000012c,0x80000128) [67, 19, 23], WB: DASM(00000317)
Cyc=        57 Op1=[0x80000138] Op2=[0x00000000] W[W, 6= 0x80000138] [_,0x000309e7]   48   R PC=(0x80000134,0x80000130,0x8000012c) [63,103, 19], WB: DASM(01030313)
Cyc=        58 Op1=[0x00000000] Op2=[0x00000004] W[W,19= 0x80000134] [_,0x08301e63]   49   B PC=(0x80000138,0x80000134,0x80000130) [13, 51,103], WB: DASM(000309e7)
Cyc=        59 Op1=[0x00000000] Op2=[0x00000001] W[_,28= 0x00000004] [_,0x00120213]   50     PC=(0x8000013c,0x80000138,0x80000134) [13, 19, 51], WB: DASM(00004033)
Cyc=        60 Op1=[0x00000000] Op2=[0x00000002] W[W, 4= 0x00000001] [_,0x00200293]   50     PC=(0x80000140,0x8000013c,0x80000138) [63, 19, 19], WB: DASM(00120213)
Cyc=        61 Op1=[0x00000001] Op2=[0x00000002] W[W, 5= 0x00000002] [_,0xfe5214e3]   51   B PC=(0x80000144,0x80000140,0x8000013c) [13, 99, 19], WB: DASM(00200293)
Cyc=        62 Op1=[0x00000000] Op2=[0x00000005] W[_, 9= 0x00000003] [_,0x00500193]   52     PC=(0x80000128,0x80000144,0x80000140) [17, 51, 99], WB: DASM(fe5214e3)
Cyc=        63 Op1=[0x00000000] Op2=[0x80000128] W[_, 3= 0x00000005] [_,0x00000317]   53     PC=(0x8000012c,0x80000128,0x80000144) [13, 23, 51], WB: DASM(00004033)
Cyc=        64 Op1=[0x80000128] Op2=[0x00000010] W[W, 6= 0x80000128] [_,0x01030313]   53     PC=(0x80000130,0x8000012c,0x80000128) [67, 19, 23], WB: DASM(00000317)
Cyc=        65 Op1=[0x80000138] Op2=[0x00000000] W[W, 6= 0x80000138] [_,0x000309e7]   54   R PC=(0x80000134,0x80000130,0x8000012c) [63,103, 19], WB: DASM(01030313)
Cyc=        66 Op1=[0x00000000] Op2=[0x00000004] W[W,19= 0x80000134] [_,0x08301e63]   55   B PC=(0x80000138,0x80000134,0x80000130) [13, 51,103], WB: DASM(000309e7)
Cyc=        67 Op1=[0x00000001] Op2=[0x00000001] W[_,28= 0x00000004] [_,0x00120213]   56     PC=(0x8000013c,0x80000138,0x80000134) [13, 19, 51], WB: DASM(00004033)
Cyc=        68 Op1=[0x00000000] Op2=[0x00000002] W[W, 4= 0x00000002] [_,0x00200293]   56     PC=(0x80000140,0x8000013c,0x80000138) [63, 19, 19], WB: DASM(00120213)
Cyc=        69 Op1=[0x00000002] Op2=[0x00000002] W[W, 5= 0x00000002] [_,0xfe5214e3]   57     PC=(0x80000144,0x80000140,0x8000013c) [13, 99, 19], WB: DASM(00200293)
Cyc=        70 Op1=[0x00000000] Op2=[0x00000005] W[_, 9= 0x00000004] [_,0x00500193]   58     PC=(0x80000148,0x80000144,0x80000140) [13, 19, 99], WB: DASM(fe5214e3)
Cyc=        71 Op1=[0x00000000] Op2=[0x00000000] W[W, 3= 0x00000005] [_,0x00000213]   59     PC=(0x8000014c,0x80000148,0x80000144) [17, 19, 19], WB: DASM(00500193)
Cyc=        72 Op1=[0x00000000] Op2=[0x8000014c] W[W, 4= 0x00000000] [_,0x00000317]   60     PC=(0x80000150,0x8000014c,0x80000148) [13, 23, 19], WB: DASM(00000213)
Cyc=        73 Op1=[0x8000014c] Op2=[0x00000014] W[W, 6= 0x8000014c] [_,0x01430313]   61     PC=(0x80000154,0x80000150,0x8000014c) [13, 19, 23], WB: DASM(00000317)
Cyc=        74 Op1=[0x00000000] Op2=[0x00000000] W[W, 6= 0x80000160] [_,0x00000013]   62     PC=(0x80000158,0x80000154,0x80000150) [67, 19, 19], WB: DASM(01430313)
Cyc=        75 Op1=[0x80000160] Op2=[0x00000000] W[W, 0= 0x00000000] [_,0x000309e7]   63   R PC=(0x8000015c,0x80000158,0x80000154) [63,103, 19], WB: DASM(00000013)
Cyc=        76 Op1=[0x00000000] Op2=[0x00000005] W[W,19= 0x8000015c] [_,0x06301a63]   64   B PC=(0x80000160,0x8000015c,0x80000158) [13, 51,103], WB: DASM(000309e7)
Cyc=        77 Op1=[0x00000000] Op2=[0x00000001] W[_,20= 0x00000005] [_,0x00120213]   65     PC=(0x80000164,0x80000160,0x8000015c) [13, 19, 51], WB: DASM(00004033)
Cyc=        78 Op1=[0x00000000] Op2=[0x00000002] W[W, 4= 0x00000001] [_,0x00200293]   65     PC=(0x80000168,0x80000164,0x80000160) [63, 19, 19], WB: DASM(00120213)
Cyc=        79 Op1=[0x00000001] Op2=[0x00000002] W[W, 5= 0x00000002] [_,0xfe5212e3]   66   B PC=(0x8000016c,0x80000168,0x80000164) [13, 99, 19], WB: DASM(00200293)
Cyc=        80 Op1=[0x00000000] Op2=[0x00000006] W[_, 5= 0x00000003] [_,0x00600193]   67     PC=(0x8000014c,0x8000016c,0x80000168) [17, 51, 99], WB: DASM(fe5212e3)
Cyc=        81 Op1=[0x00000000] Op2=[0x8000014c] W[_, 3= 0x00000006] [_,0x00000317]   68     PC=(0x80000150,0x8000014c,0x8000016c) [13, 23, 51], WB: DASM(00004033)
Cyc=        82 Op1=[0x8000014c] Op2=[0x00000014] W[W, 6= 0x8000014c] [_,0x01430313]   68     PC=(0x80000154,0x80000150,0x8000014c) [13, 19, 23], WB: DASM(00000317)
Cyc=        83 Op1=[0x00000000] Op2=[0x00000000] W[W, 6= 0x80000160] [_,0x00000013]   69     PC=(0x80000158,0x80000154,0x80000150) [67, 19, 19], WB: DASM(01430313)
Cyc=        84 Op1=[0x80000160] Op2=[0x00000000] W[W, 0= 0x00000000] [_,0x000309e7]   70   R PC=(0x8000015c,0x80000158,0x80000154) [63,103, 19], WB: DASM(00000013)
Cyc=        85 Op1=[0x00000000] Op2=[0x00000005] W[W,19= 0x8000015c] [_,0x06301a63]   71   B PC=(0x80000160,0x8000015c,0x80000158) [13, 51,103], WB: DASM(000309e7)
Cyc=        86 Op1=[0x00000001] Op2=[0x00000001] W[_,20= 0x00000005] [_,0x00120213]   72     PC=(0x80000164,0x80000160,0x8000015c) [13, 19, 51], WB: DASM(00004033)
Cyc=        87 Op1=[0x00000000] Op2=[0x00000002] W[W, 4= 0x00000002] [_,0x00200293]   72     PC=(0x80000168,0x80000164,0x80000160) [63, 19, 19], WB: DASM(00120213)
Cyc=        88 Op1=[0x00000002] Op2=[0x00000002] W[W, 5= 0x00000002] [_,0xfe5212e3]   73     PC=(0x8000016c,0x80000168,0x80000164) [13, 99, 19], WB: DASM(00200293)
Cyc=        89 Op1=[0x00000000] Op2=[0x00000006] W[_, 5= 0x00000004] [_,0x00600193]   74     PC=(0x80000170,0x8000016c,0x80000168) [13, 19, 99], WB: DASM(fe5212e3)
Cyc=        90 Op1=[0x00000000] Op2=[0x00000000] W[W, 3= 0x00000006] [_,0x00000213]   75     PC=(0x80000174,0x80000170,0x8000016c) [17, 19, 19], WB: DASM(00600193)
Cyc=        91 Op1=[0x00000000] Op2=[0x80000174] W[W, 4= 0x00000000] [_,0x00000317]   76     PC=(0x80000178,0x80000174,0x80000170) [13, 23, 19], WB: DASM(00000213)
Cyc=        92 Op1=[0x80000174] Op2=[0x00000018] W[W, 6= 0x80000174] [_,0x01830313]   77     PC=(0x8000017c,0x80000178,0x80000174) [13, 19, 23], WB: DASM(00000317)
Cyc=        93 Op1=[0x00000000] Op2=[0x00000000] W[W, 6= 0x8000018c] [_,0x00000013]   78     PC=(0x80000180,0x8000017c,0x80000178) [13, 19, 19], WB: DASM(01830313)
Cyc=        94 Op1=[0x00000000] Op2=[0x00000000] W[W, 0= 0x00000000] [_,0x00000013]   79     PC=(0x80000184,0x80000180,0x8000017c) [67, 19, 19], WB: DASM(00000013)
Cyc=        95 Op1=[0x8000018c] Op2=[0x00000000] W[W, 0= 0x00000000] [_,0x000309e7]   80   R PC=(0x80000188,0x80000184,0x80000180) [63,103, 19], WB: DASM(00000013)
Cyc=        96 Op1=[0x00000000] Op2=[0x00000006] W[W,19= 0x80000188] [_,0x04301463]   81   B PC=(0x8000018c,0x80000188,0x80000184) [13, 51,103], WB: DASM(000309e7)
Cyc=        97 Op1=[0x00000000] Op2=[0x00000001] W[_, 8= 0x00000006] [_,0x00120213]   82     PC=(0x80000190,0x8000018c,0x80000188) [13, 19, 51], WB: DASM(00004033)
Cyc=        98 Op1=[0x00000000] Op2=[0x00000002] W[W, 4= 0x00000001] [_,0x00200293]   82     PC=(0x80000194,0x80000190,0x8000018c) [63, 19, 19], WB: DASM(00120213)
Cyc=        99 Op1=[0x00000001] Op2=[0x00000002] W[W, 5= 0x00000002] [_,0xfe5210e3]   83   B PC=(0x80000198,0x80000194,0x80000190) [13, 99, 19], WB: DASM(00200293)
Cyc=       100 Op1=[0x00000000] Op2=[0x00000001] W[_, 1= 0x00000003] [_,0x00100293]   84     PC=(0x80000174,0x80000198,0x80000194) [17, 51, 99], WB: DASM(fe5210e3)
Cyc=       101 Op1=[0x00000000] Op2=[0x80000174] W[_, 5= 0x00000001] [_,0x00000317]   85     PC=(0x80000178,0x80000174,0x80000198) [13, 23, 51], WB: DASM(00004033)
Cyc=       102 Op1=[0x80000174] Op2=[0x00000018] W[W, 6= 0x80000174] [_,0x01830313]   85     PC=(0x8000017c,0x80000178,0x80000174) [13, 19, 23], WB: DASM(00000317)
Cyc=       103 Op1=[0x00000000] Op2=[0x00000000] W[W, 6= 0x8000018c] [_,0x00000013]   86     PC=(0x80000180,0x8000017c,0x80000178) [13, 19, 19], WB: DASM(01830313)
Cyc=       104 Op1=[0x00000000] Op2=[0x00000000] W[W, 0= 0x00000000] [_,0x00000013]   87     PC=(0x80000184,0x80000180,0x8000017c) [67, 19, 19], WB: DASM(00000013)
Cyc=       105 Op1=[0x8000018c] Op2=[0x00000000] W[W, 0= 0x00000000] [_,0x000309e7]   88   R PC=(0x80000188,0x80000184,0x80000180) [63,103, 19], WB: DASM(00000013)
Cyc=       106 Op1=[0x00000000] Op2=[0x00000006] W[W,19= 0x80000188] [_,0x04301463]   89   B PC=(0x8000018c,0x80000188,0x80000184) [13, 51,103], WB: DASM(000309e7)
Cyc=       107 Op1=[0x00000001] Op2=[0x00000001] W[_, 8= 0x00000006] [_,0x00120213]   90     PC=(0x80000190,0x8000018c,0x80000188) [13, 19, 51], WB: DASM(00004033)
Cyc=       108 Op1=[0x00000000] Op2=[0x00000002] W[W, 4= 0x00000002] [_,0x00200293]   90     PC=(0x80000194,0x80000190,0x8000018c) [63, 19, 19], WB: DASM(00120213)
Cyc=       109 Op1=[0x00000002] Op2=[0x00000002] W[W, 5= 0x00000002] [_,0xfe5210e3]   91     PC=(0x80000198,0x80000194,0x80000190) [13, 99, 19], WB: DASM(00200293)
Cyc=       110 Op1=[0x00000000] Op2=[0x00000001] W[_, 1= 0x00000004] [_,0x00100293]   92     PC=(0x8000019c,0x80000198,0x80000194) [17, 19, 99], WB: DASM(fe5210e3)
Cyc=       111 Op1=[0x00000000] Op2=[0x8000019c] W[W, 5= 0x00000001] [_,0x00000317]   93     PC=(0x800001a0,0x8000019c,0x80000198) [13, 23, 19], WB: DASM(00100293)
Cyc=       112 Op1=[0x8000019c] Op2=[0x0000001c] W[W, 6= 0x8000019c] [_,0x01c30313]   94     PC=(0x800001a4,0x800001a0,0x8000019c) [67, 19, 23], WB: DASM(00000317)
Cyc=       113 Op1=[0x800001b8] Op2=[0xfffffffc] W[W, 6= 0x800001b8] [_,0xffc30067]   95   R PC=(0x800001a8,0x800001a4,0x800001a0) [13,103, 19], WB: DASM(01c30313)
Cyc=       114 Op1=[0x00000001] Op2=[0x00000001] W[W, 0= 0x800001a8] [_,0x00128293]   96     PC=(0x800001b4,0x800001a8,0x800001a4) [13, 51,103], WB: DASM(ffc30067)
Cyc=       115 Op1=[0x00000001] Op2=[0x00000001] W[_, 5= 0x00000002] [_,0x00128293]   97     PC=(0x800001b8,0x800001b4,0x800001a8) [13, 19, 51], WB: DASM(00004033)
Cyc=       116 Op1=[0x00000002] Op2=[0x00000001] W[W, 5= 0x00000002] [_,0x00128293]   97     PC=(0x800001bc,0x800001b8,0x800001b4) [13, 19, 19], WB: DASM(00128293)
Cyc=       117 Op1=[0x00000003] Op2=[0x00000001] W[W, 5= 0x00000003] [_,0x00128293]   98     PC=(0x800001c0,0x800001bc,0x800001b8) [13, 19, 19], WB: DASM(00128293)
Cyc=       118 Op1=[0x00000000] Op2=[0x00000004] W[W, 5= 0x00000004] [_,0x00400e93]   99     PC=(0x800001c4,0x800001c0,0x800001bc) [13, 19, 19], WB: DASM(00128293)
Cyc=       119 Op1=[0x00000000] Op2=[0x00000007] W[W,29= 0x00000004] [_,0x00700193]  100     PC=(0x800001c8,0x800001c4,0x800001c0) [63, 19, 19], WB: DASM(00400e93)
Cyc=       120 Op1=[0x00000004] Op2=[0x00000004] W[W, 3= 0x00000007] [_,0x01d29463]  101     PC=(0x800001cc,0x800001c8,0x800001c4) [63, 99, 19], WB: DASM(00700193)
Cyc=       121 Op1=[0x00000000] Op2=[0x00000007] W[_, 8= 0x00000008] [_,0x00301c63]  102   B PC=(0x800001d0,0x800001cc,0x800001c8) [0f, 99, 99], WB: DASM(01d29463)
Cyc=       122 Op1=[0x00000000] Op2=[0x00000000] W[_,24= 0x00000007] [_,0x0ff0000f]  103     PC=(0x800001e4,0x800001d0,0x800001cc) [0f, 51, 99], WB: DASM(00301c63)
Cyc=       123 Op1=[0x00000000] Op2=[0x00000000] W[_, 0= 0x00000000] [_,0x0ff0000f]  104     PC=(0x800001e8,0x800001e4,0x800001d0) [13, 15, 51], WB: DASM(00004033)
Cyc=       124 Op1=[0x00000000] Op2=[0x00000001] W[_, 0= 0x00000000] [_,0x00100193]  104     PC=(0x800001ec,0x800001e8,0x800001e4) [73, 19, 15], WB: DASM(0ff0000f)
Cyc=       125 Op1=[0x00000000] Op2=[0x00000000] W[W, 3= 0x00000001] [_,0x00000073]  105     PC=(0x800001f0,0x800001ec,0x800001e8) [73,115, 19], WB: DASM(00100193)
Cyc=       126 Op1=[0x00000000] Op2=[0x00000000] W[_, 0= 0x00000000] [_,0xc0001073]  106   X PC=(0x800001f4,0x800001f0,0x800001ec) [00,115,115], WB: DASM(00000073)
Cyc=       127 Op1=[0x00000000] Op2=[0x00000000] W[_, 0= 0x00000000] [_,0x00000000]  107     PC=(0x80000004,0x800001f4,0x800001f0) [73, 51, 51], WB: DASM(00004033)
Cyc=       128 Op1=[0x00000000] Op2=[0x00000000] W[_, 0= 0x00000000] [_,0x34202f73]  108     PC=(0x80000008,0x80000004,0x800001f4) [13,115, 51], WB: DASM(00004033)
Cyc=       129 Op1=[0x00000000] Op2=[0x00000008] W[W,30= 0x0000000b] [_,0x00800f93]  108     PC=(0x8000000c,0x80000008,0x80000004) [63, 19,115], WB: DASM(34202f73)
Cyc=       130 Op1=[0x0000000b] Op2=[0x00000008] W[W,31= 0x00000008] [_,0x03ff0a63]  109     PC=(0x80000010,0x8000000c,0x80000008) [13, 99, 19], WB: DASM(00800f93)
Cyc=       131 Op1=[0x00000000] Op2=[0x00000009] W[_,20= 0x00000013] [_,0x00900f93]  110     PC=(0x80000014,0x80000010,0x8000000c) [63, 19, 99], WB: DASM(03ff0a63)
Cyc=       132 Op1=[0x0000000b] Op2=[0x00000009] W[W,31= 0x00000009] [_,0x03ff0663]  111     PC=(0x80000018,0x80000014,0x80000010) [13, 99, 19], WB: DASM(00900f93)
Cyc=       133 Op1=[0x00000000] Op2=[0x0000000b] W[_,12= 0x00000014] [_,0x00b00f93]  112     PC=(0x8000001c,0x80000018,0x80000014) [63, 19, 99], WB: DASM(03ff0663)
Cyc=       134 Op1=[0x0000000b] Op2=[0x0000000b] W[W,31= 0x0000000b] [_,0x03ff0263]  113   B PC=(0x80000020,0x8000001c,0x80000018) [17, 99, 19], WB: DASM(00b00f93)
Cyc=       135 Op1=[0x80000000] Op2=[0x80000020] W[_, 4= 0x00000016] [_,0x80000f17]  114     PC=(0x80000040,0x80000020,0x8000001c) [17, 51, 99], WB: DASM(03ff0263)
Cyc=       136 Op1=[0x00001000] Op2=[0x80000040] W[_,30= 0x00000020] [_,0x00001f17]  115     PC=(0x80000044,0x80000040,0x80000020) [23, 23, 51], WB: DASM(00004033)
Cyc=       137 Op1=[0x80001040] Op2=[0xffffffc0] W[W,30= 0x80001040] [_,0xfc3f2023]  115     PC=(0x80000048,0x80000044,0x80000040) [6f, 35, 23], WB: DASM(00001f17)
Cyc=       138 Op1=[0x0000000b] Op2=[0x00000000] W[_, 0= 0x80001000] [_,0xff9ff06f]  116   J PC=(0x8000004c,0x80000048,0x80000044) [73,111, 35], WB: DASM(fc3f2023)
Cyc=       139 Op1=[0x00000000] Op2=[0x00000000] W[W, 0= 0x8000004c] [_,0xf1402573]  117     PC=(0x80000040,0x8000004c,0x80000048) [17, 51,111], WB: DASM(ff9ff06f)
Cyc=       140 Op1=[0x00001000] Op2=[0x80000040] W[_,10= 0x00000000] [_,0x00001f17]  118     PC=(0x80000044,0x80000040,0x8000004c) [23, 23, 51], WB: DASM(00004033)
Cyc=       141 Op1=[0x80001040] Op2=[0xffffffc0] W[W,30= 0x80001040] [_,0xfc3f2023]  118     PC=(0x80000048,0x80000044,0x80000040) [6f, 35, 23], WB: DASM(00001f17)
Cyc=       142 Op1=[0x0000000b] Op2=[0x00000000] W[_, 0= 0x80001000] [_,0xff9ff06f]  119   J PC=(0x8000004c,0x80000048,0x80000044) [73,111, 35], WB: DASM(fc3f2023)
Cyc=       143 Op1=[0x00000000] Op2=[0x00000000] W[W, 0= 0x8000004c] [_,0xf1402573]  120     PC=(0x80000040,0x8000004c,0x80000048) [17, 51,111], WB: DASM(ff9ff06f)
Cyc=       144 Op1=[0x00001000] Op2=[0x80000040] W[_,10= 0x00000000] [_,0x00001f17]  121     PC=(0x80000044,0x80000040,0x8000004c) [23, 23, 51], WB: DASM(00004033)
Cyc=       145 Op1=[0x80001040] Op2=[0xffffffc0] W[W,30= 0x80001040] [_,0xfc3f2023]  121     PC=(0x80000048,0x80000044,0x80000040) [6f, 35, 23], WB: DASM(00001f17)
Cyc=       146 Op1=[0x0000000b] Op2=[0x00000000] W[_, 0= 0x80001000] [_,0xff9ff06f]  122   J PC=(0x8000004c,0x80000048,0x80000044) [73,111, 35], WB: DASM(fc3f2023)
Cyc=       147 Op1=[0x00000000] Op2=[0x00000000] W[W, 0= 0x8000004c] [_,0xf1402573]  123     PC=(0x80000040,0x8000004c,0x80000048) [17, 51,111], WB: DASM(ff9ff06f)
Cyc=       148 Op1=[0x00001000] Op2=[0x80000040] W[_,10= 0x00000000] [_,0x00001f17]  124     PC=(0x80000044,0x80000040,0x8000004c) [23, 23, 51], WB: DASM(00004033)
Cyc=       149 Op1=[0x80001040] Op2=[0xffffffc0] W[W,30= 0x80001040] [_,0xfc3f2023]  124     PC=(0x80000048,0x80000044,0x80000040) [6f, 35, 23], WB: DASM(00001f17)
Cyc=       150 Op1=[0x0000000b] Op2=[0x00000000] W[_, 0= 0x80001000] [_,0xff9ff06f]  125   J PC=(0x8000004c,0x80000048,0x80000044) [73,111, 35], WB: DASM(fc3f2023)
Cyc=       151 Op1=[0x00000000] Op2=[0x00000000] W[W, 0= 0x8000004c] [_,0xf1402573]  126     PC=(0x80000040,0x8000004c,0x80000048) [17, 51,111], WB: DASM(ff9ff06f)
Cyc=       152 Op1=[0x00001000] Op2=[0x80000040] W[_,10= 0x00000000] [_,0x00001f17]  127     PC=(0x80000044,0x80000040,0x8000004c) [23, 23, 51], WB: DASM(00004033)
Cyc=       153 Op1=[0x80001040] Op2=[0xffffffc0] W[W,30= 0x80001040] [_,0xfc3f2023]  127     PC=(0x80000048,0x80000044,0x80000040) [6f, 35, 23], WB: DASM(00001f17)
Cyc=       154 Op1=[0x0000000b] Op2=[0x00000000] W[_, 0= 0x80001000] [_,0xff9ff06f]  128   J PC=(0x8000004c,0x80000048,0x80000044) [73,111, 35], WB: DASM(fc3f2023)
Cyc=       155 Op1=[0x00000000] Op2=[0x00000000] W[W, 0= 0x8000004c] [_,0xf1402573]  129     PC=(0x80000040,0x8000004c,0x80000048) [17, 51,111], WB: DASM(ff9ff06f)
Cyc=       156 Op1=[0x00001000] Op2=[0x80000040] W[_,10= 0x00000000] [_,0x00001f17]  130     PC=(0x80000044,0x80000040,0x8000004c) [23, 23, 51], WB: DASM(00004033)
Cyc=       157 Op1=[0x80001040] Op2=[0xffffffc0] W[W,30= 0x80001040] [_,0xfc3f2023]  130     PC=(0x80000048,0x80000044,0x80000040) [6f, 35, 23], WB: DASM(00001f17)
Cyc=       158 Op1=[0x0000000b] Op2=[0x00000000] W[_, 0= 0x80001000] [_,0xff9ff06f]  131   J PC=(0x8000004c,0x80000048,0x80000044) [73,111, 35], WB: DASM(fc3f2023)
Cyc=       159 Op1=[0x00000000] Op2=[0x00000000] W[W, 0= 0x8000004c] [_,0xf1402573]  132     PC=(0x80000040,0x8000004c,0x80000048) [17, 51,111], WB: DASM(ff9ff06f)
Cyc=       160 Op1=[0x00001000] Op2=[0x80000040] W[_,10= 0x00000000] [_,0x00001f17]  133     PC=(0x80000044,0x80000040,0x8000004c) [23, 23, 51], WB: DASM(00004033)
Cyc=       161 Op1=[0x80001040] Op2=[0xffffffc0] W[W,30= 0x80001040] [_,0xfc3f2023]  133     PC=(0x80000048,0x80000044,0x80000040) [6f, 35, 23], WB: DASM(00001f17)
Cyc=       162 Op1=[0x0000000b] Op2=[0x00000000] W[_, 0= 0x80001000] [_,0xff9ff06f]  134   J PC=(0x8000004c,0x80000048,0x80000044) [73,111, 35], WB: DASM(fc3f2023)
Cyc=       163 Op1=[0x00000000] Op2=[0x00000000] W[W, 0= 0x8000004c] [_,0xf1402573]  135     PC=(0x80000040,0x8000004c,0x80000048) [17, 51,111], WB: DASM(ff9ff06f)
Cyc=       164 Op1=[0x00001000] Op2=[0x80000040] W[_,10= 0x00000000] [_,0x00001f17]  136     PC=(0x80000044,0x80000040,0x8000004c) [23, 23, 51], WB: DASM(00004033)
Cyc=       165 Op1=[0x80001040] Op2=[0xffffffc0] W[W,30= 0x80001040] [_,0xfc3f2023]  136     PC=(0x80000048,0x80000044,0x80000040) [6f, 35, 23], WB: DASM(00001f17)
Cyc=       166 Op1=[0x0000000b] Op2=[0x00000000] W[_, 0= 0x80001000] [_,0xff9ff06f]  137   J PC=(0x8000004c,0x80000048,0x80000044) [73,111, 35], WB: DASM(fc3f2023)
Cyc=       167 Op1=[0x00000000] Op2=[0x00000000] W[W, 0= 0x8000004c] [_,0xf1402573]  138     PC=(0x80000040,0x8000004c,0x80000048) [17, 51,111], WB: DASM(ff9ff06f)
*** PASSED ***
