Instantiated DTM.
Cyc=         0 Op1=[0x00000000] Op2=[0x00000000] W[_, 0= 0x7ffffffc] [_,0x04c0006f]    0   J PC=(0x7ffffffc,0x7ffffffc,0x7ffffffc) [6f, 51, 51], WB: DASM(00004033)
Cyc=         1 Op1=[0x00000000] Op2=[0x00000000] W[_, 0= 0x7ffffffc] [_,0x04c0006f]    0   J PC=(0x80000000,0x7ffffffc,0x7ffffffc) [6f, 51, 51], WB: DASM(00004033)
Cyc=         2 Op1=[0x00000000] Op2=[0x00000000] W[_, 0= 0x80000000] [_,0x04c0006f]    0   J PC=(0x80000004,0x80000000,0x7ffffffc) [73,111, 51], WB: DASM(00004033)
Cyc=         3 Op1=[0x00000000] Op2=[0x00000000] W[W, 0= 0x80000004] [_,0x34202f73]    0     PC=(0x8000004c,0x80000004,0x80000000) [73, 51,111], WB: DASM(04c0006f)
Cyc=         4 Op1=[0x00000000] Op2=[0x00000000] W[_,30= 0x00000000] [_,0xf1402573]    1     PC=(0x80000050,0x8000004c,0x80000004) [63,115, 51], WB: DASM(00004033)
Cyc=         5 Op1=[0x00000000] Op2=[0x00000000] W[W,10= 0x00000000] [_,0x00051063]    1 H   PC=(0x80000054,0x80000050,0x8000004c) [17, 99,115], WB: DASM(f1402573)
Cyc=         6 Op1=[0x00000000] Op2=[0x00000000] W[_, 0= 0x00000000] [_,0x00051063]    2     PC=(0x80000054,0x80000050,0x00000000) [17, 99, 51], WB: DASM(00004033)
Cyc=         7 Op1=[0x00000000] Op2=[0x80000054] W[_, 0= 0x00000000] [_,0x00000297]    2     PC=(0x80000058,0x80000054,0x80000050) [13, 23, 99], WB: DASM(00051063)
Cyc=         8 Op1=[0x80000054] Op2=[0x00000010] W[W, 5= 0x80000054] [_,0x01028293]    3     PC=(0x8000005c,0x80000058,0x80000054) [73, 19, 23], WB: DASM(00000297)
Cyc=         9 Op1=[0x80000064] Op2=[0x80000064] W[W, 5= 0x80000064] [_,0x30529073]    4     PC=(0x80000060,0x8000005c,0x80000058) [73,115, 19], WB: DASM(01028293)
Cyc=        10 Op1=[0x00000000] Op2=[0x00000000] W[W, 0= 0x00000100] [_,0x18005073]    5     PC=(0x80000064,0x80000060,0x8000005c) [17,115,115], WB: DASM(30529073)
Cyc=        11 Op1=[0x00000000] Op2=[0x80000064] W[W, 0= 0x00000000] [_,0x00000297]    6     PC=(0x80000068,0x80000064,0x80000060) [13, 23,115], WB: DASM(18005073)
Cyc=        12 Op1=[0x80000064] Op2=[0x0000001c] W[W, 5= 0x80000064] [_,0x01c28293]    7     PC=(0x8000006c,0x80000068,0x80000064) [73, 19, 23], WB: DASM(00000297)
Cyc=        13 Op1=[0x80000080] Op2=[0x80000080] W[W, 5= 0x80000080] [_,0x30529073]    8     PC=(0x80000070,0x8000006c,0x80000068) [13,115, 19], WB: DASM(01c28293)
Cyc=        14 Op1=[0x00000000] Op2=[0xffffffff] W[W, 0= 0x00000100] [_,0xfff00293]    9     PC=(0x80000074,0x80000070,0x8000006c) [73, 19,115], WB: DASM(30529073)
Cyc=        15 Op1=[0xffffffff] Op2=[0x00000000] W[W, 5= 0xffffffff] [_,0x3b029073]   10     PC=(0x80000078,0x80000074,0x80000070) [13,115, 19], WB: DASM(fff00293)
Cyc=        16 Op1=[0x00000000] Op2=[0x0000001f] W[W, 0= 0x00000000] [_,0x01f00293]   11     PC=(0x8000007c,0x80000078,0x80000074) [73, 19,115], WB: DASM(3b029073)
Cyc=        17 Op1=[0x0000001f] Op2=[0x00000000] W[W, 5= 0x0000001f] [_,0x3a029073]   12     PC=(0x80000080,0x8000007c,0x80000078) [17,115, 19], WB: DASM(01f00293)
Cyc=        18 Op1=[0x00000000] Op2=[0x80000080] W[W, 0= 0x00000000] [_,0x00000297]   13     PC=(0x80000084,0x80000080,0x8000007c) [13, 23,115], WB: DASM(3a029073)
Cyc=        19 Op1=[0x80000080] Op2=[0x00000018] W[W, 5= 0x80000080] [_,0x01828293]   14     PC=(0x80000088,0x80000084,0x80000080) [73, 19, 23], WB: DASM(00000297)
Cyc=        20 Op1=[0x80000098] Op2=[0x80000098] W[W, 5= 0x80000098] [_,0x30529073]   15     PC=(0x8000008c,0x80000088,0x80000084) [73,115, 19], WB: DASM(01828293)
Cyc=        21 Op1=[0x00000000] Op2=[0x00000000] W[W, 0= 0x00000100] [_,0x30205073]   16     PC=(0x80000090,0x8000008c,0x80000088) [73,115,115], WB: DASM(30529073)
Cyc=        22 Op1=[0x00000000] Op2=[0x00000000] W[W, 0= 0x00000000] [_,0x30305073]   17     PC=(0x80000094,0x80000090,0x8000008c) [73,115,115], WB: DASM(30205073)
Cyc=        23 Op1=[0x00000000] Op2=[0x00000000] W[W, 0= 0x00000000] [_,0x30405073]   18     PC=(0x80000098,0x80000094,0x80000090) [13,115,115], WB: DASM(30305073)
Cyc=        24 Op1=[0x00000000] Op2=[0x00000000] W[W, 0= 0x00000000] [_,0x00000193]   19     PC=(0x8000009c,0x80000098,0x80000094) [17, 19,115], WB: DASM(30405073)
Cyc=        25 Op1=[0x00000000] Op2=[0x8000009c] W[W, 3= 0x00000000] [_,0x00000297]   20     PC=(0x800000a0,0x8000009c,0x80000098) [13, 23, 19], WB: DASM(00000193)
Cyc=        26 Op1=[0x8000009c] Op2=[0xffffff68] W[W, 5= 0x8000009c] [_,0xf6828293]   21     PC=(0x800000a4,0x800000a0,0x8000009c) [73, 19, 23], WB: DASM(00000297)
Cyc=        27 Op1=[0x80000004] Op2=[0x80000004] W[W, 5= 0x80000004] [_,0x30529073]   22     PC=(0x800000a8,0x800000a4,0x800000a0) [13,115, 19], WB: DASM(f6828293)
Cyc=        28 Op1=[0x00000000] Op2=[0x00000001] W[W, 0= 0x00000100] [_,0x00100513]   23     PC=(0x800000ac,0x800000a8,0x800000a4) [13, 19,115], WB: DASM(30529073)
Cyc=        29 Op1=[0x00000001] Op2=[0x0000001f] W[W,10= 0x00000001] [_,0x01f51513]   24     PC=(0x800000b0,0x800000ac,0x800000a8) [63, 19, 19], WB: DASM(00100513)
Cyc=        30 Op1=[0x80000000] Op2=[0x00000000] W[W,10= 0x80000000] [_,0x00054863]   25   B PC=(0x800000b4,0x800000b0,0x800000ac) [0f, 99, 19], WB: DASM(01f51513)
Cyc=        31 Op1=[0x00000000] Op2=[0x00000000] W[_,16= 0x80000000] [_,0x0ff0000f]   26     PC=(0x800000c0,0x800000b4,0x800000b0) [17, 51, 99], WB: DASM(00054863)
Cyc=        32 Op1=[0x80000000] Op2=[0x800000c0] W[_, 0= 0x00000000] [_,0x80000297]   27     PC=(0x800000c4,0x800000c0,0x800000b4) [13, 23, 51], WB: DASM(00004033)
Cyc=        33 Op1=[0x000000c0] Op2=[0xffffff40] W[W, 5= 0x000000c0] [_,0xf4028293]   27     PC=(0x800000c8,0x800000c4,0x800000c0) [63, 19, 23], WB: DASM(80000297)
Cyc=        34 Op1=[0x00000000] Op2=[0x00000000] W[W, 5= 0x00000000] [_,0x00028e63]   28   B PC=(0x800000cc,0x800000c8,0x800000c4) [73, 99, 19], WB: DASM(f4028293)
Cyc=        35 Op1=[0x00000000] Op2=[0x00000000] W[_,28= 0x00000000] [_,0x10529073]   29     PC=(0x800000e4,0x800000cc,0x800000c8) [73, 51, 99], WB: DASM(00028e63)
Cyc=        36 Op1=[0x00000000] Op2=[0x00000000] W[_, 0= 0x00000000] [_,0x30005073]   30     PC=(0x800000e8,0x800000e4,0x800000cc) [17,115, 51], WB: DASM(00004033)
Cyc=        37 Op1=[0x00000000] Op2=[0x800000e8] W[W, 0= 0x00001800] [_,0x00000297]   30     PC=(0x800000ec,0x800000e8,0x800000e4) [13, 23,115], WB: DASM(30005073)
Cyc=        38 Op1=[0x800000e8] Op2=[0x00000014] W[W, 5= 0x800000e8] [_,0x01428293]   31     PC=(0x800000f0,0x800000ec,0x800000e8) [73, 19, 23], WB: DASM(00000297)
Cyc=        39 Op1=[0x800000fc] Op2=[0x00000000] W[W, 5= 0x800000fc] [_,0x34129073]   32     PC=(0x800000f4,0x800000f0,0x800000ec) [73,115, 19], WB: DASM(01428293)
Cyc=        40 Op1=[0x00000000] Op2=[0x00000000] W[W, 0= 0x00000000] [_,0xf1402573]   33     PC=(0x800000f8,0x800000f4,0x800000f0) [73,115,115], WB: DASM(34129073)
Cyc=        41 Op1=[0x00000000] Op2=[0x00000000] W[W,10= 0x00000000] [_,0x30200073]   34     PC=(0x800000fc,0x800000f8,0x800000f4) [17,115,115], WB: DASM(f1402573)
Cyc=        42 Op1=[0x00002000] Op2=[0x800000fc] W[_, 0= 0x00000000] [_,0x00002097]   35   X PC=(0x80000100,0x800000fc,0x800000f8) [13, 23,115], WB: DASM(30200073)
Cyc=        43 Op1=[0x00000000] Op2=[0xffffff04] W[_, 1= 0x800020fc] [_,0xf0408093]   36     PC=(0x800000fc,0x80000100,0x800000fc) [17, 51, 51], WB: DASM(00004033)
Cyc=        44 Op1=[0x00002000] Op2=[0x800000fc] W[_, 1= 0xffffff04] [_,0x00002097]   37     PC=(0x80000100,0x800000fc,0x80000100) [13, 23, 51], WB: DASM(00004033)
Cyc=        45 Op1=[0x800020fc] Op2=[0xffffff04] W[W, 1= 0x800020fc] [_,0xf0408093]   37     PC=(0x80000104,0x80000100,0x800000fc) [03, 19, 23], WB: DASM(00002097)
Cyc=        46 Op1=[0x80002000] Op2=[0x00000000] W[W, 1= 0x80002000] [_,0x0000cf03]   38     PC=(0x80000108,0x80000104,0x80000100) [13,  3, 19], WB: DASM(f0408093)
Cyc=        47 Op1=[0x00000000] Op2=[0x000000ff] W[W,30= 0x000000ff] [_,0x0ff00e93]   39     PC=(0x8000010c,0x80000108,0x80000104) [13, 19,  3], WB: DASM(0000cf03)
Cyc=        48 Op1=[0x00000000] Op2=[0x00000002] W[W,29= 0x000000ff] [_,0x00200193]   40     PC=(0x80000110,0x8000010c,0x80000108) [63, 19, 19], WB: DASM(0ff00e93)
Cyc=        49 Op1=[0x000000ff] Op2=[0x000000ff] W[W, 3= 0x00000002] [_,0x23df1c63]   41     PC=(0x80000114,0x80000110,0x8000010c) [17, 99, 19], WB: DASM(00200193)
Cyc=        50 Op1=[0x00002000] Op2=[0x80000114] W[_,24= 0x000001fe] [_,0x00002097]   42     PC=(0x80000118,0x80000114,0x80000110) [13, 23, 99], WB: DASM(23df1c63)
Cyc=        51 Op1=[0x80002114] Op2=[0xfffffeec] W[W, 1= 0x80002114] [_,0xeec08093]   43     PC=(0x8000011c,0x80000118,0x80000114) [03, 19, 23], WB: DASM(00002097)
Cyc=        52 Op1=[0x80002000] Op2=[0x00000001] W[W, 1= 0x80002000] [_,0x0010cf03]   44     PC=(0x80000120,0x8000011c,0x80000118) [13,  3, 19], WB: DASM(eec08093)
Cyc=        53 Op1=[0x00000000] Op2=[0x00000000] W[W,30= 0x00000000] [_,0x00000e93]   45     PC=(0x80000124,0x80000120,0x8000011c) [13, 19,  3], WB: DASM(0010cf03)
Cyc=        54 Op1=[0x00000000] Op2=[0x00000003] W[W,29= 0x00000000] [_,0x00300193]   46     PC=(0x80000128,0x80000124,0x80000120) [63, 19, 19], WB: DASM(00000e93)
Cyc=        55 Op1=[0x00000000] Op2=[0x00000000] W[W, 3= 0x00000003] [_,0x23df1063]   47     PC=(0x8000012c,0x80000128,0x80000124) [17, 99, 19], WB: DASM(00300193)
Cyc=        56 Op1=[0x00002000] Op2=[0x8000012c] W[_, 0= 0x00000000] [_,0x00002097]   48     PC=(0x80000130,0x8000012c,0x80000128) [13, 23, 99], WB: DASM(23df1063)
Cyc=        57 Op1=[0x8000212c] Op2=[0xfffffed4] W[W, 1= 0x8000212c] [_,0xed408093]   49     PC=(0x80000134,0x80000130,0x8000012c) [03, 19, 23], WB: DASM(00002097)
Cyc=        58 Op1=[0x80002000] Op2=[0x00000002] W[W, 1= 0x80002000] [_,0x0020cf03]   50     PC=(0x80000138,0x80000134,0x80000130) [13,  3, 19], WB: DASM(ed408093)
Cyc=        59 Op1=[0x00000000] Op2=[0x000000f0] W[W,30= 0x000000f0] [_,0x0f000e93]   51     PC=(0x8000013c,0x80000138,0x80000134) [13, 19,  3], WB: DASM(0020cf03)
Cyc=        60 Op1=[0x00000000] Op2=[0x00000004] W[W,29= 0x000000f0] [_,0x00400193]   52     PC=(0x80000140,0x8000013c,0x80000138) [63, 19, 19], WB: DASM(0f000e93)
Cyc=        61 Op1=[0x000000f0] Op2=[0x000000f0] W[W, 3= 0x00000004] [_,0x21df1463]   53     PC=(0x80000144,0x80000140,0x8000013c) [17, 99, 19], WB: DASM(00400193)
Cyc=        62 Op1=[0x00002000] Op2=[0x80000144] W[_, 8= 0x000001e0] [_,0x00002097]   54     PC=(0x80000148,0x80000144,0x80000140) [13, 23, 99], WB: DASM(21df1463)
Cyc=        63 Op1=[0x80002144] Op2=[0xfffffebc] W[W, 1= 0x80002144] [_,0xebc08093]   55     PC=(0x8000014c,0x80000148,0x80000144) [03, 19, 23], WB: DASM(00002097)
Cyc=        64 Op1=[0x80002000] Op2=[0x00000003] W[W, 1= 0x80002000] [_,0x0030cf03]   56     PC=(0x80000150,0x8000014c,0x80000148) [13,  3, 19], WB: DASM(ebc08093)
Cyc=        65 Op1=[0x00000000] Op2=[0x0000000f] W[W,30= 0x0000000f] [_,0x00f00e93]   57     PC=(0x80000154,0x80000150,0x8000014c) [13, 19,  3], WB: DASM(0030cf03)
Cyc=        66 Op1=[0x00000000] Op2=[0x00000005] W[W,29= 0x0000000f] [_,0x00500193]   58     PC=(0x80000158,0x80000154,0x80000150) [63, 19, 19], WB: DASM(00f00e93)
Cyc=        67 Op1=[0x0000000f] Op2=[0x0000000f] W[W, 3= 0x00000005] [_,0x1fdf1863]   59     PC=(0x8000015c,0x80000158,0x80000154) [17, 99, 19], WB: DASM(00500193)
Cyc=        68 Op1=[0x00002000] Op2=[0x8000015c] W[_,16= 0x0000001e] [_,0x00002097]   60     PC=(0x80000160,0x8000015c,0x80000158) [13, 23, 99], WB: DASM(1fdf1863)
Cyc=        69 Op1=[0x8000215c] Op2=[0xfffffea7] W[W, 1= 0x8000215c] [_,0xea708093]   61     PC=(0x80000164,0x80000160,0x8000015c) [03, 19, 23], WB: DASM(00002097)
Cyc=        70 Op1=[0x80002003] Op2=[0xfffffffd] W[W, 1= 0x80002003] [_,0xffd0cf03]   62     PC=(0x80000168,0x80000164,0x80000160) [13,  3, 19], WB: DASM(ea708093)
Cyc=        71 Op1=[0x00000000] Op2=[0x000000ff] W[W,30= 0x000000ff] [_,0x0ff00e93]   63     PC=(0x8000016c,0x80000168,0x80000164) [13, 19,  3], WB: DASM(ffd0cf03)
Cyc=        72 Op1=[0x00000000] Op2=[0x00000006] W[W,29= 0x000000ff] [_,0x00600193]   64     PC=(0x80000170,0x8000016c,0x80000168) [63, 19, 19], WB: DASM(0ff00e93)
Cyc=        73 Op1=[0x000000ff] Op2=[0x000000ff] W[W, 3= 0x00000006] [_,0x1ddf1c63]   65     PC=(0x80000174,0x80000170,0x8000016c) [17, 99, 19], WB: DASM(00600193)
Cyc=        74 Op1=[0x00002000] Op2=[0x80000174] W[_,24= 0x000001fe] [_,0x00002097]   66     PC=(0x80000178,0x80000174,0x80000170) [13, 23, 99], WB: DASM(1ddf1c63)
Cyc=        75 Op1=[0x80002174] Op2=[0xfffffe8f] W[W, 1= 0x80002174] [_,0xe8f08093]   67     PC=(0x8000017c,0x80000178,0x80000174) [03, 19, 23], WB: DASM(00002097)
Cyc=        76 Op1=[0x80002003] Op2=[0xfffffffe] W[W, 1= 0x80002003] [_,0xffe0cf03]   68     PC=(0x80000180,0x8000017c,0x80000178) [13,  3, 19], WB: DASM(e8f08093)
Cyc=        77 Op1=[0x00000000] Op2=[0x00000000] W[W,30= 0x00000000] [_,0x00000e93]   69     PC=(0x80000184,0x80000180,0x8000017c) [13, 19,  3], WB: DASM(ffe0cf03)
Cyc=        78 Op1=[0x00000000] Op2=[0x00000007] W[W,29= 0x00000000] [_,0x00700193]   70     PC=(0x80000188,0x80000184,0x80000180) [63, 19, 19], WB: DASM(00000e93)
Cyc=        79 Op1=[0x00000000] Op2=[0x00000000] W[W, 3= 0x00000007] [_,0x1ddf1063]   71     PC=(0x8000018c,0x80000188,0x80000184) [17, 99, 19], WB: DASM(00700193)
Cyc=        80 Op1=[0x00002000] Op2=[0x8000018c] W[_, 0= 0x00000000] [_,0x00002097]   72     PC=(0x80000190,0x8000018c,0x80000188) [13, 23, 99], WB: DASM(1ddf1063)
Cyc=        81 Op1=[0x8000218c] Op2=[0xfffffe77] W[W, 1= 0x8000218c] [_,0xe7708093]   73     PC=(0x80000194,0x80000190,0x8000018c) [03, 19, 23], WB: DASM(00002097)
Cyc=        82 Op1=[0x80002003] Op2=[0xffffffff] W[W, 1= 0x80002003] [_,0xfff0cf03]   74     PC=(0x80000198,0x80000194,0x80000190) [13,  3, 19], WB: DASM(e7708093)
Cyc=        83 Op1=[0x00000000] Op2=[0x000000f0] W[W,30= 0x000000f0] [_,0x0f000e93]   75     PC=(0x8000019c,0x80000198,0x80000194) [13, 19,  3], WB: DASM(fff0cf03)
Cyc=        84 Op1=[0x00000000] Op2=[0x00000008] W[W,29= 0x000000f0] [_,0x00800193]   76     PC=(0x800001a0,0x8000019c,0x80000198) [63, 19, 19], WB: DASM(0f000e93)
Cyc=        85 Op1=[0x000000f0] Op2=[0x000000f0] W[W, 3= 0x00000008] [_,0x1bdf1463]   77     PC=(0x800001a4,0x800001a0,0x8000019c) [17, 99, 19], WB: DASM(00800193)
Cyc=        86 Op1=[0x00002000] Op2=[0x800001a4] W[_, 8= 0x000001e0] [_,0x00002097]   78     PC=(0x800001a8,0x800001a4,0x800001a0) [13, 23, 99], WB: DASM(1bdf1463)
Cyc=        87 Op1=[0x800021a4] Op2=[0xfffffe5f] W[W, 1= 0x800021a4] [_,0xe5f08093]   79     PC=(0x800001ac,0x800001a8,0x800001a4) [03, 19, 23], WB: DASM(00002097)
Cyc=        88 Op1=[0x80002003] Op2=[0x00000000] W[W, 1= 0x80002003] [_,0x0000cf03]   80     PC=(0x800001b0,0x800001ac,0x800001a8) [13,  3, 19], WB: DASM(e5f08093)
Cyc=        89 Op1=[0x00000000] Op2=[0x0000000f] W[W,30= 0x0000000f] [_,0x00f00e93]   81     PC=(0x800001b4,0x800001b0,0x800001ac) [13, 19,  3], WB: DASM(0000cf03)
Cyc=        90 Op1=[0x00000000] Op2=[0x00000009] W[W,29= 0x0000000f] [_,0x00900193]   82     PC=(0x800001b8,0x800001b4,0x800001b0) [63, 19, 19], WB: DASM(00f00e93)
Cyc=        91 Op1=[0x0000000f] Op2=[0x0000000f] W[W, 3= 0x00000009] [_,0x19df1863]   83     PC=(0x800001bc,0x800001b8,0x800001b4) [17, 99, 19], WB: DASM(00900193)
Cyc=        92 Op1=[0x00002000] Op2=[0x800001bc] W[_,16= 0x0000001e] [_,0x00002097]   84     PC=(0x800001c0,0x800001bc,0x800001b8) [13, 23, 99], WB: DASM(19df1863)
Cyc=        93 Op1=[0x800021bc] Op2=[0xfffffe44] W[W, 1= 0x800021bc] [_,0xe4408093]   85     PC=(0x800001c4,0x800001c0,0x800001bc) [13, 19, 23], WB: DASM(00002097)
Cyc=        94 Op1=[0x80002000] Op2=[0xffffffe0] W[W, 1= 0x80002000] [_,0xfe008093]   86     PC=(0x800001c8,0x800001c4,0x800001c0) [03, 19, 19], WB: DASM(e4408093)
Cyc=        95 Op1=[0x80001fe0] Op2=[0x00000020] W[W, 1= 0x80001fe0] [_,0x0200c283]   87     PC=(0x800001cc,0x800001c8,0x800001c4) [13,  3, 19], WB: DASM(fe008093)
Cyc=        96 Op1=[0x00000000] Op2=[0x000000ff] W[W, 5= 0x000000ff] [_,0x0ff00e93]   88     PC=(0x800001d0,0x800001cc,0x800001c8) [13, 19,  3], WB: DASM(0200c283)
Cyc=        97 Op1=[0x00000000] Op2=[0x0000000a] W[W,29= 0x000000ff] [_,0x00a00193]   89     PC=(0x800001d4,0x800001d0,0x800001cc) [63, 19, 19], WB: DASM(0ff00e93)
Cyc=        98 Op1=[0x000000ff] Op2=[0x000000ff] W[W, 3= 0x0000000a] [_,0x17d29a63]   90     PC=(0x800001d8,0x800001d4,0x800001d0) [17, 99, 19], WB: DASM(00a00193)
Cyc=        99 Op1=[0x00002000] Op2=[0x800001d8] W[_,20= 0x000001fe] [_,0x00002097]   91     PC=(0x800001dc,0x800001d8,0x800001d4) [13, 23, 99], WB: DASM(17d29a63)
Cyc=       100 Op1=[0x800021d8] Op2=[0xfffffe28] W[W, 1= 0x800021d8] [_,0xe2808093]   92     PC=(0x800001e0,0x800001dc,0x800001d8) [13, 19, 23], WB: DASM(00002097)
Cyc=       101 Op1=[0x80002000] Op2=[0xfffffffa] W[W, 1= 0x80002000] [_,0xffa08093]   93     PC=(0x800001e4,0x800001e0,0x800001dc) [03, 19, 19], WB: DASM(e2808093)
Cyc=       102 Op1=[0x80001ffa] Op2=[0x00000007] W[W, 1= 0x80001ffa] [_,0x0070c283]   94     PC=(0x800001e8,0x800001e4,0x800001e0) [13,  3, 19], WB: DASM(ffa08093)
Cyc=       103 Op1=[0x00000000] Op2=[0x00000000] W[W, 5= 0x00000000] [_,0x00000e93]   95     PC=(0x800001ec,0x800001e8,0x800001e4) [13, 19,  3], WB: DASM(0070c283)
Cyc=       104 Op1=[0x00000000] Op2=[0x0000000b] W[W,29= 0x00000000] [_,0x00b00193]   96     PC=(0x800001f0,0x800001ec,0x800001e8) [63, 19, 19], WB: DASM(00000e93)
Cyc=       105 Op1=[0x00000000] Op2=[0x00000000] W[W, 3= 0x0000000b] [_,0x15d29c63]   97     PC=(0x800001f4,0x800001f0,0x800001ec) [13, 99, 19], WB: DASM(00b00193)
Cyc=       106 Op1=[0x00000000] Op2=[0x0000000c] W[_,24= 0x00000000] [_,0x00c00193]   98     PC=(0x800001f8,0x800001f4,0x800001f0) [13, 19, 99], WB: DASM(15d29c63)
Cyc=       107 Op1=[0x00000000] Op2=[0x00000000] W[W, 3= 0x0000000c] [_,0x00000213]   99     PC=(0x800001fc,0x800001f8,0x800001f4) [17, 19, 19], WB: DASM(00c00193)
Cyc=       108 Op1=[0x00002000] Op2=[0x800001fc] W[W, 4= 0x00000000] [_,0x00002097]  100     PC=(0x80000200,0x800001fc,0x800001f8) [13, 23, 19], WB: DASM(00000213)
Cyc=       109 Op1=[0x800021fc] Op2=[0xfffffe05] W[W, 1= 0x800021fc] [_,0xe0508093]  101     PC=(0x80000204,0x80000200,0x800001fc) [03, 19, 23], WB: DASM(00002097)
Cyc=       110 Op1=[0x80002001] Op2=[0x00000001] W[W, 1= 0x80002001] [_,0x0010cf03]  102     PC=(0x80000208,0x80000204,0x80000200) [13,  3, 19], WB: DASM(e0508093)
Cyc=       111 Op1=[0x0000000f] Op2=[0x00000000] W[W,30= 0x000000f0] [_,0x000f0313]  103 H   PC=(0x8000020c,0x80000208,0x80000204) [13, 19,  3], WB: DASM(0010cf03)
Cyc=       112 Op1=[0x000000f0] Op2=[0x00000000] W[_, 6= 0x0000000f] [_,0x000f0313]  104     PC=(0x8000020c,0x80000208,0x00000000) [13, 19, 51], WB: DASM(00004033)
Cyc=       113 Op1=[0x00000000] Op2=[0x000000f0] W[W, 6= 0x000000f0] [_,0x0f000e93]  104     PC=(0x80000210,0x8000020c,0x80000208) [63, 19, 19], WB: DASM(000f0313)
Cyc=       114 Op1=[0x000000f0] Op2=[0x000000f0] W[W,29= 0x000000f0] [_,0x13d31c63]  105     PC=(0x80000214,0x80000210,0x8000020c) [13, 99, 19], WB: DASM(0f000e93)
Cyc=       115 Op1=[0x00000000] Op2=[0x00000001] W[_,24= 0x000001e0] [_,0x00120213]  106     PC=(0x80000218,0x80000214,0x80000210) [13, 19, 99], WB: DASM(13d31c63)
Cyc=       116 Op1=[0x00000000] Op2=[0x00000002] W[W, 4= 0x00000001] [_,0x00200293]  107     PC=(0x8000021c,0x80000218,0x80000214) [63, 19, 19], WB: DASM(00120213)
Cyc=       117 Op1=[0x00000001] Op2=[0x00000002] W[W, 5= 0x00000002] [_,0xfe5210e3]  108   B PC=(0x80000220,0x8000021c,0x80000218) [13, 99, 19], WB: DASM(00200293)
Cyc=       118 Op1=[0x00000000] Op2=[0x0000000d] W[_, 1= 0x00000003] [_,0x00d00193]  109     PC=(0x800001fc,0x80000220,0x8000021c) [17, 51, 99], WB: DASM(fe5210e3)
Cyc=       119 Op1=[0x00002000] Op2=[0x800001fc] W[_, 3= 0x0000000d] [_,0x00002097]  110     PC=(0x80000200,0x800001fc,0x80000220) [13, 23, 51], WB: DASM(00004033)
Cyc=       120 Op1=[0x800021fc] Op2=[0xfffffe05] W[W, 1= 0x800021fc] [_,0xe0508093]  110     PC=(0x80000204,0x80000200,0x800001fc) [03, 19, 23], WB: DASM(00002097)
Cyc=       121 Op1=[0x80002001] Op2=[0x00000001] W[W, 1= 0x80002001] [_,0x0010cf03]  111     PC=(0x80000208,0x80000204,0x80000200) [13,  3, 19], WB: DASM(e0508093)
Cyc=       122 Op1=[0x000000f0] Op2=[0x00000000] W[W,30= 0x000000f0] [_,0x000f0313]  112 H   PC=(0x8000020c,0x80000208,0x80000204) [13, 19,  3], WB: DASM(0010cf03)
Cyc=       123 Op1=[0x000000f0] Op2=[0x00000000] W[_, 6= 0x000000f0] [_,0x000f0313]  113     PC=(0x8000020c,0x80000208,0x00000000) [13, 19, 51], WB: DASM(00004033)
Cyc=       124 Op1=[0x00000000] Op2=[0x000000f0] W[W, 6= 0x000000f0] [_,0x0f000e93]  113     PC=(0x80000210,0x8000020c,0x80000208) [63, 19, 19], WB: DASM(000f0313)
Cyc=       125 Op1=[0x000000f0] Op2=[0x000000f0] W[W,29= 0x000000f0] [_,0x13d31c63]  114     PC=(0x80000214,0x80000210,0x8000020c) [13, 99, 19], WB: DASM(0f000e93)
Cyc=       126 Op1=[0x00000001] Op2=[0x00000001] W[_,24= 0x000001e0] [_,0x00120213]  115     PC=(0x80000218,0x80000214,0x80000210) [13, 19, 99], WB: DASM(13d31c63)
Cyc=       127 Op1=[0x00000000] Op2=[0x00000002] W[W, 4= 0x00000002] [_,0x00200293]  116     PC=(0x8000021c,0x80000218,0x80000214) [63, 19, 19], WB: DASM(00120213)
Cyc=       128 Op1=[0x00000002] Op2=[0x00000002] W[W, 5= 0x00000002] [_,0xfe5210e3]  117     PC=(0x80000220,0x8000021c,0x80000218) [13, 99, 19], WB: DASM(00200293)
Cyc=       129 Op1=[0x00000000] Op2=[0x0000000d] W[_, 1= 0x00000004] [_,0x00d00193]  118     PC=(0x80000224,0x80000220,0x8000021c) [13, 19, 99], WB: DASM(fe5210e3)
Cyc=       130 Op1=[0x00000000] Op2=[0x00000000] W[W, 3= 0x0000000d] [_,0x00000213]  119     PC=(0x80000228,0x80000224,0x80000220) [17, 19, 19], WB: DASM(00d00193)
Cyc=       131 Op1=[0x00002000] Op2=[0x80000228] W[W, 4= 0x00000000] [_,0x00002097]  120     PC=(0x8000022c,0x80000228,0x80000224) [13, 23, 19], WB: DASM(00000213)
Cyc=       132 Op1=[0x80002228] Op2=[0xfffffdda] W[W, 1= 0x80002228] [_,0xdda08093]  121     PC=(0x80000230,0x8000022c,0x80000228) [03, 19, 23], WB: DASM(00002097)
Cyc=       133 Op1=[0x80002002] Op2=[0x00000001] W[W, 1= 0x80002002] [_,0x0010cf03]  122     PC=(0x80000234,0x80000230,0x8000022c) [13,  3, 19], WB: DASM(dda08093)
Cyc=       134 Op1=[0x00000000] Op2=[0x00000000] W[W,30= 0x0000000f] [_,0x00000013]  123     PC=(0x80000238,0x80000234,0x80000230) [13, 19,  3], WB: DASM(0010cf03)
Cyc=       135 Op1=[0x0000000f] Op2=[0x00000000] W[W, 0= 0x00000000] [_,0x000f0313]  124     PC=(0x8000023c,0x80000238,0x80000234) [13, 19, 19], WB: DASM(00000013)
Cyc=       136 Op1=[0x00000000] Op2=[0x0000000f] W[W, 6= 0x0000000f] [_,0x00f00e93]  125     PC=(0x80000240,0x8000023c,0x80000238) [63, 19, 19], WB: DASM(000f0313)
Cyc=       137 Op1=[0x0000000f] Op2=[0x0000000f] W[W,29= 0x0000000f] [_,0x11d31463]  126     PC=(0x80000244,0x80000240,0x8000023c) [13, 99, 19], WB: DASM(00f00e93)
Cyc=       138 Op1=[0x00000000] Op2=[0x00000001] W[_, 8= 0x0000001e] [_,0x00120213]  127     PC=(0x80000248,0x80000244,0x80000240) [13, 19, 99], WB: DASM(11d31463)
Cyc=       139 Op1=[0x00000000] Op2=[0x00000002] W[W, 4= 0x00000001] [_,0x00200293]  128     PC=(0x8000024c,0x80000248,0x80000244) [63, 19, 19], WB: DASM(00120213)
Cyc=       140 Op1=[0x00000001] Op2=[0x00000002] W[W, 5= 0x00000002] [_,0xfc521ee3]  129   B PC=(0x80000250,0x8000024c,0x80000248) [13, 99, 19], WB: DASM(00200293)
Cyc=       141 Op1=[0x00000000] Op2=[0x0000000e] W[_,29= 0x00000003] [_,0x00e00193]  130     PC=(0x80000228,0x80000250,0x8000024c) [17, 51, 99], WB: DASM(fc521ee3)
Cyc=       142 Op1=[0x00002000] Op2=[0x80000228] W[_, 3= 0x0000000e] [_,0x00002097]  131     PC=(0x8000022c,0x80000228,0x80000250) [13, 23, 51], WB: DASM(00004033)
Cyc=       143 Op1=[0x80002228] Op2=[0xfffffdda] W[W, 1= 0x80002228] [_,0xdda08093]  131     PC=(0x80000230,0x8000022c,0x80000228) [03, 19, 23], WB: DASM(00002097)
Cyc=       144 Op1=[0x80002002] Op2=[0x00000001] W[W, 1= 0x80002002] [_,0x0010cf03]  132     PC=(0x80000234,0x80000230,0x8000022c) [13,  3, 19], WB: DASM(dda08093)
Cyc=       145 Op1=[0x00000000] Op2=[0x00000000] W[W,30= 0x0000000f] [_,0x00000013]  133     PC=(0x80000238,0x80000234,0x80000230) [13, 19,  3], WB: DASM(0010cf03)
Cyc=       146 Op1=[0x0000000f] Op2=[0x00000000] W[W, 0= 0x00000000] [_,0x000f0313]  134     PC=(0x8000023c,0x80000238,0x80000234) [13, 19, 19], WB: DASM(00000013)
Cyc=       147 Op1=[0x00000000] Op2=[0x0000000f] W[W, 6= 0x0000000f] [_,0x00f00e93]  135     PC=(0x80000240,0x8000023c,0x80000238) [63, 19, 19], WB: DASM(000f0313)
Cyc=       148 Op1=[0x0000000f] Op2=[0x0000000f] W[W,29= 0x0000000f] [_,0x11d31463]  136     PC=(0x80000244,0x80000240,0x8000023c) [13, 99, 19], WB: DASM(00f00e93)
Cyc=       149 Op1=[0x00000001] Op2=[0x00000001] W[_, 8= 0x0000001e] [_,0x00120213]  137     PC=(0x80000248,0x80000244,0x80000240) [13, 19, 99], WB: DASM(11d31463)
Cyc=       150 Op1=[0x00000000] Op2=[0x00000002] W[W, 4= 0x00000002] [_,0x00200293]  138     PC=(0x8000024c,0x80000248,0x80000244) [63, 19, 19], WB: DASM(00120213)
Cyc=       151 Op1=[0x00000002] Op2=[0x00000002] W[W, 5= 0x00000002] [_,0xfc521ee3]  139     PC=(0x80000250,0x8000024c,0x80000248) [13, 99, 19], WB: DASM(00200293)
Cyc=       152 Op1=[0x00000000] Op2=[0x0000000e] W[_,29= 0x00000004] [_,0x00e00193]  140     PC=(0x80000254,0x80000250,0x8000024c) [13, 19, 99], WB: DASM(fc521ee3)
Cyc=       153 Op1=[0x00000000] Op2=[0x00000000] W[W, 3= 0x0000000e] [_,0x00000213]  141     PC=(0x80000258,0x80000254,0x80000250) [17, 19, 19], WB: DASM(00e00193)
Cyc=       154 Op1=[0x00002000] Op2=[0x80000258] W[W, 4= 0x00000000] [_,0x00002097]  142     PC=(0x8000025c,0x80000258,0x80000254) [13, 23, 19], WB: DASM(00000213)
Cyc=       155 Op1=[0x80002258] Op2=[0xfffffda8] W[W, 1= 0x80002258] [_,0xda808093]  143     PC=(0x80000260,0x8000025c,0x80000258) [03, 19, 23], WB: DASM(00002097)
Cyc=       156 Op1=[0x80002000] Op2=[0x00000001] W[W, 1= 0x80002000] [_,0x0010cf03]  144     PC=(0x80000264,0x80000260,0x8000025c) [13,  3, 19], WB: DASM(da808093)
Cyc=       157 Op1=[0x00000000] Op2=[0x00000000] W[W,30= 0x00000000] [_,0x00000013]  145     PC=(0x80000268,0x80000264,0x80000260) [13, 19,  3], WB: DASM(0010cf03)
Cyc=       158 Op1=[0x00000000] Op2=[0x00000000] W[W, 0= 0x00000000] [_,0x00000013]  146     PC=(0x8000026c,0x80000268,0x80000264) [13, 19, 19], WB: DASM(00000013)
Cyc=       159 Op1=[0x00000000] Op2=[0x00000000] W[W, 0= 0x00000000] [_,0x000f0313]  147     PC=(0x80000270,0x8000026c,0x80000268) [13, 19, 19], WB: DASM(00000013)
Cyc=       160 Op1=[0x00000000] Op2=[0x00000000] W[W, 6= 0x00000000] [_,0x00000e93]  148     PC=(0x80000274,0x80000270,0x8000026c) [63, 19, 19], WB: DASM(000f0313)
Cyc=       161 Op1=[0x00000000] Op2=[0x00000000] W[W,29= 0x00000000] [_,0x0dd31a63]  149     PC=(0x80000278,0x80000274,0x80000270) [13, 99, 19], WB: DASM(00000e93)
Cyc=       162 Op1=[0x00000000] Op2=[0x00000001] W[_,20= 0x00000000] [_,0x00120213]  150     PC=(0x8000027c,0x80000278,0x80000274) [13, 19, 99], WB: DASM(0dd31a63)
Cyc=       163 Op1=[0x00000000] Op2=[0x00000002] W[W, 4= 0x00000001] [_,0x00200293]  151     PC=(0x80000280,0x8000027c,0x80000278) [63, 19, 19], WB: DASM(00120213)
Cyc=       164 Op1=[0x00000001] Op2=[0x00000002] W[W, 5= 0x00000002] [_,0xfc521ce3]  152   B PC=(0x80000284,0x80000280,0x8000027c) [13, 99, 19], WB: DASM(00200293)
Cyc=       165 Op1=[0x00000000] Op2=[0x0000000f] W[_,25= 0x00000003] [_,0x00f00193]  153     PC=(0x80000258,0x80000284,0x80000280) [17, 51, 99], WB: DASM(fc521ce3)
Cyc=       166 Op1=[0x00002000] Op2=[0x80000258] W[_, 3= 0x0000000f] [_,0x00002097]  154     PC=(0x8000025c,0x80000258,0x80000284) [13, 23, 51], WB: DASM(00004033)
Cyc=       167 Op1=[0x80002258] Op2=[0xfffffda8] W[W, 1= 0x80002258] [_,0xda808093]  154     PC=(0x80000260,0x8000025c,0x80000258) [03, 19, 23], WB: DASM(00002097)
Cyc=       168 Op1=[0x80002000] Op2=[0x00000001] W[W, 1= 0x80002000] [_,0x0010cf03]  155     PC=(0x80000264,0x80000260,0x8000025c) [13,  3, 19], WB: DASM(da808093)
Cyc=       169 Op1=[0x00000000] Op2=[0x00000000] W[W,30= 0x00000000] [_,0x00000013]  156     PC=(0x80000268,0x80000264,0x80000260) [13, 19,  3], WB: DASM(0010cf03)
Cyc=       170 Op1=[0x00000000] Op2=[0x00000000] W[W, 0= 0x00000000] [_,0x00000013]  157     PC=(0x8000026c,0x80000268,0x80000264) [13, 19, 19], WB: DASM(00000013)
Cyc=       171 Op1=[0x00000000] Op2=[0x00000000] W[W, 0= 0x00000000] [_,0x000f0313]  158     PC=(0x80000270,0x8000026c,0x80000268) [13, 19, 19], WB: DASM(00000013)
Cyc=       172 Op1=[0x00000000] Op2=[0x00000000] W[W, 6= 0x00000000] [_,0x00000e93]  159     PC=(0x80000274,0x80000270,0x8000026c) [63, 19, 19], WB: DASM(000f0313)
Cyc=       173 Op1=[0x00000000] Op2=[0x00000000] W[W,29= 0x00000000] [_,0x0dd31a63]  160     PC=(0x80000278,0x80000274,0x80000270) [13, 99, 19], WB: DASM(00000e93)
Cyc=       174 Op1=[0x00000001] Op2=[0x00000001] W[_,20= 0x00000000] [_,0x00120213]  161     PC=(0x8000027c,0x80000278,0x80000274) [13, 19, 99], WB: DASM(0dd31a63)
Cyc=       175 Op1=[0x00000000] Op2=[0x00000002] W[W, 4= 0x00000002] [_,0x00200293]  162     PC=(0x80000280,0x8000027c,0x80000278) [63, 19, 19], WB: DASM(00120213)
Cyc=       176 Op1=[0x00000002] Op2=[0x00000002] W[W, 5= 0x00000002] [_,0xfc521ce3]  163     PC=(0x80000284,0x80000280,0x8000027c) [13, 99, 19], WB: DASM(00200293)
Cyc=       177 Op1=[0x00000000] Op2=[0x0000000f] W[_,25= 0x00000004] [_,0x00f00193]  164     PC=(0x80000288,0x80000284,0x80000280) [13, 19, 99], WB: DASM(fc521ce3)
Cyc=       178 Op1=[0x00000000] Op2=[0x00000000] W[W, 3= 0x0000000f] [_,0x00000213]  165     PC=(0x8000028c,0x80000288,0x80000284) [17, 19, 19], WB: DASM(00f00193)
Cyc=       179 Op1=[0x00002000] Op2=[0x8000028c] W[W, 4= 0x00000000] [_,0x00002097]  166     PC=(0x80000290,0x8000028c,0x80000288) [13, 23, 19], WB: DASM(00000213)
Cyc=       180 Op1=[0x8000228c] Op2=[0xfffffd75] W[W, 1= 0x8000228c] [_,0xd7508093]  167     PC=(0x80000294,0x80000290,0x8000028c) [03, 19, 23], WB: DASM(00002097)
Cyc=       181 Op1=[0x80002001] Op2=[0x00000001] W[W, 1= 0x80002001] [_,0x0010cf03]  168     PC=(0x80000298,0x80000294,0x80000290) [13,  3, 19], WB: DASM(d7508093)
Cyc=       182 Op1=[0x00000000] Op2=[0x000000f0] W[W,30= 0x000000f0] [_,0x0f000e93]  169     PC=(0x8000029c,0x80000298,0x80000294) [63, 19,  3], WB: DASM(0010cf03)
Cyc=       183 Op1=[0x000000f0] Op2=[0x000000f0] W[W,29= 0x000000f0] [_,0x0bdf1663]  170     PC=(0x800002a0,0x8000029c,0x80000298) [13, 99, 19], WB: DASM(0f000e93)
Cyc=       184 Op1=[0x00000000] Op2=[0x00000001] W[_,12= 0x000001e0] [_,0x00120213]  171     PC=(0x800002a4,0x800002a0,0x8000029c) [13, 19, 99], WB: DASM(0bdf1663)
Cyc=       185 Op1=[0x00000000] Op2=[0x00000002] W[W, 4= 0x00000001] [_,0x00200293]  172     PC=(0x800002a8,0x800002a4,0x800002a0) [63, 19, 19], WB: DASM(00120213)
Cyc=       186 Op1=[0x00000001] Op2=[0x00000002] W[W, 5= 0x00000002] [_,0xfe5212e3]  173   B PC=(0x800002ac,0x800002a8,0x800002a4) [13, 99, 19], WB: DASM(00200293)
Cyc=       187 Op1=[0x00000000] Op2=[0x00000010] W[_, 5= 0x00000003] [_,0x01000193]  174     PC=(0x8000028c,0x800002ac,0x800002a8) [17, 51, 99], WB: DASM(fe5212e3)
Cyc=       188 Op1=[0x00002000] Op2=[0x8000028c] W[_, 3= 0x00000010] [_,0x00002097]  175     PC=(0x80000290,0x8000028c,0x800002ac) [13, 23, 51], WB: DASM(00004033)
Cyc=       189 Op1=[0x8000228c] Op2=[0xfffffd75] W[W, 1= 0x8000228c] [_,0xd7508093]  175     PC=(0x80000294,0x80000290,0x8000028c) [03, 19, 23], WB: DASM(00002097)
Cyc=       190 Op1=[0x80002001] Op2=[0x00000001] W[W, 1= 0x80002001] [_,0x0010cf03]  176     PC=(0x80000298,0x80000294,0x80000290) [13,  3, 19], WB: DASM(d7508093)
Cyc=       191 Op1=[0x00000000] Op2=[0x000000f0] W[W,30= 0x000000f0] [_,0x0f000e93]  177     PC=(0x8000029c,0x80000298,0x80000294) [63, 19,  3], WB: DASM(0010cf03)
Cyc=       192 Op1=[0x000000f0] Op2=[0x000000f0] W[W,29= 0x000000f0] [_,0x0bdf1663]  178     PC=(0x800002a0,0x8000029c,0x80000298) [13, 99, 19], WB: DASM(0f000e93)
Cyc=       193 Op1=[0x00000001] Op2=[0x00000001] W[_,12= 0x000001e0] [_,0x00120213]  179     PC=(0x800002a4,0x800002a0,0x8000029c) [13, 19, 99], WB: DASM(0bdf1663)
Cyc=       194 Op1=[0x00000000] Op2=[0x00000002] W[W, 4= 0x00000002] [_,0x00200293]  180     PC=(0x800002a8,0x800002a4,0x800002a0) [63, 19, 19], WB: DASM(00120213)
Cyc=       195 Op1=[0x00000002] Op2=[0x00000002] W[W, 5= 0x00000002] [_,0xfe5212e3]  181     PC=(0x800002ac,0x800002a8,0x800002a4) [13, 99, 19], WB: DASM(00200293)
Cyc=       196 Op1=[0x00000000] Op2=[0x00000010] W[_, 5= 0x00000004] [_,0x01000193]  182     PC=(0x800002b0,0x800002ac,0x800002a8) [13, 19, 99], WB: DASM(fe5212e3)
Cyc=       197 Op1=[0x00000000] Op2=[0x00000000] W[W, 3= 0x00000010] [_,0x00000213]  183     PC=(0x800002b4,0x800002b0,0x800002ac) [17, 19, 19], WB: DASM(01000193)
Cyc=       198 Op1=[0x00002000] Op2=[0x800002b4] W[W, 4= 0x00000000] [_,0x00002097]  184     PC=(0x800002b8,0x800002b4,0x800002b0) [13, 23, 19], WB: DASM(00000213)
Cyc=       199 Op1=[0x800022b4] Op2=[0xfffffd4e] W[W, 1= 0x800022b4] [_,0xd4e08093]  185     PC=(0x800002bc,0x800002b8,0x800002b4) [13, 19, 23], WB: DASM(00002097)
Cyc=       200 Op1=[0x00000000] Op2=[0x00000000] W[W, 1= 0x80002002] [_,0x00000013]  186     PC=(0x800002c0,0x800002bc,0x800002b8) [03, 19, 19], WB: DASM(d4e08093)
Cyc=       201 Op1=[0x80002002] Op2=[0x00000001] W[W, 0= 0x00000000] [_,0x0010cf03]  187     PC=(0x800002c4,0x800002c0,0x800002bc) [13,  3, 19], WB: DASM(00000013)
Cyc=       202 Op1=[0x00000000] Op2=[0x0000000f] W[W,30= 0x0000000f] [_,0x00f00e93]  188     PC=(0x800002c8,0x800002c4,0x800002c0) [63, 19,  3], WB: DASM(0010cf03)
Cyc=       203 Op1=[0x0000000f] Op2=[0x0000000f] W[W,29= 0x0000000f] [_,0x09df1063]  189     PC=(0x800002cc,0x800002c8,0x800002c4) [13, 99, 19], WB: DASM(00f00e93)
Cyc=       204 Op1=[0x00000000] Op2=[0x00000001] W[_, 0= 0x0000001e] [_,0x00120213]  190     PC=(0x800002d0,0x800002cc,0x800002c8) [13, 19, 99], WB: DASM(09df1063)
Cyc=       205 Op1=[0x00000000] Op2=[0x00000002] W[W, 4= 0x00000001] [_,0x00200293]  191     PC=(0x800002d4,0x800002d0,0x800002cc) [63, 19, 19], WB: DASM(00120213)
Cyc=       206 Op1=[0x00000001] Op2=[0x00000002] W[W, 5= 0x00000002] [_,0xfe5210e3]  192   B PC=(0x800002d8,0x800002d4,0x800002d0) [13, 99, 19], WB: DASM(00200293)
Cyc=       207 Op1=[0x00000000] Op2=[0x00000011] W[_, 1= 0x00000003] [_,0x01100193]  193     PC=(0x800002b4,0x800002d8,0x800002d4) [17, 51, 99], WB: DASM(fe5210e3)
Cyc=       208 Op1=[0x00002000] Op2=[0x800002b4] W[_, 3= 0x00000011] [_,0x00002097]  194     PC=(0x800002b8,0x800002b4,0x800002d8) [13, 23, 51], WB: DASM(00004033)
Cyc=       209 Op1=[0x800022b4] Op2=[0xfffffd4e] W[W, 1= 0x800022b4] [_,0xd4e08093]  194     PC=(0x800002bc,0x800002b8,0x800002b4) [13, 19, 23], WB: DASM(00002097)
Cyc=       210 Op1=[0x00000000] Op2=[0x00000000] W[W, 1= 0x80002002] [_,0x00000013]  195     PC=(0x800002c0,0x800002bc,0x800002b8) [03, 19, 19], WB: DASM(d4e08093)
Cyc=       211 Op1=[0x80002002] Op2=[0x00000001] W[W, 0= 0x00000000] [_,0x0010cf03]  196     PC=(0x800002c4,0x800002c0,0x800002bc) [13,  3, 19], WB: DASM(00000013)
Cyc=       212 Op1=[0x00000000] Op2=[0x0000000f] W[W,30= 0x0000000f] [_,0x00f00e93]  197     PC=(0x800002c8,0x800002c4,0x800002c0) [63, 19,  3], WB: DASM(0010cf03)
Cyc=       213 Op1=[0x0000000f] Op2=[0x0000000f] W[W,29= 0x0000000f] [_,0x09df1063]  198     PC=(0x800002cc,0x800002c8,0x800002c4) [13, 99, 19], WB: DASM(00f00e93)
Cyc=       214 Op1=[0x00000001] Op2=[0x00000001] W[_, 0= 0x0000001e] [_,0x00120213]  199     PC=(0x800002d0,0x800002cc,0x800002c8) [13, 19, 99], WB: DASM(09df1063)
Cyc=       215 Op1=[0x00000000] Op2=[0x00000002] W[W, 4= 0x00000002] [_,0x00200293]  200     PC=(0x800002d4,0x800002d0,0x800002cc) [63, 19, 19], WB: DASM(00120213)
Cyc=       216 Op1=[0x00000002] Op2=[0x00000002] W[W, 5= 0x00000002] [_,0xfe5210e3]  201     PC=(0x800002d8,0x800002d4,0x800002d0) [13, 99, 19], WB: DASM(00200293)
Cyc=       217 Op1=[0x00000000] Op2=[0x00000011] W[_, 1= 0x00000004] [_,0x01100193]  202     PC=(0x800002dc,0x800002d8,0x800002d4) [13, 19, 99], WB: DASM(fe5210e3)
Cyc=       218 Op1=[0x00000000] Op2=[0x00000000] W[W, 3= 0x00000011] [_,0x00000213]  203     PC=(0x800002e0,0x800002dc,0x800002d8) [17, 19, 19], WB: DASM(01100193)
Cyc=       219 Op1=[0x00002000] Op2=[0x800002e0] W[W, 4= 0x00000000] [_,0x00002097]  204     PC=(0x800002e4,0x800002e0,0x800002dc) [13, 23, 19], WB: DASM(00000213)
Cyc=       220 Op1=[0x800022e0] Op2=[0xfffffd20] W[W, 1= 0x800022e0] [_,0xd2008093]  205     PC=(0x800002e8,0x800002e4,0x800002e0) [13, 19, 23], WB: DASM(00002097)
Cyc=       221 Op1=[0x00000000] Op2=[0x00000000] W[W, 1= 0x80002000] [_,0x00000013]  206     PC=(0x800002ec,0x800002e8,0x800002e4) [13, 19, 19], WB: DASM(d2008093)
Cyc=       222 Op1=[0x00000000] Op2=[0x00000000] W[W, 0= 0x00000000] [_,0x00000013]  207     PC=(0x800002f0,0x800002ec,0x800002e8) [03, 19, 19], WB: DASM(00000013)
Cyc=       223 Op1=[0x80002000] Op2=[0x00000001] W[W, 0= 0x00000000] [_,0x0010cf03]  208     PC=(0x800002f4,0x800002f0,0x800002ec) [13,  3, 19], WB: DASM(00000013)
Cyc=       224 Op1=[0x00000000] Op2=[0x00000000] W[W,30= 0x00000000] [_,0x00000e93]  209     PC=(0x800002f8,0x800002f4,0x800002f0) [63, 19,  3], WB: DASM(0010cf03)
Cyc=       225 Op1=[0x00000000] Op2=[0x00000000] W[W,29= 0x00000000] [_,0x05df1863]  210     PC=(0x800002fc,0x800002f8,0x800002f4) [13, 99, 19], WB: DASM(00000e93)
Cyc=       226 Op1=[0x00000000] Op2=[0x00000001] W[_,16= 0x00000000] [_,0x00120213]  211     PC=(0x80000300,0x800002fc,0x800002f8) [13, 19, 99], WB: DASM(05df1863)
Cyc=       227 Op1=[0x00000000] Op2=[0x00000002] W[W, 4= 0x00000001] [_,0x00200293]  212     PC=(0x80000304,0x80000300,0x800002fc) [63, 19, 19], WB: DASM(00120213)
Cyc=       228 Op1=[0x00000001] Op2=[0x00000002] W[W, 5= 0x00000002] [_,0xfc521ee3]  213   B PC=(0x80000308,0x80000304,0x80000300) [17, 99, 19], WB: DASM(00200293)
Cyc=       229 Op1=[0x00002000] Op2=[0x80000308] W[_,29= 0x00000003] [_,0x00002297]  214     PC=(0x800002e0,0x80000308,0x80000304) [17, 51, 99], WB: DASM(fc521ee3)
Cyc=       230 Op1=[0x00002000] Op2=[0x800002e0] W[_, 5= 0x80002308] [_,0x00002097]  215     PC=(0x800002e4,0x800002e0,0x80000308) [13, 23, 51], WB: DASM(00004033)
Cyc=       231 Op1=[0x800022e0] Op2=[0xfffffd20] W[W, 1= 0x800022e0] [_,0xd2008093]  215     PC=(0x800002e8,0x800002e4,0x800002e0) [13, 19, 23], WB: DASM(00002097)
Cyc=       232 Op1=[0x00000000] Op2=[0x00000000] W[W, 1= 0x80002000] [_,0x00000013]  216     PC=(0x800002ec,0x800002e8,0x800002e4) [13, 19, 19], WB: DASM(d2008093)
Cyc=       233 Op1=[0x00000000] Op2=[0x00000000] W[W, 0= 0x00000000] [_,0x00000013]  217     PC=(0x800002f0,0x800002ec,0x800002e8) [03, 19, 19], WB: DASM(00000013)
Cyc=       234 Op1=[0x80002000] Op2=[0x00000001] W[W, 0= 0x00000000] [_,0x0010cf03]  218     PC=(0x800002f4,0x800002f0,0x800002ec) [13,  3, 19], WB: DASM(00000013)
Cyc=       235 Op1=[0x00000000] Op2=[0x00000000] W[W,30= 0x00000000] [_,0x00000e93]  219     PC=(0x800002f8,0x800002f4,0x800002f0) [63, 19,  3], WB: DASM(0010cf03)
Cyc=       236 Op1=[0x00000000] Op2=[0x00000000] W[W,29= 0x00000000] [_,0x05df1863]  220     PC=(0x800002fc,0x800002f8,0x800002f4) [13, 99, 19], WB: DASM(00000e93)
Cyc=       237 Op1=[0x00000001] Op2=[0x00000001] W[_,16= 0x00000000] [_,0x00120213]  221     PC=(0x80000300,0x800002fc,0x800002f8) [13, 19, 99], WB: DASM(05df1863)
Cyc=       238 Op1=[0x00000000] Op2=[0x00000002] W[W, 4= 0x00000002] [_,0x00200293]  222     PC=(0x80000304,0x80000300,0x800002fc) [63, 19, 19], WB: DASM(00120213)
Cyc=       239 Op1=[0x00000002] Op2=[0x00000002] W[W, 5= 0x00000002] [_,0xfc521ee3]  223     PC=(0x80000308,0x80000304,0x80000300) [17, 99, 19], WB: DASM(00200293)
Cyc=       240 Op1=[0x00002000] Op2=[0x80000308] W[_,29= 0x00000004] [_,0x00002297]  224     PC=(0x8000030c,0x80000308,0x80000304) [13, 23, 99], WB: DASM(fc521ee3)
Cyc=       241 Op1=[0x80002308] Op2=[0xfffffcf8] W[W, 5= 0x80002308] [_,0xcf828293]  225     PC=(0x80000310,0x8000030c,0x80000308) [03, 19, 23], WB: DASM(00002297)
Cyc=       242 Op1=[0x80002000] Op2=[0x00000000] W[W, 5= 0x80002000] [_,0x0002c103]  226     PC=(0x80000314,0x80000310,0x8000030c) [13,  3, 19], WB: DASM(cf828293)
Cyc=       243 Op1=[0x00000000] Op2=[0x00000002] W[W, 2= 0x000000ff] [_,0x00200113]  227 H   PC=(0x80000318,0x80000314,0x80000310) [13, 19,  3], WB: DASM(0002c103)
Cyc=       244 Op1=[0x00000000] Op2=[0x00000002] W[_, 2= 0x00000002] [_,0x00200113]  228     PC=(0x80000318,0x80000314,0x00000000) [13, 19, 51], WB: DASM(00004033)
Cyc=       245 Op1=[0x00000000] Op2=[0x00000002] W[W, 2= 0x00000002] [_,0x00200e93]  228     PC=(0x8000031c,0x80000318,0x80000314) [13, 19, 19], WB: DASM(00200113)
Cyc=       246 Op1=[0x00000000] Op2=[0x00000012] W[W,29= 0x00000002] [_,0x01200193]  229     PC=(0x80000320,0x8000031c,0x80000318) [63, 19, 19], WB: DASM(00200e93)
Cyc=       247 Op1=[0x00000002] Op2=[0x00000002] W[W, 3= 0x00000012] [_,0x03d11463]  230     PC=(0x80000324,0x80000320,0x8000031c) [17, 99, 19], WB: DASM(01200193)
Cyc=       248 Op1=[0x00002000] Op2=[0x80000324] W[_, 8= 0x00000004] [_,0x00002297]  231     PC=(0x80000328,0x80000324,0x80000320) [13, 23, 99], WB: DASM(03d11463)
Cyc=       249 Op1=[0x80002324] Op2=[0xfffffcdc] W[W, 5= 0x80002324] [_,0xcdc28293]  232     PC=(0x8000032c,0x80000328,0x80000324) [03, 19, 23], WB: DASM(00002297)
Cyc=       250 Op1=[0x80002000] Op2=[0x00000000] W[W, 5= 0x80002000] [_,0x0002c103]  233     PC=(0x80000330,0x8000032c,0x80000328) [13,  3, 19], WB: DASM(cdc28293)
Cyc=       251 Op1=[0x00000000] Op2=[0x00000000] W[W, 2= 0x000000ff] [_,0x00000013]  234     PC=(0x80000334,0x80000330,0x8000032c) [13, 19,  3], WB: DASM(0002c103)
Cyc=       252 Op1=[0x00000000] Op2=[0x00000002] W[W, 0= 0x00000000] [_,0x00200113]  235     PC=(0x80000338,0x80000334,0x80000330) [13, 19, 19], WB: DASM(00000013)
Cyc=       253 Op1=[0x00000000] Op2=[0x00000002] W[W, 2= 0x00000002] [_,0x00200e93]  236     PC=(0x8000033c,0x80000338,0x80000334) [13, 19, 19], WB: DASM(00200113)
Cyc=       254 Op1=[0x00000000] Op2=[0x00000013] W[W,29= 0x00000002] [_,0x01300193]  237     PC=(0x80000340,0x8000033c,0x80000338) [63, 19, 19], WB: DASM(00200e93)
Cyc=       255 Op1=[0x00000002] Op2=[0x00000002] W[W, 3= 0x00000013] [_,0x01d11463]  238     PC=(0x80000344,0x80000340,0x8000033c) [63, 99, 19], WB: DASM(01300193)
Cyc=       256 Op1=[0x00000000] Op2=[0x00000013] W[_, 8= 0x00000004] [_,0x00301c63]  239   B PC=(0x80000348,0x80000344,0x80000340) [0f, 99, 99], WB: DASM(01d11463)
Cyc=       257 Op1=[0x00000000] Op2=[0x00000000] W[_,24= 0x00000013] [_,0x0ff0000f]  240     PC=(0x8000035c,0x80000348,0x80000344) [0f, 51, 99], WB: DASM(00301c63)
Cyc=       258 Op1=[0x00000000] Op2=[0x00000000] W[_, 0= 0x00000000] [_,0x0ff0000f]  241     PC=(0x80000360,0x8000035c,0x80000348) [13, 15, 51], WB: DASM(00004033)
Cyc=       259 Op1=[0x00000000] Op2=[0x00000001] W[_, 0= 0x00000000] [_,0x00100193]  241     PC=(0x80000364,0x80000360,0x8000035c) [73, 19, 15], WB: DASM(0ff0000f)
Cyc=       260 Op1=[0x00000000] Op2=[0x00000000] W[W, 3= 0x00000001] [_,0x00000073]  242     PC=(0x80000368,0x80000364,0x80000360) [73,115, 19], WB: DASM(00100193)
Cyc=       261 Op1=[0x00000000] Op2=[0x00000000] W[_, 0= 0x00000000] [_,0xc0001073]  243   X PC=(0x8000036c,0x80000368,0x80000364) [00,115,115], WB: DASM(00000073)
Cyc=       262 Op1=[0x00000000] Op2=[0x00000000] W[_, 0= 0x00000000] [_,0x00000000]  244     PC=(0x80000004,0x8000036c,0x80000368) [73, 51, 51], WB: DASM(00004033)
Cyc=       263 Op1=[0x00000000] Op2=[0x00000002] W[_, 0= 0x00000000] [_,0x34202f73]  245     PC=(0x80000008,0x80000004,0x8000036c) [13,115, 51], WB: DASM(00004033)
Cyc=       264 Op1=[0x00000000] Op2=[0x00000008] W[W,30= 0x0000000b] [_,0x00800f93]  245     PC=(0x8000000c,0x80000008,0x80000004) [63, 19,115], WB: DASM(34202f73)
Cyc=       265 Op1=[0x0000000b] Op2=[0x00000008] W[W,31= 0x00000008] [_,0x03ff0a63]  246     PC=(0x80000010,0x8000000c,0x80000008) [13, 99, 19], WB: DASM(00800f93)
Cyc=       266 Op1=[0x00000000] Op2=[0x00000009] W[_,20= 0x00000013] [_,0x00900f93]  247     PC=(0x80000014,0x80000010,0x8000000c) [63, 19, 99], WB: DASM(03ff0a63)
Cyc=       267 Op1=[0x0000000b] Op2=[0x00000009] W[W,31= 0x00000009] [_,0x03ff0663]  248     PC=(0x80000018,0x80000014,0x80000010) [13, 99, 19], WB: DASM(00900f93)
Cyc=       268 Op1=[0x00000000] Op2=[0x0000000b] W[_,12= 0x00000014] [_,0x00b00f93]  249     PC=(0x8000001c,0x80000018,0x80000014) [63, 19, 99], WB: DASM(03ff0663)
Cyc=       269 Op1=[0x0000000b] Op2=[0x0000000b] W[W,31= 0x0000000b] [_,0x03ff0263]  250   B PC=(0x80000020,0x8000001c,0x80000018) [17, 99, 19], WB: DASM(00b00f93)
Cyc=       270 Op1=[0x80000000] Op2=[0x80000020] W[_, 4= 0x00000016] [_,0x80000f17]  251     PC=(0x80000040,0x80000020,0x8000001c) [17, 51, 99], WB: DASM(03ff0263)
Cyc=       271 Op1=[0x00001000] Op2=[0x80000040] W[_,30= 0x00000020] [_,0x00001f17]  252     PC=(0x80000044,0x80000040,0x80000020) [23, 23, 51], WB: DASM(00004033)
Cyc=       272 Op1=[0x80001040] Op2=[0xffffffc0] W[W,30= 0x80001040] [_,0xfc3f2023]  252     PC=(0x80000048,0x80000044,0x80000040) [6f, 35, 23], WB: DASM(00001f17)
Cyc=       273 Op1=[0x0000000b] Op2=[0x00000000] W[_, 0= 0x80001000] [_,0xff9ff06f]  253   J PC=(0x8000004c,0x80000048,0x80000044) [73,111, 35], WB: DASM(fc3f2023)
Cyc=       274 Op1=[0x00000000] Op2=[0x00000000] W[W, 0= 0x8000004c] [_,0xf1402573]  254     PC=(0x80000040,0x8000004c,0x80000048) [17, 51,111], WB: DASM(ff9ff06f)
Cyc=       275 Op1=[0x00001000] Op2=[0x80000040] W[_,10= 0x00000000] [_,0x00001f17]  255     PC=(0x80000044,0x80000040,0x8000004c) [23, 23, 51], WB: DASM(00004033)
Cyc=       276 Op1=[0x80001040] Op2=[0xffffffc0] W[W,30= 0x80001040] [_,0xfc3f2023]  255     PC=(0x80000048,0x80000044,0x80000040) [6f, 35, 23], WB: DASM(00001f17)
Cyc=       277 Op1=[0x0000000b] Op2=[0x00000000] W[_, 0= 0x80001000] [_,0xff9ff06f]  256   J PC=(0x8000004c,0x80000048,0x80000044) [73,111, 35], WB: DASM(fc3f2023)
Cyc=       278 Op1=[0x00000000] Op2=[0x00000000] W[W, 0= 0x8000004c] [_,0xf1402573]  257     PC=(0x80000040,0x8000004c,0x80000048) [17, 51,111], WB: DASM(ff9ff06f)
Cyc=       279 Op1=[0x00001000] Op2=[0x80000040] W[_,10= 0x00000000] [_,0x00001f17]  258     PC=(0x80000044,0x80000040,0x8000004c) [23, 23, 51], WB: DASM(00004033)
Cyc=       280 Op1=[0x80001040] Op2=[0xffffffc0] W[W,30= 0x80001040] [_,0xfc3f2023]  258     PC=(0x80000048,0x80000044,0x80000040) [6f, 35, 23], WB: DASM(00001f17)
Cyc=       281 Op1=[0x0000000b] Op2=[0x00000000] W[_, 0= 0x80001000] [_,0xff9ff06f]  259   J PC=(0x8000004c,0x80000048,0x80000044) [73,111, 35], WB: DASM(fc3f2023)
Cyc=       282 Op1=[0x00000000] Op2=[0x00000000] W[W, 0= 0x8000004c] [_,0xf1402573]  260     PC=(0x80000040,0x8000004c,0x80000048) [17, 51,111], WB: DASM(ff9ff06f)
Cyc=       283 Op1=[0x00001000] Op2=[0x80000040] W[_,10= 0x00000000] [_,0x00001f17]  261     PC=(0x80000044,0x80000040,0x8000004c) [23, 23, 51], WB: DASM(00004033)
Cyc=       284 Op1=[0x80001040] Op2=[0xffffffc0] W[W,30= 0x80001040] [_,0xfc3f2023]  261     PC=(0x80000048,0x80000044,0x80000040) [6f, 35, 23], WB: DASM(00001f17)
Cyc=       285 Op1=[0x0000000b] Op2=[0x00000000] W[_, 0= 0x80001000] [_,0xff9ff06f]  262   J PC=(0x8000004c,0x80000048,0x80000044) [73,111, 35], WB: DASM(fc3f2023)
Cyc=       286 Op1=[0x00000000] Op2=[0x00000000] W[W, 0= 0x8000004c] [_,0xf1402573]  263     PC=(0x80000040,0x8000004c,0x80000048) [17, 51,111], WB: DASM(ff9ff06f)
Cyc=       287 Op1=[0x00001000] Op2=[0x80000040] W[_,10= 0x00000000] [_,0x00001f17]  264     PC=(0x80000044,0x80000040,0x8000004c) [23, 23, 51], WB: DASM(00004033)
*** PASSED ***
