Instantiated DTM.
Cyc=         0 Op1=[0x00000000] Op2=[0x00000000] W[_, 0= 0x7ffffffc] [_,0x04c0006f]    0   J PC=(0x7ffffffc,0x7ffffffc,0x7ffffffc) [6f, 51, 51], WB: DASM(00004033)
Cyc=         1 Op1=[0x00000000] Op2=[0x00000000] W[_, 0= 0x7ffffffc] [_,0x04c0006f]    0   J PC=(0x80000000,0x7ffffffc,0x7ffffffc) [6f, 51, 51], WB: DASM(00004033)
Cyc=         2 Op1=[0x00000000] Op2=[0x00000000] W[_, 0= 0x80000000] [_,0x04c0006f]    0   J PC=(0x80000004,0x80000000,0x7ffffffc) [73,111, 51], WB: DASM(00004033)
Cyc=         3 Op1=[0x00000000] Op2=[0x00000000] W[W, 0= 0x80000004] [_,0x34202f73]    0     PC=(0x8000004c,0x80000004,0x80000000) [73, 51,111], WB: DASM(04c0006f)
Cyc=         4 Op1=[0x00000000] Op2=[0x00000000] W[_,30= 0x00000000] [_,0xf1402573]    1     PC=(0x80000050,0x8000004c,0x80000004) [63,115, 51], WB: DASM(00004033)
Cyc=         5 Op1=[0x00000000] Op2=[0x00000000] W[W,10= 0x00000000] [_,0x00051063]    1 H   PC=(0x80000054,0x80000050,0x8000004c) [17, 99,115], WB: DASM(f1402573)
Cyc=         6 Op1=[0x00000000] Op2=[0x00000000] W[_, 0= 0x00000000] [_,0x00051063]    2     PC=(0x80000054,0x80000050,0x00000000) [17, 99, 51], WB: DASM(00004033)
Cyc=         7 Op1=[0x00000000] Op2=[0x80000054] W[_, 0= 0x00000000] [_,0x00000297]    2     PC=(0x80000058,0x80000054,0x80000050) [13, 23, 99], WB: DASM(00051063)
Cyc=         8 Op1=[0x80000054] Op2=[0x00000010] W[W, 5= 0x80000054] [_,0x01028293]    3     PC=(0x8000005c,0x80000058,0x80000054) [73, 19, 23], WB: DASM(00000297)
Cyc=         9 Op1=[0x80000064] Op2=[0x80000064] W[W, 5= 0x80000064] [_,0x30529073]    4     PC=(0x80000060,0x8000005c,0x80000058) [73,115, 19], WB: DASM(01028293)
Cyc=        10 Op1=[0x00000000] Op2=[0x00000000] W[W, 0= 0x00000100] [_,0x18005073]    5     PC=(0x80000064,0x80000060,0x8000005c) [17,115,115], WB: DASM(30529073)
Cyc=        11 Op1=[0x00000000] Op2=[0x80000064] W[W, 0= 0x00000000] [_,0x00000297]    6     PC=(0x80000068,0x80000064,0x80000060) [13, 23,115], WB: DASM(18005073)
Cyc=        12 Op1=[0x80000064] Op2=[0x0000001c] W[W, 5= 0x80000064] [_,0x01c28293]    7     PC=(0x8000006c,0x80000068,0x80000064) [73, 19, 23], WB: DASM(00000297)
Cyc=        13 Op1=[0x80000080] Op2=[0x80000080] W[W, 5= 0x80000080] [_,0x30529073]    8     PC=(0x80000070,0x8000006c,0x80000068) [13,115, 19], WB: DASM(01c28293)
Cyc=        14 Op1=[0x00000000] Op2=[0xffffffff] W[W, 0= 0x00000100] [_,0xfff00293]    9     PC=(0x80000074,0x80000070,0x8000006c) [73, 19,115], WB: DASM(30529073)
Cyc=        15 Op1=[0xffffffff] Op2=[0x00000000] W[W, 5= 0xffffffff] [_,0x3b029073]   10     PC=(0x80000078,0x80000074,0x80000070) [13,115, 19], WB: DASM(fff00293)
Cyc=        16 Op1=[0x00000000] Op2=[0x0000001f] W[W, 0= 0x00000000] [_,0x01f00293]   11     PC=(0x8000007c,0x80000078,0x80000074) [73, 19,115], WB: DASM(3b029073)
Cyc=        17 Op1=[0x0000001f] Op2=[0x00000000] W[W, 5= 0x0000001f] [_,0x3a029073]   12     PC=(0x80000080,0x8000007c,0x80000078) [17,115, 19], WB: DASM(01f00293)
Cyc=        18 Op1=[0x00000000] Op2=[0x80000080] W[W, 0= 0x00000000] [_,0x00000297]   13     PC=(0x80000084,0x80000080,0x8000007c) [13, 23,115], WB: DASM(3a029073)
Cyc=        19 Op1=[0x80000080] Op2=[0x00000018] W[W, 5= 0x80000080] [_,0x01828293]   14     PC=(0x80000088,0x80000084,0x80000080) [73, 19, 23], WB: DASM(00000297)
Cyc=        20 Op1=[0x80000098] Op2=[0x80000098] W[W, 5= 0x80000098] [_,0x30529073]   15     PC=(0x8000008c,0x80000088,0x80000084) [73,115, 19], WB: DASM(01828293)
Cyc=        21 Op1=[0x00000000] Op2=[0x00000000] W[W, 0= 0x00000100] [_,0x30205073]   16     PC=(0x80000090,0x8000008c,0x80000088) [73,115,115], WB: DASM(30529073)
Cyc=        22 Op1=[0x00000000] Op2=[0x00000000] W[W, 0= 0x00000000] [_,0x30305073]   17     PC=(0x80000094,0x80000090,0x8000008c) [73,115,115], WB: DASM(30205073)
Cyc=        23 Op1=[0x00000000] Op2=[0x00000000] W[W, 0= 0x00000000] [_,0x30405073]   18     PC=(0x80000098,0x80000094,0x80000090) [13,115,115], WB: DASM(30305073)
Cyc=        24 Op1=[0x00000000] Op2=[0x00000000] W[W, 0= 0x00000000] [_,0x00000193]   19     PC=(0x8000009c,0x80000098,0x80000094) [17, 19,115], WB: DASM(30405073)
Cyc=        25 Op1=[0x00000000] Op2=[0x8000009c] W[W, 3= 0x00000000] [_,0x00000297]   20     PC=(0x800000a0,0x8000009c,0x80000098) [13, 23, 19], WB: DASM(00000193)
Cyc=        26 Op1=[0x8000009c] Op2=[0xffffff68] W[W, 5= 0x8000009c] [_,0xf6828293]   21     PC=(0x800000a4,0x800000a0,0x8000009c) [73, 19, 23], WB: DASM(00000297)
Cyc=        27 Op1=[0x80000004] Op2=[0x80000004] W[W, 5= 0x80000004] [_,0x30529073]   22     PC=(0x800000a8,0x800000a4,0x800000a0) [13,115, 19], WB: DASM(f6828293)
Cyc=        28 Op1=[0x00000000] Op2=[0x00000001] W[W, 0= 0x00000100] [_,0x00100513]   23     PC=(0x800000ac,0x800000a8,0x800000a4) [13, 19,115], WB: DASM(30529073)
Cyc=        29 Op1=[0x00000001] Op2=[0x0000001f] W[W,10= 0x00000001] [_,0x01f51513]   24     PC=(0x800000b0,0x800000ac,0x800000a8) [63, 19, 19], WB: DASM(00100513)
Cyc=        30 Op1=[0x80000000] Op2=[0x00000000] W[W,10= 0x80000000] [_,0x00054863]   25   B PC=(0x800000b4,0x800000b0,0x800000ac) [0f, 99, 19], WB: DASM(01f51513)
Cyc=        31 Op1=[0x00000000] Op2=[0x00000000] W[_,16= 0x80000000] [_,0x0ff0000f]   26     PC=(0x800000c0,0x800000b4,0x800000b0) [17, 51, 99], WB: DASM(00054863)
Cyc=        32 Op1=[0x80000000] Op2=[0x800000c0] W[_, 0= 0x00000000] [_,0x80000297]   27     PC=(0x800000c4,0x800000c0,0x800000b4) [13, 23, 51], WB: DASM(00004033)
Cyc=        33 Op1=[0x000000c0] Op2=[0xffffff40] W[W, 5= 0x000000c0] [_,0xf4028293]   27     PC=(0x800000c8,0x800000c4,0x800000c0) [63, 19, 23], WB: DASM(80000297)
Cyc=        34 Op1=[0x00000000] Op2=[0x00000000] W[W, 5= 0x00000000] [_,0x00028e63]   28   B PC=(0x800000cc,0x800000c8,0x800000c4) [73, 99, 19], WB: DASM(f4028293)
Cyc=        35 Op1=[0x00000000] Op2=[0x00000000] W[_,28= 0x00000000] [_,0x10529073]   29     PC=(0x800000e4,0x800000cc,0x800000c8) [73, 51, 99], WB: DASM(00028e63)
Cyc=        36 Op1=[0x00000000] Op2=[0x00000000] W[_, 0= 0x00000000] [_,0x30005073]   30     PC=(0x800000e8,0x800000e4,0x800000cc) [17,115, 51], WB: DASM(00004033)
Cyc=        37 Op1=[0x00000000] Op2=[0x800000e8] W[W, 0= 0x00001800] [_,0x00000297]   30     PC=(0x800000ec,0x800000e8,0x800000e4) [13, 23,115], WB: DASM(30005073)
Cyc=        38 Op1=[0x800000e8] Op2=[0x00000014] W[W, 5= 0x800000e8] [_,0x01428293]   31     PC=(0x800000f0,0x800000ec,0x800000e8) [73, 19, 23], WB: DASM(00000297)
Cyc=        39 Op1=[0x800000fc] Op2=[0x00000000] W[W, 5= 0x800000fc] [_,0x34129073]   32     PC=(0x800000f4,0x800000f0,0x800000ec) [73,115, 19], WB: DASM(01428293)
Cyc=        40 Op1=[0x00000000] Op2=[0x00000000] W[W, 0= 0x00000000] [_,0xf1402573]   33     PC=(0x800000f8,0x800000f4,0x800000f0) [73,115,115], WB: DASM(34129073)
Cyc=        41 Op1=[0x00000000] Op2=[0x00000000] W[W,10= 0x00000000] [_,0x30200073]   34     PC=(0x800000fc,0x800000f8,0x800000f4) [13,115,115], WB: DASM(f1402573)
Cyc=        42 Op1=[0x00000000] Op2=[0x00000000] W[_, 0= 0x00000000] [_,0x00000093]   35   X PC=(0x80000100,0x800000fc,0x800000f8) [13, 19,115], WB: DASM(30200073)
Cyc=        43 Op1=[0x00000000] Op2=[0x00000000] W[_, 1= 0x00000000] [_,0x00000113]   36     PC=(0x800000fc,0x80000100,0x800000fc) [13, 51, 51], WB: DASM(00004033)
Cyc=        44 Op1=[0x00000000] Op2=[0x00000000] W[_, 2= 0x00000000] [_,0x00000093]   37     PC=(0x80000100,0x800000fc,0x80000100) [13, 19, 51], WB: DASM(00004033)
Cyc=        45 Op1=[0x00000000] Op2=[0x00000000] W[W, 1= 0x00000000] [_,0x00000113]   37     PC=(0x80000104,0x80000100,0x800000fc) [33, 19, 19], WB: DASM(00000093)
Cyc=        46 Op1=[0x00000000] Op2=[0x00000000] W[W, 2= 0x00000000] [_,0x40208f33]   38     PC=(0x80000108,0x80000104,0x80000100) [13, 51, 19], WB: DASM(00000113)
Cyc=        47 Op1=[0x00000000] Op2=[0x00000000] W[W,30= 0x00000000] [_,0x00000e93]   39     PC=(0x8000010c,0x80000108,0x80000104) [13, 19, 51], WB: DASM(40208f33)
Cyc=        48 Op1=[0x00000000] Op2=[0x00000002] W[W,29= 0x00000000] [_,0x00200193]   40     PC=(0x80000110,0x8000010c,0x80000108) [63, 19, 19], WB: DASM(00000e93)
Cyc=        49 Op1=[0x00000000] Op2=[0x00000000] W[W, 3= 0x00000002] [_,0x4bdf1663]   41     PC=(0x80000114,0x80000110,0x8000010c) [13, 99, 19], WB: DASM(00200193)
Cyc=        50 Op1=[0x00000000] Op2=[0x00000001] W[_,12= 0x00000000] [_,0x00100093]   42     PC=(0x80000118,0x80000114,0x80000110) [13, 19, 99], WB: DASM(4bdf1663)
Cyc=        51 Op1=[0x00000000] Op2=[0x00000001] W[W, 1= 0x00000001] [_,0x00100113]   43     PC=(0x8000011c,0x80000118,0x80000114) [33, 19, 19], WB: DASM(00100093)
Cyc=        52 Op1=[0x00000001] Op2=[0x00000001] W[W, 2= 0x00000001] [_,0x40208f33]   44     PC=(0x80000120,0x8000011c,0x80000118) [13, 51, 19], WB: DASM(00100113)
Cyc=        53 Op1=[0x00000000] Op2=[0x00000000] W[W,30= 0x00000000] [_,0x00000e93]   45     PC=(0x80000124,0x80000120,0x8000011c) [13, 19, 51], WB: DASM(40208f33)
Cyc=        54 Op1=[0x00000000] Op2=[0x00000003] W[W,29= 0x00000000] [_,0x00300193]   46     PC=(0x80000128,0x80000124,0x80000120) [63, 19, 19], WB: DASM(00000e93)
Cyc=        55 Op1=[0x00000000] Op2=[0x00000000] W[W, 3= 0x00000003] [_,0x49df1a63]   47     PC=(0x8000012c,0x80000128,0x80000124) [13, 99, 19], WB: DASM(00300193)
Cyc=        56 Op1=[0x00000000] Op2=[0x00000003] W[_,20= 0x00000000] [_,0x00300093]   48     PC=(0x80000130,0x8000012c,0x80000128) [13, 19, 99], WB: DASM(49df1a63)
Cyc=        57 Op1=[0x00000000] Op2=[0x00000007] W[W, 1= 0x00000003] [_,0x00700113]   49     PC=(0x80000134,0x80000130,0x8000012c) [33, 19, 19], WB: DASM(00300093)
Cyc=        58 Op1=[0x00000003] Op2=[0x00000007] W[W, 2= 0x00000007] [_,0x40208f33]   50     PC=(0x80000138,0x80000134,0x80000130) [13, 51, 19], WB: DASM(00700113)
Cyc=        59 Op1=[0x00000000] Op2=[0xfffffffc] W[W,30= 0xfffffffc] [_,0xffc00e93]   51     PC=(0x8000013c,0x80000138,0x80000134) [13, 19, 51], WB: DASM(40208f33)
Cyc=        60 Op1=[0x00000000] Op2=[0x00000004] W[W,29= 0xfffffffc] [_,0x00400193]   52     PC=(0x80000140,0x8000013c,0x80000138) [63, 19, 19], WB: DASM(ffc00e93)
Cyc=        61 Op1=[0xfffffffc] Op2=[0xfffffffc] W[W, 3= 0x00000004] [_,0x47df1e63]   53     PC=(0x80000144,0x80000140,0x8000013c) [13, 99, 19], WB: DASM(00400193)
Cyc=        62 Op1=[0x00000000] Op2=[0x00000000] W[_,28= 0xfffffff8] [_,0x00000093]   54     PC=(0x80000148,0x80000144,0x80000140) [37, 19, 99], WB: DASM(47df1e63)
Cyc=        63 Op1=[0xffff8000] Op2=[0x00000000] W[W, 1= 0x00000000] [_,0xffff8137]   55     PC=(0x8000014c,0x80000148,0x80000144) [33, 55, 19], WB: DASM(00000093)
Cyc=        64 Op1=[0x00000000] Op2=[0xffff8000] W[W, 2= 0xffff8000] [_,0x40208f33]   56     PC=(0x80000150,0x8000014c,0x80000148) [37, 51, 55], WB: DASM(ffff8137)
Cyc=        65 Op1=[0x00008000] Op2=[0x00000000] W[W,30= 0x00008000] [_,0x00008eb7]   57     PC=(0x80000154,0x80000150,0x8000014c) [13, 55, 51], WB: DASM(40208f33)
Cyc=        66 Op1=[0x00000000] Op2=[0x00000005] W[W,29= 0x00008000] [_,0x00500193]   58     PC=(0x80000158,0x80000154,0x80000150) [63, 19, 55], WB: DASM(00008eb7)
Cyc=        67 Op1=[0x00008000] Op2=[0x00008000] W[W, 3= 0x00000005] [_,0x47df1263]   59     PC=(0x8000015c,0x80000158,0x80000154) [37, 99, 19], WB: DASM(00500193)
Cyc=        68 Op1=[0x80000000] Op2=[0x00000000] W[_, 4= 0x00010000] [_,0x800000b7]   60     PC=(0x80000160,0x8000015c,0x80000158) [13, 55, 99], WB: DASM(47df1263)
Cyc=        69 Op1=[0x00000000] Op2=[0x00000000] W[W, 1= 0x80000000] [_,0x00000113]   61     PC=(0x80000164,0x80000160,0x8000015c) [33, 19, 55], WB: DASM(800000b7)
Cyc=        70 Op1=[0x80000000] Op2=[0x00000000] W[W, 2= 0x00000000] [_,0x40208f33]   62     PC=(0x80000168,0x80000164,0x80000160) [37, 51, 19], WB: DASM(00000113)
Cyc=        71 Op1=[0x80000000] Op2=[0x00000000] W[W,30= 0x80000000] [_,0x80000eb7]   63     PC=(0x8000016c,0x80000168,0x80000164) [13, 55, 51], WB: DASM(40208f33)
Cyc=        72 Op1=[0x00000000] Op2=[0x00000006] W[W,29= 0x80000000] [_,0x00600193]   64     PC=(0x80000170,0x8000016c,0x80000168) [63, 19, 55], WB: DASM(80000eb7)
Cyc=        73 Op1=[0x80000000] Op2=[0x80000000] W[W, 3= 0x00000006] [_,0x45df1663]   65     PC=(0x80000174,0x80000170,0x8000016c) [37, 99, 19], WB: DASM(00600193)
Cyc=        74 Op1=[0x80000000] Op2=[0x00000000] W[_,12= 0x00000000] [_,0x800000b7]   66     PC=(0x80000178,0x80000174,0x80000170) [37, 55, 99], WB: DASM(45df1663)
Cyc=        75 Op1=[0xffff8000] Op2=[0x00000000] W[W, 1= 0x80000000] [_,0xffff8137]   67     PC=(0x8000017c,0x80000178,0x80000174) [33, 55, 55], WB: DASM(800000b7)
Cyc=        76 Op1=[0x80000000] Op2=[0xffff8000] W[W, 2= 0xffff8000] [_,0x40208f33]   68     PC=(0x80000180,0x8000017c,0x80000178) [37, 51, 55], WB: DASM(ffff8137)
Cyc=        77 Op1=[0x80008000] Op2=[0x00000000] W[W,30= 0x80008000] [_,0x80008eb7]   69     PC=(0x80000184,0x80000180,0x8000017c) [13, 55, 51], WB: DASM(40208f33)
Cyc=        78 Op1=[0x00000000] Op2=[0x00000007] W[W,29= 0x80008000] [_,0x00700193]   70     PC=(0x80000188,0x80000184,0x80000180) [63, 19, 55], WB: DASM(80008eb7)
Cyc=        79 Op1=[0x80008000] Op2=[0x80008000] W[W, 3= 0x00000007] [_,0x43df1a63]   71     PC=(0x8000018c,0x80000188,0x80000184) [13, 99, 19], WB: DASM(00700193)
Cyc=        80 Op1=[0x00000000] Op2=[0x00000000] W[_,20= 0x00010000] [_,0x00000093]   72     PC=(0x80000190,0x8000018c,0x80000188) [37, 19, 99], WB: DASM(43df1a63)
Cyc=        81 Op1=[0x00008000] Op2=[0x00000000] W[W, 1= 0x00000000] [_,0x00008137]   73     PC=(0x80000194,0x80000190,0x8000018c) [13, 55, 19], WB: DASM(00000093)
Cyc=        82 Op1=[0x00008000] Op2=[0xffffffff] W[W, 2= 0x00008000] [_,0xfff10113]   74     PC=(0x80000198,0x80000194,0x80000190) [33, 19, 55], WB: DASM(00008137)
Cyc=        83 Op1=[0x00000000] Op2=[0x00007fff] W[W, 2= 0x00007fff] [_,0x40208f33]   75     PC=(0x8000019c,0x80000198,0x80000194) [37, 51, 19], WB: DASM(fff10113)
Cyc=        84 Op1=[0xffff8000] Op2=[0x00000000] W[W,30= 0xffff8001] [_,0xffff8eb7]   76     PC=(0x800001a0,0x8000019c,0x80000198) [13, 55, 51], WB: DASM(40208f33)
Cyc=        85 Op1=[0xffff8000] Op2=[0x00000001] W[W,29= 0xffff8000] [_,0x001e8e93]   77     PC=(0x800001a4,0x800001a0,0x8000019c) [13, 19, 55], WB: DASM(ffff8eb7)
Cyc=        86 Op1=[0x00000000] Op2=[0x00000008] W[W,29= 0xffff8001] [_,0x00800193]   78     PC=(0x800001a8,0x800001a4,0x800001a0) [63, 19, 19], WB: DASM(001e8e93)
Cyc=        87 Op1=[0xffff8001] Op2=[0xffff8001] W[W, 3= 0x00000008] [_,0x41df1a63]   79     PC=(0x800001ac,0x800001a8,0x800001a4) [37, 99, 19], WB: DASM(00800193)
Cyc=        88 Op1=[0x80000000] Op2=[0x00000000] W[_,20= 0xffff0002] [_,0x800000b7]   80     PC=(0x800001b0,0x800001ac,0x800001a8) [13, 55, 99], WB: DASM(41df1a63)
Cyc=        89 Op1=[0x80000000] Op2=[0xffffffff] W[W, 1= 0x80000000] [_,0xfff08093]   81     PC=(0x800001b4,0x800001b0,0x800001ac) [13, 19, 55], WB: DASM(800000b7)
Cyc=        90 Op1=[0x00000000] Op2=[0x00000000] W[W, 1= 0x7fffffff] [_,0x00000113]   82     PC=(0x800001b8,0x800001b4,0x800001b0) [33, 19, 19], WB: DASM(fff08093)
Cyc=        91 Op1=[0x7fffffff] Op2=[0x00000000] W[W, 2= 0x00000000] [_,0x40208f33]   83     PC=(0x800001bc,0x800001b8,0x800001b4) [37, 51, 19], WB: DASM(00000113)
Cyc=        92 Op1=[0x80000000] Op2=[0x00000000] W[W,30= 0x7fffffff] [_,0x80000eb7]   84     PC=(0x800001c0,0x800001bc,0x800001b8) [13, 55, 51], WB: DASM(40208f33)
Cyc=        93 Op1=[0x80000000] Op2=[0xffffffff] W[W,29= 0x80000000] [_,0xfffe8e93]   85     PC=(0x800001c4,0x800001c0,0x800001bc) [13, 19, 55], WB: DASM(80000eb7)
Cyc=        94 Op1=[0x00000000] Op2=[0x00000009] W[W,29= 0x7fffffff] [_,0x00900193]   86     PC=(0x800001c8,0x800001c4,0x800001c0) [63, 19, 19], WB: DASM(fffe8e93)
Cyc=        95 Op1=[0x7fffffff] Op2=[0x7fffffff] W[W, 3= 0x00000009] [_,0x3fdf1a63]   87     PC=(0x800001cc,0x800001c8,0x800001c4) [37, 99, 19], WB: DASM(00900193)
Cyc=        96 Op1=[0x80000000] Op2=[0x00000000] W[_,20= 0xfffffffe] [_,0x800000b7]   88     PC=(0x800001d0,0x800001cc,0x800001c8) [13, 55, 99], WB: DASM(3fdf1a63)
Cyc=        97 Op1=[0x80000000] Op2=[0xffffffff] W[W, 1= 0x80000000] [_,0xfff08093]   89     PC=(0x800001d4,0x800001d0,0x800001cc) [37, 19, 55], WB: DASM(800000b7)
Cyc=        98 Op1=[0x00008000] Op2=[0x00000000] W[W, 1= 0x7fffffff] [_,0x00008137]   90     PC=(0x800001d8,0x800001d4,0x800001d0) [13, 55, 19], WB: DASM(fff08093)
Cyc=        99 Op1=[0x00008000] Op2=[0xffffffff] W[W, 2= 0x00008000] [_,0xfff10113]   91     PC=(0x800001dc,0x800001d8,0x800001d4) [33, 19, 55], WB: DASM(00008137)
Cyc=       100 Op1=[0x7fffffff] Op2=[0x00007fff] W[W, 2= 0x00007fff] [_,0x40208f33]   92     PC=(0x800001e0,0x800001dc,0x800001d8) [37, 51, 19], WB: DASM(fff10113)
Cyc=       101 Op1=[0x7fff8000] Op2=[0x00000000] W[W,30= 0x7fff8000] [_,0x7fff8eb7]   93     PC=(0x800001e4,0x800001e0,0x800001dc) [13, 55, 51], WB: DASM(40208f33)
Cyc=       102 Op1=[0x00000000] Op2=[0x0000000a] W[W,29= 0x7fff8000] [_,0x00a00193]   94     PC=(0x800001e8,0x800001e4,0x800001e0) [63, 19, 55], WB: DASM(7fff8eb7)
Cyc=       103 Op1=[0x7fff8000] Op2=[0x7fff8000] W[W, 3= 0x0000000a] [_,0x3ddf1a63]   95     PC=(0x800001ec,0x800001e8,0x800001e4) [37, 99, 19], WB: DASM(00a00193)
Cyc=       104 Op1=[0x80000000] Op2=[0x00000000] W[_,20= 0xffff0000] [_,0x800000b7]   96     PC=(0x800001f0,0x800001ec,0x800001e8) [37, 55, 99], WB: DASM(3ddf1a63)
Cyc=       105 Op1=[0x00008000] Op2=[0x00000000] W[W, 1= 0x80000000] [_,0x00008137]   97     PC=(0x800001f4,0x800001f0,0x800001ec) [13, 55, 55], WB: DASM(800000b7)
Cyc=       106 Op1=[0x00008000] Op2=[0xffffffff] W[W, 2= 0x00008000] [_,0xfff10113]   98     PC=(0x800001f8,0x800001f4,0x800001f0) [33, 19, 55], WB: DASM(00008137)
Cyc=       107 Op1=[0x80000000] Op2=[0x00007fff] W[W, 2= 0x00007fff] [_,0x40208f33]   99     PC=(0x800001fc,0x800001f8,0x800001f4) [37, 51, 19], WB: DASM(fff10113)
Cyc=       108 Op1=[0x7fff8000] Op2=[0x00000000] W[W,30= 0x7fff8001] [_,0x7fff8eb7]  100     PC=(0x80000200,0x800001fc,0x800001f8) [13, 55, 51], WB: DASM(40208f33)
Cyc=       109 Op1=[0x7fff8000] Op2=[0x00000001] W[W,29= 0x7fff8000] [_,0x001e8e93]  101     PC=(0x80000204,0x80000200,0x800001fc) [13, 19, 55], WB: DASM(7fff8eb7)
Cyc=       110 Op1=[0x00000000] Op2=[0x0000000b] W[W,29= 0x7fff8001] [_,0x00b00193]  102     PC=(0x80000208,0x80000204,0x80000200) [63, 19, 19], WB: DASM(001e8e93)
Cyc=       111 Op1=[0x7fff8001] Op2=[0x7fff8001] W[W, 3= 0x0000000b] [_,0x3bdf1a63]  103     PC=(0x8000020c,0x80000208,0x80000204) [37, 99, 19], WB: DASM(00b00193)
Cyc=       112 Op1=[0x80000000] Op2=[0x00000000] W[_,20= 0xffff0002] [_,0x800000b7]  104     PC=(0x80000210,0x8000020c,0x80000208) [13, 55, 99], WB: DASM(3bdf1a63)
Cyc=       113 Op1=[0x80000000] Op2=[0xffffffff] W[W, 1= 0x80000000] [_,0xfff08093]  105     PC=(0x80000214,0x80000210,0x8000020c) [37, 19, 55], WB: DASM(800000b7)
Cyc=       114 Op1=[0xffff8000] Op2=[0x00000000] W[W, 1= 0x7fffffff] [_,0xffff8137]  106     PC=(0x80000218,0x80000214,0x80000210) [33, 55, 19], WB: DASM(fff08093)
Cyc=       115 Op1=[0x7fffffff] Op2=[0xffff8000] W[W, 2= 0xffff8000] [_,0x40208f33]  107     PC=(0x8000021c,0x80000218,0x80000214) [37, 51, 55], WB: DASM(ffff8137)
Cyc=       116 Op1=[0x80008000] Op2=[0x00000000] W[W,30= 0x80007fff] [_,0x80008eb7]  108     PC=(0x80000220,0x8000021c,0x80000218) [13, 55, 51], WB: DASM(40208f33)
Cyc=       117 Op1=[0x80008000] Op2=[0xffffffff] W[W,29= 0x80008000] [_,0xfffe8e93]  109     PC=(0x80000224,0x80000220,0x8000021c) [13, 19, 55], WB: DASM(80008eb7)
Cyc=       118 Op1=[0x00000000] Op2=[0x0000000c] W[W,29= 0x80007fff] [_,0x00c00193]  110     PC=(0x80000228,0x80000224,0x80000220) [63, 19, 19], WB: DASM(fffe8e93)
Cyc=       119 Op1=[0x80007fff] Op2=[0x80007fff] W[W, 3= 0x0000000c] [_,0x39df1a63]  111     PC=(0x8000022c,0x80000228,0x80000224) [13, 99, 19], WB: DASM(00c00193)
Cyc=       120 Op1=[0x00000000] Op2=[0x00000000] W[_,20= 0x0000fffe] [_,0x00000093]  112     PC=(0x80000230,0x8000022c,0x80000228) [13, 19, 99], WB: DASM(39df1a63)
Cyc=       121 Op1=[0x00000000] Op2=[0xffffffff] W[W, 1= 0x00000000] [_,0xfff00113]  113     PC=(0x80000234,0x80000230,0x8000022c) [33, 19, 19], WB: DASM(00000093)
Cyc=       122 Op1=[0x00000000] Op2=[0xffffffff] W[W, 2= 0xffffffff] [_,0x40208f33]  114     PC=(0x80000238,0x80000234,0x80000230) [13, 51, 19], WB: DASM(fff00113)
Cyc=       123 Op1=[0x00000000] Op2=[0x00000001] W[W,30= 0x00000001] [_,0x00100e93]  115     PC=(0x8000023c,0x80000238,0x80000234) [13, 19, 51], WB: DASM(40208f33)
Cyc=       124 Op1=[0x00000000] Op2=[0x0000000d] W[W,29= 0x00000001] [_,0x00d00193]  116     PC=(0x80000240,0x8000023c,0x80000238) [63, 19, 19], WB: DASM(00100e93)
Cyc=       125 Op1=[0x00000001] Op2=[0x00000001] W[W, 3= 0x0000000d] [_,0x37df1e63]  117     PC=(0x80000244,0x80000240,0x8000023c) [13, 99, 19], WB: DASM(00d00193)
Cyc=       126 Op1=[0x00000000] Op2=[0xffffffff] W[_,28= 0x00000002] [_,0xfff00093]  118     PC=(0x80000248,0x80000244,0x80000240) [13, 19, 99], WB: DASM(37df1e63)
Cyc=       127 Op1=[0x00000000] Op2=[0x00000001] W[W, 1= 0xffffffff] [_,0x00100113]  119     PC=(0x8000024c,0x80000248,0x80000244) [33, 19, 19], WB: DASM(fff00093)
Cyc=       128 Op1=[0xffffffff] Op2=[0x00000001] W[W, 2= 0x00000001] [_,0x40208f33]  120     PC=(0x80000250,0x8000024c,0x80000248) [13, 51, 19], WB: DASM(00100113)
Cyc=       129 Op1=[0x00000000] Op2=[0xfffffffe] W[W,30= 0xfffffffe] [_,0xffe00e93]  121     PC=(0x80000254,0x80000250,0x8000024c) [13, 19, 51], WB: DASM(40208f33)
Cyc=       130 Op1=[0x00000000] Op2=[0x0000000e] W[W,29= 0xfffffffe] [_,0x00e00193]  122     PC=(0x80000258,0x80000254,0x80000250) [63, 19, 19], WB: DASM(ffe00e93)
Cyc=       131 Op1=[0xfffffffe] Op2=[0xfffffffe] W[W, 3= 0x0000000e] [_,0x37df1263]  123     PC=(0x8000025c,0x80000258,0x80000254) [13, 99, 19], WB: DASM(00e00193)
Cyc=       132 Op1=[0x00000000] Op2=[0xffffffff] W[_, 4= 0xfffffffc] [_,0xfff00093]  124     PC=(0x80000260,0x8000025c,0x80000258) [13, 19, 99], WB: DASM(37df1263)
Cyc=       133 Op1=[0x00000000] Op2=[0xffffffff] W[W, 1= 0xffffffff] [_,0xfff00113]  125     PC=(0x80000264,0x80000260,0x8000025c) [33, 19, 19], WB: DASM(fff00093)
Cyc=       134 Op1=[0xffffffff] Op2=[0xffffffff] W[W, 2= 0xffffffff] [_,0x40208f33]  126     PC=(0x80000268,0x80000264,0x80000260) [13, 51, 19], WB: DASM(fff00113)
Cyc=       135 Op1=[0x00000000] Op2=[0x00000000] W[W,30= 0x00000000] [_,0x00000e93]  127     PC=(0x8000026c,0x80000268,0x80000264) [13, 19, 51], WB: DASM(40208f33)
Cyc=       136 Op1=[0x00000000] Op2=[0x0000000f] W[W,29= 0x00000000] [_,0x00f00193]  128     PC=(0x80000270,0x8000026c,0x80000268) [63, 19, 19], WB: DASM(00000e93)
Cyc=       137 Op1=[0x00000000] Op2=[0x00000000] W[W, 3= 0x0000000f] [_,0x35df1663]  129     PC=(0x80000274,0x80000270,0x8000026c) [13, 99, 19], WB: DASM(00f00193)
Cyc=       138 Op1=[0x00000000] Op2=[0x0000000d] W[_,12= 0x00000000] [_,0x00d00093]  130     PC=(0x80000278,0x80000274,0x80000270) [13, 19, 99], WB: DASM(35df1663)
Cyc=       139 Op1=[0x00000000] Op2=[0x0000000b] W[W, 1= 0x0000000d] [_,0x00b00113]  131     PC=(0x8000027c,0x80000278,0x80000274) [33, 19, 19], WB: DASM(00d00093)
Cyc=       140 Op1=[0x0000000d] Op2=[0x0000000b] W[W, 2= 0x0000000b] [_,0x402080b3]  132     PC=(0x80000280,0x8000027c,0x80000278) [13, 51, 19], WB: DASM(00b00113)
Cyc=       141 Op1=[0x00000000] Op2=[0x00000002] W[W, 1= 0x00000002] [_,0x00200e93]  133     PC=(0x80000284,0x80000280,0x8000027c) [13, 19, 51], WB: DASM(402080b3)
Cyc=       142 Op1=[0x00000000] Op2=[0x00000010] W[W,29= 0x00000002] [_,0x01000193]  134     PC=(0x80000288,0x80000284,0x80000280) [63, 19, 19], WB: DASM(00200e93)
Cyc=       143 Op1=[0x00000002] Op2=[0x00000002] W[W, 3= 0x00000010] [_,0x33d09a63]  135     PC=(0x8000028c,0x80000288,0x80000284) [13, 99, 19], WB: DASM(01000193)
Cyc=       144 Op1=[0x00000000] Op2=[0x0000000e] W[_,20= 0x00000004] [_,0x00e00093]  136     PC=(0x80000290,0x8000028c,0x80000288) [13, 19, 99], WB: DASM(33d09a63)
Cyc=       145 Op1=[0x00000000] Op2=[0x0000000b] W[W, 1= 0x0000000e] [_,0x00b00113]  137     PC=(0x80000294,0x80000290,0x8000028c) [33, 19, 19], WB: DASM(00e00093)
Cyc=       146 Op1=[0x0000000e] Op2=[0x0000000b] W[W, 2= 0x0000000b] [_,0x40208133]  138     PC=(0x80000298,0x80000294,0x80000290) [13, 51, 19], WB: DASM(00b00113)
Cyc=       147 Op1=[0x00000000] Op2=[0x00000003] W[W, 2= 0x00000003] [_,0x00300e93]  139     PC=(0x8000029c,0x80000298,0x80000294) [13, 19, 51], WB: DASM(40208133)
Cyc=       148 Op1=[0x00000000] Op2=[0x00000011] W[W,29= 0x00000003] [_,0x01100193]  140     PC=(0x800002a0,0x8000029c,0x80000298) [63, 19, 19], WB: DASM(00300e93)
Cyc=       149 Op1=[0x00000003] Op2=[0x00000003] W[W, 3= 0x00000011] [_,0x31d11e63]  141     PC=(0x800002a4,0x800002a0,0x8000029c) [13, 99, 19], WB: DASM(01100193)
Cyc=       150 Op1=[0x00000000] Op2=[0x0000000d] W[_,28= 0x00000006] [_,0x00d00093]  142     PC=(0x800002a8,0x800002a4,0x800002a0) [33, 19, 99], WB: DASM(31d11e63)
Cyc=       151 Op1=[0x0000000d] Op2=[0x0000000d] W[W, 1= 0x0000000d] [_,0x401080b3]  143     PC=(0x800002ac,0x800002a8,0x800002a4) [13, 51, 19], WB: DASM(00d00093)
Cyc=       152 Op1=[0x00000000] Op2=[0x00000000] W[W, 1= 0x00000000] [_,0x00000e93]  144     PC=(0x800002b0,0x800002ac,0x800002a8) [13, 19, 51], WB: DASM(401080b3)
Cyc=       153 Op1=[0x00000000] Op2=[0x00000012] W[W,29= 0x00000000] [_,0x01200193]  145     PC=(0x800002b4,0x800002b0,0x800002ac) [63, 19, 19], WB: DASM(00000e93)
Cyc=       154 Op1=[0x00000000] Op2=[0x00000000] W[W, 3= 0x00000012] [_,0x31d09463]  146     PC=(0x800002b8,0x800002b4,0x800002b0) [13, 99, 19], WB: DASM(01200193)
Cyc=       155 Op1=[0x00000000] Op2=[0x00000000] W[_, 8= 0x00000000] [_,0x00000213]  147     PC=(0x800002bc,0x800002b8,0x800002b4) [13, 19, 99], WB: DASM(31d09463)
Cyc=       156 Op1=[0x00000000] Op2=[0x0000000d] W[W, 4= 0x00000000] [_,0x00d00093]  148     PC=(0x800002c0,0x800002bc,0x800002b8) [13, 19, 19], WB: DASM(00000213)
Cyc=       157 Op1=[0x00000000] Op2=[0x0000000b] W[W, 1= 0x0000000d] [_,0x00b00113]  149     PC=(0x800002c4,0x800002c0,0x800002bc) [33, 19, 19], WB: DASM(00d00093)
Cyc=       158 Op1=[0x0000000d] Op2=[0x0000000b] W[W, 2= 0x0000000b] [_,0x40208f33]  150     PC=(0x800002c8,0x800002c4,0x800002c0) [13, 51, 19], WB: DASM(00b00113)
Cyc=       159 Op1=[0x00000002] Op2=[0x00000000] W[W,30= 0x00000002] [_,0x000f0313]  151     PC=(0x800002cc,0x800002c8,0x800002c4) [13, 19, 51], WB: DASM(40208f33)
Cyc=       160 Op1=[0x00000000] Op2=[0x00000001] W[W, 6= 0x00000002] [_,0x00120213]  152     PC=(0x800002d0,0x800002cc,0x800002c8) [13, 19, 19], WB: DASM(000f0313)
Cyc=       161 Op1=[0x00000000] Op2=[0x00000002] W[W, 4= 0x00000001] [_,0x00200293]  153     PC=(0x800002d4,0x800002d0,0x800002cc) [63, 19, 19], WB: DASM(00120213)
Cyc=       162 Op1=[0x00000001] Op2=[0x00000002] W[W, 5= 0x00000002] [_,0xfe5214e3]  154   B PC=(0x800002d8,0x800002d4,0x800002d0) [13, 99, 19], WB: DASM(00200293)
Cyc=       163 Op1=[0x00000000] Op2=[0x00000002] W[_, 9= 0x00000003] [_,0x00200e93]  155     PC=(0x800002bc,0x800002d8,0x800002d4) [13, 51, 99], WB: DASM(fe5214e3)
Cyc=       164 Op1=[0x00000000] Op2=[0x0000000d] W[_,29= 0x00000002] [_,0x00d00093]  156     PC=(0x800002c0,0x800002bc,0x800002d8) [13, 19, 51], WB: DASM(00004033)
Cyc=       165 Op1=[0x00000000] Op2=[0x0000000b] W[W, 1= 0x0000000d] [_,0x00b00113]  156     PC=(0x800002c4,0x800002c0,0x800002bc) [33, 19, 19], WB: DASM(00d00093)
Cyc=       166 Op1=[0x0000000d] Op2=[0x0000000b] W[W, 2= 0x0000000b] [_,0x40208f33]  157     PC=(0x800002c8,0x800002c4,0x800002c0) [13, 51, 19], WB: DASM(00b00113)
Cyc=       167 Op1=[0x00000002] Op2=[0x00000000] W[W,30= 0x00000002] [_,0x000f0313]  158     PC=(0x800002cc,0x800002c8,0x800002c4) [13, 19, 51], WB: DASM(40208f33)
Cyc=       168 Op1=[0x00000001] Op2=[0x00000001] W[W, 6= 0x00000002] [_,0x00120213]  159     PC=(0x800002d0,0x800002cc,0x800002c8) [13, 19, 19], WB: DASM(000f0313)
Cyc=       169 Op1=[0x00000000] Op2=[0x00000002] W[W, 4= 0x00000002] [_,0x00200293]  160     PC=(0x800002d4,0x800002d0,0x800002cc) [63, 19, 19], WB: DASM(00120213)
Cyc=       170 Op1=[0x00000002] Op2=[0x00000002] W[W, 5= 0x00000002] [_,0xfe5214e3]  161     PC=(0x800002d8,0x800002d4,0x800002d0) [13, 99, 19], WB: DASM(00200293)
Cyc=       171 Op1=[0x00000000] Op2=[0x00000002] W[_, 9= 0x00000004] [_,0x00200e93]  162     PC=(0x800002dc,0x800002d8,0x800002d4) [13, 19, 99], WB: DASM(fe5214e3)
Cyc=       172 Op1=[0x00000000] Op2=[0x00000013] W[W,29= 0x00000002] [_,0x01300193]  163     PC=(0x800002e0,0x800002dc,0x800002d8) [63, 19, 19], WB: DASM(00200e93)
Cyc=       173 Op1=[0x00000002] Op2=[0x00000002] W[W, 3= 0x00000013] [_,0x2dd31e63]  164     PC=(0x800002e4,0x800002e0,0x800002dc) [13, 99, 19], WB: DASM(01300193)
Cyc=       174 Op1=[0x00000000] Op2=[0x00000000] W[_,28= 0x00000004] [_,0x00000213]  165     PC=(0x800002e8,0x800002e4,0x800002e0) [13, 19, 99], WB: DASM(2dd31e63)
Cyc=       175 Op1=[0x00000000] Op2=[0x0000000e] W[W, 4= 0x00000000] [_,0x00e00093]  166     PC=(0x800002ec,0x800002e8,0x800002e4) [13, 19, 19], WB: DASM(00000213)
Cyc=       176 Op1=[0x00000000] Op2=[0x0000000b] W[W, 1= 0x0000000e] [_,0x00b00113]  167     PC=(0x800002f0,0x800002ec,0x800002e8) [33, 19, 19], WB: DASM(00e00093)
Cyc=       177 Op1=[0x0000000e] Op2=[0x0000000b] W[W, 2= 0x0000000b] [_,0x40208f33]  168     PC=(0x800002f4,0x800002f0,0x800002ec) [13, 51, 19], WB: DASM(00b00113)
Cyc=       178 Op1=[0x00000000] Op2=[0x00000000] W[W,30= 0x00000003] [_,0x00000013]  169     PC=(0x800002f8,0x800002f4,0x800002f0) [13, 19, 51], WB: DASM(40208f33)
Cyc=       179 Op1=[0x00000003] Op2=[0x00000000] W[W, 0= 0x00000000] [_,0x000f0313]  170     PC=(0x800002fc,0x800002f8,0x800002f4) [13, 19, 19], WB: DASM(00000013)
Cyc=       180 Op1=[0x00000000] Op2=[0x00000001] W[W, 6= 0x00000003] [_,0x00120213]  171     PC=(0x80000300,0x800002fc,0x800002f8) [13, 19, 19], WB: DASM(000f0313)
Cyc=       181 Op1=[0x00000000] Op2=[0x00000002] W[W, 4= 0x00000001] [_,0x00200293]  172     PC=(0x80000304,0x80000300,0x800002fc) [63, 19, 19], WB: DASM(00120213)
Cyc=       182 Op1=[0x00000001] Op2=[0x00000002] W[W, 5= 0x00000002] [_,0xfe5212e3]  173   B PC=(0x80000308,0x80000304,0x80000300) [13, 99, 19], WB: DASM(00200293)
Cyc=       183 Op1=[0x00000000] Op2=[0x00000003] W[_, 5= 0x00000003] [_,0x00300e93]  174     PC=(0x800002e8,0x80000308,0x80000304) [13, 51, 99], WB: DASM(fe5212e3)
Cyc=       184 Op1=[0x00000000] Op2=[0x0000000e] W[_,29= 0x00000003] [_,0x00e00093]  175     PC=(0x800002ec,0x800002e8,0x80000308) [13, 19, 51], WB: DASM(00004033)
Cyc=       185 Op1=[0x00000000] Op2=[0x0000000b] W[W, 1= 0x0000000e] [_,0x00b00113]  175     PC=(0x800002f0,0x800002ec,0x800002e8) [33, 19, 19], WB: DASM(00e00093)
Cyc=       186 Op1=[0x0000000e] Op2=[0x0000000b] W[W, 2= 0x0000000b] [_,0x40208f33]  176     PC=(0x800002f4,0x800002f0,0x800002ec) [13, 51, 19], WB: DASM(00b00113)
Cyc=       187 Op1=[0x00000000] Op2=[0x00000000] W[W,30= 0x00000003] [_,0x00000013]  177     PC=(0x800002f8,0x800002f4,0x800002f0) [13, 19, 51], WB: DASM(40208f33)
Cyc=       188 Op1=[0x00000003] Op2=[0x00000000] W[W, 0= 0x00000000] [_,0x000f0313]  178     PC=(0x800002fc,0x800002f8,0x800002f4) [13, 19, 19], WB: DASM(00000013)
Cyc=       189 Op1=[0x00000001] Op2=[0x00000001] W[W, 6= 0x00000003] [_,0x00120213]  179     PC=(0x80000300,0x800002fc,0x800002f8) [13, 19, 19], WB: DASM(000f0313)
Cyc=       190 Op1=[0x00000000] Op2=[0x00000002] W[W, 4= 0x00000002] [_,0x00200293]  180     PC=(0x80000304,0x80000300,0x800002fc) [63, 19, 19], WB: DASM(00120213)
Cyc=       191 Op1=[0x00000002] Op2=[0x00000002] W[W, 5= 0x00000002] [_,0xfe5212e3]  181     PC=(0x80000308,0x80000304,0x80000300) [13, 99, 19], WB: DASM(00200293)
Cyc=       192 Op1=[0x00000000] Op2=[0x00000003] W[_, 5= 0x00000004] [_,0x00300e93]  182     PC=(0x8000030c,0x80000308,0x80000304) [13, 19, 99], WB: DASM(fe5212e3)
Cyc=       193 Op1=[0x00000000] Op2=[0x00000014] W[W,29= 0x00000003] [_,0x01400193]  183     PC=(0x80000310,0x8000030c,0x80000308) [63, 19, 19], WB: DASM(00300e93)
Cyc=       194 Op1=[0x00000003] Op2=[0x00000003] W[W, 3= 0x00000014] [_,0x2bd31663]  184     PC=(0x80000314,0x80000310,0x8000030c) [13, 99, 19], WB: DASM(01400193)
Cyc=       195 Op1=[0x00000000] Op2=[0x00000000] W[_,12= 0x00000006] [_,0x00000213]  185     PC=(0x80000318,0x80000314,0x80000310) [13, 19, 99], WB: DASM(2bd31663)
Cyc=       196 Op1=[0x00000000] Op2=[0x0000000f] W[W, 4= 0x00000000] [_,0x00f00093]  186     PC=(0x8000031c,0x80000318,0x80000314) [13, 19, 19], WB: DASM(00000213)
Cyc=       197 Op1=[0x00000000] Op2=[0x0000000b] W[W, 1= 0x0000000f] [_,0x00b00113]  187     PC=(0x80000320,0x8000031c,0x80000318) [33, 19, 19], WB: DASM(00f00093)
Cyc=       198 Op1=[0x0000000f] Op2=[0x0000000b] W[W, 2= 0x0000000b] [_,0x40208f33]  188     PC=(0x80000324,0x80000320,0x8000031c) [13, 51, 19], WB: DASM(00b00113)
Cyc=       199 Op1=[0x00000000] Op2=[0x00000000] W[W,30= 0x00000004] [_,0x00000013]  189     PC=(0x80000328,0x80000324,0x80000320) [13, 19, 51], WB: DASM(40208f33)
Cyc=       200 Op1=[0x00000000] Op2=[0x00000000] W[W, 0= 0x00000000] [_,0x00000013]  190     PC=(0x8000032c,0x80000328,0x80000324) [13, 19, 19], WB: DASM(00000013)
Cyc=       201 Op1=[0x00000004] Op2=[0x00000000] W[W, 0= 0x00000000] [_,0x000f0313]  191     PC=(0x80000330,0x8000032c,0x80000328) [13, 19, 19], WB: DASM(00000013)
Cyc=       202 Op1=[0x00000000] Op2=[0x00000001] W[W, 6= 0x00000004] [_,0x00120213]  192     PC=(0x80000334,0x80000330,0x8000032c) [13, 19, 19], WB: DASM(000f0313)
Cyc=       203 Op1=[0x00000000] Op2=[0x00000002] W[W, 4= 0x00000001] [_,0x00200293]  193     PC=(0x80000338,0x80000334,0x80000330) [63, 19, 19], WB: DASM(00120213)
Cyc=       204 Op1=[0x00000001] Op2=[0x00000002] W[W, 5= 0x00000002] [_,0xfe5210e3]  194   B PC=(0x8000033c,0x80000338,0x80000334) [13, 99, 19], WB: DASM(00200293)
Cyc=       205 Op1=[0x00000000] Op2=[0x00000004] W[_, 1= 0x00000003] [_,0x00400e93]  195     PC=(0x80000318,0x8000033c,0x80000338) [13, 51, 99], WB: DASM(fe5210e3)
Cyc=       206 Op1=[0x00000000] Op2=[0x0000000f] W[_,29= 0x00000004] [_,0x00f00093]  196     PC=(0x8000031c,0x80000318,0x8000033c) [13, 19, 51], WB: DASM(00004033)
Cyc=       207 Op1=[0x00000000] Op2=[0x0000000b] W[W, 1= 0x0000000f] [_,0x00b00113]  196     PC=(0x80000320,0x8000031c,0x80000318) [33, 19, 19], WB: DASM(00f00093)
Cyc=       208 Op1=[0x0000000f] Op2=[0x0000000b] W[W, 2= 0x0000000b] [_,0x40208f33]  197     PC=(0x80000324,0x80000320,0x8000031c) [13, 51, 19], WB: DASM(00b00113)
Cyc=       209 Op1=[0x00000000] Op2=[0x00000000] W[W,30= 0x00000004] [_,0x00000013]  198     PC=(0x80000328,0x80000324,0x80000320) [13, 19, 51], WB: DASM(40208f33)
Cyc=       210 Op1=[0x00000000] Op2=[0x00000000] W[W, 0= 0x00000000] [_,0x00000013]  199     PC=(0x8000032c,0x80000328,0x80000324) [13, 19, 19], WB: DASM(00000013)
Cyc=       211 Op1=[0x00000004] Op2=[0x00000000] W[W, 0= 0x00000000] [_,0x000f0313]  200     PC=(0x80000330,0x8000032c,0x80000328) [13, 19, 19], WB: DASM(00000013)
Cyc=       212 Op1=[0x00000001] Op2=[0x00000001] W[W, 6= 0x00000004] [_,0x00120213]  201     PC=(0x80000334,0x80000330,0x8000032c) [13, 19, 19], WB: DASM(000f0313)
Cyc=       213 Op1=[0x00000000] Op2=[0x00000002] W[W, 4= 0x00000002] [_,0x00200293]  202     PC=(0x80000338,0x80000334,0x80000330) [63, 19, 19], WB: DASM(00120213)
Cyc=       214 Op1=[0x00000002] Op2=[0x00000002] W[W, 5= 0x00000002] [_,0xfe5210e3]  203     PC=(0x8000033c,0x80000338,0x80000334) [13, 99, 19], WB: DASM(00200293)
Cyc=       215 Op1=[0x00000000] Op2=[0x00000004] W[_, 1= 0x00000004] [_,0x00400e93]  204     PC=(0x80000340,0x8000033c,0x80000338) [13, 19, 99], WB: DASM(fe5210e3)
Cyc=       216 Op1=[0x00000000] Op2=[0x00000015] W[W,29= 0x00000004] [_,0x01500193]  205     PC=(0x80000344,0x80000340,0x8000033c) [63, 19, 19], WB: DASM(00400e93)
Cyc=       217 Op1=[0x00000004] Op2=[0x00000004] W[W, 3= 0x00000015] [_,0x27d31c63]  206     PC=(0x80000348,0x80000344,0x80000340) [13, 99, 19], WB: DASM(01500193)
Cyc=       218 Op1=[0x00000000] Op2=[0x00000000] W[_,24= 0x00000008] [_,0x00000213]  207     PC=(0x8000034c,0x80000348,0x80000344) [13, 19, 99], WB: DASM(27d31c63)
Cyc=       219 Op1=[0x00000000] Op2=[0x0000000d] W[W, 4= 0x00000000] [_,0x00d00093]  208     PC=(0x80000350,0x8000034c,0x80000348) [13, 19, 19], WB: DASM(00000213)
Cyc=       220 Op1=[0x00000000] Op2=[0x0000000b] W[W, 1= 0x0000000d] [_,0x00b00113]  209     PC=(0x80000354,0x80000350,0x8000034c) [33, 19, 19], WB: DASM(00d00093)
Cyc=       221 Op1=[0x0000000d] Op2=[0x0000000b] W[W, 2= 0x0000000b] [_,0x40208f33]  210     PC=(0x80000358,0x80000354,0x80000350) [13, 51, 19], WB: DASM(00b00113)
Cyc=       222 Op1=[0x00000000] Op2=[0x00000001] W[W,30= 0x00000002] [_,0x00120213]  211     PC=(0x8000035c,0x80000358,0x80000354) [13, 19, 51], WB: DASM(40208f33)
Cyc=       223 Op1=[0x00000000] Op2=[0x00000002] W[W, 4= 0x00000001] [_,0x00200293]  212     PC=(0x80000360,0x8000035c,0x80000358) [63, 19, 19], WB: DASM(00120213)
Cyc=       224 Op1=[0x00000001] Op2=[0x00000002] W[W, 5= 0x00000002] [_,0xfe5216e3]  213   B PC=(0x80000364,0x80000360,0x8000035c) [13, 99, 19], WB: DASM(00200293)
Cyc=       225 Op1=[0x00000000] Op2=[0x00000002] W[_,13= 0x00000003] [_,0x00200e93]  214     PC=(0x8000034c,0x80000364,0x80000360) [13, 51, 99], WB: DASM(fe5216e3)
Cyc=       226 Op1=[0x00000000] Op2=[0x0000000d] W[_,29= 0x00000002] [_,0x00d00093]  215     PC=(0x80000350,0x8000034c,0x80000364) [13, 19, 51], WB: DASM(00004033)
Cyc=       227 Op1=[0x00000000] Op2=[0x0000000b] W[W, 1= 0x0000000d] [_,0x00b00113]  215     PC=(0x80000354,0x80000350,0x8000034c) [33, 19, 19], WB: DASM(00d00093)
Cyc=       228 Op1=[0x0000000d] Op2=[0x0000000b] W[W, 2= 0x0000000b] [_,0x40208f33]  216     PC=(0x80000358,0x80000354,0x80000350) [13, 51, 19], WB: DASM(00b00113)
Cyc=       229 Op1=[0x00000001] Op2=[0x00000001] W[W,30= 0x00000002] [_,0x00120213]  217     PC=(0x8000035c,0x80000358,0x80000354) [13, 19, 51], WB: DASM(40208f33)
Cyc=       230 Op1=[0x00000000] Op2=[0x00000002] W[W, 4= 0x00000002] [_,0x00200293]  218     PC=(0x80000360,0x8000035c,0x80000358) [63, 19, 19], WB: DASM(00120213)
Cyc=       231 Op1=[0x00000002] Op2=[0x00000002] W[W, 5= 0x00000002] [_,0xfe5216e3]  219     PC=(0x80000364,0x80000360,0x8000035c) [13, 99, 19], WB: DASM(00200293)
Cyc=       232 Op1=[0x00000000] Op2=[0x00000002] W[_,13= 0x00000004] [_,0x00200e93]  220     PC=(0x80000368,0x80000364,0x80000360) [13, 19, 99], WB: DASM(fe5216e3)
Cyc=       233 Op1=[0x00000000] Op2=[0x00000016] W[W,29= 0x00000002] [_,0x01600193]  221     PC=(0x8000036c,0x80000368,0x80000364) [63, 19, 19], WB: DASM(00200e93)
Cyc=       234 Op1=[0x00000002] Op2=[0x00000002] W[W, 3= 0x00000016] [_,0x25df1863]  222     PC=(0x80000370,0x8000036c,0x80000368) [13, 99, 19], WB: DASM(01600193)
Cyc=       235 Op1=[0x00000000] Op2=[0x00000000] W[_,16= 0x00000004] [_,0x00000213]  223     PC=(0x80000374,0x80000370,0x8000036c) [13, 19, 99], WB: DASM(25df1863)
Cyc=       236 Op1=[0x00000000] Op2=[0x0000000e] W[W, 4= 0x00000000] [_,0x00e00093]  224     PC=(0x80000378,0x80000374,0x80000370) [13, 19, 19], WB: DASM(00000213)
Cyc=       237 Op1=[0x00000000] Op2=[0x0000000b] W[W, 1= 0x0000000e] [_,0x00b00113]  225     PC=(0x8000037c,0x80000378,0x80000374) [13, 19, 19], WB: DASM(00e00093)
Cyc=       238 Op1=[0x00000000] Op2=[0x00000000] W[W, 2= 0x0000000b] [_,0x00000013]  226     PC=(0x80000380,0x8000037c,0x80000378) [33, 19, 19], WB: DASM(00b00113)
Cyc=       239 Op1=[0x0000000e] Op2=[0x0000000b] W[W, 0= 0x00000000] [_,0x40208f33]  227     PC=(0x80000384,0x80000380,0x8000037c) [13, 51, 19], WB: DASM(00000013)
Cyc=       240 Op1=[0x00000000] Op2=[0x00000001] W[W,30= 0x00000003] [_,0x00120213]  228     PC=(0x80000388,0x80000384,0x80000380) [13, 19, 51], WB: DASM(40208f33)
Cyc=       241 Op1=[0x00000000] Op2=[0x00000002] W[W, 4= 0x00000001] [_,0x00200293]  229     PC=(0x8000038c,0x80000388,0x80000384) [63, 19, 19], WB: DASM(00120213)
Cyc=       242 Op1=[0x00000001] Op2=[0x00000002] W[W, 5= 0x00000002] [_,0xfe5214e3]  230   B PC=(0x80000390,0x8000038c,0x80000388) [13, 99, 19], WB: DASM(00200293)
Cyc=       243 Op1=[0x00000000] Op2=[0x00000003] W[_, 9= 0x00000003] [_,0x00300e93]  231     PC=(0x80000374,0x80000390,0x8000038c) [13, 51, 99], WB: DASM(fe5214e3)
Cyc=       244 Op1=[0x00000000] Op2=[0x0000000e] W[_,29= 0x00000003] [_,0x00e00093]  232     PC=(0x80000378,0x80000374,0x80000390) [13, 19, 51], WB: DASM(00004033)
Cyc=       245 Op1=[0x00000000] Op2=[0x0000000b] W[W, 1= 0x0000000e] [_,0x00b00113]  232     PC=(0x8000037c,0x80000378,0x80000374) [13, 19, 19], WB: DASM(00e00093)
Cyc=       246 Op1=[0x00000000] Op2=[0x00000000] W[W, 2= 0x0000000b] [_,0x00000013]  233     PC=(0x80000380,0x8000037c,0x80000378) [33, 19, 19], WB: DASM(00b00113)
Cyc=       247 Op1=[0x0000000e] Op2=[0x0000000b] W[W, 0= 0x00000000] [_,0x40208f33]  234     PC=(0x80000384,0x80000380,0x8000037c) [13, 51, 19], WB: DASM(00000013)
Cyc=       248 Op1=[0x00000001] Op2=[0x00000001] W[W,30= 0x00000003] [_,0x00120213]  235     PC=(0x80000388,0x80000384,0x80000380) [13, 19, 51], WB: DASM(40208f33)
Cyc=       249 Op1=[0x00000000] Op2=[0x00000002] W[W, 4= 0x00000002] [_,0x00200293]  236     PC=(0x8000038c,0x80000388,0x80000384) [63, 19, 19], WB: DASM(00120213)
Cyc=       250 Op1=[0x00000002] Op2=[0x00000002] W[W, 5= 0x00000002] [_,0xfe5214e3]  237     PC=(0x80000390,0x8000038c,0x80000388) [13, 99, 19], WB: DASM(00200293)
Cyc=       251 Op1=[0x00000000] Op2=[0x00000003] W[_, 9= 0x00000004] [_,0x00300e93]  238     PC=(0x80000394,0x80000390,0x8000038c) [13, 19, 99], WB: DASM(fe5214e3)
Cyc=       252 Op1=[0x00000000] Op2=[0x00000017] W[W,29= 0x00000003] [_,0x01700193]  239     PC=(0x80000398,0x80000394,0x80000390) [63, 19, 19], WB: DASM(00300e93)
Cyc=       253 Op1=[0x00000003] Op2=[0x00000003] W[W, 3= 0x00000017] [_,0x23df1263]  240     PC=(0x8000039c,0x80000398,0x80000394) [13, 99, 19], WB: DASM(01700193)
Cyc=       254 Op1=[0x00000000] Op2=[0x00000000] W[_, 4= 0x00000006] [_,0x00000213]  241     PC=(0x800003a0,0x8000039c,0x80000398) [13, 19, 99], WB: DASM(23df1263)
Cyc=       255 Op1=[0x00000000] Op2=[0x0000000f] W[W, 4= 0x00000000] [_,0x00f00093]  242     PC=(0x800003a4,0x800003a0,0x8000039c) [13, 19, 19], WB: DASM(00000213)
Cyc=       256 Op1=[0x00000000] Op2=[0x0000000b] W[W, 1= 0x0000000f] [_,0x00b00113]  243     PC=(0x800003a8,0x800003a4,0x800003a0) [13, 19, 19], WB: DASM(00f00093)
Cyc=       257 Op1=[0x00000000] Op2=[0x00000000] W[W, 2= 0x0000000b] [_,0x00000013]  244     PC=(0x800003ac,0x800003a8,0x800003a4) [13, 19, 19], WB: DASM(00b00113)
Cyc=       258 Op1=[0x00000000] Op2=[0x00000000] W[W, 0= 0x00000000] [_,0x00000013]  245     PC=(0x800003b0,0x800003ac,0x800003a8) [33, 19, 19], WB: DASM(00000013)
Cyc=       259 Op1=[0x0000000f] Op2=[0x0000000b] W[W, 0= 0x00000000] [_,0x40208f33]  246     PC=(0x800003b4,0x800003b0,0x800003ac) [13, 51, 19], WB: DASM(00000013)
Cyc=       260 Op1=[0x00000000] Op2=[0x00000001] W[W,30= 0x00000004] [_,0x00120213]  247     PC=(0x800003b8,0x800003b4,0x800003b0) [13, 19, 51], WB: DASM(40208f33)
Cyc=       261 Op1=[0x00000000] Op2=[0x00000002] W[W, 4= 0x00000001] [_,0x00200293]  248     PC=(0x800003bc,0x800003b8,0x800003b4) [63, 19, 19], WB: DASM(00120213)
Cyc=       262 Op1=[0x00000001] Op2=[0x00000002] W[W, 5= 0x00000002] [_,0xfe5212e3]  249   B PC=(0x800003c0,0x800003bc,0x800003b8) [13, 99, 19], WB: DASM(00200293)
Cyc=       263 Op1=[0x00000000] Op2=[0x00000004] W[_, 5= 0x00000003] [_,0x00400e93]  250     PC=(0x800003a0,0x800003c0,0x800003bc) [13, 51, 99], WB: DASM(fe5212e3)
Cyc=       264 Op1=[0x00000000] Op2=[0x0000000f] W[_,29= 0x00000004] [_,0x00f00093]  251     PC=(0x800003a4,0x800003a0,0x800003c0) [13, 19, 51], WB: DASM(00004033)
Cyc=       265 Op1=[0x00000000] Op2=[0x0000000b] W[W, 1= 0x0000000f] [_,0x00b00113]  251     PC=(0x800003a8,0x800003a4,0x800003a0) [13, 19, 19], WB: DASM(00f00093)
Cyc=       266 Op1=[0x00000000] Op2=[0x00000000] W[W, 2= 0x0000000b] [_,0x00000013]  252     PC=(0x800003ac,0x800003a8,0x800003a4) [13, 19, 19], WB: DASM(00b00113)
Cyc=       267 Op1=[0x00000000] Op2=[0x00000000] W[W, 0= 0x00000000] [_,0x00000013]  253     PC=(0x800003b0,0x800003ac,0x800003a8) [33, 19, 19], WB: DASM(00000013)
Cyc=       268 Op1=[0x0000000f] Op2=[0x0000000b] W[W, 0= 0x00000000] [_,0x40208f33]  254     PC=(0x800003b4,0x800003b0,0x800003ac) [13, 51, 19], WB: DASM(00000013)
Cyc=       269 Op1=[0x00000001] Op2=[0x00000001] W[W,30= 0x00000004] [_,0x00120213]  255     PC=(0x800003b8,0x800003b4,0x800003b0) [13, 19, 51], WB: DASM(40208f33)
Cyc=       270 Op1=[0x00000000] Op2=[0x00000002] W[W, 4= 0x00000002] [_,0x00200293]  256     PC=(0x800003bc,0x800003b8,0x800003b4) [63, 19, 19], WB: DASM(00120213)
Cyc=       271 Op1=[0x00000002] Op2=[0x00000002] W[W, 5= 0x00000002] [_,0xfe5212e3]  257     PC=(0x800003c0,0x800003bc,0x800003b8) [13, 99, 19], WB: DASM(00200293)
Cyc=       272 Op1=[0x00000000] Op2=[0x00000004] W[_, 5= 0x00000004] [_,0x00400e93]  258     PC=(0x800003c4,0x800003c0,0x800003bc) [13, 19, 99], WB: DASM(fe5212e3)
Cyc=       273 Op1=[0x00000000] Op2=[0x00000018] W[W,29= 0x00000004] [_,0x01800193]  259     PC=(0x800003c8,0x800003c4,0x800003c0) [63, 19, 19], WB: DASM(00400e93)
Cyc=       274 Op1=[0x00000004] Op2=[0x00000004] W[W, 3= 0x00000018] [_,0x1fdf1a63]  260     PC=(0x800003cc,0x800003c8,0x800003c4) [13, 99, 19], WB: DASM(01800193)
Cyc=       275 Op1=[0x00000000] Op2=[0x00000000] W[_,20= 0x00000008] [_,0x00000213]  261     PC=(0x800003d0,0x800003cc,0x800003c8) [13, 19, 99], WB: DASM(1fdf1a63)
Cyc=       276 Op1=[0x00000000] Op2=[0x0000000d] W[W, 4= 0x00000000] [_,0x00d00093]  262     PC=(0x800003d4,0x800003d0,0x800003cc) [13, 19, 19], WB: DASM(00000213)
Cyc=       277 Op1=[0x00000000] Op2=[0x00000000] W[W, 1= 0x0000000d] [_,0x00000013]  263     PC=(0x800003d8,0x800003d4,0x800003d0) [13, 19, 19], WB: DASM(00d00093)
Cyc=       278 Op1=[0x00000000] Op2=[0x0000000b] W[W, 0= 0x00000000] [_,0x00b00113]  264     PC=(0x800003dc,0x800003d8,0x800003d4) [33, 19, 19], WB: DASM(00000013)
Cyc=       279 Op1=[0x0000000d] Op2=[0x0000000b] W[W, 2= 0x0000000b] [_,0x40208f33]  265     PC=(0x800003e0,0x800003dc,0x800003d8) [13, 51, 19], WB: DASM(00b00113)
Cyc=       280 Op1=[0x00000000] Op2=[0x00000001] W[W,30= 0x00000002] [_,0x00120213]  266     PC=(0x800003e4,0x800003e0,0x800003dc) [13, 19, 51], WB: DASM(40208f33)
Cyc=       281 Op1=[0x00000000] Op2=[0x00000002] W[W, 4= 0x00000001] [_,0x00200293]  267     PC=(0x800003e8,0x800003e4,0x800003e0) [63, 19, 19], WB: DASM(00120213)
Cyc=       282 Op1=[0x00000001] Op2=[0x00000002] W[W, 5= 0x00000002] [_,0xfe5214e3]  268   B PC=(0x800003ec,0x800003e8,0x800003e4) [13, 99, 19], WB: DASM(00200293)
Cyc=       283 Op1=[0x00000000] Op2=[0x00000002] W[_, 9= 0x00000003] [_,0x00200e93]  269     PC=(0x800003d0,0x800003ec,0x800003e8) [13, 51, 99], WB: DASM(fe5214e3)
Cyc=       284 Op1=[0x00000000] Op2=[0x0000000d] W[_,29= 0x00000002] [_,0x00d00093]  270     PC=(0x800003d4,0x800003d0,0x800003ec) [13, 19, 51], WB: DASM(00004033)
Cyc=       285 Op1=[0x00000000] Op2=[0x00000000] W[W, 1= 0x0000000d] [_,0x00000013]  270     PC=(0x800003d8,0x800003d4,0x800003d0) [13, 19, 19], WB: DASM(00d00093)
Cyc=       286 Op1=[0x00000000] Op2=[0x0000000b] W[W, 0= 0x00000000] [_,0x00b00113]  271     PC=(0x800003dc,0x800003d8,0x800003d4) [33, 19, 19], WB: DASM(00000013)
Cyc=       287 Op1=[0x0000000d] Op2=[0x0000000b] W[W, 2= 0x0000000b] [_,0x40208f33]  272     PC=(0x800003e0,0x800003dc,0x800003d8) [13, 51, 19], WB: DASM(00b00113)
Cyc=       288 Op1=[0x00000001] Op2=[0x00000001] W[W,30= 0x00000002] [_,0x00120213]  273     PC=(0x800003e4,0x800003e0,0x800003dc) [13, 19, 51], WB: DASM(40208f33)
Cyc=       289 Op1=[0x00000000] Op2=[0x00000002] W[W, 4= 0x00000002] [_,0x00200293]  274     PC=(0x800003e8,0x800003e4,0x800003e0) [63, 19, 19], WB: DASM(00120213)
Cyc=       290 Op1=[0x00000002] Op2=[0x00000002] W[W, 5= 0x00000002] [_,0xfe5214e3]  275     PC=(0x800003ec,0x800003e8,0x800003e4) [13, 99, 19], WB: DASM(00200293)
Cyc=       291 Op1=[0x00000000] Op2=[0x00000002] W[_, 9= 0x00000004] [_,0x00200e93]  276     PC=(0x800003f0,0x800003ec,0x800003e8) [13, 19, 99], WB: DASM(fe5214e3)
Cyc=       292 Op1=[0x00000000] Op2=[0x00000019] W[W,29= 0x00000002] [_,0x01900193]  277     PC=(0x800003f4,0x800003f0,0x800003ec) [63, 19, 19], WB: DASM(00200e93)
Cyc=       293 Op1=[0x00000002] Op2=[0x00000002] W[W, 3= 0x00000019] [_,0x1ddf1463]  278     PC=(0x800003f8,0x800003f4,0x800003f0) [13, 99, 19], WB: DASM(01900193)
Cyc=       294 Op1=[0x00000000] Op2=[0x00000000] W[_, 8= 0x00000004] [_,0x00000213]  279     PC=(0x800003fc,0x800003f8,0x800003f4) [13, 19, 99], WB: DASM(1ddf1463)
Cyc=       295 Op1=[0x00000000] Op2=[0x0000000e] W[W, 4= 0x00000000] [_,0x00e00093]  280     PC=(0x80000400,0x800003fc,0x800003f8) [13, 19, 19], WB: DASM(00000213)
Cyc=       296 Op1=[0x00000000] Op2=[0x00000000] W[W, 1= 0x0000000e] [_,0x00000013]  281     PC=(0x80000404,0x80000400,0x800003fc) [13, 19, 19], WB: DASM(00e00093)
Cyc=       297 Op1=[0x00000000] Op2=[0x0000000b] W[W, 0= 0x00000000] [_,0x00b00113]  282     PC=(0x80000408,0x80000404,0x80000400) [13, 19, 19], WB: DASM(00000013)
Cyc=       298 Op1=[0x00000000] Op2=[0x00000000] W[W, 2= 0x0000000b] [_,0x00000013]  283     PC=(0x8000040c,0x80000408,0x80000404) [33, 19, 19], WB: DASM(00b00113)
Cyc=       299 Op1=[0x0000000e] Op2=[0x0000000b] W[W, 0= 0x00000000] [_,0x40208f33]  284     PC=(0x80000410,0x8000040c,0x80000408) [13, 51, 19], WB: DASM(00000013)
Cyc=       300 Op1=[0x00000000] Op2=[0x00000001] W[W,30= 0x00000003] [_,0x00120213]  285     PC=(0x80000414,0x80000410,0x8000040c) [13, 19, 51], WB: DASM(40208f33)
Cyc=       301 Op1=[0x00000000] Op2=[0x00000002] W[W, 4= 0x00000001] [_,0x00200293]  286     PC=(0x80000418,0x80000414,0x80000410) [63, 19, 19], WB: DASM(00120213)
Cyc=       302 Op1=[0x00000001] Op2=[0x00000002] W[W, 5= 0x00000002] [_,0xfe5212e3]  287   B PC=(0x8000041c,0x80000418,0x80000414) [13, 99, 19], WB: DASM(00200293)
Cyc=       303 Op1=[0x00000000] Op2=[0x00000003] W[_, 5= 0x00000003] [_,0x00300e93]  288     PC=(0x800003fc,0x8000041c,0x80000418) [13, 51, 99], WB: DASM(fe5212e3)
Cyc=       304 Op1=[0x00000000] Op2=[0x0000000e] W[_,29= 0x00000003] [_,0x00e00093]  289     PC=(0x80000400,0x800003fc,0x8000041c) [13, 19, 51], WB: DASM(00004033)
Cyc=       305 Op1=[0x00000000] Op2=[0x00000000] W[W, 1= 0x0000000e] [_,0x00000013]  289     PC=(0x80000404,0x80000400,0x800003fc) [13, 19, 19], WB: DASM(00e00093)
Cyc=       306 Op1=[0x00000000] Op2=[0x0000000b] W[W, 0= 0x00000000] [_,0x00b00113]  290     PC=(0x80000408,0x80000404,0x80000400) [13, 19, 19], WB: DASM(00000013)
Cyc=       307 Op1=[0x00000000] Op2=[0x00000000] W[W, 2= 0x0000000b] [_,0x00000013]  291     PC=(0x8000040c,0x80000408,0x80000404) [33, 19, 19], WB: DASM(00b00113)
Cyc=       308 Op1=[0x0000000e] Op2=[0x0000000b] W[W, 0= 0x00000000] [_,0x40208f33]  292     PC=(0x80000410,0x8000040c,0x80000408) [13, 51, 19], WB: DASM(00000013)
Cyc=       309 Op1=[0x00000001] Op2=[0x00000001] W[W,30= 0x00000003] [_,0x00120213]  293     PC=(0x80000414,0x80000410,0x8000040c) [13, 19, 51], WB: DASM(40208f33)
Cyc=       310 Op1=[0x00000000] Op2=[0x00000002] W[W, 4= 0x00000002] [_,0x00200293]  294     PC=(0x80000418,0x80000414,0x80000410) [63, 19, 19], WB: DASM(00120213)
Cyc=       311 Op1=[0x00000002] Op2=[0x00000002] W[W, 5= 0x00000002] [_,0xfe5212e3]  295     PC=(0x8000041c,0x80000418,0x80000414) [13, 99, 19], WB: DASM(00200293)
Cyc=       312 Op1=[0x00000000] Op2=[0x00000003] W[_, 5= 0x00000004] [_,0x00300e93]  296     PC=(0x80000420,0x8000041c,0x80000418) [13, 19, 99], WB: DASM(fe5212e3)
Cyc=       313 Op1=[0x00000000] Op2=[0x0000001a] W[W,29= 0x00000003] [_,0x01a00193]  297     PC=(0x80000424,0x80000420,0x8000041c) [63, 19, 19], WB: DASM(00300e93)
Cyc=       314 Op1=[0x00000003] Op2=[0x00000003] W[W, 3= 0x0000001a] [_,0x19df1c63]  298     PC=(0x80000428,0x80000424,0x80000420) [13, 99, 19], WB: DASM(01a00193)
Cyc=       315 Op1=[0x00000000] Op2=[0x00000000] W[_,24= 0x00000006] [_,0x00000213]  299     PC=(0x8000042c,0x80000428,0x80000424) [13, 19, 99], WB: DASM(19df1c63)
Cyc=       316 Op1=[0x00000000] Op2=[0x0000000f] W[W, 4= 0x00000000] [_,0x00f00093]  300     PC=(0x80000430,0x8000042c,0x80000428) [13, 19, 19], WB: DASM(00000213)
Cyc=       317 Op1=[0x00000000] Op2=[0x00000000] W[W, 1= 0x0000000f] [_,0x00000013]  301     PC=(0x80000434,0x80000430,0x8000042c) [13, 19, 19], WB: DASM(00f00093)
Cyc=       318 Op1=[0x00000000] Op2=[0x00000000] W[W, 0= 0x00000000] [_,0x00000013]  302     PC=(0x80000438,0x80000434,0x80000430) [13, 19, 19], WB: DASM(00000013)
Cyc=       319 Op1=[0x00000000] Op2=[0x0000000b] W[W, 0= 0x00000000] [_,0x00b00113]  303     PC=(0x8000043c,0x80000438,0x80000434) [33, 19, 19], WB: DASM(00000013)
Cyc=       320 Op1=[0x0000000f] Op2=[0x0000000b] W[W, 2= 0x0000000b] [_,0x40208f33]  304     PC=(0x80000440,0x8000043c,0x80000438) [13, 51, 19], WB: DASM(00b00113)
Cyc=       321 Op1=[0x00000000] Op2=[0x00000001] W[W,30= 0x00000004] [_,0x00120213]  305     PC=(0x80000444,0x80000440,0x8000043c) [13, 19, 51], WB: DASM(40208f33)
Cyc=       322 Op1=[0x00000000] Op2=[0x00000002] W[W, 4= 0x00000001] [_,0x00200293]  306     PC=(0x80000448,0x80000444,0x80000440) [63, 19, 19], WB: DASM(00120213)
Cyc=       323 Op1=[0x00000001] Op2=[0x00000002] W[W, 5= 0x00000002] [_,0xfe5212e3]  307   B PC=(0x8000044c,0x80000448,0x80000444) [13, 99, 19], WB: DASM(00200293)
Cyc=       324 Op1=[0x00000000] Op2=[0x00000004] W[_, 5= 0x00000003] [_,0x00400e93]  308     PC=(0x8000042c,0x8000044c,0x80000448) [13, 51, 99], WB: DASM(fe5212e3)
Cyc=       325 Op1=[0x00000000] Op2=[0x0000000f] W[_,29= 0x00000004] [_,0x00f00093]  309     PC=(0x80000430,0x8000042c,0x8000044c) [13, 19, 51], WB: DASM(00004033)
Cyc=       326 Op1=[0x00000000] Op2=[0x00000000] W[W, 1= 0x0000000f] [_,0x00000013]  309     PC=(0x80000434,0x80000430,0x8000042c) [13, 19, 19], WB: DASM(00f00093)
Cyc=       327 Op1=[0x00000000] Op2=[0x00000000] W[W, 0= 0x00000000] [_,0x00000013]  310     PC=(0x80000438,0x80000434,0x80000430) [13, 19, 19], WB: DASM(00000013)
Cyc=       328 Op1=[0x00000000] Op2=[0x0000000b] W[W, 0= 0x00000000] [_,0x00b00113]  311     PC=(0x8000043c,0x80000438,0x80000434) [33, 19, 19], WB: DASM(00000013)
Cyc=       329 Op1=[0x0000000f] Op2=[0x0000000b] W[W, 2= 0x0000000b] [_,0x40208f33]  312     PC=(0x80000440,0x8000043c,0x80000438) [13, 51, 19], WB: DASM(00b00113)
Cyc=       330 Op1=[0x00000001] Op2=[0x00000001] W[W,30= 0x00000004] [_,0x00120213]  313     PC=(0x80000444,0x80000440,0x8000043c) [13, 19, 51], WB: DASM(40208f33)
Cyc=       331 Op1=[0x00000000] Op2=[0x00000002] W[W, 4= 0x00000002] [_,0x00200293]  314     PC=(0x80000448,0x80000444,0x80000440) [63, 19, 19], WB: DASM(00120213)
Cyc=       332 Op1=[0x00000002] Op2=[0x00000002] W[W, 5= 0x00000002] [_,0xfe5212e3]  315     PC=(0x8000044c,0x80000448,0x80000444) [13, 99, 19], WB: DASM(00200293)
Cyc=       333 Op1=[0x00000000] Op2=[0x00000004] W[_, 5= 0x00000004] [_,0x00400e93]  316     PC=(0x80000450,0x8000044c,0x80000448) [13, 19, 99], WB: DASM(fe5212e3)
Cyc=       334 Op1=[0x00000000] Op2=[0x0000001b] W[W,29= 0x00000004] [_,0x01b00193]  317     PC=(0x80000454,0x80000450,0x8000044c) [63, 19, 19], WB: DASM(00400e93)
Cyc=       335 Op1=[0x00000004] Op2=[0x00000004] W[W, 3= 0x0000001b] [_,0x17df1463]  318     PC=(0x80000458,0x80000454,0x80000450) [13, 99, 19], WB: DASM(01b00193)
Cyc=       336 Op1=[0x00000000] Op2=[0x00000000] W[_, 8= 0x00000008] [_,0x00000213]  319     PC=(0x8000045c,0x80000458,0x80000454) [13, 19, 99], WB: DASM(17df1463)
Cyc=       337 Op1=[0x00000000] Op2=[0x0000000b] W[W, 4= 0x00000000] [_,0x00b00113]  320     PC=(0x80000460,0x8000045c,0x80000458) [13, 19, 19], WB: DASM(00000213)
Cyc=       338 Op1=[0x00000000] Op2=[0x0000000d] W[W, 2= 0x0000000b] [_,0x00d00093]  321     PC=(0x80000464,0x80000460,0x8000045c) [33, 19, 19], WB: DASM(00b00113)
Cyc=       339 Op1=[0x0000000d] Op2=[0x0000000b] W[W, 1= 0x0000000d] [_,0x40208f33]  322     PC=(0x80000468,0x80000464,0x80000460) [13, 51, 19], WB: DASM(00d00093)
Cyc=       340 Op1=[0x00000000] Op2=[0x00000001] W[W,30= 0x00000002] [_,0x00120213]  323     PC=(0x8000046c,0x80000468,0x80000464) [13, 19, 51], WB: DASM(40208f33)
Cyc=       341 Op1=[0x00000000] Op2=[0x00000002] W[W, 4= 0x00000001] [_,0x00200293]  324     PC=(0x80000470,0x8000046c,0x80000468) [63, 19, 19], WB: DASM(00120213)
Cyc=       342 Op1=[0x00000001] Op2=[0x00000002] W[W, 5= 0x00000002] [_,0xfe5216e3]  325   B PC=(0x80000474,0x80000470,0x8000046c) [13, 99, 19], WB: DASM(00200293)
Cyc=       343 Op1=[0x00000000] Op2=[0x00000002] W[_,13= 0x00000003] [_,0x00200e93]  326     PC=(0x8000045c,0x80000474,0x80000470) [13, 51, 99], WB: DASM(fe5216e3)
Cyc=       344 Op1=[0x00000000] Op2=[0x0000000b] W[_,29= 0x00000002] [_,0x00b00113]  327     PC=(0x80000460,0x8000045c,0x80000474) [13, 19, 51], WB: DASM(00004033)
Cyc=       345 Op1=[0x00000000] Op2=[0x0000000d] W[W, 2= 0x0000000b] [_,0x00d00093]  327     PC=(0x80000464,0x80000460,0x8000045c) [33, 19, 19], WB: DASM(00b00113)
Cyc=       346 Op1=[0x0000000d] Op2=[0x0000000b] W[W, 1= 0x0000000d] [_,0x40208f33]  328     PC=(0x80000468,0x80000464,0x80000460) [13, 51, 19], WB: DASM(00d00093)
Cyc=       347 Op1=[0x00000001] Op2=[0x00000001] W[W,30= 0x00000002] [_,0x00120213]  329     PC=(0x8000046c,0x80000468,0x80000464) [13, 19, 51], WB: DASM(40208f33)
Cyc=       348 Op1=[0x00000000] Op2=[0x00000002] W[W, 4= 0x00000002] [_,0x00200293]  330     PC=(0x80000470,0x8000046c,0x80000468) [63, 19, 19], WB: DASM(00120213)
Cyc=       349 Op1=[0x00000002] Op2=[0x00000002] W[W, 5= 0x00000002] [_,0xfe5216e3]  331     PC=(0x80000474,0x80000470,0x8000046c) [13, 99, 19], WB: DASM(00200293)
Cyc=       350 Op1=[0x00000000] Op2=[0x00000002] W[_,13= 0x00000004] [_,0x00200e93]  332     PC=(0x80000478,0x80000474,0x80000470) [13, 19, 99], WB: DASM(fe5216e3)
Cyc=       351 Op1=[0x00000000] Op2=[0x0000001c] W[W,29= 0x00000002] [_,0x01c00193]  333     PC=(0x8000047c,0x80000478,0x80000474) [63, 19, 19], WB: DASM(00200e93)
Cyc=       352 Op1=[0x00000002] Op2=[0x00000002] W[W, 3= 0x0000001c] [_,0x15df1063]  334     PC=(0x80000480,0x8000047c,0x80000478) [13, 99, 19], WB: DASM(01c00193)
Cyc=       353 Op1=[0x00000000] Op2=[0x00000000] W[_, 0= 0x00000004] [_,0x00000213]  335     PC=(0x80000484,0x80000480,0x8000047c) [13, 19, 99], WB: DASM(15df1063)
Cyc=       354 Op1=[0x00000000] Op2=[0x0000000b] W[W, 4= 0x00000000] [_,0x00b00113]  336     PC=(0x80000488,0x80000484,0x80000480) [13, 19, 19], WB: DASM(00000213)
Cyc=       355 Op1=[0x00000000] Op2=[0x0000000e] W[W, 2= 0x0000000b] [_,0x00e00093]  337     PC=(0x8000048c,0x80000488,0x80000484) [13, 19, 19], WB: DASM(00b00113)
Cyc=       356 Op1=[0x00000000] Op2=[0x00000000] W[W, 1= 0x0000000e] [_,0x00000013]  338     PC=(0x80000490,0x8000048c,0x80000488) [33, 19, 19], WB: DASM(00e00093)
Cyc=       357 Op1=[0x0000000e] Op2=[0x0000000b] W[W, 0= 0x00000000] [_,0x40208f33]  339     PC=(0x80000494,0x80000490,0x8000048c) [13, 51, 19], WB: DASM(00000013)
Cyc=       358 Op1=[0x00000000] Op2=[0x00000001] W[W,30= 0x00000003] [_,0x00120213]  340     PC=(0x80000498,0x80000494,0x80000490) [13, 19, 51], WB: DASM(40208f33)
Cyc=       359 Op1=[0x00000000] Op2=[0x00000002] W[W, 4= 0x00000001] [_,0x00200293]  341     PC=(0x8000049c,0x80000498,0x80000494) [63, 19, 19], WB: DASM(00120213)
Cyc=       360 Op1=[0x00000001] Op2=[0x00000002] W[W, 5= 0x00000002] [_,0xfe5214e3]  342   B PC=(0x800004a0,0x8000049c,0x80000498) [13, 99, 19], WB: DASM(00200293)
Cyc=       361 Op1=[0x00000000] Op2=[0x00000003] W[_, 9= 0x00000003] [_,0x00300e93]  343     PC=(0x80000484,0x800004a0,0x8000049c) [13, 51, 99], WB: DASM(fe5214e3)
Cyc=       362 Op1=[0x00000000] Op2=[0x0000000b] W[_,29= 0x00000003] [_,0x00b00113]  344     PC=(0x80000488,0x80000484,0x800004a0) [13, 19, 51], WB: DASM(00004033)
Cyc=       363 Op1=[0x00000000] Op2=[0x0000000e] W[W, 2= 0x0000000b] [_,0x00e00093]  344     PC=(0x8000048c,0x80000488,0x80000484) [13, 19, 19], WB: DASM(00b00113)
Cyc=       364 Op1=[0x00000000] Op2=[0x00000000] W[W, 1= 0x0000000e] [_,0x00000013]  345     PC=(0x80000490,0x8000048c,0x80000488) [33, 19, 19], WB: DASM(00e00093)
Cyc=       365 Op1=[0x0000000e] Op2=[0x0000000b] W[W, 0= 0x00000000] [_,0x40208f33]  346     PC=(0x80000494,0x80000490,0x8000048c) [13, 51, 19], WB: DASM(00000013)
Cyc=       366 Op1=[0x00000001] Op2=[0x00000001] W[W,30= 0x00000003] [_,0x00120213]  347     PC=(0x80000498,0x80000494,0x80000490) [13, 19, 51], WB: DASM(40208f33)
Cyc=       367 Op1=[0x00000000] Op2=[0x00000002] W[W, 4= 0x00000002] [_,0x00200293]  348     PC=(0x8000049c,0x80000498,0x80000494) [63, 19, 19], WB: DASM(00120213)
Cyc=       368 Op1=[0x00000002] Op2=[0x00000002] W[W, 5= 0x00000002] [_,0xfe5214e3]  349     PC=(0x800004a0,0x8000049c,0x80000498) [13, 99, 19], WB: DASM(00200293)
Cyc=       369 Op1=[0x00000000] Op2=[0x00000003] W[_, 9= 0x00000004] [_,0x00300e93]  350     PC=(0x800004a4,0x800004a0,0x8000049c) [13, 19, 99], WB: DASM(fe5214e3)
Cyc=       370 Op1=[0x00000000] Op2=[0x0000001d] W[W,29= 0x00000003] [_,0x01d00193]  351     PC=(0x800004a8,0x800004a4,0x800004a0) [63, 19, 19], WB: DASM(00300e93)
Cyc=       371 Op1=[0x00000003] Op2=[0x00000003] W[W, 3= 0x0000001d] [_,0x11df1a63]  352     PC=(0x800004ac,0x800004a8,0x800004a4) [13, 99, 19], WB: DASM(01d00193)
Cyc=       372 Op1=[0x00000000] Op2=[0x00000000] W[_,20= 0x00000006] [_,0x00000213]  353     PC=(0x800004b0,0x800004ac,0x800004a8) [13, 19, 99], WB: DASM(11df1a63)
Cyc=       373 Op1=[0x00000000] Op2=[0x0000000b] W[W, 4= 0x00000000] [_,0x00b00113]  354     PC=(0x800004b4,0x800004b0,0x800004ac) [13, 19, 19], WB: DASM(00000213)
Cyc=       374 Op1=[0x00000000] Op2=[0x0000000f] W[W, 2= 0x0000000b] [_,0x00f00093]  355     PC=(0x800004b8,0x800004b4,0x800004b0) [13, 19, 19], WB: DASM(00b00113)
Cyc=       375 Op1=[0x00000000] Op2=[0x00000000] W[W, 1= 0x0000000f] [_,0x00000013]  356     PC=(0x800004bc,0x800004b8,0x800004b4) [13, 19, 19], WB: DASM(00f00093)
Cyc=       376 Op1=[0x00000000] Op2=[0x00000000] W[W, 0= 0x00000000] [_,0x00000013]  357     PC=(0x800004c0,0x800004bc,0x800004b8) [33, 19, 19], WB: DASM(00000013)
Cyc=       377 Op1=[0x0000000f] Op2=[0x0000000b] W[W, 0= 0x00000000] [_,0x40208f33]  358     PC=(0x800004c4,0x800004c0,0x800004bc) [13, 51, 19], WB: DASM(00000013)
Cyc=       378 Op1=[0x00000000] Op2=[0x00000001] W[W,30= 0x00000004] [_,0x00120213]  359     PC=(0x800004c8,0x800004c4,0x800004c0) [13, 19, 51], WB: DASM(40208f33)
Cyc=       379 Op1=[0x00000000] Op2=[0x00000002] W[W, 4= 0x00000001] [_,0x00200293]  360     PC=(0x800004cc,0x800004c8,0x800004c4) [63, 19, 19], WB: DASM(00120213)
Cyc=       380 Op1=[0x00000001] Op2=[0x00000002] W[W, 5= 0x00000002] [_,0xfe5212e3]  361   B PC=(0x800004d0,0x800004cc,0x800004c8) [13, 99, 19], WB: DASM(00200293)
Cyc=       381 Op1=[0x00000000] Op2=[0x00000004] W[_, 5= 0x00000003] [_,0x00400e93]  362     PC=(0x800004b0,0x800004d0,0x800004cc) [13, 51, 99], WB: DASM(fe5212e3)
Cyc=       382 Op1=[0x00000000] Op2=[0x0000000b] W[_,29= 0x00000004] [_,0x00b00113]  363     PC=(0x800004b4,0x800004b0,0x800004d0) [13, 19, 51], WB: DASM(00004033)
Cyc=       383 Op1=[0x00000000] Op2=[0x0000000f] W[W, 2= 0x0000000b] [_,0x00f00093]  363     PC=(0x800004b8,0x800004b4,0x800004b0) [13, 19, 19], WB: DASM(00b00113)
Cyc=       384 Op1=[0x00000000] Op2=[0x00000000] W[W, 1= 0x0000000f] [_,0x00000013]  364     PC=(0x800004bc,0x800004b8,0x800004b4) [13, 19, 19], WB: DASM(00f00093)
Cyc=       385 Op1=[0x00000000] Op2=[0x00000000] W[W, 0= 0x00000000] [_,0x00000013]  365     PC=(0x800004c0,0x800004bc,0x800004b8) [33, 19, 19], WB: DASM(00000013)
Cyc=       386 Op1=[0x0000000f] Op2=[0x0000000b] W[W, 0= 0x00000000] [_,0x40208f33]  366     PC=(0x800004c4,0x800004c0,0x800004bc) [13, 51, 19], WB: DASM(00000013)
Cyc=       387 Op1=[0x00000001] Op2=[0x00000001] W[W,30= 0x00000004] [_,0x00120213]  367     PC=(0x800004c8,0x800004c4,0x800004c0) [13, 19, 51], WB: DASM(40208f33)
Cyc=       388 Op1=[0x00000000] Op2=[0x00000002] W[W, 4= 0x00000002] [_,0x00200293]  368     PC=(0x800004cc,0x800004c8,0x800004c4) [63, 19, 19], WB: DASM(00120213)
Cyc=       389 Op1=[0x00000002] Op2=[0x00000002] W[W, 5= 0x00000002] [_,0xfe5212e3]  369     PC=(0x800004d0,0x800004cc,0x800004c8) [13, 99, 19], WB: DASM(00200293)
Cyc=       390 Op1=[0x00000000] Op2=[0x00000004] W[_, 5= 0x00000004] [_,0x00400e93]  370     PC=(0x800004d4,0x800004d0,0x800004cc) [13, 19, 99], WB: DASM(fe5212e3)
Cyc=       391 Op1=[0x00000000] Op2=[0x0000001e] W[W,29= 0x00000004] [_,0x01e00193]  371     PC=(0x800004d8,0x800004d4,0x800004d0) [63, 19, 19], WB: DASM(00400e93)
Cyc=       392 Op1=[0x00000004] Op2=[0x00000004] W[W, 3= 0x0000001e] [_,0x0fdf1263]  372     PC=(0x800004dc,0x800004d8,0x800004d4) [13, 99, 19], WB: DASM(01e00193)
Cyc=       393 Op1=[0x00000000] Op2=[0x00000000] W[_, 4= 0x00000008] [_,0x00000213]  373     PC=(0x800004e0,0x800004dc,0x800004d8) [13, 19, 99], WB: DASM(0fdf1263)
Cyc=       394 Op1=[0x00000000] Op2=[0x0000000b] W[W, 4= 0x00000000] [_,0x00b00113]  374     PC=(0x800004e4,0x800004e0,0x800004dc) [13, 19, 19], WB: DASM(00000213)
Cyc=       395 Op1=[0x00000000] Op2=[0x00000000] W[W, 2= 0x0000000b] [_,0x00000013]  375     PC=(0x800004e8,0x800004e4,0x800004e0) [13, 19, 19], WB: DASM(00b00113)
Cyc=       396 Op1=[0x00000000] Op2=[0x0000000d] W[W, 0= 0x00000000] [_,0x00d00093]  376     PC=(0x800004ec,0x800004e8,0x800004e4) [33, 19, 19], WB: DASM(00000013)
Cyc=       397 Op1=[0x0000000d] Op2=[0x0000000b] W[W, 1= 0x0000000d] [_,0x40208f33]  377     PC=(0x800004f0,0x800004ec,0x800004e8) [13, 51, 19], WB: DASM(00d00093)
Cyc=       398 Op1=[0x00000000] Op2=[0x00000001] W[W,30= 0x00000002] [_,0x00120213]  378     PC=(0x800004f4,0x800004f0,0x800004ec) [13, 19, 51], WB: DASM(40208f33)
Cyc=       399 Op1=[0x00000000] Op2=[0x00000002] W[W, 4= 0x00000001] [_,0x00200293]  379     PC=(0x800004f8,0x800004f4,0x800004f0) [63, 19, 19], WB: DASM(00120213)
Cyc=       400 Op1=[0x00000001] Op2=[0x00000002] W[W, 5= 0x00000002] [_,0xfe5214e3]  380   B PC=(0x800004fc,0x800004f8,0x800004f4) [13, 99, 19], WB: DASM(00200293)
Cyc=       401 Op1=[0x00000000] Op2=[0x00000002] W[_, 9= 0x00000003] [_,0x00200e93]  381     PC=(0x800004e0,0x800004fc,0x800004f8) [13, 51, 99], WB: DASM(fe5214e3)
Cyc=       402 Op1=[0x00000000] Op2=[0x0000000b] W[_,29= 0x00000002] [_,0x00b00113]  382     PC=(0x800004e4,0x800004e0,0x800004fc) [13, 19, 51], WB: DASM(00004033)
Cyc=       403 Op1=[0x00000000] Op2=[0x00000000] W[W, 2= 0x0000000b] [_,0x00000013]  382     PC=(0x800004e8,0x800004e4,0x800004e0) [13, 19, 19], WB: DASM(00b00113)
Cyc=       404 Op1=[0x00000000] Op2=[0x0000000d] W[W, 0= 0x00000000] [_,0x00d00093]  383     PC=(0x800004ec,0x800004e8,0x800004e4) [33, 19, 19], WB: DASM(00000013)
Cyc=       405 Op1=[0x0000000d] Op2=[0x0000000b] W[W, 1= 0x0000000d] [_,0x40208f33]  384     PC=(0x800004f0,0x800004ec,0x800004e8) [13, 51, 19], WB: DASM(00d00093)
Cyc=       406 Op1=[0x00000001] Op2=[0x00000001] W[W,30= 0x00000002] [_,0x00120213]  385     PC=(0x800004f4,0x800004f0,0x800004ec) [13, 19, 51], WB: DASM(40208f33)
Cyc=       407 Op1=[0x00000000] Op2=[0x00000002] W[W, 4= 0x00000002] [_,0x00200293]  386     PC=(0x800004f8,0x800004f4,0x800004f0) [63, 19, 19], WB: DASM(00120213)
Cyc=       408 Op1=[0x00000002] Op2=[0x00000002] W[W, 5= 0x00000002] [_,0xfe5214e3]  387     PC=(0x800004fc,0x800004f8,0x800004f4) [13, 99, 19], WB: DASM(00200293)
Cyc=       409 Op1=[0x00000000] Op2=[0x00000002] W[_, 9= 0x00000004] [_,0x00200e93]  388     PC=(0x80000500,0x800004fc,0x800004f8) [13, 19, 99], WB: DASM(fe5214e3)
Cyc=       410 Op1=[0x00000000] Op2=[0x0000001f] W[W,29= 0x00000002] [_,0x01f00193]  389     PC=(0x80000504,0x80000500,0x800004fc) [63, 19, 19], WB: DASM(00200e93)
Cyc=       411 Op1=[0x00000002] Op2=[0x00000002] W[W, 3= 0x0000001f] [_,0x0bdf1c63]  390     PC=(0x80000508,0x80000504,0x80000500) [13, 99, 19], WB: DASM(01f00193)
Cyc=       412 Op1=[0x00000000] Op2=[0x00000000] W[_,24= 0x00000004] [_,0x00000213]  391     PC=(0x8000050c,0x80000508,0x80000504) [13, 19, 99], WB: DASM(0bdf1c63)
Cyc=       413 Op1=[0x00000000] Op2=[0x0000000b] W[W, 4= 0x00000000] [_,0x00b00113]  392     PC=(0x80000510,0x8000050c,0x80000508) [13, 19, 19], WB: DASM(00000213)
Cyc=       414 Op1=[0x00000000] Op2=[0x00000000] W[W, 2= 0x0000000b] [_,0x00000013]  393     PC=(0x80000514,0x80000510,0x8000050c) [13, 19, 19], WB: DASM(00b00113)
Cyc=       415 Op1=[0x00000000] Op2=[0x0000000e] W[W, 0= 0x00000000] [_,0x00e00093]  394     PC=(0x80000518,0x80000514,0x80000510) [13, 19, 19], WB: DASM(00000013)
Cyc=       416 Op1=[0x00000000] Op2=[0x00000000] W[W, 1= 0x0000000e] [_,0x00000013]  395     PC=(0x8000051c,0x80000518,0x80000514) [33, 19, 19], WB: DASM(00e00093)
Cyc=       417 Op1=[0x0000000e] Op2=[0x0000000b] W[W, 0= 0x00000000] [_,0x40208f33]  396     PC=(0x80000520,0x8000051c,0x80000518) [13, 51, 19], WB: DASM(00000013)
Cyc=       418 Op1=[0x00000000] Op2=[0x00000001] W[W,30= 0x00000003] [_,0x00120213]  397     PC=(0x80000524,0x80000520,0x8000051c) [13, 19, 51], WB: DASM(40208f33)
Cyc=       419 Op1=[0x00000000] Op2=[0x00000002] W[W, 4= 0x00000001] [_,0x00200293]  398     PC=(0x80000528,0x80000524,0x80000520) [63, 19, 19], WB: DASM(00120213)
Cyc=       420 Op1=[0x00000001] Op2=[0x00000002] W[W, 5= 0x00000002] [_,0xfe5212e3]  399   B PC=(0x8000052c,0x80000528,0x80000524) [13, 99, 19], WB: DASM(00200293)
Cyc=       421 Op1=[0x00000000] Op2=[0x00000003] W[_, 5= 0x00000003] [_,0x00300e93]  400     PC=(0x8000050c,0x8000052c,0x80000528) [13, 51, 99], WB: DASM(fe5212e3)
Cyc=       422 Op1=[0x00000000] Op2=[0x0000000b] W[_,29= 0x00000003] [_,0x00b00113]  401     PC=(0x80000510,0x8000050c,0x8000052c) [13, 19, 51], WB: DASM(00004033)
Cyc=       423 Op1=[0x00000000] Op2=[0x00000000] W[W, 2= 0x0000000b] [_,0x00000013]  401     PC=(0x80000514,0x80000510,0x8000050c) [13, 19, 19], WB: DASM(00b00113)
Cyc=       424 Op1=[0x00000000] Op2=[0x0000000e] W[W, 0= 0x00000000] [_,0x00e00093]  402     PC=(0x80000518,0x80000514,0x80000510) [13, 19, 19], WB: DASM(00000013)
Cyc=       425 Op1=[0x00000000] Op2=[0x00000000] W[W, 1= 0x0000000e] [_,0x00000013]  403     PC=(0x8000051c,0x80000518,0x80000514) [33, 19, 19], WB: DASM(00e00093)
Cyc=       426 Op1=[0x0000000e] Op2=[0x0000000b] W[W, 0= 0x00000000] [_,0x40208f33]  404     PC=(0x80000520,0x8000051c,0x80000518) [13, 51, 19], WB: DASM(00000013)
Cyc=       427 Op1=[0x00000001] Op2=[0x00000001] W[W,30= 0x00000003] [_,0x00120213]  405     PC=(0x80000524,0x80000520,0x8000051c) [13, 19, 51], WB: DASM(40208f33)
Cyc=       428 Op1=[0x00000000] Op2=[0x00000002] W[W, 4= 0x00000002] [_,0x00200293]  406     PC=(0x80000528,0x80000524,0x80000520) [63, 19, 19], WB: DASM(00120213)
Cyc=       429 Op1=[0x00000002] Op2=[0x00000002] W[W, 5= 0x00000002] [_,0xfe5212e3]  407     PC=(0x8000052c,0x80000528,0x80000524) [13, 99, 19], WB: DASM(00200293)
Cyc=       430 Op1=[0x00000000] Op2=[0x00000003] W[_, 5= 0x00000004] [_,0x00300e93]  408     PC=(0x80000530,0x8000052c,0x80000528) [13, 19, 99], WB: DASM(fe5212e3)
Cyc=       431 Op1=[0x00000000] Op2=[0x00000020] W[W,29= 0x00000003] [_,0x02000193]  409     PC=(0x80000534,0x80000530,0x8000052c) [63, 19, 19], WB: DASM(00300e93)
Cyc=       432 Op1=[0x00000003] Op2=[0x00000003] W[W, 3= 0x00000020] [_,0x09df1463]  410     PC=(0x80000538,0x80000534,0x80000530) [13, 99, 19], WB: DASM(02000193)
Cyc=       433 Op1=[0x00000000] Op2=[0x00000000] W[_, 8= 0x00000006] [_,0x00000213]  411     PC=(0x8000053c,0x80000538,0x80000534) [13, 19, 99], WB: DASM(09df1463)
Cyc=       434 Op1=[0x00000000] Op2=[0x0000000b] W[W, 4= 0x00000000] [_,0x00b00113]  412     PC=(0x80000540,0x8000053c,0x80000538) [13, 19, 19], WB: DASM(00000213)
Cyc=       435 Op1=[0x00000000] Op2=[0x00000000] W[W, 2= 0x0000000b] [_,0x00000013]  413     PC=(0x80000544,0x80000540,0x8000053c) [13, 19, 19], WB: DASM(00b00113)
Cyc=       436 Op1=[0x00000000] Op2=[0x00000000] W[W, 0= 0x00000000] [_,0x00000013]  414     PC=(0x80000548,0x80000544,0x80000540) [13, 19, 19], WB: DASM(00000013)
Cyc=       437 Op1=[0x00000000] Op2=[0x0000000f] W[W, 0= 0x00000000] [_,0x00f00093]  415     PC=(0x8000054c,0x80000548,0x80000544) [33, 19, 19], WB: DASM(00000013)
Cyc=       438 Op1=[0x0000000f] Op2=[0x0000000b] W[W, 1= 0x0000000f] [_,0x40208f33]  416     PC=(0x80000550,0x8000054c,0x80000548) [13, 51, 19], WB: DASM(00f00093)
Cyc=       439 Op1=[0x00000000] Op2=[0x00000001] W[W,30= 0x00000004] [_,0x00120213]  417     PC=(0x80000554,0x80000550,0x8000054c) [13, 19, 51], WB: DASM(40208f33)
Cyc=       440 Op1=[0x00000000] Op2=[0x00000002] W[W, 4= 0x00000001] [_,0x00200293]  418     PC=(0x80000558,0x80000554,0x80000550) [63, 19, 19], WB: DASM(00120213)
Cyc=       441 Op1=[0x00000001] Op2=[0x00000002] W[W, 5= 0x00000002] [_,0xfe5212e3]  419   B PC=(0x8000055c,0x80000558,0x80000554) [13, 99, 19], WB: DASM(00200293)
Cyc=       442 Op1=[0x00000000] Op2=[0x00000004] W[_, 5= 0x00000003] [_,0x00400e93]  420     PC=(0x8000053c,0x8000055c,0x80000558) [13, 51, 99], WB: DASM(fe5212e3)
Cyc=       443 Op1=[0x00000000] Op2=[0x0000000b] W[_,29= 0x00000004] [_,0x00b00113]  421     PC=(0x80000540,0x8000053c,0x8000055c) [13, 19, 51], WB: DASM(00004033)
Cyc=       444 Op1=[0x00000000] Op2=[0x00000000] W[W, 2= 0x0000000b] [_,0x00000013]  421     PC=(0x80000544,0x80000540,0x8000053c) [13, 19, 19], WB: DASM(00b00113)
Cyc=       445 Op1=[0x00000000] Op2=[0x00000000] W[W, 0= 0x00000000] [_,0x00000013]  422     PC=(0x80000548,0x80000544,0x80000540) [13, 19, 19], WB: DASM(00000013)
Cyc=       446 Op1=[0x00000000] Op2=[0x0000000f] W[W, 0= 0x00000000] [_,0x00f00093]  423     PC=(0x8000054c,0x80000548,0x80000544) [33, 19, 19], WB: DASM(00000013)
Cyc=       447 Op1=[0x0000000f] Op2=[0x0000000b] W[W, 1= 0x0000000f] [_,0x40208f33]  424     PC=(0x80000550,0x8000054c,0x80000548) [13, 51, 19], WB: DASM(00f00093)
Cyc=       448 Op1=[0x00000001] Op2=[0x00000001] W[W,30= 0x00000004] [_,0x00120213]  425     PC=(0x80000554,0x80000550,0x8000054c) [13, 19, 51], WB: DASM(40208f33)
Cyc=       449 Op1=[0x00000000] Op2=[0x00000002] W[W, 4= 0x00000002] [_,0x00200293]  426     PC=(0x80000558,0x80000554,0x80000550) [63, 19, 19], WB: DASM(00120213)
Cyc=       450 Op1=[0x00000002] Op2=[0x00000002] W[W, 5= 0x00000002] [_,0xfe5212e3]  427     PC=(0x8000055c,0x80000558,0x80000554) [13, 99, 19], WB: DASM(00200293)
Cyc=       451 Op1=[0x00000000] Op2=[0x00000004] W[_, 5= 0x00000004] [_,0x00400e93]  428     PC=(0x80000560,0x8000055c,0x80000558) [13, 19, 99], WB: DASM(fe5212e3)
Cyc=       452 Op1=[0x00000000] Op2=[0x00000021] W[W,29= 0x00000004] [_,0x02100193]  429     PC=(0x80000564,0x80000560,0x8000055c) [63, 19, 19], WB: DASM(00400e93)
Cyc=       453 Op1=[0x00000004] Op2=[0x00000004] W[W, 3= 0x00000021] [_,0x05df1c63]  430     PC=(0x80000568,0x80000564,0x80000560) [13, 99, 19], WB: DASM(02100193)
Cyc=       454 Op1=[0x00000000] Op2=[0xfffffff1] W[_,24= 0x00000008] [_,0xff100093]  431     PC=(0x8000056c,0x80000568,0x80000564) [33, 19, 99], WB: DASM(05df1c63)
Cyc=       455 Op1=[0x00000000] Op2=[0xfffffff1] W[W, 1= 0xfffffff1] [_,0x40100133]  432     PC=(0x80000570,0x8000056c,0x80000568) [13, 51, 19], WB: DASM(ff100093)
Cyc=       456 Op1=[0x00000000] Op2=[0x0000000f] W[W, 2= 0x0000000f] [_,0x00f00e93]  433     PC=(0x80000574,0x80000570,0x8000056c) [13, 19, 51], WB: DASM(40100133)
Cyc=       457 Op1=[0x00000000] Op2=[0x00000022] W[W,29= 0x0000000f] [_,0x02200193]  434     PC=(0x80000578,0x80000574,0x80000570) [63, 19, 19], WB: DASM(00f00e93)
Cyc=       458 Op1=[0x0000000f] Op2=[0x0000000f] W[W, 3= 0x00000022] [_,0x05d11263]  435     PC=(0x8000057c,0x80000578,0x80000574) [13, 99, 19], WB: DASM(02200193)
Cyc=       459 Op1=[0x00000000] Op2=[0x00000020] W[_, 4= 0x0000001e] [_,0x02000093]  436     PC=(0x80000580,0x8000057c,0x80000578) [33, 19, 99], WB: DASM(05d11263)
Cyc=       460 Op1=[0x00000020] Op2=[0x00000000] W[W, 1= 0x00000020] [_,0x40008133]  437     PC=(0x80000584,0x80000580,0x8000057c) [13, 51, 19], WB: DASM(02000093)
Cyc=       461 Op1=[0x00000000] Op2=[0x00000020] W[W, 2= 0x00000020] [_,0x02000e93]  438     PC=(0x80000588,0x80000584,0x80000580) [13, 19, 51], WB: DASM(40008133)
Cyc=       462 Op1=[0x00000000] Op2=[0x00000023] W[W,29= 0x00000020] [_,0x02300193]  439     PC=(0x8000058c,0x80000588,0x80000584) [63, 19, 19], WB: DASM(02000e93)
Cyc=       463 Op1=[0x00000020] Op2=[0x00000020] W[W, 3= 0x00000023] [_,0x03d11863]  440     PC=(0x80000590,0x8000058c,0x80000588) [33, 99, 19], WB: DASM(02300193)
Cyc=       464 Op1=[0x00000000] Op2=[0x00000000] W[_,16= 0x00000040] [_,0x400000b3]  441     PC=(0x80000594,0x80000590,0x8000058c) [13, 51, 99], WB: DASM(03d11863)
Cyc=       465 Op1=[0x00000000] Op2=[0x00000000] W[W, 1= 0x00000000] [_,0x00000e93]  442     PC=(0x80000598,0x80000594,0x80000590) [13, 19, 51], WB: DASM(400000b3)
Cyc=       466 Op1=[0x00000000] Op2=[0x00000024] W[W,29= 0x00000000] [_,0x02400193]  443     PC=(0x8000059c,0x80000598,0x80000594) [63, 19, 19], WB: DASM(00000e93)
Cyc=       467 Op1=[0x00000000] Op2=[0x00000000] W[W, 3= 0x00000024] [_,0x03d09063]  444     PC=(0x800005a0,0x8000059c,0x80000598) [13, 99, 19], WB: DASM(02400193)
Cyc=       468 Op1=[0x00000000] Op2=[0x00000010] W[_, 0= 0x00000000] [_,0x01000093]  445     PC=(0x800005a4,0x800005a0,0x8000059c) [13, 19, 99], WB: DASM(03d09063)
Cyc=       469 Op1=[0x00000000] Op2=[0x0000001e] W[W, 1= 0x00000010] [_,0x01e00113]  446     PC=(0x800005a8,0x800005a4,0x800005a0) [33, 19, 19], WB: DASM(01000093)
Cyc=       470 Op1=[0x00000010] Op2=[0x0000001e] W[W, 2= 0x0000001e] [_,0x40208033]  447     PC=(0x800005ac,0x800005a8,0x800005a4) [13, 51, 19], WB: DASM(01e00113)
Cyc=       471 Op1=[0x00000000] Op2=[0x00000000] W[W, 0= 0xfffffff2] [_,0x00000e93]  448     PC=(0x800005b0,0x800005ac,0x800005a8) [13, 19, 51], WB: DASM(40208033)
Cyc=       472 Op1=[0x00000000] Op2=[0x00000025] W[W,29= 0x00000000] [_,0x02500193]  449     PC=(0x800005b4,0x800005b0,0x800005ac) [63, 19, 19], WB: DASM(00000e93)
Cyc=       473 Op1=[0x00000000] Op2=[0x00000000] W[W, 3= 0x00000025] [_,0x01d01463]  450     PC=(0x800005b8,0x800005b4,0x800005b0) [63, 99, 19], WB: DASM(02500193)
Cyc=       474 Op1=[0x00000000] Op2=[0x00000025] W[_, 8= 0x00000000] [_,0x00301c63]  451   B PC=(0x800005bc,0x800005b8,0x800005b4) [0f, 99, 99], WB: DASM(01d01463)
Cyc=       475 Op1=[0x00000000] Op2=[0x00000000] W[_,24= 0x00000025] [_,0x0ff0000f]  452     PC=(0x800005d0,0x800005bc,0x800005b8) [0f, 51, 99], WB: DASM(00301c63)
Cyc=       476 Op1=[0x00000000] Op2=[0x00000000] W[_, 0= 0x00000000] [_,0x0ff0000f]  453     PC=(0x800005d4,0x800005d0,0x800005bc) [13, 15, 51], WB: DASM(00004033)
Cyc=       477 Op1=[0x00000000] Op2=[0x00000001] W[_, 0= 0x00000000] [_,0x00100193]  453     PC=(0x800005d8,0x800005d4,0x800005d0) [73, 19, 15], WB: DASM(0ff0000f)
Cyc=       478 Op1=[0x00000000] Op2=[0x00000000] W[W, 3= 0x00000001] [_,0x00000073]  454     PC=(0x800005dc,0x800005d8,0x800005d4) [73,115, 19], WB: DASM(00100193)
Cyc=       479 Op1=[0x00000000] Op2=[0x00000000] W[_, 0= 0x00000000] [_,0xc0001073]  455   X PC=(0x800005e0,0x800005dc,0x800005d8) [00,115,115], WB: DASM(00000073)
Cyc=       480 Op1=[0x00000000] Op2=[0x00000000] W[_, 0= 0x00000000] [_,0x00000000]  456     PC=(0x80000004,0x800005e0,0x800005dc) [73, 51, 51], WB: DASM(00004033)
Cyc=       481 Op1=[0x00000000] Op2=[0x0000001e] W[_, 0= 0x00000000] [_,0x34202f73]  457     PC=(0x80000008,0x80000004,0x800005e0) [13,115, 51], WB: DASM(00004033)
Cyc=       482 Op1=[0x00000000] Op2=[0x00000008] W[W,30= 0x0000000b] [_,0x00800f93]  457     PC=(0x8000000c,0x80000008,0x80000004) [63, 19,115], WB: DASM(34202f73)
Cyc=       483 Op1=[0x0000000b] Op2=[0x00000008] W[W,31= 0x00000008] [_,0x03ff0a63]  458     PC=(0x80000010,0x8000000c,0x80000008) [13, 99, 19], WB: DASM(00800f93)
Cyc=       484 Op1=[0x00000000] Op2=[0x00000009] W[_,20= 0x00000013] [_,0x00900f93]  459     PC=(0x80000014,0x80000010,0x8000000c) [63, 19, 99], WB: DASM(03ff0a63)
Cyc=       485 Op1=[0x0000000b] Op2=[0x00000009] W[W,31= 0x00000009] [_,0x03ff0663]  460     PC=(0x80000018,0x80000014,0x80000010) [13, 99, 19], WB: DASM(00900f93)
Cyc=       486 Op1=[0x00000000] Op2=[0x0000000b] W[_,12= 0x00000014] [_,0x00b00f93]  461     PC=(0x8000001c,0x80000018,0x80000014) [63, 19, 99], WB: DASM(03ff0663)
Cyc=       487 Op1=[0x0000000b] Op2=[0x0000000b] W[W,31= 0x0000000b] [_,0x03ff0263]  462   B PC=(0x80000020,0x8000001c,0x80000018) [17, 99, 19], WB: DASM(00b00f93)
Cyc=       488 Op1=[0x80000000] Op2=[0x80000020] W[_, 4= 0x00000016] [_,0x80000f17]  463     PC=(0x80000040,0x80000020,0x8000001c) [17, 51, 99], WB: DASM(03ff0263)
Cyc=       489 Op1=[0x00001000] Op2=[0x80000040] W[_,30= 0x00000020] [_,0x00001f17]  464     PC=(0x80000044,0x80000040,0x80000020) [23, 23, 51], WB: DASM(00004033)
Cyc=       490 Op1=[0x80001040] Op2=[0xffffffc0] W[W,30= 0x80001040] [_,0xfc3f2023]  464     PC=(0x80000048,0x80000044,0x80000040) [6f, 35, 23], WB: DASM(00001f17)
Cyc=       491 Op1=[0x0000000b] Op2=[0x00000000] W[_, 0= 0x80001000] [_,0xff9ff06f]  465   J PC=(0x8000004c,0x80000048,0x80000044) [73,111, 35], WB: DASM(fc3f2023)
Cyc=       492 Op1=[0x00000000] Op2=[0x00000000] W[W, 0= 0x8000004c] [_,0xf1402573]  466     PC=(0x80000040,0x8000004c,0x80000048) [17, 51,111], WB: DASM(ff9ff06f)
Cyc=       493 Op1=[0x00001000] Op2=[0x80000040] W[_,10= 0x00000000] [_,0x00001f17]  467     PC=(0x80000044,0x80000040,0x8000004c) [23, 23, 51], WB: DASM(00004033)
Cyc=       494 Op1=[0x80001040] Op2=[0xffffffc0] W[W,30= 0x80001040] [_,0xfc3f2023]  467     PC=(0x80000048,0x80000044,0x80000040) [6f, 35, 23], WB: DASM(00001f17)
Cyc=       495 Op1=[0x0000000b] Op2=[0x00000000] W[_, 0= 0x80001000] [_,0xff9ff06f]  468   J PC=(0x8000004c,0x80000048,0x80000044) [73,111, 35], WB: DASM(fc3f2023)
Cyc=       496 Op1=[0x00000000] Op2=[0x00000000] W[W, 0= 0x8000004c] [_,0xf1402573]  469     PC=(0x80000040,0x8000004c,0x80000048) [17, 51,111], WB: DASM(ff9ff06f)
Cyc=       497 Op1=[0x00001000] Op2=[0x80000040] W[_,10= 0x00000000] [_,0x00001f17]  470     PC=(0x80000044,0x80000040,0x8000004c) [23, 23, 51], WB: DASM(00004033)
Cyc=       498 Op1=[0x80001040] Op2=[0xffffffc0] W[W,30= 0x80001040] [_,0xfc3f2023]  470     PC=(0x80000048,0x80000044,0x80000040) [6f, 35, 23], WB: DASM(00001f17)
Cyc=       499 Op1=[0x0000000b] Op2=[0x00000000] W[_, 0= 0x80001000] [_,0xff9ff06f]  471   J PC=(0x8000004c,0x80000048,0x80000044) [73,111, 35], WB: DASM(fc3f2023)
Cyc=       500 Op1=[0x00000000] Op2=[0x00000000] W[W, 0= 0x8000004c] [_,0xf1402573]  472     PC=(0x80000040,0x8000004c,0x80000048) [17, 51,111], WB: DASM(ff9ff06f)
Cyc=       501 Op1=[0x00001000] Op2=[0x80000040] W[_,10= 0x00000000] [_,0x00001f17]  473     PC=(0x80000044,0x80000040,0x8000004c) [23, 23, 51], WB: DASM(00004033)
Cyc=       502 Op1=[0x80001040] Op2=[0xffffffc0] W[W,30= 0x80001040] [_,0xfc3f2023]  473     PC=(0x80000048,0x80000044,0x80000040) [6f, 35, 23], WB: DASM(00001f17)
Cyc=       503 Op1=[0x0000000b] Op2=[0x00000000] W[_, 0= 0x80001000] [_,0xff9ff06f]  474   J PC=(0x8000004c,0x80000048,0x80000044) [73,111, 35], WB: DASM(fc3f2023)
Cyc=       504 Op1=[0x00000000] Op2=[0x00000000] W[W, 0= 0x8000004c] [_,0xf1402573]  475     PC=(0x80000040,0x8000004c,0x80000048) [17, 51,111], WB: DASM(ff9ff06f)
Cyc=       505 Op1=[0x00001000] Op2=[0x80000040] W[_,10= 0x00000000] [_,0x00001f17]  476     PC=(0x80000044,0x80000040,0x8000004c) [23, 23, 51], WB: DASM(00004033)
Cyc=       506 Op1=[0x80001040] Op2=[0xffffffc0] W[W,30= 0x80001040] [_,0xfc3f2023]  476     PC=(0x80000048,0x80000044,0x80000040) [6f, 35, 23], WB: DASM(00001f17)
Cyc=       507 Op1=[0x0000000b] Op2=[0x00000000] W[_, 0= 0x80001000] [_,0xff9ff06f]  477   J PC=(0x8000004c,0x80000048,0x80000044) [73,111, 35], WB: DASM(fc3f2023)
Cyc=       508 Op1=[0x00000000] Op2=[0x00000000] W[W, 0= 0x8000004c] [_,0xf1402573]  478     PC=(0x80000040,0x8000004c,0x80000048) [17, 51,111], WB: DASM(ff9ff06f)
Cyc=       509 Op1=[0x00001000] Op2=[0x80000040] W[_,10= 0x00000000] [_,0x00001f17]  479     PC=(0x80000044,0x80000040,0x8000004c) [23, 23, 51], WB: DASM(00004033)
Cyc=       510 Op1=[0x80001040] Op2=[0xffffffc0] W[W,30= 0x80001040] [_,0xfc3f2023]  479     PC=(0x80000048,0x80000044,0x80000040) [6f, 35, 23], WB: DASM(00001f17)
Cyc=       511 Op1=[0x0000000b] Op2=[0x00000000] W[_, 0= 0x80001000] [_,0xff9ff06f]  480   J PC=(0x8000004c,0x80000048,0x80000044) [73,111, 35], WB: DASM(fc3f2023)
Cyc=       512 Op1=[0x00000000] Op2=[0x00000000] W[W, 0= 0x8000004c] [_,0xf1402573]  481     PC=(0x80000040,0x8000004c,0x80000048) [17, 51,111], WB: DASM(ff9ff06f)
Cyc=       513 Op1=[0x00001000] Op2=[0x80000040] W[_,10= 0x00000000] [_,0x00001f17]  482     PC=(0x80000044,0x80000040,0x8000004c) [23, 23, 51], WB: DASM(00004033)
Cyc=       514 Op1=[0x80001040] Op2=[0xffffffc0] W[W,30= 0x80001040] [_,0xfc3f2023]  482     PC=(0x80000048,0x80000044,0x80000040) [6f, 35, 23], WB: DASM(00001f17)
Cyc=       515 Op1=[0x0000000b] Op2=[0x00000000] W[_, 0= 0x80001000] [_,0xff9ff06f]  483   J PC=(0x8000004c,0x80000048,0x80000044) [73,111, 35], WB: DASM(fc3f2023)
Cyc=       516 Op1=[0x00000000] Op2=[0x00000000] W[W, 0= 0x8000004c] [_,0xf1402573]  484     PC=(0x80000040,0x8000004c,0x80000048) [17, 51,111], WB: DASM(ff9ff06f)
Cyc=       517 Op1=[0x00001000] Op2=[0x80000040] W[_,10= 0x00000000] [_,0x00001f17]  485     PC=(0x80000044,0x80000040,0x8000004c) [23, 23, 51], WB: DASM(00004033)
Cyc=       518 Op1=[0x80001040] Op2=[0xffffffc0] W[W,30= 0x80001040] [_,0xfc3f2023]  485     PC=(0x80000048,0x80000044,0x80000040) [6f, 35, 23], WB: DASM(00001f17)
Cyc=       519 Op1=[0x0000000b] Op2=[0x00000000] W[_, 0= 0x80001000] [_,0xff9ff06f]  486   J PC=(0x8000004c,0x80000048,0x80000044) [73,111, 35], WB: DASM(fc3f2023)
Cyc=       520 Op1=[0x00000000] Op2=[0x00000000] W[W, 0= 0x8000004c] [_,0xf1402573]  487     PC=(0x80000040,0x8000004c,0x80000048) [17, 51,111], WB: DASM(ff9ff06f)
Cyc=       521 Op1=[0x00001000] Op2=[0x80000040] W[_,10= 0x00000000] [_,0x00001f17]  488     PC=(0x80000044,0x80000040,0x8000004c) [23, 23, 51], WB: DASM(00004033)
Cyc=       522 Op1=[0x80001040] Op2=[0xffffffc0] W[W,30= 0x80001040] [_,0xfc3f2023]  488     PC=(0x80000048,0x80000044,0x80000040) [6f, 35, 23], WB: DASM(00001f17)
Cyc=       523 Op1=[0x0000000b] Op2=[0x00000000] W[_, 0= 0x80001000] [_,0xff9ff06f]  489   J PC=(0x8000004c,0x80000048,0x80000044) [73,111, 35], WB: DASM(fc3f2023)
Cyc=       524 Op1=[0x00000000] Op2=[0x00000000] W[W, 0= 0x8000004c] [_,0xf1402573]  490     PC=(0x80000040,0x8000004c,0x80000048) [17, 51,111], WB: DASM(ff9ff06f)
Cyc=       525 Op1=[0x00001000] Op2=[0x80000040] W[_,10= 0x00000000] [_,0x00001f17]  491     PC=(0x80000044,0x80000040,0x8000004c) [23, 23, 51], WB: DASM(00004033)
Cyc=       526 Op1=[0x80001040] Op2=[0xffffffc0] W[W,30= 0x80001040] [_,0xfc3f2023]  491     PC=(0x80000048,0x80000044,0x80000040) [6f, 35, 23], WB: DASM(00001f17)
Cyc=       527 Op1=[0x0000000b] Op2=[0x00000000] W[_, 0= 0x80001000] [_,0xff9ff06f]  492   J PC=(0x8000004c,0x80000048,0x80000044) [73,111, 35], WB: DASM(fc3f2023)
*** PASSED ***
