Instantiated DTM.
Cyc=         0 Op1=[0x00000000] Op2=[0x00000000] W[_, 0= 0x7ffffffc] [_,0x04c0006f]    0   J PC=(0x7ffffffc,0x7ffffffc,0x7ffffffc) [6f, 51, 51], WB: DASM(00004033)
Cyc=         1 Op1=[0x00000000] Op2=[0x00000000] W[_, 0= 0x7ffffffc] [_,0x04c0006f]    0   J PC=(0x80000000,0x7ffffffc,0x7ffffffc) [6f, 51, 51], WB: DASM(00004033)
Cyc=         2 Op1=[0x00000000] Op2=[0x00000000] W[_, 0= 0x80000000] [_,0x04c0006f]    0   J PC=(0x80000004,0x80000000,0x7ffffffc) [73,111, 51], WB: DASM(00004033)
Cyc=         3 Op1=[0x00000000] Op2=[0x00000000] W[W, 0= 0x80000004] [_,0x34202f73]    0     PC=(0x8000004c,0x80000004,0x80000000) [73, 51,111], WB: DASM(04c0006f)
Cyc=         4 Op1=[0x00000000] Op2=[0x00000000] W[_,30= 0x00000000] [_,0xf1402573]    1     PC=(0x80000050,0x8000004c,0x80000004) [63,115, 51], WB: DASM(00004033)
Cyc=         5 Op1=[0x00000000] Op2=[0x00000000] W[W,10= 0x00000000] [_,0x00051063]    1 H   PC=(0x80000054,0x80000050,0x8000004c) [17, 99,115], WB: DASM(f1402573)
Cyc=         6 Op1=[0x00000000] Op2=[0x00000000] W[_, 0= 0x00000000] [_,0x00051063]    2     PC=(0x80000054,0x80000050,0x00000000) [17, 99, 51], WB: DASM(00004033)
Cyc=         7 Op1=[0x00000000] Op2=[0x80000054] W[_, 0= 0x00000000] [_,0x00000297]    2     PC=(0x80000058,0x80000054,0x80000050) [13, 23, 99], WB: DASM(00051063)
Cyc=         8 Op1=[0x80000054] Op2=[0x00000010] W[W, 5= 0x80000054] [_,0x01028293]    3     PC=(0x8000005c,0x80000058,0x80000054) [73, 19, 23], WB: DASM(00000297)
Cyc=         9 Op1=[0x80000064] Op2=[0x80000064] W[W, 5= 0x80000064] [_,0x30529073]    4     PC=(0x80000060,0x8000005c,0x80000058) [73,115, 19], WB: DASM(01028293)
Cyc=        10 Op1=[0x00000000] Op2=[0x00000000] W[W, 0= 0x00000100] [_,0x18005073]    5     PC=(0x80000064,0x80000060,0x8000005c) [17,115,115], WB: DASM(30529073)
Cyc=        11 Op1=[0x00000000] Op2=[0x80000064] W[W, 0= 0x00000000] [_,0x00000297]    6     PC=(0x80000068,0x80000064,0x80000060) [13, 23,115], WB: DASM(18005073)
Cyc=        12 Op1=[0x80000064] Op2=[0x0000001c] W[W, 5= 0x80000064] [_,0x01c28293]    7     PC=(0x8000006c,0x80000068,0x80000064) [73, 19, 23], WB: DASM(00000297)
Cyc=        13 Op1=[0x80000080] Op2=[0x80000080] W[W, 5= 0x80000080] [_,0x30529073]    8     PC=(0x80000070,0x8000006c,0x80000068) [13,115, 19], WB: DASM(01c28293)
Cyc=        14 Op1=[0x00000000] Op2=[0xffffffff] W[W, 0= 0x00000100] [_,0xfff00293]    9     PC=(0x80000074,0x80000070,0x8000006c) [73, 19,115], WB: DASM(30529073)
Cyc=        15 Op1=[0xffffffff] Op2=[0x00000000] W[W, 5= 0xffffffff] [_,0x3b029073]   10     PC=(0x80000078,0x80000074,0x80000070) [13,115, 19], WB: DASM(fff00293)
Cyc=        16 Op1=[0x00000000] Op2=[0x0000001f] W[W, 0= 0x00000000] [_,0x01f00293]   11     PC=(0x8000007c,0x80000078,0x80000074) [73, 19,115], WB: DASM(3b029073)
Cyc=        17 Op1=[0x0000001f] Op2=[0x00000000] W[W, 5= 0x0000001f] [_,0x3a029073]   12     PC=(0x80000080,0x8000007c,0x80000078) [17,115, 19], WB: DASM(01f00293)
Cyc=        18 Op1=[0x00000000] Op2=[0x80000080] W[W, 0= 0x00000000] [_,0x00000297]   13     PC=(0x80000084,0x80000080,0x8000007c) [13, 23,115], WB: DASM(3a029073)
Cyc=        19 Op1=[0x80000080] Op2=[0x00000018] W[W, 5= 0x80000080] [_,0x01828293]   14     PC=(0x80000088,0x80000084,0x80000080) [73, 19, 23], WB: DASM(00000297)
Cyc=        20 Op1=[0x80000098] Op2=[0x80000098] W[W, 5= 0x80000098] [_,0x30529073]   15     PC=(0x8000008c,0x80000088,0x80000084) [73,115, 19], WB: DASM(01828293)
Cyc=        21 Op1=[0x00000000] Op2=[0x00000000] W[W, 0= 0x00000100] [_,0x30205073]   16     PC=(0x80000090,0x8000008c,0x80000088) [73,115,115], WB: DASM(30529073)
Cyc=        22 Op1=[0x00000000] Op2=[0x00000000] W[W, 0= 0x00000000] [_,0x30305073]   17     PC=(0x80000094,0x80000090,0x8000008c) [73,115,115], WB: DASM(30205073)
Cyc=        23 Op1=[0x00000000] Op2=[0x00000000] W[W, 0= 0x00000000] [_,0x30405073]   18     PC=(0x80000098,0x80000094,0x80000090) [13,115,115], WB: DASM(30305073)
Cyc=        24 Op1=[0x00000000] Op2=[0x00000000] W[W, 0= 0x00000000] [_,0x00000193]   19     PC=(0x8000009c,0x80000098,0x80000094) [17, 19,115], WB: DASM(30405073)
Cyc=        25 Op1=[0x00000000] Op2=[0x8000009c] W[W, 3= 0x00000000] [_,0x00000297]   20     PC=(0x800000a0,0x8000009c,0x80000098) [13, 23, 19], WB: DASM(00000193)
Cyc=        26 Op1=[0x8000009c] Op2=[0xffffff68] W[W, 5= 0x8000009c] [_,0xf6828293]   21     PC=(0x800000a4,0x800000a0,0x8000009c) [73, 19, 23], WB: DASM(00000297)
Cyc=        27 Op1=[0x80000004] Op2=[0x80000004] W[W, 5= 0x80000004] [_,0x30529073]   22     PC=(0x800000a8,0x800000a4,0x800000a0) [13,115, 19], WB: DASM(f6828293)
Cyc=        28 Op1=[0x00000000] Op2=[0x00000001] W[W, 0= 0x00000100] [_,0x00100513]   23     PC=(0x800000ac,0x800000a8,0x800000a4) [13, 19,115], WB: DASM(30529073)
Cyc=        29 Op1=[0x00000001] Op2=[0x0000001f] W[W,10= 0x00000001] [_,0x01f51513]   24     PC=(0x800000b0,0x800000ac,0x800000a8) [63, 19, 19], WB: DASM(00100513)
Cyc=        30 Op1=[0x80000000] Op2=[0x00000000] W[W,10= 0x80000000] [_,0x00054863]   25   B PC=(0x800000b4,0x800000b0,0x800000ac) [0f, 99, 19], WB: DASM(01f51513)
Cyc=        31 Op1=[0x00000000] Op2=[0x00000000] W[_,16= 0x80000000] [_,0x0ff0000f]   26     PC=(0x800000c0,0x800000b4,0x800000b0) [17, 51, 99], WB: DASM(00054863)
Cyc=        32 Op1=[0x80000000] Op2=[0x800000c0] W[_, 0= 0x00000000] [_,0x80000297]   27     PC=(0x800000c4,0x800000c0,0x800000b4) [13, 23, 51], WB: DASM(00004033)
Cyc=        33 Op1=[0x000000c0] Op2=[0xffffff40] W[W, 5= 0x000000c0] [_,0xf4028293]   27     PC=(0x800000c8,0x800000c4,0x800000c0) [63, 19, 23], WB: DASM(80000297)
Cyc=        34 Op1=[0x00000000] Op2=[0x00000000] W[W, 5= 0x00000000] [_,0x00028e63]   28   B PC=(0x800000cc,0x800000c8,0x800000c4) [73, 99, 19], WB: DASM(f4028293)
Cyc=        35 Op1=[0x00000000] Op2=[0x00000000] W[_,28= 0x00000000] [_,0x10529073]   29     PC=(0x800000e4,0x800000cc,0x800000c8) [73, 51, 99], WB: DASM(00028e63)
Cyc=        36 Op1=[0x00000000] Op2=[0x00000000] W[_, 0= 0x00000000] [_,0x30005073]   30     PC=(0x800000e8,0x800000e4,0x800000cc) [37,115, 51], WB: DASM(00004033)
Cyc=        37 Op1=[0x00002000] Op2=[0x00000000] W[W, 0= 0x00001800] [_,0x00002537]   30     PC=(0x800000ec,0x800000e8,0x800000e4) [13, 55,115], WB: DASM(30005073)
Cyc=        38 Op1=[0x00002000] Op2=[0xfffff800] W[W,10= 0x00002000] [_,0x80050513]   31     PC=(0x800000f0,0x800000ec,0x800000e8) [73, 19, 55], WB: DASM(00002537)
Cyc=        39 Op1=[0x00001800] Op2=[0x00000000] W[W,10= 0x00001800] [_,0x30052073]   32     PC=(0x800000f4,0x800000f0,0x800000ec) [17,115, 19], WB: DASM(80050513)
Cyc=        40 Op1=[0x00000000] Op2=[0x800000f4] W[W, 0= 0x00001800] [_,0x00000297]   33     PC=(0x800000f8,0x800000f4,0x800000f0) [13, 23,115], WB: DASM(30052073)
Cyc=        41 Op1=[0x800000f4] Op2=[0x00000014] W[W, 5= 0x800000f4] [_,0x01428293]   34     PC=(0x800000fc,0x800000f8,0x800000f4) [73, 19, 23], WB: DASM(00000297)
Cyc=        42 Op1=[0x80000108] Op2=[0x00000000] W[W, 5= 0x80000108] [_,0x34129073]   35     PC=(0x80000100,0x800000fc,0x800000f8) [73,115, 19], WB: DASM(01428293)
Cyc=        43 Op1=[0x00000000] Op2=[0x00000000] W[W, 0= 0x00000000] [_,0xf1402573]   36     PC=(0x80000104,0x80000100,0x800000fc) [73,115,115], WB: DASM(34129073)
Cyc=        44 Op1=[0x00000000] Op2=[0x00000000] W[W,10= 0x00000000] [_,0x30200073]   37     PC=(0x80000108,0x80000104,0x80000100) [13,115,115], WB: DASM(f1402573)
Cyc=        45 Op1=[0x00000000] Op2=[0x00000002] W[_, 0= 0x00000000] [_,0x00200193]   38   X PC=(0x8000010c,0x80000108,0x80000104) [00, 19,115], WB: DASM(30200073)
Cyc=        46 Op1=[0x00000000] Op2=[0x00000000] W[_, 3= 0x00000002] [_,0x00000000]   39     PC=(0x80000108,0x8000010c,0x80000108) [13, 51, 51], WB: DASM(00004033)
Cyc=        47 Op1=[0x00000000] Op2=[0x00000002] W[_, 0= 0x00000000] [_,0x00200193]   40     PC=(0x8000010c,0x80000108,0x8000010c) [00, 19, 51], WB: DASM(00004033)
Cyc=        48 Op1=[0x00000000] Op2=[0x00000000] W[W, 3= 0x00000002] [E,0x00000000]   40     PC=(0x80000110,0x8000010c,0x80000108) [6f,  0, 19], WB: DASM(00200193)
Cyc=        49 Op1=[0x00000000] Op2=[0x00000000] W[_, 0= 0x00000000] [_,0x0f40006f]   41   X PC=(0x80000114,0x80000110,0x8000010c) [37,111,  0], WB: DASM(00000000)
Cyc=        50 Op1=[0x00002000] Op2=[0x00000000] W[_, 0= 0x80000114] [_,0x000022b7]   42     PC=(0x80000004,0x80000114,0x80000110) [73, 51, 51], WB: DASM(00004033)
Cyc=        51 Op1=[0x00000000] Op2=[0x00000000] W[_, 5= 0x00002000] [_,0x34202f73]   43     PC=(0x80000008,0x80000004,0x80000114) [13,115, 51], WB: DASM(00004033)
Cyc=        52 Op1=[0x00000000] Op2=[0x00000008] W[W,30= 0x00000002] [_,0x00800f93]   43     PC=(0x8000000c,0x80000008,0x80000004) [63, 19,115], WB: DASM(34202f73)
Cyc=        53 Op1=[0x00000002] Op2=[0x00000008] W[W,31= 0x00000008] [_,0x03ff0a63]   44     PC=(0x80000010,0x8000000c,0x80000008) [13, 99, 19], WB: DASM(00800f93)
Cyc=        54 Op1=[0x00000000] Op2=[0x00000009] W[_,20= 0x0000000a] [_,0x00900f93]   45     PC=(0x80000014,0x80000010,0x8000000c) [63, 19, 99], WB: DASM(03ff0a63)
Cyc=        55 Op1=[0x00000002] Op2=[0x00000009] W[W,31= 0x00000009] [_,0x03ff0663]   46     PC=(0x80000018,0x80000014,0x80000010) [13, 99, 19], WB: DASM(00900f93)
Cyc=        56 Op1=[0x00000000] Op2=[0x0000000b] W[_,12= 0x0000000b] [_,0x00b00f93]   47     PC=(0x8000001c,0x80000018,0x80000014) [63, 19, 99], WB: DASM(03ff0663)
Cyc=        57 Op1=[0x00000002] Op2=[0x0000000b] W[W,31= 0x0000000b] [_,0x03ff0263]   48     PC=(0x80000020,0x8000001c,0x80000018) [17, 99, 19], WB: DASM(00b00f93)
Cyc=        58 Op1=[0x00000000] Op2=[0x80000020] W[_, 4= 0x0000000d] [_,0x00000f17]   49     PC=(0x80000024,0x80000020,0x8000001c) [13, 23, 99], WB: DASM(03ff0263)
Cyc=        59 Op1=[0x80000020] Op2=[0x000002e0] W[W,30= 0x80000020] [_,0x2e0f0f13]   50     PC=(0x80000028,0x80000024,0x80000020) [63, 19, 23], WB: DASM(00000f17)
Cyc=        60 Op1=[0x80000300] Op2=[0x00000000] W[W,30= 0x80000300] [_,0x000f0463]   51     PC=(0x8000002c,0x80000028,0x80000024) [67, 99, 19], WB: DASM(2e0f0f13)
Cyc=        61 Op1=[0x80000300] Op2=[0x00000000] W[_, 8= 0x80000300] [_,0x000f0067]   52   R PC=(0x80000030,0x8000002c,0x80000028) [73,103, 99], WB: DASM(000f0463)
Cyc=        62 Op1=[0x00000000] Op2=[0x00000000] W[W, 0= 0x80000030] [_,0x34202f73]   53     PC=(0x80000300,0x80000030,0x8000002c) [6f, 51,103], WB: DASM(000f0067)
Cyc=        63 Op1=[0x00000000] Op2=[0x00000000] W[_,30= 0x00000002] [_,0x0400006f]   54   J PC=(0x80000304,0x80000300,0x80000030) [6f,111, 51], WB: DASM(00004033)
Cyc=        64 Op1=[0x0000000b] Op2=[0x00000000] W[W, 0= 0x80000304] [_,0xe5dff06f]   54   J PC=(0x80000340,0x80000304,0x80000300) [13, 51,111], WB: DASM(0400006f)
Cyc=        65 Op1=[0x00000000] Op2=[0x00000002] W[_, 0= 0x80000340] [_,0x00200313]   55     PC=(0x80000344,0x80000340,0x80000304) [73, 19, 51], WB: DASM(00004033)
Cyc=        66 Op1=[0x00000000] Op2=[0x00000000] W[W, 6= 0x00000002] [_,0x342022f3]   55     PC=(0x80000348,0x80000344,0x80000340) [63,115, 19], WB: DASM(00200313)
Cyc=        67 Op1=[0x80000108] Op2=[0x00000002] W[W, 5= 0x00000002] [_,0xea629ee3]   56 H B PC=(0x8000034c,0x80000348,0x80000344) [73, 99,115], WB: DASM(342022f3)
Cyc=        68 Op1=[0x00000002] Op2=[0x00000002] W[_,29= 0x8000010a] [_,0xea629ee3]   57     PC=(0x8000034c,0x80000348,0x00000000) [73, 99, 51], WB: DASM(00004033)
Cyc=        69 Op1=[0x00000000] Op2=[0x00000000] W[_,29= 0x00000004] [_,0x341022f3]   57     PC=(0x80000350,0x8000034c,0x80000348) [17,115, 99], WB: DASM(ea629ee3)
Cyc=        70 Op1=[0x00000000] Op2=[0x80000350] W[W, 5= 0x8000010c] [_,0x00000317]   58     PC=(0x80000354,0x80000350,0x8000034c) [13, 23,115], WB: DASM(341022f3)
Cyc=        71 Op1=[0x80000350] Op2=[0xfffffdbc] W[W, 6= 0x80000350] [_,0xdbc30313]   59     PC=(0x80000358,0x80000354,0x80000350) [63, 19, 23], WB: DASM(00000317)
Cyc=        72 Op1=[0x8000010c] Op2=[0x8000010c] W[W, 6= 0x8000010c] [_,0x04628e63]   60   B PC=(0x8000035c,0x80000358,0x80000354) [17, 99, 19], WB: DASM(dbc30313)
Cyc=        73 Op1=[0x00000000] Op2=[0x8000035c] W[_,28= 0x00000218] [_,0x00000317]   61     PC=(0x800003b4,0x8000035c,0x80000358) [13, 51, 99], WB: DASM(04628e63)
Cyc=        74 Op1=[0x8000010c] Op2=[0x00000008] W[_, 6= 0x8000035c] [_,0x00828293]   62     PC=(0x800003b8,0x800003b4,0x8000035c) [73, 19, 51], WB: DASM(00004033)
Cyc=        75 Op1=[0x80000114] Op2=[0x00000000] W[W, 5= 0x80000114] [_,0x34129073]   62     PC=(0x800003bc,0x800003b8,0x800003b4) [73,115, 19], WB: DASM(00828293)
Cyc=        76 Op1=[0x00000000] Op2=[0x00000000] W[W, 0= 0x8000010c] [_,0x30200073]   63     PC=(0x800003c0,0x800003bc,0x800003b8) [37,115,115], WB: DASM(34129073)
Cyc=        77 Op1=[0x00200000] Op2=[0x00000000] W[_, 0= 0x00000000] [_,0x00200337]   64   X PC=(0x800003c4,0x800003c0,0x800003bc) [73, 55,115], WB: DASM(30200073)
Cyc=        78 Op1=[0x8000010c] Op2=[0x00000000] W[_, 6= 0x00200000] [_,0x30032073]   65     PC=(0x80000114,0x800003c4,0x800003c0) [37, 51, 51], WB: DASM(00004033)
Cyc=        79 Op1=[0x00002000] Op2=[0x00000000] W[_, 0= 0x00001888] [_,0x000022b7]   66     PC=(0x80000118,0x80000114,0x800003c4) [13, 55, 51], WB: DASM(00004033)
Cyc=        80 Op1=[0x00002000] Op2=[0xfffff800] W[W, 5= 0x00002000] [_,0x80028293]   66     PC=(0x8000011c,0x80000118,0x80000114) [73, 19, 55], WB: DASM(000022b7)
Cyc=        81 Op1=[0x00001800] Op2=[0x00000000] W[W, 5= 0x00001800] [_,0x3002b073]   67     PC=(0x80000120,0x8000011c,0x80000118) [37,115, 19], WB: DASM(80028293)
Cyc=        82 Op1=[0x00001000] Op2=[0x00000000] W[W, 0= 0x00001888] [_,0x00001337]   68     PC=(0x80000124,0x80000120,0x8000011c) [13, 55,115], WB: DASM(3002b073)
Cyc=        83 Op1=[0x00001000] Op2=[0xfffff800] W[W, 6= 0x00001000] [_,0x80030313]   69     PC=(0x80000128,0x80000124,0x80000120) [73, 19, 55], WB: DASM(00001337)
Cyc=        84 Op1=[0x00000800] Op2=[0x00000000] W[W, 6= 0x00000800] [_,0x30032073]   70     PC=(0x8000012c,0x80000128,0x80000124) [73,115, 19], WB: DASM(80030313)
Cyc=        85 Op1=[0x00000000] Op2=[0x00000000] W[W, 0= 0x00001888] [_,0x300023f3]   71     PC=(0x80000130,0x8000012c,0x80000128) [33,115,115], WB: DASM(30032073)
Cyc=        86 Op1=[0x00000000] Op2=[0x00001800] W[W, 7= 0x00001888] [_,0x0053f3b3]   72 H   PC=(0x80000134,0x80000130,0x8000012c) [63, 51,115], WB: DASM(300023f3)
Cyc=        87 Op1=[0x00001888] Op2=[0x00001800] W[_, 7= 0x00000000] [_,0x0053f3b3]   73     PC=(0x80000134,0x80000130,0x00000000) [63, 51, 51], WB: DASM(00004033)
Cyc=        88 Op1=[0x00000800] Op2=[0x00001800] W[W, 7= 0x00001800] [_,0x0e731263]   73   B PC=(0x80000138,0x80000134,0x80000130) [73, 99, 51], WB: DASM(0053f3b3)
Cyc=        89 Op1=[0x00000002] Op2=[0x00000000] W[_, 4= 0x00002000] [_,0x34415073]   74     PC=(0x80000218,0x80000138,0x80000134) [0f, 51, 99], WB: DASM(0e731263)
Cyc=        90 Op1=[0x00000000] Op2=[0x0000000b] W[_, 0= 0x00000080] [_,0x0ff0000f]   75     PC=(0x8000021c,0x80000218,0x80000138) [13, 15, 51], WB: DASM(00004033)
Cyc=        91 Op1=[0x00000000] Op2=[0x00000001] W[_, 0= 0x0000000b] [_,0x00100193]   75     PC=(0x80000220,0x8000021c,0x80000218) [73, 19, 15], WB: DASM(0ff0000f)
Cyc=        92 Op1=[0x00000000] Op2=[0x00000000] W[W, 3= 0x00000001] [_,0x00000073]   76     PC=(0x80000224,0x80000220,0x8000021c) [13,115, 19], WB: DASM(00100193)
Cyc=        93 Op1=[0x00000000] Op2=[0x00000000] W[_, 0= 0x00000000] [_,0x00000013]   77   X PC=(0x80000228,0x80000224,0x80000220) [13, 19,115], WB: DASM(00000073)
Cyc=        94 Op1=[0x00000000] Op2=[0x00000000] W[_, 0= 0x00000000] [_,0x00000013]   78     PC=(0x80000004,0x80000228,0x80000224) [73, 51, 51], WB: DASM(00004033)
Cyc=        95 Op1=[0x00000000] Op2=[0x00000000] W[_, 0= 0x00000000] [_,0x34202f73]   79     PC=(0x80000008,0x80000004,0x80000228) [13,115, 51], WB: DASM(00004033)
Cyc=        96 Op1=[0x00000000] Op2=[0x00000008] W[W,30= 0x0000000b] [_,0x00800f93]   79     PC=(0x8000000c,0x80000008,0x80000004) [63, 19,115], WB: DASM(34202f73)
Cyc=        97 Op1=[0x0000000b] Op2=[0x00000008] W[W,31= 0x00000008] [_,0x03ff0a63]   80     PC=(0x80000010,0x8000000c,0x80000008) [13, 99, 19], WB: DASM(00800f93)
Cyc=        98 Op1=[0x00000000] Op2=[0x00000009] W[_,20= 0x00000013] [_,0x00900f93]   81     PC=(0x80000014,0x80000010,0x8000000c) [63, 19, 99], WB: DASM(03ff0a63)
Cyc=        99 Op1=[0x0000000b] Op2=[0x00000009] W[W,31= 0x00000009] [_,0x03ff0663]   82     PC=(0x80000018,0x80000014,0x80000010) [13, 99, 19], WB: DASM(00900f93)
Cyc=       100 Op1=[0x00000000] Op2=[0x0000000b] W[_,12= 0x00000014] [_,0x00b00f93]   83     PC=(0x8000001c,0x80000018,0x80000014) [63, 19, 99], WB: DASM(03ff0663)
Cyc=       101 Op1=[0x0000000b] Op2=[0x0000000b] W[W,31= 0x0000000b] [_,0x03ff0263]   84   B PC=(0x80000020,0x8000001c,0x80000018) [17, 99, 19], WB: DASM(00b00f93)
Cyc=       102 Op1=[0x00000000] Op2=[0x80000020] W[_, 4= 0x00000016] [_,0x00000f17]   85     PC=(0x80000040,0x80000020,0x8000001c) [17, 51, 99], WB: DASM(03ff0263)
Cyc=       103 Op1=[0x00001000] Op2=[0x80000040] W[_,30= 0x80000020] [_,0x00001f17]   86     PC=(0x80000044,0x80000040,0x80000020) [23, 23, 51], WB: DASM(00004033)
Cyc=       104 Op1=[0x80001040] Op2=[0xffffffc0] W[W,30= 0x80001040] [_,0xfc3f2023]   86     PC=(0x80000048,0x80000044,0x80000040) [6f, 35, 23], WB: DASM(00001f17)
Cyc=       105 Op1=[0x0000000b] Op2=[0x00000000] W[_, 0= 0x80001000] [_,0xff9ff06f]   87   J PC=(0x8000004c,0x80000048,0x80000044) [73,111, 35], WB: DASM(fc3f2023)
Cyc=       106 Op1=[0x00000000] Op2=[0x00000000] W[W, 0= 0x8000004c] [_,0xf1402573]   88     PC=(0x80000040,0x8000004c,0x80000048) [17, 51,111], WB: DASM(ff9ff06f)
Cyc=       107 Op1=[0x00001000] Op2=[0x80000040] W[_,10= 0x00000000] [_,0x00001f17]   89     PC=(0x80000044,0x80000040,0x8000004c) [23, 23, 51], WB: DASM(00004033)
Cyc=       108 Op1=[0x80001040] Op2=[0xffffffc0] W[W,30= 0x80001040] [_,0xfc3f2023]   89     PC=(0x80000048,0x80000044,0x80000040) [6f, 35, 23], WB: DASM(00001f17)
Cyc=       109 Op1=[0x0000000b] Op2=[0x00000000] W[_, 0= 0x80001000] [_,0xff9ff06f]   90   J PC=(0x8000004c,0x80000048,0x80000044) [73,111, 35], WB: DASM(fc3f2023)
Cyc=       110 Op1=[0x00000000] Op2=[0x00000000] W[W, 0= 0x8000004c] [_,0xf1402573]   91     PC=(0x80000040,0x8000004c,0x80000048) [17, 51,111], WB: DASM(ff9ff06f)
Cyc=       111 Op1=[0x00001000] Op2=[0x80000040] W[_,10= 0x00000000] [_,0x00001f17]   92     PC=(0x80000044,0x80000040,0x8000004c) [23, 23, 51], WB: DASM(00004033)
Cyc=       112 Op1=[0x80001040] Op2=[0xffffffc0] W[W,30= 0x80001040] [_,0xfc3f2023]   92     PC=(0x80000048,0x80000044,0x80000040) [6f, 35, 23], WB: DASM(00001f17)
Cyc=       113 Op1=[0x0000000b] Op2=[0x00000000] W[_, 0= 0x80001000] [_,0xff9ff06f]   93   J PC=(0x8000004c,0x80000048,0x80000044) [73,111, 35], WB: DASM(fc3f2023)
Cyc=       114 Op1=[0x00000000] Op2=[0x00000000] W[W, 0= 0x8000004c] [_,0xf1402573]   94     PC=(0x80000040,0x8000004c,0x80000048) [17, 51,111], WB: DASM(ff9ff06f)
Cyc=       115 Op1=[0x00001000] Op2=[0x80000040] W[_,10= 0x00000000] [_,0x00001f17]   95     PC=(0x80000044,0x80000040,0x8000004c) [23, 23, 51], WB: DASM(00004033)
Cyc=       116 Op1=[0x80001040] Op2=[0xffffffc0] W[W,30= 0x80001040] [_,0xfc3f2023]   95     PC=(0x80000048,0x80000044,0x80000040) [6f, 35, 23], WB: DASM(00001f17)
Cyc=       117 Op1=[0x0000000b] Op2=[0x00000000] W[_, 0= 0x80001000] [_,0xff9ff06f]   96   J PC=(0x8000004c,0x80000048,0x80000044) [73,111, 35], WB: DASM(fc3f2023)
Cyc=       118 Op1=[0x00000000] Op2=[0x00000000] W[W, 0= 0x8000004c] [_,0xf1402573]   97     PC=(0x80000040,0x8000004c,0x80000048) [17, 51,111], WB: DASM(ff9ff06f)
Cyc=       119 Op1=[0x00001000] Op2=[0x80000040] W[_,10= 0x00000000] [_,0x00001f17]   98     PC=(0x80000044,0x80000040,0x8000004c) [23, 23, 51], WB: DASM(00004033)
Cyc=       120 Op1=[0x80001040] Op2=[0xffffffc0] W[W,30= 0x80001040] [_,0xfc3f2023]   98     PC=(0x80000048,0x80000044,0x80000040) [6f, 35, 23], WB: DASM(00001f17)
Cyc=       121 Op1=[0x0000000b] Op2=[0x00000000] W[_, 0= 0x80001000] [_,0xff9ff06f]   99   J PC=(0x8000004c,0x80000048,0x80000044) [73,111, 35], WB: DASM(fc3f2023)
Cyc=       122 Op1=[0x00000000] Op2=[0x00000000] W[W, 0= 0x8000004c] [_,0xf1402573]  100     PC=(0x80000040,0x8000004c,0x80000048) [17, 51,111], WB: DASM(ff9ff06f)
Cyc=       123 Op1=[0x00001000] Op2=[0x80000040] W[_,10= 0x00000000] [_,0x00001f17]  101     PC=(0x80000044,0x80000040,0x8000004c) [23, 23, 51], WB: DASM(00004033)
Cyc=       124 Op1=[0x80001040] Op2=[0xffffffc0] W[W,30= 0x80001040] [_,0xfc3f2023]  101     PC=(0x80000048,0x80000044,0x80000040) [6f, 35, 23], WB: DASM(00001f17)
Cyc=       125 Op1=[0x0000000b] Op2=[0x00000000] W[_, 0= 0x80001000] [_,0xff9ff06f]  102   J PC=(0x8000004c,0x80000048,0x80000044) [73,111, 35], WB: DASM(fc3f2023)
Cyc=       126 Op1=[0x00000000] Op2=[0x00000000] W[W, 0= 0x8000004c] [_,0xf1402573]  103     PC=(0x80000040,0x8000004c,0x80000048) [17, 51,111], WB: DASM(ff9ff06f)
Cyc=       127 Op1=[0x00001000] Op2=[0x80000040] W[_,10= 0x00000000] [_,0x00001f17]  104     PC=(0x80000044,0x80000040,0x8000004c) [23, 23, 51], WB: DASM(00004033)
Cyc=       128 Op1=[0x80001040] Op2=[0xffffffc0] W[W,30= 0x80001040] [_,0xfc3f2023]  104     PC=(0x80000048,0x80000044,0x80000040) [6f, 35, 23], WB: DASM(00001f17)
Cyc=       129 Op1=[0x0000000b] Op2=[0x00000000] W[_, 0= 0x80001000] [_,0xff9ff06f]  105   J PC=(0x8000004c,0x80000048,0x80000044) [73,111, 35], WB: DASM(fc3f2023)
Cyc=       130 Op1=[0x00000000] Op2=[0x00000000] W[W, 0= 0x8000004c] [_,0xf1402573]  106     PC=(0x80000040,0x8000004c,0x80000048) [17, 51,111], WB: DASM(ff9ff06f)
Cyc=       131 Op1=[0x00001000] Op2=[0x80000040] W[_,10= 0x00000000] [_,0x00001f17]  107     PC=(0x80000044,0x80000040,0x8000004c) [23, 23, 51], WB: DASM(00004033)
Cyc=       132 Op1=[0x80001040] Op2=[0xffffffc0] W[W,30= 0x80001040] [_,0xfc3f2023]  107     PC=(0x80000048,0x80000044,0x80000040) [6f, 35, 23], WB: DASM(00001f17)
Cyc=       133 Op1=[0x0000000b] Op2=[0x00000000] W[_, 0= 0x80001000] [_,0xff9ff06f]  108   J PC=(0x8000004c,0x80000048,0x80000044) [73,111, 35], WB: DASM(fc3f2023)
Cyc=       134 Op1=[0x00000000] Op2=[0x00000000] W[W, 0= 0x8000004c] [_,0xf1402573]  109     PC=(0x80000040,0x8000004c,0x80000048) [17, 51,111], WB: DASM(ff9ff06f)
Cyc=       135 Op1=[0x00001000] Op2=[0x80000040] W[_,10= 0x00000000] [_,0x00001f17]  110     PC=(0x80000044,0x80000040,0x8000004c) [23, 23, 51], WB: DASM(00004033)
Cyc=       136 Op1=[0x80001040] Op2=[0xffffffc0] W[W,30= 0x80001040] [_,0xfc3f2023]  110     PC=(0x80000048,0x80000044,0x80000040) [6f, 35, 23], WB: DASM(00001f17)
Cyc=       137 Op1=[0x0000000b] Op2=[0x00000000] W[_, 0= 0x80001000] [_,0xff9ff06f]  111   J PC=(0x8000004c,0x80000048,0x80000044) [73,111, 35], WB: DASM(fc3f2023)
*** PASSED ***
