Instantiated DTM.
Cyc=         0 Op1=[0x00000000] Op2=[0x00000000] W[_, 0= 0x7ffffffc] [_,0x04c0006f]    0   J PC=(0x7ffffffc,0x7ffffffc,0x7ffffffc) [6f, 51, 51], WB: DASM(00004033)
Cyc=         1 Op1=[0x00000000] Op2=[0x00000000] W[_, 0= 0x7ffffffc] [_,0x04c0006f]    0   J PC=(0x80000000,0x7ffffffc,0x7ffffffc) [6f, 51, 51], WB: DASM(00004033)
Cyc=         2 Op1=[0x00000000] Op2=[0x00000000] W[_, 0= 0x80000000] [_,0x04c0006f]    0   J PC=(0x80000004,0x80000000,0x7ffffffc) [73,111, 51], WB: DASM(00004033)
Cyc=         3 Op1=[0x00000000] Op2=[0x00000000] W[W, 0= 0x80000004] [_,0x34202f73]    0     PC=(0x8000004c,0x80000004,0x80000000) [73, 51,111], WB: DASM(04c0006f)
Cyc=         4 Op1=[0x00000000] Op2=[0x00000000] W[_,30= 0x00000000] [_,0xf1402573]    1     PC=(0x80000050,0x8000004c,0x80000004) [63,115, 51], WB: DASM(00004033)
Cyc=         5 Op1=[0x00000000] Op2=[0x00000000] W[W,10= 0x00000000] [_,0x00051063]    1 H   PC=(0x80000054,0x80000050,0x8000004c) [17, 99,115], WB: DASM(f1402573)
Cyc=         6 Op1=[0x00000000] Op2=[0x00000000] W[_, 0= 0x00000000] [_,0x00051063]    2     PC=(0x80000054,0x80000050,0x00000000) [17, 99, 51], WB: DASM(00004033)
Cyc=         7 Op1=[0x00000000] Op2=[0x80000054] W[_, 0= 0x00000000] [_,0x00000297]    2     PC=(0x80000058,0x80000054,0x80000050) [13, 23, 99], WB: DASM(00051063)
Cyc=         8 Op1=[0x80000054] Op2=[0x00000010] W[W, 5= 0x80000054] [_,0x01028293]    3     PC=(0x8000005c,0x80000058,0x80000054) [73, 19, 23], WB: DASM(00000297)
Cyc=         9 Op1=[0x80000064] Op2=[0x80000064] W[W, 5= 0x80000064] [_,0x30529073]    4     PC=(0x80000060,0x8000005c,0x80000058) [73,115, 19], WB: DASM(01028293)
Cyc=        10 Op1=[0x00000000] Op2=[0x00000000] W[W, 0= 0x00000100] [_,0x18005073]    5     PC=(0x80000064,0x80000060,0x8000005c) [17,115,115], WB: DASM(30529073)
Cyc=        11 Op1=[0x00000000] Op2=[0x80000064] W[W, 0= 0x00000000] [_,0x00000297]    6     PC=(0x80000068,0x80000064,0x80000060) [13, 23,115], WB: DASM(18005073)
Cyc=        12 Op1=[0x80000064] Op2=[0x0000001c] W[W, 5= 0x80000064] [_,0x01c28293]    7     PC=(0x8000006c,0x80000068,0x80000064) [73, 19, 23], WB: DASM(00000297)
Cyc=        13 Op1=[0x80000080] Op2=[0x80000080] W[W, 5= 0x80000080] [_,0x30529073]    8     PC=(0x80000070,0x8000006c,0x80000068) [13,115, 19], WB: DASM(01c28293)
Cyc=        14 Op1=[0x00000000] Op2=[0xffffffff] W[W, 0= 0x00000100] [_,0xfff00293]    9     PC=(0x80000074,0x80000070,0x8000006c) [73, 19,115], WB: DASM(30529073)
Cyc=        15 Op1=[0xffffffff] Op2=[0x00000000] W[W, 5= 0xffffffff] [_,0x3b029073]   10     PC=(0x80000078,0x80000074,0x80000070) [13,115, 19], WB: DASM(fff00293)
Cyc=        16 Op1=[0x00000000] Op2=[0x0000001f] W[W, 0= 0x00000000] [_,0x01f00293]   11     PC=(0x8000007c,0x80000078,0x80000074) [73, 19,115], WB: DASM(3b029073)
Cyc=        17 Op1=[0x0000001f] Op2=[0x00000000] W[W, 5= 0x0000001f] [_,0x3a029073]   12     PC=(0x80000080,0x8000007c,0x80000078) [17,115, 19], WB: DASM(01f00293)
Cyc=        18 Op1=[0x00000000] Op2=[0x80000080] W[W, 0= 0x00000000] [_,0x00000297]   13     PC=(0x80000084,0x80000080,0x8000007c) [13, 23,115], WB: DASM(3a029073)
Cyc=        19 Op1=[0x80000080] Op2=[0x00000018] W[W, 5= 0x80000080] [_,0x01828293]   14     PC=(0x80000088,0x80000084,0x80000080) [73, 19, 23], WB: DASM(00000297)
Cyc=        20 Op1=[0x80000098] Op2=[0x80000098] W[W, 5= 0x80000098] [_,0x30529073]   15     PC=(0x8000008c,0x80000088,0x80000084) [73,115, 19], WB: DASM(01828293)
Cyc=        21 Op1=[0x00000000] Op2=[0x00000000] W[W, 0= 0x00000100] [_,0x30205073]   16     PC=(0x80000090,0x8000008c,0x80000088) [73,115,115], WB: DASM(30529073)
Cyc=        22 Op1=[0x00000000] Op2=[0x00000000] W[W, 0= 0x00000000] [_,0x30305073]   17     PC=(0x80000094,0x80000090,0x8000008c) [73,115,115], WB: DASM(30205073)
Cyc=        23 Op1=[0x00000000] Op2=[0x00000000] W[W, 0= 0x00000000] [_,0x30405073]   18     PC=(0x80000098,0x80000094,0x80000090) [13,115,115], WB: DASM(30305073)
Cyc=        24 Op1=[0x00000000] Op2=[0x00000000] W[W, 0= 0x00000000] [_,0x00000193]   19     PC=(0x8000009c,0x80000098,0x80000094) [17, 19,115], WB: DASM(30405073)
Cyc=        25 Op1=[0x00000000] Op2=[0x8000009c] W[W, 3= 0x00000000] [_,0x00000297]   20     PC=(0x800000a0,0x8000009c,0x80000098) [13, 23, 19], WB: DASM(00000193)
Cyc=        26 Op1=[0x8000009c] Op2=[0xffffff68] W[W, 5= 0x8000009c] [_,0xf6828293]   21     PC=(0x800000a4,0x800000a0,0x8000009c) [73, 19, 23], WB: DASM(00000297)
Cyc=        27 Op1=[0x80000004] Op2=[0x80000004] W[W, 5= 0x80000004] [_,0x30529073]   22     PC=(0x800000a8,0x800000a4,0x800000a0) [13,115, 19], WB: DASM(f6828293)
Cyc=        28 Op1=[0x00000000] Op2=[0x00000001] W[W, 0= 0x00000100] [_,0x00100513]   23     PC=(0x800000ac,0x800000a8,0x800000a4) [13, 19,115], WB: DASM(30529073)
Cyc=        29 Op1=[0x00000001] Op2=[0x0000001f] W[W,10= 0x00000001] [_,0x01f51513]   24     PC=(0x800000b0,0x800000ac,0x800000a8) [63, 19, 19], WB: DASM(00100513)
Cyc=        30 Op1=[0x80000000] Op2=[0x00000000] W[W,10= 0x80000000] [_,0x00054863]   25   B PC=(0x800000b4,0x800000b0,0x800000ac) [0f, 99, 19], WB: DASM(01f51513)
Cyc=        31 Op1=[0x00000000] Op2=[0x00000000] W[_,16= 0x80000000] [_,0x0ff0000f]   26     PC=(0x800000c0,0x800000b4,0x800000b0) [17, 51, 99], WB: DASM(00054863)
Cyc=        32 Op1=[0x80000000] Op2=[0x800000c0] W[_, 0= 0x00000000] [_,0x80000297]   27     PC=(0x800000c4,0x800000c0,0x800000b4) [13, 23, 51], WB: DASM(00004033)
Cyc=        33 Op1=[0x000000c0] Op2=[0xffffff40] W[W, 5= 0x000000c0] [_,0xf4028293]   27     PC=(0x800000c8,0x800000c4,0x800000c0) [63, 19, 23], WB: DASM(80000297)
Cyc=        34 Op1=[0x00000000] Op2=[0x00000000] W[W, 5= 0x00000000] [_,0x00028e63]   28   B PC=(0x800000cc,0x800000c8,0x800000c4) [73, 99, 19], WB: DASM(f4028293)
Cyc=        35 Op1=[0x00000000] Op2=[0x00000000] W[_,28= 0x00000000] [_,0x10529073]   29     PC=(0x800000e4,0x800000cc,0x800000c8) [73, 51, 99], WB: DASM(00028e63)
Cyc=        36 Op1=[0x00000000] Op2=[0x00000000] W[_, 0= 0x00000000] [_,0x30005073]   30     PC=(0x800000e8,0x800000e4,0x800000cc) [17,115, 51], WB: DASM(00004033)
Cyc=        37 Op1=[0x00000000] Op2=[0x800000e8] W[W, 0= 0x00001800] [_,0x00000297]   30     PC=(0x800000ec,0x800000e8,0x800000e4) [13, 23,115], WB: DASM(30005073)
Cyc=        38 Op1=[0x800000e8] Op2=[0x00000014] W[W, 5= 0x800000e8] [_,0x01428293]   31     PC=(0x800000f0,0x800000ec,0x800000e8) [73, 19, 23], WB: DASM(00000297)
Cyc=        39 Op1=[0x800000fc] Op2=[0x00000000] W[W, 5= 0x800000fc] [_,0x34129073]   32     PC=(0x800000f4,0x800000f0,0x800000ec) [73,115, 19], WB: DASM(01428293)
Cyc=        40 Op1=[0x00000000] Op2=[0x00000000] W[W, 0= 0x00000000] [_,0xf1402573]   33     PC=(0x800000f8,0x800000f4,0x800000f0) [73,115,115], WB: DASM(34129073)
Cyc=        41 Op1=[0x00000000] Op2=[0x00000000] W[W,10= 0x00000000] [_,0x30200073]   34     PC=(0x800000fc,0x800000f8,0x800000f4) [13,115,115], WB: DASM(f1402573)
Cyc=        42 Op1=[0x00000000] Op2=[0x00000000] W[_, 0= 0x00000000] [_,0x00000093]   35   X PC=(0x80000100,0x800000fc,0x800000f8) [13, 19,115], WB: DASM(30200073)
Cyc=        43 Op1=[0x00000000] Op2=[0x00000400] W[_, 1= 0x00000000] [_,0x4000df13]   36     PC=(0x800000fc,0x80000100,0x800000fc) [13, 51, 51], WB: DASM(00004033)
Cyc=        44 Op1=[0x00000000] Op2=[0x00000000] W[_,30= 0x00000000] [_,0x00000093]   37     PC=(0x80000100,0x800000fc,0x80000100) [13, 19, 51], WB: DASM(00004033)
Cyc=        45 Op1=[0x00000000] Op2=[0x00000400] W[W, 1= 0x00000000] [_,0x4000df13]   37     PC=(0x80000104,0x80000100,0x800000fc) [13, 19, 19], WB: DASM(00000093)
Cyc=        46 Op1=[0x00000000] Op2=[0x00000000] W[W,30= 0x00000000] [_,0x00000e93]   38     PC=(0x80000108,0x80000104,0x80000100) [13, 19, 19], WB: DASM(4000df13)
Cyc=        47 Op1=[0x00000000] Op2=[0x00000002] W[W,29= 0x00000000] [_,0x00200193]   39     PC=(0x8000010c,0x80000108,0x80000104) [63, 19, 19], WB: DASM(00000e93)
Cyc=        48 Op1=[0x00000000] Op2=[0x00000000] W[W, 3= 0x00000002] [_,0x2bdf1463]   40     PC=(0x80000110,0x8000010c,0x80000108) [37, 99, 19], WB: DASM(00200193)
Cyc=        49 Op1=[0x80000000] Op2=[0x00000000] W[_, 8= 0x00000000] [_,0x800000b7]   41     PC=(0x80000114,0x80000110,0x8000010c) [13, 55, 99], WB: DASM(2bdf1463)
Cyc=        50 Op1=[0x80000000] Op2=[0x00000401] W[W, 1= 0x80000000] [_,0x4010df13]   42     PC=(0x80000118,0x80000114,0x80000110) [37, 19, 55], WB: DASM(800000b7)
Cyc=        51 Op1=[0xc0000000] Op2=[0x00000000] W[W,30= 0xc0000000] [_,0xc0000eb7]   43     PC=(0x8000011c,0x80000118,0x80000114) [13, 55, 19], WB: DASM(4010df13)
Cyc=        52 Op1=[0x00000000] Op2=[0x00000003] W[W,29= 0xc0000000] [_,0x00300193]   44     PC=(0x80000120,0x8000011c,0x80000118) [63, 19, 55], WB: DASM(c0000eb7)
Cyc=        53 Op1=[0xc0000000] Op2=[0xc0000000] W[W, 3= 0x00000003] [_,0x29df1a63]   45     PC=(0x80000124,0x80000120,0x8000011c) [37, 99, 19], WB: DASM(00300193)
Cyc=        54 Op1=[0x80000000] Op2=[0x00000000] W[_,20= 0x80000000] [_,0x800000b7]   46     PC=(0x80000128,0x80000124,0x80000120) [13, 55, 99], WB: DASM(29df1a63)
Cyc=        55 Op1=[0x80000000] Op2=[0x00000407] W[W, 1= 0x80000000] [_,0x4070df13]   47     PC=(0x8000012c,0x80000128,0x80000124) [37, 19, 55], WB: DASM(800000b7)
Cyc=        56 Op1=[0xff000000] Op2=[0x00000000] W[W,30= 0xff000000] [_,0xff000eb7]   48     PC=(0x80000130,0x8000012c,0x80000128) [13, 55, 19], WB: DASM(4070df13)
Cyc=        57 Op1=[0x00000000] Op2=[0x00000004] W[W,29= 0xff000000] [_,0x00400193]   49     PC=(0x80000134,0x80000130,0x8000012c) [63, 19, 55], WB: DASM(ff000eb7)
Cyc=        58 Op1=[0xff000000] Op2=[0xff000000] W[W, 3= 0x00000004] [_,0x29df1063]   50     PC=(0x80000138,0x80000134,0x80000130) [37, 99, 19], WB: DASM(00400193)
Cyc=        59 Op1=[0x80000000] Op2=[0x00000000] W[_, 0= 0xfe000000] [_,0x800000b7]   51     PC=(0x8000013c,0x80000138,0x80000134) [13, 55, 99], WB: DASM(29df1063)
Cyc=        60 Op1=[0x80000000] Op2=[0x0000040e] W[W, 1= 0x80000000] [_,0x40e0df13]   52     PC=(0x80000140,0x8000013c,0x80000138) [37, 19, 55], WB: DASM(800000b7)
Cyc=        61 Op1=[0xfffe0000] Op2=[0x00000000] W[W,30= 0xfffe0000] [_,0xfffe0eb7]   53     PC=(0x80000144,0x80000140,0x8000013c) [13, 55, 19], WB: DASM(40e0df13)
Cyc=        62 Op1=[0x00000000] Op2=[0x00000005] W[W,29= 0xfffe0000] [_,0x00500193]   54     PC=(0x80000148,0x80000144,0x80000140) [63, 19, 55], WB: DASM(fffe0eb7)
Cyc=        63 Op1=[0xfffe0000] Op2=[0xfffe0000] W[W, 3= 0x00000005] [_,0x27df1663]   55     PC=(0x8000014c,0x80000148,0x80000144) [37, 99, 19], WB: DASM(00500193)
Cyc=        64 Op1=[0x80000000] Op2=[0x00000000] W[_,12= 0xfffc0000] [_,0x800000b7]   56     PC=(0x80000150,0x8000014c,0x80000148) [13, 55, 99], WB: DASM(27df1663)
Cyc=        65 Op1=[0x80000000] Op2=[0x00000001] W[W, 1= 0x80000000] [_,0x00108093]   57     PC=(0x80000154,0x80000150,0x8000014c) [13, 19, 55], WB: DASM(800000b7)
Cyc=        66 Op1=[0x80000001] Op2=[0x0000041f] W[W, 1= 0x80000001] [_,0x41f0df13]   58     PC=(0x80000158,0x80000154,0x80000150) [13, 19, 19], WB: DASM(00108093)
Cyc=        67 Op1=[0x00000000] Op2=[0xffffffff] W[W,30= 0xffffffff] [_,0xfff00e93]   59     PC=(0x8000015c,0x80000158,0x80000154) [13, 19, 19], WB: DASM(41f0df13)
Cyc=        68 Op1=[0x00000000] Op2=[0x00000006] W[W,29= 0xffffffff] [_,0x00600193]   60     PC=(0x80000160,0x8000015c,0x80000158) [63, 19, 19], WB: DASM(fff00e93)
Cyc=        69 Op1=[0xffffffff] Op2=[0xffffffff] W[W, 3= 0x00000006] [_,0x25df1a63]   61     PC=(0x80000164,0x80000160,0x8000015c) [37, 99, 19], WB: DASM(00600193)
Cyc=        70 Op1=[0x80000000] Op2=[0x00000000] W[_,20= 0xfffffffe] [_,0x800000b7]   62     PC=(0x80000168,0x80000164,0x80000160) [13, 55, 99], WB: DASM(25df1a63)
Cyc=        71 Op1=[0x80000000] Op2=[0xffffffff] W[W, 1= 0x80000000] [_,0xfff08093]   63     PC=(0x8000016c,0x80000168,0x80000164) [13, 19, 55], WB: DASM(800000b7)
Cyc=        72 Op1=[0x7fffffff] Op2=[0x00000400] W[W, 1= 0x7fffffff] [_,0x4000df13]   64     PC=(0x80000170,0x8000016c,0x80000168) [37, 19, 19], WB: DASM(fff08093)
Cyc=        73 Op1=[0x80000000] Op2=[0x00000000] W[W,30= 0x7fffffff] [_,0x80000eb7]   65     PC=(0x80000174,0x80000170,0x8000016c) [13, 55, 19], WB: DASM(4000df13)
Cyc=        74 Op1=[0x80000000] Op2=[0xffffffff] W[W,29= 0x80000000] [_,0xfffe8e93]   66     PC=(0x80000178,0x80000174,0x80000170) [13, 19, 55], WB: DASM(80000eb7)
Cyc=        75 Op1=[0x00000000] Op2=[0x00000007] W[W,29= 0x7fffffff] [_,0x00700193]   67     PC=(0x8000017c,0x80000178,0x80000174) [63, 19, 19], WB: DASM(fffe8e93)
Cyc=        76 Op1=[0x7fffffff] Op2=[0x7fffffff] W[W, 3= 0x00000007] [_,0x23df1c63]   68     PC=(0x80000180,0x8000017c,0x80000178) [37, 99, 19], WB: DASM(00700193)
Cyc=        77 Op1=[0x80000000] Op2=[0x00000000] W[_,24= 0xfffffffe] [_,0x800000b7]   69     PC=(0x80000184,0x80000180,0x8000017c) [13, 55, 99], WB: DASM(23df1c63)
Cyc=        78 Op1=[0x80000000] Op2=[0xffffffff] W[W, 1= 0x80000000] [_,0xfff08093]   70     PC=(0x80000188,0x80000184,0x80000180) [13, 19, 55], WB: DASM(800000b7)
Cyc=        79 Op1=[0x7fffffff] Op2=[0x00000401] W[W, 1= 0x7fffffff] [_,0x4010df13]   71     PC=(0x8000018c,0x80000188,0x80000184) [37, 19, 19], WB: DASM(fff08093)
Cyc=        80 Op1=[0x40000000] Op2=[0x00000000] W[W,30= 0x3fffffff] [_,0x40000eb7]   72     PC=(0x80000190,0x8000018c,0x80000188) [13, 55, 19], WB: DASM(4010df13)
Cyc=        81 Op1=[0x40000000] Op2=[0xffffffff] W[W,29= 0x40000000] [_,0xfffe8e93]   73     PC=(0x80000194,0x80000190,0x8000018c) [13, 19, 55], WB: DASM(40000eb7)
Cyc=        82 Op1=[0x00000000] Op2=[0x00000008] W[W,29= 0x3fffffff] [_,0x00800193]   74     PC=(0x80000198,0x80000194,0x80000190) [63, 19, 19], WB: DASM(fffe8e93)
Cyc=        83 Op1=[0x3fffffff] Op2=[0x3fffffff] W[W, 3= 0x00000008] [_,0x21df1e63]   75     PC=(0x8000019c,0x80000198,0x80000194) [37, 99, 19], WB: DASM(00800193)
Cyc=        84 Op1=[0x80000000] Op2=[0x00000000] W[_,28= 0x7ffffffe] [_,0x800000b7]   76     PC=(0x800001a0,0x8000019c,0x80000198) [13, 55, 99], WB: DASM(21df1e63)
Cyc=        85 Op1=[0x80000000] Op2=[0xffffffff] W[W, 1= 0x80000000] [_,0xfff08093]   77     PC=(0x800001a4,0x800001a0,0x8000019c) [13, 19, 55], WB: DASM(800000b7)
Cyc=        86 Op1=[0x7fffffff] Op2=[0x00000407] W[W, 1= 0x7fffffff] [_,0x4070df13]   78     PC=(0x800001a8,0x800001a4,0x800001a0) [37, 19, 19], WB: DASM(fff08093)
Cyc=        87 Op1=[0x01000000] Op2=[0x00000000] W[W,30= 0x00ffffff] [_,0x01000eb7]   79     PC=(0x800001ac,0x800001a8,0x800001a4) [13, 55, 19], WB: DASM(4070df13)
Cyc=        88 Op1=[0x01000000] Op2=[0xffffffff] W[W,29= 0x01000000] [_,0xfffe8e93]   80     PC=(0x800001b0,0x800001ac,0x800001a8) [13, 19, 55], WB: DASM(01000eb7)
Cyc=        89 Op1=[0x00000000] Op2=[0x00000009] W[W,29= 0x00ffffff] [_,0x00900193]   81     PC=(0x800001b4,0x800001b0,0x800001ac) [63, 19, 19], WB: DASM(fffe8e93)
Cyc=        90 Op1=[0x00ffffff] Op2=[0x00ffffff] W[W, 3= 0x00000009] [_,0x21df1063]   82     PC=(0x800001b8,0x800001b4,0x800001b0) [37, 99, 19], WB: DASM(00900193)
Cyc=        91 Op1=[0x80000000] Op2=[0x00000000] W[_, 0= 0x01fffffe] [_,0x800000b7]   83     PC=(0x800001bc,0x800001b8,0x800001b4) [13, 55, 99], WB: DASM(21df1063)
Cyc=        92 Op1=[0x80000000] Op2=[0xffffffff] W[W, 1= 0x80000000] [_,0xfff08093]   84     PC=(0x800001c0,0x800001bc,0x800001b8) [13, 19, 55], WB: DASM(800000b7)
Cyc=        93 Op1=[0x7fffffff] Op2=[0x0000040e] W[W, 1= 0x7fffffff] [_,0x40e0df13]   85     PC=(0x800001c4,0x800001c0,0x800001bc) [37, 19, 19], WB: DASM(fff08093)
Cyc=        94 Op1=[0x00020000] Op2=[0x00000000] W[W,30= 0x0001ffff] [_,0x00020eb7]   86     PC=(0x800001c8,0x800001c4,0x800001c0) [13, 55, 19], WB: DASM(40e0df13)
Cyc=        95 Op1=[0x00020000] Op2=[0xffffffff] W[W,29= 0x00020000] [_,0xfffe8e93]   87     PC=(0x800001cc,0x800001c8,0x800001c4) [13, 19, 55], WB: DASM(00020eb7)
Cyc=        96 Op1=[0x00000000] Op2=[0x0000000a] W[W,29= 0x0001ffff] [_,0x00a00193]   88     PC=(0x800001d0,0x800001cc,0x800001c8) [63, 19, 19], WB: DASM(fffe8e93)
Cyc=        97 Op1=[0x0001ffff] Op2=[0x0001ffff] W[W, 3= 0x0000000a] [_,0x1fdf1263]   89     PC=(0x800001d4,0x800001d0,0x800001cc) [37, 99, 19], WB: DASM(00a00193)
Cyc=        98 Op1=[0x80000000] Op2=[0x00000000] W[_, 4= 0x0003fffe] [_,0x800000b7]   90     PC=(0x800001d8,0x800001d4,0x800001d0) [13, 55, 99], WB: DASM(1fdf1263)
Cyc=        99 Op1=[0x80000000] Op2=[0xffffffff] W[W, 1= 0x80000000] [_,0xfff08093]   91     PC=(0x800001dc,0x800001d8,0x800001d4) [13, 19, 55], WB: DASM(800000b7)
Cyc=       100 Op1=[0x7fffffff] Op2=[0x0000041f] W[W, 1= 0x7fffffff] [_,0x41f0df13]   92     PC=(0x800001e0,0x800001dc,0x800001d8) [13, 19, 19], WB: DASM(fff08093)
Cyc=       101 Op1=[0x00000000] Op2=[0x00000000] W[W,30= 0x00000000] [_,0x00000e93]   93     PC=(0x800001e4,0x800001e0,0x800001dc) [13, 19, 19], WB: DASM(41f0df13)
Cyc=       102 Op1=[0x00000000] Op2=[0x0000000b] W[W,29= 0x00000000] [_,0x00b00193]   94     PC=(0x800001e8,0x800001e4,0x800001e0) [63, 19, 19], WB: DASM(00000e93)
Cyc=       103 Op1=[0x00000000] Op2=[0x00000000] W[W, 3= 0x0000000b] [_,0x1ddf1663]   95     PC=(0x800001ec,0x800001e8,0x800001e4) [37, 99, 19], WB: DASM(00b00193)
Cyc=       104 Op1=[0x81818000] Op2=[0x00000000] W[_,12= 0x00000000] [_,0x818180b7]   96     PC=(0x800001f0,0x800001ec,0x800001e8) [13, 55, 99], WB: DASM(1ddf1663)
Cyc=       105 Op1=[0x81818000] Op2=[0x00000181] W[W, 1= 0x81818000] [_,0x18108093]   97     PC=(0x800001f4,0x800001f0,0x800001ec) [13, 19, 55], WB: DASM(818180b7)
Cyc=       106 Op1=[0x81818181] Op2=[0x00000400] W[W, 1= 0x81818181] [_,0x4000df13]   98     PC=(0x800001f8,0x800001f4,0x800001f0) [37, 19, 19], WB: DASM(18108093)
Cyc=       107 Op1=[0x81818000] Op2=[0x00000000] W[W,30= 0x81818181] [_,0x81818eb7]   99     PC=(0x800001fc,0x800001f8,0x800001f4) [13, 55, 19], WB: DASM(4000df13)
Cyc=       108 Op1=[0x81818000] Op2=[0x00000181] W[W,29= 0x81818000] [_,0x181e8e93]  100     PC=(0x80000200,0x800001fc,0x800001f8) [13, 19, 55], WB: DASM(81818eb7)
Cyc=       109 Op1=[0x00000000] Op2=[0x0000000c] W[W,29= 0x81818181] [_,0x00c00193]  101     PC=(0x80000204,0x80000200,0x800001fc) [63, 19, 19], WB: DASM(181e8e93)
Cyc=       110 Op1=[0x81818181] Op2=[0x81818181] W[W, 3= 0x0000000c] [_,0x1bdf1863]  102     PC=(0x80000208,0x80000204,0x80000200) [37, 99, 19], WB: DASM(00c00193)
Cyc=       111 Op1=[0x81818000] Op2=[0x00000000] W[_,16= 0x03030302] [_,0x818180b7]  103     PC=(0x8000020c,0x80000208,0x80000204) [13, 55, 99], WB: DASM(1bdf1863)
Cyc=       112 Op1=[0x81818000] Op2=[0x00000181] W[W, 1= 0x81818000] [_,0x18108093]  104     PC=(0x80000210,0x8000020c,0x80000208) [13, 19, 55], WB: DASM(818180b7)
Cyc=       113 Op1=[0x81818181] Op2=[0x00000401] W[W, 1= 0x81818181] [_,0x4010df13]  105     PC=(0x80000214,0x80000210,0x8000020c) [37, 19, 19], WB: DASM(18108093)
Cyc=       114 Op1=[0xc0c0c000] Op2=[0x00000000] W[W,30= 0xc0c0c0c0] [_,0xc0c0ceb7]  106     PC=(0x80000218,0x80000214,0x80000210) [13, 55, 19], WB: DASM(4010df13)
Cyc=       115 Op1=[0xc0c0c000] Op2=[0x000000c0] W[W,29= 0xc0c0c000] [_,0x0c0e8e93]  107     PC=(0x8000021c,0x80000218,0x80000214) [13, 19, 55], WB: DASM(c0c0ceb7)
Cyc=       116 Op1=[0x00000000] Op2=[0x0000000d] W[W,29= 0xc0c0c0c0] [_,0x00d00193]  108     PC=(0x80000220,0x8000021c,0x80000218) [63, 19, 19], WB: DASM(0c0e8e93)
Cyc=       117 Op1=[0xc0c0c0c0] Op2=[0xc0c0c0c0] W[W, 3= 0x0000000d] [_,0x19df1a63]  109     PC=(0x80000224,0x80000220,0x8000021c) [37, 99, 19], WB: DASM(00d00193)
Cyc=       118 Op1=[0x81818000] Op2=[0x00000000] W[_,20= 0x81818180] [_,0x818180b7]  110     PC=(0x80000228,0x80000224,0x80000220) [13, 55, 99], WB: DASM(19df1a63)
Cyc=       119 Op1=[0x81818000] Op2=[0x00000181] W[W, 1= 0x81818000] [_,0x18108093]  111     PC=(0x8000022c,0x80000228,0x80000224) [13, 19, 55], WB: DASM(818180b7)
Cyc=       120 Op1=[0x81818181] Op2=[0x00000407] W[W, 1= 0x81818181] [_,0x4070df13]  112     PC=(0x80000230,0x8000022c,0x80000228) [37, 19, 19], WB: DASM(18108093)
Cyc=       121 Op1=[0xff030000] Op2=[0x00000000] W[W,30= 0xff030303] [_,0xff030eb7]  113     PC=(0x80000234,0x80000230,0x8000022c) [13, 55, 19], WB: DASM(4070df13)
Cyc=       122 Op1=[0xff030000] Op2=[0x00000303] W[W,29= 0xff030000] [_,0x303e8e93]  114     PC=(0x80000238,0x80000234,0x80000230) [13, 19, 55], WB: DASM(ff030eb7)
Cyc=       123 Op1=[0x00000000] Op2=[0x0000000e] W[W,29= 0xff030303] [_,0x00e00193]  115     PC=(0x8000023c,0x80000238,0x80000234) [63, 19, 19], WB: DASM(303e8e93)
Cyc=       124 Op1=[0xff030303] Op2=[0xff030303] W[W, 3= 0x0000000e] [_,0x17df1c63]  116     PC=(0x80000240,0x8000023c,0x80000238) [37, 99, 19], WB: DASM(00e00193)
Cyc=       125 Op1=[0x81818000] Op2=[0x00000000] W[_,24= 0xfe060606] [_,0x818180b7]  117     PC=(0x80000244,0x80000240,0x8000023c) [13, 55, 99], WB: DASM(17df1c63)
Cyc=       126 Op1=[0x81818000] Op2=[0x00000181] W[W, 1= 0x81818000] [_,0x18108093]  118     PC=(0x80000248,0x80000244,0x80000240) [13, 19, 55], WB: DASM(818180b7)
Cyc=       127 Op1=[0x81818181] Op2=[0x0000040e] W[W, 1= 0x81818181] [_,0x40e0df13]  119     PC=(0x8000024c,0x80000248,0x80000244) [37, 19, 19], WB: DASM(18108093)
Cyc=       128 Op1=[0xfffe0000] Op2=[0x00000000] W[W,30= 0xfffe0606] [_,0xfffe0eb7]  120     PC=(0x80000250,0x8000024c,0x80000248) [13, 55, 19], WB: DASM(40e0df13)
Cyc=       129 Op1=[0xfffe0000] Op2=[0x00000606] W[W,29= 0xfffe0000] [_,0x606e8e93]  121     PC=(0x80000254,0x80000250,0x8000024c) [13, 19, 55], WB: DASM(fffe0eb7)
Cyc=       130 Op1=[0x00000000] Op2=[0x0000000f] W[W,29= 0xfffe0606] [_,0x00f00193]  122     PC=(0x80000258,0x80000254,0x80000250) [63, 19, 19], WB: DASM(606e8e93)
Cyc=       131 Op1=[0xfffe0606] Op2=[0xfffe0606] W[W, 3= 0x0000000f] [_,0x15df1e63]  123     PC=(0x8000025c,0x80000258,0x80000254) [37, 99, 19], WB: DASM(00f00193)
Cyc=       132 Op1=[0x81818000] Op2=[0x00000000] W[_,28= 0xfffc0c0c] [_,0x818180b7]  124     PC=(0x80000260,0x8000025c,0x80000258) [13, 55, 99], WB: DASM(15df1e63)
Cyc=       133 Op1=[0x81818000] Op2=[0x00000181] W[W, 1= 0x81818000] [_,0x18108093]  125     PC=(0x80000264,0x80000260,0x8000025c) [13, 19, 55], WB: DASM(818180b7)
Cyc=       134 Op1=[0x81818181] Op2=[0x0000041f] W[W, 1= 0x81818181] [_,0x41f0df13]  126     PC=(0x80000268,0x80000264,0x80000260) [13, 19, 19], WB: DASM(18108093)
Cyc=       135 Op1=[0x00000000] Op2=[0xffffffff] W[W,30= 0xffffffff] [_,0xfff00e93]  127     PC=(0x8000026c,0x80000268,0x80000264) [13, 19, 19], WB: DASM(41f0df13)
Cyc=       136 Op1=[0x00000000] Op2=[0x00000010] W[W,29= 0xffffffff] [_,0x01000193]  128     PC=(0x80000270,0x8000026c,0x80000268) [63, 19, 19], WB: DASM(fff00e93)
Cyc=       137 Op1=[0xffffffff] Op2=[0xffffffff] W[W, 3= 0x00000010] [_,0x15df1263]  129     PC=(0x80000274,0x80000270,0x8000026c) [37, 99, 19], WB: DASM(01000193)
Cyc=       138 Op1=[0x80000000] Op2=[0x00000000] W[_, 4= 0xfffffffe] [_,0x800000b7]  130     PC=(0x80000278,0x80000274,0x80000270) [13, 55, 99], WB: DASM(15df1263)
Cyc=       139 Op1=[0x80000000] Op2=[0x00000407] W[W, 1= 0x80000000] [_,0x4070d093]  131     PC=(0x8000027c,0x80000278,0x80000274) [37, 19, 55], WB: DASM(800000b7)
Cyc=       140 Op1=[0xff000000] Op2=[0x00000000] W[W, 1= 0xff000000] [_,0xff000eb7]  132     PC=(0x80000280,0x8000027c,0x80000278) [13, 55, 19], WB: DASM(4070d093)
Cyc=       141 Op1=[0x00000000] Op2=[0x00000011] W[W,29= 0xff000000] [_,0x01100193]  133     PC=(0x80000284,0x80000280,0x8000027c) [63, 19, 55], WB: DASM(ff000eb7)
Cyc=       142 Op1=[0xff000000] Op2=[0xff000000] W[W, 3= 0x00000011] [_,0x13d09863]  134     PC=(0x80000288,0x80000284,0x80000280) [13, 99, 19], WB: DASM(01100193)
Cyc=       143 Op1=[0x00000000] Op2=[0x00000000] W[_,16= 0xfe000000] [_,0x00000213]  135     PC=(0x8000028c,0x80000288,0x80000284) [37, 19, 99], WB: DASM(13d09863)
Cyc=       144 Op1=[0x80000000] Op2=[0x00000000] W[W, 4= 0x00000000] [_,0x800000b7]  136     PC=(0x80000290,0x8000028c,0x80000288) [13, 55, 19], WB: DASM(00000213)
Cyc=       145 Op1=[0x80000000] Op2=[0x00000407] W[W, 1= 0x80000000] [_,0x4070df13]  137     PC=(0x80000294,0x80000290,0x8000028c) [13, 19, 55], WB: DASM(800000b7)
Cyc=       146 Op1=[0xff000000] Op2=[0x00000000] W[W,30= 0xff000000] [_,0x000f0313]  138     PC=(0x80000298,0x80000294,0x80000290) [13, 19, 19], WB: DASM(4070df13)
Cyc=       147 Op1=[0x00000000] Op2=[0x00000001] W[W, 6= 0xff000000] [_,0x00120213]  139     PC=(0x8000029c,0x80000298,0x80000294) [13, 19, 19], WB: DASM(000f0313)
Cyc=       148 Op1=[0x00000000] Op2=[0x00000002] W[W, 4= 0x00000001] [_,0x00200293]  140     PC=(0x800002a0,0x8000029c,0x80000298) [63, 19, 19], WB: DASM(00120213)
Cyc=       149 Op1=[0x00000001] Op2=[0x00000002] W[W, 5= 0x00000002] [_,0xfe5216e3]  141   B PC=(0x800002a4,0x800002a0,0x8000029c) [37, 99, 19], WB: DASM(00200293)
Cyc=       150 Op1=[0xff000000] Op2=[0x00000000] W[_,13= 0x00000003] [_,0xff000eb7]  142     PC=(0x8000028c,0x800002a4,0x800002a0) [37, 51, 99], WB: DASM(fe5216e3)
Cyc=       151 Op1=[0x80000000] Op2=[0x00000000] W[_,29= 0xff000000] [_,0x800000b7]  143     PC=(0x80000290,0x8000028c,0x800002a4) [13, 55, 51], WB: DASM(00004033)
Cyc=       152 Op1=[0x80000000] Op2=[0x00000407] W[W, 1= 0x80000000] [_,0x4070df13]  143     PC=(0x80000294,0x80000290,0x8000028c) [13, 19, 55], WB: DASM(800000b7)
Cyc=       153 Op1=[0xff000000] Op2=[0x00000000] W[W,30= 0xff000000] [_,0x000f0313]  144     PC=(0x80000298,0x80000294,0x80000290) [13, 19, 19], WB: DASM(4070df13)
Cyc=       154 Op1=[0x00000001] Op2=[0x00000001] W[W, 6= 0xff000000] [_,0x00120213]  145     PC=(0x8000029c,0x80000298,0x80000294) [13, 19, 19], WB: DASM(000f0313)
Cyc=       155 Op1=[0x00000000] Op2=[0x00000002] W[W, 4= 0x00000002] [_,0x00200293]  146     PC=(0x800002a0,0x8000029c,0x80000298) [63, 19, 19], WB: DASM(00120213)
Cyc=       156 Op1=[0x00000002] Op2=[0x00000002] W[W, 5= 0x00000002] [_,0xfe5216e3]  147     PC=(0x800002a4,0x800002a0,0x8000029c) [37, 99, 19], WB: DASM(00200293)
Cyc=       157 Op1=[0xff000000] Op2=[0x00000000] W[_,13= 0x00000004] [_,0xff000eb7]  148     PC=(0x800002a8,0x800002a4,0x800002a0) [13, 55, 99], WB: DASM(fe5216e3)
Cyc=       158 Op1=[0x00000000] Op2=[0x00000012] W[W,29= 0xff000000] [_,0x01200193]  149     PC=(0x800002ac,0x800002a8,0x800002a4) [63, 19, 55], WB: DASM(ff000eb7)
Cyc=       159 Op1=[0xff000000] Op2=[0xff000000] W[W, 3= 0x00000012] [_,0x11d31463]  150     PC=(0x800002b0,0x800002ac,0x800002a8) [13, 99, 19], WB: DASM(01200193)
Cyc=       160 Op1=[0x00000000] Op2=[0x00000000] W[_, 8= 0xfe000000] [_,0x00000213]  151     PC=(0x800002b4,0x800002b0,0x800002ac) [37, 19, 99], WB: DASM(11d31463)
Cyc=       161 Op1=[0x80000000] Op2=[0x00000000] W[W, 4= 0x00000000] [_,0x800000b7]  152     PC=(0x800002b8,0x800002b4,0x800002b0) [13, 55, 19], WB: DASM(00000213)
Cyc=       162 Op1=[0x80000000] Op2=[0x0000040e] W[W, 1= 0x80000000] [_,0x40e0df13]  153     PC=(0x800002bc,0x800002b8,0x800002b4) [13, 19, 55], WB: DASM(800000b7)
Cyc=       163 Op1=[0x00000000] Op2=[0x00000000] W[W,30= 0xfffe0000] [_,0x00000013]  154     PC=(0x800002c0,0x800002bc,0x800002b8) [13, 19, 19], WB: DASM(40e0df13)
Cyc=       164 Op1=[0xfffe0000] Op2=[0x00000000] W[W, 0= 0x00000000] [_,0x000f0313]  155     PC=(0x800002c4,0x800002c0,0x800002bc) [13, 19, 19], WB: DASM(00000013)
Cyc=       165 Op1=[0x00000000] Op2=[0x00000001] W[W, 6= 0xfffe0000] [_,0x00120213]  156     PC=(0x800002c8,0x800002c4,0x800002c0) [13, 19, 19], WB: DASM(000f0313)
Cyc=       166 Op1=[0x00000000] Op2=[0x00000002] W[W, 4= 0x00000001] [_,0x00200293]  157     PC=(0x800002cc,0x800002c8,0x800002c4) [63, 19, 19], WB: DASM(00120213)
Cyc=       167 Op1=[0x00000001] Op2=[0x00000002] W[W, 5= 0x00000002] [_,0xfe5214e3]  158   B PC=(0x800002d0,0x800002cc,0x800002c8) [37, 99, 19], WB: DASM(00200293)
Cyc=       168 Op1=[0xfffe0000] Op2=[0x00000000] W[_, 9= 0x00000003] [_,0xfffe0eb7]  159     PC=(0x800002b4,0x800002d0,0x800002cc) [37, 51, 99], WB: DASM(fe5214e3)
Cyc=       169 Op1=[0x80000000] Op2=[0x00000000] W[_,29= 0xfffe0000] [_,0x800000b7]  160     PC=(0x800002b8,0x800002b4,0x800002d0) [13, 55, 51], WB: DASM(00004033)
Cyc=       170 Op1=[0x80000000] Op2=[0x0000040e] W[W, 1= 0x80000000] [_,0x40e0df13]  160     PC=(0x800002bc,0x800002b8,0x800002b4) [13, 19, 55], WB: DASM(800000b7)
Cyc=       171 Op1=[0x00000000] Op2=[0x00000000] W[W,30= 0xfffe0000] [_,0x00000013]  161     PC=(0x800002c0,0x800002bc,0x800002b8) [13, 19, 19], WB: DASM(40e0df13)
Cyc=       172 Op1=[0xfffe0000] Op2=[0x00000000] W[W, 0= 0x00000000] [_,0x000f0313]  162     PC=(0x800002c4,0x800002c0,0x800002bc) [13, 19, 19], WB: DASM(00000013)
Cyc=       173 Op1=[0x00000001] Op2=[0x00000001] W[W, 6= 0xfffe0000] [_,0x00120213]  163     PC=(0x800002c8,0x800002c4,0x800002c0) [13, 19, 19], WB: DASM(000f0313)
Cyc=       174 Op1=[0x00000000] Op2=[0x00000002] W[W, 4= 0x00000002] [_,0x00200293]  164     PC=(0x800002cc,0x800002c8,0x800002c4) [63, 19, 19], WB: DASM(00120213)
Cyc=       175 Op1=[0x00000002] Op2=[0x00000002] W[W, 5= 0x00000002] [_,0xfe5214e3]  165     PC=(0x800002d0,0x800002cc,0x800002c8) [37, 99, 19], WB: DASM(00200293)
Cyc=       176 Op1=[0xfffe0000] Op2=[0x00000000] W[_, 9= 0x00000004] [_,0xfffe0eb7]  166     PC=(0x800002d4,0x800002d0,0x800002cc) [13, 55, 99], WB: DASM(fe5214e3)
Cyc=       177 Op1=[0x00000000] Op2=[0x00000013] W[W,29= 0xfffe0000] [_,0x01300193]  167     PC=(0x800002d8,0x800002d4,0x800002d0) [63, 19, 55], WB: DASM(fffe0eb7)
Cyc=       178 Op1=[0xfffe0000] Op2=[0xfffe0000] W[W, 3= 0x00000013] [_,0x0dd31e63]  168     PC=(0x800002dc,0x800002d8,0x800002d4) [13, 99, 19], WB: DASM(01300193)
Cyc=       179 Op1=[0x00000000] Op2=[0x00000000] W[_,28= 0xfffc0000] [_,0x00000213]  169     PC=(0x800002e0,0x800002dc,0x800002d8) [37, 19, 99], WB: DASM(0dd31e63)
Cyc=       180 Op1=[0x80000000] Op2=[0x00000000] W[W, 4= 0x00000000] [_,0x800000b7]  170     PC=(0x800002e4,0x800002e0,0x800002dc) [13, 55, 19], WB: DASM(00000213)
Cyc=       181 Op1=[0x80000000] Op2=[0x00000001] W[W, 1= 0x80000000] [_,0x00108093]  171     PC=(0x800002e8,0x800002e4,0x800002e0) [13, 19, 55], WB: DASM(800000b7)
Cyc=       182 Op1=[0x80000001] Op2=[0x0000041f] W[W, 1= 0x80000001] [_,0x41f0df13]  172     PC=(0x800002ec,0x800002e8,0x800002e4) [13, 19, 19], WB: DASM(00108093)
Cyc=       183 Op1=[0x00000000] Op2=[0x00000000] W[W,30= 0xffffffff] [_,0x00000013]  173     PC=(0x800002f0,0x800002ec,0x800002e8) [13, 19, 19], WB: DASM(41f0df13)
Cyc=       184 Op1=[0x00000000] Op2=[0x00000000] W[W, 0= 0x00000000] [_,0x00000013]  174     PC=(0x800002f4,0x800002f0,0x800002ec) [13, 19, 19], WB: DASM(00000013)
Cyc=       185 Op1=[0xffffffff] Op2=[0x00000000] W[W, 0= 0x00000000] [_,0x000f0313]  175     PC=(0x800002f8,0x800002f4,0x800002f0) [13, 19, 19], WB: DASM(00000013)
Cyc=       186 Op1=[0x00000000] Op2=[0x00000001] W[W, 6= 0xffffffff] [_,0x00120213]  176     PC=(0x800002fc,0x800002f8,0x800002f4) [13, 19, 19], WB: DASM(000f0313)
Cyc=       187 Op1=[0x00000000] Op2=[0x00000002] W[W, 4= 0x00000001] [_,0x00200293]  177     PC=(0x80000300,0x800002fc,0x800002f8) [63, 19, 19], WB: DASM(00120213)
Cyc=       188 Op1=[0x00000001] Op2=[0x00000002] W[W, 5= 0x00000002] [_,0xfe5210e3]  178   B PC=(0x80000304,0x80000300,0x800002fc) [13, 99, 19], WB: DASM(00200293)
Cyc=       189 Op1=[0x00000000] Op2=[0xffffffff] W[_, 1= 0x00000003] [_,0xfff00e93]  179     PC=(0x800002e0,0x80000304,0x80000300) [37, 51, 99], WB: DASM(fe5210e3)
Cyc=       190 Op1=[0x80000000] Op2=[0x00000000] W[_,29= 0xffffffff] [_,0x800000b7]  180     PC=(0x800002e4,0x800002e0,0x80000304) [13, 55, 51], WB: DASM(00004033)
Cyc=       191 Op1=[0x80000000] Op2=[0x00000001] W[W, 1= 0x80000000] [_,0x00108093]  180     PC=(0x800002e8,0x800002e4,0x800002e0) [13, 19, 55], WB: DASM(800000b7)
Cyc=       192 Op1=[0x80000001] Op2=[0x0000041f] W[W, 1= 0x80000001] [_,0x41f0df13]  181     PC=(0x800002ec,0x800002e8,0x800002e4) [13, 19, 19], WB: DASM(00108093)
Cyc=       193 Op1=[0x00000000] Op2=[0x00000000] W[W,30= 0xffffffff] [_,0x00000013]  182     PC=(0x800002f0,0x800002ec,0x800002e8) [13, 19, 19], WB: DASM(41f0df13)
Cyc=       194 Op1=[0x00000000] Op2=[0x00000000] W[W, 0= 0x00000000] [_,0x00000013]  183     PC=(0x800002f4,0x800002f0,0x800002ec) [13, 19, 19], WB: DASM(00000013)
Cyc=       195 Op1=[0xffffffff] Op2=[0x00000000] W[W, 0= 0x00000000] [_,0x000f0313]  184     PC=(0x800002f8,0x800002f4,0x800002f0) [13, 19, 19], WB: DASM(00000013)
Cyc=       196 Op1=[0x00000001] Op2=[0x00000001] W[W, 6= 0xffffffff] [_,0x00120213]  185     PC=(0x800002fc,0x800002f8,0x800002f4) [13, 19, 19], WB: DASM(000f0313)
Cyc=       197 Op1=[0x00000000] Op2=[0x00000002] W[W, 4= 0x00000002] [_,0x00200293]  186     PC=(0x80000300,0x800002fc,0x800002f8) [63, 19, 19], WB: DASM(00120213)
Cyc=       198 Op1=[0x00000002] Op2=[0x00000002] W[W, 5= 0x00000002] [_,0xfe5210e3]  187     PC=(0x80000304,0x80000300,0x800002fc) [13, 99, 19], WB: DASM(00200293)
Cyc=       199 Op1=[0x00000000] Op2=[0xffffffff] W[_, 1= 0x00000004] [_,0xfff00e93]  188     PC=(0x80000308,0x80000304,0x80000300) [13, 19, 99], WB: DASM(fe5210e3)
Cyc=       200 Op1=[0x00000000] Op2=[0x00000014] W[W,29= 0xffffffff] [_,0x01400193]  189     PC=(0x8000030c,0x80000308,0x80000304) [63, 19, 19], WB: DASM(fff00e93)
Cyc=       201 Op1=[0xffffffff] Op2=[0xffffffff] W[W, 3= 0x00000014] [_,0x0bd31463]  190     PC=(0x80000310,0x8000030c,0x80000308) [13, 99, 19], WB: DASM(01400193)
Cyc=       202 Op1=[0x00000000] Op2=[0x00000000] W[_, 8= 0xfffffffe] [_,0x00000213]  191     PC=(0x80000314,0x80000310,0x8000030c) [37, 19, 99], WB: DASM(0bd31463)
Cyc=       203 Op1=[0x80000000] Op2=[0x00000000] W[W, 4= 0x00000000] [_,0x800000b7]  192     PC=(0x80000318,0x80000314,0x80000310) [13, 55, 19], WB: DASM(00000213)
Cyc=       204 Op1=[0x80000000] Op2=[0x00000407] W[W, 1= 0x80000000] [_,0x4070df13]  193     PC=(0x8000031c,0x80000318,0x80000314) [13, 19, 55], WB: DASM(800000b7)
Cyc=       205 Op1=[0x00000000] Op2=[0x00000001] W[W,30= 0xff000000] [_,0x00120213]  194     PC=(0x80000320,0x8000031c,0x80000318) [13, 19, 19], WB: DASM(4070df13)
Cyc=       206 Op1=[0x00000000] Op2=[0x00000002] W[W, 4= 0x00000001] [_,0x00200293]  195     PC=(0x80000324,0x80000320,0x8000031c) [63, 19, 19], WB: DASM(00120213)
Cyc=       207 Op1=[0x00000001] Op2=[0x00000002] W[W, 5= 0x00000002] [_,0xfe5218e3]  196   B PC=(0x80000328,0x80000324,0x80000320) [37, 99, 19], WB: DASM(00200293)
Cyc=       208 Op1=[0xff000000] Op2=[0x00000000] W[_,17= 0x00000003] [_,0xff000eb7]  197     PC=(0x80000314,0x80000328,0x80000324) [37, 51, 99], WB: DASM(fe5218e3)
Cyc=       209 Op1=[0x80000000] Op2=[0x00000000] W[_,29= 0xff000000] [_,0x800000b7]  198     PC=(0x80000318,0x80000314,0x80000328) [13, 55, 51], WB: DASM(00004033)
Cyc=       210 Op1=[0x80000000] Op2=[0x00000407] W[W, 1= 0x80000000] [_,0x4070df13]  198     PC=(0x8000031c,0x80000318,0x80000314) [13, 19, 55], WB: DASM(800000b7)
Cyc=       211 Op1=[0x00000001] Op2=[0x00000001] W[W,30= 0xff000000] [_,0x00120213]  199     PC=(0x80000320,0x8000031c,0x80000318) [13, 19, 19], WB: DASM(4070df13)
Cyc=       212 Op1=[0x00000000] Op2=[0x00000002] W[W, 4= 0x00000002] [_,0x00200293]  200     PC=(0x80000324,0x80000320,0x8000031c) [63, 19, 19], WB: DASM(00120213)
Cyc=       213 Op1=[0x00000002] Op2=[0x00000002] W[W, 5= 0x00000002] [_,0xfe5218e3]  201     PC=(0x80000328,0x80000324,0x80000320) [37, 99, 19], WB: DASM(00200293)
Cyc=       214 Op1=[0xff000000] Op2=[0x00000000] W[_,17= 0x00000004] [_,0xff000eb7]  202     PC=(0x8000032c,0x80000328,0x80000324) [13, 55, 99], WB: DASM(fe5218e3)
Cyc=       215 Op1=[0x00000000] Op2=[0x00000015] W[W,29= 0xff000000] [_,0x01500193]  203     PC=(0x80000330,0x8000032c,0x80000328) [63, 19, 55], WB: DASM(ff000eb7)
Cyc=       216 Op1=[0xff000000] Op2=[0xff000000] W[W, 3= 0x00000015] [_,0x09df1263]  204     PC=(0x80000334,0x80000330,0x8000032c) [13, 99, 19], WB: DASM(01500193)
Cyc=       217 Op1=[0x00000000] Op2=[0x00000000] W[_, 4= 0xfe000000] [_,0x00000213]  205     PC=(0x80000338,0x80000334,0x80000330) [37, 19, 99], WB: DASM(09df1263)
Cyc=       218 Op1=[0x80000000] Op2=[0x00000000] W[W, 4= 0x00000000] [_,0x800000b7]  206     PC=(0x8000033c,0x80000338,0x80000334) [13, 55, 19], WB: DASM(00000213)
Cyc=       219 Op1=[0x00000000] Op2=[0x00000000] W[W, 1= 0x80000000] [_,0x00000013]  207     PC=(0x80000340,0x8000033c,0x80000338) [13, 19, 55], WB: DASM(800000b7)
Cyc=       220 Op1=[0x80000000] Op2=[0x0000040e] W[W, 0= 0x00000000] [_,0x40e0df13]  208     PC=(0x80000344,0x80000340,0x8000033c) [13, 19, 19], WB: DASM(00000013)
Cyc=       221 Op1=[0x00000000] Op2=[0x00000001] W[W,30= 0xfffe0000] [_,0x00120213]  209     PC=(0x80000348,0x80000344,0x80000340) [13, 19, 19], WB: DASM(40e0df13)
Cyc=       222 Op1=[0x00000000] Op2=[0x00000002] W[W, 4= 0x00000001] [_,0x00200293]  210     PC=(0x8000034c,0x80000348,0x80000344) [63, 19, 19], WB: DASM(00120213)
Cyc=       223 Op1=[0x00000001] Op2=[0x00000002] W[W, 5= 0x00000002] [_,0xfe5216e3]  211   B PC=(0x80000350,0x8000034c,0x80000348) [37, 99, 19], WB: DASM(00200293)
Cyc=       224 Op1=[0xfffe0000] Op2=[0x00000000] W[_,13= 0x00000003] [_,0xfffe0eb7]  212     PC=(0x80000338,0x80000350,0x8000034c) [37, 51, 99], WB: DASM(fe5216e3)
Cyc=       225 Op1=[0x80000000] Op2=[0x00000000] W[_,29= 0xfffe0000] [_,0x800000b7]  213     PC=(0x8000033c,0x80000338,0x80000350) [13, 55, 51], WB: DASM(00004033)
Cyc=       226 Op1=[0x00000000] Op2=[0x00000000] W[W, 1= 0x80000000] [_,0x00000013]  213     PC=(0x80000340,0x8000033c,0x80000338) [13, 19, 55], WB: DASM(800000b7)
Cyc=       227 Op1=[0x80000000] Op2=[0x0000040e] W[W, 0= 0x00000000] [_,0x40e0df13]  214     PC=(0x80000344,0x80000340,0x8000033c) [13, 19, 19], WB: DASM(00000013)
Cyc=       228 Op1=[0x00000001] Op2=[0x00000001] W[W,30= 0xfffe0000] [_,0x00120213]  215     PC=(0x80000348,0x80000344,0x80000340) [13, 19, 19], WB: DASM(40e0df13)
Cyc=       229 Op1=[0x00000000] Op2=[0x00000002] W[W, 4= 0x00000002] [_,0x00200293]  216     PC=(0x8000034c,0x80000348,0x80000344) [63, 19, 19], WB: DASM(00120213)
Cyc=       230 Op1=[0x00000002] Op2=[0x00000002] W[W, 5= 0x00000002] [_,0xfe5216e3]  217     PC=(0x80000350,0x8000034c,0x80000348) [37, 99, 19], WB: DASM(00200293)
Cyc=       231 Op1=[0xfffe0000] Op2=[0x00000000] W[_,13= 0x00000004] [_,0xfffe0eb7]  218     PC=(0x80000354,0x80000350,0x8000034c) [13, 55, 99], WB: DASM(fe5216e3)
Cyc=       232 Op1=[0x00000000] Op2=[0x00000016] W[W,29= 0xfffe0000] [_,0x01600193]  219     PC=(0x80000358,0x80000354,0x80000350) [63, 19, 55], WB: DASM(fffe0eb7)
Cyc=       233 Op1=[0xfffe0000] Op2=[0xfffe0000] W[W, 3= 0x00000016] [_,0x05df1e63]  220     PC=(0x8000035c,0x80000358,0x80000354) [13, 99, 19], WB: DASM(01600193)
Cyc=       234 Op1=[0x00000000] Op2=[0x00000000] W[_,28= 0xfffc0000] [_,0x00000213]  221     PC=(0x80000360,0x8000035c,0x80000358) [37, 19, 99], WB: DASM(05df1e63)
Cyc=       235 Op1=[0x80000000] Op2=[0x00000000] W[W, 4= 0x00000000] [_,0x800000b7]  222     PC=(0x80000364,0x80000360,0x8000035c) [13, 55, 19], WB: DASM(00000213)
Cyc=       236 Op1=[0x80000000] Op2=[0x00000001] W[W, 1= 0x80000000] [_,0x00108093]  223     PC=(0x80000368,0x80000364,0x80000360) [13, 19, 55], WB: DASM(800000b7)
Cyc=       237 Op1=[0x00000000] Op2=[0x00000000] W[W, 1= 0x80000001] [_,0x00000013]  224     PC=(0x8000036c,0x80000368,0x80000364) [13, 19, 19], WB: DASM(00108093)
Cyc=       238 Op1=[0x00000000] Op2=[0x00000000] W[W, 0= 0x00000000] [_,0x00000013]  225     PC=(0x80000370,0x8000036c,0x80000368) [13, 19, 19], WB: DASM(00000013)
Cyc=       239 Op1=[0x80000001] Op2=[0x0000041f] W[W, 0= 0x00000000] [_,0x41f0df13]  226     PC=(0x80000374,0x80000370,0x8000036c) [13, 19, 19], WB: DASM(00000013)
Cyc=       240 Op1=[0x00000000] Op2=[0x00000001] W[W,30= 0xffffffff] [_,0x00120213]  227     PC=(0x80000378,0x80000374,0x80000370) [13, 19, 19], WB: DASM(41f0df13)
Cyc=       241 Op1=[0x00000000] Op2=[0x00000002] W[W, 4= 0x00000001] [_,0x00200293]  228     PC=(0x8000037c,0x80000378,0x80000374) [63, 19, 19], WB: DASM(00120213)
Cyc=       242 Op1=[0x00000001] Op2=[0x00000002] W[W, 5= 0x00000002] [_,0xfe5212e3]  229   B PC=(0x80000380,0x8000037c,0x80000378) [13, 99, 19], WB: DASM(00200293)
Cyc=       243 Op1=[0x00000000] Op2=[0xffffffff] W[_, 5= 0x00000003] [_,0xfff00e93]  230     PC=(0x80000360,0x80000380,0x8000037c) [37, 51, 99], WB: DASM(fe5212e3)
Cyc=       244 Op1=[0x80000000] Op2=[0x00000000] W[_,29= 0xffffffff] [_,0x800000b7]  231     PC=(0x80000364,0x80000360,0x80000380) [13, 55, 51], WB: DASM(00004033)
Cyc=       245 Op1=[0x80000000] Op2=[0x00000001] W[W, 1= 0x80000000] [_,0x00108093]  231     PC=(0x80000368,0x80000364,0x80000360) [13, 19, 55], WB: DASM(800000b7)
Cyc=       246 Op1=[0x00000000] Op2=[0x00000000] W[W, 1= 0x80000001] [_,0x00000013]  232     PC=(0x8000036c,0x80000368,0x80000364) [13, 19, 19], WB: DASM(00108093)
Cyc=       247 Op1=[0x00000000] Op2=[0x00000000] W[W, 0= 0x00000000] [_,0x00000013]  233     PC=(0x80000370,0x8000036c,0x80000368) [13, 19, 19], WB: DASM(00000013)
Cyc=       248 Op1=[0x80000001] Op2=[0x0000041f] W[W, 0= 0x00000000] [_,0x41f0df13]  234     PC=(0x80000374,0x80000370,0x8000036c) [13, 19, 19], WB: DASM(00000013)
Cyc=       249 Op1=[0x00000001] Op2=[0x00000001] W[W,30= 0xffffffff] [_,0x00120213]  235     PC=(0x80000378,0x80000374,0x80000370) [13, 19, 19], WB: DASM(41f0df13)
Cyc=       250 Op1=[0x00000000] Op2=[0x00000002] W[W, 4= 0x00000002] [_,0x00200293]  236     PC=(0x8000037c,0x80000378,0x80000374) [63, 19, 19], WB: DASM(00120213)
Cyc=       251 Op1=[0x00000002] Op2=[0x00000002] W[W, 5= 0x00000002] [_,0xfe5212e3]  237     PC=(0x80000380,0x8000037c,0x80000378) [13, 99, 19], WB: DASM(00200293)
Cyc=       252 Op1=[0x00000000] Op2=[0xffffffff] W[_, 5= 0x00000004] [_,0xfff00e93]  238     PC=(0x80000384,0x80000380,0x8000037c) [13, 19, 99], WB: DASM(fe5212e3)
Cyc=       253 Op1=[0x00000000] Op2=[0x00000017] W[W,29= 0xffffffff] [_,0x01700193]  239     PC=(0x80000388,0x80000384,0x80000380) [63, 19, 19], WB: DASM(fff00e93)
Cyc=       254 Op1=[0xffffffff] Op2=[0xffffffff] W[W, 3= 0x00000017] [_,0x03df1663]  240     PC=(0x8000038c,0x80000388,0x80000384) [13, 99, 19], WB: DASM(01700193)
Cyc=       255 Op1=[0x00000000] Op2=[0x00000404] W[_,12= 0xfffffffe] [_,0x40405093]  241     PC=(0x80000390,0x8000038c,0x80000388) [13, 19, 99], WB: DASM(03df1663)
Cyc=       256 Op1=[0x00000000] Op2=[0x00000000] W[W, 1= 0x00000000] [_,0x00000e93]  242     PC=(0x80000394,0x80000390,0x8000038c) [13, 19, 19], WB: DASM(40405093)
Cyc=       257 Op1=[0x00000000] Op2=[0x00000018] W[W,29= 0x00000000] [_,0x01800193]  243     PC=(0x80000398,0x80000394,0x80000390) [63, 19, 19], WB: DASM(00000e93)
Cyc=       258 Op1=[0x00000000] Op2=[0x00000000] W[W, 3= 0x00000018] [_,0x01d09e63]  244     PC=(0x8000039c,0x80000398,0x80000394) [13, 99, 19], WB: DASM(01800193)
Cyc=       259 Op1=[0x00000000] Op2=[0x00000021] W[_,28= 0x00000000] [_,0x02100093]  245     PC=(0x800003a0,0x8000039c,0x80000398) [13, 19, 99], WB: DASM(01d09e63)
Cyc=       260 Op1=[0x00000021] Op2=[0x0000040a] W[W, 1= 0x00000021] [_,0x40a0d013]  246     PC=(0x800003a4,0x800003a0,0x8000039c) [13, 19, 19], WB: DASM(02100093)
Cyc=       261 Op1=[0x00000000] Op2=[0x00000000] W[W, 0= 0x00000000] [_,0x00000e93]  247     PC=(0x800003a8,0x800003a4,0x800003a0) [13, 19, 19], WB: DASM(40a0d013)
Cyc=       262 Op1=[0x00000000] Op2=[0x00000019] W[W,29= 0x00000000] [_,0x01900193]  248     PC=(0x800003ac,0x800003a8,0x800003a4) [63, 19, 19], WB: DASM(00000e93)
Cyc=       263 Op1=[0x00000000] Op2=[0x00000000] W[W, 3= 0x00000019] [_,0x01d01463]  249     PC=(0x800003b0,0x800003ac,0x800003a8) [63, 99, 19], WB: DASM(01900193)
Cyc=       264 Op1=[0x00000000] Op2=[0x00000019] W[_, 8= 0x00000000] [_,0x00301c63]  250   B PC=(0x800003b4,0x800003b0,0x800003ac) [0f, 99, 99], WB: DASM(01d01463)
Cyc=       265 Op1=[0x00000000] Op2=[0x00000000] W[_,24= 0x00000019] [_,0x0ff0000f]  251     PC=(0x800003c8,0x800003b4,0x800003b0) [0f, 51, 99], WB: DASM(00301c63)
Cyc=       266 Op1=[0x00000000] Op2=[0x00000000] W[_, 0= 0x00000000] [_,0x0ff0000f]  252     PC=(0x800003cc,0x800003c8,0x800003b4) [13, 15, 51], WB: DASM(00004033)
Cyc=       267 Op1=[0x00000000] Op2=[0x00000001] W[_, 0= 0x00000000] [_,0x00100193]  252     PC=(0x800003d0,0x800003cc,0x800003c8) [73, 19, 15], WB: DASM(0ff0000f)
Cyc=       268 Op1=[0x00000000] Op2=[0x00000000] W[W, 3= 0x00000001] [_,0x00000073]  253     PC=(0x800003d4,0x800003d0,0x800003cc) [73,115, 19], WB: DASM(00100193)
Cyc=       269 Op1=[0x00000000] Op2=[0x00000000] W[_, 0= 0x00000000] [_,0xc0001073]  254   X PC=(0x800003d8,0x800003d4,0x800003d0) [00,115,115], WB: DASM(00000073)
Cyc=       270 Op1=[0x00000000] Op2=[0x00000000] W[_, 0= 0x00000000] [_,0x00000000]  255     PC=(0x80000004,0x800003d8,0x800003d4) [73, 51, 51], WB: DASM(00004033)
Cyc=       271 Op1=[0x00000000] Op2=[0x00000000] W[_, 0= 0x00000000] [_,0x34202f73]  256     PC=(0x80000008,0x80000004,0x800003d8) [13,115, 51], WB: DASM(00004033)
Cyc=       272 Op1=[0x00000000] Op2=[0x00000008] W[W,30= 0x0000000b] [_,0x00800f93]  256     PC=(0x8000000c,0x80000008,0x80000004) [63, 19,115], WB: DASM(34202f73)
Cyc=       273 Op1=[0x0000000b] Op2=[0x00000008] W[W,31= 0x00000008] [_,0x03ff0a63]  257     PC=(0x80000010,0x8000000c,0x80000008) [13, 99, 19], WB: DASM(00800f93)
Cyc=       274 Op1=[0x00000000] Op2=[0x00000009] W[_,20= 0x00000013] [_,0x00900f93]  258     PC=(0x80000014,0x80000010,0x8000000c) [63, 19, 99], WB: DASM(03ff0a63)
Cyc=       275 Op1=[0x0000000b] Op2=[0x00000009] W[W,31= 0x00000009] [_,0x03ff0663]  259     PC=(0x80000018,0x80000014,0x80000010) [13, 99, 19], WB: DASM(00900f93)
Cyc=       276 Op1=[0x00000000] Op2=[0x0000000b] W[_,12= 0x00000014] [_,0x00b00f93]  260     PC=(0x8000001c,0x80000018,0x80000014) [63, 19, 99], WB: DASM(03ff0663)
Cyc=       277 Op1=[0x0000000b] Op2=[0x0000000b] W[W,31= 0x0000000b] [_,0x03ff0263]  261   B PC=(0x80000020,0x8000001c,0x80000018) [17, 99, 19], WB: DASM(00b00f93)
Cyc=       278 Op1=[0x80000000] Op2=[0x80000020] W[_, 4= 0x00000016] [_,0x80000f17]  262     PC=(0x80000040,0x80000020,0x8000001c) [17, 51, 99], WB: DASM(03ff0263)
Cyc=       279 Op1=[0x00001000] Op2=[0x80000040] W[_,30= 0x00000020] [_,0x00001f17]  263     PC=(0x80000044,0x80000040,0x80000020) [23, 23, 51], WB: DASM(00004033)
Cyc=       280 Op1=[0x80001040] Op2=[0xffffffc0] W[W,30= 0x80001040] [_,0xfc3f2023]  263     PC=(0x80000048,0x80000044,0x80000040) [6f, 35, 23], WB: DASM(00001f17)
Cyc=       281 Op1=[0x0000000b] Op2=[0x00000000] W[_, 0= 0x80001000] [_,0xff9ff06f]  264   J PC=(0x8000004c,0x80000048,0x80000044) [73,111, 35], WB: DASM(fc3f2023)
Cyc=       282 Op1=[0x00000000] Op2=[0x00000000] W[W, 0= 0x8000004c] [_,0xf1402573]  265     PC=(0x80000040,0x8000004c,0x80000048) [17, 51,111], WB: DASM(ff9ff06f)
Cyc=       283 Op1=[0x00001000] Op2=[0x80000040] W[_,10= 0x00000000] [_,0x00001f17]  266     PC=(0x80000044,0x80000040,0x8000004c) [23, 23, 51], WB: DASM(00004033)
Cyc=       284 Op1=[0x80001040] Op2=[0xffffffc0] W[W,30= 0x80001040] [_,0xfc3f2023]  266     PC=(0x80000048,0x80000044,0x80000040) [6f, 35, 23], WB: DASM(00001f17)
Cyc=       285 Op1=[0x0000000b] Op2=[0x00000000] W[_, 0= 0x80001000] [_,0xff9ff06f]  267   J PC=(0x8000004c,0x80000048,0x80000044) [73,111, 35], WB: DASM(fc3f2023)
Cyc=       286 Op1=[0x00000000] Op2=[0x00000000] W[W, 0= 0x8000004c] [_,0xf1402573]  268     PC=(0x80000040,0x8000004c,0x80000048) [17, 51,111], WB: DASM(ff9ff06f)
Cyc=       287 Op1=[0x00001000] Op2=[0x80000040] W[_,10= 0x00000000] [_,0x00001f17]  269     PC=(0x80000044,0x80000040,0x8000004c) [23, 23, 51], WB: DASM(00004033)
Cyc=       288 Op1=[0x80001040] Op2=[0xffffffc0] W[W,30= 0x80001040] [_,0xfc3f2023]  269     PC=(0x80000048,0x80000044,0x80000040) [6f, 35, 23], WB: DASM(00001f17)
Cyc=       289 Op1=[0x0000000b] Op2=[0x00000000] W[_, 0= 0x80001000] [_,0xff9ff06f]  270   J PC=(0x8000004c,0x80000048,0x80000044) [73,111, 35], WB: DASM(fc3f2023)
Cyc=       290 Op1=[0x00000000] Op2=[0x00000000] W[W, 0= 0x8000004c] [_,0xf1402573]  271     PC=(0x80000040,0x8000004c,0x80000048) [17, 51,111], WB: DASM(ff9ff06f)
Cyc=       291 Op1=[0x00001000] Op2=[0x80000040] W[_,10= 0x00000000] [_,0x00001f17]  272     PC=(0x80000044,0x80000040,0x8000004c) [23, 23, 51], WB: DASM(00004033)
Cyc=       292 Op1=[0x80001040] Op2=[0xffffffc0] W[W,30= 0x80001040] [_,0xfc3f2023]  272     PC=(0x80000048,0x80000044,0x80000040) [6f, 35, 23], WB: DASM(00001f17)
Cyc=       293 Op1=[0x0000000b] Op2=[0x00000000] W[_, 0= 0x80001000] [_,0xff9ff06f]  273   J PC=(0x8000004c,0x80000048,0x80000044) [73,111, 35], WB: DASM(fc3f2023)
Cyc=       294 Op1=[0x00000000] Op2=[0x00000000] W[W, 0= 0x8000004c] [_,0xf1402573]  274     PC=(0x80000040,0x8000004c,0x80000048) [17, 51,111], WB: DASM(ff9ff06f)
Cyc=       295 Op1=[0x00001000] Op2=[0x80000040] W[_,10= 0x00000000] [_,0x00001f17]  275     PC=(0x80000044,0x80000040,0x8000004c) [23, 23, 51], WB: DASM(00004033)
Cyc=       296 Op1=[0x80001040] Op2=[0xffffffc0] W[W,30= 0x80001040] [_,0xfc3f2023]  275     PC=(0x80000048,0x80000044,0x80000040) [6f, 35, 23], WB: DASM(00001f17)
Cyc=       297 Op1=[0x0000000b] Op2=[0x00000000] W[_, 0= 0x80001000] [_,0xff9ff06f]  276   J PC=(0x8000004c,0x80000048,0x80000044) [73,111, 35], WB: DASM(fc3f2023)
Cyc=       298 Op1=[0x00000000] Op2=[0x00000000] W[W, 0= 0x8000004c] [_,0xf1402573]  277     PC=(0x80000040,0x8000004c,0x80000048) [17, 51,111], WB: DASM(ff9ff06f)
Cyc=       299 Op1=[0x00001000] Op2=[0x80000040] W[_,10= 0x00000000] [_,0x00001f17]  278     PC=(0x80000044,0x80000040,0x8000004c) [23, 23, 51], WB: DASM(00004033)
Cyc=       300 Op1=[0x80001040] Op2=[0xffffffc0] W[W,30= 0x80001040] [_,0xfc3f2023]  278     PC=(0x80000048,0x80000044,0x80000040) [6f, 35, 23], WB: DASM(00001f17)
Cyc=       301 Op1=[0x0000000b] Op2=[0x00000000] W[_, 0= 0x80001000] [_,0xff9ff06f]  279   J PC=(0x8000004c,0x80000048,0x80000044) [73,111, 35], WB: DASM(fc3f2023)
Cyc=       302 Op1=[0x00000000] Op2=[0x00000000] W[W, 0= 0x8000004c] [_,0xf1402573]  280     PC=(0x80000040,0x8000004c,0x80000048) [17, 51,111], WB: DASM(ff9ff06f)
Cyc=       303 Op1=[0x00001000] Op2=[0x80000040] W[_,10= 0x00000000] [_,0x00001f17]  281     PC=(0x80000044,0x80000040,0x8000004c) [23, 23, 51], WB: DASM(00004033)
Cyc=       304 Op1=[0x80001040] Op2=[0xffffffc0] W[W,30= 0x80001040] [_,0xfc3f2023]  281     PC=(0x80000048,0x80000044,0x80000040) [6f, 35, 23], WB: DASM(00001f17)
Cyc=       305 Op1=[0x0000000b] Op2=[0x00000000] W[_, 0= 0x80001000] [_,0xff9ff06f]  282   J PC=(0x8000004c,0x80000048,0x80000044) [73,111, 35], WB: DASM(fc3f2023)
Cyc=       306 Op1=[0x00000000] Op2=[0x00000000] W[W, 0= 0x8000004c] [_,0xf1402573]  283     PC=(0x80000040,0x8000004c,0x80000048) [17, 51,111], WB: DASM(ff9ff06f)
Cyc=       307 Op1=[0x00001000] Op2=[0x80000040] W[_,10= 0x00000000] [_,0x00001f17]  284     PC=(0x80000044,0x80000040,0x8000004c) [23, 23, 51], WB: DASM(00004033)
Cyc=       308 Op1=[0x80001040] Op2=[0xffffffc0] W[W,30= 0x80001040] [_,0xfc3f2023]  284     PC=(0x80000048,0x80000044,0x80000040) [6f, 35, 23], WB: DASM(00001f17)
Cyc=       309 Op1=[0x0000000b] Op2=[0x00000000] W[_, 0= 0x80001000] [_,0xff9ff06f]  285   J PC=(0x8000004c,0x80000048,0x80000044) [73,111, 35], WB: DASM(fc3f2023)
Cyc=       310 Op1=[0x00000000] Op2=[0x00000000] W[W, 0= 0x8000004c] [_,0xf1402573]  286     PC=(0x80000040,0x8000004c,0x80000048) [17, 51,111], WB: DASM(ff9ff06f)
Cyc=       311 Op1=[0x00001000] Op2=[0x80000040] W[_,10= 0x00000000] [_,0x00001f17]  287     PC=(0x80000044,0x80000040,0x8000004c) [23, 23, 51], WB: DASM(00004033)
Cyc=       312 Op1=[0x80001040] Op2=[0xffffffc0] W[W,30= 0x80001040] [_,0xfc3f2023]  287     PC=(0x80000048,0x80000044,0x80000040) [6f, 35, 23], WB: DASM(00001f17)
Cyc=       313 Op1=[0x0000000b] Op2=[0x00000000] W[_, 0= 0x80001000] [_,0xff9ff06f]  288   J PC=(0x8000004c,0x80000048,0x80000044) [73,111, 35], WB: DASM(fc3f2023)
Cyc=       314 Op1=[0x00000000] Op2=[0x00000000] W[W, 0= 0x8000004c] [_,0xf1402573]  289     PC=(0x80000040,0x8000004c,0x80000048) [17, 51,111], WB: DASM(ff9ff06f)
Cyc=       315 Op1=[0x00001000] Op2=[0x80000040] W[_,10= 0x00000000] [_,0x00001f17]  290     PC=(0x80000044,0x80000040,0x8000004c) [23, 23, 51], WB: DASM(00004033)
Cyc=       316 Op1=[0x80001040] Op2=[0xffffffc0] W[W,30= 0x80001040] [_,0xfc3f2023]  290     PC=(0x80000048,0x80000044,0x80000040) [6f, 35, 23], WB: DASM(00001f17)
Cyc=       317 Op1=[0x0000000b] Op2=[0x00000000] W[_, 0= 0x80001000] [_,0xff9ff06f]  291   J PC=(0x8000004c,0x80000048,0x80000044) [73,111, 35], WB: DASM(fc3f2023)
*** PASSED ***
