Instantiated DTM.
Cyc=         0 Op1=[0x00000000] Op2=[0x00000000] W[_, 0= 0x7ffffffc] [_,0x04c0006f]    0   J PC=(0x7ffffffc,0x7ffffffc,0x7ffffffc) [6f, 51, 51], WB: DASM(00004033)
Cyc=         1 Op1=[0x00000000] Op2=[0x00000000] W[_, 0= 0x7ffffffc] [_,0x04c0006f]    0   J PC=(0x80000000,0x7ffffffc,0x7ffffffc) [6f, 51, 51], WB: DASM(00004033)
Cyc=         2 Op1=[0x00000000] Op2=[0x00000000] W[_, 0= 0x80000000] [_,0x04c0006f]    0   J PC=(0x80000004,0x80000000,0x7ffffffc) [73,111, 51], WB: DASM(00004033)
Cyc=         3 Op1=[0x00000000] Op2=[0x00000000] W[W, 0= 0x80000004] [_,0x34202f73]    0     PC=(0x8000004c,0x80000004,0x80000000) [73, 51,111], WB: DASM(04c0006f)
Cyc=         4 Op1=[0x00000000] Op2=[0x00000000] W[_,30= 0x00000000] [_,0xf1402573]    1     PC=(0x80000050,0x8000004c,0x80000004) [63,115, 51], WB: DASM(00004033)
Cyc=         5 Op1=[0x00000000] Op2=[0x00000000] W[W,10= 0x00000000] [_,0x00051063]    1 H   PC=(0x80000054,0x80000050,0x8000004c) [17, 99,115], WB: DASM(f1402573)
Cyc=         6 Op1=[0x00000000] Op2=[0x00000000] W[_, 0= 0x00000000] [_,0x00051063]    2     PC=(0x80000054,0x80000050,0x00000000) [17, 99, 51], WB: DASM(00004033)
Cyc=         7 Op1=[0x00000000] Op2=[0x80000054] W[_, 0= 0x00000000] [_,0x00000297]    2     PC=(0x80000058,0x80000054,0x80000050) [13, 23, 99], WB: DASM(00051063)
Cyc=         8 Op1=[0x80000054] Op2=[0x00000010] W[W, 5= 0x80000054] [_,0x01028293]    3     PC=(0x8000005c,0x80000058,0x80000054) [73, 19, 23], WB: DASM(00000297)
Cyc=         9 Op1=[0x80000064] Op2=[0x80000064] W[W, 5= 0x80000064] [_,0x30529073]    4     PC=(0x80000060,0x8000005c,0x80000058) [73,115, 19], WB: DASM(01028293)
Cyc=        10 Op1=[0x00000000] Op2=[0x00000000] W[W, 0= 0x00000100] [_,0x18005073]    5     PC=(0x80000064,0x80000060,0x8000005c) [17,115,115], WB: DASM(30529073)
Cyc=        11 Op1=[0x00000000] Op2=[0x80000064] W[W, 0= 0x00000000] [_,0x00000297]    6     PC=(0x80000068,0x80000064,0x80000060) [13, 23,115], WB: DASM(18005073)
Cyc=        12 Op1=[0x80000064] Op2=[0x0000001c] W[W, 5= 0x80000064] [_,0x01c28293]    7     PC=(0x8000006c,0x80000068,0x80000064) [73, 19, 23], WB: DASM(00000297)
Cyc=        13 Op1=[0x80000080] Op2=[0x80000080] W[W, 5= 0x80000080] [_,0x30529073]    8     PC=(0x80000070,0x8000006c,0x80000068) [13,115, 19], WB: DASM(01c28293)
Cyc=        14 Op1=[0x00000000] Op2=[0xffffffff] W[W, 0= 0x00000100] [_,0xfff00293]    9     PC=(0x80000074,0x80000070,0x8000006c) [73, 19,115], WB: DASM(30529073)
Cyc=        15 Op1=[0xffffffff] Op2=[0x00000000] W[W, 5= 0xffffffff] [_,0x3b029073]   10     PC=(0x80000078,0x80000074,0x80000070) [13,115, 19], WB: DASM(fff00293)
Cyc=        16 Op1=[0x00000000] Op2=[0x0000001f] W[W, 0= 0x00000000] [_,0x01f00293]   11     PC=(0x8000007c,0x80000078,0x80000074) [73, 19,115], WB: DASM(3b029073)
Cyc=        17 Op1=[0x0000001f] Op2=[0x00000000] W[W, 5= 0x0000001f] [_,0x3a029073]   12     PC=(0x80000080,0x8000007c,0x80000078) [17,115, 19], WB: DASM(01f00293)
Cyc=        18 Op1=[0x00000000] Op2=[0x80000080] W[W, 0= 0x00000000] [_,0x00000297]   13     PC=(0x80000084,0x80000080,0x8000007c) [13, 23,115], WB: DASM(3a029073)
Cyc=        19 Op1=[0x80000080] Op2=[0x00000018] W[W, 5= 0x80000080] [_,0x01828293]   14     PC=(0x80000088,0x80000084,0x80000080) [73, 19, 23], WB: DASM(00000297)
Cyc=        20 Op1=[0x80000098] Op2=[0x80000098] W[W, 5= 0x80000098] [_,0x30529073]   15     PC=(0x8000008c,0x80000088,0x80000084) [73,115, 19], WB: DASM(01828293)
Cyc=        21 Op1=[0x00000000] Op2=[0x00000000] W[W, 0= 0x00000100] [_,0x30205073]   16     PC=(0x80000090,0x8000008c,0x80000088) [73,115,115], WB: DASM(30529073)
Cyc=        22 Op1=[0x00000000] Op2=[0x00000000] W[W, 0= 0x00000000] [_,0x30305073]   17     PC=(0x80000094,0x80000090,0x8000008c) [73,115,115], WB: DASM(30205073)
Cyc=        23 Op1=[0x00000000] Op2=[0x00000000] W[W, 0= 0x00000000] [_,0x30405073]   18     PC=(0x80000098,0x80000094,0x80000090) [13,115,115], WB: DASM(30305073)
Cyc=        24 Op1=[0x00000000] Op2=[0x00000000] W[W, 0= 0x00000000] [_,0x00000193]   19     PC=(0x8000009c,0x80000098,0x80000094) [17, 19,115], WB: DASM(30405073)
Cyc=        25 Op1=[0x00000000] Op2=[0x8000009c] W[W, 3= 0x00000000] [_,0x00000297]   20     PC=(0x800000a0,0x8000009c,0x80000098) [13, 23, 19], WB: DASM(00000193)
Cyc=        26 Op1=[0x8000009c] Op2=[0xffffff68] W[W, 5= 0x8000009c] [_,0xf6828293]   21     PC=(0x800000a4,0x800000a0,0x8000009c) [73, 19, 23], WB: DASM(00000297)
Cyc=        27 Op1=[0x80000004] Op2=[0x80000004] W[W, 5= 0x80000004] [_,0x30529073]   22     PC=(0x800000a8,0x800000a4,0x800000a0) [13,115, 19], WB: DASM(f6828293)
Cyc=        28 Op1=[0x00000000] Op2=[0x00000001] W[W, 0= 0x00000100] [_,0x00100513]   23     PC=(0x800000ac,0x800000a8,0x800000a4) [13, 19,115], WB: DASM(30529073)
Cyc=        29 Op1=[0x00000001] Op2=[0x0000001f] W[W,10= 0x00000001] [_,0x01f51513]   24     PC=(0x800000b0,0x800000ac,0x800000a8) [63, 19, 19], WB: DASM(00100513)
Cyc=        30 Op1=[0x80000000] Op2=[0x00000000] W[W,10= 0x80000000] [_,0x00054863]   25   B PC=(0x800000b4,0x800000b0,0x800000ac) [0f, 99, 19], WB: DASM(01f51513)
Cyc=        31 Op1=[0x00000000] Op2=[0x00000000] W[_,16= 0x80000000] [_,0x0ff0000f]   26     PC=(0x800000c0,0x800000b4,0x800000b0) [17, 51, 99], WB: DASM(00054863)
Cyc=        32 Op1=[0x80000000] Op2=[0x800000c0] W[_, 0= 0x00000000] [_,0x80000297]   27     PC=(0x800000c4,0x800000c0,0x800000b4) [13, 23, 51], WB: DASM(00004033)
Cyc=        33 Op1=[0x000000c0] Op2=[0xffffff40] W[W, 5= 0x000000c0] [_,0xf4028293]   27     PC=(0x800000c8,0x800000c4,0x800000c0) [63, 19, 23], WB: DASM(80000297)
Cyc=        34 Op1=[0x00000000] Op2=[0x00000000] W[W, 5= 0x00000000] [_,0x00028e63]   28   B PC=(0x800000cc,0x800000c8,0x800000c4) [73, 99, 19], WB: DASM(f4028293)
Cyc=        35 Op1=[0x00000000] Op2=[0x00000000] W[_,28= 0x00000000] [_,0x10529073]   29     PC=(0x800000e4,0x800000cc,0x800000c8) [73, 51, 99], WB: DASM(00028e63)
Cyc=        36 Op1=[0x00000000] Op2=[0x00000000] W[_, 0= 0x00000000] [_,0x30005073]   30     PC=(0x800000e8,0x800000e4,0x800000cc) [17,115, 51], WB: DASM(00004033)
Cyc=        37 Op1=[0x00000000] Op2=[0x800000e8] W[W, 0= 0x00001800] [_,0x00000297]   30     PC=(0x800000ec,0x800000e8,0x800000e4) [13, 23,115], WB: DASM(30005073)
Cyc=        38 Op1=[0x800000e8] Op2=[0x00000014] W[W, 5= 0x800000e8] [_,0x01428293]   31     PC=(0x800000f0,0x800000ec,0x800000e8) [73, 19, 23], WB: DASM(00000297)
Cyc=        39 Op1=[0x800000fc] Op2=[0x00000000] W[W, 5= 0x800000fc] [_,0x34129073]   32     PC=(0x800000f4,0x800000f0,0x800000ec) [73,115, 19], WB: DASM(01428293)
Cyc=        40 Op1=[0x00000000] Op2=[0x00000000] W[W, 0= 0x00000000] [_,0xf1402573]   33     PC=(0x800000f8,0x800000f4,0x800000f0) [73,115,115], WB: DASM(34129073)
Cyc=        41 Op1=[0x00000000] Op2=[0x00000000] W[W,10= 0x00000000] [_,0x30200073]   34     PC=(0x800000fc,0x800000f8,0x800000f4) [13,115,115], WB: DASM(f1402573)
Cyc=        42 Op1=[0x00000000] Op2=[0x0000006f] W[_, 0= 0x00000000] [_,0x06f00693]   35   X PC=(0x80000100,0x800000fc,0x800000f8) [17, 19,115], WB: DASM(30200073)
Cyc=        43 Op1=[0x00002000] Op2=[0x80000100] W[_,13= 0x0000006f] [_,0x00002517]   36     PC=(0x800000fc,0x80000100,0x800000fc) [13, 51, 51], WB: DASM(00004033)
Cyc=        44 Op1=[0x00000000] Op2=[0x0000006f] W[_,10= 0x80002100] [_,0x06f00693]   37     PC=(0x80000100,0x800000fc,0x80000100) [17, 19, 51], WB: DASM(00004033)
Cyc=        45 Op1=[0x00002000] Op2=[0x80000100] W[W,13= 0x0000006f] [_,0x00002517]   37     PC=(0x80000104,0x80000100,0x800000fc) [03, 23, 19], WB: DASM(06f00693)
Cyc=        46 Op1=[0x80002100] Op2=[0xffffff00] W[W,10= 0x80002100] [_,0xf0051503]   38     PC=(0x80000108,0x80000104,0x80000100) [17,  3, 23], WB: DASM(00002517)
Cyc=        47 Op1=[0x00002000] Op2=[0x80000108] W[W,10= 0xffff8693] [_,0x00002597]   39     PC=(0x8000010c,0x80000108,0x80000104) [03, 23,  3], WB: DASM(f0051503)
Cyc=        48 Op1=[0x80002108] Op2=[0xfffffefa] W[W,11= 0x80002108] [_,0xefa59583]   40     PC=(0x80000110,0x8000010c,0x80000108) [13,  3, 23], WB: DASM(00002597)
Cyc=        49 Op1=[0x00000000] Op2=[0x00000000] W[W,11= 0x000014d6] [_,0x00000013]   41     PC=(0x80000114,0x80000110,0x8000010c) [13, 19,  3], WB: DASM(efa59583)
Cyc=        50 Op1=[0x00000000] Op2=[0x00000000] W[W, 0= 0x00000000] [_,0x00000013]   42     PC=(0x80000118,0x80000114,0x80000110) [13, 19, 19], WB: DASM(00000013)
Cyc=        51 Op1=[0x00000000] Op2=[0x00000000] W[W, 0= 0x00000000] [_,0x00000013]   43     PC=(0x8000011c,0x80000118,0x80000114) [13, 19, 19], WB: DASM(00000013)
Cyc=        52 Op1=[0x00000000] Op2=[0x00000000] W[W, 0= 0x00000000] [_,0x00000013]   44     PC=(0x80000120,0x8000011c,0x80000118) [13, 19, 19], WB: DASM(00000013)
Cyc=        53 Op1=[0x00000000] Op2=[0x00000000] W[W, 0= 0x00000000] [_,0x00000013]   45     PC=(0x80000124,0x80000120,0x8000011c) [13, 19, 19], WB: DASM(00000013)
Cyc=        54 Op1=[0x00000000] Op2=[0x00000000] W[W, 0= 0x00000000] [_,0x00000013]   46     PC=(0x80000128,0x80000124,0x80000120) [13, 19, 19], WB: DASM(00000013)
Cyc=        55 Op1=[0x00000000] Op2=[0x00000000] W[W, 0= 0x00000000] [_,0x00000013]   47     PC=(0x8000012c,0x80000128,0x80000124) [13, 19, 19], WB: DASM(00000013)
Cyc=        56 Op1=[0x00000000] Op2=[0x00000000] W[W, 0= 0x00000000] [_,0x00000013]   48     PC=(0x80000130,0x8000012c,0x80000128) [13, 19, 19], WB: DASM(00000013)
Cyc=        57 Op1=[0x00000000] Op2=[0x00000000] W[W, 0= 0x00000000] [_,0x00000013]   49     PC=(0x80000134,0x80000130,0x8000012c) [13, 19, 19], WB: DASM(00000013)
Cyc=        58 Op1=[0x00000000] Op2=[0x00000000] W[W, 0= 0x00000000] [_,0x00000013]   50     PC=(0x80000138,0x80000134,0x80000130) [13, 19, 19], WB: DASM(00000013)
Cyc=        59 Op1=[0x00000000] Op2=[0x00000000] W[W, 0= 0x00000000] [_,0x00000013]   51     PC=(0x8000013c,0x80000138,0x80000134) [13, 19, 19], WB: DASM(00000013)
Cyc=        60 Op1=[0x00000000] Op2=[0x00000000] W[W, 0= 0x00000000] [_,0x00000013]   52     PC=(0x80000140,0x8000013c,0x80000138) [17, 19, 19], WB: DASM(00000013)
Cyc=        61 Op1=[0x00000000] Op2=[0x80000140] W[W, 0= 0x00000000] [_,0x00000297]   53     PC=(0x80000144,0x80000140,0x8000013c) [23, 23, 19], WB: DASM(00000013)
Cyc=        62 Op1=[0x80000140] Op2=[0x00000014] W[W, 5= 0x80000140] [_,0x00a29a23]   54     PC=(0x80000148,0x80000144,0x80000140) [17, 35, 23], WB: DASM(00000297)
Cyc=        63 Op1=[0x00000000] Op2=[0x80000148] W[_,20= 0x80000154] [_,0x00000297]   55     PC=(0x8000014c,0x80000148,0x80000144) [23, 23, 35], WB: DASM(00a29a23)
Cyc=        64 Op1=[0x80000148] Op2=[0x0000000e] W[W, 5= 0x80000148] [_,0x00b29723]   56     PC=(0x80000150,0x8000014c,0x80000148) [0f, 35, 23], WB: DASM(00000297)
Cyc=        65 Op1=[0x00000000] Op2=[0x00000000] W[_,14= 0x80000156] [_,0x0000100f]   57     PC=(0x80000154,0x80000150,0x8000014c) [13, 15, 35], WB: DASM(00b29723)
Cyc=        66 Op1=[0x0000006f] Op2=[0x0000014d] W[_, 0= 0x00000000] [_,0x14d68693]   58     PC=(0x80000158,0x80000154,0x80000150) [13, 19, 15], WB: DASM(0000100f)
Cyc=        67 Op1=[0x00000000] Op2=[0x00000000] W[W,13= 0x000001bc] [_,0x00000013]   59     PC=(0x8000015c,0x80000158,0x80000154) [13, 19, 19], WB: DASM(14d68693)
Cyc=        68 Op1=[0x00000000] Op2=[0x000001bc] W[W, 0= 0x00000000] [_,0x1bc00e93]   60     PC=(0x80000160,0x8000015c,0x80000158) [13, 19, 19], WB: DASM(00000013)
Cyc=        69 Op1=[0x00000000] Op2=[0x00000002] W[W,29= 0x000001bc] [_,0x00200193]   61     PC=(0x80000164,0x80000160,0x8000015c) [63, 19, 19], WB: DASM(1bc00e93)
Cyc=        70 Op1=[0x000001bc] Op2=[0x000001bc] W[W, 3= 0x00000002] [_,0x07d69a63]   62     PC=(0x80000168,0x80000164,0x80000160) [13, 99, 19], WB: DASM(00200193)
Cyc=        71 Op1=[0x00000000] Op2=[0x00000064] W[_,20= 0x00000378] [_,0x06400713]   63     PC=(0x8000016c,0x80000168,0x80000164) [13, 19, 99], WB: DASM(07d69a63)
Cyc=        72 Op1=[0x00000064] Op2=[0xffffffff] W[W,14= 0x00000064] [_,0xfff70713]   64     PC=(0x80000170,0x8000016c,0x80000168) [63, 19, 19], WB: DASM(06400713)
Cyc=        73 Op1=[0x00000063] Op2=[0x00000000] W[W,14= 0x00000063] [_,0xfe071ee3]   65   B PC=(0x80000174,0x80000170,0x8000016c) [17, 99, 19], WB: DASM(fff70713)
Cyc=        74 Op1=[0x00000000] Op2=[0x80000174] W[_,29= 0x00000063] [_,0x00000297]   66     PC=(0x8000016c,0x80000174,0x80000170) [13, 51, 99], WB: DASM(fe071ee3)
Cyc=        75 Op1=[0x00000063] Op2=[0xffffffff] W[_, 5= 0x80000174] [_,0xfff70713]   67     PC=(0x80000170,0x8000016c,0x80000174) [63, 19, 51], WB: DASM(00004033)
Cyc=        76 Op1=[0x00000062] Op2=[0x00000000] W[W,14= 0x00000062] [_,0xfe071ee3]   67   B PC=(0x80000174,0x80000170,0x8000016c) [17, 99, 19], WB: DASM(fff70713)
Cyc=        77 Op1=[0x00000000] Op2=[0x80000174] W[_,29= 0x00000062] [_,0x00000297]   68     PC=(0x8000016c,0x80000174,0x80000170) [13, 51, 99], WB: DASM(fe071ee3)
Cyc=        78 Op1=[0x00000062] Op2=[0xffffffff] W[_, 5= 0x80000174] [_,0xfff70713]   69     PC=(0x80000170,0x8000016c,0x80000174) [63, 19, 51], WB: DASM(00004033)
Cyc=        79 Op1=[0x00000061] Op2=[0x00000000] W[W,14= 0x00000061] [_,0xfe071ee3]   69   B PC=(0x80000174,0x80000170,0x8000016c) [17, 99, 19], WB: DASM(fff70713)
Cyc=        80 Op1=[0x00000000] Op2=[0x80000174] W[_,29= 0x00000061] [_,0x00000297]   70     PC=(0x8000016c,0x80000174,0x80000170) [13, 51, 99], WB: DASM(fe071ee3)
Cyc=        81 Op1=[0x00000061] Op2=[0xffffffff] W[_, 5= 0x80000174] [_,0xfff70713]   71     PC=(0x80000170,0x8000016c,0x80000174) [63, 19, 51], WB: DASM(00004033)
Cyc=        82 Op1=[0x00000060] Op2=[0x00000000] W[W,14= 0x00000060] [_,0xfe071ee3]   71   B PC=(0x80000174,0x80000170,0x8000016c) [17, 99, 19], WB: DASM(fff70713)
Cyc=        83 Op1=[0x00000000] Op2=[0x80000174] W[_,29= 0x00000060] [_,0x00000297]   72     PC=(0x8000016c,0x80000174,0x80000170) [13, 51, 99], WB: DASM(fe071ee3)
Cyc=        84 Op1=[0x00000060] Op2=[0xffffffff] W[_, 5= 0x80000174] [_,0xfff70713]   73     PC=(0x80000170,0x8000016c,0x80000174) [63, 19, 51], WB: DASM(00004033)
Cyc=        85 Op1=[0x0000005f] Op2=[0x00000000] W[W,14= 0x0000005f] [_,0xfe071ee3]   73   B PC=(0x80000174,0x80000170,0x8000016c) [17, 99, 19], WB: DASM(fff70713)
Cyc=        86 Op1=[0x00000000] Op2=[0x80000174] W[_,29= 0x0000005f] [_,0x00000297]   74     PC=(0x8000016c,0x80000174,0x80000170) [13, 51, 99], WB: DASM(fe071ee3)
Cyc=        87 Op1=[0x0000005f] Op2=[0xffffffff] W[_, 5= 0x80000174] [_,0xfff70713]   75     PC=(0x80000170,0x8000016c,0x80000174) [63, 19, 51], WB: DASM(00004033)
Cyc=        88 Op1=[0x0000005e] Op2=[0x00000000] W[W,14= 0x0000005e] [_,0xfe071ee3]   75   B PC=(0x80000174,0x80000170,0x8000016c) [17, 99, 19], WB: DASM(fff70713)
Cyc=        89 Op1=[0x00000000] Op2=[0x80000174] W[_,29= 0x0000005e] [_,0x00000297]   76     PC=(0x8000016c,0x80000174,0x80000170) [13, 51, 99], WB: DASM(fe071ee3)
Cyc=        90 Op1=[0x0000005e] Op2=[0xffffffff] W[_, 5= 0x80000174] [_,0xfff70713]   77     PC=(0x80000170,0x8000016c,0x80000174) [63, 19, 51], WB: DASM(00004033)
Cyc=        91 Op1=[0x0000005d] Op2=[0x00000000] W[W,14= 0x0000005d] [_,0xfe071ee3]   77   B PC=(0x80000174,0x80000170,0x8000016c) [17, 99, 19], WB: DASM(fff70713)
Cyc=        92 Op1=[0x00000000] Op2=[0x80000174] W[_,29= 0x0000005d] [_,0x00000297]   78     PC=(0x8000016c,0x80000174,0x80000170) [13, 51, 99], WB: DASM(fe071ee3)
Cyc=        93 Op1=[0x0000005d] Op2=[0xffffffff] W[_, 5= 0x80000174] [_,0xfff70713]   79     PC=(0x80000170,0x8000016c,0x80000174) [63, 19, 51], WB: DASM(00004033)
Cyc=        94 Op1=[0x0000005c] Op2=[0x00000000] W[W,14= 0x0000005c] [_,0xfe071ee3]   79   B PC=(0x80000174,0x80000170,0x8000016c) [17, 99, 19], WB: DASM(fff70713)
Cyc=        95 Op1=[0x00000000] Op2=[0x80000174] W[_,29= 0x0000005c] [_,0x00000297]   80     PC=(0x8000016c,0x80000174,0x80000170) [13, 51, 99], WB: DASM(fe071ee3)
Cyc=        96 Op1=[0x0000005c] Op2=[0xffffffff] W[_, 5= 0x80000174] [_,0xfff70713]   81     PC=(0x80000170,0x8000016c,0x80000174) [63, 19, 51], WB: DASM(00004033)
Cyc=        97 Op1=[0x0000005b] Op2=[0x00000000] W[W,14= 0x0000005b] [_,0xfe071ee3]   81   B PC=(0x80000174,0x80000170,0x8000016c) [17, 99, 19], WB: DASM(fff70713)
Cyc=        98 Op1=[0x00000000] Op2=[0x80000174] W[_,29= 0x0000005b] [_,0x00000297]   82     PC=(0x8000016c,0x80000174,0x80000170) [13, 51, 99], WB: DASM(fe071ee3)
Cyc=        99 Op1=[0x0000005b] Op2=[0xffffffff] W[_, 5= 0x80000174] [_,0xfff70713]   83     PC=(0x80000170,0x8000016c,0x80000174) [63, 19, 51], WB: DASM(00004033)
Cyc=       100 Op1=[0x0000005a] Op2=[0x00000000] W[W,14= 0x0000005a] [_,0xfe071ee3]   83   B PC=(0x80000174,0x80000170,0x8000016c) [17, 99, 19], WB: DASM(fff70713)
Cyc=       101 Op1=[0x00000000] Op2=[0x80000174] W[_,29= 0x0000005a] [_,0x00000297]   84     PC=(0x8000016c,0x80000174,0x80000170) [13, 51, 99], WB: DASM(fe071ee3)
Cyc=       102 Op1=[0x0000005a] Op2=[0xffffffff] W[_, 5= 0x80000174] [_,0xfff70713]   85     PC=(0x80000170,0x8000016c,0x80000174) [63, 19, 51], WB: DASM(00004033)
Cyc=       103 Op1=[0x00000059] Op2=[0x00000000] W[W,14= 0x00000059] [_,0xfe071ee3]   85   B PC=(0x80000174,0x80000170,0x8000016c) [17, 99, 19], WB: DASM(fff70713)
Cyc=       104 Op1=[0x00000000] Op2=[0x80000174] W[_,29= 0x00000059] [_,0x00000297]   86     PC=(0x8000016c,0x80000174,0x80000170) [13, 51, 99], WB: DASM(fe071ee3)
Cyc=       105 Op1=[0x00000059] Op2=[0xffffffff] W[_, 5= 0x80000174] [_,0xfff70713]   87     PC=(0x80000170,0x8000016c,0x80000174) [63, 19, 51], WB: DASM(00004033)
Cyc=       106 Op1=[0x00000058] Op2=[0x00000000] W[W,14= 0x00000058] [_,0xfe071ee3]   87   B PC=(0x80000174,0x80000170,0x8000016c) [17, 99, 19], WB: DASM(fff70713)
Cyc=       107 Op1=[0x00000000] Op2=[0x80000174] W[_,29= 0x00000058] [_,0x00000297]   88     PC=(0x8000016c,0x80000174,0x80000170) [13, 51, 99], WB: DASM(fe071ee3)
Cyc=       108 Op1=[0x00000058] Op2=[0xffffffff] W[_, 5= 0x80000174] [_,0xfff70713]   89     PC=(0x80000170,0x8000016c,0x80000174) [63, 19, 51], WB: DASM(00004033)
Cyc=       109 Op1=[0x00000057] Op2=[0x00000000] W[W,14= 0x00000057] [_,0xfe071ee3]   89   B PC=(0x80000174,0x80000170,0x8000016c) [17, 99, 19], WB: DASM(fff70713)
Cyc=       110 Op1=[0x00000000] Op2=[0x80000174] W[_,29= 0x00000057] [_,0x00000297]   90     PC=(0x8000016c,0x80000174,0x80000170) [13, 51, 99], WB: DASM(fe071ee3)
Cyc=       111 Op1=[0x00000057] Op2=[0xffffffff] W[_, 5= 0x80000174] [_,0xfff70713]   91     PC=(0x80000170,0x8000016c,0x80000174) [63, 19, 51], WB: DASM(00004033)
Cyc=       112 Op1=[0x00000056] Op2=[0x00000000] W[W,14= 0x00000056] [_,0xfe071ee3]   91   B PC=(0x80000174,0x80000170,0x8000016c) [17, 99, 19], WB: DASM(fff70713)
Cyc=       113 Op1=[0x00000000] Op2=[0x80000174] W[_,29= 0x00000056] [_,0x00000297]   92     PC=(0x8000016c,0x80000174,0x80000170) [13, 51, 99], WB: DASM(fe071ee3)
Cyc=       114 Op1=[0x00000056] Op2=[0xffffffff] W[_, 5= 0x80000174] [_,0xfff70713]   93     PC=(0x80000170,0x8000016c,0x80000174) [63, 19, 51], WB: DASM(00004033)
Cyc=       115 Op1=[0x00000055] Op2=[0x00000000] W[W,14= 0x00000055] [_,0xfe071ee3]   93   B PC=(0x80000174,0x80000170,0x8000016c) [17, 99, 19], WB: DASM(fff70713)
Cyc=       116 Op1=[0x00000000] Op2=[0x80000174] W[_,29= 0x00000055] [_,0x00000297]   94     PC=(0x8000016c,0x80000174,0x80000170) [13, 51, 99], WB: DASM(fe071ee3)
Cyc=       117 Op1=[0x00000055] Op2=[0xffffffff] W[_, 5= 0x80000174] [_,0xfff70713]   95     PC=(0x80000170,0x8000016c,0x80000174) [63, 19, 51], WB: DASM(00004033)
Cyc=       118 Op1=[0x00000054] Op2=[0x00000000] W[W,14= 0x00000054] [_,0xfe071ee3]   95   B PC=(0x80000174,0x80000170,0x8000016c) [17, 99, 19], WB: DASM(fff70713)
Cyc=       119 Op1=[0x00000000] Op2=[0x80000174] W[_,29= 0x00000054] [_,0x00000297]   96     PC=(0x8000016c,0x80000174,0x80000170) [13, 51, 99], WB: DASM(fe071ee3)
Cyc=       120 Op1=[0x00000054] Op2=[0xffffffff] W[_, 5= 0x80000174] [_,0xfff70713]   97     PC=(0x80000170,0x8000016c,0x80000174) [63, 19, 51], WB: DASM(00004033)
Cyc=       121 Op1=[0x00000053] Op2=[0x00000000] W[W,14= 0x00000053] [_,0xfe071ee3]   97   B PC=(0x80000174,0x80000170,0x8000016c) [17, 99, 19], WB: DASM(fff70713)
Cyc=       122 Op1=[0x00000000] Op2=[0x80000174] W[_,29= 0x00000053] [_,0x00000297]   98     PC=(0x8000016c,0x80000174,0x80000170) [13, 51, 99], WB: DASM(fe071ee3)
Cyc=       123 Op1=[0x00000053] Op2=[0xffffffff] W[_, 5= 0x80000174] [_,0xfff70713]   99     PC=(0x80000170,0x8000016c,0x80000174) [63, 19, 51], WB: DASM(00004033)
Cyc=       124 Op1=[0x00000052] Op2=[0x00000000] W[W,14= 0x00000052] [_,0xfe071ee3]   99   B PC=(0x80000174,0x80000170,0x8000016c) [17, 99, 19], WB: DASM(fff70713)
Cyc=       125 Op1=[0x00000000] Op2=[0x80000174] W[_,29= 0x00000052] [_,0x00000297]  100     PC=(0x8000016c,0x80000174,0x80000170) [13, 51, 99], WB: DASM(fe071ee3)
Cyc=       126 Op1=[0x00000052] Op2=[0xffffffff] W[_, 5= 0x80000174] [_,0xfff70713]  101     PC=(0x80000170,0x8000016c,0x80000174) [63, 19, 51], WB: DASM(00004033)
Cyc=       127 Op1=[0x00000051] Op2=[0x00000000] W[W,14= 0x00000051] [_,0xfe071ee3]  101   B PC=(0x80000174,0x80000170,0x8000016c) [17, 99, 19], WB: DASM(fff70713)
Cyc=       128 Op1=[0x00000000] Op2=[0x80000174] W[_,29= 0x00000051] [_,0x00000297]  102     PC=(0x8000016c,0x80000174,0x80000170) [13, 51, 99], WB: DASM(fe071ee3)
Cyc=       129 Op1=[0x00000051] Op2=[0xffffffff] W[_, 5= 0x80000174] [_,0xfff70713]  103     PC=(0x80000170,0x8000016c,0x80000174) [63, 19, 51], WB: DASM(00004033)
Cyc=       130 Op1=[0x00000050] Op2=[0x00000000] W[W,14= 0x00000050] [_,0xfe071ee3]  103   B PC=(0x80000174,0x80000170,0x8000016c) [17, 99, 19], WB: DASM(fff70713)
Cyc=       131 Op1=[0x00000000] Op2=[0x80000174] W[_,29= 0x00000050] [_,0x00000297]  104     PC=(0x8000016c,0x80000174,0x80000170) [13, 51, 99], WB: DASM(fe071ee3)
Cyc=       132 Op1=[0x00000050] Op2=[0xffffffff] W[_, 5= 0x80000174] [_,0xfff70713]  105     PC=(0x80000170,0x8000016c,0x80000174) [63, 19, 51], WB: DASM(00004033)
Cyc=       133 Op1=[0x0000004f] Op2=[0x00000000] W[W,14= 0x0000004f] [_,0xfe071ee3]  105   B PC=(0x80000174,0x80000170,0x8000016c) [17, 99, 19], WB: DASM(fff70713)
Cyc=       134 Op1=[0x00000000] Op2=[0x80000174] W[_,29= 0x0000004f] [_,0x00000297]  106     PC=(0x8000016c,0x80000174,0x80000170) [13, 51, 99], WB: DASM(fe071ee3)
Cyc=       135 Op1=[0x0000004f] Op2=[0xffffffff] W[_, 5= 0x80000174] [_,0xfff70713]  107     PC=(0x80000170,0x8000016c,0x80000174) [63, 19, 51], WB: DASM(00004033)
Cyc=       136 Op1=[0x0000004e] Op2=[0x00000000] W[W,14= 0x0000004e] [_,0xfe071ee3]  107   B PC=(0x80000174,0x80000170,0x8000016c) [17, 99, 19], WB: DASM(fff70713)
Cyc=       137 Op1=[0x00000000] Op2=[0x80000174] W[_,29= 0x0000004e] [_,0x00000297]  108     PC=(0x8000016c,0x80000174,0x80000170) [13, 51, 99], WB: DASM(fe071ee3)
Cyc=       138 Op1=[0x0000004e] Op2=[0xffffffff] W[_, 5= 0x80000174] [_,0xfff70713]  109     PC=(0x80000170,0x8000016c,0x80000174) [63, 19, 51], WB: DASM(00004033)
Cyc=       139 Op1=[0x0000004d] Op2=[0x00000000] W[W,14= 0x0000004d] [_,0xfe071ee3]  109   B PC=(0x80000174,0x80000170,0x8000016c) [17, 99, 19], WB: DASM(fff70713)
Cyc=       140 Op1=[0x00000000] Op2=[0x80000174] W[_,29= 0x0000004d] [_,0x00000297]  110     PC=(0x8000016c,0x80000174,0x80000170) [13, 51, 99], WB: DASM(fe071ee3)
Cyc=       141 Op1=[0x0000004d] Op2=[0xffffffff] W[_, 5= 0x80000174] [_,0xfff70713]  111     PC=(0x80000170,0x8000016c,0x80000174) [63, 19, 51], WB: DASM(00004033)
Cyc=       142 Op1=[0x0000004c] Op2=[0x00000000] W[W,14= 0x0000004c] [_,0xfe071ee3]  111   B PC=(0x80000174,0x80000170,0x8000016c) [17, 99, 19], WB: DASM(fff70713)
Cyc=       143 Op1=[0x00000000] Op2=[0x80000174] W[_,29= 0x0000004c] [_,0x00000297]  112     PC=(0x8000016c,0x80000174,0x80000170) [13, 51, 99], WB: DASM(fe071ee3)
Cyc=       144 Op1=[0x0000004c] Op2=[0xffffffff] W[_, 5= 0x80000174] [_,0xfff70713]  113     PC=(0x80000170,0x8000016c,0x80000174) [63, 19, 51], WB: DASM(00004033)
Cyc=       145 Op1=[0x0000004b] Op2=[0x00000000] W[W,14= 0x0000004b] [_,0xfe071ee3]  113   B PC=(0x80000174,0x80000170,0x8000016c) [17, 99, 19], WB: DASM(fff70713)
Cyc=       146 Op1=[0x00000000] Op2=[0x80000174] W[_,29= 0x0000004b] [_,0x00000297]  114     PC=(0x8000016c,0x80000174,0x80000170) [13, 51, 99], WB: DASM(fe071ee3)
Cyc=       147 Op1=[0x0000004b] Op2=[0xffffffff] W[_, 5= 0x80000174] [_,0xfff70713]  115     PC=(0x80000170,0x8000016c,0x80000174) [63, 19, 51], WB: DASM(00004033)
Cyc=       148 Op1=[0x0000004a] Op2=[0x00000000] W[W,14= 0x0000004a] [_,0xfe071ee3]  115   B PC=(0x80000174,0x80000170,0x8000016c) [17, 99, 19], WB: DASM(fff70713)
Cyc=       149 Op1=[0x00000000] Op2=[0x80000174] W[_,29= 0x0000004a] [_,0x00000297]  116     PC=(0x8000016c,0x80000174,0x80000170) [13, 51, 99], WB: DASM(fe071ee3)
Cyc=       150 Op1=[0x0000004a] Op2=[0xffffffff] W[_, 5= 0x80000174] [_,0xfff70713]  117     PC=(0x80000170,0x8000016c,0x80000174) [63, 19, 51], WB: DASM(00004033)
Cyc=       151 Op1=[0x00000049] Op2=[0x00000000] W[W,14= 0x00000049] [_,0xfe071ee3]  117   B PC=(0x80000174,0x80000170,0x8000016c) [17, 99, 19], WB: DASM(fff70713)
Cyc=       152 Op1=[0x00000000] Op2=[0x80000174] W[_,29= 0x00000049] [_,0x00000297]  118     PC=(0x8000016c,0x80000174,0x80000170) [13, 51, 99], WB: DASM(fe071ee3)
Cyc=       153 Op1=[0x00000049] Op2=[0xffffffff] W[_, 5= 0x80000174] [_,0xfff70713]  119     PC=(0x80000170,0x8000016c,0x80000174) [63, 19, 51], WB: DASM(00004033)
Cyc=       154 Op1=[0x00000048] Op2=[0x00000000] W[W,14= 0x00000048] [_,0xfe071ee3]  119   B PC=(0x80000174,0x80000170,0x8000016c) [17, 99, 19], WB: DASM(fff70713)
Cyc=       155 Op1=[0x00000000] Op2=[0x80000174] W[_,29= 0x00000048] [_,0x00000297]  120     PC=(0x8000016c,0x80000174,0x80000170) [13, 51, 99], WB: DASM(fe071ee3)
Cyc=       156 Op1=[0x00000048] Op2=[0xffffffff] W[_, 5= 0x80000174] [_,0xfff70713]  121     PC=(0x80000170,0x8000016c,0x80000174) [63, 19, 51], WB: DASM(00004033)
Cyc=       157 Op1=[0x00000047] Op2=[0x00000000] W[W,14= 0x00000047] [_,0xfe071ee3]  121   B PC=(0x80000174,0x80000170,0x8000016c) [17, 99, 19], WB: DASM(fff70713)
Cyc=       158 Op1=[0x00000000] Op2=[0x80000174] W[_,29= 0x00000047] [_,0x00000297]  122     PC=(0x8000016c,0x80000174,0x80000170) [13, 51, 99], WB: DASM(fe071ee3)
Cyc=       159 Op1=[0x00000047] Op2=[0xffffffff] W[_, 5= 0x80000174] [_,0xfff70713]  123     PC=(0x80000170,0x8000016c,0x80000174) [63, 19, 51], WB: DASM(00004033)
Cyc=       160 Op1=[0x00000046] Op2=[0x00000000] W[W,14= 0x00000046] [_,0xfe071ee3]  123   B PC=(0x80000174,0x80000170,0x8000016c) [17, 99, 19], WB: DASM(fff70713)
Cyc=       161 Op1=[0x00000000] Op2=[0x80000174] W[_,29= 0x00000046] [_,0x00000297]  124     PC=(0x8000016c,0x80000174,0x80000170) [13, 51, 99], WB: DASM(fe071ee3)
Cyc=       162 Op1=[0x00000046] Op2=[0xffffffff] W[_, 5= 0x80000174] [_,0xfff70713]  125     PC=(0x80000170,0x8000016c,0x80000174) [63, 19, 51], WB: DASM(00004033)
Cyc=       163 Op1=[0x00000045] Op2=[0x00000000] W[W,14= 0x00000045] [_,0xfe071ee3]  125   B PC=(0x80000174,0x80000170,0x8000016c) [17, 99, 19], WB: DASM(fff70713)
Cyc=       164 Op1=[0x00000000] Op2=[0x80000174] W[_,29= 0x00000045] [_,0x00000297]  126     PC=(0x8000016c,0x80000174,0x80000170) [13, 51, 99], WB: DASM(fe071ee3)
Cyc=       165 Op1=[0x00000045] Op2=[0xffffffff] W[_, 5= 0x80000174] [_,0xfff70713]  127     PC=(0x80000170,0x8000016c,0x80000174) [63, 19, 51], WB: DASM(00004033)
Cyc=       166 Op1=[0x00000044] Op2=[0x00000000] W[W,14= 0x00000044] [_,0xfe071ee3]  127   B PC=(0x80000174,0x80000170,0x8000016c) [17, 99, 19], WB: DASM(fff70713)
Cyc=       167 Op1=[0x00000000] Op2=[0x80000174] W[_,29= 0x00000044] [_,0x00000297]  128     PC=(0x8000016c,0x80000174,0x80000170) [13, 51, 99], WB: DASM(fe071ee3)
Cyc=       168 Op1=[0x00000044] Op2=[0xffffffff] W[_, 5= 0x80000174] [_,0xfff70713]  129     PC=(0x80000170,0x8000016c,0x80000174) [63, 19, 51], WB: DASM(00004033)
Cyc=       169 Op1=[0x00000043] Op2=[0x00000000] W[W,14= 0x00000043] [_,0xfe071ee3]  129   B PC=(0x80000174,0x80000170,0x8000016c) [17, 99, 19], WB: DASM(fff70713)
Cyc=       170 Op1=[0x00000000] Op2=[0x80000174] W[_,29= 0x00000043] [_,0x00000297]  130     PC=(0x8000016c,0x80000174,0x80000170) [13, 51, 99], WB: DASM(fe071ee3)
Cyc=       171 Op1=[0x00000043] Op2=[0xffffffff] W[_, 5= 0x80000174] [_,0xfff70713]  131     PC=(0x80000170,0x8000016c,0x80000174) [63, 19, 51], WB: DASM(00004033)
Cyc=       172 Op1=[0x00000042] Op2=[0x00000000] W[W,14= 0x00000042] [_,0xfe071ee3]  131   B PC=(0x80000174,0x80000170,0x8000016c) [17, 99, 19], WB: DASM(fff70713)
Cyc=       173 Op1=[0x00000000] Op2=[0x80000174] W[_,29= 0x00000042] [_,0x00000297]  132     PC=(0x8000016c,0x80000174,0x80000170) [13, 51, 99], WB: DASM(fe071ee3)
Cyc=       174 Op1=[0x00000042] Op2=[0xffffffff] W[_, 5= 0x80000174] [_,0xfff70713]  133     PC=(0x80000170,0x8000016c,0x80000174) [63, 19, 51], WB: DASM(00004033)
Cyc=       175 Op1=[0x00000041] Op2=[0x00000000] W[W,14= 0x00000041] [_,0xfe071ee3]  133   B PC=(0x80000174,0x80000170,0x8000016c) [17, 99, 19], WB: DASM(fff70713)
Cyc=       176 Op1=[0x00000000] Op2=[0x80000174] W[_,29= 0x00000041] [_,0x00000297]  134     PC=(0x8000016c,0x80000174,0x80000170) [13, 51, 99], WB: DASM(fe071ee3)
Cyc=       177 Op1=[0x00000041] Op2=[0xffffffff] W[_, 5= 0x80000174] [_,0xfff70713]  135     PC=(0x80000170,0x8000016c,0x80000174) [63, 19, 51], WB: DASM(00004033)
Cyc=       178 Op1=[0x00000040] Op2=[0x00000000] W[W,14= 0x00000040] [_,0xfe071ee3]  135   B PC=(0x80000174,0x80000170,0x8000016c) [17, 99, 19], WB: DASM(fff70713)
Cyc=       179 Op1=[0x00000000] Op2=[0x80000174] W[_,29= 0x00000040] [_,0x00000297]  136     PC=(0x8000016c,0x80000174,0x80000170) [13, 51, 99], WB: DASM(fe071ee3)
Cyc=       180 Op1=[0x00000040] Op2=[0xffffffff] W[_, 5= 0x80000174] [_,0xfff70713]  137     PC=(0x80000170,0x8000016c,0x80000174) [63, 19, 51], WB: DASM(00004033)
Cyc=       181 Op1=[0x0000003f] Op2=[0x00000000] W[W,14= 0x0000003f] [_,0xfe071ee3]  137   B PC=(0x80000174,0x80000170,0x8000016c) [17, 99, 19], WB: DASM(fff70713)
Cyc=       182 Op1=[0x00000000] Op2=[0x80000174] W[_,29= 0x0000003f] [_,0x00000297]  138     PC=(0x8000016c,0x80000174,0x80000170) [13, 51, 99], WB: DASM(fe071ee3)
Cyc=       183 Op1=[0x0000003f] Op2=[0xffffffff] W[_, 5= 0x80000174] [_,0xfff70713]  139     PC=(0x80000170,0x8000016c,0x80000174) [63, 19, 51], WB: DASM(00004033)
Cyc=       184 Op1=[0x0000003e] Op2=[0x00000000] W[W,14= 0x0000003e] [_,0xfe071ee3]  139   B PC=(0x80000174,0x80000170,0x8000016c) [17, 99, 19], WB: DASM(fff70713)
Cyc=       185 Op1=[0x00000000] Op2=[0x80000174] W[_,29= 0x0000003e] [_,0x00000297]  140     PC=(0x8000016c,0x80000174,0x80000170) [13, 51, 99], WB: DASM(fe071ee3)
Cyc=       186 Op1=[0x0000003e] Op2=[0xffffffff] W[_, 5= 0x80000174] [_,0xfff70713]  141     PC=(0x80000170,0x8000016c,0x80000174) [63, 19, 51], WB: DASM(00004033)
Cyc=       187 Op1=[0x0000003d] Op2=[0x00000000] W[W,14= 0x0000003d] [_,0xfe071ee3]  141   B PC=(0x80000174,0x80000170,0x8000016c) [17, 99, 19], WB: DASM(fff70713)
Cyc=       188 Op1=[0x00000000] Op2=[0x80000174] W[_,29= 0x0000003d] [_,0x00000297]  142     PC=(0x8000016c,0x80000174,0x80000170) [13, 51, 99], WB: DASM(fe071ee3)
Cyc=       189 Op1=[0x0000003d] Op2=[0xffffffff] W[_, 5= 0x80000174] [_,0xfff70713]  143     PC=(0x80000170,0x8000016c,0x80000174) [63, 19, 51], WB: DASM(00004033)
Cyc=       190 Op1=[0x0000003c] Op2=[0x00000000] W[W,14= 0x0000003c] [_,0xfe071ee3]  143   B PC=(0x80000174,0x80000170,0x8000016c) [17, 99, 19], WB: DASM(fff70713)
Cyc=       191 Op1=[0x00000000] Op2=[0x80000174] W[_,29= 0x0000003c] [_,0x00000297]  144     PC=(0x8000016c,0x80000174,0x80000170) [13, 51, 99], WB: DASM(fe071ee3)
Cyc=       192 Op1=[0x0000003c] Op2=[0xffffffff] W[_, 5= 0x80000174] [_,0xfff70713]  145     PC=(0x80000170,0x8000016c,0x80000174) [63, 19, 51], WB: DASM(00004033)
Cyc=       193 Op1=[0x0000003b] Op2=[0x00000000] W[W,14= 0x0000003b] [_,0xfe071ee3]  145   B PC=(0x80000174,0x80000170,0x8000016c) [17, 99, 19], WB: DASM(fff70713)
Cyc=       194 Op1=[0x00000000] Op2=[0x80000174] W[_,29= 0x0000003b] [_,0x00000297]  146     PC=(0x8000016c,0x80000174,0x80000170) [13, 51, 99], WB: DASM(fe071ee3)
Cyc=       195 Op1=[0x0000003b] Op2=[0xffffffff] W[_, 5= 0x80000174] [_,0xfff70713]  147     PC=(0x80000170,0x8000016c,0x80000174) [63, 19, 51], WB: DASM(00004033)
Cyc=       196 Op1=[0x0000003a] Op2=[0x00000000] W[W,14= 0x0000003a] [_,0xfe071ee3]  147   B PC=(0x80000174,0x80000170,0x8000016c) [17, 99, 19], WB: DASM(fff70713)
Cyc=       197 Op1=[0x00000000] Op2=[0x80000174] W[_,29= 0x0000003a] [_,0x00000297]  148     PC=(0x8000016c,0x80000174,0x80000170) [13, 51, 99], WB: DASM(fe071ee3)
Cyc=       198 Op1=[0x0000003a] Op2=[0xffffffff] W[_, 5= 0x80000174] [_,0xfff70713]  149     PC=(0x80000170,0x8000016c,0x80000174) [63, 19, 51], WB: DASM(00004033)
Cyc=       199 Op1=[0x00000039] Op2=[0x00000000] W[W,14= 0x00000039] [_,0xfe071ee3]  149   B PC=(0x80000174,0x80000170,0x8000016c) [17, 99, 19], WB: DASM(fff70713)
Cyc=       200 Op1=[0x00000000] Op2=[0x80000174] W[_,29= 0x00000039] [_,0x00000297]  150     PC=(0x8000016c,0x80000174,0x80000170) [13, 51, 99], WB: DASM(fe071ee3)
Cyc=       201 Op1=[0x00000039] Op2=[0xffffffff] W[_, 5= 0x80000174] [_,0xfff70713]  151     PC=(0x80000170,0x8000016c,0x80000174) [63, 19, 51], WB: DASM(00004033)
Cyc=       202 Op1=[0x00000038] Op2=[0x00000000] W[W,14= 0x00000038] [_,0xfe071ee3]  151   B PC=(0x80000174,0x80000170,0x8000016c) [17, 99, 19], WB: DASM(fff70713)
Cyc=       203 Op1=[0x00000000] Op2=[0x80000174] W[_,29= 0x00000038] [_,0x00000297]  152     PC=(0x8000016c,0x80000174,0x80000170) [13, 51, 99], WB: DASM(fe071ee3)
Cyc=       204 Op1=[0x00000038] Op2=[0xffffffff] W[_, 5= 0x80000174] [_,0xfff70713]  153     PC=(0x80000170,0x8000016c,0x80000174) [63, 19, 51], WB: DASM(00004033)
Cyc=       205 Op1=[0x00000037] Op2=[0x00000000] W[W,14= 0x00000037] [_,0xfe071ee3]  153   B PC=(0x80000174,0x80000170,0x8000016c) [17, 99, 19], WB: DASM(fff70713)
Cyc=       206 Op1=[0x00000000] Op2=[0x80000174] W[_,29= 0x00000037] [_,0x00000297]  154     PC=(0x8000016c,0x80000174,0x80000170) [13, 51, 99], WB: DASM(fe071ee3)
Cyc=       207 Op1=[0x00000037] Op2=[0xffffffff] W[_, 5= 0x80000174] [_,0xfff70713]  155     PC=(0x80000170,0x8000016c,0x80000174) [63, 19, 51], WB: DASM(00004033)
Cyc=       208 Op1=[0x00000036] Op2=[0x00000000] W[W,14= 0x00000036] [_,0xfe071ee3]  155   B PC=(0x80000174,0x80000170,0x8000016c) [17, 99, 19], WB: DASM(fff70713)
Cyc=       209 Op1=[0x00000000] Op2=[0x80000174] W[_,29= 0x00000036] [_,0x00000297]  156     PC=(0x8000016c,0x80000174,0x80000170) [13, 51, 99], WB: DASM(fe071ee3)
Cyc=       210 Op1=[0x00000036] Op2=[0xffffffff] W[_, 5= 0x80000174] [_,0xfff70713]  157     PC=(0x80000170,0x8000016c,0x80000174) [63, 19, 51], WB: DASM(00004033)
Cyc=       211 Op1=[0x00000035] Op2=[0x00000000] W[W,14= 0x00000035] [_,0xfe071ee3]  157   B PC=(0x80000174,0x80000170,0x8000016c) [17, 99, 19], WB: DASM(fff70713)
Cyc=       212 Op1=[0x00000000] Op2=[0x80000174] W[_,29= 0x00000035] [_,0x00000297]  158     PC=(0x8000016c,0x80000174,0x80000170) [13, 51, 99], WB: DASM(fe071ee3)
Cyc=       213 Op1=[0x00000035] Op2=[0xffffffff] W[_, 5= 0x80000174] [_,0xfff70713]  159     PC=(0x80000170,0x8000016c,0x80000174) [63, 19, 51], WB: DASM(00004033)
Cyc=       214 Op1=[0x00000034] Op2=[0x00000000] W[W,14= 0x00000034] [_,0xfe071ee3]  159   B PC=(0x80000174,0x80000170,0x8000016c) [17, 99, 19], WB: DASM(fff70713)
Cyc=       215 Op1=[0x00000000] Op2=[0x80000174] W[_,29= 0x00000034] [_,0x00000297]  160     PC=(0x8000016c,0x80000174,0x80000170) [13, 51, 99], WB: DASM(fe071ee3)
Cyc=       216 Op1=[0x00000034] Op2=[0xffffffff] W[_, 5= 0x80000174] [_,0xfff70713]  161     PC=(0x80000170,0x8000016c,0x80000174) [63, 19, 51], WB: DASM(00004033)
Cyc=       217 Op1=[0x00000033] Op2=[0x00000000] W[W,14= 0x00000033] [_,0xfe071ee3]  161   B PC=(0x80000174,0x80000170,0x8000016c) [17, 99, 19], WB: DASM(fff70713)
Cyc=       218 Op1=[0x00000000] Op2=[0x80000174] W[_,29= 0x00000033] [_,0x00000297]  162     PC=(0x8000016c,0x80000174,0x80000170) [13, 51, 99], WB: DASM(fe071ee3)
Cyc=       219 Op1=[0x00000033] Op2=[0xffffffff] W[_, 5= 0x80000174] [_,0xfff70713]  163     PC=(0x80000170,0x8000016c,0x80000174) [63, 19, 51], WB: DASM(00004033)
Cyc=       220 Op1=[0x00000032] Op2=[0x00000000] W[W,14= 0x00000032] [_,0xfe071ee3]  163   B PC=(0x80000174,0x80000170,0x8000016c) [17, 99, 19], WB: DASM(fff70713)
Cyc=       221 Op1=[0x00000000] Op2=[0x80000174] W[_,29= 0x00000032] [_,0x00000297]  164     PC=(0x8000016c,0x80000174,0x80000170) [13, 51, 99], WB: DASM(fe071ee3)
Cyc=       222 Op1=[0x00000032] Op2=[0xffffffff] W[_, 5= 0x80000174] [_,0xfff70713]  165     PC=(0x80000170,0x8000016c,0x80000174) [63, 19, 51], WB: DASM(00004033)
Cyc=       223 Op1=[0x00000031] Op2=[0x00000000] W[W,14= 0x00000031] [_,0xfe071ee3]  165   B PC=(0x80000174,0x80000170,0x8000016c) [17, 99, 19], WB: DASM(fff70713)
Cyc=       224 Op1=[0x00000000] Op2=[0x80000174] W[_,29= 0x00000031] [_,0x00000297]  166     PC=(0x8000016c,0x80000174,0x80000170) [13, 51, 99], WB: DASM(fe071ee3)
Cyc=       225 Op1=[0x00000031] Op2=[0xffffffff] W[_, 5= 0x80000174] [_,0xfff70713]  167     PC=(0x80000170,0x8000016c,0x80000174) [63, 19, 51], WB: DASM(00004033)
Cyc=       226 Op1=[0x00000030] Op2=[0x00000000] W[W,14= 0x00000030] [_,0xfe071ee3]  167   B PC=(0x80000174,0x80000170,0x8000016c) [17, 99, 19], WB: DASM(fff70713)
Cyc=       227 Op1=[0x00000000] Op2=[0x80000174] W[_,29= 0x00000030] [_,0x00000297]  168     PC=(0x8000016c,0x80000174,0x80000170) [13, 51, 99], WB: DASM(fe071ee3)
Cyc=       228 Op1=[0x00000030] Op2=[0xffffffff] W[_, 5= 0x80000174] [_,0xfff70713]  169     PC=(0x80000170,0x8000016c,0x80000174) [63, 19, 51], WB: DASM(00004033)
Cyc=       229 Op1=[0x0000002f] Op2=[0x00000000] W[W,14= 0x0000002f] [_,0xfe071ee3]  169   B PC=(0x80000174,0x80000170,0x8000016c) [17, 99, 19], WB: DASM(fff70713)
Cyc=       230 Op1=[0x00000000] Op2=[0x80000174] W[_,29= 0x0000002f] [_,0x00000297]  170     PC=(0x8000016c,0x80000174,0x80000170) [13, 51, 99], WB: DASM(fe071ee3)
Cyc=       231 Op1=[0x0000002f] Op2=[0xffffffff] W[_, 5= 0x80000174] [_,0xfff70713]  171     PC=(0x80000170,0x8000016c,0x80000174) [63, 19, 51], WB: DASM(00004033)
Cyc=       232 Op1=[0x0000002e] Op2=[0x00000000] W[W,14= 0x0000002e] [_,0xfe071ee3]  171   B PC=(0x80000174,0x80000170,0x8000016c) [17, 99, 19], WB: DASM(fff70713)
Cyc=       233 Op1=[0x00000000] Op2=[0x80000174] W[_,29= 0x0000002e] [_,0x00000297]  172     PC=(0x8000016c,0x80000174,0x80000170) [13, 51, 99], WB: DASM(fe071ee3)
Cyc=       234 Op1=[0x0000002e] Op2=[0xffffffff] W[_, 5= 0x80000174] [_,0xfff70713]  173     PC=(0x80000170,0x8000016c,0x80000174) [63, 19, 51], WB: DASM(00004033)
Cyc=       235 Op1=[0x0000002d] Op2=[0x00000000] W[W,14= 0x0000002d] [_,0xfe071ee3]  173   B PC=(0x80000174,0x80000170,0x8000016c) [17, 99, 19], WB: DASM(fff70713)
Cyc=       236 Op1=[0x00000000] Op2=[0x80000174] W[_,29= 0x0000002d] [_,0x00000297]  174     PC=(0x8000016c,0x80000174,0x80000170) [13, 51, 99], WB: DASM(fe071ee3)
Cyc=       237 Op1=[0x0000002d] Op2=[0xffffffff] W[_, 5= 0x80000174] [_,0xfff70713]  175     PC=(0x80000170,0x8000016c,0x80000174) [63, 19, 51], WB: DASM(00004033)
Cyc=       238 Op1=[0x0000002c] Op2=[0x00000000] W[W,14= 0x0000002c] [_,0xfe071ee3]  175   B PC=(0x80000174,0x80000170,0x8000016c) [17, 99, 19], WB: DASM(fff70713)
Cyc=       239 Op1=[0x00000000] Op2=[0x80000174] W[_,29= 0x0000002c] [_,0x00000297]  176     PC=(0x8000016c,0x80000174,0x80000170) [13, 51, 99], WB: DASM(fe071ee3)
Cyc=       240 Op1=[0x0000002c] Op2=[0xffffffff] W[_, 5= 0x80000174] [_,0xfff70713]  177     PC=(0x80000170,0x8000016c,0x80000174) [63, 19, 51], WB: DASM(00004033)
Cyc=       241 Op1=[0x0000002b] Op2=[0x00000000] W[W,14= 0x0000002b] [_,0xfe071ee3]  177   B PC=(0x80000174,0x80000170,0x8000016c) [17, 99, 19], WB: DASM(fff70713)
Cyc=       242 Op1=[0x00000000] Op2=[0x80000174] W[_,29= 0x0000002b] [_,0x00000297]  178     PC=(0x8000016c,0x80000174,0x80000170) [13, 51, 99], WB: DASM(fe071ee3)
Cyc=       243 Op1=[0x0000002b] Op2=[0xffffffff] W[_, 5= 0x80000174] [_,0xfff70713]  179     PC=(0x80000170,0x8000016c,0x80000174) [63, 19, 51], WB: DASM(00004033)
Cyc=       244 Op1=[0x0000002a] Op2=[0x00000000] W[W,14= 0x0000002a] [_,0xfe071ee3]  179   B PC=(0x80000174,0x80000170,0x8000016c) [17, 99, 19], WB: DASM(fff70713)
Cyc=       245 Op1=[0x00000000] Op2=[0x80000174] W[_,29= 0x0000002a] [_,0x00000297]  180     PC=(0x8000016c,0x80000174,0x80000170) [13, 51, 99], WB: DASM(fe071ee3)
Cyc=       246 Op1=[0x0000002a] Op2=[0xffffffff] W[_, 5= 0x80000174] [_,0xfff70713]  181     PC=(0x80000170,0x8000016c,0x80000174) [63, 19, 51], WB: DASM(00004033)
Cyc=       247 Op1=[0x00000029] Op2=[0x00000000] W[W,14= 0x00000029] [_,0xfe071ee3]  181   B PC=(0x80000174,0x80000170,0x8000016c) [17, 99, 19], WB: DASM(fff70713)
Cyc=       248 Op1=[0x00000000] Op2=[0x80000174] W[_,29= 0x00000029] [_,0x00000297]  182     PC=(0x8000016c,0x80000174,0x80000170) [13, 51, 99], WB: DASM(fe071ee3)
Cyc=       249 Op1=[0x00000029] Op2=[0xffffffff] W[_, 5= 0x80000174] [_,0xfff70713]  183     PC=(0x80000170,0x8000016c,0x80000174) [63, 19, 51], WB: DASM(00004033)
Cyc=       250 Op1=[0x00000028] Op2=[0x00000000] W[W,14= 0x00000028] [_,0xfe071ee3]  183   B PC=(0x80000174,0x80000170,0x8000016c) [17, 99, 19], WB: DASM(fff70713)
Cyc=       251 Op1=[0x00000000] Op2=[0x80000174] W[_,29= 0x00000028] [_,0x00000297]  184     PC=(0x8000016c,0x80000174,0x80000170) [13, 51, 99], WB: DASM(fe071ee3)
Cyc=       252 Op1=[0x00000028] Op2=[0xffffffff] W[_, 5= 0x80000174] [_,0xfff70713]  185     PC=(0x80000170,0x8000016c,0x80000174) [63, 19, 51], WB: DASM(00004033)
Cyc=       253 Op1=[0x00000027] Op2=[0x00000000] W[W,14= 0x00000027] [_,0xfe071ee3]  185   B PC=(0x80000174,0x80000170,0x8000016c) [17, 99, 19], WB: DASM(fff70713)
Cyc=       254 Op1=[0x00000000] Op2=[0x80000174] W[_,29= 0x00000027] [_,0x00000297]  186     PC=(0x8000016c,0x80000174,0x80000170) [13, 51, 99], WB: DASM(fe071ee3)
Cyc=       255 Op1=[0x00000027] Op2=[0xffffffff] W[_, 5= 0x80000174] [_,0xfff70713]  187     PC=(0x80000170,0x8000016c,0x80000174) [63, 19, 51], WB: DASM(00004033)
Cyc=       256 Op1=[0x00000026] Op2=[0x00000000] W[W,14= 0x00000026] [_,0xfe071ee3]  187   B PC=(0x80000174,0x80000170,0x8000016c) [17, 99, 19], WB: DASM(fff70713)
Cyc=       257 Op1=[0x00000000] Op2=[0x80000174] W[_,29= 0x00000026] [_,0x00000297]  188     PC=(0x8000016c,0x80000174,0x80000170) [13, 51, 99], WB: DASM(fe071ee3)
Cyc=       258 Op1=[0x00000026] Op2=[0xffffffff] W[_, 5= 0x80000174] [_,0xfff70713]  189     PC=(0x80000170,0x8000016c,0x80000174) [63, 19, 51], WB: DASM(00004033)
Cyc=       259 Op1=[0x00000025] Op2=[0x00000000] W[W,14= 0x00000025] [_,0xfe071ee3]  189   B PC=(0x80000174,0x80000170,0x8000016c) [17, 99, 19], WB: DASM(fff70713)
Cyc=       260 Op1=[0x00000000] Op2=[0x80000174] W[_,29= 0x00000025] [_,0x00000297]  190     PC=(0x8000016c,0x80000174,0x80000170) [13, 51, 99], WB: DASM(fe071ee3)
Cyc=       261 Op1=[0x00000025] Op2=[0xffffffff] W[_, 5= 0x80000174] [_,0xfff70713]  191     PC=(0x80000170,0x8000016c,0x80000174) [63, 19, 51], WB: DASM(00004033)
Cyc=       262 Op1=[0x00000024] Op2=[0x00000000] W[W,14= 0x00000024] [_,0xfe071ee3]  191   B PC=(0x80000174,0x80000170,0x8000016c) [17, 99, 19], WB: DASM(fff70713)
Cyc=       263 Op1=[0x00000000] Op2=[0x80000174] W[_,29= 0x00000024] [_,0x00000297]  192     PC=(0x8000016c,0x80000174,0x80000170) [13, 51, 99], WB: DASM(fe071ee3)
Cyc=       264 Op1=[0x00000024] Op2=[0xffffffff] W[_, 5= 0x80000174] [_,0xfff70713]  193     PC=(0x80000170,0x8000016c,0x80000174) [63, 19, 51], WB: DASM(00004033)
Cyc=       265 Op1=[0x00000023] Op2=[0x00000000] W[W,14= 0x00000023] [_,0xfe071ee3]  193   B PC=(0x80000174,0x80000170,0x8000016c) [17, 99, 19], WB: DASM(fff70713)
Cyc=       266 Op1=[0x00000000] Op2=[0x80000174] W[_,29= 0x00000023] [_,0x00000297]  194     PC=(0x8000016c,0x80000174,0x80000170) [13, 51, 99], WB: DASM(fe071ee3)
Cyc=       267 Op1=[0x00000023] Op2=[0xffffffff] W[_, 5= 0x80000174] [_,0xfff70713]  195     PC=(0x80000170,0x8000016c,0x80000174) [63, 19, 51], WB: DASM(00004033)
Cyc=       268 Op1=[0x00000022] Op2=[0x00000000] W[W,14= 0x00000022] [_,0xfe071ee3]  195   B PC=(0x80000174,0x80000170,0x8000016c) [17, 99, 19], WB: DASM(fff70713)
Cyc=       269 Op1=[0x00000000] Op2=[0x80000174] W[_,29= 0x00000022] [_,0x00000297]  196     PC=(0x8000016c,0x80000174,0x80000170) [13, 51, 99], WB: DASM(fe071ee3)
Cyc=       270 Op1=[0x00000022] Op2=[0xffffffff] W[_, 5= 0x80000174] [_,0xfff70713]  197     PC=(0x80000170,0x8000016c,0x80000174) [63, 19, 51], WB: DASM(00004033)
Cyc=       271 Op1=[0x00000021] Op2=[0x00000000] W[W,14= 0x00000021] [_,0xfe071ee3]  197   B PC=(0x80000174,0x80000170,0x8000016c) [17, 99, 19], WB: DASM(fff70713)
Cyc=       272 Op1=[0x00000000] Op2=[0x80000174] W[_,29= 0x00000021] [_,0x00000297]  198     PC=(0x8000016c,0x80000174,0x80000170) [13, 51, 99], WB: DASM(fe071ee3)
Cyc=       273 Op1=[0x00000021] Op2=[0xffffffff] W[_, 5= 0x80000174] [_,0xfff70713]  199     PC=(0x80000170,0x8000016c,0x80000174) [63, 19, 51], WB: DASM(00004033)
Cyc=       274 Op1=[0x00000020] Op2=[0x00000000] W[W,14= 0x00000020] [_,0xfe071ee3]  199   B PC=(0x80000174,0x80000170,0x8000016c) [17, 99, 19], WB: DASM(fff70713)
Cyc=       275 Op1=[0x00000000] Op2=[0x80000174] W[_,29= 0x00000020] [_,0x00000297]  200     PC=(0x8000016c,0x80000174,0x80000170) [13, 51, 99], WB: DASM(fe071ee3)
Cyc=       276 Op1=[0x00000020] Op2=[0xffffffff] W[_, 5= 0x80000174] [_,0xfff70713]  201     PC=(0x80000170,0x8000016c,0x80000174) [63, 19, 51], WB: DASM(00004033)
Cyc=       277 Op1=[0x0000001f] Op2=[0x00000000] W[W,14= 0x0000001f] [_,0xfe071ee3]  201   B PC=(0x80000174,0x80000170,0x8000016c) [17, 99, 19], WB: DASM(fff70713)
Cyc=       278 Op1=[0x00000000] Op2=[0x80000174] W[_,29= 0x0000001f] [_,0x00000297]  202     PC=(0x8000016c,0x80000174,0x80000170) [13, 51, 99], WB: DASM(fe071ee3)
Cyc=       279 Op1=[0x0000001f] Op2=[0xffffffff] W[_, 5= 0x80000174] [_,0xfff70713]  203     PC=(0x80000170,0x8000016c,0x80000174) [63, 19, 51], WB: DASM(00004033)
Cyc=       280 Op1=[0x0000001e] Op2=[0x00000000] W[W,14= 0x0000001e] [_,0xfe071ee3]  203   B PC=(0x80000174,0x80000170,0x8000016c) [17, 99, 19], WB: DASM(fff70713)
Cyc=       281 Op1=[0x00000000] Op2=[0x80000174] W[_,29= 0x0000001e] [_,0x00000297]  204     PC=(0x8000016c,0x80000174,0x80000170) [13, 51, 99], WB: DASM(fe071ee3)
Cyc=       282 Op1=[0x0000001e] Op2=[0xffffffff] W[_, 5= 0x80000174] [_,0xfff70713]  205     PC=(0x80000170,0x8000016c,0x80000174) [63, 19, 51], WB: DASM(00004033)
Cyc=       283 Op1=[0x0000001d] Op2=[0x00000000] W[W,14= 0x0000001d] [_,0xfe071ee3]  205   B PC=(0x80000174,0x80000170,0x8000016c) [17, 99, 19], WB: DASM(fff70713)
Cyc=       284 Op1=[0x00000000] Op2=[0x80000174] W[_,29= 0x0000001d] [_,0x00000297]  206     PC=(0x8000016c,0x80000174,0x80000170) [13, 51, 99], WB: DASM(fe071ee3)
Cyc=       285 Op1=[0x0000001d] Op2=[0xffffffff] W[_, 5= 0x80000174] [_,0xfff70713]  207     PC=(0x80000170,0x8000016c,0x80000174) [63, 19, 51], WB: DASM(00004033)
Cyc=       286 Op1=[0x0000001c] Op2=[0x00000000] W[W,14= 0x0000001c] [_,0xfe071ee3]  207   B PC=(0x80000174,0x80000170,0x8000016c) [17, 99, 19], WB: DASM(fff70713)
Cyc=       287 Op1=[0x00000000] Op2=[0x80000174] W[_,29= 0x0000001c] [_,0x00000297]  208     PC=(0x8000016c,0x80000174,0x80000170) [13, 51, 99], WB: DASM(fe071ee3)
Cyc=       288 Op1=[0x0000001c] Op2=[0xffffffff] W[_, 5= 0x80000174] [_,0xfff70713]  209     PC=(0x80000170,0x8000016c,0x80000174) [63, 19, 51], WB: DASM(00004033)
Cyc=       289 Op1=[0x0000001b] Op2=[0x00000000] W[W,14= 0x0000001b] [_,0xfe071ee3]  209   B PC=(0x80000174,0x80000170,0x8000016c) [17, 99, 19], WB: DASM(fff70713)
Cyc=       290 Op1=[0x00000000] Op2=[0x80000174] W[_,29= 0x0000001b] [_,0x00000297]  210     PC=(0x8000016c,0x80000174,0x80000170) [13, 51, 99], WB: DASM(fe071ee3)
Cyc=       291 Op1=[0x0000001b] Op2=[0xffffffff] W[_, 5= 0x80000174] [_,0xfff70713]  211     PC=(0x80000170,0x8000016c,0x80000174) [63, 19, 51], WB: DASM(00004033)
Cyc=       292 Op1=[0x0000001a] Op2=[0x00000000] W[W,14= 0x0000001a] [_,0xfe071ee3]  211   B PC=(0x80000174,0x80000170,0x8000016c) [17, 99, 19], WB: DASM(fff70713)
Cyc=       293 Op1=[0x00000000] Op2=[0x80000174] W[_,29= 0x0000001a] [_,0x00000297]  212     PC=(0x8000016c,0x80000174,0x80000170) [13, 51, 99], WB: DASM(fe071ee3)
Cyc=       294 Op1=[0x0000001a] Op2=[0xffffffff] W[_, 5= 0x80000174] [_,0xfff70713]  213     PC=(0x80000170,0x8000016c,0x80000174) [63, 19, 51], WB: DASM(00004033)
Cyc=       295 Op1=[0x00000019] Op2=[0x00000000] W[W,14= 0x00000019] [_,0xfe071ee3]  213   B PC=(0x80000174,0x80000170,0x8000016c) [17, 99, 19], WB: DASM(fff70713)
Cyc=       296 Op1=[0x00000000] Op2=[0x80000174] W[_,29= 0x00000019] [_,0x00000297]  214     PC=(0x8000016c,0x80000174,0x80000170) [13, 51, 99], WB: DASM(fe071ee3)
Cyc=       297 Op1=[0x00000019] Op2=[0xffffffff] W[_, 5= 0x80000174] [_,0xfff70713]  215     PC=(0x80000170,0x8000016c,0x80000174) [63, 19, 51], WB: DASM(00004033)
Cyc=       298 Op1=[0x00000018] Op2=[0x00000000] W[W,14= 0x00000018] [_,0xfe071ee3]  215   B PC=(0x80000174,0x80000170,0x8000016c) [17, 99, 19], WB: DASM(fff70713)
Cyc=       299 Op1=[0x00000000] Op2=[0x80000174] W[_,29= 0x00000018] [_,0x00000297]  216     PC=(0x8000016c,0x80000174,0x80000170) [13, 51, 99], WB: DASM(fe071ee3)
Cyc=       300 Op1=[0x00000018] Op2=[0xffffffff] W[_, 5= 0x80000174] [_,0xfff70713]  217     PC=(0x80000170,0x8000016c,0x80000174) [63, 19, 51], WB: DASM(00004033)
Cyc=       301 Op1=[0x00000017] Op2=[0x00000000] W[W,14= 0x00000017] [_,0xfe071ee3]  217   B PC=(0x80000174,0x80000170,0x8000016c) [17, 99, 19], WB: DASM(fff70713)
Cyc=       302 Op1=[0x00000000] Op2=[0x80000174] W[_,29= 0x00000017] [_,0x00000297]  218     PC=(0x8000016c,0x80000174,0x80000170) [13, 51, 99], WB: DASM(fe071ee3)
Cyc=       303 Op1=[0x00000017] Op2=[0xffffffff] W[_, 5= 0x80000174] [_,0xfff70713]  219     PC=(0x80000170,0x8000016c,0x80000174) [63, 19, 51], WB: DASM(00004033)
Cyc=       304 Op1=[0x00000016] Op2=[0x00000000] W[W,14= 0x00000016] [_,0xfe071ee3]  219   B PC=(0x80000174,0x80000170,0x8000016c) [17, 99, 19], WB: DASM(fff70713)
Cyc=       305 Op1=[0x00000000] Op2=[0x80000174] W[_,29= 0x00000016] [_,0x00000297]  220     PC=(0x8000016c,0x80000174,0x80000170) [13, 51, 99], WB: DASM(fe071ee3)
Cyc=       306 Op1=[0x00000016] Op2=[0xffffffff] W[_, 5= 0x80000174] [_,0xfff70713]  221     PC=(0x80000170,0x8000016c,0x80000174) [63, 19, 51], WB: DASM(00004033)
Cyc=       307 Op1=[0x00000015] Op2=[0x00000000] W[W,14= 0x00000015] [_,0xfe071ee3]  221   B PC=(0x80000174,0x80000170,0x8000016c) [17, 99, 19], WB: DASM(fff70713)
Cyc=       308 Op1=[0x00000000] Op2=[0x80000174] W[_,29= 0x00000015] [_,0x00000297]  222     PC=(0x8000016c,0x80000174,0x80000170) [13, 51, 99], WB: DASM(fe071ee3)
Cyc=       309 Op1=[0x00000015] Op2=[0xffffffff] W[_, 5= 0x80000174] [_,0xfff70713]  223     PC=(0x80000170,0x8000016c,0x80000174) [63, 19, 51], WB: DASM(00004033)
Cyc=       310 Op1=[0x00000014] Op2=[0x00000000] W[W,14= 0x00000014] [_,0xfe071ee3]  223   B PC=(0x80000174,0x80000170,0x8000016c) [17, 99, 19], WB: DASM(fff70713)
Cyc=       311 Op1=[0x00000000] Op2=[0x80000174] W[_,29= 0x00000014] [_,0x00000297]  224     PC=(0x8000016c,0x80000174,0x80000170) [13, 51, 99], WB: DASM(fe071ee3)
Cyc=       312 Op1=[0x00000014] Op2=[0xffffffff] W[_, 5= 0x80000174] [_,0xfff70713]  225     PC=(0x80000170,0x8000016c,0x80000174) [63, 19, 51], WB: DASM(00004033)
Cyc=       313 Op1=[0x00000013] Op2=[0x00000000] W[W,14= 0x00000013] [_,0xfe071ee3]  225   B PC=(0x80000174,0x80000170,0x8000016c) [17, 99, 19], WB: DASM(fff70713)
Cyc=       314 Op1=[0x00000000] Op2=[0x80000174] W[_,29= 0x00000013] [_,0x00000297]  226     PC=(0x8000016c,0x80000174,0x80000170) [13, 51, 99], WB: DASM(fe071ee3)
Cyc=       315 Op1=[0x00000013] Op2=[0xffffffff] W[_, 5= 0x80000174] [_,0xfff70713]  227     PC=(0x80000170,0x8000016c,0x80000174) [63, 19, 51], WB: DASM(00004033)
Cyc=       316 Op1=[0x00000012] Op2=[0x00000000] W[W,14= 0x00000012] [_,0xfe071ee3]  227   B PC=(0x80000174,0x80000170,0x8000016c) [17, 99, 19], WB: DASM(fff70713)
Cyc=       317 Op1=[0x00000000] Op2=[0x80000174] W[_,29= 0x00000012] [_,0x00000297]  228     PC=(0x8000016c,0x80000174,0x80000170) [13, 51, 99], WB: DASM(fe071ee3)
Cyc=       318 Op1=[0x00000012] Op2=[0xffffffff] W[_, 5= 0x80000174] [_,0xfff70713]  229     PC=(0x80000170,0x8000016c,0x80000174) [63, 19, 51], WB: DASM(00004033)
Cyc=       319 Op1=[0x00000011] Op2=[0x00000000] W[W,14= 0x00000011] [_,0xfe071ee3]  229   B PC=(0x80000174,0x80000170,0x8000016c) [17, 99, 19], WB: DASM(fff70713)
Cyc=       320 Op1=[0x00000000] Op2=[0x80000174] W[_,29= 0x00000011] [_,0x00000297]  230     PC=(0x8000016c,0x80000174,0x80000170) [13, 51, 99], WB: DASM(fe071ee3)
Cyc=       321 Op1=[0x00000011] Op2=[0xffffffff] W[_, 5= 0x80000174] [_,0xfff70713]  231     PC=(0x80000170,0x8000016c,0x80000174) [63, 19, 51], WB: DASM(00004033)
Cyc=       322 Op1=[0x00000010] Op2=[0x00000000] W[W,14= 0x00000010] [_,0xfe071ee3]  231   B PC=(0x80000174,0x80000170,0x8000016c) [17, 99, 19], WB: DASM(fff70713)
Cyc=       323 Op1=[0x00000000] Op2=[0x80000174] W[_,29= 0x00000010] [_,0x00000297]  232     PC=(0x8000016c,0x80000174,0x80000170) [13, 51, 99], WB: DASM(fe071ee3)
Cyc=       324 Op1=[0x00000010] Op2=[0xffffffff] W[_, 5= 0x80000174] [_,0xfff70713]  233     PC=(0x80000170,0x8000016c,0x80000174) [63, 19, 51], WB: DASM(00004033)
Cyc=       325 Op1=[0x0000000f] Op2=[0x00000000] W[W,14= 0x0000000f] [_,0xfe071ee3]  233   B PC=(0x80000174,0x80000170,0x8000016c) [17, 99, 19], WB: DASM(fff70713)
Cyc=       326 Op1=[0x00000000] Op2=[0x80000174] W[_,29= 0x0000000f] [_,0x00000297]  234     PC=(0x8000016c,0x80000174,0x80000170) [13, 51, 99], WB: DASM(fe071ee3)
Cyc=       327 Op1=[0x0000000f] Op2=[0xffffffff] W[_, 5= 0x80000174] [_,0xfff70713]  235     PC=(0x80000170,0x8000016c,0x80000174) [63, 19, 51], WB: DASM(00004033)
Cyc=       328 Op1=[0x0000000e] Op2=[0x00000000] W[W,14= 0x0000000e] [_,0xfe071ee3]  235   B PC=(0x80000174,0x80000170,0x8000016c) [17, 99, 19], WB: DASM(fff70713)
Cyc=       329 Op1=[0x00000000] Op2=[0x80000174] W[_,29= 0x0000000e] [_,0x00000297]  236     PC=(0x8000016c,0x80000174,0x80000170) [13, 51, 99], WB: DASM(fe071ee3)
Cyc=       330 Op1=[0x0000000e] Op2=[0xffffffff] W[_, 5= 0x80000174] [_,0xfff70713]  237     PC=(0x80000170,0x8000016c,0x80000174) [63, 19, 51], WB: DASM(00004033)
Cyc=       331 Op1=[0x0000000d] Op2=[0x00000000] W[W,14= 0x0000000d] [_,0xfe071ee3]  237   B PC=(0x80000174,0x80000170,0x8000016c) [17, 99, 19], WB: DASM(fff70713)
Cyc=       332 Op1=[0x00000000] Op2=[0x80000174] W[_,29= 0x0000000d] [_,0x00000297]  238     PC=(0x8000016c,0x80000174,0x80000170) [13, 51, 99], WB: DASM(fe071ee3)
Cyc=       333 Op1=[0x0000000d] Op2=[0xffffffff] W[_, 5= 0x80000174] [_,0xfff70713]  239     PC=(0x80000170,0x8000016c,0x80000174) [63, 19, 51], WB: DASM(00004033)
Cyc=       334 Op1=[0x0000000c] Op2=[0x00000000] W[W,14= 0x0000000c] [_,0xfe071ee3]  239   B PC=(0x80000174,0x80000170,0x8000016c) [17, 99, 19], WB: DASM(fff70713)
Cyc=       335 Op1=[0x00000000] Op2=[0x80000174] W[_,29= 0x0000000c] [_,0x00000297]  240     PC=(0x8000016c,0x80000174,0x80000170) [13, 51, 99], WB: DASM(fe071ee3)
Cyc=       336 Op1=[0x0000000c] Op2=[0xffffffff] W[_, 5= 0x80000174] [_,0xfff70713]  241     PC=(0x80000170,0x8000016c,0x80000174) [63, 19, 51], WB: DASM(00004033)
Cyc=       337 Op1=[0x0000000b] Op2=[0x00000000] W[W,14= 0x0000000b] [_,0xfe071ee3]  241   B PC=(0x80000174,0x80000170,0x8000016c) [17, 99, 19], WB: DASM(fff70713)
Cyc=       338 Op1=[0x00000000] Op2=[0x80000174] W[_,29= 0x0000000b] [_,0x00000297]  242     PC=(0x8000016c,0x80000174,0x80000170) [13, 51, 99], WB: DASM(fe071ee3)
Cyc=       339 Op1=[0x0000000b] Op2=[0xffffffff] W[_, 5= 0x80000174] [_,0xfff70713]  243     PC=(0x80000170,0x8000016c,0x80000174) [63, 19, 51], WB: DASM(00004033)
Cyc=       340 Op1=[0x0000000a] Op2=[0x00000000] W[W,14= 0x0000000a] [_,0xfe071ee3]  243   B PC=(0x80000174,0x80000170,0x8000016c) [17, 99, 19], WB: DASM(fff70713)
Cyc=       341 Op1=[0x00000000] Op2=[0x80000174] W[_,29= 0x0000000a] [_,0x00000297]  244     PC=(0x8000016c,0x80000174,0x80000170) [13, 51, 99], WB: DASM(fe071ee3)
Cyc=       342 Op1=[0x0000000a] Op2=[0xffffffff] W[_, 5= 0x80000174] [_,0xfff70713]  245     PC=(0x80000170,0x8000016c,0x80000174) [63, 19, 51], WB: DASM(00004033)
Cyc=       343 Op1=[0x00000009] Op2=[0x00000000] W[W,14= 0x00000009] [_,0xfe071ee3]  245   B PC=(0x80000174,0x80000170,0x8000016c) [17, 99, 19], WB: DASM(fff70713)
Cyc=       344 Op1=[0x00000000] Op2=[0x80000174] W[_,29= 0x00000009] [_,0x00000297]  246     PC=(0x8000016c,0x80000174,0x80000170) [13, 51, 99], WB: DASM(fe071ee3)
Cyc=       345 Op1=[0x00000009] Op2=[0xffffffff] W[_, 5= 0x80000174] [_,0xfff70713]  247     PC=(0x80000170,0x8000016c,0x80000174) [63, 19, 51], WB: DASM(00004033)
Cyc=       346 Op1=[0x00000008] Op2=[0x00000000] W[W,14= 0x00000008] [_,0xfe071ee3]  247   B PC=(0x80000174,0x80000170,0x8000016c) [17, 99, 19], WB: DASM(fff70713)
Cyc=       347 Op1=[0x00000000] Op2=[0x80000174] W[_,29= 0x00000008] [_,0x00000297]  248     PC=(0x8000016c,0x80000174,0x80000170) [13, 51, 99], WB: DASM(fe071ee3)
Cyc=       348 Op1=[0x00000008] Op2=[0xffffffff] W[_, 5= 0x80000174] [_,0xfff70713]  249     PC=(0x80000170,0x8000016c,0x80000174) [63, 19, 51], WB: DASM(00004033)
Cyc=       349 Op1=[0x00000007] Op2=[0x00000000] W[W,14= 0x00000007] [_,0xfe071ee3]  249   B PC=(0x80000174,0x80000170,0x8000016c) [17, 99, 19], WB: DASM(fff70713)
Cyc=       350 Op1=[0x00000000] Op2=[0x80000174] W[_,29= 0x00000007] [_,0x00000297]  250     PC=(0x8000016c,0x80000174,0x80000170) [13, 51, 99], WB: DASM(fe071ee3)
Cyc=       351 Op1=[0x00000007] Op2=[0xffffffff] W[_, 5= 0x80000174] [_,0xfff70713]  251     PC=(0x80000170,0x8000016c,0x80000174) [63, 19, 51], WB: DASM(00004033)
Cyc=       352 Op1=[0x00000006] Op2=[0x00000000] W[W,14= 0x00000006] [_,0xfe071ee3]  251   B PC=(0x80000174,0x80000170,0x8000016c) [17, 99, 19], WB: DASM(fff70713)
Cyc=       353 Op1=[0x00000000] Op2=[0x80000174] W[_,29= 0x00000006] [_,0x00000297]  252     PC=(0x8000016c,0x80000174,0x80000170) [13, 51, 99], WB: DASM(fe071ee3)
Cyc=       354 Op1=[0x00000006] Op2=[0xffffffff] W[_, 5= 0x80000174] [_,0xfff70713]  253     PC=(0x80000170,0x8000016c,0x80000174) [63, 19, 51], WB: DASM(00004033)
Cyc=       355 Op1=[0x00000005] Op2=[0x00000000] W[W,14= 0x00000005] [_,0xfe071ee3]  253   B PC=(0x80000174,0x80000170,0x8000016c) [17, 99, 19], WB: DASM(fff70713)
Cyc=       356 Op1=[0x00000000] Op2=[0x80000174] W[_,29= 0x00000005] [_,0x00000297]  254     PC=(0x8000016c,0x80000174,0x80000170) [13, 51, 99], WB: DASM(fe071ee3)
Cyc=       357 Op1=[0x00000005] Op2=[0xffffffff] W[_, 5= 0x80000174] [_,0xfff70713]  255     PC=(0x80000170,0x8000016c,0x80000174) [63, 19, 51], WB: DASM(00004033)
Cyc=       358 Op1=[0x00000004] Op2=[0x00000000] W[W,14= 0x00000004] [_,0xfe071ee3]  255   B PC=(0x80000174,0x80000170,0x8000016c) [17, 99, 19], WB: DASM(fff70713)
Cyc=       359 Op1=[0x00000000] Op2=[0x80000174] W[_,29= 0x00000004] [_,0x00000297]  256     PC=(0x8000016c,0x80000174,0x80000170) [13, 51, 99], WB: DASM(fe071ee3)
Cyc=       360 Op1=[0x00000004] Op2=[0xffffffff] W[_, 5= 0x80000174] [_,0xfff70713]  257     PC=(0x80000170,0x8000016c,0x80000174) [63, 19, 51], WB: DASM(00004033)
Cyc=       361 Op1=[0x00000003] Op2=[0x00000000] W[W,14= 0x00000003] [_,0xfe071ee3]  257   B PC=(0x80000174,0x80000170,0x8000016c) [17, 99, 19], WB: DASM(fff70713)
Cyc=       362 Op1=[0x00000000] Op2=[0x80000174] W[_,29= 0x00000003] [_,0x00000297]  258     PC=(0x8000016c,0x80000174,0x80000170) [13, 51, 99], WB: DASM(fe071ee3)
Cyc=       363 Op1=[0x00000003] Op2=[0xffffffff] W[_, 5= 0x80000174] [_,0xfff70713]  259     PC=(0x80000170,0x8000016c,0x80000174) [63, 19, 51], WB: DASM(00004033)
Cyc=       364 Op1=[0x00000002] Op2=[0x00000000] W[W,14= 0x00000002] [_,0xfe071ee3]  259   B PC=(0x80000174,0x80000170,0x8000016c) [17, 99, 19], WB: DASM(fff70713)
Cyc=       365 Op1=[0x00000000] Op2=[0x80000174] W[_,29= 0x00000002] [_,0x00000297]  260     PC=(0x8000016c,0x80000174,0x80000170) [13, 51, 99], WB: DASM(fe071ee3)
Cyc=       366 Op1=[0x00000002] Op2=[0xffffffff] W[_, 5= 0x80000174] [_,0xfff70713]  261     PC=(0x80000170,0x8000016c,0x80000174) [63, 19, 51], WB: DASM(00004033)
Cyc=       367 Op1=[0x00000001] Op2=[0x00000000] W[W,14= 0x00000001] [_,0xfe071ee3]  261   B PC=(0x80000174,0x80000170,0x8000016c) [17, 99, 19], WB: DASM(fff70713)
Cyc=       368 Op1=[0x00000000] Op2=[0x80000174] W[_,29= 0x00000001] [_,0x00000297]  262     PC=(0x8000016c,0x80000174,0x80000170) [13, 51, 99], WB: DASM(fe071ee3)
Cyc=       369 Op1=[0x00000001] Op2=[0xffffffff] W[_, 5= 0x80000174] [_,0xfff70713]  263     PC=(0x80000170,0x8000016c,0x80000174) [63, 19, 51], WB: DASM(00004033)
Cyc=       370 Op1=[0x00000000] Op2=[0x00000000] W[W,14= 0x00000000] [_,0xfe071ee3]  263     PC=(0x80000174,0x80000170,0x8000016c) [17, 99, 19], WB: DASM(fff70713)
Cyc=       371 Op1=[0x00000000] Op2=[0x80000174] W[_,29= 0x00000000] [_,0x00000297]  264     PC=(0x80000178,0x80000174,0x80000170) [23, 23, 99], WB: DASM(fe071ee3)
Cyc=       372 Op1=[0x80000174] Op2=[0x0000004c] W[W, 5= 0x80000174] [_,0x04a29623]  265     PC=(0x8000017c,0x80000178,0x80000174) [17, 35, 23], WB: DASM(00000297)
Cyc=       373 Op1=[0x00000000] Op2=[0x8000017c] W[_,12= 0x800001c0] [_,0x00000297]  266     PC=(0x80000180,0x8000017c,0x80000178) [23, 23, 35], WB: DASM(04a29623)
Cyc=       374 Op1=[0x8000017c] Op2=[0x00000046] W[W, 5= 0x8000017c] [_,0x04b29323]  267     PC=(0x80000184,0x80000180,0x8000017c) [0f, 35, 23], WB: DASM(00000297)
Cyc=       375 Op1=[0x00000000] Op2=[0x00000000] W[_, 6= 0x800001c2] [_,0x0000100f]  268     PC=(0x80000188,0x80000184,0x80000180) [13, 15, 35], WB: DASM(04b29323)
Cyc=       376 Op1=[0x00000000] Op2=[0x00000000] W[_, 0= 0x00000000] [_,0x00000013]  269     PC=(0x8000018c,0x80000188,0x80000184) [13, 19, 15], WB: DASM(0000100f)
Cyc=       377 Op1=[0x00000000] Op2=[0x00000000] W[W, 0= 0x00000000] [_,0x00000013]  270     PC=(0x80000190,0x8000018c,0x80000188) [13, 19, 19], WB: DASM(00000013)
Cyc=       378 Op1=[0x00000000] Op2=[0x00000000] W[W, 0= 0x00000000] [_,0x00000013]  271     PC=(0x80000194,0x80000190,0x8000018c) [13, 19, 19], WB: DASM(00000013)
Cyc=       379 Op1=[0x00000000] Op2=[0x00000000] W[W, 0= 0x00000000] [_,0x00000013]  272     PC=(0x80000198,0x80000194,0x80000190) [13, 19, 19], WB: DASM(00000013)
Cyc=       380 Op1=[0x00000000] Op2=[0x00000000] W[W, 0= 0x00000000] [_,0x00000013]  273     PC=(0x8000019c,0x80000198,0x80000194) [13, 19, 19], WB: DASM(00000013)
Cyc=       381 Op1=[0x00000000] Op2=[0x00000000] W[W, 0= 0x00000000] [_,0x00000013]  274     PC=(0x800001a0,0x8000019c,0x80000198) [13, 19, 19], WB: DASM(00000013)
Cyc=       382 Op1=[0x00000000] Op2=[0x00000000] W[W, 0= 0x00000000] [_,0x00000013]  275     PC=(0x800001a4,0x800001a0,0x8000019c) [13, 19, 19], WB: DASM(00000013)
Cyc=       383 Op1=[0x00000000] Op2=[0x00000000] W[W, 0= 0x00000000] [_,0x00000013]  276     PC=(0x800001a8,0x800001a4,0x800001a0) [13, 19, 19], WB: DASM(00000013)
Cyc=       384 Op1=[0x00000000] Op2=[0x00000000] W[W, 0= 0x00000000] [_,0x00000013]  277     PC=(0x800001ac,0x800001a8,0x800001a4) [13, 19, 19], WB: DASM(00000013)
Cyc=       385 Op1=[0x00000000] Op2=[0x00000000] W[W, 0= 0x00000000] [_,0x00000013]  278     PC=(0x800001b0,0x800001ac,0x800001a8) [13, 19, 19], WB: DASM(00000013)
Cyc=       386 Op1=[0x00000000] Op2=[0x00000000] W[W, 0= 0x00000000] [_,0x00000013]  279     PC=(0x800001b4,0x800001b0,0x800001ac) [13, 19, 19], WB: DASM(00000013)
Cyc=       387 Op1=[0x00000000] Op2=[0x00000000] W[W, 0= 0x00000000] [_,0x00000013]  280     PC=(0x800001b8,0x800001b4,0x800001b0) [13, 19, 19], WB: DASM(00000013)
Cyc=       388 Op1=[0x00000000] Op2=[0x00000000] W[W, 0= 0x00000000] [_,0x00000013]  281     PC=(0x800001bc,0x800001b8,0x800001b4) [13, 19, 19], WB: DASM(00000013)
Cyc=       389 Op1=[0x00000000] Op2=[0x00000000] W[W, 0= 0x00000000] [_,0x00000013]  282     PC=(0x800001c0,0x800001bc,0x800001b8) [13, 19, 19], WB: DASM(00000013)
Cyc=       390 Op1=[0x000001bc] Op2=[0x0000014d] W[W, 0= 0x00000000] [_,0x14d68693]  283     PC=(0x800001c4,0x800001c0,0x800001bc) [13, 19, 19], WB: DASM(00000013)
Cyc=       391 Op1=[0x00000000] Op2=[0x00000000] W[W,13= 0x00000309] [_,0x00000013]  284     PC=(0x800001c8,0x800001c4,0x800001c0) [13, 19, 19], WB: DASM(14d68693)
Cyc=       392 Op1=[0x00000000] Op2=[0x00000309] W[W, 0= 0x00000000] [_,0x30900e93]  285     PC=(0x800001cc,0x800001c8,0x800001c4) [13, 19, 19], WB: DASM(00000013)
Cyc=       393 Op1=[0x00000000] Op2=[0x00000003] W[W,29= 0x00000309] [_,0x00300193]  286     PC=(0x800001d0,0x800001cc,0x800001c8) [63, 19, 19], WB: DASM(30900e93)
Cyc=       394 Op1=[0x00000309] Op2=[0x00000309] W[W, 3= 0x00000003] [_,0x01d69463]  287     PC=(0x800001d4,0x800001d0,0x800001cc) [63, 99, 19], WB: DASM(00300193)
Cyc=       395 Op1=[0x00000000] Op2=[0x00000003] W[_, 8= 0x00000612] [_,0x00301c63]  288   B PC=(0x800001d8,0x800001d4,0x800001d0) [0f, 99, 99], WB: DASM(01d69463)
Cyc=       396 Op1=[0x00000000] Op2=[0x00000000] W[_,24= 0x00000003] [_,0x0ff0000f]  289     PC=(0x800001ec,0x800001d8,0x800001d4) [0f, 51, 99], WB: DASM(00301c63)
Cyc=       397 Op1=[0x00000000] Op2=[0x00000000] W[_, 0= 0x00000000] [_,0x0ff0000f]  290     PC=(0x800001f0,0x800001ec,0x800001d8) [13, 15, 51], WB: DASM(00004033)
Cyc=       398 Op1=[0x00000000] Op2=[0x00000001] W[_, 0= 0x00000000] [_,0x00100193]  290     PC=(0x800001f4,0x800001f0,0x800001ec) [73, 19, 15], WB: DASM(0ff0000f)
Cyc=       399 Op1=[0x00000000] Op2=[0x00000000] W[W, 3= 0x00000001] [_,0x00000073]  291     PC=(0x800001f8,0x800001f4,0x800001f0) [73,115, 19], WB: DASM(00100193)
Cyc=       400 Op1=[0x00000000] Op2=[0x00000000] W[_, 0= 0x00000000] [_,0xc0001073]  292   X PC=(0x800001fc,0x800001f8,0x800001f4) [00,115,115], WB: DASM(00000073)
Cyc=       401 Op1=[0x00000000] Op2=[0x00000000] W[_, 0= 0x00000000] [_,0x00000000]  293     PC=(0x80000004,0x800001fc,0x800001f8) [73, 51, 51], WB: DASM(00004033)
Cyc=       402 Op1=[0x00000000] Op2=[0x00000000] W[_, 0= 0x00000000] [_,0x34202f73]  294     PC=(0x80000008,0x80000004,0x800001fc) [13,115, 51], WB: DASM(00004033)
Cyc=       403 Op1=[0x00000000] Op2=[0x00000008] W[W,30= 0x0000000b] [_,0x00800f93]  294     PC=(0x8000000c,0x80000008,0x80000004) [63, 19,115], WB: DASM(34202f73)
Cyc=       404 Op1=[0x0000000b] Op2=[0x00000008] W[W,31= 0x00000008] [_,0x03ff0a63]  295     PC=(0x80000010,0x8000000c,0x80000008) [13, 99, 19], WB: DASM(00800f93)
Cyc=       405 Op1=[0x00000000] Op2=[0x00000009] W[_,20= 0x00000013] [_,0x00900f93]  296     PC=(0x80000014,0x80000010,0x8000000c) [63, 19, 99], WB: DASM(03ff0a63)
Cyc=       406 Op1=[0x0000000b] Op2=[0x00000009] W[W,31= 0x00000009] [_,0x03ff0663]  297     PC=(0x80000018,0x80000014,0x80000010) [13, 99, 19], WB: DASM(00900f93)
Cyc=       407 Op1=[0x00000000] Op2=[0x0000000b] W[_,12= 0x00000014] [_,0x00b00f93]  298     PC=(0x8000001c,0x80000018,0x80000014) [63, 19, 99], WB: DASM(03ff0663)
Cyc=       408 Op1=[0x0000000b] Op2=[0x0000000b] W[W,31= 0x0000000b] [_,0x03ff0263]  299   B PC=(0x80000020,0x8000001c,0x80000018) [17, 99, 19], WB: DASM(00b00f93)
Cyc=       409 Op1=[0x80000000] Op2=[0x80000020] W[_, 4= 0x00000016] [_,0x80000f17]  300     PC=(0x80000040,0x80000020,0x8000001c) [17, 51, 99], WB: DASM(03ff0263)
Cyc=       410 Op1=[0x00001000] Op2=[0x80000040] W[_,30= 0x00000020] [_,0x00001f17]  301     PC=(0x80000044,0x80000040,0x80000020) [23, 23, 51], WB: DASM(00004033)
Cyc=       411 Op1=[0x80001040] Op2=[0xffffffc0] W[W,30= 0x80001040] [_,0xfc3f2023]  301     PC=(0x80000048,0x80000044,0x80000040) [6f, 35, 23], WB: DASM(00001f17)
Cyc=       412 Op1=[0x0000000b] Op2=[0x00000000] W[_, 0= 0x80001000] [_,0xff9ff06f]  302   J PC=(0x8000004c,0x80000048,0x80000044) [73,111, 35], WB: DASM(fc3f2023)
Cyc=       413 Op1=[0x00000000] Op2=[0x00000000] W[W, 0= 0x8000004c] [_,0xf1402573]  303     PC=(0x80000040,0x8000004c,0x80000048) [17, 51,111], WB: DASM(ff9ff06f)
Cyc=       414 Op1=[0x00001000] Op2=[0x80000040] W[_,10= 0x00000000] [_,0x00001f17]  304     PC=(0x80000044,0x80000040,0x8000004c) [23, 23, 51], WB: DASM(00004033)
Cyc=       415 Op1=[0x80001040] Op2=[0xffffffc0] W[W,30= 0x80001040] [_,0xfc3f2023]  304     PC=(0x80000048,0x80000044,0x80000040) [6f, 35, 23], WB: DASM(00001f17)
Cyc=       416 Op1=[0x0000000b] Op2=[0x00000000] W[_, 0= 0x80001000] [_,0xff9ff06f]  305   J PC=(0x8000004c,0x80000048,0x80000044) [73,111, 35], WB: DASM(fc3f2023)
Cyc=       417 Op1=[0x00000000] Op2=[0x00000000] W[W, 0= 0x8000004c] [_,0xf1402573]  306     PC=(0x80000040,0x8000004c,0x80000048) [17, 51,111], WB: DASM(ff9ff06f)
Cyc=       418 Op1=[0x00001000] Op2=[0x80000040] W[_,10= 0x00000000] [_,0x00001f17]  307     PC=(0x80000044,0x80000040,0x8000004c) [23, 23, 51], WB: DASM(00004033)
Cyc=       419 Op1=[0x80001040] Op2=[0xffffffc0] W[W,30= 0x80001040] [_,0xfc3f2023]  307     PC=(0x80000048,0x80000044,0x80000040) [6f, 35, 23], WB: DASM(00001f17)
Cyc=       420 Op1=[0x0000000b] Op2=[0x00000000] W[_, 0= 0x80001000] [_,0xff9ff06f]  308   J PC=(0x8000004c,0x80000048,0x80000044) [73,111, 35], WB: DASM(fc3f2023)
Cyc=       421 Op1=[0x00000000] Op2=[0x00000000] W[W, 0= 0x8000004c] [_,0xf1402573]  309     PC=(0x80000040,0x8000004c,0x80000048) [17, 51,111], WB: DASM(ff9ff06f)
Cyc=       422 Op1=[0x00001000] Op2=[0x80000040] W[_,10= 0x00000000] [_,0x00001f17]  310     PC=(0x80000044,0x80000040,0x8000004c) [23, 23, 51], WB: DASM(00004033)
Cyc=       423 Op1=[0x80001040] Op2=[0xffffffc0] W[W,30= 0x80001040] [_,0xfc3f2023]  310     PC=(0x80000048,0x80000044,0x80000040) [6f, 35, 23], WB: DASM(00001f17)
Cyc=       424 Op1=[0x0000000b] Op2=[0x00000000] W[_, 0= 0x80001000] [_,0xff9ff06f]  311   J PC=(0x8000004c,0x80000048,0x80000044) [73,111, 35], WB: DASM(fc3f2023)
Cyc=       425 Op1=[0x00000000] Op2=[0x00000000] W[W, 0= 0x8000004c] [_,0xf1402573]  312     PC=(0x80000040,0x8000004c,0x80000048) [17, 51,111], WB: DASM(ff9ff06f)
Cyc=       426 Op1=[0x00001000] Op2=[0x80000040] W[_,10= 0x00000000] [_,0x00001f17]  313     PC=(0x80000044,0x80000040,0x8000004c) [23, 23, 51], WB: DASM(00004033)
Cyc=       427 Op1=[0x80001040] Op2=[0xffffffc0] W[W,30= 0x80001040] [_,0xfc3f2023]  313     PC=(0x80000048,0x80000044,0x80000040) [6f, 35, 23], WB: DASM(00001f17)
Cyc=       428 Op1=[0x0000000b] Op2=[0x00000000] W[_, 0= 0x80001000] [_,0xff9ff06f]  314   J PC=(0x8000004c,0x80000048,0x80000044) [73,111, 35], WB: DASM(fc3f2023)
Cyc=       429 Op1=[0x00000000] Op2=[0x00000000] W[W, 0= 0x8000004c] [_,0xf1402573]  315     PC=(0x80000040,0x8000004c,0x80000048) [17, 51,111], WB: DASM(ff9ff06f)
Cyc=       430 Op1=[0x00001000] Op2=[0x80000040] W[_,10= 0x00000000] [_,0x00001f17]  316     PC=(0x80000044,0x80000040,0x8000004c) [23, 23, 51], WB: DASM(00004033)
Cyc=       431 Op1=[0x80001040] Op2=[0xffffffc0] W[W,30= 0x80001040] [_,0xfc3f2023]  316     PC=(0x80000048,0x80000044,0x80000040) [6f, 35, 23], WB: DASM(00001f17)
Cyc=       432 Op1=[0x0000000b] Op2=[0x00000000] W[_, 0= 0x80001000] [_,0xff9ff06f]  317   J PC=(0x8000004c,0x80000048,0x80000044) [73,111, 35], WB: DASM(fc3f2023)
Cyc=       433 Op1=[0x00000000] Op2=[0x00000000] W[W, 0= 0x8000004c] [_,0xf1402573]  318     PC=(0x80000040,0x8000004c,0x80000048) [17, 51,111], WB: DASM(ff9ff06f)
Cyc=       434 Op1=[0x00001000] Op2=[0x80000040] W[_,10= 0x00000000] [_,0x00001f17]  319     PC=(0x80000044,0x80000040,0x8000004c) [23, 23, 51], WB: DASM(00004033)
Cyc=       435 Op1=[0x80001040] Op2=[0xffffffc0] W[W,30= 0x80001040] [_,0xfc3f2023]  319     PC=(0x80000048,0x80000044,0x80000040) [6f, 35, 23], WB: DASM(00001f17)
Cyc=       436 Op1=[0x0000000b] Op2=[0x00000000] W[_, 0= 0x80001000] [_,0xff9ff06f]  320   J PC=(0x8000004c,0x80000048,0x80000044) [73,111, 35], WB: DASM(fc3f2023)
Cyc=       437 Op1=[0x00000000] Op2=[0x00000000] W[W, 0= 0x8000004c] [_,0xf1402573]  321     PC=(0x80000040,0x8000004c,0x80000048) [17, 51,111], WB: DASM(ff9ff06f)
*** PASSED ***
