Instantiated DTM.
Cyc=         0 Op1=[0x00000000] Op2=[0x00000000] W[_, 0= 0x7ffffffc] [_,0x04c0006f]    0   J PC=(0x7ffffffc,0x7ffffffc,0x7ffffffc) [6f, 51, 51], WB: DASM(00004033)
Cyc=         1 Op1=[0x00000000] Op2=[0x00000000] W[_, 0= 0x7ffffffc] [_,0x04c0006f]    0   J PC=(0x80000000,0x7ffffffc,0x7ffffffc) [6f, 51, 51], WB: DASM(00004033)
Cyc=         2 Op1=[0x00000000] Op2=[0x00000000] W[_, 0= 0x80000000] [_,0x04c0006f]    0   J PC=(0x80000004,0x80000000,0x7ffffffc) [73,111, 51], WB: DASM(00004033)
Cyc=         3 Op1=[0x00000000] Op2=[0x00000000] W[W, 0= 0x80000004] [_,0x34202f73]    0     PC=(0x8000004c,0x80000004,0x80000000) [73, 51,111], WB: DASM(04c0006f)
Cyc=         4 Op1=[0x00000000] Op2=[0x00000000] W[_,30= 0x00000000] [_,0xf1402573]    1     PC=(0x80000050,0x8000004c,0x80000004) [63,115, 51], WB: DASM(00004033)
Cyc=         5 Op1=[0x00000000] Op2=[0x00000000] W[W,10= 0x00000000] [_,0x00051063]    1 H   PC=(0x80000054,0x80000050,0x8000004c) [17, 99,115], WB: DASM(f1402573)
Cyc=         6 Op1=[0x00000000] Op2=[0x00000000] W[_, 0= 0x00000000] [_,0x00051063]    2     PC=(0x80000054,0x80000050,0x00000000) [17, 99, 51], WB: DASM(00004033)
Cyc=         7 Op1=[0x00000000] Op2=[0x80000054] W[_, 0= 0x00000000] [_,0x00000297]    2     PC=(0x80000058,0x80000054,0x80000050) [13, 23, 99], WB: DASM(00051063)
Cyc=         8 Op1=[0x80000054] Op2=[0x00000010] W[W, 5= 0x80000054] [_,0x01028293]    3     PC=(0x8000005c,0x80000058,0x80000054) [73, 19, 23], WB: DASM(00000297)
Cyc=         9 Op1=[0x80000064] Op2=[0x80000064] W[W, 5= 0x80000064] [_,0x30529073]    4     PC=(0x80000060,0x8000005c,0x80000058) [73,115, 19], WB: DASM(01028293)
Cyc=        10 Op1=[0x00000000] Op2=[0x00000000] W[W, 0= 0x00000100] [_,0x18005073]    5     PC=(0x80000064,0x80000060,0x8000005c) [17,115,115], WB: DASM(30529073)
Cyc=        11 Op1=[0x00000000] Op2=[0x80000064] W[W, 0= 0x00000000] [_,0x00000297]    6     PC=(0x80000068,0x80000064,0x80000060) [13, 23,115], WB: DASM(18005073)
Cyc=        12 Op1=[0x80000064] Op2=[0x0000001c] W[W, 5= 0x80000064] [_,0x01c28293]    7     PC=(0x8000006c,0x80000068,0x80000064) [73, 19, 23], WB: DASM(00000297)
Cyc=        13 Op1=[0x80000080] Op2=[0x80000080] W[W, 5= 0x80000080] [_,0x30529073]    8     PC=(0x80000070,0x8000006c,0x80000068) [13,115, 19], WB: DASM(01c28293)
Cyc=        14 Op1=[0x00000000] Op2=[0xffffffff] W[W, 0= 0x00000100] [_,0xfff00293]    9     PC=(0x80000074,0x80000070,0x8000006c) [73, 19,115], WB: DASM(30529073)
Cyc=        15 Op1=[0xffffffff] Op2=[0x00000000] W[W, 5= 0xffffffff] [_,0x3b029073]   10     PC=(0x80000078,0x80000074,0x80000070) [13,115, 19], WB: DASM(fff00293)
Cyc=        16 Op1=[0x00000000] Op2=[0x0000001f] W[W, 0= 0x00000000] [_,0x01f00293]   11     PC=(0x8000007c,0x80000078,0x80000074) [73, 19,115], WB: DASM(3b029073)
Cyc=        17 Op1=[0x0000001f] Op2=[0x00000000] W[W, 5= 0x0000001f] [_,0x3a029073]   12     PC=(0x80000080,0x8000007c,0x80000078) [17,115, 19], WB: DASM(01f00293)
Cyc=        18 Op1=[0x00000000] Op2=[0x80000080] W[W, 0= 0x00000000] [_,0x00000297]   13     PC=(0x80000084,0x80000080,0x8000007c) [13, 23,115], WB: DASM(3a029073)
Cyc=        19 Op1=[0x80000080] Op2=[0x00000018] W[W, 5= 0x80000080] [_,0x01828293]   14     PC=(0x80000088,0x80000084,0x80000080) [73, 19, 23], WB: DASM(00000297)
Cyc=        20 Op1=[0x80000098] Op2=[0x80000098] W[W, 5= 0x80000098] [_,0x30529073]   15     PC=(0x8000008c,0x80000088,0x80000084) [73,115, 19], WB: DASM(01828293)
Cyc=        21 Op1=[0x00000000] Op2=[0x00000000] W[W, 0= 0x00000100] [_,0x30205073]   16     PC=(0x80000090,0x8000008c,0x80000088) [73,115,115], WB: DASM(30529073)
Cyc=        22 Op1=[0x00000000] Op2=[0x00000000] W[W, 0= 0x00000000] [_,0x30305073]   17     PC=(0x80000094,0x80000090,0x8000008c) [73,115,115], WB: DASM(30205073)
Cyc=        23 Op1=[0x00000000] Op2=[0x00000000] W[W, 0= 0x00000000] [_,0x30405073]   18     PC=(0x80000098,0x80000094,0x80000090) [13,115,115], WB: DASM(30305073)
Cyc=        24 Op1=[0x00000000] Op2=[0x00000000] W[W, 0= 0x00000000] [_,0x00000193]   19     PC=(0x8000009c,0x80000098,0x80000094) [17, 19,115], WB: DASM(30405073)
Cyc=        25 Op1=[0x00000000] Op2=[0x8000009c] W[W, 3= 0x00000000] [_,0x00000297]   20     PC=(0x800000a0,0x8000009c,0x80000098) [13, 23, 19], WB: DASM(00000193)
Cyc=        26 Op1=[0x8000009c] Op2=[0xffffff68] W[W, 5= 0x8000009c] [_,0xf6828293]   21     PC=(0x800000a4,0x800000a0,0x8000009c) [73, 19, 23], WB: DASM(00000297)
Cyc=        27 Op1=[0x80000004] Op2=[0x80000004] W[W, 5= 0x80000004] [_,0x30529073]   22     PC=(0x800000a8,0x800000a4,0x800000a0) [13,115, 19], WB: DASM(f6828293)
Cyc=        28 Op1=[0x00000000] Op2=[0x00000001] W[W, 0= 0x00000100] [_,0x00100513]   23     PC=(0x800000ac,0x800000a8,0x800000a4) [13, 19,115], WB: DASM(30529073)
Cyc=        29 Op1=[0x00000001] Op2=[0x0000001f] W[W,10= 0x00000001] [_,0x01f51513]   24     PC=(0x800000b0,0x800000ac,0x800000a8) [63, 19, 19], WB: DASM(00100513)
Cyc=        30 Op1=[0x80000000] Op2=[0x00000000] W[W,10= 0x80000000] [_,0x00054863]   25   B PC=(0x800000b4,0x800000b0,0x800000ac) [0f, 99, 19], WB: DASM(01f51513)
Cyc=        31 Op1=[0x00000000] Op2=[0x00000000] W[_,16= 0x80000000] [_,0x0ff0000f]   26     PC=(0x800000c0,0x800000b4,0x800000b0) [17, 51, 99], WB: DASM(00054863)
Cyc=        32 Op1=[0x80000000] Op2=[0x800000c0] W[_, 0= 0x00000000] [_,0x80000297]   27     PC=(0x800000c4,0x800000c0,0x800000b4) [13, 23, 51], WB: DASM(00004033)
Cyc=        33 Op1=[0x000000c0] Op2=[0xffffff40] W[W, 5= 0x000000c0] [_,0xf4028293]   27     PC=(0x800000c8,0x800000c4,0x800000c0) [63, 19, 23], WB: DASM(80000297)
Cyc=        34 Op1=[0x00000000] Op2=[0x00000000] W[W, 5= 0x00000000] [_,0x00028e63]   28   B PC=(0x800000cc,0x800000c8,0x800000c4) [73, 99, 19], WB: DASM(f4028293)
Cyc=        35 Op1=[0x00000000] Op2=[0x00000000] W[_,28= 0x00000000] [_,0x10529073]   29     PC=(0x800000e4,0x800000cc,0x800000c8) [73, 51, 99], WB: DASM(00028e63)
Cyc=        36 Op1=[0x00000000] Op2=[0x00000000] W[_, 0= 0x00000000] [_,0x30005073]   30     PC=(0x800000e8,0x800000e4,0x800000cc) [17,115, 51], WB: DASM(00004033)
Cyc=        37 Op1=[0x00000000] Op2=[0x800000e8] W[W, 0= 0x00001800] [_,0x00000297]   30     PC=(0x800000ec,0x800000e8,0x800000e4) [13, 23,115], WB: DASM(30005073)
Cyc=        38 Op1=[0x800000e8] Op2=[0x00000014] W[W, 5= 0x800000e8] [_,0x01428293]   31     PC=(0x800000f0,0x800000ec,0x800000e8) [73, 19, 23], WB: DASM(00000297)
Cyc=        39 Op1=[0x800000fc] Op2=[0x00000000] W[W, 5= 0x800000fc] [_,0x34129073]   32     PC=(0x800000f4,0x800000f0,0x800000ec) [73,115, 19], WB: DASM(01428293)
Cyc=        40 Op1=[0x00000000] Op2=[0x00000000] W[W, 0= 0x00000000] [_,0xf1402573]   33     PC=(0x800000f8,0x800000f4,0x800000f0) [73,115,115], WB: DASM(34129073)
Cyc=        41 Op1=[0x00000000] Op2=[0x00000000] W[W,10= 0x00000000] [_,0x30200073]   34     PC=(0x800000fc,0x800000f8,0x800000f4) [17,115,115], WB: DASM(f1402573)
Cyc=        42 Op1=[0x00002000] Op2=[0x800000fc] W[_, 0= 0x00000000] [_,0x00002097]   35   X PC=(0x80000100,0x800000fc,0x800000f8) [13, 23,115], WB: DASM(30200073)
Cyc=        43 Op1=[0x00000000] Op2=[0xffffff04] W[_, 1= 0x800020fc] [_,0xf0408093]   36     PC=(0x800000fc,0x80000100,0x800000fc) [17, 51, 51], WB: DASM(00004033)
Cyc=        44 Op1=[0x00002000] Op2=[0x800000fc] W[_, 1= 0xffffff04] [_,0x00002097]   37     PC=(0x80000100,0x800000fc,0x80000100) [13, 23, 51], WB: DASM(00004033)
Cyc=        45 Op1=[0x800020fc] Op2=[0xffffff04] W[W, 1= 0x800020fc] [_,0xf0408093]   37     PC=(0x80000104,0x80000100,0x800000fc) [13, 19, 23], WB: DASM(00002097)
Cyc=        46 Op1=[0x00000000] Op2=[0x000000aa] W[W, 1= 0x80002000] [_,0x0aa00113]   38     PC=(0x80000108,0x80000104,0x80000100) [23, 19, 19], WB: DASM(f0408093)
Cyc=        47 Op1=[0x80002000] Op2=[0x00000000] W[W, 2= 0x000000aa] [_,0x00209023]   39     PC=(0x8000010c,0x80000108,0x80000104) [03, 35, 19], WB: DASM(0aa00113)
Cyc=        48 Op1=[0x80002000] Op2=[0x00000000] W[_, 0= 0x80002000] [_,0x00009f03]   40     PC=(0x80000110,0x8000010c,0x80000108) [13,  3, 35], WB: DASM(00209023)
Cyc=        49 Op1=[0x00000000] Op2=[0x000000aa] W[W,30= 0x000000aa] [_,0x0aa00e93]   41     PC=(0x80000114,0x80000110,0x8000010c) [13, 19,  3], WB: DASM(00009f03)
Cyc=        50 Op1=[0x00000000] Op2=[0x00000002] W[W,29= 0x000000aa] [_,0x00200193]   42     PC=(0x80000118,0x80000114,0x80000110) [63, 19, 19], WB: DASM(0aa00e93)
Cyc=        51 Op1=[0x000000aa] Op2=[0x000000aa] W[W, 3= 0x00000002] [_,0x45df1e63]   43     PC=(0x8000011c,0x80000118,0x80000114) [17, 99, 19], WB: DASM(00200193)
Cyc=        52 Op1=[0x00002000] Op2=[0x8000011c] W[_,28= 0x00000154] [_,0x00002097]   44     PC=(0x80000120,0x8000011c,0x80000118) [13, 23, 99], WB: DASM(45df1e63)
Cyc=        53 Op1=[0x8000211c] Op2=[0xfffffee4] W[W, 1= 0x8000211c] [_,0xee408093]   45     PC=(0x80000124,0x80000120,0x8000011c) [37, 19, 23], WB: DASM(00002097)
Cyc=        54 Op1=[0xffffb000] Op2=[0x00000000] W[W, 1= 0x80002000] [_,0xffffb137]   46     PC=(0x80000128,0x80000124,0x80000120) [13, 55, 19], WB: DASM(ee408093)
Cyc=        55 Op1=[0xffffb000] Op2=[0xfffffa00] W[W, 2= 0xffffb000] [_,0xa0010113]   47     PC=(0x8000012c,0x80000128,0x80000124) [23, 19, 55], WB: DASM(ffffb137)
Cyc=        56 Op1=[0x80002000] Op2=[0x00000002] W[W, 2= 0xffffaa00] [_,0x00209123]   48     PC=(0x80000130,0x8000012c,0x80000128) [03, 35, 19], WB: DASM(a0010113)
Cyc=        57 Op1=[0x80002000] Op2=[0x00000002] W[_, 2= 0x80002002] [_,0x00209f03]   49     PC=(0x80000134,0x80000130,0x8000012c) [37,  3, 35], WB: DASM(00209123)
Cyc=        58 Op1=[0xffffb000] Op2=[0x00000000] W[W,30= 0xffffaa00] [_,0xffffbeb7]   50     PC=(0x80000138,0x80000134,0x80000130) [13, 55,  3], WB: DASM(00209f03)
Cyc=        59 Op1=[0xffffb000] Op2=[0xfffffa00] W[W,29= 0xffffb000] [_,0xa00e8e93]   51     PC=(0x8000013c,0x80000138,0x80000134) [13, 19, 55], WB: DASM(ffffbeb7)
Cyc=        60 Op1=[0x00000000] Op2=[0x00000003] W[W,29= 0xffffaa00] [_,0x00300193]   52     PC=(0x80000140,0x8000013c,0x80000138) [63, 19, 19], WB: DASM(a00e8e93)
Cyc=        61 Op1=[0xffffaa00] Op2=[0xffffaa00] W[W, 3= 0x00000003] [_,0x43df1a63]   53     PC=(0x80000144,0x80000140,0x8000013c) [17, 99, 19], WB: DASM(00300193)
Cyc=        62 Op1=[0x00002000] Op2=[0x80000144] W[_,20= 0xffff5400] [_,0x00002097]   54     PC=(0x80000148,0x80000144,0x80000140) [13, 23, 99], WB: DASM(43df1a63)
Cyc=        63 Op1=[0x80002144] Op2=[0xfffffebc] W[W, 1= 0x80002144] [_,0xebc08093]   55     PC=(0x8000014c,0x80000148,0x80000144) [37, 19, 23], WB: DASM(00002097)
Cyc=        64 Op1=[0xbeef1000] Op2=[0x00000000] W[W, 1= 0x80002000] [_,0xbeef1137]   56     PC=(0x80000150,0x8000014c,0x80000148) [13, 55, 19], WB: DASM(ebc08093)
Cyc=        65 Op1=[0xbeef1000] Op2=[0xfffffaa0] W[W, 2= 0xbeef1000] [_,0xaa010113]   57     PC=(0x80000154,0x80000150,0x8000014c) [23, 19, 55], WB: DASM(beef1137)
Cyc=        66 Op1=[0x80002000] Op2=[0x00000004] W[W, 2= 0xbeef0aa0] [_,0x00209223]   58     PC=(0x80000158,0x80000154,0x80000150) [03, 35, 19], WB: DASM(aa010113)
Cyc=        67 Op1=[0x80002000] Op2=[0x00000004] W[_, 4= 0x80002004] [_,0x0040af03]   59     PC=(0x8000015c,0x80000158,0x80000154) [37,  3, 35], WB: DASM(00209223)
Cyc=        68 Op1=[0xbeef1000] Op2=[0x00000000] W[W,30= 0xbeef0aa0] [_,0xbeef1eb7]   60 H   PC=(0x80000160,0x8000015c,0x80000158) [13, 55,  3], WB: DASM(0040af03)
Cyc=        69 Op1=[0xbeef1000] Op2=[0x00000000] W[_,29= 0xbeef1000] [_,0xbeef1eb7]   61     PC=(0x80000160,0x8000015c,0x00000000) [13, 55, 51], WB: DASM(00004033)
Cyc=        70 Op1=[0xbeef1000] Op2=[0xfffffaa0] W[W,29= 0xbeef1000] [_,0xaa0e8e93]   61     PC=(0x80000164,0x80000160,0x8000015c) [13, 19, 55], WB: DASM(beef1eb7)
Cyc=        71 Op1=[0x00000000] Op2=[0x00000004] W[W,29= 0xbeef0aa0] [_,0x00400193]   62     PC=(0x80000168,0x80000164,0x80000160) [63, 19, 19], WB: DASM(aa0e8e93)
Cyc=        72 Op1=[0xbeef0aa0] Op2=[0xbeef0aa0] W[W, 3= 0x00000004] [_,0x41df1663]   63     PC=(0x8000016c,0x80000168,0x80000164) [17, 99, 19], WB: DASM(00400193)
Cyc=        73 Op1=[0x00002000] Op2=[0x8000016c] W[_,12= 0x7dde1540] [_,0x00002097]   64     PC=(0x80000170,0x8000016c,0x80000168) [13, 23, 99], WB: DASM(41df1663)
Cyc=        74 Op1=[0x8000216c] Op2=[0xfffffe94] W[W, 1= 0x8000216c] [_,0xe9408093]   65     PC=(0x80000174,0x80000170,0x8000016c) [37, 19, 23], WB: DASM(00002097)
Cyc=        75 Op1=[0xffffa000] Op2=[0x00000000] W[W, 1= 0x80002000] [_,0xffffa137]   66     PC=(0x80000178,0x80000174,0x80000170) [13, 55, 19], WB: DASM(e9408093)
Cyc=        76 Op1=[0xffffa000] Op2=[0x0000000a] W[W, 2= 0xffffa000] [_,0x00a10113]   67     PC=(0x8000017c,0x80000178,0x80000174) [23, 19, 55], WB: DASM(ffffa137)
Cyc=        77 Op1=[0x80002000] Op2=[0x00000006] W[W, 2= 0xffffa00a] [_,0x00209323]   68     PC=(0x80000180,0x8000017c,0x80000178) [03, 35, 19], WB: DASM(00a10113)
Cyc=        78 Op1=[0x80002000] Op2=[0x00000006] W[_, 6= 0x80002006] [_,0x00609f03]   69     PC=(0x80000184,0x80000180,0x8000017c) [37,  3, 35], WB: DASM(00209323)
Cyc=        79 Op1=[0xffffa000] Op2=[0x00000000] W[W,30= 0xffffa00a] [_,0xffffaeb7]   70     PC=(0x80000188,0x80000184,0x80000180) [13, 55,  3], WB: DASM(00609f03)
Cyc=        80 Op1=[0xffffa000] Op2=[0x0000000a] W[W,29= 0xffffa000] [_,0x00ae8e93]   71     PC=(0x8000018c,0x80000188,0x80000184) [13, 19, 55], WB: DASM(ffffaeb7)
Cyc=        81 Op1=[0x00000000] Op2=[0x00000005] W[W,29= 0xffffa00a] [_,0x00500193]   72     PC=(0x80000190,0x8000018c,0x80000188) [63, 19, 19], WB: DASM(00ae8e93)
Cyc=        82 Op1=[0xffffa00a] Op2=[0xffffa00a] W[W, 3= 0x00000005] [_,0x3fdf1263]   73     PC=(0x80000194,0x80000190,0x8000018c) [17, 99, 19], WB: DASM(00500193)
Cyc=        83 Op1=[0x00002000] Op2=[0x80000194] W[_, 4= 0xffff4014] [_,0x00002097]   74     PC=(0x80000198,0x80000194,0x80000190) [13, 23, 99], WB: DASM(3fdf1263)
Cyc=        84 Op1=[0x80002194] Op2=[0xfffffe7a] W[W, 1= 0x80002194] [_,0xe7a08093]   75     PC=(0x8000019c,0x80000198,0x80000194) [13, 19, 23], WB: DASM(00002097)
Cyc=        85 Op1=[0x00000000] Op2=[0x000000aa] W[W, 1= 0x8000200e] [_,0x0aa00113]   76     PC=(0x800001a0,0x8000019c,0x80000198) [23, 19, 19], WB: DASM(e7a08093)
Cyc=        86 Op1=[0x8000200e] Op2=[0xfffffffa] W[W, 2= 0x000000aa] [_,0xfe209d23]   77     PC=(0x800001a4,0x800001a0,0x8000019c) [03, 35, 19], WB: DASM(0aa00113)
Cyc=        87 Op1=[0x8000200e] Op2=[0xfffffffa] W[_,26= 0x80002008] [_,0xffa09f03]   78     PC=(0x800001a8,0x800001a4,0x800001a0) [13,  3, 35], WB: DASM(fe209d23)
Cyc=        88 Op1=[0x00000000] Op2=[0x000000aa] W[W,30= 0x000000aa] [_,0x0aa00e93]   79     PC=(0x800001ac,0x800001a8,0x800001a4) [13, 19,  3], WB: DASM(ffa09f03)
Cyc=        89 Op1=[0x00000000] Op2=[0x00000006] W[W,29= 0x000000aa] [_,0x00600193]   80     PC=(0x800001b0,0x800001ac,0x800001a8) [63, 19, 19], WB: DASM(0aa00e93)
Cyc=        90 Op1=[0x000000aa] Op2=[0x000000aa] W[W, 3= 0x00000006] [_,0x3ddf1263]   81     PC=(0x800001b4,0x800001b0,0x800001ac) [17, 99, 19], WB: DASM(00600193)
Cyc=        91 Op1=[0x00002000] Op2=[0x800001b4] W[_, 4= 0x00000154] [_,0x00002097]   82     PC=(0x800001b8,0x800001b4,0x800001b0) [13, 23, 99], WB: DASM(3ddf1263)
Cyc=        92 Op1=[0x800021b4] Op2=[0xfffffe5a] W[W, 1= 0x800021b4] [_,0xe5a08093]   83     PC=(0x800001bc,0x800001b8,0x800001b4) [37, 19, 23], WB: DASM(00002097)
Cyc=        93 Op1=[0xffffb000] Op2=[0x00000000] W[W, 1= 0x8000200e] [_,0xffffb137]   84     PC=(0x800001c0,0x800001bc,0x800001b8) [13, 55, 19], WB: DASM(e5a08093)
Cyc=        94 Op1=[0xffffb000] Op2=[0xfffffa00] W[W, 2= 0xffffb000] [_,0xa0010113]   85     PC=(0x800001c4,0x800001c0,0x800001bc) [23, 19, 55], WB: DASM(ffffb137)
Cyc=        95 Op1=[0x8000200e] Op2=[0xfffffffc] W[W, 2= 0xffffaa00] [_,0xfe209e23]   86     PC=(0x800001c8,0x800001c4,0x800001c0) [03, 35, 19], WB: DASM(a0010113)
Cyc=        96 Op1=[0x8000200e] Op2=[0xfffffffc] W[_,28= 0x8000200a] [_,0xffc09f03]   87     PC=(0x800001cc,0x800001c8,0x800001c4) [37,  3, 35], WB: DASM(fe209e23)
Cyc=        97 Op1=[0xffffb000] Op2=[0x00000000] W[W,30= 0xffffaa00] [_,0xffffbeb7]   88     PC=(0x800001d0,0x800001cc,0x800001c8) [13, 55,  3], WB: DASM(ffc09f03)
Cyc=        98 Op1=[0xffffb000] Op2=[0xfffffa00] W[W,29= 0xffffb000] [_,0xa00e8e93]   89     PC=(0x800001d4,0x800001d0,0x800001cc) [13, 19, 55], WB: DASM(ffffbeb7)
Cyc=        99 Op1=[0x00000000] Op2=[0x00000007] W[W,29= 0xffffaa00] [_,0x00700193]   90     PC=(0x800001d8,0x800001d4,0x800001d0) [63, 19, 19], WB: DASM(a00e8e93)
Cyc=       100 Op1=[0xffffaa00] Op2=[0xffffaa00] W[W, 3= 0x00000007] [_,0x39df1e63]   91     PC=(0x800001dc,0x800001d8,0x800001d4) [17, 99, 19], WB: DASM(00700193)
Cyc=       101 Op1=[0x00002000] Op2=[0x800001dc] W[_,28= 0xffff5400] [_,0x00002097]   92     PC=(0x800001e0,0x800001dc,0x800001d8) [13, 23, 99], WB: DASM(39df1e63)
Cyc=       102 Op1=[0x800021dc] Op2=[0xfffffe32] W[W, 1= 0x800021dc] [_,0xe3208093]   93     PC=(0x800001e4,0x800001e0,0x800001dc) [37, 19, 23], WB: DASM(00002097)
Cyc=       103 Op1=[0x00001000] Op2=[0x00000000] W[W, 1= 0x8000200e] [_,0x00001137]   94     PC=(0x800001e8,0x800001e4,0x800001e0) [13, 55, 19], WB: DASM(e3208093)
Cyc=       104 Op1=[0x00001000] Op2=[0xfffffaa0] W[W, 2= 0x00001000] [_,0xaa010113]   95     PC=(0x800001ec,0x800001e8,0x800001e4) [23, 19, 55], WB: DASM(00001137)
Cyc=       105 Op1=[0x8000200e] Op2=[0xfffffffe] W[W, 2= 0x00000aa0] [_,0xfe209f23]   96     PC=(0x800001f0,0x800001ec,0x800001e8) [03, 35, 19], WB: DASM(aa010113)
Cyc=       106 Op1=[0x8000200e] Op2=[0xfffffffe] W[_,30= 0x8000200c] [_,0xffe09f03]   97     PC=(0x800001f4,0x800001f0,0x800001ec) [37,  3, 35], WB: DASM(fe209f23)
Cyc=       107 Op1=[0x00001000] Op2=[0x00000000] W[W,30= 0x00000aa0] [_,0x00001eb7]   98     PC=(0x800001f8,0x800001f4,0x800001f0) [13, 55,  3], WB: DASM(ffe09f03)
Cyc=       108 Op1=[0x00001000] Op2=[0xfffffaa0] W[W,29= 0x00001000] [_,0xaa0e8e93]   99     PC=(0x800001fc,0x800001f8,0x800001f4) [13, 19, 55], WB: DASM(00001eb7)
Cyc=       109 Op1=[0x00000000] Op2=[0x00000008] W[W,29= 0x00000aa0] [_,0x00800193]  100     PC=(0x80000200,0x800001fc,0x800001f8) [63, 19, 19], WB: DASM(aa0e8e93)
Cyc=       110 Op1=[0x00000aa0] Op2=[0x00000aa0] W[W, 3= 0x00000008] [_,0x37df1a63]  101     PC=(0x80000204,0x80000200,0x800001fc) [17, 99, 19], WB: DASM(00800193)
Cyc=       111 Op1=[0x00002000] Op2=[0x80000204] W[_,20= 0x00001540] [_,0x00002097]  102     PC=(0x80000208,0x80000204,0x80000200) [13, 23, 99], WB: DASM(37df1a63)
Cyc=       112 Op1=[0x80002204] Op2=[0xfffffe0a] W[W, 1= 0x80002204] [_,0xe0a08093]  103     PC=(0x8000020c,0x80000208,0x80000204) [37, 19, 23], WB: DASM(00002097)
Cyc=       113 Op1=[0xffffa000] Op2=[0x00000000] W[W, 1= 0x8000200e] [_,0xffffa137]  104     PC=(0x80000210,0x8000020c,0x80000208) [13, 55, 19], WB: DASM(e0a08093)
Cyc=       114 Op1=[0xffffa000] Op2=[0x0000000a] W[W, 2= 0xffffa000] [_,0x00a10113]  105     PC=(0x80000214,0x80000210,0x8000020c) [23, 19, 55], WB: DASM(ffffa137)
Cyc=       115 Op1=[0x8000200e] Op2=[0x00000000] W[W, 2= 0xffffa00a] [_,0x00209023]  106     PC=(0x80000218,0x80000214,0x80000210) [03, 35, 19], WB: DASM(00a10113)
Cyc=       116 Op1=[0x8000200e] Op2=[0x00000000] W[_, 0= 0x8000200e] [_,0x00009f03]  107     PC=(0x8000021c,0x80000218,0x80000214) [37,  3, 35], WB: DASM(00209023)
Cyc=       117 Op1=[0xffffa000] Op2=[0x00000000] W[W,30= 0xffffa00a] [_,0xffffaeb7]  108     PC=(0x80000220,0x8000021c,0x80000218) [13, 55,  3], WB: DASM(00009f03)
Cyc=       118 Op1=[0xffffa000] Op2=[0x0000000a] W[W,29= 0xffffa000] [_,0x00ae8e93]  109     PC=(0x80000224,0x80000220,0x8000021c) [13, 19, 55], WB: DASM(ffffaeb7)
Cyc=       119 Op1=[0x00000000] Op2=[0x00000009] W[W,29= 0xffffa00a] [_,0x00900193]  110     PC=(0x80000228,0x80000224,0x80000220) [63, 19, 19], WB: DASM(00ae8e93)
Cyc=       120 Op1=[0xffffa00a] Op2=[0xffffa00a] W[W, 3= 0x00000009] [_,0x35df1663]  111     PC=(0x8000022c,0x80000228,0x80000224) [17, 99, 19], WB: DASM(00900193)
Cyc=       121 Op1=[0x00002000] Op2=[0x8000022c] W[_,12= 0xffff4014] [_,0x00002097]  112     PC=(0x80000230,0x8000022c,0x80000228) [13, 23, 99], WB: DASM(35df1663)
Cyc=       122 Op1=[0x8000222c] Op2=[0xfffffde4] W[W, 1= 0x8000222c] [_,0xde408093]  113     PC=(0x80000234,0x80000230,0x8000022c) [37, 19, 23], WB: DASM(00002097)
Cyc=       123 Op1=[0x12345000] Op2=[0x00000009] W[W, 1= 0x80002010] [_,0x12345137]  114     PC=(0x80000238,0x80000234,0x80000230) [13, 55, 19], WB: DASM(de408093)
Cyc=       124 Op1=[0x12345000] Op2=[0x00000678] W[W, 2= 0x12345000] [_,0x67810113]  115     PC=(0x8000023c,0x80000238,0x80000234) [13, 19, 55], WB: DASM(12345137)
Cyc=       125 Op1=[0x80002010] Op2=[0xffffffe0] W[W, 2= 0x12345678] [_,0xfe008213]  116     PC=(0x80000240,0x8000023c,0x80000238) [23, 19, 19], WB: DASM(67810113)
Cyc=       126 Op1=[0x80001ff0] Op2=[0x00000020] W[W, 4= 0x80001ff0] [_,0x02221023]  117     PC=(0x80000244,0x80000240,0x8000023c) [03, 35, 19], WB: DASM(fe008213)
Cyc=       127 Op1=[0x80002010] Op2=[0x00000000] W[_, 0= 0x80002010] [_,0x00009283]  118     PC=(0x80000248,0x80000244,0x80000240) [37,  3, 35], WB: DASM(02221023)
Cyc=       128 Op1=[0x00005000] Op2=[0x00000000] W[W, 5= 0x00005678] [_,0x00005eb7]  119     PC=(0x8000024c,0x80000248,0x80000244) [13, 55,  3], WB: DASM(00009283)
Cyc=       129 Op1=[0x00005000] Op2=[0x00000678] W[W,29= 0x00005000] [_,0x678e8e93]  120     PC=(0x80000250,0x8000024c,0x80000248) [13, 19, 55], WB: DASM(00005eb7)
Cyc=       130 Op1=[0x00000000] Op2=[0x0000000a] W[W,29= 0x00005678] [_,0x00a00193]  121     PC=(0x80000254,0x80000250,0x8000024c) [63, 19, 19], WB: DASM(678e8e93)
Cyc=       131 Op1=[0x00005678] Op2=[0x00005678] W[W, 3= 0x0000000a] [_,0x33d29063]  122     PC=(0x80000258,0x80000254,0x80000250) [17, 99, 19], WB: DASM(00a00193)
Cyc=       132 Op1=[0x00002000] Op2=[0x80000258] W[_, 0= 0x0000acf0] [_,0x00002097]  123     PC=(0x8000025c,0x80000258,0x80000254) [13, 23, 99], WB: DASM(33d29063)
Cyc=       133 Op1=[0x80002258] Op2=[0xfffffdb8] W[W, 1= 0x80002258] [_,0xdb808093]  124     PC=(0x80000260,0x8000025c,0x80000258) [37, 19, 23], WB: DASM(00002097)
Cyc=       134 Op1=[0x00003000] Op2=[0x00000000] W[W, 1= 0x80002010] [_,0x00003137]  125     PC=(0x80000264,0x80000260,0x8000025c) [13, 55, 19], WB: DASM(db808093)
Cyc=       135 Op1=[0x00003000] Op2=[0x00000098] W[W, 2= 0x00003000] [_,0x09810113]  126     PC=(0x80000268,0x80000264,0x80000260) [13, 19, 55], WB: DASM(00003137)
Cyc=       136 Op1=[0x80002010] Op2=[0xfffffffb] W[W, 2= 0x00003098] [_,0xffb08093]  127     PC=(0x8000026c,0x80000268,0x80000264) [23, 19, 19], WB: DASM(09810113)
Cyc=       137 Op1=[0x8000200b] Op2=[0x00000007] W[W, 1= 0x8000200b] [_,0x002093a3]  128     PC=(0x80000270,0x8000026c,0x80000268) [17, 35, 19], WB: DASM(ffb08093)
Cyc=       138 Op1=[0x00002000] Op2=[0x80000270] W[_, 7= 0x80002012] [_,0x00002217]  129     PC=(0x80000274,0x80000270,0x8000026c) [13, 23, 35], WB: DASM(002093a3)
Cyc=       139 Op1=[0x80002270] Op2=[0xfffffda2] W[W, 4= 0x80002270] [_,0xda220213]  130     PC=(0x80000278,0x80000274,0x80000270) [03, 19, 23], WB: DASM(00002217)
Cyc=       140 Op1=[0x80002012] Op2=[0x00000000] W[W, 4= 0x80002012] [_,0x00021283]  131     PC=(0x8000027c,0x80000278,0x80000274) [37,  3, 19], WB: DASM(da220213)
Cyc=       141 Op1=[0x00003000] Op2=[0x00000000] W[W, 5= 0x00003098] [_,0x00003eb7]  132     PC=(0x80000280,0x8000027c,0x80000278) [13, 55,  3], WB: DASM(00021283)
Cyc=       142 Op1=[0x00003000] Op2=[0x00000098] W[W,29= 0x00003000] [_,0x098e8e93]  133     PC=(0x80000284,0x80000280,0x8000027c) [13, 19, 55], WB: DASM(00003eb7)
Cyc=       143 Op1=[0x00000000] Op2=[0x0000000b] W[W,29= 0x00003098] [_,0x00b00193]  134     PC=(0x80000288,0x80000284,0x80000280) [63, 19, 19], WB: DASM(098e8e93)
Cyc=       144 Op1=[0x00003098] Op2=[0x00003098] W[W, 3= 0x0000000b] [_,0x2fd29663]  135     PC=(0x8000028c,0x80000288,0x80000284) [13, 99, 19], WB: DASM(00b00193)
Cyc=       145 Op1=[0x00000000] Op2=[0x0000000c] W[_,12= 0x00006130] [_,0x00c00193]  136     PC=(0x80000290,0x8000028c,0x80000288) [13, 19, 99], WB: DASM(2fd29663)
Cyc=       146 Op1=[0x00000000] Op2=[0x00000000] W[W, 3= 0x0000000c] [_,0x00000213]  137     PC=(0x80000294,0x80000290,0x8000028c) [37, 19, 19], WB: DASM(00c00193)
Cyc=       147 Op1=[0xffffd000] Op2=[0x00000000] W[W, 4= 0x00000000] [_,0xffffd0b7]  138     PC=(0x80000298,0x80000294,0x80000290) [13, 55, 19], WB: DASM(00000213)
Cyc=       148 Op1=[0xffffd000] Op2=[0xfffffcdd] W[W, 1= 0xffffd000] [_,0xcdd08093]  139     PC=(0x8000029c,0x80000298,0x80000294) [17, 19, 55], WB: DASM(ffffd0b7)
Cyc=       149 Op1=[0x00002000] Op2=[0x8000029c] W[W, 1= 0xffffccdd] [_,0x00002117]  140     PC=(0x800002a0,0x8000029c,0x80000298) [13, 23, 19], WB: DASM(cdd08093)
Cyc=       150 Op1=[0x8000229c] Op2=[0xfffffd64] W[W, 2= 0x8000229c] [_,0xd6410113]  141     PC=(0x800002a4,0x800002a0,0x8000029c) [23, 19, 23], WB: DASM(00002117)
Cyc=       151 Op1=[0x80002000] Op2=[0x00000000] W[W, 2= 0x80002000] [_,0x00111023]  142     PC=(0x800002a8,0x800002a4,0x800002a0) [03, 35, 19], WB: DASM(d6410113)
Cyc=       152 Op1=[0x80002000] Op2=[0x00000000] W[_, 0= 0x80002000] [_,0x00011f03]  143     PC=(0x800002ac,0x800002a8,0x800002a4) [37,  3, 35], WB: DASM(00111023)
Cyc=       153 Op1=[0xffffd000] Op2=[0x00000000] W[W,30= 0xffffccdd] [_,0xffffdeb7]  144     PC=(0x800002b0,0x800002ac,0x800002a8) [13, 55,  3], WB: DASM(00011f03)
Cyc=       154 Op1=[0xffffd000] Op2=[0xfffffcdd] W[W,29= 0xffffd000] [_,0xcdde8e93]  145     PC=(0x800002b4,0x800002b0,0x800002ac) [63, 19, 55], WB: DASM(ffffdeb7)
Cyc=       155 Op1=[0xffffccdd] Op2=[0xffffccdd] W[W,29= 0xffffccdd] [_,0x2ddf1063]  146     PC=(0x800002b8,0x800002b4,0x800002b0) [13, 99, 19], WB: DASM(cdde8e93)
Cyc=       156 Op1=[0x00000000] Op2=[0x00000001] W[_, 0= 0xffff99ba] [_,0x00120213]  147     PC=(0x800002bc,0x800002b8,0x800002b4) [13, 19, 99], WB: DASM(2ddf1063)
Cyc=       157 Op1=[0x00000000] Op2=[0x00000002] W[W, 4= 0x00000001] [_,0x00200293]  148     PC=(0x800002c0,0x800002bc,0x800002b8) [63, 19, 19], WB: DASM(00120213)
Cyc=       158 Op1=[0x00000001] Op2=[0x00000002] W[W, 5= 0x00000002] [_,0xfc521ae3]  149   B PC=(0x800002c4,0x800002c0,0x800002bc) [13, 99, 19], WB: DASM(00200293)
Cyc=       159 Op1=[0x00000000] Op2=[0x0000000d] W[_,21= 0x00000003] [_,0x00d00193]  150     PC=(0x80000294,0x800002c4,0x800002c0) [37, 51, 99], WB: DASM(fc521ae3)
Cyc=       160 Op1=[0xffffd000] Op2=[0x00000000] W[_, 3= 0x0000000d] [_,0xffffd0b7]  151     PC=(0x80000298,0x80000294,0x800002c4) [13, 55, 51], WB: DASM(00004033)
Cyc=       161 Op1=[0xffffd000] Op2=[0xfffffcdd] W[W, 1= 0xffffd000] [_,0xcdd08093]  151     PC=(0x8000029c,0x80000298,0x80000294) [17, 19, 55], WB: DASM(ffffd0b7)
Cyc=       162 Op1=[0x00002000] Op2=[0x8000029c] W[W, 1= 0xffffccdd] [_,0x00002117]  152     PC=(0x800002a0,0x8000029c,0x80000298) [13, 23, 19], WB: DASM(cdd08093)
Cyc=       163 Op1=[0x8000229c] Op2=[0xfffffd64] W[W, 2= 0x8000229c] [_,0xd6410113]  153     PC=(0x800002a4,0x800002a0,0x8000029c) [23, 19, 23], WB: DASM(00002117)
Cyc=       164 Op1=[0x80002000] Op2=[0x00000000] W[W, 2= 0x80002000] [_,0x00111023]  154     PC=(0x800002a8,0x800002a4,0x800002a0) [03, 35, 19], WB: DASM(d6410113)
Cyc=       165 Op1=[0x80002000] Op2=[0x00000000] W[_, 0= 0x80002000] [_,0x00011f03]  155     PC=(0x800002ac,0x800002a8,0x800002a4) [37,  3, 35], WB: DASM(00111023)
Cyc=       166 Op1=[0xffffd000] Op2=[0x00000000] W[W,30= 0xffffccdd] [_,0xffffdeb7]  156     PC=(0x800002b0,0x800002ac,0x800002a8) [13, 55,  3], WB: DASM(00011f03)
Cyc=       167 Op1=[0xffffd000] Op2=[0xfffffcdd] W[W,29= 0xffffd000] [_,0xcdde8e93]  157     PC=(0x800002b4,0x800002b0,0x800002ac) [63, 19, 55], WB: DASM(ffffdeb7)
Cyc=       168 Op1=[0xffffccdd] Op2=[0xffffccdd] W[W,29= 0xffffccdd] [_,0x2ddf1063]  158     PC=(0x800002b8,0x800002b4,0x800002b0) [13, 99, 19], WB: DASM(cdde8e93)
Cyc=       169 Op1=[0x00000001] Op2=[0x00000001] W[_, 0= 0xffff99ba] [_,0x00120213]  159     PC=(0x800002bc,0x800002b8,0x800002b4) [13, 19, 99], WB: DASM(2ddf1063)
Cyc=       170 Op1=[0x00000000] Op2=[0x00000002] W[W, 4= 0x00000002] [_,0x00200293]  160     PC=(0x800002c0,0x800002bc,0x800002b8) [63, 19, 19], WB: DASM(00120213)
Cyc=       171 Op1=[0x00000002] Op2=[0x00000002] W[W, 5= 0x00000002] [_,0xfc521ae3]  161     PC=(0x800002c4,0x800002c0,0x800002bc) [13, 99, 19], WB: DASM(00200293)
Cyc=       172 Op1=[0x00000000] Op2=[0x0000000d] W[_,21= 0x00000004] [_,0x00d00193]  162     PC=(0x800002c8,0x800002c4,0x800002c0) [13, 19, 99], WB: DASM(fc521ae3)
Cyc=       173 Op1=[0x00000000] Op2=[0x00000000] W[W, 3= 0x0000000d] [_,0x00000213]  163     PC=(0x800002cc,0x800002c8,0x800002c4) [37, 19, 19], WB: DASM(00d00193)
Cyc=       174 Op1=[0xffffc000] Op2=[0x00000000] W[W, 4= 0x00000000] [_,0xffffc0b7]  164     PC=(0x800002d0,0x800002cc,0x800002c8) [13, 55, 19], WB: DASM(00000213)
Cyc=       175 Op1=[0xffffc000] Op2=[0xfffffccd] W[W, 1= 0xffffc000] [_,0xccd08093]  165     PC=(0x800002d4,0x800002d0,0x800002cc) [17, 19, 55], WB: DASM(ffffc0b7)
Cyc=       176 Op1=[0x00002000] Op2=[0x800002d4] W[W, 1= 0xffffbccd] [_,0x00002117]  166     PC=(0x800002d8,0x800002d4,0x800002d0) [13, 23, 19], WB: DASM(ccd08093)
Cyc=       177 Op1=[0x800022d4] Op2=[0xfffffd2c] W[W, 2= 0x800022d4] [_,0xd2c10113]  167     PC=(0x800002dc,0x800002d8,0x800002d4) [13, 19, 23], WB: DASM(00002117)
Cyc=       178 Op1=[0x00000000] Op2=[0x00000000] W[W, 2= 0x80002000] [_,0x00000013]  168     PC=(0x800002e0,0x800002dc,0x800002d8) [23, 19, 19], WB: DASM(d2c10113)
Cyc=       179 Op1=[0x80002000] Op2=[0x00000002] W[W, 0= 0x00000000] [_,0x00111123]  169     PC=(0x800002e4,0x800002e0,0x800002dc) [03, 35, 19], WB: DASM(00000013)
Cyc=       180 Op1=[0x80002000] Op2=[0x00000002] W[_, 2= 0x80002002] [_,0x00211f03]  170     PC=(0x800002e8,0x800002e4,0x800002e0) [37,  3, 35], WB: DASM(00111123)
Cyc=       181 Op1=[0xffffc000] Op2=[0x00000000] W[W,30= 0xffffbccd] [_,0xffffceb7]  171     PC=(0x800002ec,0x800002e8,0x800002e4) [13, 55,  3], WB: DASM(00211f03)
Cyc=       182 Op1=[0xffffc000] Op2=[0xfffffccd] W[W,29= 0xffffc000] [_,0xccde8e93]  172     PC=(0x800002f0,0x800002ec,0x800002e8) [63, 19, 55], WB: DASM(ffffceb7)
Cyc=       183 Op1=[0xffffbccd] Op2=[0xffffbccd] W[W,29= 0xffffbccd] [_,0x29df1263]  173     PC=(0x800002f4,0x800002f0,0x800002ec) [13, 99, 19], WB: DASM(ccde8e93)
Cyc=       184 Op1=[0x00000000] Op2=[0x00000001] W[_, 4= 0xffff799a] [_,0x00120213]  174     PC=(0x800002f8,0x800002f4,0x800002f0) [13, 19, 99], WB: DASM(29df1263)
Cyc=       185 Op1=[0x00000000] Op2=[0x00000002] W[W, 4= 0x00000001] [_,0x00200293]  175     PC=(0x800002fc,0x800002f8,0x800002f4) [63, 19, 19], WB: DASM(00120213)
Cyc=       186 Op1=[0x00000001] Op2=[0x00000002] W[W, 5= 0x00000002] [_,0xfc5218e3]  176   B PC=(0x80000300,0x800002fc,0x800002f8) [13, 99, 19], WB: DASM(00200293)
Cyc=       187 Op1=[0x00000000] Op2=[0x0000000e] W[_,17= 0x00000003] [_,0x00e00193]  177     PC=(0x800002cc,0x80000300,0x800002fc) [37, 51, 99], WB: DASM(fc5218e3)
Cyc=       188 Op1=[0xffffc000] Op2=[0x00000000] W[_, 3= 0x0000000e] [_,0xffffc0b7]  178     PC=(0x800002d0,0x800002cc,0x80000300) [13, 55, 51], WB: DASM(00004033)
Cyc=       189 Op1=[0xffffc000] Op2=[0xfffffccd] W[W, 1= 0xffffc000] [_,0xccd08093]  178     PC=(0x800002d4,0x800002d0,0x800002cc) [17, 19, 55], WB: DASM(ffffc0b7)
Cyc=       190 Op1=[0x00002000] Op2=[0x800002d4] W[W, 1= 0xffffbccd] [_,0x00002117]  179     PC=(0x800002d8,0x800002d4,0x800002d0) [13, 23, 19], WB: DASM(ccd08093)
Cyc=       191 Op1=[0x800022d4] Op2=[0xfffffd2c] W[W, 2= 0x800022d4] [_,0xd2c10113]  180     PC=(0x800002dc,0x800002d8,0x800002d4) [13, 19, 23], WB: DASM(00002117)
Cyc=       192 Op1=[0x00000000] Op2=[0x00000000] W[W, 2= 0x80002000] [_,0x00000013]  181     PC=(0x800002e0,0x800002dc,0x800002d8) [23, 19, 19], WB: DASM(d2c10113)
Cyc=       193 Op1=[0x80002000] Op2=[0x00000002] W[W, 0= 0x00000000] [_,0x00111123]  182     PC=(0x800002e4,0x800002e0,0x800002dc) [03, 35, 19], WB: DASM(00000013)
Cyc=       194 Op1=[0x80002000] Op2=[0x00000002] W[_, 2= 0x80002002] [_,0x00211f03]  183     PC=(0x800002e8,0x800002e4,0x800002e0) [37,  3, 35], WB: DASM(00111123)
Cyc=       195 Op1=[0xffffc000] Op2=[0x00000000] W[W,30= 0xffffbccd] [_,0xffffceb7]  184     PC=(0x800002ec,0x800002e8,0x800002e4) [13, 55,  3], WB: DASM(00211f03)
Cyc=       196 Op1=[0xffffc000] Op2=[0xfffffccd] W[W,29= 0xffffc000] [_,0xccde8e93]  185     PC=(0x800002f0,0x800002ec,0x800002e8) [63, 19, 55], WB: DASM(ffffceb7)
Cyc=       197 Op1=[0xffffbccd] Op2=[0xffffbccd] W[W,29= 0xffffbccd] [_,0x29df1263]  186     PC=(0x800002f4,0x800002f0,0x800002ec) [13, 99, 19], WB: DASM(ccde8e93)
Cyc=       198 Op1=[0x00000001] Op2=[0x00000001] W[_, 4= 0xffff799a] [_,0x00120213]  187     PC=(0x800002f8,0x800002f4,0x800002f0) [13, 19, 99], WB: DASM(29df1263)
Cyc=       199 Op1=[0x00000000] Op2=[0x00000002] W[W, 4= 0x00000002] [_,0x00200293]  188     PC=(0x800002fc,0x800002f8,0x800002f4) [63, 19, 19], WB: DASM(00120213)
Cyc=       200 Op1=[0x00000002] Op2=[0x00000002] W[W, 5= 0x00000002] [_,0xfc5218e3]  189     PC=(0x80000300,0x800002fc,0x800002f8) [13, 99, 19], WB: DASM(00200293)
Cyc=       201 Op1=[0x00000000] Op2=[0x0000000e] W[_,17= 0x00000004] [_,0x00e00193]  190     PC=(0x80000304,0x80000300,0x800002fc) [13, 19, 99], WB: DASM(fc5218e3)
Cyc=       202 Op1=[0x00000000] Op2=[0x00000000] W[W, 3= 0x0000000e] [_,0x00000213]  191     PC=(0x80000308,0x80000304,0x80000300) [37, 19, 19], WB: DASM(00e00193)
Cyc=       203 Op1=[0xffffc000] Op2=[0x00000000] W[W, 4= 0x00000000] [_,0xffffc0b7]  192     PC=(0x8000030c,0x80000308,0x80000304) [13, 55, 19], WB: DASM(00000213)
Cyc=       204 Op1=[0xffffc000] Op2=[0xfffffbcc] W[W, 1= 0xffffc000] [_,0xbcc08093]  193     PC=(0x80000310,0x8000030c,0x80000308) [17, 19, 55], WB: DASM(ffffc0b7)
Cyc=       205 Op1=[0x00002000] Op2=[0x80000310] W[W, 1= 0xffffbbcc] [_,0x00002117]  194     PC=(0x80000314,0x80000310,0x8000030c) [13, 23, 19], WB: DASM(bcc08093)
Cyc=       206 Op1=[0x80002310] Op2=[0xfffffcf0] W[W, 2= 0x80002310] [_,0xcf010113]  195     PC=(0x80000318,0x80000314,0x80000310) [13, 19, 23], WB: DASM(00002117)
Cyc=       207 Op1=[0x00000000] Op2=[0x00000000] W[W, 2= 0x80002000] [_,0x00000013]  196     PC=(0x8000031c,0x80000318,0x80000314) [13, 19, 19], WB: DASM(cf010113)
Cyc=       208 Op1=[0x00000000] Op2=[0x00000000] W[W, 0= 0x00000000] [_,0x00000013]  197     PC=(0x80000320,0x8000031c,0x80000318) [23, 19, 19], WB: DASM(00000013)
Cyc=       209 Op1=[0x80002000] Op2=[0x00000004] W[W, 0= 0x00000000] [_,0x00111223]  198     PC=(0x80000324,0x80000320,0x8000031c) [03, 35, 19], WB: DASM(00000013)
Cyc=       210 Op1=[0x80002000] Op2=[0x00000004] W[_, 4= 0x80002004] [_,0x00411f03]  199     PC=(0x80000328,0x80000324,0x80000320) [37,  3, 35], WB: DASM(00111223)
Cyc=       211 Op1=[0xffffc000] Op2=[0x00000000] W[W,30= 0xffffbbcc] [_,0xffffceb7]  200     PC=(0x8000032c,0x80000328,0x80000324) [13, 55,  3], WB: DASM(00411f03)
Cyc=       212 Op1=[0xffffc000] Op2=[0xfffffbcc] W[W,29= 0xffffc000] [_,0xbcce8e93]  201     PC=(0x80000330,0x8000032c,0x80000328) [63, 19, 55], WB: DASM(ffffceb7)
Cyc=       213 Op1=[0xffffbbcc] Op2=[0xffffbbcc] W[W,29= 0xffffbbcc] [_,0x25df1263]  202     PC=(0x80000334,0x80000330,0x8000032c) [13, 99, 19], WB: DASM(bcce8e93)
Cyc=       214 Op1=[0x00000000] Op2=[0x00000001] W[_, 4= 0xffff7798] [_,0x00120213]  203     PC=(0x80000338,0x80000334,0x80000330) [13, 19, 99], WB: DASM(25df1263)
Cyc=       215 Op1=[0x00000000] Op2=[0x00000002] W[W, 4= 0x00000001] [_,0x00200293]  204     PC=(0x8000033c,0x80000338,0x80000334) [63, 19, 19], WB: DASM(00120213)
Cyc=       216 Op1=[0x00000001] Op2=[0x00000002] W[W, 5= 0x00000002] [_,0xfc5216e3]  205   B PC=(0x80000340,0x8000033c,0x80000338) [13, 99, 19], WB: DASM(00200293)
Cyc=       217 Op1=[0x00000000] Op2=[0x0000000f] W[_,13= 0x00000003] [_,0x00f00193]  206     PC=(0x80000308,0x80000340,0x8000033c) [37, 51, 99], WB: DASM(fc5216e3)
Cyc=       218 Op1=[0xffffc000] Op2=[0x00000000] W[_, 3= 0x0000000f] [_,0xffffc0b7]  207     PC=(0x8000030c,0x80000308,0x80000340) [13, 55, 51], WB: DASM(00004033)
Cyc=       219 Op1=[0xffffc000] Op2=[0xfffffbcc] W[W, 1= 0xffffc000] [_,0xbcc08093]  207     PC=(0x80000310,0x8000030c,0x80000308) [17, 19, 55], WB: DASM(ffffc0b7)
Cyc=       220 Op1=[0x00002000] Op2=[0x80000310] W[W, 1= 0xffffbbcc] [_,0x00002117]  208     PC=(0x80000314,0x80000310,0x8000030c) [13, 23, 19], WB: DASM(bcc08093)
Cyc=       221 Op1=[0x80002310] Op2=[0xfffffcf0] W[W, 2= 0x80002310] [_,0xcf010113]  209     PC=(0x80000318,0x80000314,0x80000310) [13, 19, 23], WB: DASM(00002117)
Cyc=       222 Op1=[0x00000000] Op2=[0x00000000] W[W, 2= 0x80002000] [_,0x00000013]  210     PC=(0x8000031c,0x80000318,0x80000314) [13, 19, 19], WB: DASM(cf010113)
Cyc=       223 Op1=[0x00000000] Op2=[0x00000000] W[W, 0= 0x00000000] [_,0x00000013]  211     PC=(0x80000320,0x8000031c,0x80000318) [23, 19, 19], WB: DASM(00000013)
Cyc=       224 Op1=[0x80002000] Op2=[0x00000004] W[W, 0= 0x00000000] [_,0x00111223]  212     PC=(0x80000324,0x80000320,0x8000031c) [03, 35, 19], WB: DASM(00000013)
Cyc=       225 Op1=[0x80002000] Op2=[0x00000004] W[_, 4= 0x80002004] [_,0x00411f03]  213     PC=(0x80000328,0x80000324,0x80000320) [37,  3, 35], WB: DASM(00111223)
Cyc=       226 Op1=[0xffffc000] Op2=[0x00000000] W[W,30= 0xffffbbcc] [_,0xffffceb7]  214     PC=(0x8000032c,0x80000328,0x80000324) [13, 55,  3], WB: DASM(00411f03)
Cyc=       227 Op1=[0xffffc000] Op2=[0xfffffbcc] W[W,29= 0xffffc000] [_,0xbcce8e93]  215     PC=(0x80000330,0x8000032c,0x80000328) [63, 19, 55], WB: DASM(ffffceb7)
Cyc=       228 Op1=[0xffffbbcc] Op2=[0xffffbbcc] W[W,29= 0xffffbbcc] [_,0x25df1263]  216     PC=(0x80000334,0x80000330,0x8000032c) [13, 99, 19], WB: DASM(bcce8e93)
Cyc=       229 Op1=[0x00000001] Op2=[0x00000001] W[_, 4= 0xffff7798] [_,0x00120213]  217     PC=(0x80000338,0x80000334,0x80000330) [13, 19, 99], WB: DASM(25df1263)
Cyc=       230 Op1=[0x00000000] Op2=[0x00000002] W[W, 4= 0x00000002] [_,0x00200293]  218     PC=(0x8000033c,0x80000338,0x80000334) [63, 19, 19], WB: DASM(00120213)
Cyc=       231 Op1=[0x00000002] Op2=[0x00000002] W[W, 5= 0x00000002] [_,0xfc5216e3]  219     PC=(0x80000340,0x8000033c,0x80000338) [13, 99, 19], WB: DASM(00200293)
Cyc=       232 Op1=[0x00000000] Op2=[0x0000000f] W[_,13= 0x00000004] [_,0x00f00193]  220     PC=(0x80000344,0x80000340,0x8000033c) [13, 19, 99], WB: DASM(fc5216e3)
Cyc=       233 Op1=[0x00000000] Op2=[0x00000000] W[W, 3= 0x0000000f] [_,0x00000213]  221     PC=(0x80000348,0x80000344,0x80000340) [37, 19, 19], WB: DASM(00f00193)
Cyc=       234 Op1=[0xffffb000] Op2=[0x00000000] W[W, 4= 0x00000000] [_,0xffffb0b7]  222     PC=(0x8000034c,0x80000348,0x80000344) [13, 55, 19], WB: DASM(00000213)
Cyc=       235 Op1=[0xffffb000] Op2=[0xfffffbbc] W[W, 1= 0xffffb000] [_,0xbbc08093]  223     PC=(0x80000350,0x8000034c,0x80000348) [13, 19, 55], WB: DASM(ffffb0b7)
Cyc=       236 Op1=[0x00000000] Op2=[0x00000000] W[W, 1= 0xffffabbc] [_,0x00000013]  224     PC=(0x80000354,0x80000350,0x8000034c) [17, 19, 19], WB: DASM(bbc08093)
Cyc=       237 Op1=[0x00002000] Op2=[0x80000354] W[W, 0= 0x00000000] [_,0x00002117]  225     PC=(0x80000358,0x80000354,0x80000350) [13, 23, 19], WB: DASM(00000013)
Cyc=       238 Op1=[0x80002354] Op2=[0xfffffcac] W[W, 2= 0x80002354] [_,0xcac10113]  226     PC=(0x8000035c,0x80000358,0x80000354) [23, 19, 23], WB: DASM(00002117)
Cyc=       239 Op1=[0x80002000] Op2=[0x00000006] W[W, 2= 0x80002000] [_,0x00111323]  227     PC=(0x80000360,0x8000035c,0x80000358) [03, 35, 19], WB: DASM(cac10113)
Cyc=       240 Op1=[0x80002000] Op2=[0x00000006] W[_, 6= 0x80002006] [_,0x00611f03]  228     PC=(0x80000364,0x80000360,0x8000035c) [37,  3, 35], WB: DASM(00111323)
Cyc=       241 Op1=[0xffffb000] Op2=[0x00000000] W[W,30= 0xffffabbc] [_,0xffffbeb7]  229     PC=(0x80000368,0x80000364,0x80000360) [13, 55,  3], WB: DASM(00611f03)
Cyc=       242 Op1=[0xffffb000] Op2=[0xfffffbbc] W[W,29= 0xffffb000] [_,0xbbce8e93]  230     PC=(0x8000036c,0x80000368,0x80000364) [63, 19, 55], WB: DASM(ffffbeb7)
Cyc=       243 Op1=[0xffffabbc] Op2=[0xffffabbc] W[W,29= 0xffffabbc] [_,0x21df1463]  231     PC=(0x80000370,0x8000036c,0x80000368) [13, 99, 19], WB: DASM(bbce8e93)
Cyc=       244 Op1=[0x00000000] Op2=[0x00000001] W[_, 8= 0xffff5778] [_,0x00120213]  232     PC=(0x80000374,0x80000370,0x8000036c) [13, 19, 99], WB: DASM(21df1463)
Cyc=       245 Op1=[0x00000000] Op2=[0x00000002] W[W, 4= 0x00000001] [_,0x00200293]  233     PC=(0x80000378,0x80000374,0x80000370) [63, 19, 19], WB: DASM(00120213)
Cyc=       246 Op1=[0x00000001] Op2=[0x00000002] W[W, 5= 0x00000002] [_,0xfc5218e3]  234   B PC=(0x8000037c,0x80000378,0x80000374) [13, 99, 19], WB: DASM(00200293)
Cyc=       247 Op1=[0x00000000] Op2=[0x00000010] W[_,17= 0x00000003] [_,0x01000193]  235     PC=(0x80000348,0x8000037c,0x80000378) [37, 51, 99], WB: DASM(fc5218e3)
Cyc=       248 Op1=[0xffffb000] Op2=[0x00000000] W[_, 3= 0x00000010] [_,0xffffb0b7]  236     PC=(0x8000034c,0x80000348,0x8000037c) [13, 55, 51], WB: DASM(00004033)
Cyc=       249 Op1=[0xffffb000] Op2=[0xfffffbbc] W[W, 1= 0xffffb000] [_,0xbbc08093]  236     PC=(0x80000350,0x8000034c,0x80000348) [13, 19, 55], WB: DASM(ffffb0b7)
Cyc=       250 Op1=[0x00000000] Op2=[0x00000000] W[W, 1= 0xffffabbc] [_,0x00000013]  237     PC=(0x80000354,0x80000350,0x8000034c) [17, 19, 19], WB: DASM(bbc08093)
Cyc=       251 Op1=[0x00002000] Op2=[0x80000354] W[W, 0= 0x00000000] [_,0x00002117]  238     PC=(0x80000358,0x80000354,0x80000350) [13, 23, 19], WB: DASM(00000013)
Cyc=       252 Op1=[0x80002354] Op2=[0xfffffcac] W[W, 2= 0x80002354] [_,0xcac10113]  239     PC=(0x8000035c,0x80000358,0x80000354) [23, 19, 23], WB: DASM(00002117)
Cyc=       253 Op1=[0x80002000] Op2=[0x00000006] W[W, 2= 0x80002000] [_,0x00111323]  240     PC=(0x80000360,0x8000035c,0x80000358) [03, 35, 19], WB: DASM(cac10113)
Cyc=       254 Op1=[0x80002000] Op2=[0x00000006] W[_, 6= 0x80002006] [_,0x00611f03]  241     PC=(0x80000364,0x80000360,0x8000035c) [37,  3, 35], WB: DASM(00111323)
Cyc=       255 Op1=[0xffffb000] Op2=[0x00000000] W[W,30= 0xffffabbc] [_,0xffffbeb7]  242     PC=(0x80000368,0x80000364,0x80000360) [13, 55,  3], WB: DASM(00611f03)
Cyc=       256 Op1=[0xffffb000] Op2=[0xfffffbbc] W[W,29= 0xffffb000] [_,0xbbce8e93]  243     PC=(0x8000036c,0x80000368,0x80000364) [63, 19, 55], WB: DASM(ffffbeb7)
Cyc=       257 Op1=[0xffffabbc] Op2=[0xffffabbc] W[W,29= 0xffffabbc] [_,0x21df1463]  244     PC=(0x80000370,0x8000036c,0x80000368) [13, 99, 19], WB: DASM(bbce8e93)
Cyc=       258 Op1=[0x00000001] Op2=[0x00000001] W[_, 8= 0xffff5778] [_,0x00120213]  245     PC=(0x80000374,0x80000370,0x8000036c) [13, 19, 99], WB: DASM(21df1463)
Cyc=       259 Op1=[0x00000000] Op2=[0x00000002] W[W, 4= 0x00000002] [_,0x00200293]  246     PC=(0x80000378,0x80000374,0x80000370) [63, 19, 19], WB: DASM(00120213)
Cyc=       260 Op1=[0x00000002] Op2=[0x00000002] W[W, 5= 0x00000002] [_,0xfc5218e3]  247     PC=(0x8000037c,0x80000378,0x80000374) [13, 99, 19], WB: DASM(00200293)
Cyc=       261 Op1=[0x00000000] Op2=[0x00000010] W[_,17= 0x00000004] [_,0x01000193]  248     PC=(0x80000380,0x8000037c,0x80000378) [13, 19, 99], WB: DASM(fc5218e3)
Cyc=       262 Op1=[0x00000000] Op2=[0x00000000] W[W, 3= 0x00000010] [_,0x00000213]  249     PC=(0x80000384,0x80000380,0x8000037c) [37, 19, 19], WB: DASM(01000193)
Cyc=       263 Op1=[0xffffb000] Op2=[0x00000000] W[W, 4= 0x00000000] [_,0xffffb0b7]  250     PC=(0x80000388,0x80000384,0x80000380) [13, 55, 19], WB: DASM(00000213)
Cyc=       264 Op1=[0xffffb000] Op2=[0xfffffabb] W[W, 1= 0xffffb000] [_,0xabb08093]  251     PC=(0x8000038c,0x80000388,0x80000384) [13, 19, 55], WB: DASM(ffffb0b7)
Cyc=       265 Op1=[0x00000000] Op2=[0x00000000] W[W, 1= 0xffffaabb] [_,0x00000013]  252     PC=(0x80000390,0x8000038c,0x80000388) [17, 19, 19], WB: DASM(abb08093)
Cyc=       266 Op1=[0x00002000] Op2=[0x80000390] W[W, 0= 0x00000000] [_,0x00002117]  253     PC=(0x80000394,0x80000390,0x8000038c) [13, 23, 19], WB: DASM(00000013)
Cyc=       267 Op1=[0x80002390] Op2=[0xfffffc70] W[W, 2= 0x80002390] [_,0xc7010113]  254     PC=(0x80000398,0x80000394,0x80000390) [13, 19, 23], WB: DASM(00002117)
Cyc=       268 Op1=[0x00000000] Op2=[0x00000000] W[W, 2= 0x80002000] [_,0x00000013]  255     PC=(0x8000039c,0x80000398,0x80000394) [23, 19, 19], WB: DASM(c7010113)
Cyc=       269 Op1=[0x80002000] Op2=[0x00000008] W[W, 0= 0x00000000] [_,0x00111423]  256     PC=(0x800003a0,0x8000039c,0x80000398) [03, 35, 19], WB: DASM(00000013)
Cyc=       270 Op1=[0x80002000] Op2=[0x00000008] W[_, 8= 0x80002008] [_,0x00811f03]  257     PC=(0x800003a4,0x800003a0,0x8000039c) [37,  3, 35], WB: DASM(00111423)
Cyc=       271 Op1=[0xffffb000] Op2=[0x00000000] W[W,30= 0xffffaabb] [_,0xffffbeb7]  258     PC=(0x800003a8,0x800003a4,0x800003a0) [13, 55,  3], WB: DASM(00811f03)
Cyc=       272 Op1=[0xffffb000] Op2=[0xfffffabb] W[W,29= 0xffffb000] [_,0xabbe8e93]  259     PC=(0x800003ac,0x800003a8,0x800003a4) [63, 19, 55], WB: DASM(ffffbeb7)
Cyc=       273 Op1=[0xffffaabb] Op2=[0xffffaabb] W[W,29= 0xffffaabb] [_,0x1ddf1463]  260     PC=(0x800003b0,0x800003ac,0x800003a8) [13, 99, 19], WB: DASM(abbe8e93)
Cyc=       274 Op1=[0x00000000] Op2=[0x00000001] W[_, 8= 0xffff5576] [_,0x00120213]  261     PC=(0x800003b4,0x800003b0,0x800003ac) [13, 19, 99], WB: DASM(1ddf1463)
Cyc=       275 Op1=[0x00000000] Op2=[0x00000002] W[W, 4= 0x00000001] [_,0x00200293]  262     PC=(0x800003b8,0x800003b4,0x800003b0) [63, 19, 19], WB: DASM(00120213)
Cyc=       276 Op1=[0x00000001] Op2=[0x00000002] W[W, 5= 0x00000002] [_,0xfc5216e3]  263   B PC=(0x800003bc,0x800003b8,0x800003b4) [13, 99, 19], WB: DASM(00200293)
Cyc=       277 Op1=[0x00000000] Op2=[0x00000011] W[_,13= 0x00000003] [_,0x01100193]  264     PC=(0x80000384,0x800003bc,0x800003b8) [37, 51, 99], WB: DASM(fc5216e3)
Cyc=       278 Op1=[0xffffb000] Op2=[0x00000000] W[_, 3= 0x00000011] [_,0xffffb0b7]  265     PC=(0x80000388,0x80000384,0x800003bc) [13, 55, 51], WB: DASM(00004033)
Cyc=       279 Op1=[0xffffb000] Op2=[0xfffffabb] W[W, 1= 0xffffb000] [_,0xabb08093]  265     PC=(0x8000038c,0x80000388,0x80000384) [13, 19, 55], WB: DASM(ffffb0b7)
Cyc=       280 Op1=[0x00000000] Op2=[0x00000000] W[W, 1= 0xffffaabb] [_,0x00000013]  266     PC=(0x80000390,0x8000038c,0x80000388) [17, 19, 19], WB: DASM(abb08093)
Cyc=       281 Op1=[0x00002000] Op2=[0x80000390] W[W, 0= 0x00000000] [_,0x00002117]  267     PC=(0x80000394,0x80000390,0x8000038c) [13, 23, 19], WB: DASM(00000013)
Cyc=       282 Op1=[0x80002390] Op2=[0xfffffc70] W[W, 2= 0x80002390] [_,0xc7010113]  268     PC=(0x80000398,0x80000394,0x80000390) [13, 19, 23], WB: DASM(00002117)
Cyc=       283 Op1=[0x00000000] Op2=[0x00000000] W[W, 2= 0x80002000] [_,0x00000013]  269     PC=(0x8000039c,0x80000398,0x80000394) [23, 19, 19], WB: DASM(c7010113)
Cyc=       284 Op1=[0x80002000] Op2=[0x00000008] W[W, 0= 0x00000000] [_,0x00111423]  270     PC=(0x800003a0,0x8000039c,0x80000398) [03, 35, 19], WB: DASM(00000013)
Cyc=       285 Op1=[0x80002000] Op2=[0x00000008] W[_, 8= 0x80002008] [_,0x00811f03]  271     PC=(0x800003a4,0x800003a0,0x8000039c) [37,  3, 35], WB: DASM(00111423)
Cyc=       286 Op1=[0xffffb000] Op2=[0x00000000] W[W,30= 0xffffaabb] [_,0xffffbeb7]  272     PC=(0x800003a8,0x800003a4,0x800003a0) [13, 55,  3], WB: DASM(00811f03)
Cyc=       287 Op1=[0xffffb000] Op2=[0xfffffabb] W[W,29= 0xffffb000] [_,0xabbe8e93]  273     PC=(0x800003ac,0x800003a8,0x800003a4) [63, 19, 55], WB: DASM(ffffbeb7)
Cyc=       288 Op1=[0xffffaabb] Op2=[0xffffaabb] W[W,29= 0xffffaabb] [_,0x1ddf1463]  274     PC=(0x800003b0,0x800003ac,0x800003a8) [13, 99, 19], WB: DASM(abbe8e93)
Cyc=       289 Op1=[0x00000001] Op2=[0x00000001] W[_, 8= 0xffff5576] [_,0x00120213]  275     PC=(0x800003b4,0x800003b0,0x800003ac) [13, 19, 99], WB: DASM(1ddf1463)
Cyc=       290 Op1=[0x00000000] Op2=[0x00000002] W[W, 4= 0x00000002] [_,0x00200293]  276     PC=(0x800003b8,0x800003b4,0x800003b0) [63, 19, 19], WB: DASM(00120213)
Cyc=       291 Op1=[0x00000002] Op2=[0x00000002] W[W, 5= 0x00000002] [_,0xfc5216e3]  277     PC=(0x800003bc,0x800003b8,0x800003b4) [13, 99, 19], WB: DASM(00200293)
Cyc=       292 Op1=[0x00000000] Op2=[0x00000011] W[_,13= 0x00000004] [_,0x01100193]  278     PC=(0x800003c0,0x800003bc,0x800003b8) [13, 19, 99], WB: DASM(fc5216e3)
Cyc=       293 Op1=[0x00000000] Op2=[0x00000000] W[W, 3= 0x00000011] [_,0x00000213]  279     PC=(0x800003c4,0x800003c0,0x800003bc) [37, 19, 19], WB: DASM(01100193)
Cyc=       294 Op1=[0xffffe000] Op2=[0x00000000] W[W, 4= 0x00000000] [_,0xffffe0b7]  280     PC=(0x800003c8,0x800003c4,0x800003c0) [13, 55, 19], WB: DASM(00000213)
Cyc=       295 Op1=[0xffffe000] Op2=[0xfffffaab] W[W, 1= 0xffffe000] [_,0xaab08093]  281     PC=(0x800003cc,0x800003c8,0x800003c4) [13, 19, 55], WB: DASM(ffffe0b7)
Cyc=       296 Op1=[0x00000000] Op2=[0x00000000] W[W, 1= 0xffffdaab] [_,0x00000013]  282     PC=(0x800003d0,0x800003cc,0x800003c8) [13, 19, 19], WB: DASM(aab08093)
Cyc=       297 Op1=[0x00000000] Op2=[0x00000000] W[W, 0= 0x00000000] [_,0x00000013]  283     PC=(0x800003d4,0x800003d0,0x800003cc) [17, 19, 19], WB: DASM(00000013)
Cyc=       298 Op1=[0x00002000] Op2=[0x800003d4] W[W, 0= 0x00000000] [_,0x00002117]  284     PC=(0x800003d8,0x800003d4,0x800003d0) [13, 23, 19], WB: DASM(00000013)
Cyc=       299 Op1=[0x800023d4] Op2=[0xfffffc2c] W[W, 2= 0x800023d4] [_,0xc2c10113]  285     PC=(0x800003dc,0x800003d8,0x800003d4) [23, 19, 23], WB: DASM(00002117)
Cyc=       300 Op1=[0x80002000] Op2=[0x0000000a] W[W, 2= 0x80002000] [_,0x00111523]  286     PC=(0x800003e0,0x800003dc,0x800003d8) [03, 35, 19], WB: DASM(c2c10113)
Cyc=       301 Op1=[0x80002000] Op2=[0x0000000a] W[_,10= 0x8000200a] [_,0x00a11f03]  287     PC=(0x800003e4,0x800003e0,0x800003dc) [37,  3, 35], WB: DASM(00111523)
Cyc=       302 Op1=[0xffffe000] Op2=[0x00000000] W[W,30= 0xffffdaab] [_,0xffffeeb7]  288     PC=(0x800003e8,0x800003e4,0x800003e0) [13, 55,  3], WB: DASM(00a11f03)
Cyc=       303 Op1=[0xffffe000] Op2=[0xfffffaab] W[W,29= 0xffffe000] [_,0xaabe8e93]  289     PC=(0x800003ec,0x800003e8,0x800003e4) [63, 19, 55], WB: DASM(ffffeeb7)
Cyc=       304 Op1=[0xffffdaab] Op2=[0xffffdaab] W[W,29= 0xffffdaab] [_,0x19df1463]  290     PC=(0x800003f0,0x800003ec,0x800003e8) [13, 99, 19], WB: DASM(aabe8e93)
Cyc=       305 Op1=[0x00000000] Op2=[0x00000001] W[_, 8= 0xffffb556] [_,0x00120213]  291     PC=(0x800003f4,0x800003f0,0x800003ec) [13, 19, 99], WB: DASM(19df1463)
Cyc=       306 Op1=[0x00000000] Op2=[0x00000002] W[W, 4= 0x00000001] [_,0x00200293]  292     PC=(0x800003f8,0x800003f4,0x800003f0) [63, 19, 19], WB: DASM(00120213)
Cyc=       307 Op1=[0x00000001] Op2=[0x00000002] W[W, 5= 0x00000002] [_,0xfc5216e3]  293   B PC=(0x800003fc,0x800003f8,0x800003f4) [13, 99, 19], WB: DASM(00200293)
Cyc=       308 Op1=[0x00000000] Op2=[0x00000012] W[_,13= 0x00000003] [_,0x01200193]  294     PC=(0x800003c4,0x800003fc,0x800003f8) [37, 51, 99], WB: DASM(fc5216e3)
Cyc=       309 Op1=[0xffffe000] Op2=[0x00000000] W[_, 3= 0x00000012] [_,0xffffe0b7]  295     PC=(0x800003c8,0x800003c4,0x800003fc) [13, 55, 51], WB: DASM(00004033)
Cyc=       310 Op1=[0xffffe000] Op2=[0xfffffaab] W[W, 1= 0xffffe000] [_,0xaab08093]  295     PC=(0x800003cc,0x800003c8,0x800003c4) [13, 19, 55], WB: DASM(ffffe0b7)
Cyc=       311 Op1=[0x00000000] Op2=[0x00000000] W[W, 1= 0xffffdaab] [_,0x00000013]  296     PC=(0x800003d0,0x800003cc,0x800003c8) [13, 19, 19], WB: DASM(aab08093)
Cyc=       312 Op1=[0x00000000] Op2=[0x00000000] W[W, 0= 0x00000000] [_,0x00000013]  297     PC=(0x800003d4,0x800003d0,0x800003cc) [17, 19, 19], WB: DASM(00000013)
Cyc=       313 Op1=[0x00002000] Op2=[0x800003d4] W[W, 0= 0x00000000] [_,0x00002117]  298     PC=(0x800003d8,0x800003d4,0x800003d0) [13, 23, 19], WB: DASM(00000013)
Cyc=       314 Op1=[0x800023d4] Op2=[0xfffffc2c] W[W, 2= 0x800023d4] [_,0xc2c10113]  299     PC=(0x800003dc,0x800003d8,0x800003d4) [23, 19, 23], WB: DASM(00002117)
Cyc=       315 Op1=[0x80002000] Op2=[0x0000000a] W[W, 2= 0x80002000] [_,0x00111523]  300     PC=(0x800003e0,0x800003dc,0x800003d8) [03, 35, 19], WB: DASM(c2c10113)
Cyc=       316 Op1=[0x80002000] Op2=[0x0000000a] W[_,10= 0x8000200a] [_,0x00a11f03]  301     PC=(0x800003e4,0x800003e0,0x800003dc) [37,  3, 35], WB: DASM(00111523)
Cyc=       317 Op1=[0xffffe000] Op2=[0x00000000] W[W,30= 0xffffdaab] [_,0xffffeeb7]  302     PC=(0x800003e8,0x800003e4,0x800003e0) [13, 55,  3], WB: DASM(00a11f03)
Cyc=       318 Op1=[0xffffe000] Op2=[0xfffffaab] W[W,29= 0xffffe000] [_,0xaabe8e93]  303     PC=(0x800003ec,0x800003e8,0x800003e4) [63, 19, 55], WB: DASM(ffffeeb7)
Cyc=       319 Op1=[0xffffdaab] Op2=[0xffffdaab] W[W,29= 0xffffdaab] [_,0x19df1463]  304     PC=(0x800003f0,0x800003ec,0x800003e8) [13, 99, 19], WB: DASM(aabe8e93)
Cyc=       320 Op1=[0x00000001] Op2=[0x00000001] W[_, 8= 0xffffb556] [_,0x00120213]  305     PC=(0x800003f4,0x800003f0,0x800003ec) [13, 19, 99], WB: DASM(19df1463)
Cyc=       321 Op1=[0x00000000] Op2=[0x00000002] W[W, 4= 0x00000002] [_,0x00200293]  306     PC=(0x800003f8,0x800003f4,0x800003f0) [63, 19, 19], WB: DASM(00120213)
Cyc=       322 Op1=[0x00000002] Op2=[0x00000002] W[W, 5= 0x00000002] [_,0xfc5216e3]  307     PC=(0x800003fc,0x800003f8,0x800003f4) [13, 99, 19], WB: DASM(00200293)
Cyc=       323 Op1=[0x00000000] Op2=[0x00000012] W[_,13= 0x00000004] [_,0x01200193]  308     PC=(0x80000400,0x800003fc,0x800003f8) [13, 19, 99], WB: DASM(fc5216e3)
Cyc=       324 Op1=[0x00000000] Op2=[0x00000000] W[W, 3= 0x00000012] [_,0x00000213]  309     PC=(0x80000404,0x80000400,0x800003fc) [17, 19, 19], WB: DASM(01200193)
Cyc=       325 Op1=[0x00002000] Op2=[0x80000404] W[W, 4= 0x00000000] [_,0x00002117]  310     PC=(0x80000408,0x80000404,0x80000400) [13, 23, 19], WB: DASM(00000213)
Cyc=       326 Op1=[0x80002404] Op2=[0xfffffbfc] W[W, 2= 0x80002404] [_,0xbfc10113]  311     PC=(0x8000040c,0x80000408,0x80000404) [37, 19, 23], WB: DASM(00002117)
Cyc=       327 Op1=[0x00002000] Op2=[0x00000000] W[W, 2= 0x80002000] [_,0x000020b7]  312     PC=(0x80000410,0x8000040c,0x80000408) [13, 55, 19], WB: DASM(bfc10113)
Cyc=       328 Op1=[0x00002000] Op2=[0x00000233] W[W, 1= 0x00002000] [_,0x23308093]  313     PC=(0x80000414,0x80000410,0x8000040c) [23, 19, 55], WB: DASM(000020b7)
Cyc=       329 Op1=[0x80002000] Op2=[0x00000000] W[W, 1= 0x00002233] [_,0x00111023]  314     PC=(0x80000418,0x80000414,0x80000410) [03, 35, 19], WB: DASM(23308093)
Cyc=       330 Op1=[0x80002000] Op2=[0x00000000] W[_, 0= 0x80002000] [_,0x00011f03]  315     PC=(0x8000041c,0x80000418,0x80000414) [37,  3, 35], WB: DASM(00111023)
Cyc=       331 Op1=[0x00002000] Op2=[0x00000000] W[W,30= 0x00002233] [_,0x00002eb7]  316     PC=(0x80000420,0x8000041c,0x80000418) [13, 55,  3], WB: DASM(00011f03)
Cyc=       332 Op1=[0x00002000] Op2=[0x00000233] W[W,29= 0x00002000] [_,0x233e8e93]  317     PC=(0x80000424,0x80000420,0x8000041c) [63, 19, 55], WB: DASM(00002eb7)
Cyc=       333 Op1=[0x00002233] Op2=[0x00002233] W[W,29= 0x00002233] [_,0x15df1863]  318     PC=(0x80000428,0x80000424,0x80000420) [13, 99, 19], WB: DASM(233e8e93)
Cyc=       334 Op1=[0x00000000] Op2=[0x00000001] W[_,16= 0x00004466] [_,0x00120213]  319     PC=(0x8000042c,0x80000428,0x80000424) [13, 19, 99], WB: DASM(15df1863)
Cyc=       335 Op1=[0x00000000] Op2=[0x00000002] W[W, 4= 0x00000001] [_,0x00200293]  320     PC=(0x80000430,0x8000042c,0x80000428) [63, 19, 19], WB: DASM(00120213)
Cyc=       336 Op1=[0x00000001] Op2=[0x00000002] W[W, 5= 0x00000002] [_,0xfc521ae3]  321   B PC=(0x80000434,0x80000430,0x8000042c) [13, 99, 19], WB: DASM(00200293)
Cyc=       337 Op1=[0x00000000] Op2=[0x00000013] W[_,21= 0x00000003] [_,0x01300193]  322     PC=(0x80000404,0x80000434,0x80000430) [17, 51, 99], WB: DASM(fc521ae3)
Cyc=       338 Op1=[0x00002000] Op2=[0x80000404] W[_, 3= 0x00000013] [_,0x00002117]  323     PC=(0x80000408,0x80000404,0x80000434) [13, 23, 51], WB: DASM(00004033)
Cyc=       339 Op1=[0x80002404] Op2=[0xfffffbfc] W[W, 2= 0x80002404] [_,0xbfc10113]  323     PC=(0x8000040c,0x80000408,0x80000404) [37, 19, 23], WB: DASM(00002117)
Cyc=       340 Op1=[0x00002000] Op2=[0x00000000] W[W, 2= 0x80002000] [_,0x000020b7]  324     PC=(0x80000410,0x8000040c,0x80000408) [13, 55, 19], WB: DASM(bfc10113)
Cyc=       341 Op1=[0x00002000] Op2=[0x00000233] W[W, 1= 0x00002000] [_,0x23308093]  325     PC=(0x80000414,0x80000410,0x8000040c) [23, 19, 55], WB: DASM(000020b7)
Cyc=       342 Op1=[0x80002000] Op2=[0x00000000] W[W, 1= 0x00002233] [_,0x00111023]  326     PC=(0x80000418,0x80000414,0x80000410) [03, 35, 19], WB: DASM(23308093)
Cyc=       343 Op1=[0x80002000] Op2=[0x00000000] W[_, 0= 0x80002000] [_,0x00011f03]  327     PC=(0x8000041c,0x80000418,0x80000414) [37,  3, 35], WB: DASM(00111023)
Cyc=       344 Op1=[0x00002000] Op2=[0x00000000] W[W,30= 0x00002233] [_,0x00002eb7]  328     PC=(0x80000420,0x8000041c,0x80000418) [13, 55,  3], WB: DASM(00011f03)
Cyc=       345 Op1=[0x00002000] Op2=[0x00000233] W[W,29= 0x00002000] [_,0x233e8e93]  329     PC=(0x80000424,0x80000420,0x8000041c) [63, 19, 55], WB: DASM(00002eb7)
Cyc=       346 Op1=[0x00002233] Op2=[0x00002233] W[W,29= 0x00002233] [_,0x15df1863]  330     PC=(0x80000428,0x80000424,0x80000420) [13, 99, 19], WB: DASM(233e8e93)
Cyc=       347 Op1=[0x00000001] Op2=[0x00000001] W[_,16= 0x00004466] [_,0x00120213]  331     PC=(0x8000042c,0x80000428,0x80000424) [13, 19, 99], WB: DASM(15df1863)
Cyc=       348 Op1=[0x00000000] Op2=[0x00000002] W[W, 4= 0x00000002] [_,0x00200293]  332     PC=(0x80000430,0x8000042c,0x80000428) [63, 19, 19], WB: DASM(00120213)
Cyc=       349 Op1=[0x00000002] Op2=[0x00000002] W[W, 5= 0x00000002] [_,0xfc521ae3]  333     PC=(0x80000434,0x80000430,0x8000042c) [13, 99, 19], WB: DASM(00200293)
Cyc=       350 Op1=[0x00000000] Op2=[0x00000013] W[_,21= 0x00000004] [_,0x01300193]  334     PC=(0x80000438,0x80000434,0x80000430) [13, 19, 99], WB: DASM(fc521ae3)
Cyc=       351 Op1=[0x00000000] Op2=[0x00000000] W[W, 3= 0x00000013] [_,0x00000213]  335     PC=(0x8000043c,0x80000438,0x80000434) [17, 19, 19], WB: DASM(01300193)
Cyc=       352 Op1=[0x00002000] Op2=[0x8000043c] W[W, 4= 0x00000000] [_,0x00002117]  336     PC=(0x80000440,0x8000043c,0x80000438) [13, 23, 19], WB: DASM(00000213)
Cyc=       353 Op1=[0x8000243c] Op2=[0xfffffbc4] W[W, 2= 0x8000243c] [_,0xbc410113]  337     PC=(0x80000444,0x80000440,0x8000043c) [37, 19, 23], WB: DASM(00002117)
Cyc=       354 Op1=[0x00001000] Op2=[0x00000000] W[W, 2= 0x80002000] [_,0x000010b7]  338     PC=(0x80000448,0x80000444,0x80000440) [13, 55, 19], WB: DASM(bc410113)
Cyc=       355 Op1=[0x00001000] Op2=[0x00000223] W[W, 1= 0x00001000] [_,0x22308093]  339     PC=(0x8000044c,0x80000448,0x80000444) [13, 19, 55], WB: DASM(000010b7)
Cyc=       356 Op1=[0x00000000] Op2=[0x00000000] W[W, 1= 0x00001223] [_,0x00000013]  340     PC=(0x80000450,0x8000044c,0x80000448) [23, 19, 19], WB: DASM(22308093)
Cyc=       357 Op1=[0x80002000] Op2=[0x00000002] W[W, 0= 0x00000000] [_,0x00111123]  341     PC=(0x80000454,0x80000450,0x8000044c) [03, 35, 19], WB: DASM(00000013)
Cyc=       358 Op1=[0x80002000] Op2=[0x00000002] W[_, 2= 0x80002002] [_,0x00211f03]  342     PC=(0x80000458,0x80000454,0x80000450) [37,  3, 35], WB: DASM(00111123)
Cyc=       359 Op1=[0x00001000] Op2=[0x00000000] W[W,30= 0x00001223] [_,0x00001eb7]  343     PC=(0x8000045c,0x80000458,0x80000454) [13, 55,  3], WB: DASM(00211f03)
Cyc=       360 Op1=[0x00001000] Op2=[0x00000223] W[W,29= 0x00001000] [_,0x223e8e93]  344     PC=(0x80000460,0x8000045c,0x80000458) [63, 19, 55], WB: DASM(00001eb7)
Cyc=       361 Op1=[0x00001223] Op2=[0x00001223] W[W,29= 0x00001223] [_,0x11df1a63]  345     PC=(0x80000464,0x80000460,0x8000045c) [13, 99, 19], WB: DASM(223e8e93)
Cyc=       362 Op1=[0x00000000] Op2=[0x00000001] W[_,20= 0x00002446] [_,0x00120213]  346     PC=(0x80000468,0x80000464,0x80000460) [13, 19, 99], WB: DASM(11df1a63)
Cyc=       363 Op1=[0x00000000] Op2=[0x00000002] W[W, 4= 0x00000001] [_,0x00200293]  347     PC=(0x8000046c,0x80000468,0x80000464) [63, 19, 19], WB: DASM(00120213)
Cyc=       364 Op1=[0x00000001] Op2=[0x00000002] W[W, 5= 0x00000002] [_,0xfc5218e3]  348   B PC=(0x80000470,0x8000046c,0x80000468) [13, 99, 19], WB: DASM(00200293)
Cyc=       365 Op1=[0x00000000] Op2=[0x00000014] W[_,17= 0x00000003] [_,0x01400193]  349     PC=(0x8000043c,0x80000470,0x8000046c) [17, 51, 99], WB: DASM(fc5218e3)
Cyc=       366 Op1=[0x00002000] Op2=[0x8000043c] W[_, 3= 0x00000014] [_,0x00002117]  350     PC=(0x80000440,0x8000043c,0x80000470) [13, 23, 51], WB: DASM(00004033)
Cyc=       367 Op1=[0x8000243c] Op2=[0xfffffbc4] W[W, 2= 0x8000243c] [_,0xbc410113]  350     PC=(0x80000444,0x80000440,0x8000043c) [37, 19, 23], WB: DASM(00002117)
Cyc=       368 Op1=[0x00001000] Op2=[0x00000000] W[W, 2= 0x80002000] [_,0x000010b7]  351     PC=(0x80000448,0x80000444,0x80000440) [13, 55, 19], WB: DASM(bc410113)
Cyc=       369 Op1=[0x00001000] Op2=[0x00000223] W[W, 1= 0x00001000] [_,0x22308093]  352     PC=(0x8000044c,0x80000448,0x80000444) [13, 19, 55], WB: DASM(000010b7)
Cyc=       370 Op1=[0x00000000] Op2=[0x00000000] W[W, 1= 0x00001223] [_,0x00000013]  353     PC=(0x80000450,0x8000044c,0x80000448) [23, 19, 19], WB: DASM(22308093)
Cyc=       371 Op1=[0x80002000] Op2=[0x00000002] W[W, 0= 0x00000000] [_,0x00111123]  354     PC=(0x80000454,0x80000450,0x8000044c) [03, 35, 19], WB: DASM(00000013)
Cyc=       372 Op1=[0x80002000] Op2=[0x00000002] W[_, 2= 0x80002002] [_,0x00211f03]  355     PC=(0x80000458,0x80000454,0x80000450) [37,  3, 35], WB: DASM(00111123)
Cyc=       373 Op1=[0x00001000] Op2=[0x00000000] W[W,30= 0x00001223] [_,0x00001eb7]  356     PC=(0x8000045c,0x80000458,0x80000454) [13, 55,  3], WB: DASM(00211f03)
Cyc=       374 Op1=[0x00001000] Op2=[0x00000223] W[W,29= 0x00001000] [_,0x223e8e93]  357     PC=(0x80000460,0x8000045c,0x80000458) [63, 19, 55], WB: DASM(00001eb7)
Cyc=       375 Op1=[0x00001223] Op2=[0x00001223] W[W,29= 0x00001223] [_,0x11df1a63]  358     PC=(0x80000464,0x80000460,0x8000045c) [13, 99, 19], WB: DASM(223e8e93)
Cyc=       376 Op1=[0x00000001] Op2=[0x00000001] W[_,20= 0x00002446] [_,0x00120213]  359     PC=(0x80000468,0x80000464,0x80000460) [13, 19, 99], WB: DASM(11df1a63)
Cyc=       377 Op1=[0x00000000] Op2=[0x00000002] W[W, 4= 0x00000002] [_,0x00200293]  360     PC=(0x8000046c,0x80000468,0x80000464) [63, 19, 19], WB: DASM(00120213)
Cyc=       378 Op1=[0x00000002] Op2=[0x00000002] W[W, 5= 0x00000002] [_,0xfc5218e3]  361     PC=(0x80000470,0x8000046c,0x80000468) [13, 99, 19], WB: DASM(00200293)
Cyc=       379 Op1=[0x00000000] Op2=[0x00000014] W[_,17= 0x00000004] [_,0x01400193]  362     PC=(0x80000474,0x80000470,0x8000046c) [13, 19, 99], WB: DASM(fc5218e3)
Cyc=       380 Op1=[0x00000000] Op2=[0x00000000] W[W, 3= 0x00000014] [_,0x00000213]  363     PC=(0x80000478,0x80000474,0x80000470) [17, 19, 19], WB: DASM(01400193)
Cyc=       381 Op1=[0x00002000] Op2=[0x80000478] W[W, 4= 0x00000000] [_,0x00002117]  364     PC=(0x8000047c,0x80000478,0x80000474) [13, 23, 19], WB: DASM(00000213)
Cyc=       382 Op1=[0x80002478] Op2=[0xfffffb88] W[W, 2= 0x80002478] [_,0xb8810113]  365     PC=(0x80000480,0x8000047c,0x80000478) [37, 19, 23], WB: DASM(00002117)
Cyc=       383 Op1=[0x00001000] Op2=[0x00000000] W[W, 2= 0x80002000] [_,0x000010b7]  366     PC=(0x80000484,0x80000480,0x8000047c) [13, 55, 19], WB: DASM(b8810113)
Cyc=       384 Op1=[0x00001000] Op2=[0x00000122] W[W, 1= 0x00001000] [_,0x12208093]  367     PC=(0x80000488,0x80000484,0x80000480) [13, 19, 55], WB: DASM(000010b7)
Cyc=       385 Op1=[0x00000000] Op2=[0x00000000] W[W, 1= 0x00001122] [_,0x00000013]  368     PC=(0x8000048c,0x80000488,0x80000484) [13, 19, 19], WB: DASM(12208093)
Cyc=       386 Op1=[0x00000000] Op2=[0x00000000] W[W, 0= 0x00000000] [_,0x00000013]  369     PC=(0x80000490,0x8000048c,0x80000488) [23, 19, 19], WB: DASM(00000013)
Cyc=       387 Op1=[0x80002000] Op2=[0x00000004] W[W, 0= 0x00000000] [_,0x00111223]  370     PC=(0x80000494,0x80000490,0x8000048c) [03, 35, 19], WB: DASM(00000013)
Cyc=       388 Op1=[0x80002000] Op2=[0x00000004] W[_, 4= 0x80002004] [_,0x00411f03]  371     PC=(0x80000498,0x80000494,0x80000490) [37,  3, 35], WB: DASM(00111223)
Cyc=       389 Op1=[0x00001000] Op2=[0x00000000] W[W,30= 0x00001122] [_,0x00001eb7]  372     PC=(0x8000049c,0x80000498,0x80000494) [13, 55,  3], WB: DASM(00411f03)
Cyc=       390 Op1=[0x00001000] Op2=[0x00000122] W[W,29= 0x00001000] [_,0x122e8e93]  373     PC=(0x800004a0,0x8000049c,0x80000498) [63, 19, 55], WB: DASM(00001eb7)
Cyc=       391 Op1=[0x00001122] Op2=[0x00001122] W[W,29= 0x00001122] [_,0x0ddf1a63]  374     PC=(0x800004a4,0x800004a0,0x8000049c) [13, 99, 19], WB: DASM(122e8e93)
Cyc=       392 Op1=[0x00000000] Op2=[0x00000001] W[_,20= 0x00002244] [_,0x00120213]  375     PC=(0x800004a8,0x800004a4,0x800004a0) [13, 19, 99], WB: DASM(0ddf1a63)
Cyc=       393 Op1=[0x00000000] Op2=[0x00000002] W[W, 4= 0x00000001] [_,0x00200293]  376     PC=(0x800004ac,0x800004a8,0x800004a4) [63, 19, 19], WB: DASM(00120213)
Cyc=       394 Op1=[0x00000001] Op2=[0x00000002] W[W, 5= 0x00000002] [_,0xfc5216e3]  377   B PC=(0x800004b0,0x800004ac,0x800004a8) [13, 99, 19], WB: DASM(00200293)
Cyc=       395 Op1=[0x00000000] Op2=[0x00000015] W[_,13= 0x00000003] [_,0x01500193]  378     PC=(0x80000478,0x800004b0,0x800004ac) [17, 51, 99], WB: DASM(fc5216e3)
Cyc=       396 Op1=[0x00002000] Op2=[0x80000478] W[_, 3= 0x00000015] [_,0x00002117]  379     PC=(0x8000047c,0x80000478,0x800004b0) [13, 23, 51], WB: DASM(00004033)
Cyc=       397 Op1=[0x80002478] Op2=[0xfffffb88] W[W, 2= 0x80002478] [_,0xb8810113]  379     PC=(0x80000480,0x8000047c,0x80000478) [37, 19, 23], WB: DASM(00002117)
Cyc=       398 Op1=[0x00001000] Op2=[0x00000000] W[W, 2= 0x80002000] [_,0x000010b7]  380     PC=(0x80000484,0x80000480,0x8000047c) [13, 55, 19], WB: DASM(b8810113)
Cyc=       399 Op1=[0x00001000] Op2=[0x00000122] W[W, 1= 0x00001000] [_,0x12208093]  381     PC=(0x80000488,0x80000484,0x80000480) [13, 19, 55], WB: DASM(000010b7)
Cyc=       400 Op1=[0x00000000] Op2=[0x00000000] W[W, 1= 0x00001122] [_,0x00000013]  382     PC=(0x8000048c,0x80000488,0x80000484) [13, 19, 19], WB: DASM(12208093)
Cyc=       401 Op1=[0x00000000] Op2=[0x00000000] W[W, 0= 0x00000000] [_,0x00000013]  383     PC=(0x80000490,0x8000048c,0x80000488) [23, 19, 19], WB: DASM(00000013)
Cyc=       402 Op1=[0x80002000] Op2=[0x00000004] W[W, 0= 0x00000000] [_,0x00111223]  384     PC=(0x80000494,0x80000490,0x8000048c) [03, 35, 19], WB: DASM(00000013)
Cyc=       403 Op1=[0x80002000] Op2=[0x00000004] W[_, 4= 0x80002004] [_,0x00411f03]  385     PC=(0x80000498,0x80000494,0x80000490) [37,  3, 35], WB: DASM(00111223)
Cyc=       404 Op1=[0x00001000] Op2=[0x00000000] W[W,30= 0x00001122] [_,0x00001eb7]  386     PC=(0x8000049c,0x80000498,0x80000494) [13, 55,  3], WB: DASM(00411f03)
Cyc=       405 Op1=[0x00001000] Op2=[0x00000122] W[W,29= 0x00001000] [_,0x122e8e93]  387     PC=(0x800004a0,0x8000049c,0x80000498) [63, 19, 55], WB: DASM(00001eb7)
Cyc=       406 Op1=[0x00001122] Op2=[0x00001122] W[W,29= 0x00001122] [_,0x0ddf1a63]  388     PC=(0x800004a4,0x800004a0,0x8000049c) [13, 99, 19], WB: DASM(122e8e93)
Cyc=       407 Op1=[0x00000001] Op2=[0x00000001] W[_,20= 0x00002244] [_,0x00120213]  389     PC=(0x800004a8,0x800004a4,0x800004a0) [13, 19, 99], WB: DASM(0ddf1a63)
Cyc=       408 Op1=[0x00000000] Op2=[0x00000002] W[W, 4= 0x00000002] [_,0x00200293]  390     PC=(0x800004ac,0x800004a8,0x800004a4) [63, 19, 19], WB: DASM(00120213)
Cyc=       409 Op1=[0x00000002] Op2=[0x00000002] W[W, 5= 0x00000002] [_,0xfc5216e3]  391     PC=(0x800004b0,0x800004ac,0x800004a8) [13, 99, 19], WB: DASM(00200293)
Cyc=       410 Op1=[0x00000000] Op2=[0x00000015] W[_,13= 0x00000004] [_,0x01500193]  392     PC=(0x800004b4,0x800004b0,0x800004ac) [13, 19, 99], WB: DASM(fc5216e3)
Cyc=       411 Op1=[0x00000000] Op2=[0x00000000] W[W, 3= 0x00000015] [_,0x00000213]  393     PC=(0x800004b8,0x800004b4,0x800004b0) [17, 19, 19], WB: DASM(01500193)
Cyc=       412 Op1=[0x00002000] Op2=[0x800004b8] W[W, 4= 0x00000000] [_,0x00002117]  394     PC=(0x800004bc,0x800004b8,0x800004b4) [13, 23, 19], WB: DASM(00000213)
Cyc=       413 Op1=[0x800024b8] Op2=[0xfffffb48] W[W, 2= 0x800024b8] [_,0xb4810113]  395     PC=(0x800004c0,0x800004bc,0x800004b8) [13, 19, 23], WB: DASM(00002117)
Cyc=       414 Op1=[0x00000000] Op2=[0x00000000] W[W, 2= 0x80002000] [_,0x00000013]  396     PC=(0x800004c4,0x800004c0,0x800004bc) [13, 19, 19], WB: DASM(b4810113)
Cyc=       415 Op1=[0x00000000] Op2=[0x00000112] W[W, 0= 0x00000000] [_,0x11200093]  397     PC=(0x800004c8,0x800004c4,0x800004c0) [23, 19, 19], WB: DASM(00000013)
Cyc=       416 Op1=[0x80002000] Op2=[0x00000006] W[W, 1= 0x00000112] [_,0x00111323]  398     PC=(0x800004cc,0x800004c8,0x800004c4) [03, 35, 19], WB: DASM(11200093)
Cyc=       417 Op1=[0x80002000] Op2=[0x00000006] W[_, 6= 0x80002006] [_,0x00611f03]  399     PC=(0x800004d0,0x800004cc,0x800004c8) [13,  3, 35], WB: DASM(00111323)
Cyc=       418 Op1=[0x00000000] Op2=[0x00000112] W[W,30= 0x00000112] [_,0x11200e93]  400     PC=(0x800004d4,0x800004d0,0x800004cc) [63, 19,  3], WB: DASM(00611f03)
Cyc=       419 Op1=[0x00000112] Op2=[0x00000112] W[W,29= 0x00000112] [_,0x0bdf1063]  401     PC=(0x800004d8,0x800004d4,0x800004d0) [13, 99, 19], WB: DASM(11200e93)
Cyc=       420 Op1=[0x00000000] Op2=[0x00000001] W[_, 0= 0x00000224] [_,0x00120213]  402     PC=(0x800004dc,0x800004d8,0x800004d4) [13, 19, 99], WB: DASM(0bdf1063)
Cyc=       421 Op1=[0x00000000] Op2=[0x00000002] W[W, 4= 0x00000001] [_,0x00200293]  403     PC=(0x800004e0,0x800004dc,0x800004d8) [63, 19, 19], WB: DASM(00120213)
Cyc=       422 Op1=[0x00000001] Op2=[0x00000002] W[W, 5= 0x00000002] [_,0xfc521ce3]  404   B PC=(0x800004e4,0x800004e0,0x800004dc) [13, 99, 19], WB: DASM(00200293)
Cyc=       423 Op1=[0x00000000] Op2=[0x00000016] W[_,25= 0x00000003] [_,0x01600193]  405     PC=(0x800004b8,0x800004e4,0x800004e0) [17, 51, 99], WB: DASM(fc521ce3)
Cyc=       424 Op1=[0x00002000] Op2=[0x800004b8] W[_, 3= 0x00000016] [_,0x00002117]  406     PC=(0x800004bc,0x800004b8,0x800004e4) [13, 23, 51], WB: DASM(00004033)
Cyc=       425 Op1=[0x800024b8] Op2=[0xfffffb48] W[W, 2= 0x800024b8] [_,0xb4810113]  406     PC=(0x800004c0,0x800004bc,0x800004b8) [13, 19, 23], WB: DASM(00002117)
Cyc=       426 Op1=[0x00000000] Op2=[0x00000000] W[W, 2= 0x80002000] [_,0x00000013]  407     PC=(0x800004c4,0x800004c0,0x800004bc) [13, 19, 19], WB: DASM(b4810113)
Cyc=       427 Op1=[0x00000000] Op2=[0x00000112] W[W, 0= 0x00000000] [_,0x11200093]  408     PC=(0x800004c8,0x800004c4,0x800004c0) [23, 19, 19], WB: DASM(00000013)
Cyc=       428 Op1=[0x80002000] Op2=[0x00000006] W[W, 1= 0x00000112] [_,0x00111323]  409     PC=(0x800004cc,0x800004c8,0x800004c4) [03, 35, 19], WB: DASM(11200093)
Cyc=       429 Op1=[0x80002000] Op2=[0x00000006] W[_, 6= 0x80002006] [_,0x00611f03]  410     PC=(0x800004d0,0x800004cc,0x800004c8) [13,  3, 35], WB: DASM(00111323)
Cyc=       430 Op1=[0x00000000] Op2=[0x00000112] W[W,30= 0x00000112] [_,0x11200e93]  411     PC=(0x800004d4,0x800004d0,0x800004cc) [63, 19,  3], WB: DASM(00611f03)
Cyc=       431 Op1=[0x00000112] Op2=[0x00000112] W[W,29= 0x00000112] [_,0x0bdf1063]  412     PC=(0x800004d8,0x800004d4,0x800004d0) [13, 99, 19], WB: DASM(11200e93)
Cyc=       432 Op1=[0x00000001] Op2=[0x00000001] W[_, 0= 0x00000224] [_,0x00120213]  413     PC=(0x800004dc,0x800004d8,0x800004d4) [13, 19, 99], WB: DASM(0bdf1063)
Cyc=       433 Op1=[0x00000000] Op2=[0x00000002] W[W, 4= 0x00000002] [_,0x00200293]  414     PC=(0x800004e0,0x800004dc,0x800004d8) [63, 19, 19], WB: DASM(00120213)
Cyc=       434 Op1=[0x00000002] Op2=[0x00000002] W[W, 5= 0x00000002] [_,0xfc521ce3]  415     PC=(0x800004e4,0x800004e0,0x800004dc) [13, 99, 19], WB: DASM(00200293)
Cyc=       435 Op1=[0x00000000] Op2=[0x00000016] W[_,25= 0x00000004] [_,0x01600193]  416     PC=(0x800004e8,0x800004e4,0x800004e0) [13, 19, 99], WB: DASM(fc521ce3)
Cyc=       436 Op1=[0x00000000] Op2=[0x00000000] W[W, 3= 0x00000016] [_,0x00000213]  417     PC=(0x800004ec,0x800004e8,0x800004e4) [17, 19, 19], WB: DASM(01600193)
Cyc=       437 Op1=[0x00002000] Op2=[0x800004ec] W[W, 4= 0x00000000] [_,0x00002117]  418     PC=(0x800004f0,0x800004ec,0x800004e8) [13, 23, 19], WB: DASM(00000213)
Cyc=       438 Op1=[0x800024ec] Op2=[0xfffffb14] W[W, 2= 0x800024ec] [_,0xb1410113]  419     PC=(0x800004f4,0x800004f0,0x800004ec) [13, 19, 23], WB: DASM(00002117)
Cyc=       439 Op1=[0x00000000] Op2=[0x00000000] W[W, 2= 0x80002000] [_,0x00000013]  420     PC=(0x800004f8,0x800004f4,0x800004f0) [13, 19, 19], WB: DASM(b1410113)
Cyc=       440 Op1=[0x00000000] Op2=[0x00000011] W[W, 0= 0x00000000] [_,0x01100093]  421     PC=(0x800004fc,0x800004f8,0x800004f4) [13, 19, 19], WB: DASM(00000013)
Cyc=       441 Op1=[0x00000000] Op2=[0x00000000] W[W, 1= 0x00000011] [_,0x00000013]  422     PC=(0x80000500,0x800004fc,0x800004f8) [23, 19, 19], WB: DASM(01100093)
Cyc=       442 Op1=[0x80002000] Op2=[0x00000008] W[W, 0= 0x00000000] [_,0x00111423]  423     PC=(0x80000504,0x80000500,0x800004fc) [03, 35, 19], WB: DASM(00000013)
Cyc=       443 Op1=[0x80002000] Op2=[0x00000008] W[_, 8= 0x80002008] [_,0x00811f03]  424     PC=(0x80000508,0x80000504,0x80000500) [13,  3, 35], WB: DASM(00111423)
Cyc=       444 Op1=[0x00000000] Op2=[0x00000011] W[W,30= 0x00000011] [_,0x01100e93]  425     PC=(0x8000050c,0x80000508,0x80000504) [63, 19,  3], WB: DASM(00811f03)
Cyc=       445 Op1=[0x00000011] Op2=[0x00000011] W[W,29= 0x00000011] [_,0x07df1463]  426     PC=(0x80000510,0x8000050c,0x80000508) [13, 99, 19], WB: DASM(01100e93)
Cyc=       446 Op1=[0x00000000] Op2=[0x00000001] W[_, 8= 0x00000022] [_,0x00120213]  427     PC=(0x80000514,0x80000510,0x8000050c) [13, 19, 99], WB: DASM(07df1463)
Cyc=       447 Op1=[0x00000000] Op2=[0x00000002] W[W, 4= 0x00000001] [_,0x00200293]  428     PC=(0x80000518,0x80000514,0x80000510) [63, 19, 19], WB: DASM(00120213)
Cyc=       448 Op1=[0x00000001] Op2=[0x00000002] W[W, 5= 0x00000002] [_,0xfc521ae3]  429   B PC=(0x8000051c,0x80000518,0x80000514) [13, 99, 19], WB: DASM(00200293)
Cyc=       449 Op1=[0x00000000] Op2=[0x00000017] W[_,21= 0x00000003] [_,0x01700193]  430     PC=(0x800004ec,0x8000051c,0x80000518) [17, 51, 99], WB: DASM(fc521ae3)
Cyc=       450 Op1=[0x00002000] Op2=[0x800004ec] W[_, 3= 0x00000017] [_,0x00002117]  431     PC=(0x800004f0,0x800004ec,0x8000051c) [13, 23, 51], WB: DASM(00004033)
Cyc=       451 Op1=[0x800024ec] Op2=[0xfffffb14] W[W, 2= 0x800024ec] [_,0xb1410113]  431     PC=(0x800004f4,0x800004f0,0x800004ec) [13, 19, 23], WB: DASM(00002117)
Cyc=       452 Op1=[0x00000000] Op2=[0x00000000] W[W, 2= 0x80002000] [_,0x00000013]  432     PC=(0x800004f8,0x800004f4,0x800004f0) [13, 19, 19], WB: DASM(b1410113)
Cyc=       453 Op1=[0x00000000] Op2=[0x00000011] W[W, 0= 0x00000000] [_,0x01100093]  433     PC=(0x800004fc,0x800004f8,0x800004f4) [13, 19, 19], WB: DASM(00000013)
Cyc=       454 Op1=[0x00000000] Op2=[0x00000000] W[W, 1= 0x00000011] [_,0x00000013]  434     PC=(0x80000500,0x800004fc,0x800004f8) [23, 19, 19], WB: DASM(01100093)
Cyc=       455 Op1=[0x80002000] Op2=[0x00000008] W[W, 0= 0x00000000] [_,0x00111423]  435     PC=(0x80000504,0x80000500,0x800004fc) [03, 35, 19], WB: DASM(00000013)
Cyc=       456 Op1=[0x80002000] Op2=[0x00000008] W[_, 8= 0x80002008] [_,0x00811f03]  436     PC=(0x80000508,0x80000504,0x80000500) [13,  3, 35], WB: DASM(00111423)
Cyc=       457 Op1=[0x00000000] Op2=[0x00000011] W[W,30= 0x00000011] [_,0x01100e93]  437     PC=(0x8000050c,0x80000508,0x80000504) [63, 19,  3], WB: DASM(00811f03)
Cyc=       458 Op1=[0x00000011] Op2=[0x00000011] W[W,29= 0x00000011] [_,0x07df1463]  438     PC=(0x80000510,0x8000050c,0x80000508) [13, 99, 19], WB: DASM(01100e93)
Cyc=       459 Op1=[0x00000001] Op2=[0x00000001] W[_, 8= 0x00000022] [_,0x00120213]  439     PC=(0x80000514,0x80000510,0x8000050c) [13, 19, 99], WB: DASM(07df1463)
Cyc=       460 Op1=[0x00000000] Op2=[0x00000002] W[W, 4= 0x00000002] [_,0x00200293]  440     PC=(0x80000518,0x80000514,0x80000510) [63, 19, 19], WB: DASM(00120213)
Cyc=       461 Op1=[0x00000002] Op2=[0x00000002] W[W, 5= 0x00000002] [_,0xfc521ae3]  441     PC=(0x8000051c,0x80000518,0x80000514) [13, 99, 19], WB: DASM(00200293)
Cyc=       462 Op1=[0x00000000] Op2=[0x00000017] W[_,21= 0x00000004] [_,0x01700193]  442     PC=(0x80000520,0x8000051c,0x80000518) [13, 19, 99], WB: DASM(fc521ae3)
Cyc=       463 Op1=[0x00000000] Op2=[0x00000000] W[W, 3= 0x00000017] [_,0x00000213]  443     PC=(0x80000524,0x80000520,0x8000051c) [17, 19, 19], WB: DASM(01700193)
Cyc=       464 Op1=[0x00002000] Op2=[0x80000524] W[W, 4= 0x00000000] [_,0x00002117]  444     PC=(0x80000528,0x80000524,0x80000520) [13, 23, 19], WB: DASM(00000213)
Cyc=       465 Op1=[0x80002524] Op2=[0xfffffadc] W[W, 2= 0x80002524] [_,0xadc10113]  445     PC=(0x8000052c,0x80000528,0x80000524) [13, 19, 23], WB: DASM(00002117)
Cyc=       466 Op1=[0x00000000] Op2=[0x00000000] W[W, 2= 0x80002000] [_,0x00000013]  446     PC=(0x80000530,0x8000052c,0x80000528) [13, 19, 19], WB: DASM(adc10113)
Cyc=       467 Op1=[0x00000000] Op2=[0x00000000] W[W, 0= 0x00000000] [_,0x00000013]  447     PC=(0x80000534,0x80000530,0x8000052c) [37, 19, 19], WB: DASM(00000013)
Cyc=       468 Op1=[0x00003000] Op2=[0x00000000] W[W, 0= 0x00000000] [_,0x000030b7]  448     PC=(0x80000538,0x80000534,0x80000530) [13, 55, 19], WB: DASM(00000013)
Cyc=       469 Op1=[0x00003000] Op2=[0x00000001] W[W, 1= 0x00003000] [_,0x00108093]  449     PC=(0x8000053c,0x80000538,0x80000534) [23, 19, 55], WB: DASM(000030b7)
Cyc=       470 Op1=[0x80002000] Op2=[0x0000000a] W[W, 1= 0x00003001] [_,0x00111523]  450     PC=(0x80000540,0x8000053c,0x80000538) [03, 35, 19], WB: DASM(00108093)
Cyc=       471 Op1=[0x80002000] Op2=[0x0000000a] W[_,10= 0x8000200a] [_,0x00a11f03]  451     PC=(0x80000544,0x80000540,0x8000053c) [37,  3, 35], WB: DASM(00111523)
Cyc=       472 Op1=[0x00003000] Op2=[0x00000000] W[W,30= 0x00003001] [_,0x00003eb7]  452     PC=(0x80000548,0x80000544,0x80000540) [13, 55,  3], WB: DASM(00a11f03)
Cyc=       473 Op1=[0x00003000] Op2=[0x00000001] W[W,29= 0x00003000] [_,0x001e8e93]  453     PC=(0x8000054c,0x80000548,0x80000544) [63, 19, 55], WB: DASM(00003eb7)
Cyc=       474 Op1=[0x00003001] Op2=[0x00003001] W[W,29= 0x00003001] [_,0x03df1463]  454     PC=(0x80000550,0x8000054c,0x80000548) [13, 99, 19], WB: DASM(001e8e93)
Cyc=       475 Op1=[0x00000000] Op2=[0x00000001] W[_, 8= 0x00006002] [_,0x00120213]  455     PC=(0x80000554,0x80000550,0x8000054c) [13, 19, 99], WB: DASM(03df1463)
Cyc=       476 Op1=[0x00000000] Op2=[0x00000002] W[W, 4= 0x00000001] [_,0x00200293]  456     PC=(0x80000558,0x80000554,0x80000550) [63, 19, 19], WB: DASM(00120213)
Cyc=       477 Op1=[0x00000001] Op2=[0x00000002] W[W, 5= 0x00000002] [_,0xfc5216e3]  457   B PC=(0x8000055c,0x80000558,0x80000554) [37, 99, 19], WB: DASM(00200293)
Cyc=       478 Op1=[0x0000c000] Op2=[0x00000000] W[_,13= 0x00000003] [_,0x0000c537]  458     PC=(0x80000524,0x8000055c,0x80000558) [17, 51, 99], WB: DASM(fc5216e3)
Cyc=       479 Op1=[0x00002000] Op2=[0x80000524] W[_,10= 0x0000c000] [_,0x00002117]  459     PC=(0x80000528,0x80000524,0x8000055c) [13, 23, 51], WB: DASM(00004033)
Cyc=       480 Op1=[0x80002524] Op2=[0xfffffadc] W[W, 2= 0x80002524] [_,0xadc10113]  459     PC=(0x8000052c,0x80000528,0x80000524) [13, 19, 23], WB: DASM(00002117)
Cyc=       481 Op1=[0x00000000] Op2=[0x00000000] W[W, 2= 0x80002000] [_,0x00000013]  460     PC=(0x80000530,0x8000052c,0x80000528) [13, 19, 19], WB: DASM(adc10113)
Cyc=       482 Op1=[0x00000000] Op2=[0x00000000] W[W, 0= 0x00000000] [_,0x00000013]  461     PC=(0x80000534,0x80000530,0x8000052c) [37, 19, 19], WB: DASM(00000013)
Cyc=       483 Op1=[0x00003000] Op2=[0x00000000] W[W, 0= 0x00000000] [_,0x000030b7]  462     PC=(0x80000538,0x80000534,0x80000530) [13, 55, 19], WB: DASM(00000013)
Cyc=       484 Op1=[0x00003000] Op2=[0x00000001] W[W, 1= 0x00003000] [_,0x00108093]  463     PC=(0x8000053c,0x80000538,0x80000534) [23, 19, 55], WB: DASM(000030b7)
Cyc=       485 Op1=[0x80002000] Op2=[0x0000000a] W[W, 1= 0x00003001] [_,0x00111523]  464     PC=(0x80000540,0x8000053c,0x80000538) [03, 35, 19], WB: DASM(00108093)
Cyc=       486 Op1=[0x80002000] Op2=[0x0000000a] W[_,10= 0x8000200a] [_,0x00a11f03]  465     PC=(0x80000544,0x80000540,0x8000053c) [37,  3, 35], WB: DASM(00111523)
Cyc=       487 Op1=[0x00003000] Op2=[0x00000000] W[W,30= 0x00003001] [_,0x00003eb7]  466     PC=(0x80000548,0x80000544,0x80000540) [13, 55,  3], WB: DASM(00a11f03)
Cyc=       488 Op1=[0x00003000] Op2=[0x00000001] W[W,29= 0x00003000] [_,0x001e8e93]  467     PC=(0x8000054c,0x80000548,0x80000544) [63, 19, 55], WB: DASM(00003eb7)
Cyc=       489 Op1=[0x00003001] Op2=[0x00003001] W[W,29= 0x00003001] [_,0x03df1463]  468     PC=(0x80000550,0x8000054c,0x80000548) [13, 99, 19], WB: DASM(001e8e93)
Cyc=       490 Op1=[0x00000001] Op2=[0x00000001] W[_, 8= 0x00006002] [_,0x00120213]  469     PC=(0x80000554,0x80000550,0x8000054c) [13, 19, 99], WB: DASM(03df1463)
Cyc=       491 Op1=[0x00000000] Op2=[0x00000002] W[W, 4= 0x00000002] [_,0x00200293]  470     PC=(0x80000558,0x80000554,0x80000550) [63, 19, 19], WB: DASM(00120213)
Cyc=       492 Op1=[0x00000002] Op2=[0x00000002] W[W, 5= 0x00000002] [_,0xfc5216e3]  471     PC=(0x8000055c,0x80000558,0x80000554) [37, 99, 19], WB: DASM(00200293)
Cyc=       493 Op1=[0x0000c000] Op2=[0x00000000] W[_,13= 0x00000004] [_,0x0000c537]  472     PC=(0x80000560,0x8000055c,0x80000558) [13, 55, 99], WB: DASM(fc5216e3)
Cyc=       494 Op1=[0x0000c000] Op2=[0xfffffeef] W[W,10= 0x0000c000] [_,0xeef50513]  473     PC=(0x80000564,0x80000560,0x8000055c) [17, 19, 55], WB: DASM(0000c537)
Cyc=       495 Op1=[0x00002000] Op2=[0x80000564] W[W,10= 0x0000beef] [_,0x00002597]  474     PC=(0x80000568,0x80000564,0x80000560) [13, 23, 19], WB: DASM(eef50513)
Cyc=       496 Op1=[0x80002564] Op2=[0xfffffa9c] W[W,11= 0x80002564] [_,0xa9c58593]  475     PC=(0x8000056c,0x80000568,0x80000564) [23, 19, 23], WB: DASM(00002597)
Cyc=       497 Op1=[0x80002000] Op2=[0x00000006] W[W,11= 0x80002000] [_,0x00a59323]  476     PC=(0x80000570,0x8000056c,0x80000568) [63, 35, 19], WB: DASM(a9c58593)
Cyc=       498 Op1=[0x00000000] Op2=[0x00000017] W[_, 6= 0x80002006] [_,0x00301c63]  477   B PC=(0x80000574,0x80000570,0x8000056c) [0f, 99, 35], WB: DASM(00a59323)
Cyc=       499 Op1=[0x00000000] Op2=[0x00000000] W[_,24= 0x00000017] [_,0x0ff0000f]  478     PC=(0x80000588,0x80000574,0x80000570) [0f, 51, 99], WB: DASM(00301c63)
Cyc=       500 Op1=[0x00000000] Op2=[0x00000000] W[_, 0= 0x00000000] [_,0x0ff0000f]  479     PC=(0x8000058c,0x80000588,0x80000574) [13, 15, 51], WB: DASM(00004033)
Cyc=       501 Op1=[0x00000000] Op2=[0x00000001] W[_, 0= 0x00000000] [_,0x00100193]  479     PC=(0x80000590,0x8000058c,0x80000588) [73, 19, 15], WB: DASM(0ff0000f)
Cyc=       502 Op1=[0x00000000] Op2=[0x00000000] W[W, 3= 0x00000001] [_,0x00000073]  480     PC=(0x80000594,0x80000590,0x8000058c) [73,115, 19], WB: DASM(00100193)
Cyc=       503 Op1=[0x00000000] Op2=[0x00000000] W[_, 0= 0x00000000] [_,0xc0001073]  481   X PC=(0x80000598,0x80000594,0x80000590) [00,115,115], WB: DASM(00000073)
Cyc=       504 Op1=[0x00000000] Op2=[0x00000000] W[_, 0= 0x00000000] [_,0x00000000]  482     PC=(0x80000004,0x80000598,0x80000594) [73, 51, 51], WB: DASM(00004033)
Cyc=       505 Op1=[0x00000000] Op2=[0x80002000] W[_, 0= 0x00000000] [_,0x34202f73]  483     PC=(0x80000008,0x80000004,0x80000598) [13,115, 51], WB: DASM(00004033)
Cyc=       506 Op1=[0x00000000] Op2=[0x00000008] W[W,30= 0x0000000b] [_,0x00800f93]  483     PC=(0x8000000c,0x80000008,0x80000004) [63, 19,115], WB: DASM(34202f73)
Cyc=       507 Op1=[0x0000000b] Op2=[0x00000008] W[W,31= 0x00000008] [_,0x03ff0a63]  484     PC=(0x80000010,0x8000000c,0x80000008) [13, 99, 19], WB: DASM(00800f93)
Cyc=       508 Op1=[0x00000000] Op2=[0x00000009] W[_,20= 0x00000013] [_,0x00900f93]  485     PC=(0x80000014,0x80000010,0x8000000c) [63, 19, 99], WB: DASM(03ff0a63)
Cyc=       509 Op1=[0x0000000b] Op2=[0x00000009] W[W,31= 0x00000009] [_,0x03ff0663]  486     PC=(0x80000018,0x80000014,0x80000010) [13, 99, 19], WB: DASM(00900f93)
Cyc=       510 Op1=[0x00000000] Op2=[0x0000000b] W[_,12= 0x00000014] [_,0x00b00f93]  487     PC=(0x8000001c,0x80000018,0x80000014) [63, 19, 99], WB: DASM(03ff0663)
Cyc=       511 Op1=[0x0000000b] Op2=[0x0000000b] W[W,31= 0x0000000b] [_,0x03ff0263]  488   B PC=(0x80000020,0x8000001c,0x80000018) [17, 99, 19], WB: DASM(00b00f93)
Cyc=       512 Op1=[0x80000000] Op2=[0x80000020] W[_, 4= 0x00000016] [_,0x80000f17]  489     PC=(0x80000040,0x80000020,0x8000001c) [17, 51, 99], WB: DASM(03ff0263)
Cyc=       513 Op1=[0x00001000] Op2=[0x80000040] W[_,30= 0x00000020] [_,0x00001f17]  490     PC=(0x80000044,0x80000040,0x80000020) [23, 23, 51], WB: DASM(00004033)
Cyc=       514 Op1=[0x80001040] Op2=[0xffffffc0] W[W,30= 0x80001040] [_,0xfc3f2023]  490     PC=(0x80000048,0x80000044,0x80000040) [6f, 35, 23], WB: DASM(00001f17)
Cyc=       515 Op1=[0x0000000b] Op2=[0x00000000] W[_, 0= 0x80001000] [_,0xff9ff06f]  491   J PC=(0x8000004c,0x80000048,0x80000044) [73,111, 35], WB: DASM(fc3f2023)
Cyc=       516 Op1=[0x00000000] Op2=[0x00000000] W[W, 0= 0x8000004c] [_,0xf1402573]  492     PC=(0x80000040,0x8000004c,0x80000048) [17, 51,111], WB: DASM(ff9ff06f)
Cyc=       517 Op1=[0x00001000] Op2=[0x80000040] W[_,10= 0x00000000] [_,0x00001f17]  493     PC=(0x80000044,0x80000040,0x8000004c) [23, 23, 51], WB: DASM(00004033)
Cyc=       518 Op1=[0x80001040] Op2=[0xffffffc0] W[W,30= 0x80001040] [_,0xfc3f2023]  493     PC=(0x80000048,0x80000044,0x80000040) [6f, 35, 23], WB: DASM(00001f17)
Cyc=       519 Op1=[0x0000000b] Op2=[0x00000000] W[_, 0= 0x80001000] [_,0xff9ff06f]  494   J PC=(0x8000004c,0x80000048,0x80000044) [73,111, 35], WB: DASM(fc3f2023)
Cyc=       520 Op1=[0x00000000] Op2=[0x00000000] W[W, 0= 0x8000004c] [_,0xf1402573]  495     PC=(0x80000040,0x8000004c,0x80000048) [17, 51,111], WB: DASM(ff9ff06f)
Cyc=       521 Op1=[0x00001000] Op2=[0x80000040] W[_,10= 0x00000000] [_,0x00001f17]  496     PC=(0x80000044,0x80000040,0x8000004c) [23, 23, 51], WB: DASM(00004033)
Cyc=       522 Op1=[0x80001040] Op2=[0xffffffc0] W[W,30= 0x80001040] [_,0xfc3f2023]  496     PC=(0x80000048,0x80000044,0x80000040) [6f, 35, 23], WB: DASM(00001f17)
Cyc=       523 Op1=[0x0000000b] Op2=[0x00000000] W[_, 0= 0x80001000] [_,0xff9ff06f]  497   J PC=(0x8000004c,0x80000048,0x80000044) [73,111, 35], WB: DASM(fc3f2023)
Cyc=       524 Op1=[0x00000000] Op2=[0x00000000] W[W, 0= 0x8000004c] [_,0xf1402573]  498     PC=(0x80000040,0x8000004c,0x80000048) [17, 51,111], WB: DASM(ff9ff06f)
Cyc=       525 Op1=[0x00001000] Op2=[0x80000040] W[_,10= 0x00000000] [_,0x00001f17]  499     PC=(0x80000044,0x80000040,0x8000004c) [23, 23, 51], WB: DASM(00004033)
Cyc=       526 Op1=[0x80001040] Op2=[0xffffffc0] W[W,30= 0x80001040] [_,0xfc3f2023]  499     PC=(0x80000048,0x80000044,0x80000040) [6f, 35, 23], WB: DASM(00001f17)
Cyc=       527 Op1=[0x0000000b] Op2=[0x00000000] W[_, 0= 0x80001000] [_,0xff9ff06f]  500   J PC=(0x8000004c,0x80000048,0x80000044) [73,111, 35], WB: DASM(fc3f2023)
*** PASSED ***
