Instantiated DTM.
Cyc=         0 Op1=[0x00000000] Op2=[0x00000000] W[_, 0= 0x7ffffffc] [_,0x04c0006f]    0   J PC=(0x7ffffffc,0x7ffffffc,0x7ffffffc) [6f, 51, 51], WB: DASM(00004033)
Cyc=         1 Op1=[0x00000000] Op2=[0x00000000] W[_, 0= 0x7ffffffc] [_,0x04c0006f]    0   J PC=(0x80000000,0x7ffffffc,0x7ffffffc) [6f, 51, 51], WB: DASM(00004033)
Cyc=         2 Op1=[0x00000000] Op2=[0x00000000] W[_, 0= 0x80000000] [_,0x04c0006f]    0   J PC=(0x80000004,0x80000000,0x7ffffffc) [73,111, 51], WB: DASM(00004033)
Cyc=         3 Op1=[0x00000000] Op2=[0x00000000] W[W, 0= 0x80000004] [_,0x34202f73]    0     PC=(0x8000004c,0x80000004,0x80000000) [73, 51,111], WB: DASM(04c0006f)
Cyc=         4 Op1=[0x00000000] Op2=[0x00000000] W[_,30= 0x00000000] [_,0xf1402573]    1     PC=(0x80000050,0x8000004c,0x80000004) [63,115, 51], WB: DASM(00004033)
Cyc=         5 Op1=[0x00000000] Op2=[0x00000000] W[W,10= 0x00000000] [_,0x00051063]    1 H   PC=(0x80000054,0x80000050,0x8000004c) [17, 99,115], WB: DASM(f1402573)
Cyc=         6 Op1=[0x00000000] Op2=[0x00000000] W[_, 0= 0x00000000] [_,0x00051063]    2     PC=(0x80000054,0x80000050,0x00000000) [17, 99, 51], WB: DASM(00004033)
Cyc=         7 Op1=[0x00000000] Op2=[0x80000054] W[_, 0= 0x00000000] [_,0x00000297]    2     PC=(0x80000058,0x80000054,0x80000050) [13, 23, 99], WB: DASM(00051063)
Cyc=         8 Op1=[0x80000054] Op2=[0x00000010] W[W, 5= 0x80000054] [_,0x01028293]    3     PC=(0x8000005c,0x80000058,0x80000054) [73, 19, 23], WB: DASM(00000297)
Cyc=         9 Op1=[0x80000064] Op2=[0x80000064] W[W, 5= 0x80000064] [_,0x30529073]    4     PC=(0x80000060,0x8000005c,0x80000058) [73,115, 19], WB: DASM(01028293)
Cyc=        10 Op1=[0x00000000] Op2=[0x00000000] W[W, 0= 0x00000100] [_,0x18005073]    5     PC=(0x80000064,0x80000060,0x8000005c) [17,115,115], WB: DASM(30529073)
Cyc=        11 Op1=[0x00000000] Op2=[0x80000064] W[W, 0= 0x00000000] [_,0x00000297]    6     PC=(0x80000068,0x80000064,0x80000060) [13, 23,115], WB: DASM(18005073)
Cyc=        12 Op1=[0x80000064] Op2=[0x0000001c] W[W, 5= 0x80000064] [_,0x01c28293]    7     PC=(0x8000006c,0x80000068,0x80000064) [73, 19, 23], WB: DASM(00000297)
Cyc=        13 Op1=[0x80000080] Op2=[0x80000080] W[W, 5= 0x80000080] [_,0x30529073]    8     PC=(0x80000070,0x8000006c,0x80000068) [13,115, 19], WB: DASM(01c28293)
Cyc=        14 Op1=[0x00000000] Op2=[0xffffffff] W[W, 0= 0x00000100] [_,0xfff00293]    9     PC=(0x80000074,0x80000070,0x8000006c) [73, 19,115], WB: DASM(30529073)
Cyc=        15 Op1=[0xffffffff] Op2=[0x00000000] W[W, 5= 0xffffffff] [_,0x3b029073]   10     PC=(0x80000078,0x80000074,0x80000070) [13,115, 19], WB: DASM(fff00293)
Cyc=        16 Op1=[0x00000000] Op2=[0x0000001f] W[W, 0= 0x00000000] [_,0x01f00293]   11     PC=(0x8000007c,0x80000078,0x80000074) [73, 19,115], WB: DASM(3b029073)
Cyc=        17 Op1=[0x0000001f] Op2=[0x00000000] W[W, 5= 0x0000001f] [_,0x3a029073]   12     PC=(0x80000080,0x8000007c,0x80000078) [17,115, 19], WB: DASM(01f00293)
Cyc=        18 Op1=[0x00000000] Op2=[0x80000080] W[W, 0= 0x00000000] [_,0x00000297]   13     PC=(0x80000084,0x80000080,0x8000007c) [13, 23,115], WB: DASM(3a029073)
Cyc=        19 Op1=[0x80000080] Op2=[0x00000018] W[W, 5= 0x80000080] [_,0x01828293]   14     PC=(0x80000088,0x80000084,0x80000080) [73, 19, 23], WB: DASM(00000297)
Cyc=        20 Op1=[0x80000098] Op2=[0x80000098] W[W, 5= 0x80000098] [_,0x30529073]   15     PC=(0x8000008c,0x80000088,0x80000084) [73,115, 19], WB: DASM(01828293)
Cyc=        21 Op1=[0x00000000] Op2=[0x00000000] W[W, 0= 0x00000100] [_,0x30205073]   16     PC=(0x80000090,0x8000008c,0x80000088) [73,115,115], WB: DASM(30529073)
Cyc=        22 Op1=[0x00000000] Op2=[0x00000000] W[W, 0= 0x00000000] [_,0x30305073]   17     PC=(0x80000094,0x80000090,0x8000008c) [73,115,115], WB: DASM(30205073)
Cyc=        23 Op1=[0x00000000] Op2=[0x00000000] W[W, 0= 0x00000000] [_,0x30405073]   18     PC=(0x80000098,0x80000094,0x80000090) [13,115,115], WB: DASM(30305073)
Cyc=        24 Op1=[0x00000000] Op2=[0x00000000] W[W, 0= 0x00000000] [_,0x00000193]   19     PC=(0x8000009c,0x80000098,0x80000094) [17, 19,115], WB: DASM(30405073)
Cyc=        25 Op1=[0x00000000] Op2=[0x8000009c] W[W, 3= 0x00000000] [_,0x00000297]   20     PC=(0x800000a0,0x8000009c,0x80000098) [13, 23, 19], WB: DASM(00000193)
Cyc=        26 Op1=[0x8000009c] Op2=[0xffffff68] W[W, 5= 0x8000009c] [_,0xf6828293]   21     PC=(0x800000a4,0x800000a0,0x8000009c) [73, 19, 23], WB: DASM(00000297)
Cyc=        27 Op1=[0x80000004] Op2=[0x80000004] W[W, 5= 0x80000004] [_,0x30529073]   22     PC=(0x800000a8,0x800000a4,0x800000a0) [13,115, 19], WB: DASM(f6828293)
Cyc=        28 Op1=[0x00000000] Op2=[0x00000001] W[W, 0= 0x00000100] [_,0x00100513]   23     PC=(0x800000ac,0x800000a8,0x800000a4) [13, 19,115], WB: DASM(30529073)
Cyc=        29 Op1=[0x00000001] Op2=[0x0000001f] W[W,10= 0x00000001] [_,0x01f51513]   24     PC=(0x800000b0,0x800000ac,0x800000a8) [63, 19, 19], WB: DASM(00100513)
Cyc=        30 Op1=[0x80000000] Op2=[0x00000000] W[W,10= 0x80000000] [_,0x00054863]   25   B PC=(0x800000b4,0x800000b0,0x800000ac) [0f, 99, 19], WB: DASM(01f51513)
Cyc=        31 Op1=[0x00000000] Op2=[0x00000000] W[_,16= 0x80000000] [_,0x0ff0000f]   26     PC=(0x800000c0,0x800000b4,0x800000b0) [17, 51, 99], WB: DASM(00054863)
Cyc=        32 Op1=[0x80000000] Op2=[0x800000c0] W[_, 0= 0x00000000] [_,0x80000297]   27     PC=(0x800000c4,0x800000c0,0x800000b4) [13, 23, 51], WB: DASM(00004033)
Cyc=        33 Op1=[0x000000c0] Op2=[0xffffff40] W[W, 5= 0x000000c0] [_,0xf4028293]   27     PC=(0x800000c8,0x800000c4,0x800000c0) [63, 19, 23], WB: DASM(80000297)
Cyc=        34 Op1=[0x00000000] Op2=[0x00000000] W[W, 5= 0x00000000] [_,0x00028e63]   28   B PC=(0x800000cc,0x800000c8,0x800000c4) [73, 99, 19], WB: DASM(f4028293)
Cyc=        35 Op1=[0x00000000] Op2=[0x00000000] W[_,28= 0x00000000] [_,0x10529073]   29     PC=(0x800000e4,0x800000cc,0x800000c8) [73, 51, 99], WB: DASM(00028e63)
Cyc=        36 Op1=[0x00000000] Op2=[0x00000000] W[_, 0= 0x00000000] [_,0x30005073]   30     PC=(0x800000e8,0x800000e4,0x800000cc) [17,115, 51], WB: DASM(00004033)
Cyc=        37 Op1=[0x00000000] Op2=[0x800000e8] W[W, 0= 0x00001800] [_,0x00000297]   30     PC=(0x800000ec,0x800000e8,0x800000e4) [13, 23,115], WB: DASM(30005073)
Cyc=        38 Op1=[0x800000e8] Op2=[0x00000014] W[W, 5= 0x800000e8] [_,0x01428293]   31     PC=(0x800000f0,0x800000ec,0x800000e8) [73, 19, 23], WB: DASM(00000297)
Cyc=        39 Op1=[0x800000fc] Op2=[0x00000000] W[W, 5= 0x800000fc] [_,0x34129073]   32     PC=(0x800000f4,0x800000f0,0x800000ec) [73,115, 19], WB: DASM(01428293)
Cyc=        40 Op1=[0x00000000] Op2=[0x00000000] W[W, 0= 0x00000000] [_,0xf1402573]   33     PC=(0x800000f8,0x800000f4,0x800000f0) [73,115,115], WB: DASM(34129073)
Cyc=        41 Op1=[0x00000000] Op2=[0x00000000] W[W,10= 0x00000000] [_,0x30200073]   34     PC=(0x800000fc,0x800000f8,0x800000f4) [0f,115,115], WB: DASM(f1402573)
Cyc=        42 Op1=[0x00000000] Op2=[0x00000000] W[_, 0= 0x00000000] [_,0x0ff0000f]   35   X PC=(0x80000100,0x800000fc,0x800000f8) [13, 15,115], WB: DASM(30200073)
Cyc=        43 Op1=[0x00000000] Op2=[0x00000001] W[_, 0= 0x00000000] [_,0x00100193]   36     PC=(0x800000fc,0x80000100,0x800000fc) [0f, 51, 51], WB: DASM(00004033)
Cyc=        44 Op1=[0x00000000] Op2=[0x00000000] W[_, 3= 0x00000001] [_,0x0ff0000f]   37     PC=(0x80000100,0x800000fc,0x80000100) [13, 15, 51], WB: DASM(00004033)
Cyc=        45 Op1=[0x00000000] Op2=[0x00000001] W[_, 0= 0x00000000] [_,0x00100193]   37     PC=(0x80000104,0x80000100,0x800000fc) [73, 19, 15], WB: DASM(0ff0000f)
Cyc=        46 Op1=[0x00000000] Op2=[0x00000000] W[W, 3= 0x00000001] [_,0x00000073]   38     PC=(0x80000108,0x80000104,0x80000100) [73,115, 19], WB: DASM(00100193)
Cyc=        47 Op1=[0x00000000] Op2=[0x00000000] W[_, 0= 0x00000000] [_,0xc0001073]   39   X PC=(0x8000010c,0x80000108,0x80000104) [00,115,115], WB: DASM(00000073)
Cyc=        48 Op1=[0x00000000] Op2=[0x00000000] W[_, 0= 0x00000000] [_,0x00000000]   40     PC=(0x80000004,0x8000010c,0x80000108) [73, 51, 51], WB: DASM(00004033)
Cyc=        49 Op1=[0x00000000] Op2=[0x00000000] W[_, 0= 0x00000000] [_,0x34202f73]   41     PC=(0x80000008,0x80000004,0x8000010c) [13,115, 51], WB: DASM(00004033)
Cyc=        50 Op1=[0x00000000] Op2=[0x00000008] W[W,30= 0x0000000b] [_,0x00800f93]   41     PC=(0x8000000c,0x80000008,0x80000004) [63, 19,115], WB: DASM(34202f73)
Cyc=        51 Op1=[0x0000000b] Op2=[0x00000008] W[W,31= 0x00000008] [_,0x03ff0a63]   42     PC=(0x80000010,0x8000000c,0x80000008) [13, 99, 19], WB: DASM(00800f93)
Cyc=        52 Op1=[0x00000000] Op2=[0x00000009] W[_,20= 0x00000013] [_,0x00900f93]   43     PC=(0x80000014,0x80000010,0x8000000c) [63, 19, 99], WB: DASM(03ff0a63)
Cyc=        53 Op1=[0x0000000b] Op2=[0x00000009] W[W,31= 0x00000009] [_,0x03ff0663]   44     PC=(0x80000018,0x80000014,0x80000010) [13, 99, 19], WB: DASM(00900f93)
Cyc=        54 Op1=[0x00000000] Op2=[0x0000000b] W[_,12= 0x00000014] [_,0x00b00f93]   45     PC=(0x8000001c,0x80000018,0x80000014) [63, 19, 99], WB: DASM(03ff0663)
Cyc=        55 Op1=[0x0000000b] Op2=[0x0000000b] W[W,31= 0x0000000b] [_,0x03ff0263]   46   B PC=(0x80000020,0x8000001c,0x80000018) [17, 99, 19], WB: DASM(00b00f93)
Cyc=        56 Op1=[0x80000000] Op2=[0x80000020] W[_, 4= 0x00000016] [_,0x80000f17]   47     PC=(0x80000040,0x80000020,0x8000001c) [17, 51, 99], WB: DASM(03ff0263)
Cyc=        57 Op1=[0x00001000] Op2=[0x80000040] W[_,30= 0x00000020] [_,0x00001f17]   48     PC=(0x80000044,0x80000040,0x80000020) [23, 23, 51], WB: DASM(00004033)
Cyc=        58 Op1=[0x80001040] Op2=[0xffffffc0] W[W,30= 0x80001040] [_,0xfc3f2023]   48     PC=(0x80000048,0x80000044,0x80000040) [6f, 35, 23], WB: DASM(00001f17)
Cyc=        59 Op1=[0x0000000b] Op2=[0x00000000] W[_, 0= 0x80001000] [_,0xff9ff06f]   49   J PC=(0x8000004c,0x80000048,0x80000044) [73,111, 35], WB: DASM(fc3f2023)
Cyc=        60 Op1=[0x00000000] Op2=[0x00000000] W[W, 0= 0x8000004c] [_,0xf1402573]   50     PC=(0x80000040,0x8000004c,0x80000048) [17, 51,111], WB: DASM(ff9ff06f)
Cyc=        61 Op1=[0x00001000] Op2=[0x80000040] W[_,10= 0x00000000] [_,0x00001f17]   51     PC=(0x80000044,0x80000040,0x8000004c) [23, 23, 51], WB: DASM(00004033)
Cyc=        62 Op1=[0x80001040] Op2=[0xffffffc0] W[W,30= 0x80001040] [_,0xfc3f2023]   51     PC=(0x80000048,0x80000044,0x80000040) [6f, 35, 23], WB: DASM(00001f17)
Cyc=        63 Op1=[0x0000000b] Op2=[0x00000000] W[_, 0= 0x80001000] [_,0xff9ff06f]   52   J PC=(0x8000004c,0x80000048,0x80000044) [73,111, 35], WB: DASM(fc3f2023)
Cyc=        64 Op1=[0x00000000] Op2=[0x00000000] W[W, 0= 0x8000004c] [_,0xf1402573]   53     PC=(0x80000040,0x8000004c,0x80000048) [17, 51,111], WB: DASM(ff9ff06f)
Cyc=        65 Op1=[0x00001000] Op2=[0x80000040] W[_,10= 0x00000000] [_,0x00001f17]   54     PC=(0x80000044,0x80000040,0x8000004c) [23, 23, 51], WB: DASM(00004033)
Cyc=        66 Op1=[0x80001040] Op2=[0xffffffc0] W[W,30= 0x80001040] [_,0xfc3f2023]   54     PC=(0x80000048,0x80000044,0x80000040) [6f, 35, 23], WB: DASM(00001f17)
Cyc=        67 Op1=[0x0000000b] Op2=[0x00000000] W[_, 0= 0x80001000] [_,0xff9ff06f]   55   J PC=(0x8000004c,0x80000048,0x80000044) [73,111, 35], WB: DASM(fc3f2023)
Cyc=        68 Op1=[0x00000000] Op2=[0x00000000] W[W, 0= 0x8000004c] [_,0xf1402573]   56     PC=(0x80000040,0x8000004c,0x80000048) [17, 51,111], WB: DASM(ff9ff06f)
Cyc=        69 Op1=[0x00001000] Op2=[0x80000040] W[_,10= 0x00000000] [_,0x00001f17]   57     PC=(0x80000044,0x80000040,0x8000004c) [23, 23, 51], WB: DASM(00004033)
Cyc=        70 Op1=[0x80001040] Op2=[0xffffffc0] W[W,30= 0x80001040] [_,0xfc3f2023]   57     PC=(0x80000048,0x80000044,0x80000040) [6f, 35, 23], WB: DASM(00001f17)
Cyc=        71 Op1=[0x0000000b] Op2=[0x00000000] W[_, 0= 0x80001000] [_,0xff9ff06f]   58   J PC=(0x8000004c,0x80000048,0x80000044) [73,111, 35], WB: DASM(fc3f2023)
Cyc=        72 Op1=[0x00000000] Op2=[0x00000000] W[W, 0= 0x8000004c] [_,0xf1402573]   59     PC=(0x80000040,0x8000004c,0x80000048) [17, 51,111], WB: DASM(ff9ff06f)
Cyc=        73 Op1=[0x00001000] Op2=[0x80000040] W[_,10= 0x00000000] [_,0x00001f17]   60     PC=(0x80000044,0x80000040,0x8000004c) [23, 23, 51], WB: DASM(00004033)
Cyc=        74 Op1=[0x80001040] Op2=[0xffffffc0] W[W,30= 0x80001040] [_,0xfc3f2023]   60     PC=(0x80000048,0x80000044,0x80000040) [6f, 35, 23], WB: DASM(00001f17)
Cyc=        75 Op1=[0x0000000b] Op2=[0x00000000] W[_, 0= 0x80001000] [_,0xff9ff06f]   61   J PC=(0x8000004c,0x80000048,0x80000044) [73,111, 35], WB: DASM(fc3f2023)
Cyc=        76 Op1=[0x00000000] Op2=[0x00000000] W[W, 0= 0x8000004c] [_,0xf1402573]   62     PC=(0x80000040,0x8000004c,0x80000048) [17, 51,111], WB: DASM(ff9ff06f)
Cyc=        77 Op1=[0x00001000] Op2=[0x80000040] W[_,10= 0x00000000] [_,0x00001f17]   63     PC=(0x80000044,0x80000040,0x8000004c) [23, 23, 51], WB: DASM(00004033)
*** PASSED ***
