Instantiated DTM.
Cyc=         0 Op1=[0x00000000] Op2=[0x00000000] W[_, 0= 0x7ffffffc] [_,0x04c0006f]    0   J PC=(0x7ffffffc,0x7ffffffc,0x7ffffffc) [6f, 51, 51], WB: DASM(00004033)
Cyc=         1 Op1=[0x00000000] Op2=[0x00000000] W[_, 0= 0x7ffffffc] [_,0x04c0006f]    0   J PC=(0x80000000,0x7ffffffc,0x7ffffffc) [6f, 51, 51], WB: DASM(00004033)
Cyc=         2 Op1=[0x00000000] Op2=[0x00000000] W[_, 0= 0x80000000] [_,0x04c0006f]    0   J PC=(0x80000004,0x80000000,0x7ffffffc) [73,111, 51], WB: DASM(00004033)
Cyc=         3 Op1=[0x00000000] Op2=[0x00000000] W[W, 0= 0x80000004] [_,0x34202f73]    0     PC=(0x8000004c,0x80000004,0x80000000) [73, 51,111], WB: DASM(04c0006f)
Cyc=         4 Op1=[0x00000000] Op2=[0x00000000] W[_,30= 0x00000000] [_,0xf1402573]    1     PC=(0x80000050,0x8000004c,0x80000004) [63,115, 51], WB: DASM(00004033)
Cyc=         5 Op1=[0x00000000] Op2=[0x00000000] W[W,10= 0x00000000] [_,0x00051063]    1 H   PC=(0x80000054,0x80000050,0x8000004c) [17, 99,115], WB: DASM(f1402573)
Cyc=         6 Op1=[0x00000000] Op2=[0x00000000] W[_, 0= 0x00000000] [_,0x00051063]    2     PC=(0x80000054,0x80000050,0x00000000) [17, 99, 51], WB: DASM(00004033)
Cyc=         7 Op1=[0x00000000] Op2=[0x80000054] W[_, 0= 0x00000000] [_,0x00000297]    2     PC=(0x80000058,0x80000054,0x80000050) [13, 23, 99], WB: DASM(00051063)
Cyc=         8 Op1=[0x80000054] Op2=[0x00000010] W[W, 5= 0x80000054] [_,0x01028293]    3     PC=(0x8000005c,0x80000058,0x80000054) [73, 19, 23], WB: DASM(00000297)
Cyc=         9 Op1=[0x80000064] Op2=[0x80000064] W[W, 5= 0x80000064] [_,0x30529073]    4     PC=(0x80000060,0x8000005c,0x80000058) [73,115, 19], WB: DASM(01028293)
Cyc=        10 Op1=[0x00000000] Op2=[0x00000000] W[W, 0= 0x00000100] [_,0x18005073]    5     PC=(0x80000064,0x80000060,0x8000005c) [17,115,115], WB: DASM(30529073)
Cyc=        11 Op1=[0x00000000] Op2=[0x80000064] W[W, 0= 0x00000000] [_,0x00000297]    6     PC=(0x80000068,0x80000064,0x80000060) [13, 23,115], WB: DASM(18005073)
Cyc=        12 Op1=[0x80000064] Op2=[0x0000001c] W[W, 5= 0x80000064] [_,0x01c28293]    7     PC=(0x8000006c,0x80000068,0x80000064) [73, 19, 23], WB: DASM(00000297)
Cyc=        13 Op1=[0x80000080] Op2=[0x80000080] W[W, 5= 0x80000080] [_,0x30529073]    8     PC=(0x80000070,0x8000006c,0x80000068) [13,115, 19], WB: DASM(01c28293)
Cyc=        14 Op1=[0x00000000] Op2=[0xffffffff] W[W, 0= 0x00000100] [_,0xfff00293]    9     PC=(0x80000074,0x80000070,0x8000006c) [73, 19,115], WB: DASM(30529073)
Cyc=        15 Op1=[0xffffffff] Op2=[0x00000000] W[W, 5= 0xffffffff] [_,0x3b029073]   10     PC=(0x80000078,0x80000074,0x80000070) [13,115, 19], WB: DASM(fff00293)
Cyc=        16 Op1=[0x00000000] Op2=[0x0000001f] W[W, 0= 0x00000000] [_,0x01f00293]   11     PC=(0x8000007c,0x80000078,0x80000074) [73, 19,115], WB: DASM(3b029073)
Cyc=        17 Op1=[0x0000001f] Op2=[0x00000000] W[W, 5= 0x0000001f] [_,0x3a029073]   12     PC=(0x80000080,0x8000007c,0x80000078) [17,115, 19], WB: DASM(01f00293)
Cyc=        18 Op1=[0x00000000] Op2=[0x80000080] W[W, 0= 0x00000000] [_,0x00000297]   13     PC=(0x80000084,0x80000080,0x8000007c) [13, 23,115], WB: DASM(3a029073)
Cyc=        19 Op1=[0x80000080] Op2=[0x00000018] W[W, 5= 0x80000080] [_,0x01828293]   14     PC=(0x80000088,0x80000084,0x80000080) [73, 19, 23], WB: DASM(00000297)
Cyc=        20 Op1=[0x80000098] Op2=[0x80000098] W[W, 5= 0x80000098] [_,0x30529073]   15     PC=(0x8000008c,0x80000088,0x80000084) [73,115, 19], WB: DASM(01828293)
Cyc=        21 Op1=[0x00000000] Op2=[0x00000000] W[W, 0= 0x00000100] [_,0x30205073]   16     PC=(0x80000090,0x8000008c,0x80000088) [73,115,115], WB: DASM(30529073)
Cyc=        22 Op1=[0x00000000] Op2=[0x00000000] W[W, 0= 0x00000000] [_,0x30305073]   17     PC=(0x80000094,0x80000090,0x8000008c) [73,115,115], WB: DASM(30205073)
Cyc=        23 Op1=[0x00000000] Op2=[0x00000000] W[W, 0= 0x00000000] [_,0x30405073]   18     PC=(0x80000098,0x80000094,0x80000090) [13,115,115], WB: DASM(30305073)
Cyc=        24 Op1=[0x00000000] Op2=[0x00000000] W[W, 0= 0x00000000] [_,0x00000193]   19     PC=(0x8000009c,0x80000098,0x80000094) [17, 19,115], WB: DASM(30405073)
Cyc=        25 Op1=[0x00000000] Op2=[0x8000009c] W[W, 3= 0x00000000] [_,0x00000297]   20     PC=(0x800000a0,0x8000009c,0x80000098) [13, 23, 19], WB: DASM(00000193)
Cyc=        26 Op1=[0x8000009c] Op2=[0xffffff68] W[W, 5= 0x8000009c] [_,0xf6828293]   21     PC=(0x800000a4,0x800000a0,0x8000009c) [73, 19, 23], WB: DASM(00000297)
Cyc=        27 Op1=[0x80000004] Op2=[0x80000004] W[W, 5= 0x80000004] [_,0x30529073]   22     PC=(0x800000a8,0x800000a4,0x800000a0) [13,115, 19], WB: DASM(f6828293)
Cyc=        28 Op1=[0x00000000] Op2=[0x00000001] W[W, 0= 0x00000100] [_,0x00100513]   23     PC=(0x800000ac,0x800000a8,0x800000a4) [13, 19,115], WB: DASM(30529073)
Cyc=        29 Op1=[0x00000001] Op2=[0x0000001f] W[W,10= 0x00000001] [_,0x01f51513]   24     PC=(0x800000b0,0x800000ac,0x800000a8) [63, 19, 19], WB: DASM(00100513)
Cyc=        30 Op1=[0x80000000] Op2=[0x00000000] W[W,10= 0x80000000] [_,0x00054863]   25   B PC=(0x800000b4,0x800000b0,0x800000ac) [0f, 99, 19], WB: DASM(01f51513)
Cyc=        31 Op1=[0x00000000] Op2=[0x00000000] W[_,16= 0x80000000] [_,0x0ff0000f]   26     PC=(0x800000c0,0x800000b4,0x800000b0) [17, 51, 99], WB: DASM(00054863)
Cyc=        32 Op1=[0x80000000] Op2=[0x800000c0] W[_, 0= 0x00000000] [_,0x80000297]   27     PC=(0x800000c4,0x800000c0,0x800000b4) [13, 23, 51], WB: DASM(00004033)
Cyc=        33 Op1=[0x000000c0] Op2=[0xffffff40] W[W, 5= 0x000000c0] [_,0xf4028293]   27     PC=(0x800000c8,0x800000c4,0x800000c0) [63, 19, 23], WB: DASM(80000297)
Cyc=        34 Op1=[0x00000000] Op2=[0x00000000] W[W, 5= 0x00000000] [_,0x00028e63]   28   B PC=(0x800000cc,0x800000c8,0x800000c4) [73, 99, 19], WB: DASM(f4028293)
Cyc=        35 Op1=[0x00000000] Op2=[0x00000000] W[_,28= 0x00000000] [_,0x10529073]   29     PC=(0x800000e4,0x800000cc,0x800000c8) [73, 51, 99], WB: DASM(00028e63)
Cyc=        36 Op1=[0x00000000] Op2=[0x00000000] W[_, 0= 0x00000000] [_,0x30005073]   30     PC=(0x800000e8,0x800000e4,0x800000cc) [17,115, 51], WB: DASM(00004033)
Cyc=        37 Op1=[0x00000000] Op2=[0x800000e8] W[W, 0= 0x00001800] [_,0x00000297]   30     PC=(0x800000ec,0x800000e8,0x800000e4) [13, 23,115], WB: DASM(30005073)
Cyc=        38 Op1=[0x800000e8] Op2=[0x00000014] W[W, 5= 0x800000e8] [_,0x01428293]   31     PC=(0x800000f0,0x800000ec,0x800000e8) [73, 19, 23], WB: DASM(00000297)
Cyc=        39 Op1=[0x800000fc] Op2=[0x00000000] W[W, 5= 0x800000fc] [_,0x34129073]   32     PC=(0x800000f4,0x800000f0,0x800000ec) [73,115, 19], WB: DASM(01428293)
Cyc=        40 Op1=[0x00000000] Op2=[0x00000000] W[W, 0= 0x00000000] [_,0xf1402573]   33     PC=(0x800000f8,0x800000f4,0x800000f0) [73,115,115], WB: DASM(34129073)
Cyc=        41 Op1=[0x00000000] Op2=[0x00000000] W[W,10= 0x00000000] [_,0x30200073]   34     PC=(0x800000fc,0x800000f8,0x800000f4) [13,115,115], WB: DASM(f1402573)
Cyc=        42 Op1=[0x00000000] Op2=[0x00000002] W[_, 0= 0x00000000] [_,0x00200193]   35   X PC=(0x80000100,0x800000fc,0x800000f8) [13, 19,115], WB: DASM(30200073)
Cyc=        43 Op1=[0x00000000] Op2=[0x00000000] W[_, 3= 0x00000002] [_,0x00000093]   36     PC=(0x800000fc,0x80000100,0x800000fc) [13, 51, 51], WB: DASM(00004033)
Cyc=        44 Op1=[0x00000000] Op2=[0x00000002] W[_, 1= 0x00000000] [_,0x00200193]   37     PC=(0x80000100,0x800000fc,0x80000100) [13, 19, 51], WB: DASM(00004033)
Cyc=        45 Op1=[0x00000000] Op2=[0x00000000] W[W, 3= 0x00000002] [_,0x00000093]   37     PC=(0x80000104,0x80000100,0x800000fc) [13, 19, 19], WB: DASM(00200193)
Cyc=        46 Op1=[0x00000000] Op2=[0x00000000] W[W, 1= 0x00000000] [_,0x00000113]   38     PC=(0x80000108,0x80000104,0x80000100) [63, 19, 19], WB: DASM(00000093)
Cyc=        47 Op1=[0x00000000] Op2=[0x00000000] W[W, 2= 0x00000000] [_,0x0020d663]   39   B PC=(0x8000010c,0x80000108,0x80000104) [63, 99, 19], WB: DASM(00000113)
Cyc=        48 Op1=[0x00000000] Op2=[0x00000002] W[_,12= 0x00000000] [_,0x30301863]   40   B PC=(0x80000114,0x8000010c,0x80000108) [63, 51, 99], WB: DASM(0020d663)
Cyc=        49 Op1=[0x00000000] Op2=[0x00000000] W[_,16= 0x00000002] [_,0xfe20dee3]   41   B PC=(0x80000118,0x80000114,0x8000010c) [63, 99, 51], WB: DASM(00004033)
Cyc=        50 Op1=[0x00000000] Op2=[0x00000002] W[_,29= 0x00000000] [_,0x30301263]   41   B PC=(0x80000110,0x80000118,0x80000114) [63, 51, 99], WB: DASM(fe20dee3)
Cyc=        51 Op1=[0x00000000] Op2=[0x00000002] W[_, 4= 0x00000002] [_,0x00301663]   42   B PC=(0x80000114,0x80000110,0x80000118) [63, 99, 51], WB: DASM(00004033)
Cyc=        52 Op1=[0x00000000] Op2=[0x00000000] W[_,12= 0x00000002] [_,0xfe20dee3]   42   B PC=(0x8000011c,0x80000114,0x80000110) [13, 51, 99], WB: DASM(00301663)
Cyc=        53 Op1=[0x00000000] Op2=[0x00000003] W[_,29= 0x00000000] [_,0x00300193]   43     PC=(0x80000120,0x8000011c,0x80000114) [13, 19, 51], WB: DASM(00004033)
Cyc=        54 Op1=[0x00000000] Op2=[0x00000001] W[W, 3= 0x00000003] [_,0x00100093]   43     PC=(0x80000124,0x80000120,0x8000011c) [13, 19, 19], WB: DASM(00300193)
Cyc=        55 Op1=[0x00000000] Op2=[0x00000001] W[W, 1= 0x00000001] [_,0x00100113]   44     PC=(0x80000128,0x80000124,0x80000120) [63, 19, 19], WB: DASM(00100093)
Cyc=        56 Op1=[0x00000001] Op2=[0x00000001] W[W, 2= 0x00000001] [_,0x0020d663]   45   B PC=(0x8000012c,0x80000128,0x80000124) [63, 99, 19], WB: DASM(00100113)
Cyc=        57 Op1=[0x00000000] Op2=[0x00000003] W[_,12= 0x00000002] [_,0x2e301863]   46   B PC=(0x80000134,0x8000012c,0x80000128) [63, 51, 99], WB: DASM(0020d663)
Cyc=        58 Op1=[0x00000001] Op2=[0x00000001] W[_,16= 0x00000003] [_,0xfe20dee3]   47   B PC=(0x80000138,0x80000134,0x8000012c) [63, 99, 51], WB: DASM(00004033)
Cyc=        59 Op1=[0x00000000] Op2=[0x00000003] W[_,29= 0x00000002] [_,0x2e301263]   47   B PC=(0x80000130,0x80000138,0x80000134) [63, 51, 99], WB: DASM(fe20dee3)
Cyc=        60 Op1=[0x00000000] Op2=[0x00000003] W[_, 4= 0x00000003] [_,0x00301663]   48   B PC=(0x80000134,0x80000130,0x80000138) [63, 99, 51], WB: DASM(00004033)
Cyc=        61 Op1=[0x00000001] Op2=[0x00000001] W[_,12= 0x00000003] [_,0xfe20dee3]   48   B PC=(0x8000013c,0x80000134,0x80000130) [13, 51, 99], WB: DASM(00301663)
Cyc=        62 Op1=[0x00000000] Op2=[0x00000004] W[_,29= 0x00000002] [_,0x00400193]   49     PC=(0x80000140,0x8000013c,0x80000134) [13, 19, 51], WB: DASM(00004033)
Cyc=        63 Op1=[0x00000000] Op2=[0xffffffff] W[W, 3= 0x00000004] [_,0xfff00093]   49     PC=(0x80000144,0x80000140,0x8000013c) [13, 19, 19], WB: DASM(00400193)
Cyc=        64 Op1=[0x00000000] Op2=[0xffffffff] W[W, 1= 0xffffffff] [_,0xfff00113]   50     PC=(0x80000148,0x80000144,0x80000140) [63, 19, 19], WB: DASM(fff00093)
Cyc=        65 Op1=[0xffffffff] Op2=[0xffffffff] W[W, 2= 0xffffffff] [_,0x0020d663]   51   B PC=(0x8000014c,0x80000148,0x80000144) [63, 99, 19], WB: DASM(fff00113)
Cyc=        66 Op1=[0x00000000] Op2=[0x00000004] W[_,12= 0xfffffffe] [_,0x2c301863]   52   B PC=(0x80000154,0x8000014c,0x80000148) [63, 51, 99], WB: DASM(0020d663)
Cyc=        67 Op1=[0xffffffff] Op2=[0xffffffff] W[_,16= 0x00000004] [_,0xfe20dee3]   53   B PC=(0x80000158,0x80000154,0x8000014c) [63, 99, 51], WB: DASM(00004033)
Cyc=        68 Op1=[0x00000000] Op2=[0x00000004] W[_,29= 0xfffffffe] [_,0x2c301263]   53   B PC=(0x80000150,0x80000158,0x80000154) [63, 51, 99], WB: DASM(fe20dee3)
Cyc=        69 Op1=[0x00000000] Op2=[0x00000004] W[_, 4= 0x00000004] [_,0x00301663]   54   B PC=(0x80000154,0x80000150,0x80000158) [63, 99, 51], WB: DASM(00004033)
Cyc=        70 Op1=[0xffffffff] Op2=[0xffffffff] W[_,12= 0x00000004] [_,0xfe20dee3]   54   B PC=(0x8000015c,0x80000154,0x80000150) [13, 51, 99], WB: DASM(00301663)
Cyc=        71 Op1=[0x00000000] Op2=[0x00000005] W[_,29= 0xfffffffe] [_,0x00500193]   55     PC=(0x80000160,0x8000015c,0x80000154) [13, 19, 51], WB: DASM(00004033)
Cyc=        72 Op1=[0x00000000] Op2=[0x00000001] W[W, 3= 0x00000005] [_,0x00100093]   55     PC=(0x80000164,0x80000160,0x8000015c) [13, 19, 19], WB: DASM(00500193)
Cyc=        73 Op1=[0x00000000] Op2=[0x00000000] W[W, 1= 0x00000001] [_,0x00000113]   56     PC=(0x80000168,0x80000164,0x80000160) [63, 19, 19], WB: DASM(00100093)
Cyc=        74 Op1=[0x00000001] Op2=[0x00000000] W[W, 2= 0x00000000] [_,0x0020d663]   57   B PC=(0x8000016c,0x80000168,0x80000164) [63, 99, 19], WB: DASM(00000113)
Cyc=        75 Op1=[0x00000000] Op2=[0x00000005] W[_,12= 0x00000001] [_,0x2a301863]   58   B PC=(0x80000174,0x8000016c,0x80000168) [63, 51, 99], WB: DASM(0020d663)
Cyc=        76 Op1=[0x00000001] Op2=[0x00000000] W[_,16= 0x00000005] [_,0xfe20dee3]   59   B PC=(0x80000178,0x80000174,0x8000016c) [63, 99, 51], WB: DASM(00004033)
Cyc=        77 Op1=[0x00000000] Op2=[0x00000005] W[_,29= 0x00000001] [_,0x2a301263]   59   B PC=(0x80000170,0x80000178,0x80000174) [63, 51, 99], WB: DASM(fe20dee3)
Cyc=        78 Op1=[0x00000000] Op2=[0x00000005] W[_, 4= 0x00000005] [_,0x00301663]   60   B PC=(0x80000174,0x80000170,0x80000178) [63, 99, 51], WB: DASM(00004033)
Cyc=        79 Op1=[0x00000001] Op2=[0x00000000] W[_,12= 0x00000005] [_,0xfe20dee3]   60   B PC=(0x8000017c,0x80000174,0x80000170) [13, 51, 99], WB: DASM(00301663)
Cyc=        80 Op1=[0x00000000] Op2=[0x00000006] W[_,29= 0x00000001] [_,0x00600193]   61     PC=(0x80000180,0x8000017c,0x80000174) [13, 19, 51], WB: DASM(00004033)
Cyc=        81 Op1=[0x00000000] Op2=[0x00000001] W[W, 3= 0x00000006] [_,0x00100093]   61     PC=(0x80000184,0x80000180,0x8000017c) [13, 19, 19], WB: DASM(00600193)
Cyc=        82 Op1=[0x00000000] Op2=[0xffffffff] W[W, 1= 0x00000001] [_,0xfff00113]   62     PC=(0x80000188,0x80000184,0x80000180) [63, 19, 19], WB: DASM(00100093)
Cyc=        83 Op1=[0x00000001] Op2=[0xffffffff] W[W, 2= 0xffffffff] [_,0x0020d663]   63   B PC=(0x8000018c,0x80000188,0x80000184) [63, 99, 19], WB: DASM(fff00113)
Cyc=        84 Op1=[0x00000000] Op2=[0x00000006] W[_,12= 0x00000000] [_,0x28301863]   64   B PC=(0x80000194,0x8000018c,0x80000188) [63, 51, 99], WB: DASM(0020d663)
Cyc=        85 Op1=[0x00000001] Op2=[0xffffffff] W[_,16= 0x00000006] [_,0xfe20dee3]   65   B PC=(0x80000198,0x80000194,0x8000018c) [63, 99, 51], WB: DASM(00004033)
Cyc=        86 Op1=[0x00000000] Op2=[0x00000006] W[_,29= 0x00000000] [_,0x28301263]   65   B PC=(0x80000190,0x80000198,0x80000194) [63, 51, 99], WB: DASM(fe20dee3)
Cyc=        87 Op1=[0x00000000] Op2=[0x00000006] W[_, 4= 0x00000006] [_,0x00301663]   66   B PC=(0x80000194,0x80000190,0x80000198) [63, 99, 51], WB: DASM(00004033)
Cyc=        88 Op1=[0x00000001] Op2=[0xffffffff] W[_,12= 0x00000006] [_,0xfe20dee3]   66   B PC=(0x8000019c,0x80000194,0x80000190) [13, 51, 99], WB: DASM(00301663)
Cyc=        89 Op1=[0x00000000] Op2=[0x00000007] W[_,29= 0x00000000] [_,0x00700193]   67     PC=(0x800001a0,0x8000019c,0x80000194) [13, 19, 51], WB: DASM(00004033)
Cyc=        90 Op1=[0x00000000] Op2=[0xffffffff] W[W, 3= 0x00000007] [_,0xfff00093]   67     PC=(0x800001a4,0x800001a0,0x8000019c) [13, 19, 19], WB: DASM(00700193)
Cyc=        91 Op1=[0x00000000] Op2=[0xfffffffe] W[W, 1= 0xffffffff] [_,0xffe00113]   68     PC=(0x800001a8,0x800001a4,0x800001a0) [63, 19, 19], WB: DASM(fff00093)
Cyc=        92 Op1=[0xffffffff] Op2=[0xfffffffe] W[W, 2= 0xfffffffe] [_,0x0020d663]   69   B PC=(0x800001ac,0x800001a8,0x800001a4) [63, 99, 19], WB: DASM(ffe00113)
Cyc=        93 Op1=[0x00000000] Op2=[0x00000007] W[_,12= 0xfffffffd] [_,0x26301863]   70   B PC=(0x800001b4,0x800001ac,0x800001a8) [63, 51, 99], WB: DASM(0020d663)
Cyc=        94 Op1=[0xffffffff] Op2=[0xfffffffe] W[_,16= 0x00000007] [_,0xfe20dee3]   71   B PC=(0x800001b8,0x800001b4,0x800001ac) [63, 99, 51], WB: DASM(00004033)
Cyc=        95 Op1=[0x00000000] Op2=[0x00000007] W[_,29= 0xfffffffd] [_,0x26301263]   71   B PC=(0x800001b0,0x800001b8,0x800001b4) [63, 51, 99], WB: DASM(fe20dee3)
Cyc=        96 Op1=[0x00000000] Op2=[0x00000007] W[_, 4= 0x00000007] [_,0x00301663]   72   B PC=(0x800001b4,0x800001b0,0x800001b8) [63, 99, 51], WB: DASM(00004033)
Cyc=        97 Op1=[0xffffffff] Op2=[0xfffffffe] W[_,12= 0x00000007] [_,0xfe20dee3]   72   B PC=(0x800001bc,0x800001b4,0x800001b0) [13, 51, 99], WB: DASM(00301663)
Cyc=        98 Op1=[0x00000000] Op2=[0x00000008] W[_,29= 0xfffffffd] [_,0x00800193]   73     PC=(0x800001c0,0x800001bc,0x800001b4) [13, 19, 51], WB: DASM(00004033)
Cyc=        99 Op1=[0x00000000] Op2=[0x00000000] W[W, 3= 0x00000008] [_,0x00000093]   73     PC=(0x800001c4,0x800001c0,0x800001bc) [13, 19, 19], WB: DASM(00800193)
Cyc=       100 Op1=[0x00000000] Op2=[0x00000001] W[W, 1= 0x00000000] [_,0x00100113]   74     PC=(0x800001c8,0x800001c4,0x800001c0) [63, 19, 19], WB: DASM(00000093)
Cyc=       101 Op1=[0x00000000] Op2=[0x00000001] W[W, 2= 0x00000001] [_,0x0020d463]   75     PC=(0x800001cc,0x800001c8,0x800001c4) [63, 99, 19], WB: DASM(00100113)
Cyc=       102 Op1=[0x00000000] Op2=[0x00000008] W[_, 8= 0x00000001] [_,0x00301463]   76   B PC=(0x800001d0,0x800001cc,0x800001c8) [63, 99, 99], WB: DASM(0020d463)
Cyc=       103 Op1=[0x00000000] Op2=[0x00000008] W[_, 8= 0x00000008] [_,0x24301663]   77   B PC=(0x800001d4,0x800001d0,0x800001cc) [63, 51, 99], WB: DASM(00301463)
Cyc=       104 Op1=[0x00000000] Op2=[0x00000001] W[_,12= 0x00000008] [_,0xfe20dee3]   78     PC=(0x800001d8,0x800001d4,0x800001d0) [13, 99, 51], WB: DASM(00004033)
Cyc=       105 Op1=[0x00000000] Op2=[0x00000009] W[_,29= 0x00000001] [_,0x00900193]   78     PC=(0x800001dc,0x800001d8,0x800001d4) [13, 19, 99], WB: DASM(fe20dee3)
Cyc=       106 Op1=[0x00000000] Op2=[0xffffffff] W[W, 3= 0x00000009] [_,0xfff00093]   79     PC=(0x800001e0,0x800001dc,0x800001d8) [13, 19, 19], WB: DASM(00900193)
Cyc=       107 Op1=[0x00000000] Op2=[0x00000001] W[W, 1= 0xffffffff] [_,0x00100113]   80     PC=(0x800001e4,0x800001e0,0x800001dc) [63, 19, 19], WB: DASM(fff00093)
Cyc=       108 Op1=[0xffffffff] Op2=[0x00000001] W[W, 2= 0x00000001] [_,0x0020d463]   81     PC=(0x800001e8,0x800001e4,0x800001e0) [63, 99, 19], WB: DASM(00100113)
Cyc=       109 Op1=[0x00000000] Op2=[0x00000009] W[_, 8= 0x00000000] [_,0x00301463]   82   B PC=(0x800001ec,0x800001e8,0x800001e4) [63, 99, 99], WB: DASM(0020d463)
Cyc=       110 Op1=[0x00000000] Op2=[0x00000009] W[_, 8= 0x00000009] [_,0x22301863]   83   B PC=(0x800001f0,0x800001ec,0x800001e8) [63, 51, 99], WB: DASM(00301463)
Cyc=       111 Op1=[0xffffffff] Op2=[0x00000001] W[_,16= 0x00000009] [_,0xfe20dee3]   84     PC=(0x800001f4,0x800001f0,0x800001ec) [13, 99, 51], WB: DASM(00004033)
Cyc=       112 Op1=[0x00000000] Op2=[0x0000000a] W[_,29= 0x00000000] [_,0x00a00193]   84     PC=(0x800001f8,0x800001f4,0x800001f0) [13, 19, 99], WB: DASM(fe20dee3)
Cyc=       113 Op1=[0x00000000] Op2=[0xfffffffe] W[W, 3= 0x0000000a] [_,0xffe00093]   85     PC=(0x800001fc,0x800001f8,0x800001f4) [13, 19, 19], WB: DASM(00a00193)
Cyc=       114 Op1=[0x00000000] Op2=[0xffffffff] W[W, 1= 0xfffffffe] [_,0xfff00113]   86     PC=(0x80000200,0x800001fc,0x800001f8) [63, 19, 19], WB: DASM(ffe00093)
Cyc=       115 Op1=[0xfffffffe] Op2=[0xffffffff] W[W, 2= 0xffffffff] [_,0x0020d463]   87     PC=(0x80000204,0x80000200,0x800001fc) [63, 99, 19], WB: DASM(fff00113)
Cyc=       116 Op1=[0x00000000] Op2=[0x0000000a] W[_, 8= 0xfffffffd] [_,0x00301463]   88   B PC=(0x80000208,0x80000204,0x80000200) [63, 99, 99], WB: DASM(0020d463)
Cyc=       117 Op1=[0x00000000] Op2=[0x0000000a] W[_, 8= 0x0000000a] [_,0x20301a63]   89   B PC=(0x8000020c,0x80000208,0x80000204) [63, 51, 99], WB: DASM(00301463)
Cyc=       118 Op1=[0xfffffffe] Op2=[0xffffffff] W[_,20= 0x0000000a] [_,0xfe20dee3]   90     PC=(0x80000210,0x8000020c,0x80000208) [13, 99, 51], WB: DASM(00004033)
Cyc=       119 Op1=[0x00000000] Op2=[0x0000000b] W[_,29= 0xfffffffd] [_,0x00b00193]   90     PC=(0x80000214,0x80000210,0x8000020c) [13, 19, 99], WB: DASM(fe20dee3)
Cyc=       120 Op1=[0x00000000] Op2=[0xfffffffe] W[W, 3= 0x0000000b] [_,0xffe00093]   91     PC=(0x80000218,0x80000214,0x80000210) [13, 19, 19], WB: DASM(00b00193)
Cyc=       121 Op1=[0x00000000] Op2=[0x00000001] W[W, 1= 0xfffffffe] [_,0x00100113]   92     PC=(0x8000021c,0x80000218,0x80000214) [63, 19, 19], WB: DASM(ffe00093)
Cyc=       122 Op1=[0xfffffffe] Op2=[0x00000001] W[W, 2= 0x00000001] [_,0x0020d463]   93     PC=(0x80000220,0x8000021c,0x80000218) [63, 99, 19], WB: DASM(00100113)
Cyc=       123 Op1=[0x00000000] Op2=[0x0000000b] W[_, 8= 0xffffffff] [_,0x00301463]   94   B PC=(0x80000224,0x80000220,0x8000021c) [63, 99, 99], WB: DASM(0020d463)
Cyc=       124 Op1=[0x00000000] Op2=[0x0000000b] W[_, 8= 0x0000000b] [_,0x1e301c63]   95   B PC=(0x80000228,0x80000224,0x80000220) [63, 51, 99], WB: DASM(00301463)
Cyc=       125 Op1=[0xfffffffe] Op2=[0x00000001] W[_,24= 0x0000000b] [_,0xfe20dee3]   96     PC=(0x8000022c,0x80000228,0x80000224) [13, 99, 51], WB: DASM(00004033)
Cyc=       126 Op1=[0x00000000] Op2=[0x0000000c] W[_,29= 0xffffffff] [_,0x00c00193]   96     PC=(0x80000230,0x8000022c,0x80000228) [13, 19, 99], WB: DASM(fe20dee3)
Cyc=       127 Op1=[0x00000000] Op2=[0x00000000] W[W, 3= 0x0000000c] [_,0x00000213]   97     PC=(0x80000234,0x80000230,0x8000022c) [13, 19, 19], WB: DASM(00c00193)
Cyc=       128 Op1=[0x00000000] Op2=[0xffffffff] W[W, 4= 0x00000000] [_,0xfff00093]   98     PC=(0x80000238,0x80000234,0x80000230) [13, 19, 19], WB: DASM(00000213)
Cyc=       129 Op1=[0x00000000] Op2=[0x00000000] W[W, 1= 0xffffffff] [_,0x00000113]   99     PC=(0x8000023c,0x80000238,0x80000234) [63, 19, 19], WB: DASM(fff00093)
Cyc=       130 Op1=[0xffffffff] Op2=[0x00000000] W[W, 2= 0x00000000] [_,0x1e20d063]  100     PC=(0x80000240,0x8000023c,0x80000238) [13, 99, 19], WB: DASM(00000113)
Cyc=       131 Op1=[0x00000000] Op2=[0x00000001] W[_, 0= 0xffffffff] [_,0x00120213]  101     PC=(0x80000244,0x80000240,0x8000023c) [13, 19, 99], WB: DASM(1e20d063)
Cyc=       132 Op1=[0x00000000] Op2=[0x00000002] W[W, 4= 0x00000001] [_,0x00200293]  102     PC=(0x80000248,0x80000244,0x80000240) [63, 19, 19], WB: DASM(00120213)
Cyc=       133 Op1=[0x00000001] Op2=[0x00000002] W[W, 5= 0x00000002] [_,0xfe5216e3]  103   B PC=(0x8000024c,0x80000248,0x80000244) [13, 99, 19], WB: DASM(00200293)
Cyc=       134 Op1=[0x00000000] Op2=[0x0000000d] W[_,13= 0x00000003] [_,0x00d00193]  104     PC=(0x80000234,0x8000024c,0x80000248) [13, 51, 99], WB: DASM(fe5216e3)
Cyc=       135 Op1=[0x00000000] Op2=[0xffffffff] W[_, 3= 0x0000000d] [_,0xfff00093]  105     PC=(0x80000238,0x80000234,0x8000024c) [13, 19, 51], WB: DASM(00004033)
Cyc=       136 Op1=[0x00000000] Op2=[0x00000000] W[W, 1= 0xffffffff] [_,0x00000113]  105     PC=(0x8000023c,0x80000238,0x80000234) [63, 19, 19], WB: DASM(fff00093)
Cyc=       137 Op1=[0xffffffff] Op2=[0x00000000] W[W, 2= 0x00000000] [_,0x1e20d063]  106     PC=(0x80000240,0x8000023c,0x80000238) [13, 99, 19], WB: DASM(00000113)
Cyc=       138 Op1=[0x00000001] Op2=[0x00000001] W[_, 0= 0xffffffff] [_,0x00120213]  107     PC=(0x80000244,0x80000240,0x8000023c) [13, 19, 99], WB: DASM(1e20d063)
Cyc=       139 Op1=[0x00000000] Op2=[0x00000002] W[W, 4= 0x00000002] [_,0x00200293]  108     PC=(0x80000248,0x80000244,0x80000240) [63, 19, 19], WB: DASM(00120213)
Cyc=       140 Op1=[0x00000002] Op2=[0x00000002] W[W, 5= 0x00000002] [_,0xfe5216e3]  109     PC=(0x8000024c,0x80000248,0x80000244) [13, 99, 19], WB: DASM(00200293)
Cyc=       141 Op1=[0x00000000] Op2=[0x0000000d] W[_,13= 0x00000004] [_,0x00d00193]  110     PC=(0x80000250,0x8000024c,0x80000248) [13, 19, 99], WB: DASM(fe5216e3)
Cyc=       142 Op1=[0x00000000] Op2=[0x00000000] W[W, 3= 0x0000000d] [_,0x00000213]  111     PC=(0x80000254,0x80000250,0x8000024c) [13, 19, 19], WB: DASM(00d00193)
Cyc=       143 Op1=[0x00000000] Op2=[0xffffffff] W[W, 4= 0x00000000] [_,0xfff00093]  112     PC=(0x80000258,0x80000254,0x80000250) [13, 19, 19], WB: DASM(00000213)
Cyc=       144 Op1=[0x00000000] Op2=[0x00000000] W[W, 1= 0xffffffff] [_,0x00000113]  113     PC=(0x8000025c,0x80000258,0x80000254) [13, 19, 19], WB: DASM(fff00093)
Cyc=       145 Op1=[0x00000000] Op2=[0x00000000] W[W, 2= 0x00000000] [_,0x00000013]  114     PC=(0x80000260,0x8000025c,0x80000258) [63, 19, 19], WB: DASM(00000113)
Cyc=       146 Op1=[0xffffffff] Op2=[0x00000000] W[W, 0= 0x00000000] [_,0x1a20de63]  115     PC=(0x80000264,0x80000260,0x8000025c) [13, 99, 19], WB: DASM(00000013)
Cyc=       147 Op1=[0x00000000] Op2=[0x00000001] W[_,28= 0xffffffff] [_,0x00120213]  116     PC=(0x80000268,0x80000264,0x80000260) [13, 19, 99], WB: DASM(1a20de63)
Cyc=       148 Op1=[0x00000000] Op2=[0x00000002] W[W, 4= 0x00000001] [_,0x00200293]  117     PC=(0x8000026c,0x80000268,0x80000264) [63, 19, 19], WB: DASM(00120213)
Cyc=       149 Op1=[0x00000001] Op2=[0x00000002] W[W, 5= 0x00000002] [_,0xfe5214e3]  118   B PC=(0x80000270,0x8000026c,0x80000268) [13, 99, 19], WB: DASM(00200293)
Cyc=       150 Op1=[0x00000000] Op2=[0x0000000e] W[_, 9= 0x00000003] [_,0x00e00193]  119     PC=(0x80000254,0x80000270,0x8000026c) [13, 51, 99], WB: DASM(fe5214e3)
Cyc=       151 Op1=[0x00000000] Op2=[0xffffffff] W[_, 3= 0x0000000e] [_,0xfff00093]  120     PC=(0x80000258,0x80000254,0x80000270) [13, 19, 51], WB: DASM(00004033)
Cyc=       152 Op1=[0x00000000] Op2=[0x00000000] W[W, 1= 0xffffffff] [_,0x00000113]  120     PC=(0x8000025c,0x80000258,0x80000254) [13, 19, 19], WB: DASM(fff00093)
Cyc=       153 Op1=[0x00000000] Op2=[0x00000000] W[W, 2= 0x00000000] [_,0x00000013]  121     PC=(0x80000260,0x8000025c,0x80000258) [63, 19, 19], WB: DASM(00000113)
Cyc=       154 Op1=[0xffffffff] Op2=[0x00000000] W[W, 0= 0x00000000] [_,0x1a20de63]  122     PC=(0x80000264,0x80000260,0x8000025c) [13, 99, 19], WB: DASM(00000013)
Cyc=       155 Op1=[0x00000001] Op2=[0x00000001] W[_,28= 0xffffffff] [_,0x00120213]  123     PC=(0x80000268,0x80000264,0x80000260) [13, 19, 99], WB: DASM(1a20de63)
Cyc=       156 Op1=[0x00000000] Op2=[0x00000002] W[W, 4= 0x00000002] [_,0x00200293]  124     PC=(0x8000026c,0x80000268,0x80000264) [63, 19, 19], WB: DASM(00120213)
Cyc=       157 Op1=[0x00000002] Op2=[0x00000002] W[W, 5= 0x00000002] [_,0xfe5214e3]  125     PC=(0x80000270,0x8000026c,0x80000268) [13, 99, 19], WB: DASM(00200293)
Cyc=       158 Op1=[0x00000000] Op2=[0x0000000e] W[_, 9= 0x00000004] [_,0x00e00193]  126     PC=(0x80000274,0x80000270,0x8000026c) [13, 19, 99], WB: DASM(fe5214e3)
Cyc=       159 Op1=[0x00000000] Op2=[0x00000000] W[W, 3= 0x0000000e] [_,0x00000213]  127     PC=(0x80000278,0x80000274,0x80000270) [13, 19, 19], WB: DASM(00e00193)
Cyc=       160 Op1=[0x00000000] Op2=[0xffffffff] W[W, 4= 0x00000000] [_,0xfff00093]  128     PC=(0x8000027c,0x80000278,0x80000274) [13, 19, 19], WB: DASM(00000213)
Cyc=       161 Op1=[0x00000000] Op2=[0x00000000] W[W, 1= 0xffffffff] [_,0x00000113]  129     PC=(0x80000280,0x8000027c,0x80000278) [13, 19, 19], WB: DASM(fff00093)
Cyc=       162 Op1=[0x00000000] Op2=[0x00000000] W[W, 2= 0x00000000] [_,0x00000013]  130     PC=(0x80000284,0x80000280,0x8000027c) [13, 19, 19], WB: DASM(00000113)
Cyc=       163 Op1=[0x00000000] Op2=[0x00000000] W[W, 0= 0x00000000] [_,0x00000013]  131     PC=(0x80000288,0x80000284,0x80000280) [63, 19, 19], WB: DASM(00000013)
Cyc=       164 Op1=[0xffffffff] Op2=[0x00000000] W[W, 0= 0x00000000] [_,0x1820da63]  132     PC=(0x8000028c,0x80000288,0x80000284) [13, 99, 19], WB: DASM(00000013)
Cyc=       165 Op1=[0x00000000] Op2=[0x00000001] W[_,20= 0xffffffff] [_,0x00120213]  133     PC=(0x80000290,0x8000028c,0x80000288) [13, 19, 99], WB: DASM(1820da63)
Cyc=       166 Op1=[0x00000000] Op2=[0x00000002] W[W, 4= 0x00000001] [_,0x00200293]  134     PC=(0x80000294,0x80000290,0x8000028c) [63, 19, 19], WB: DASM(00120213)
Cyc=       167 Op1=[0x00000001] Op2=[0x00000002] W[W, 5= 0x00000002] [_,0xfe5212e3]  135   B PC=(0x80000298,0x80000294,0x80000290) [13, 99, 19], WB: DASM(00200293)
Cyc=       168 Op1=[0x00000000] Op2=[0x0000000f] W[_, 5= 0x00000003] [_,0x00f00193]  136     PC=(0x80000278,0x80000298,0x80000294) [13, 51, 99], WB: DASM(fe5212e3)
Cyc=       169 Op1=[0x00000000] Op2=[0xffffffff] W[_, 3= 0x0000000f] [_,0xfff00093]  137     PC=(0x8000027c,0x80000278,0x80000298) [13, 19, 51], WB: DASM(00004033)
Cyc=       170 Op1=[0x00000000] Op2=[0x00000000] W[W, 1= 0xffffffff] [_,0x00000113]  137     PC=(0x80000280,0x8000027c,0x80000278) [13, 19, 19], WB: DASM(fff00093)
Cyc=       171 Op1=[0x00000000] Op2=[0x00000000] W[W, 2= 0x00000000] [_,0x00000013]  138     PC=(0x80000284,0x80000280,0x8000027c) [13, 19, 19], WB: DASM(00000113)
Cyc=       172 Op1=[0x00000000] Op2=[0x00000000] W[W, 0= 0x00000000] [_,0x00000013]  139     PC=(0x80000288,0x80000284,0x80000280) [63, 19, 19], WB: DASM(00000013)
Cyc=       173 Op1=[0xffffffff] Op2=[0x00000000] W[W, 0= 0x00000000] [_,0x1820da63]  140     PC=(0x8000028c,0x80000288,0x80000284) [13, 99, 19], WB: DASM(00000013)
Cyc=       174 Op1=[0x00000001] Op2=[0x00000001] W[_,20= 0xffffffff] [_,0x00120213]  141     PC=(0x80000290,0x8000028c,0x80000288) [13, 19, 99], WB: DASM(1820da63)
Cyc=       175 Op1=[0x00000000] Op2=[0x00000002] W[W, 4= 0x00000002] [_,0x00200293]  142     PC=(0x80000294,0x80000290,0x8000028c) [63, 19, 19], WB: DASM(00120213)
Cyc=       176 Op1=[0x00000002] Op2=[0x00000002] W[W, 5= 0x00000002] [_,0xfe5212e3]  143     PC=(0x80000298,0x80000294,0x80000290) [13, 99, 19], WB: DASM(00200293)
Cyc=       177 Op1=[0x00000000] Op2=[0x0000000f] W[_, 5= 0x00000004] [_,0x00f00193]  144     PC=(0x8000029c,0x80000298,0x80000294) [13, 19, 99], WB: DASM(fe5212e3)
Cyc=       178 Op1=[0x00000000] Op2=[0x00000000] W[W, 3= 0x0000000f] [_,0x00000213]  145     PC=(0x800002a0,0x8000029c,0x80000298) [13, 19, 19], WB: DASM(00f00193)
Cyc=       179 Op1=[0x00000000] Op2=[0xffffffff] W[W, 4= 0x00000000] [_,0xfff00093]  146     PC=(0x800002a4,0x800002a0,0x8000029c) [13, 19, 19], WB: DASM(00000213)
Cyc=       180 Op1=[0x00000000] Op2=[0x00000000] W[W, 1= 0xffffffff] [_,0x00000013]  147     PC=(0x800002a8,0x800002a4,0x800002a0) [13, 19, 19], WB: DASM(fff00093)
Cyc=       181 Op1=[0x00000000] Op2=[0x00000000] W[W, 0= 0x00000000] [_,0x00000113]  148     PC=(0x800002ac,0x800002a8,0x800002a4) [63, 19, 19], WB: DASM(00000013)
Cyc=       182 Op1=[0xffffffff] Op2=[0x00000000] W[W, 2= 0x00000000] [_,0x1620d863]  149     PC=(0x800002b0,0x800002ac,0x800002a8) [13, 99, 19], WB: DASM(00000113)
Cyc=       183 Op1=[0x00000000] Op2=[0x00000001] W[_,16= 0xffffffff] [_,0x00120213]  150     PC=(0x800002b4,0x800002b0,0x800002ac) [13, 19, 99], WB: DASM(1620d863)
Cyc=       184 Op1=[0x00000000] Op2=[0x00000002] W[W, 4= 0x00000001] [_,0x00200293]  151     PC=(0x800002b8,0x800002b4,0x800002b0) [63, 19, 19], WB: DASM(00120213)
Cyc=       185 Op1=[0x00000001] Op2=[0x00000002] W[W, 5= 0x00000002] [_,0xfe5214e3]  152   B PC=(0x800002bc,0x800002b8,0x800002b4) [13, 99, 19], WB: DASM(00200293)
Cyc=       186 Op1=[0x00000000] Op2=[0x00000010] W[_, 9= 0x00000003] [_,0x01000193]  153     PC=(0x800002a0,0x800002bc,0x800002b8) [13, 51, 99], WB: DASM(fe5214e3)
Cyc=       187 Op1=[0x00000000] Op2=[0xffffffff] W[_, 3= 0x00000010] [_,0xfff00093]  154     PC=(0x800002a4,0x800002a0,0x800002bc) [13, 19, 51], WB: DASM(00004033)
Cyc=       188 Op1=[0x00000000] Op2=[0x00000000] W[W, 1= 0xffffffff] [_,0x00000013]  154     PC=(0x800002a8,0x800002a4,0x800002a0) [13, 19, 19], WB: DASM(fff00093)
Cyc=       189 Op1=[0x00000000] Op2=[0x00000000] W[W, 0= 0x00000000] [_,0x00000113]  155     PC=(0x800002ac,0x800002a8,0x800002a4) [63, 19, 19], WB: DASM(00000013)
Cyc=       190 Op1=[0xffffffff] Op2=[0x00000000] W[W, 2= 0x00000000] [_,0x1620d863]  156     PC=(0x800002b0,0x800002ac,0x800002a8) [13, 99, 19], WB: DASM(00000113)
Cyc=       191 Op1=[0x00000001] Op2=[0x00000001] W[_,16= 0xffffffff] [_,0x00120213]  157     PC=(0x800002b4,0x800002b0,0x800002ac) [13, 19, 99], WB: DASM(1620d863)
Cyc=       192 Op1=[0x00000000] Op2=[0x00000002] W[W, 4= 0x00000002] [_,0x00200293]  158     PC=(0x800002b8,0x800002b4,0x800002b0) [63, 19, 19], WB: DASM(00120213)
Cyc=       193 Op1=[0x00000002] Op2=[0x00000002] W[W, 5= 0x00000002] [_,0xfe5214e3]  159     PC=(0x800002bc,0x800002b8,0x800002b4) [13, 99, 19], WB: DASM(00200293)
Cyc=       194 Op1=[0x00000000] Op2=[0x00000010] W[_, 9= 0x00000004] [_,0x01000193]  160     PC=(0x800002c0,0x800002bc,0x800002b8) [13, 19, 99], WB: DASM(fe5214e3)
Cyc=       195 Op1=[0x00000000] Op2=[0x00000000] W[W, 3= 0x00000010] [_,0x00000213]  161     PC=(0x800002c4,0x800002c0,0x800002bc) [13, 19, 19], WB: DASM(01000193)
Cyc=       196 Op1=[0x00000000] Op2=[0xffffffff] W[W, 4= 0x00000000] [_,0xfff00093]  162     PC=(0x800002c8,0x800002c4,0x800002c0) [13, 19, 19], WB: DASM(00000213)
Cyc=       197 Op1=[0x00000000] Op2=[0x00000000] W[W, 1= 0xffffffff] [_,0x00000013]  163     PC=(0x800002cc,0x800002c8,0x800002c4) [13, 19, 19], WB: DASM(fff00093)
Cyc=       198 Op1=[0x00000000] Op2=[0x00000000] W[W, 0= 0x00000000] [_,0x00000113]  164     PC=(0x800002d0,0x800002cc,0x800002c8) [13, 19, 19], WB: DASM(00000013)
Cyc=       199 Op1=[0x00000000] Op2=[0x00000000] W[W, 2= 0x00000000] [_,0x00000013]  165     PC=(0x800002d4,0x800002d0,0x800002cc) [63, 19, 19], WB: DASM(00000113)
Cyc=       200 Op1=[0xffffffff] Op2=[0x00000000] W[W, 0= 0x00000000] [_,0x1420d463]  166     PC=(0x800002d8,0x800002d4,0x800002d0) [13, 99, 19], WB: DASM(00000013)
Cyc=       201 Op1=[0x00000000] Op2=[0x00000001] W[_, 8= 0xffffffff] [_,0x00120213]  167     PC=(0x800002dc,0x800002d8,0x800002d4) [13, 19, 99], WB: DASM(1420d463)
Cyc=       202 Op1=[0x00000000] Op2=[0x00000002] W[W, 4= 0x00000001] [_,0x00200293]  168     PC=(0x800002e0,0x800002dc,0x800002d8) [63, 19, 19], WB: DASM(00120213)
Cyc=       203 Op1=[0x00000001] Op2=[0x00000002] W[W, 5= 0x00000002] [_,0xfe5212e3]  169   B PC=(0x800002e4,0x800002e0,0x800002dc) [13, 99, 19], WB: DASM(00200293)
Cyc=       204 Op1=[0x00000000] Op2=[0x00000011] W[_, 5= 0x00000003] [_,0x01100193]  170     PC=(0x800002c4,0x800002e4,0x800002e0) [13, 51, 99], WB: DASM(fe5212e3)
Cyc=       205 Op1=[0x00000000] Op2=[0xffffffff] W[_, 3= 0x00000011] [_,0xfff00093]  171     PC=(0x800002c8,0x800002c4,0x800002e4) [13, 19, 51], WB: DASM(00004033)
Cyc=       206 Op1=[0x00000000] Op2=[0x00000000] W[W, 1= 0xffffffff] [_,0x00000013]  171     PC=(0x800002cc,0x800002c8,0x800002c4) [13, 19, 19], WB: DASM(fff00093)
Cyc=       207 Op1=[0x00000000] Op2=[0x00000000] W[W, 0= 0x00000000] [_,0x00000113]  172     PC=(0x800002d0,0x800002cc,0x800002c8) [13, 19, 19], WB: DASM(00000013)
Cyc=       208 Op1=[0x00000000] Op2=[0x00000000] W[W, 2= 0x00000000] [_,0x00000013]  173     PC=(0x800002d4,0x800002d0,0x800002cc) [63, 19, 19], WB: DASM(00000113)
Cyc=       209 Op1=[0xffffffff] Op2=[0x00000000] W[W, 0= 0x00000000] [_,0x1420d463]  174     PC=(0x800002d8,0x800002d4,0x800002d0) [13, 99, 19], WB: DASM(00000013)
Cyc=       210 Op1=[0x00000001] Op2=[0x00000001] W[_, 8= 0xffffffff] [_,0x00120213]  175     PC=(0x800002dc,0x800002d8,0x800002d4) [13, 19, 99], WB: DASM(1420d463)
Cyc=       211 Op1=[0x00000000] Op2=[0x00000002] W[W, 4= 0x00000002] [_,0x00200293]  176     PC=(0x800002e0,0x800002dc,0x800002d8) [63, 19, 19], WB: DASM(00120213)
Cyc=       212 Op1=[0x00000002] Op2=[0x00000002] W[W, 5= 0x00000002] [_,0xfe5212e3]  177     PC=(0x800002e4,0x800002e0,0x800002dc) [13, 99, 19], WB: DASM(00200293)
Cyc=       213 Op1=[0x00000000] Op2=[0x00000011] W[_, 5= 0x00000004] [_,0x01100193]  178     PC=(0x800002e8,0x800002e4,0x800002e0) [13, 19, 99], WB: DASM(fe5212e3)
Cyc=       214 Op1=[0x00000000] Op2=[0x00000000] W[W, 3= 0x00000011] [_,0x00000213]  179     PC=(0x800002ec,0x800002e8,0x800002e4) [13, 19, 19], WB: DASM(01100193)
Cyc=       215 Op1=[0x00000000] Op2=[0xffffffff] W[W, 4= 0x00000000] [_,0xfff00093]  180     PC=(0x800002f0,0x800002ec,0x800002e8) [13, 19, 19], WB: DASM(00000213)
Cyc=       216 Op1=[0x00000000] Op2=[0x00000000] W[W, 1= 0xffffffff] [_,0x00000013]  181     PC=(0x800002f4,0x800002f0,0x800002ec) [13, 19, 19], WB: DASM(fff00093)
Cyc=       217 Op1=[0x00000000] Op2=[0x00000000] W[W, 0= 0x00000000] [_,0x00000013]  182     PC=(0x800002f8,0x800002f4,0x800002f0) [13, 19, 19], WB: DASM(00000013)
Cyc=       218 Op1=[0x00000000] Op2=[0x00000000] W[W, 0= 0x00000000] [_,0x00000113]  183     PC=(0x800002fc,0x800002f8,0x800002f4) [63, 19, 19], WB: DASM(00000013)
Cyc=       219 Op1=[0xffffffff] Op2=[0x00000000] W[W, 2= 0x00000000] [_,0x1220d063]  184     PC=(0x80000300,0x800002fc,0x800002f8) [13, 99, 19], WB: DASM(00000113)
Cyc=       220 Op1=[0x00000000] Op2=[0x00000001] W[_, 0= 0xffffffff] [_,0x00120213]  185     PC=(0x80000304,0x80000300,0x800002fc) [13, 19, 99], WB: DASM(1220d063)
Cyc=       221 Op1=[0x00000000] Op2=[0x00000002] W[W, 4= 0x00000001] [_,0x00200293]  186     PC=(0x80000308,0x80000304,0x80000300) [63, 19, 19], WB: DASM(00120213)
Cyc=       222 Op1=[0x00000001] Op2=[0x00000002] W[W, 5= 0x00000002] [_,0xfe5212e3]  187   B PC=(0x8000030c,0x80000308,0x80000304) [13, 99, 19], WB: DASM(00200293)
Cyc=       223 Op1=[0x00000000] Op2=[0x00000012] W[_, 5= 0x00000003] [_,0x01200193]  188     PC=(0x800002ec,0x8000030c,0x80000308) [13, 51, 99], WB: DASM(fe5212e3)
Cyc=       224 Op1=[0x00000000] Op2=[0xffffffff] W[_, 3= 0x00000012] [_,0xfff00093]  189     PC=(0x800002f0,0x800002ec,0x8000030c) [13, 19, 51], WB: DASM(00004033)
Cyc=       225 Op1=[0x00000000] Op2=[0x00000000] W[W, 1= 0xffffffff] [_,0x00000013]  189     PC=(0x800002f4,0x800002f0,0x800002ec) [13, 19, 19], WB: DASM(fff00093)
Cyc=       226 Op1=[0x00000000] Op2=[0x00000000] W[W, 0= 0x00000000] [_,0x00000013]  190     PC=(0x800002f8,0x800002f4,0x800002f0) [13, 19, 19], WB: DASM(00000013)
Cyc=       227 Op1=[0x00000000] Op2=[0x00000000] W[W, 0= 0x00000000] [_,0x00000113]  191     PC=(0x800002fc,0x800002f8,0x800002f4) [63, 19, 19], WB: DASM(00000013)
Cyc=       228 Op1=[0xffffffff] Op2=[0x00000000] W[W, 2= 0x00000000] [_,0x1220d063]  192     PC=(0x80000300,0x800002fc,0x800002f8) [13, 99, 19], WB: DASM(00000113)
Cyc=       229 Op1=[0x00000001] Op2=[0x00000001] W[_, 0= 0xffffffff] [_,0x00120213]  193     PC=(0x80000304,0x80000300,0x800002fc) [13, 19, 99], WB: DASM(1220d063)
Cyc=       230 Op1=[0x00000000] Op2=[0x00000002] W[W, 4= 0x00000002] [_,0x00200293]  194     PC=(0x80000308,0x80000304,0x80000300) [63, 19, 19], WB: DASM(00120213)
Cyc=       231 Op1=[0x00000002] Op2=[0x00000002] W[W, 5= 0x00000002] [_,0xfe5212e3]  195     PC=(0x8000030c,0x80000308,0x80000304) [13, 99, 19], WB: DASM(00200293)
Cyc=       232 Op1=[0x00000000] Op2=[0x00000012] W[_, 5= 0x00000004] [_,0x01200193]  196     PC=(0x80000310,0x8000030c,0x80000308) [13, 19, 99], WB: DASM(fe5212e3)
Cyc=       233 Op1=[0x00000000] Op2=[0x00000000] W[W, 3= 0x00000012] [_,0x00000213]  197     PC=(0x80000314,0x80000310,0x8000030c) [13, 19, 19], WB: DASM(01200193)
Cyc=       234 Op1=[0x00000000] Op2=[0xffffffff] W[W, 4= 0x00000000] [_,0xfff00093]  198     PC=(0x80000318,0x80000314,0x80000310) [13, 19, 19], WB: DASM(00000213)
Cyc=       235 Op1=[0x00000000] Op2=[0x00000000] W[W, 1= 0xffffffff] [_,0x00000113]  199     PC=(0x8000031c,0x80000318,0x80000314) [63, 19, 19], WB: DASM(fff00093)
Cyc=       236 Op1=[0xffffffff] Op2=[0x00000000] W[W, 2= 0x00000000] [_,0x1020d063]  200     PC=(0x80000320,0x8000031c,0x80000318) [13, 99, 19], WB: DASM(00000113)
Cyc=       237 Op1=[0x00000000] Op2=[0x00000001] W[_, 0= 0xffffffff] [_,0x00120213]  201     PC=(0x80000324,0x80000320,0x8000031c) [13, 19, 99], WB: DASM(1020d063)
Cyc=       238 Op1=[0x00000000] Op2=[0x00000002] W[W, 4= 0x00000001] [_,0x00200293]  202     PC=(0x80000328,0x80000324,0x80000320) [63, 19, 19], WB: DASM(00120213)
Cyc=       239 Op1=[0x00000001] Op2=[0x00000002] W[W, 5= 0x00000002] [_,0xfe5216e3]  203   B PC=(0x8000032c,0x80000328,0x80000324) [13, 99, 19], WB: DASM(00200293)
Cyc=       240 Op1=[0x00000000] Op2=[0x00000013] W[_,13= 0x00000003] [_,0x01300193]  204     PC=(0x80000314,0x8000032c,0x80000328) [13, 51, 99], WB: DASM(fe5216e3)
Cyc=       241 Op1=[0x00000000] Op2=[0xffffffff] W[_, 3= 0x00000013] [_,0xfff00093]  205     PC=(0x80000318,0x80000314,0x8000032c) [13, 19, 51], WB: DASM(00004033)
Cyc=       242 Op1=[0x00000000] Op2=[0x00000000] W[W, 1= 0xffffffff] [_,0x00000113]  205     PC=(0x8000031c,0x80000318,0x80000314) [63, 19, 19], WB: DASM(fff00093)
Cyc=       243 Op1=[0xffffffff] Op2=[0x00000000] W[W, 2= 0x00000000] [_,0x1020d063]  206     PC=(0x80000320,0x8000031c,0x80000318) [13, 99, 19], WB: DASM(00000113)
Cyc=       244 Op1=[0x00000001] Op2=[0x00000001] W[_, 0= 0xffffffff] [_,0x00120213]  207     PC=(0x80000324,0x80000320,0x8000031c) [13, 19, 99], WB: DASM(1020d063)
Cyc=       245 Op1=[0x00000000] Op2=[0x00000002] W[W, 4= 0x00000002] [_,0x00200293]  208     PC=(0x80000328,0x80000324,0x80000320) [63, 19, 19], WB: DASM(00120213)
Cyc=       246 Op1=[0x00000002] Op2=[0x00000002] W[W, 5= 0x00000002] [_,0xfe5216e3]  209     PC=(0x8000032c,0x80000328,0x80000324) [13, 99, 19], WB: DASM(00200293)
Cyc=       247 Op1=[0x00000000] Op2=[0x00000013] W[_,13= 0x00000004] [_,0x01300193]  210     PC=(0x80000330,0x8000032c,0x80000328) [13, 19, 99], WB: DASM(fe5216e3)
Cyc=       248 Op1=[0x00000000] Op2=[0x00000000] W[W, 3= 0x00000013] [_,0x00000213]  211     PC=(0x80000334,0x80000330,0x8000032c) [13, 19, 19], WB: DASM(01300193)
Cyc=       249 Op1=[0x00000000] Op2=[0xffffffff] W[W, 4= 0x00000000] [_,0xfff00093]  212     PC=(0x80000338,0x80000334,0x80000330) [13, 19, 19], WB: DASM(00000213)
Cyc=       250 Op1=[0x00000000] Op2=[0x00000000] W[W, 1= 0xffffffff] [_,0x00000113]  213     PC=(0x8000033c,0x80000338,0x80000334) [13, 19, 19], WB: DASM(fff00093)
Cyc=       251 Op1=[0x00000000] Op2=[0x00000000] W[W, 2= 0x00000000] [_,0x00000013]  214     PC=(0x80000340,0x8000033c,0x80000338) [63, 19, 19], WB: DASM(00000113)
Cyc=       252 Op1=[0xffffffff] Op2=[0x00000000] W[W, 0= 0x00000000] [_,0x0c20de63]  215     PC=(0x80000344,0x80000340,0x8000033c) [13, 99, 19], WB: DASM(00000013)
Cyc=       253 Op1=[0x00000000] Op2=[0x00000001] W[_,28= 0xffffffff] [_,0x00120213]  216     PC=(0x80000348,0x80000344,0x80000340) [13, 19, 99], WB: DASM(0c20de63)
Cyc=       254 Op1=[0x00000000] Op2=[0x00000002] W[W, 4= 0x00000001] [_,0x00200293]  217     PC=(0x8000034c,0x80000348,0x80000344) [63, 19, 19], WB: DASM(00120213)
Cyc=       255 Op1=[0x00000001] Op2=[0x00000002] W[W, 5= 0x00000002] [_,0xfe5214e3]  218   B PC=(0x80000350,0x8000034c,0x80000348) [13, 99, 19], WB: DASM(00200293)
Cyc=       256 Op1=[0x00000000] Op2=[0x00000014] W[_, 9= 0x00000003] [_,0x01400193]  219     PC=(0x80000334,0x80000350,0x8000034c) [13, 51, 99], WB: DASM(fe5214e3)
Cyc=       257 Op1=[0x00000000] Op2=[0xffffffff] W[_, 3= 0x00000014] [_,0xfff00093]  220     PC=(0x80000338,0x80000334,0x80000350) [13, 19, 51], WB: DASM(00004033)
Cyc=       258 Op1=[0x00000000] Op2=[0x00000000] W[W, 1= 0xffffffff] [_,0x00000113]  220     PC=(0x8000033c,0x80000338,0x80000334) [13, 19, 19], WB: DASM(fff00093)
Cyc=       259 Op1=[0x00000000] Op2=[0x00000000] W[W, 2= 0x00000000] [_,0x00000013]  221     PC=(0x80000340,0x8000033c,0x80000338) [63, 19, 19], WB: DASM(00000113)
Cyc=       260 Op1=[0xffffffff] Op2=[0x00000000] W[W, 0= 0x00000000] [_,0x0c20de63]  222     PC=(0x80000344,0x80000340,0x8000033c) [13, 99, 19], WB: DASM(00000013)
Cyc=       261 Op1=[0x00000001] Op2=[0x00000001] W[_,28= 0xffffffff] [_,0x00120213]  223     PC=(0x80000348,0x80000344,0x80000340) [13, 19, 99], WB: DASM(0c20de63)
Cyc=       262 Op1=[0x00000000] Op2=[0x00000002] W[W, 4= 0x00000002] [_,0x00200293]  224     PC=(0x8000034c,0x80000348,0x80000344) [63, 19, 19], WB: DASM(00120213)
Cyc=       263 Op1=[0x00000002] Op2=[0x00000002] W[W, 5= 0x00000002] [_,0xfe5214e3]  225     PC=(0x80000350,0x8000034c,0x80000348) [13, 99, 19], WB: DASM(00200293)
Cyc=       264 Op1=[0x00000000] Op2=[0x00000014] W[_, 9= 0x00000004] [_,0x01400193]  226     PC=(0x80000354,0x80000350,0x8000034c) [13, 19, 99], WB: DASM(fe5214e3)
Cyc=       265 Op1=[0x00000000] Op2=[0x00000000] W[W, 3= 0x00000014] [_,0x00000213]  227     PC=(0x80000358,0x80000354,0x80000350) [13, 19, 19], WB: DASM(01400193)
Cyc=       266 Op1=[0x00000000] Op2=[0xffffffff] W[W, 4= 0x00000000] [_,0xfff00093]  228     PC=(0x8000035c,0x80000358,0x80000354) [13, 19, 19], WB: DASM(00000213)
Cyc=       267 Op1=[0x00000000] Op2=[0x00000000] W[W, 1= 0xffffffff] [_,0x00000113]  229     PC=(0x80000360,0x8000035c,0x80000358) [13, 19, 19], WB: DASM(fff00093)
Cyc=       268 Op1=[0x00000000] Op2=[0x00000000] W[W, 2= 0x00000000] [_,0x00000013]  230     PC=(0x80000364,0x80000360,0x8000035c) [13, 19, 19], WB: DASM(00000113)
Cyc=       269 Op1=[0x00000000] Op2=[0x00000000] W[W, 0= 0x00000000] [_,0x00000013]  231     PC=(0x80000368,0x80000364,0x80000360) [63, 19, 19], WB: DASM(00000013)
Cyc=       270 Op1=[0xffffffff] Op2=[0x00000000] W[W, 0= 0x00000000] [_,0x0a20da63]  232     PC=(0x8000036c,0x80000368,0x80000364) [13, 99, 19], WB: DASM(00000013)
Cyc=       271 Op1=[0x00000000] Op2=[0x00000001] W[_,20= 0xffffffff] [_,0x00120213]  233     PC=(0x80000370,0x8000036c,0x80000368) [13, 19, 99], WB: DASM(0a20da63)
Cyc=       272 Op1=[0x00000000] Op2=[0x00000002] W[W, 4= 0x00000001] [_,0x00200293]  234     PC=(0x80000374,0x80000370,0x8000036c) [63, 19, 19], WB: DASM(00120213)
Cyc=       273 Op1=[0x00000001] Op2=[0x00000002] W[W, 5= 0x00000002] [_,0xfe5212e3]  235   B PC=(0x80000378,0x80000374,0x80000370) [13, 99, 19], WB: DASM(00200293)
Cyc=       274 Op1=[0x00000000] Op2=[0x00000015] W[_, 5= 0x00000003] [_,0x01500193]  236     PC=(0x80000358,0x80000378,0x80000374) [13, 51, 99], WB: DASM(fe5212e3)
Cyc=       275 Op1=[0x00000000] Op2=[0xffffffff] W[_, 3= 0x00000015] [_,0xfff00093]  237     PC=(0x8000035c,0x80000358,0x80000378) [13, 19, 51], WB: DASM(00004033)
Cyc=       276 Op1=[0x00000000] Op2=[0x00000000] W[W, 1= 0xffffffff] [_,0x00000113]  237     PC=(0x80000360,0x8000035c,0x80000358) [13, 19, 19], WB: DASM(fff00093)
Cyc=       277 Op1=[0x00000000] Op2=[0x00000000] W[W, 2= 0x00000000] [_,0x00000013]  238     PC=(0x80000364,0x80000360,0x8000035c) [13, 19, 19], WB: DASM(00000113)
Cyc=       278 Op1=[0x00000000] Op2=[0x00000000] W[W, 0= 0x00000000] [_,0x00000013]  239     PC=(0x80000368,0x80000364,0x80000360) [63, 19, 19], WB: DASM(00000013)
Cyc=       279 Op1=[0xffffffff] Op2=[0x00000000] W[W, 0= 0x00000000] [_,0x0a20da63]  240     PC=(0x8000036c,0x80000368,0x80000364) [13, 99, 19], WB: DASM(00000013)
Cyc=       280 Op1=[0x00000001] Op2=[0x00000001] W[_,20= 0xffffffff] [_,0x00120213]  241     PC=(0x80000370,0x8000036c,0x80000368) [13, 19, 99], WB: DASM(0a20da63)
Cyc=       281 Op1=[0x00000000] Op2=[0x00000002] W[W, 4= 0x00000002] [_,0x00200293]  242     PC=(0x80000374,0x80000370,0x8000036c) [63, 19, 19], WB: DASM(00120213)
Cyc=       282 Op1=[0x00000002] Op2=[0x00000002] W[W, 5= 0x00000002] [_,0xfe5212e3]  243     PC=(0x80000378,0x80000374,0x80000370) [13, 99, 19], WB: DASM(00200293)
Cyc=       283 Op1=[0x00000000] Op2=[0x00000015] W[_, 5= 0x00000004] [_,0x01500193]  244     PC=(0x8000037c,0x80000378,0x80000374) [13, 19, 99], WB: DASM(fe5212e3)
Cyc=       284 Op1=[0x00000000] Op2=[0x00000000] W[W, 3= 0x00000015] [_,0x00000213]  245     PC=(0x80000380,0x8000037c,0x80000378) [13, 19, 19], WB: DASM(01500193)
Cyc=       285 Op1=[0x00000000] Op2=[0xffffffff] W[W, 4= 0x00000000] [_,0xfff00093]  246     PC=(0x80000384,0x80000380,0x8000037c) [13, 19, 19], WB: DASM(00000213)
Cyc=       286 Op1=[0x00000000] Op2=[0x00000000] W[W, 1= 0xffffffff] [_,0x00000013]  247     PC=(0x80000388,0x80000384,0x80000380) [13, 19, 19], WB: DASM(fff00093)
Cyc=       287 Op1=[0x00000000] Op2=[0x00000000] W[W, 0= 0x00000000] [_,0x00000113]  248     PC=(0x8000038c,0x80000388,0x80000384) [63, 19, 19], WB: DASM(00000013)
Cyc=       288 Op1=[0xffffffff] Op2=[0x00000000] W[W, 2= 0x00000000] [_,0x0820d863]  249     PC=(0x80000390,0x8000038c,0x80000388) [13, 99, 19], WB: DASM(00000113)
Cyc=       289 Op1=[0x00000000] Op2=[0x00000001] W[_,16= 0xffffffff] [_,0x00120213]  250     PC=(0x80000394,0x80000390,0x8000038c) [13, 19, 99], WB: DASM(0820d863)
Cyc=       290 Op1=[0x00000000] Op2=[0x00000002] W[W, 4= 0x00000001] [_,0x00200293]  251     PC=(0x80000398,0x80000394,0x80000390) [63, 19, 19], WB: DASM(00120213)
Cyc=       291 Op1=[0x00000001] Op2=[0x00000002] W[W, 5= 0x00000002] [_,0xfe5214e3]  252   B PC=(0x8000039c,0x80000398,0x80000394) [13, 99, 19], WB: DASM(00200293)
Cyc=       292 Op1=[0x00000000] Op2=[0x00000016] W[_, 9= 0x00000003] [_,0x01600193]  253     PC=(0x80000380,0x8000039c,0x80000398) [13, 51, 99], WB: DASM(fe5214e3)
Cyc=       293 Op1=[0x00000000] Op2=[0xffffffff] W[_, 3= 0x00000016] [_,0xfff00093]  254     PC=(0x80000384,0x80000380,0x8000039c) [13, 19, 51], WB: DASM(00004033)
Cyc=       294 Op1=[0x00000000] Op2=[0x00000000] W[W, 1= 0xffffffff] [_,0x00000013]  254     PC=(0x80000388,0x80000384,0x80000380) [13, 19, 19], WB: DASM(fff00093)
Cyc=       295 Op1=[0x00000000] Op2=[0x00000000] W[W, 0= 0x00000000] [_,0x00000113]  255     PC=(0x8000038c,0x80000388,0x80000384) [63, 19, 19], WB: DASM(00000013)
Cyc=       296 Op1=[0xffffffff] Op2=[0x00000000] W[W, 2= 0x00000000] [_,0x0820d863]  256     PC=(0x80000390,0x8000038c,0x80000388) [13, 99, 19], WB: DASM(00000113)
Cyc=       297 Op1=[0x00000001] Op2=[0x00000001] W[_,16= 0xffffffff] [_,0x00120213]  257     PC=(0x80000394,0x80000390,0x8000038c) [13, 19, 99], WB: DASM(0820d863)
Cyc=       298 Op1=[0x00000000] Op2=[0x00000002] W[W, 4= 0x00000002] [_,0x00200293]  258     PC=(0x80000398,0x80000394,0x80000390) [63, 19, 19], WB: DASM(00120213)
Cyc=       299 Op1=[0x00000002] Op2=[0x00000002] W[W, 5= 0x00000002] [_,0xfe5214e3]  259     PC=(0x8000039c,0x80000398,0x80000394) [13, 99, 19], WB: DASM(00200293)
Cyc=       300 Op1=[0x00000000] Op2=[0x00000016] W[_, 9= 0x00000004] [_,0x01600193]  260     PC=(0x800003a0,0x8000039c,0x80000398) [13, 19, 99], WB: DASM(fe5214e3)
Cyc=       301 Op1=[0x00000000] Op2=[0x00000000] W[W, 3= 0x00000016] [_,0x00000213]  261     PC=(0x800003a4,0x800003a0,0x8000039c) [13, 19, 19], WB: DASM(01600193)
Cyc=       302 Op1=[0x00000000] Op2=[0xffffffff] W[W, 4= 0x00000000] [_,0xfff00093]  262     PC=(0x800003a8,0x800003a4,0x800003a0) [13, 19, 19], WB: DASM(00000213)
Cyc=       303 Op1=[0x00000000] Op2=[0x00000000] W[W, 1= 0xffffffff] [_,0x00000013]  263     PC=(0x800003ac,0x800003a8,0x800003a4) [13, 19, 19], WB: DASM(fff00093)
Cyc=       304 Op1=[0x00000000] Op2=[0x00000000] W[W, 0= 0x00000000] [_,0x00000113]  264     PC=(0x800003b0,0x800003ac,0x800003a8) [13, 19, 19], WB: DASM(00000013)
Cyc=       305 Op1=[0x00000000] Op2=[0x00000000] W[W, 2= 0x00000000] [_,0x00000013]  265     PC=(0x800003b4,0x800003b0,0x800003ac) [63, 19, 19], WB: DASM(00000113)
Cyc=       306 Op1=[0xffffffff] Op2=[0x00000000] W[W, 0= 0x00000000] [_,0x0620d463]  266     PC=(0x800003b8,0x800003b4,0x800003b0) [13, 99, 19], WB: DASM(00000013)
Cyc=       307 Op1=[0x00000000] Op2=[0x00000001] W[_, 8= 0xffffffff] [_,0x00120213]  267     PC=(0x800003bc,0x800003b8,0x800003b4) [13, 19, 99], WB: DASM(0620d463)
Cyc=       308 Op1=[0x00000000] Op2=[0x00000002] W[W, 4= 0x00000001] [_,0x00200293]  268     PC=(0x800003c0,0x800003bc,0x800003b8) [63, 19, 19], WB: DASM(00120213)
Cyc=       309 Op1=[0x00000001] Op2=[0x00000002] W[W, 5= 0x00000002] [_,0xfe5212e3]  269   B PC=(0x800003c4,0x800003c0,0x800003bc) [13, 99, 19], WB: DASM(00200293)
Cyc=       310 Op1=[0x00000000] Op2=[0x00000017] W[_, 5= 0x00000003] [_,0x01700193]  270     PC=(0x800003a4,0x800003c4,0x800003c0) [13, 51, 99], WB: DASM(fe5212e3)
Cyc=       311 Op1=[0x00000000] Op2=[0xffffffff] W[_, 3= 0x00000017] [_,0xfff00093]  271     PC=(0x800003a8,0x800003a4,0x800003c4) [13, 19, 51], WB: DASM(00004033)
Cyc=       312 Op1=[0x00000000] Op2=[0x00000000] W[W, 1= 0xffffffff] [_,0x00000013]  271     PC=(0x800003ac,0x800003a8,0x800003a4) [13, 19, 19], WB: DASM(fff00093)
Cyc=       313 Op1=[0x00000000] Op2=[0x00000000] W[W, 0= 0x00000000] [_,0x00000113]  272     PC=(0x800003b0,0x800003ac,0x800003a8) [13, 19, 19], WB: DASM(00000013)
Cyc=       314 Op1=[0x00000000] Op2=[0x00000000] W[W, 2= 0x00000000] [_,0x00000013]  273     PC=(0x800003b4,0x800003b0,0x800003ac) [63, 19, 19], WB: DASM(00000113)
Cyc=       315 Op1=[0xffffffff] Op2=[0x00000000] W[W, 0= 0x00000000] [_,0x0620d463]  274     PC=(0x800003b8,0x800003b4,0x800003b0) [13, 99, 19], WB: DASM(00000013)
Cyc=       316 Op1=[0x00000001] Op2=[0x00000001] W[_, 8= 0xffffffff] [_,0x00120213]  275     PC=(0x800003bc,0x800003b8,0x800003b4) [13, 19, 99], WB: DASM(0620d463)
Cyc=       317 Op1=[0x00000000] Op2=[0x00000002] W[W, 4= 0x00000002] [_,0x00200293]  276     PC=(0x800003c0,0x800003bc,0x800003b8) [63, 19, 19], WB: DASM(00120213)
Cyc=       318 Op1=[0x00000002] Op2=[0x00000002] W[W, 5= 0x00000002] [_,0xfe5212e3]  277     PC=(0x800003c4,0x800003c0,0x800003bc) [13, 99, 19], WB: DASM(00200293)
Cyc=       319 Op1=[0x00000000] Op2=[0x00000017] W[_, 5= 0x00000004] [_,0x01700193]  278     PC=(0x800003c8,0x800003c4,0x800003c0) [13, 19, 99], WB: DASM(fe5212e3)
Cyc=       320 Op1=[0x00000000] Op2=[0x00000000] W[W, 3= 0x00000017] [_,0x00000213]  279     PC=(0x800003cc,0x800003c8,0x800003c4) [13, 19, 19], WB: DASM(01700193)
Cyc=       321 Op1=[0x00000000] Op2=[0xffffffff] W[W, 4= 0x00000000] [_,0xfff00093]  280     PC=(0x800003d0,0x800003cc,0x800003c8) [13, 19, 19], WB: DASM(00000213)
Cyc=       322 Op1=[0x00000000] Op2=[0x00000000] W[W, 1= 0xffffffff] [_,0x00000013]  281     PC=(0x800003d4,0x800003d0,0x800003cc) [13, 19, 19], WB: DASM(fff00093)
Cyc=       323 Op1=[0x00000000] Op2=[0x00000000] W[W, 0= 0x00000000] [_,0x00000013]  282     PC=(0x800003d8,0x800003d4,0x800003d0) [13, 19, 19], WB: DASM(00000013)
Cyc=       324 Op1=[0x00000000] Op2=[0x00000000] W[W, 0= 0x00000000] [_,0x00000113]  283     PC=(0x800003dc,0x800003d8,0x800003d4) [63, 19, 19], WB: DASM(00000013)
Cyc=       325 Op1=[0xffffffff] Op2=[0x00000000] W[W, 2= 0x00000000] [_,0x0420d063]  284     PC=(0x800003e0,0x800003dc,0x800003d8) [13, 99, 19], WB: DASM(00000113)
Cyc=       326 Op1=[0x00000000] Op2=[0x00000001] W[_, 0= 0xffffffff] [_,0x00120213]  285     PC=(0x800003e4,0x800003e0,0x800003dc) [13, 19, 99], WB: DASM(0420d063)
Cyc=       327 Op1=[0x00000000] Op2=[0x00000002] W[W, 4= 0x00000001] [_,0x00200293]  286     PC=(0x800003e8,0x800003e4,0x800003e0) [63, 19, 19], WB: DASM(00120213)
Cyc=       328 Op1=[0x00000001] Op2=[0x00000002] W[W, 5= 0x00000002] [_,0xfe5212e3]  287   B PC=(0x800003ec,0x800003e8,0x800003e4) [13, 99, 19], WB: DASM(00200293)
Cyc=       329 Op1=[0x00000000] Op2=[0x00000001] W[_, 5= 0x00000003] [_,0x00100093]  288     PC=(0x800003cc,0x800003ec,0x800003e8) [13, 51, 99], WB: DASM(fe5212e3)
Cyc=       330 Op1=[0x00000000] Op2=[0xffffffff] W[_, 1= 0x00000001] [_,0xfff00093]  289     PC=(0x800003d0,0x800003cc,0x800003ec) [13, 19, 51], WB: DASM(00004033)
Cyc=       331 Op1=[0x00000000] Op2=[0x00000000] W[W, 1= 0xffffffff] [_,0x00000013]  289     PC=(0x800003d4,0x800003d0,0x800003cc) [13, 19, 19], WB: DASM(fff00093)
Cyc=       332 Op1=[0x00000000] Op2=[0x00000000] W[W, 0= 0x00000000] [_,0x00000013]  290     PC=(0x800003d8,0x800003d4,0x800003d0) [13, 19, 19], WB: DASM(00000013)
Cyc=       333 Op1=[0x00000000] Op2=[0x00000000] W[W, 0= 0x00000000] [_,0x00000113]  291     PC=(0x800003dc,0x800003d8,0x800003d4) [63, 19, 19], WB: DASM(00000013)
Cyc=       334 Op1=[0xffffffff] Op2=[0x00000000] W[W, 2= 0x00000000] [_,0x0420d063]  292     PC=(0x800003e0,0x800003dc,0x800003d8) [13, 99, 19], WB: DASM(00000113)
Cyc=       335 Op1=[0x00000001] Op2=[0x00000001] W[_, 0= 0xffffffff] [_,0x00120213]  293     PC=(0x800003e4,0x800003e0,0x800003dc) [13, 19, 99], WB: DASM(0420d063)
Cyc=       336 Op1=[0x00000000] Op2=[0x00000002] W[W, 4= 0x00000002] [_,0x00200293]  294     PC=(0x800003e8,0x800003e4,0x800003e0) [63, 19, 19], WB: DASM(00120213)
Cyc=       337 Op1=[0x00000002] Op2=[0x00000002] W[W, 5= 0x00000002] [_,0xfe5212e3]  295     PC=(0x800003ec,0x800003e8,0x800003e4) [13, 99, 19], WB: DASM(00200293)
Cyc=       338 Op1=[0x00000000] Op2=[0x00000001] W[_, 5= 0x00000004] [_,0x00100093]  296     PC=(0x800003f0,0x800003ec,0x800003e8) [63, 19, 99], WB: DASM(fe5212e3)
Cyc=       339 Op1=[0x00000001] Op2=[0x00000000] W[W, 1= 0x00000001] [_,0x0000da63]  297   B PC=(0x800003f4,0x800003f0,0x800003ec) [13, 99, 19], WB: DASM(00100093)
Cyc=       340 Op1=[0x00000001] Op2=[0x00000001] W[_,20= 0x00000001] [_,0x00108093]  298     PC=(0x80000404,0x800003f4,0x800003f0) [13, 51, 99], WB: DASM(0000da63)
Cyc=       341 Op1=[0x00000001] Op2=[0x00000001] W[_, 1= 0x00000002] [_,0x00108093]  299     PC=(0x80000408,0x80000404,0x800003f4) [13, 19, 51], WB: DASM(00004033)
Cyc=       342 Op1=[0x00000002] Op2=[0x00000001] W[W, 1= 0x00000002] [_,0x00108093]  299     PC=(0x8000040c,0x80000408,0x80000404) [13, 19, 19], WB: DASM(00108093)
Cyc=       343 Op1=[0x00000000] Op2=[0x00000003] W[W, 1= 0x00000003] [_,0x00300e93]  300     PC=(0x80000410,0x8000040c,0x80000408) [13, 19, 19], WB: DASM(00108093)
Cyc=       344 Op1=[0x00000000] Op2=[0x00000018] W[W,29= 0x00000003] [_,0x01800193]  301     PC=(0x80000414,0x80000410,0x8000040c) [63, 19, 19], WB: DASM(00300e93)
Cyc=       345 Op1=[0x00000003] Op2=[0x00000003] W[W, 3= 0x00000018] [_,0x01d09463]  302     PC=(0x80000418,0x80000414,0x80000410) [63, 99, 19], WB: DASM(01800193)
Cyc=       346 Op1=[0x00000000] Op2=[0x00000018] W[_, 8= 0x00000006] [_,0x00301c63]  303   B PC=(0x8000041c,0x80000418,0x80000414) [0f, 99, 99], WB: DASM(01d09463)
Cyc=       347 Op1=[0x00000000] Op2=[0x00000000] W[_,24= 0x00000018] [_,0x0ff0000f]  304     PC=(0x80000430,0x8000041c,0x80000418) [0f, 51, 99], WB: DASM(00301c63)
Cyc=       348 Op1=[0x00000000] Op2=[0x00000000] W[_, 0= 0x00000000] [_,0x0ff0000f]  305     PC=(0x80000434,0x80000430,0x8000041c) [13, 15, 51], WB: DASM(00004033)
Cyc=       349 Op1=[0x00000000] Op2=[0x00000001] W[_, 0= 0x00000000] [_,0x00100193]  305     PC=(0x80000438,0x80000434,0x80000430) [73, 19, 15], WB: DASM(0ff0000f)
Cyc=       350 Op1=[0x00000000] Op2=[0x00000000] W[W, 3= 0x00000001] [_,0x00000073]  306     PC=(0x8000043c,0x80000438,0x80000434) [73,115, 19], WB: DASM(00100193)
Cyc=       351 Op1=[0x00000000] Op2=[0x00000000] W[_, 0= 0x00000000] [_,0xc0001073]  307   X PC=(0x80000440,0x8000043c,0x80000438) [00,115,115], WB: DASM(00000073)
Cyc=       352 Op1=[0x00000000] Op2=[0x00000000] W[_, 0= 0x00000000] [_,0x00000000]  308     PC=(0x80000004,0x80000440,0x8000043c) [73, 51, 51], WB: DASM(00004033)
Cyc=       353 Op1=[0x00000000] Op2=[0x00000000] W[_, 0= 0x00000000] [_,0x34202f73]  309     PC=(0x80000008,0x80000004,0x80000440) [13,115, 51], WB: DASM(00004033)
Cyc=       354 Op1=[0x00000000] Op2=[0x00000008] W[W,30= 0x0000000b] [_,0x00800f93]  309     PC=(0x8000000c,0x80000008,0x80000004) [63, 19,115], WB: DASM(34202f73)
Cyc=       355 Op1=[0x0000000b] Op2=[0x00000008] W[W,31= 0x00000008] [_,0x03ff0a63]  310     PC=(0x80000010,0x8000000c,0x80000008) [13, 99, 19], WB: DASM(00800f93)
Cyc=       356 Op1=[0x00000000] Op2=[0x00000009] W[_,20= 0x00000013] [_,0x00900f93]  311     PC=(0x80000014,0x80000010,0x8000000c) [63, 19, 99], WB: DASM(03ff0a63)
Cyc=       357 Op1=[0x0000000b] Op2=[0x00000009] W[W,31= 0x00000009] [_,0x03ff0663]  312     PC=(0x80000018,0x80000014,0x80000010) [13, 99, 19], WB: DASM(00900f93)
Cyc=       358 Op1=[0x00000000] Op2=[0x0000000b] W[_,12= 0x00000014] [_,0x00b00f93]  313     PC=(0x8000001c,0x80000018,0x80000014) [63, 19, 99], WB: DASM(03ff0663)
Cyc=       359 Op1=[0x0000000b] Op2=[0x0000000b] W[W,31= 0x0000000b] [_,0x03ff0263]  314   B PC=(0x80000020,0x8000001c,0x80000018) [17, 99, 19], WB: DASM(00b00f93)
Cyc=       360 Op1=[0x80000000] Op2=[0x80000020] W[_, 4= 0x00000016] [_,0x80000f17]  315     PC=(0x80000040,0x80000020,0x8000001c) [17, 51, 99], WB: DASM(03ff0263)
Cyc=       361 Op1=[0x00001000] Op2=[0x80000040] W[_,30= 0x00000020] [_,0x00001f17]  316     PC=(0x80000044,0x80000040,0x80000020) [23, 23, 51], WB: DASM(00004033)
Cyc=       362 Op1=[0x80001040] Op2=[0xffffffc0] W[W,30= 0x80001040] [_,0xfc3f2023]  316     PC=(0x80000048,0x80000044,0x80000040) [6f, 35, 23], WB: DASM(00001f17)
Cyc=       363 Op1=[0x0000000b] Op2=[0x00000000] W[_, 0= 0x80001000] [_,0xff9ff06f]  317   J PC=(0x8000004c,0x80000048,0x80000044) [73,111, 35], WB: DASM(fc3f2023)
Cyc=       364 Op1=[0x00000000] Op2=[0x00000000] W[W, 0= 0x8000004c] [_,0xf1402573]  318     PC=(0x80000040,0x8000004c,0x80000048) [17, 51,111], WB: DASM(ff9ff06f)
Cyc=       365 Op1=[0x00001000] Op2=[0x80000040] W[_,10= 0x00000000] [_,0x00001f17]  319     PC=(0x80000044,0x80000040,0x8000004c) [23, 23, 51], WB: DASM(00004033)
Cyc=       366 Op1=[0x80001040] Op2=[0xffffffc0] W[W,30= 0x80001040] [_,0xfc3f2023]  319     PC=(0x80000048,0x80000044,0x80000040) [6f, 35, 23], WB: DASM(00001f17)
Cyc=       367 Op1=[0x0000000b] Op2=[0x00000000] W[_, 0= 0x80001000] [_,0xff9ff06f]  320   J PC=(0x8000004c,0x80000048,0x80000044) [73,111, 35], WB: DASM(fc3f2023)
Cyc=       368 Op1=[0x00000000] Op2=[0x00000000] W[W, 0= 0x8000004c] [_,0xf1402573]  321     PC=(0x80000040,0x8000004c,0x80000048) [17, 51,111], WB: DASM(ff9ff06f)
Cyc=       369 Op1=[0x00001000] Op2=[0x80000040] W[_,10= 0x00000000] [_,0x00001f17]  322     PC=(0x80000044,0x80000040,0x8000004c) [23, 23, 51], WB: DASM(00004033)
Cyc=       370 Op1=[0x80001040] Op2=[0xffffffc0] W[W,30= 0x80001040] [_,0xfc3f2023]  322     PC=(0x80000048,0x80000044,0x80000040) [6f, 35, 23], WB: DASM(00001f17)
Cyc=       371 Op1=[0x0000000b] Op2=[0x00000000] W[_, 0= 0x80001000] [_,0xff9ff06f]  323   J PC=(0x8000004c,0x80000048,0x80000044) [73,111, 35], WB: DASM(fc3f2023)
Cyc=       372 Op1=[0x00000000] Op2=[0x00000000] W[W, 0= 0x8000004c] [_,0xf1402573]  324     PC=(0x80000040,0x8000004c,0x80000048) [17, 51,111], WB: DASM(ff9ff06f)
Cyc=       373 Op1=[0x00001000] Op2=[0x80000040] W[_,10= 0x00000000] [_,0x00001f17]  325     PC=(0x80000044,0x80000040,0x8000004c) [23, 23, 51], WB: DASM(00004033)
Cyc=       374 Op1=[0x80001040] Op2=[0xffffffc0] W[W,30= 0x80001040] [_,0xfc3f2023]  325     PC=(0x80000048,0x80000044,0x80000040) [6f, 35, 23], WB: DASM(00001f17)
Cyc=       375 Op1=[0x0000000b] Op2=[0x00000000] W[_, 0= 0x80001000] [_,0xff9ff06f]  326   J PC=(0x8000004c,0x80000048,0x80000044) [73,111, 35], WB: DASM(fc3f2023)
Cyc=       376 Op1=[0x00000000] Op2=[0x00000000] W[W, 0= 0x8000004c] [_,0xf1402573]  327     PC=(0x80000040,0x8000004c,0x80000048) [17, 51,111], WB: DASM(ff9ff06f)
Cyc=       377 Op1=[0x00001000] Op2=[0x80000040] W[_,10= 0x00000000] [_,0x00001f17]  328     PC=(0x80000044,0x80000040,0x8000004c) [23, 23, 51], WB: DASM(00004033)
*** PASSED ***
