Instantiated DTM.
Cyc=         0 Op1=[0x00000000] Op2=[0x00000000] W[_, 0= 0x7ffffffc] [_,0x04c0006f]    0   J PC=(0x7ffffffc,0x7ffffffc,0x7ffffffc) [6f, 51, 51], WB: DASM(00004033)
Cyc=         1 Op1=[0x00000000] Op2=[0x00000000] W[_, 0= 0x7ffffffc] [_,0x04c0006f]    0   J PC=(0x80000000,0x7ffffffc,0x7ffffffc) [6f, 51, 51], WB: DASM(00004033)
Cyc=         2 Op1=[0x00000000] Op2=[0x00000000] W[_, 0= 0x80000000] [_,0x04c0006f]    0   J PC=(0x80000004,0x80000000,0x7ffffffc) [73,111, 51], WB: DASM(00004033)
Cyc=         3 Op1=[0x00000000] Op2=[0x00000000] W[W, 0= 0x80000004] [_,0x34202f73]    0     PC=(0x8000004c,0x80000004,0x80000000) [73, 51,111], WB: DASM(04c0006f)
Cyc=         4 Op1=[0x00000000] Op2=[0x00000000] W[_,30= 0x00000000] [_,0xf1402573]    1     PC=(0x80000050,0x8000004c,0x80000004) [63,115, 51], WB: DASM(00004033)
Cyc=         5 Op1=[0x00000000] Op2=[0x00000000] W[W,10= 0x00000000] [_,0x00051063]    1 H   PC=(0x80000054,0x80000050,0x8000004c) [17, 99,115], WB: DASM(f1402573)
Cyc=         6 Op1=[0x00000000] Op2=[0x00000000] W[_, 0= 0x00000000] [_,0x00051063]    2     PC=(0x80000054,0x80000050,0x00000000) [17, 99, 51], WB: DASM(00004033)
Cyc=         7 Op1=[0x00000000] Op2=[0x80000054] W[_, 0= 0x00000000] [_,0x00000297]    2     PC=(0x80000058,0x80000054,0x80000050) [13, 23, 99], WB: DASM(00051063)
Cyc=         8 Op1=[0x80000054] Op2=[0x00000010] W[W, 5= 0x80000054] [_,0x01028293]    3     PC=(0x8000005c,0x80000058,0x80000054) [73, 19, 23], WB: DASM(00000297)
Cyc=         9 Op1=[0x80000064] Op2=[0x80000064] W[W, 5= 0x80000064] [_,0x30529073]    4     PC=(0x80000060,0x8000005c,0x80000058) [73,115, 19], WB: DASM(01028293)
Cyc=        10 Op1=[0x00000000] Op2=[0x00000000] W[W, 0= 0x00000100] [_,0x18005073]    5     PC=(0x80000064,0x80000060,0x8000005c) [17,115,115], WB: DASM(30529073)
Cyc=        11 Op1=[0x00000000] Op2=[0x80000064] W[W, 0= 0x00000000] [_,0x00000297]    6     PC=(0x80000068,0x80000064,0x80000060) [13, 23,115], WB: DASM(18005073)
Cyc=        12 Op1=[0x80000064] Op2=[0x0000001c] W[W, 5= 0x80000064] [_,0x01c28293]    7     PC=(0x8000006c,0x80000068,0x80000064) [73, 19, 23], WB: DASM(00000297)
Cyc=        13 Op1=[0x80000080] Op2=[0x80000080] W[W, 5= 0x80000080] [_,0x30529073]    8     PC=(0x80000070,0x8000006c,0x80000068) [13,115, 19], WB: DASM(01c28293)
Cyc=        14 Op1=[0x00000000] Op2=[0xffffffff] W[W, 0= 0x00000100] [_,0xfff00293]    9     PC=(0x80000074,0x80000070,0x8000006c) [73, 19,115], WB: DASM(30529073)
Cyc=        15 Op1=[0xffffffff] Op2=[0x00000000] W[W, 5= 0xffffffff] [_,0x3b029073]   10     PC=(0x80000078,0x80000074,0x80000070) [13,115, 19], WB: DASM(fff00293)
Cyc=        16 Op1=[0x00000000] Op2=[0x0000001f] W[W, 0= 0x00000000] [_,0x01f00293]   11     PC=(0x8000007c,0x80000078,0x80000074) [73, 19,115], WB: DASM(3b029073)
Cyc=        17 Op1=[0x0000001f] Op2=[0x00000000] W[W, 5= 0x0000001f] [_,0x3a029073]   12     PC=(0x80000080,0x8000007c,0x80000078) [17,115, 19], WB: DASM(01f00293)
Cyc=        18 Op1=[0x00000000] Op2=[0x80000080] W[W, 0= 0x00000000] [_,0x00000297]   13     PC=(0x80000084,0x80000080,0x8000007c) [13, 23,115], WB: DASM(3a029073)
Cyc=        19 Op1=[0x80000080] Op2=[0x00000018] W[W, 5= 0x80000080] [_,0x01828293]   14     PC=(0x80000088,0x80000084,0x80000080) [73, 19, 23], WB: DASM(00000297)
Cyc=        20 Op1=[0x80000098] Op2=[0x80000098] W[W, 5= 0x80000098] [_,0x30529073]   15     PC=(0x8000008c,0x80000088,0x80000084) [73,115, 19], WB: DASM(01828293)
Cyc=        21 Op1=[0x00000000] Op2=[0x00000000] W[W, 0= 0x00000100] [_,0x30205073]   16     PC=(0x80000090,0x8000008c,0x80000088) [73,115,115], WB: DASM(30529073)
Cyc=        22 Op1=[0x00000000] Op2=[0x00000000] W[W, 0= 0x00000000] [_,0x30305073]   17     PC=(0x80000094,0x80000090,0x8000008c) [73,115,115], WB: DASM(30205073)
Cyc=        23 Op1=[0x00000000] Op2=[0x00000000] W[W, 0= 0x00000000] [_,0x30405073]   18     PC=(0x80000098,0x80000094,0x80000090) [13,115,115], WB: DASM(30305073)
Cyc=        24 Op1=[0x00000000] Op2=[0x00000000] W[W, 0= 0x00000000] [_,0x00000193]   19     PC=(0x8000009c,0x80000098,0x80000094) [17, 19,115], WB: DASM(30405073)
Cyc=        25 Op1=[0x00000000] Op2=[0x8000009c] W[W, 3= 0x00000000] [_,0x00000297]   20     PC=(0x800000a0,0x8000009c,0x80000098) [13, 23, 19], WB: DASM(00000193)
Cyc=        26 Op1=[0x8000009c] Op2=[0xffffff68] W[W, 5= 0x8000009c] [_,0xf6828293]   21     PC=(0x800000a4,0x800000a0,0x8000009c) [73, 19, 23], WB: DASM(00000297)
Cyc=        27 Op1=[0x80000004] Op2=[0x80000004] W[W, 5= 0x80000004] [_,0x30529073]   22     PC=(0x800000a8,0x800000a4,0x800000a0) [13,115, 19], WB: DASM(f6828293)
Cyc=        28 Op1=[0x00000000] Op2=[0x00000001] W[W, 0= 0x00000100] [_,0x00100513]   23     PC=(0x800000ac,0x800000a8,0x800000a4) [13, 19,115], WB: DASM(30529073)
Cyc=        29 Op1=[0x00000001] Op2=[0x0000001f] W[W,10= 0x00000001] [_,0x01f51513]   24     PC=(0x800000b0,0x800000ac,0x800000a8) [63, 19, 19], WB: DASM(00100513)
Cyc=        30 Op1=[0x80000000] Op2=[0x00000000] W[W,10= 0x80000000] [_,0x00054863]   25   B PC=(0x800000b4,0x800000b0,0x800000ac) [0f, 99, 19], WB: DASM(01f51513)
Cyc=        31 Op1=[0x00000000] Op2=[0x00000000] W[_,16= 0x80000000] [_,0x0ff0000f]   26     PC=(0x800000c0,0x800000b4,0x800000b0) [17, 51, 99], WB: DASM(00054863)
Cyc=        32 Op1=[0x80000000] Op2=[0x800000c0] W[_, 0= 0x00000000] [_,0x80000297]   27     PC=(0x800000c4,0x800000c0,0x800000b4) [13, 23, 51], WB: DASM(00004033)
Cyc=        33 Op1=[0x000000c0] Op2=[0xffffff40] W[W, 5= 0x000000c0] [_,0xf4028293]   27     PC=(0x800000c8,0x800000c4,0x800000c0) [63, 19, 23], WB: DASM(80000297)
Cyc=        34 Op1=[0x00000000] Op2=[0x00000000] W[W, 5= 0x00000000] [_,0x00028e63]   28   B PC=(0x800000cc,0x800000c8,0x800000c4) [73, 99, 19], WB: DASM(f4028293)
Cyc=        35 Op1=[0x00000000] Op2=[0x00000000] W[_,28= 0x00000000] [_,0x10529073]   29     PC=(0x800000e4,0x800000cc,0x800000c8) [73, 51, 99], WB: DASM(00028e63)
Cyc=        36 Op1=[0x00000000] Op2=[0x00000000] W[_, 0= 0x00000000] [_,0x30005073]   30     PC=(0x800000e8,0x800000e4,0x800000cc) [17,115, 51], WB: DASM(00004033)
Cyc=        37 Op1=[0x00000000] Op2=[0x800000e8] W[W, 0= 0x00001800] [_,0x00000297]   30     PC=(0x800000ec,0x800000e8,0x800000e4) [13, 23,115], WB: DASM(30005073)
Cyc=        38 Op1=[0x800000e8] Op2=[0x00000014] W[W, 5= 0x800000e8] [_,0x01428293]   31     PC=(0x800000f0,0x800000ec,0x800000e8) [73, 19, 23], WB: DASM(00000297)
Cyc=        39 Op1=[0x800000fc] Op2=[0x00000000] W[W, 5= 0x800000fc] [_,0x34129073]   32     PC=(0x800000f4,0x800000f0,0x800000ec) [73,115, 19], WB: DASM(01428293)
Cyc=        40 Op1=[0x00000000] Op2=[0x00000000] W[W, 0= 0x00000000] [_,0xf1402573]   33     PC=(0x800000f8,0x800000f4,0x800000f0) [73,115,115], WB: DASM(34129073)
Cyc=        41 Op1=[0x00000000] Op2=[0x00000000] W[W,10= 0x00000000] [_,0x30200073]   34     PC=(0x800000fc,0x800000f8,0x800000f4) [17,115,115], WB: DASM(f1402573)
Cyc=        42 Op1=[0x00002000] Op2=[0x800000fc] W[_, 0= 0x00000000] [_,0x00002097]   35   X PC=(0x80000100,0x800000fc,0x800000f8) [13, 23,115], WB: DASM(30200073)
Cyc=        43 Op1=[0x00000000] Op2=[0xffffff04] W[_, 1= 0x800020fc] [_,0xf0408093]   36     PC=(0x800000fc,0x80000100,0x800000fc) [17, 51, 51], WB: DASM(00004033)
Cyc=        44 Op1=[0x00002000] Op2=[0x800000fc] W[_, 1= 0xffffff04] [_,0x00002097]   37     PC=(0x80000100,0x800000fc,0x80000100) [13, 23, 51], WB: DASM(00004033)
Cyc=        45 Op1=[0x800020fc] Op2=[0xffffff04] W[W, 1= 0x800020fc] [_,0xf0408093]   37     PC=(0x80000104,0x80000100,0x800000fc) [13, 19, 23], WB: DASM(00002097)
Cyc=        46 Op1=[0x00000000] Op2=[0xffffffaa] W[W, 1= 0x80002000] [_,0xfaa00113]   38     PC=(0x80000108,0x80000104,0x80000100) [23, 19, 19], WB: DASM(f0408093)
Cyc=        47 Op1=[0x80002000] Op2=[0x00000000] W[W, 2= 0xffffffaa] [_,0x00208023]   39     PC=(0x8000010c,0x80000108,0x80000104) [03, 35, 19], WB: DASM(faa00113)
Cyc=        48 Op1=[0x80002000] Op2=[0x00000000] W[_, 0= 0x80002000] [_,0x00008f03]   40     PC=(0x80000110,0x8000010c,0x80000108) [13,  3, 35], WB: DASM(00208023)
Cyc=        49 Op1=[0x00000000] Op2=[0xffffffaa] W[W,30= 0xffffffaa] [_,0xfaa00e93]   41     PC=(0x80000114,0x80000110,0x8000010c) [13, 19,  3], WB: DASM(00008f03)
Cyc=        50 Op1=[0x00000000] Op2=[0x00000002] W[W,29= 0xffffffaa] [_,0x00200193]   42     PC=(0x80000118,0x80000114,0x80000110) [63, 19, 19], WB: DASM(faa00e93)
Cyc=        51 Op1=[0xffffffaa] Op2=[0xffffffaa] W[W, 3= 0x00000002] [_,0x3ddf1c63]   43     PC=(0x8000011c,0x80000118,0x80000114) [17, 99, 19], WB: DASM(00200193)
Cyc=        52 Op1=[0x00002000] Op2=[0x8000011c] W[_,24= 0xffffff54] [_,0x00002097]   44     PC=(0x80000120,0x8000011c,0x80000118) [13, 23, 99], WB: DASM(3ddf1c63)
Cyc=        53 Op1=[0x8000211c] Op2=[0xfffffee4] W[W, 1= 0x8000211c] [_,0xee408093]   45     PC=(0x80000124,0x80000120,0x8000011c) [13, 19, 23], WB: DASM(00002097)
Cyc=        54 Op1=[0x00000000] Op2=[0x00000000] W[W, 1= 0x80002000] [_,0x00000113]   46     PC=(0x80000128,0x80000124,0x80000120) [23, 19, 19], WB: DASM(ee408093)
Cyc=        55 Op1=[0x80002000] Op2=[0x00000001] W[W, 2= 0x00000000] [_,0x002080a3]   47     PC=(0x8000012c,0x80000128,0x80000124) [03, 35, 19], WB: DASM(00000113)
Cyc=        56 Op1=[0x80002000] Op2=[0x00000001] W[_, 1= 0x80002001] [_,0x00108f03]   48     PC=(0x80000130,0x8000012c,0x80000128) [13,  3, 35], WB: DASM(002080a3)
Cyc=        57 Op1=[0x00000000] Op2=[0x00000000] W[W,30= 0x00000000] [_,0x00000e93]   49     PC=(0x80000134,0x80000130,0x8000012c) [13, 19,  3], WB: DASM(00108f03)
Cyc=        58 Op1=[0x00000000] Op2=[0x00000003] W[W,29= 0x00000000] [_,0x00300193]   50     PC=(0x80000138,0x80000134,0x80000130) [63, 19, 19], WB: DASM(00000e93)
Cyc=        59 Op1=[0x00000000] Op2=[0x00000000] W[W, 3= 0x00000003] [_,0x3bdf1c63]   51     PC=(0x8000013c,0x80000138,0x80000134) [17, 99, 19], WB: DASM(00300193)
Cyc=        60 Op1=[0x00002000] Op2=[0x8000013c] W[_,24= 0x00000000] [_,0x00002097]   52     PC=(0x80000140,0x8000013c,0x80000138) [13, 23, 99], WB: DASM(3bdf1c63)
Cyc=        61 Op1=[0x8000213c] Op2=[0xfffffec4] W[W, 1= 0x8000213c] [_,0xec408093]   53     PC=(0x80000144,0x80000140,0x8000013c) [37, 19, 23], WB: DASM(00002097)
Cyc=        62 Op1=[0xfffff000] Op2=[0x00000000] W[W, 1= 0x80002000] [_,0xfffff137]   54     PC=(0x80000148,0x80000144,0x80000140) [13, 55, 19], WB: DASM(ec408093)
Cyc=        63 Op1=[0xfffff000] Op2=[0xffffffa0] W[W, 2= 0xfffff000] [_,0xfa010113]   55     PC=(0x8000014c,0x80000148,0x80000144) [23, 19, 55], WB: DASM(fffff137)
Cyc=        64 Op1=[0x80002000] Op2=[0x00000002] W[W, 2= 0xffffefa0] [_,0x00208123]   56     PC=(0x80000150,0x8000014c,0x80000148) [03, 35, 19], WB: DASM(fa010113)
Cyc=        65 Op1=[0x80002000] Op2=[0x00000002] W[_, 2= 0x80002002] [_,0x00209f03]   57     PC=(0x80000154,0x80000150,0x8000014c) [37,  3, 35], WB: DASM(00208123)
Cyc=        66 Op1=[0xfffff000] Op2=[0x00000000] W[W,30= 0xffffefa0] [_,0xfffffeb7]   58     PC=(0x80000158,0x80000154,0x80000150) [13, 55,  3], WB: DASM(00209f03)
Cyc=        67 Op1=[0xfffff000] Op2=[0xffffffa0] W[W,29= 0xfffff000] [_,0xfa0e8e93]   59     PC=(0x8000015c,0x80000158,0x80000154) [13, 19, 55], WB: DASM(fffffeb7)
Cyc=        68 Op1=[0x00000000] Op2=[0x00000004] W[W,29= 0xffffefa0] [_,0x00400193]   60     PC=(0x80000160,0x8000015c,0x80000158) [63, 19, 19], WB: DASM(fa0e8e93)
Cyc=        69 Op1=[0xffffefa0] Op2=[0xffffefa0] W[W, 3= 0x00000004] [_,0x39df1863]   61     PC=(0x80000164,0x80000160,0x8000015c) [17, 99, 19], WB: DASM(00400193)
Cyc=        70 Op1=[0x00002000] Op2=[0x80000164] W[_,16= 0xffffdf40] [_,0x00002097]   62     PC=(0x80000168,0x80000164,0x80000160) [13, 23, 99], WB: DASM(39df1863)
Cyc=        71 Op1=[0x80002164] Op2=[0xfffffe9c] W[W, 1= 0x80002164] [_,0xe9c08093]   63     PC=(0x8000016c,0x80000168,0x80000164) [13, 19, 23], WB: DASM(00002097)
Cyc=        72 Op1=[0x00000000] Op2=[0x0000000a] W[W, 1= 0x80002000] [_,0x00a00113]   64     PC=(0x80000170,0x8000016c,0x80000168) [23, 19, 19], WB: DASM(e9c08093)
Cyc=        73 Op1=[0x80002000] Op2=[0x00000003] W[W, 2= 0x0000000a] [_,0x002081a3]   65     PC=(0x80000174,0x80000170,0x8000016c) [03, 35, 19], WB: DASM(00a00113)
Cyc=        74 Op1=[0x80002000] Op2=[0x00000003] W[_, 3= 0x80002003] [_,0x00308f03]   66     PC=(0x80000178,0x80000174,0x80000170) [13,  3, 35], WB: DASM(002081a3)
Cyc=        75 Op1=[0x00000000] Op2=[0x0000000a] W[W,30= 0x0000000a] [_,0x00a00e93]   67     PC=(0x8000017c,0x80000178,0x80000174) [13, 19,  3], WB: DASM(00308f03)
Cyc=        76 Op1=[0x00000000] Op2=[0x00000005] W[W,29= 0x0000000a] [_,0x00500193]   68     PC=(0x80000180,0x8000017c,0x80000178) [63, 19, 19], WB: DASM(00a00e93)
Cyc=        77 Op1=[0x0000000a] Op2=[0x0000000a] W[W, 3= 0x00000005] [_,0x37df1863]   69     PC=(0x80000184,0x80000180,0x8000017c) [17, 99, 19], WB: DASM(00500193)
Cyc=        78 Op1=[0x00002000] Op2=[0x80000184] W[_,16= 0x00000014] [_,0x00002097]   70     PC=(0x80000188,0x80000184,0x80000180) [13, 23, 99], WB: DASM(37df1863)
Cyc=        79 Op1=[0x80002184] Op2=[0xfffffe83] W[W, 1= 0x80002184] [_,0xe8308093]   71     PC=(0x8000018c,0x80000188,0x80000184) [13, 19, 23], WB: DASM(00002097)
Cyc=        80 Op1=[0x00000000] Op2=[0xffffffaa] W[W, 1= 0x80002007] [_,0xfaa00113]   72     PC=(0x80000190,0x8000018c,0x80000188) [23, 19, 19], WB: DASM(e8308093)
Cyc=        81 Op1=[0x80002007] Op2=[0xfffffffd] W[W, 2= 0xffffffaa] [_,0xfe208ea3]   73     PC=(0x80000194,0x80000190,0x8000018c) [03, 35, 19], WB: DASM(faa00113)
Cyc=        82 Op1=[0x80002007] Op2=[0xfffffffd] W[_,29= 0x80002004] [_,0xffd08f03]   74     PC=(0x80000198,0x80000194,0x80000190) [13,  3, 35], WB: DASM(fe208ea3)
Cyc=        83 Op1=[0x00000000] Op2=[0xffffffaa] W[W,30= 0xffffffaa] [_,0xfaa00e93]   75     PC=(0x8000019c,0x80000198,0x80000194) [13, 19,  3], WB: DASM(ffd08f03)
Cyc=        84 Op1=[0x00000000] Op2=[0x00000006] W[W,29= 0xffffffaa] [_,0x00600193]   76     PC=(0x800001a0,0x8000019c,0x80000198) [63, 19, 19], WB: DASM(faa00e93)
Cyc=        85 Op1=[0xffffffaa] Op2=[0xffffffaa] W[W, 3= 0x00000006] [_,0x35df1863]   77     PC=(0x800001a4,0x800001a0,0x8000019c) [17, 99, 19], WB: DASM(00600193)
Cyc=        86 Op1=[0x00002000] Op2=[0x800001a4] W[_,16= 0xffffff54] [_,0x00002097]   78     PC=(0x800001a8,0x800001a4,0x800001a0) [13, 23, 99], WB: DASM(35df1863)
Cyc=        87 Op1=[0x800021a4] Op2=[0xfffffe63] W[W, 1= 0x800021a4] [_,0xe6308093]   79     PC=(0x800001ac,0x800001a8,0x800001a4) [13, 19, 23], WB: DASM(00002097)
Cyc=        88 Op1=[0x00000000] Op2=[0x00000000] W[W, 1= 0x80002007] [_,0x00000113]   80     PC=(0x800001b0,0x800001ac,0x800001a8) [23, 19, 19], WB: DASM(e6308093)
Cyc=        89 Op1=[0x80002007] Op2=[0xfffffffe] W[W, 2= 0x00000000] [_,0xfe208f23]   81     PC=(0x800001b4,0x800001b0,0x800001ac) [03, 35, 19], WB: DASM(00000113)
Cyc=        90 Op1=[0x80002007] Op2=[0xfffffffe] W[_,30= 0x80002005] [_,0xffe08f03]   82     PC=(0x800001b8,0x800001b4,0x800001b0) [13,  3, 35], WB: DASM(fe208f23)
Cyc=        91 Op1=[0x00000000] Op2=[0x00000000] W[W,30= 0x00000000] [_,0x00000e93]   83     PC=(0x800001bc,0x800001b8,0x800001b4) [13, 19,  3], WB: DASM(ffe08f03)
Cyc=        92 Op1=[0x00000000] Op2=[0x00000007] W[W,29= 0x00000000] [_,0x00700193]   84     PC=(0x800001c0,0x800001bc,0x800001b8) [63, 19, 19], WB: DASM(00000e93)
Cyc=        93 Op1=[0x00000000] Op2=[0x00000000] W[W, 3= 0x00000007] [_,0x33df1863]   85     PC=(0x800001c4,0x800001c0,0x800001bc) [17, 99, 19], WB: DASM(00700193)
Cyc=        94 Op1=[0x00002000] Op2=[0x800001c4] W[_,16= 0x00000000] [_,0x00002097]   86     PC=(0x800001c8,0x800001c4,0x800001c0) [13, 23, 99], WB: DASM(33df1863)
Cyc=        95 Op1=[0x800021c4] Op2=[0xfffffe43] W[W, 1= 0x800021c4] [_,0xe4308093]   87     PC=(0x800001cc,0x800001c8,0x800001c4) [13, 19, 23], WB: DASM(00002097)
Cyc=        96 Op1=[0x00000000] Op2=[0xffffffa0] W[W, 1= 0x80002007] [_,0xfa000113]   88     PC=(0x800001d0,0x800001cc,0x800001c8) [23, 19, 19], WB: DASM(e4308093)
Cyc=        97 Op1=[0x80002007] Op2=[0xffffffff] W[W, 2= 0xffffffa0] [_,0xfe208fa3]   89     PC=(0x800001d4,0x800001d0,0x800001cc) [03, 35, 19], WB: DASM(fa000113)
Cyc=        98 Op1=[0x80002007] Op2=[0xffffffff] W[_,31= 0x80002006] [_,0xfff08f03]   90     PC=(0x800001d8,0x800001d4,0x800001d0) [13,  3, 35], WB: DASM(fe208fa3)
Cyc=        99 Op1=[0x00000000] Op2=[0xffffffa0] W[W,30= 0xffffffa0] [_,0xfa000e93]   91     PC=(0x800001dc,0x800001d8,0x800001d4) [13, 19,  3], WB: DASM(fff08f03)
Cyc=       100 Op1=[0x00000000] Op2=[0x00000008] W[W,29= 0xffffffa0] [_,0x00800193]   92     PC=(0x800001e0,0x800001dc,0x800001d8) [63, 19, 19], WB: DASM(fa000e93)
Cyc=       101 Op1=[0xffffffa0] Op2=[0xffffffa0] W[W, 3= 0x00000008] [_,0x31df1863]   93     PC=(0x800001e4,0x800001e0,0x800001dc) [17, 99, 19], WB: DASM(00800193)
Cyc=       102 Op1=[0x00002000] Op2=[0x800001e4] W[_,16= 0xffffff40] [_,0x00002097]   94     PC=(0x800001e8,0x800001e4,0x800001e0) [13, 23, 99], WB: DASM(31df1863)
Cyc=       103 Op1=[0x800021e4] Op2=[0xfffffe23] W[W, 1= 0x800021e4] [_,0xe2308093]   95     PC=(0x800001ec,0x800001e8,0x800001e4) [13, 19, 23], WB: DASM(00002097)
Cyc=       104 Op1=[0x00000000] Op2=[0x0000000a] W[W, 1= 0x80002007] [_,0x00a00113]   96     PC=(0x800001f0,0x800001ec,0x800001e8) [23, 19, 19], WB: DASM(e2308093)
Cyc=       105 Op1=[0x80002007] Op2=[0x00000000] W[W, 2= 0x0000000a] [_,0x00208023]   97     PC=(0x800001f4,0x800001f0,0x800001ec) [03, 35, 19], WB: DASM(00a00113)
Cyc=       106 Op1=[0x80002007] Op2=[0x00000000] W[_, 0= 0x80002007] [_,0x00008f03]   98     PC=(0x800001f8,0x800001f4,0x800001f0) [13,  3, 35], WB: DASM(00208023)
Cyc=       107 Op1=[0x00000000] Op2=[0x0000000a] W[W,30= 0x0000000a] [_,0x00a00e93]   99     PC=(0x800001fc,0x800001f8,0x800001f4) [13, 19,  3], WB: DASM(00008f03)
Cyc=       108 Op1=[0x00000000] Op2=[0x00000009] W[W,29= 0x0000000a] [_,0x00900193]  100     PC=(0x80000200,0x800001fc,0x800001f8) [63, 19, 19], WB: DASM(00a00e93)
Cyc=       109 Op1=[0x0000000a] Op2=[0x0000000a] W[W, 3= 0x00000009] [_,0x2fdf1863]  101     PC=(0x80000204,0x80000200,0x800001fc) [17, 99, 19], WB: DASM(00900193)
Cyc=       110 Op1=[0x00002000] Op2=[0x80000204] W[_,16= 0x00000014] [_,0x00002097]  102     PC=(0x80000208,0x80000204,0x80000200) [13, 23, 99], WB: DASM(2fdf1863)
Cyc=       111 Op1=[0x80002204] Op2=[0xfffffe04] W[W, 1= 0x80002204] [_,0xe0408093]  103     PC=(0x8000020c,0x80000208,0x80000204) [37, 19, 23], WB: DASM(00002097)
Cyc=       112 Op1=[0x12345000] Op2=[0x00000009] W[W, 1= 0x80002008] [_,0x12345137]  104     PC=(0x80000210,0x8000020c,0x80000208) [13, 55, 19], WB: DASM(e0408093)
Cyc=       113 Op1=[0x12345000] Op2=[0x00000678] W[W, 2= 0x12345000] [_,0x67810113]  105     PC=(0x80000214,0x80000210,0x8000020c) [13, 19, 55], WB: DASM(12345137)
Cyc=       114 Op1=[0x80002008] Op2=[0xffffffe0] W[W, 2= 0x12345678] [_,0xfe008213]  106     PC=(0x80000218,0x80000214,0x80000210) [23, 19, 19], WB: DASM(67810113)
Cyc=       115 Op1=[0x80001fe8] Op2=[0x00000020] W[W, 4= 0x80001fe8] [_,0x02220023]  107     PC=(0x8000021c,0x80000218,0x80000214) [03, 35, 19], WB: DASM(fe008213)
Cyc=       116 Op1=[0x80002008] Op2=[0x00000000] W[_, 0= 0x80002008] [_,0x00008283]  108     PC=(0x80000220,0x8000021c,0x80000218) [13,  3, 35], WB: DASM(02220023)
Cyc=       117 Op1=[0x00000000] Op2=[0x00000078] W[W, 5= 0x00000078] [_,0x07800e93]  109     PC=(0x80000224,0x80000220,0x8000021c) [13, 19,  3], WB: DASM(00008283)
Cyc=       118 Op1=[0x00000000] Op2=[0x0000000a] W[W,29= 0x00000078] [_,0x00a00193]  110     PC=(0x80000228,0x80000224,0x80000220) [63, 19, 19], WB: DASM(07800e93)
Cyc=       119 Op1=[0x00000078] Op2=[0x00000078] W[W, 3= 0x0000000a] [_,0x2dd29463]  111     PC=(0x8000022c,0x80000228,0x80000224) [17, 99, 19], WB: DASM(00a00193)
Cyc=       120 Op1=[0x00002000] Op2=[0x8000022c] W[_, 8= 0x000000f0] [_,0x00002097]  112     PC=(0x80000230,0x8000022c,0x80000228) [13, 23, 99], WB: DASM(2dd29463)
Cyc=       121 Op1=[0x8000222c] Op2=[0xfffffddc] W[W, 1= 0x8000222c] [_,0xddc08093]  113     PC=(0x80000234,0x80000230,0x8000022c) [37, 19, 23], WB: DASM(00002097)
Cyc=       122 Op1=[0x00003000] Op2=[0x00000000] W[W, 1= 0x80002008] [_,0x00003137]  114     PC=(0x80000238,0x80000234,0x80000230) [13, 55, 19], WB: DASM(ddc08093)
Cyc=       123 Op1=[0x00003000] Op2=[0x00000098] W[W, 2= 0x00003000] [_,0x09810113]  115     PC=(0x8000023c,0x80000238,0x80000234) [13, 19, 55], WB: DASM(00003137)
Cyc=       124 Op1=[0x80002008] Op2=[0xfffffffa] W[W, 2= 0x00003098] [_,0xffa08093]  116     PC=(0x80000240,0x8000023c,0x80000238) [23, 19, 19], WB: DASM(09810113)
Cyc=       125 Op1=[0x80002002] Op2=[0x00000007] W[W, 1= 0x80002002] [_,0x002083a3]  117     PC=(0x80000244,0x80000240,0x8000023c) [17, 35, 19], WB: DASM(ffa08093)
Cyc=       126 Op1=[0x00002000] Op2=[0x80000244] W[_, 7= 0x80002009] [_,0x00002217]  118     PC=(0x80000248,0x80000244,0x80000240) [13, 23, 35], WB: DASM(002083a3)
Cyc=       127 Op1=[0x80002244] Op2=[0xfffffdc5] W[W, 4= 0x80002244] [_,0xdc520213]  119     PC=(0x8000024c,0x80000248,0x80000244) [03, 19, 23], WB: DASM(00002217)
Cyc=       128 Op1=[0x80002009] Op2=[0x00000000] W[W, 4= 0x80002009] [_,0x00020283]  120     PC=(0x80000250,0x8000024c,0x80000248) [13,  3, 19], WB: DASM(dc520213)
Cyc=       129 Op1=[0x00000000] Op2=[0xffffff98] W[W, 5= 0xffffff98] [_,0xf9800e93]  121     PC=(0x80000254,0x80000250,0x8000024c) [13, 19,  3], WB: DASM(00020283)
Cyc=       130 Op1=[0x00000000] Op2=[0x0000000b] W[W,29= 0xffffff98] [_,0x00b00193]  122     PC=(0x80000258,0x80000254,0x80000250) [63, 19, 19], WB: DASM(f9800e93)
Cyc=       131 Op1=[0xffffff98] Op2=[0xffffff98] W[W, 3= 0x0000000b] [_,0x29d29c63]  123     PC=(0x8000025c,0x80000258,0x80000254) [13, 99, 19], WB: DASM(00b00193)
Cyc=       132 Op1=[0x00000000] Op2=[0x0000000c] W[_,24= 0xffffff30] [_,0x00c00193]  124     PC=(0x80000260,0x8000025c,0x80000258) [13, 19, 99], WB: DASM(29d29c63)
Cyc=       133 Op1=[0x00000000] Op2=[0x00000000] W[W, 3= 0x0000000c] [_,0x00000213]  125     PC=(0x80000264,0x80000260,0x8000025c) [13, 19, 19], WB: DASM(00c00193)
Cyc=       134 Op1=[0x00000000] Op2=[0xffffffdd] W[W, 4= 0x00000000] [_,0xfdd00093]  126     PC=(0x80000268,0x80000264,0x80000260) [17, 19, 19], WB: DASM(00000213)
Cyc=       135 Op1=[0x00002000] Op2=[0x80000268] W[W, 1= 0xffffffdd] [_,0x00002117]  127     PC=(0x8000026c,0x80000268,0x80000264) [13, 23, 19], WB: DASM(fdd00093)
Cyc=       136 Op1=[0x80002268] Op2=[0xfffffd98] W[W, 2= 0x80002268] [_,0xd9810113]  128     PC=(0x80000270,0x8000026c,0x80000268) [23, 19, 23], WB: DASM(00002117)
Cyc=       137 Op1=[0x80002000] Op2=[0x00000000] W[W, 2= 0x80002000] [_,0x00110023]  129     PC=(0x80000274,0x80000270,0x8000026c) [03, 35, 19], WB: DASM(d9810113)
Cyc=       138 Op1=[0x80002000] Op2=[0x00000000] W[_, 0= 0x80002000] [_,0x00010f03]  130     PC=(0x80000278,0x80000274,0x80000270) [13,  3, 35], WB: DASM(00110023)
Cyc=       139 Op1=[0x00000000] Op2=[0xffffffdd] W[W,30= 0xffffffdd] [_,0xfdd00e93]  131     PC=(0x8000027c,0x80000278,0x80000274) [63, 19,  3], WB: DASM(00010f03)
Cyc=       140 Op1=[0xffffffdd] Op2=[0xffffffdd] W[W,29= 0xffffffdd] [_,0x27df1a63]  132     PC=(0x80000280,0x8000027c,0x80000278) [13, 99, 19], WB: DASM(fdd00e93)
Cyc=       141 Op1=[0x00000000] Op2=[0x00000001] W[_,20= 0xffffffba] [_,0x00120213]  133     PC=(0x80000284,0x80000280,0x8000027c) [13, 19, 99], WB: DASM(27df1a63)
Cyc=       142 Op1=[0x00000000] Op2=[0x00000002] W[W, 4= 0x00000001] [_,0x00200293]  134     PC=(0x80000288,0x80000284,0x80000280) [63, 19, 19], WB: DASM(00120213)
Cyc=       143 Op1=[0x00000001] Op2=[0x00000002] W[W, 5= 0x00000002] [_,0xfc521ee3]  135   B PC=(0x8000028c,0x80000288,0x80000284) [13, 99, 19], WB: DASM(00200293)
Cyc=       144 Op1=[0x00000000] Op2=[0x0000000d] W[_,29= 0x00000003] [_,0x00d00193]  136     PC=(0x80000264,0x8000028c,0x80000288) [13, 51, 99], WB: DASM(fc521ee3)
Cyc=       145 Op1=[0x00000000] Op2=[0xffffffdd] W[_, 3= 0x0000000d] [_,0xfdd00093]  137     PC=(0x80000268,0x80000264,0x8000028c) [17, 19, 51], WB: DASM(00004033)
Cyc=       146 Op1=[0x00002000] Op2=[0x80000268] W[W, 1= 0xffffffdd] [_,0x00002117]  137     PC=(0x8000026c,0x80000268,0x80000264) [13, 23, 19], WB: DASM(fdd00093)
Cyc=       147 Op1=[0x80002268] Op2=[0xfffffd98] W[W, 2= 0x80002268] [_,0xd9810113]  138     PC=(0x80000270,0x8000026c,0x80000268) [23, 19, 23], WB: DASM(00002117)
Cyc=       148 Op1=[0x80002000] Op2=[0x00000000] W[W, 2= 0x80002000] [_,0x00110023]  139     PC=(0x80000274,0x80000270,0x8000026c) [03, 35, 19], WB: DASM(d9810113)
Cyc=       149 Op1=[0x80002000] Op2=[0x00000000] W[_, 0= 0x80002000] [_,0x00010f03]  140     PC=(0x80000278,0x80000274,0x80000270) [13,  3, 35], WB: DASM(00110023)
Cyc=       150 Op1=[0x00000000] Op2=[0xffffffdd] W[W,30= 0xffffffdd] [_,0xfdd00e93]  141     PC=(0x8000027c,0x80000278,0x80000274) [63, 19,  3], WB: DASM(00010f03)
Cyc=       151 Op1=[0xffffffdd] Op2=[0xffffffdd] W[W,29= 0xffffffdd] [_,0x27df1a63]  142     PC=(0x80000280,0x8000027c,0x80000278) [13, 99, 19], WB: DASM(fdd00e93)
Cyc=       152 Op1=[0x00000001] Op2=[0x00000001] W[_,20= 0xffffffba] [_,0x00120213]  143     PC=(0x80000284,0x80000280,0x8000027c) [13, 19, 99], WB: DASM(27df1a63)
Cyc=       153 Op1=[0x00000000] Op2=[0x00000002] W[W, 4= 0x00000002] [_,0x00200293]  144     PC=(0x80000288,0x80000284,0x80000280) [63, 19, 19], WB: DASM(00120213)
Cyc=       154 Op1=[0x00000002] Op2=[0x00000002] W[W, 5= 0x00000002] [_,0xfc521ee3]  145     PC=(0x8000028c,0x80000288,0x80000284) [13, 99, 19], WB: DASM(00200293)
Cyc=       155 Op1=[0x00000000] Op2=[0x0000000d] W[_,29= 0x00000004] [_,0x00d00193]  146     PC=(0x80000290,0x8000028c,0x80000288) [13, 19, 99], WB: DASM(fc521ee3)
Cyc=       156 Op1=[0x00000000] Op2=[0x00000000] W[W, 3= 0x0000000d] [_,0x00000213]  147     PC=(0x80000294,0x80000290,0x8000028c) [13, 19, 19], WB: DASM(00d00193)
Cyc=       157 Op1=[0x00000000] Op2=[0xffffffcd] W[W, 4= 0x00000000] [_,0xfcd00093]  148     PC=(0x80000298,0x80000294,0x80000290) [17, 19, 19], WB: DASM(00000213)
Cyc=       158 Op1=[0x00002000] Op2=[0x80000298] W[W, 1= 0xffffffcd] [_,0x00002117]  149     PC=(0x8000029c,0x80000298,0x80000294) [13, 23, 19], WB: DASM(fcd00093)
Cyc=       159 Op1=[0x80002298] Op2=[0xfffffd68] W[W, 2= 0x80002298] [_,0xd6810113]  150     PC=(0x800002a0,0x8000029c,0x80000298) [13, 19, 23], WB: DASM(00002117)
Cyc=       160 Op1=[0x00000000] Op2=[0x00000000] W[W, 2= 0x80002000] [_,0x00000013]  151     PC=(0x800002a4,0x800002a0,0x8000029c) [23, 19, 19], WB: DASM(d6810113)
Cyc=       161 Op1=[0x80002000] Op2=[0x00000001] W[W, 0= 0x00000000] [_,0x001100a3]  152     PC=(0x800002a8,0x800002a4,0x800002a0) [03, 35, 19], WB: DASM(00000013)
Cyc=       162 Op1=[0x80002000] Op2=[0x00000001] W[_, 1= 0x80002001] [_,0x00110f03]  153     PC=(0x800002ac,0x800002a8,0x800002a4) [13,  3, 35], WB: DASM(001100a3)
Cyc=       163 Op1=[0x00000000] Op2=[0xffffffcd] W[W,30= 0xffffffcd] [_,0xfcd00e93]  154     PC=(0x800002b0,0x800002ac,0x800002a8) [63, 19,  3], WB: DASM(00110f03)
Cyc=       164 Op1=[0xffffffcd] Op2=[0xffffffcd] W[W,29= 0xffffffcd] [_,0x25df1063]  155     PC=(0x800002b4,0x800002b0,0x800002ac) [13, 99, 19], WB: DASM(fcd00e93)
Cyc=       165 Op1=[0x00000000] Op2=[0x00000001] W[_, 0= 0xffffff9a] [_,0x00120213]  156     PC=(0x800002b8,0x800002b4,0x800002b0) [13, 19, 99], WB: DASM(25df1063)
Cyc=       166 Op1=[0x00000000] Op2=[0x00000002] W[W, 4= 0x00000001] [_,0x00200293]  157     PC=(0x800002bc,0x800002b8,0x800002b4) [63, 19, 19], WB: DASM(00120213)
Cyc=       167 Op1=[0x00000001] Op2=[0x00000002] W[W, 5= 0x00000002] [_,0xfc521ce3]  158   B PC=(0x800002c0,0x800002bc,0x800002b8) [13, 99, 19], WB: DASM(00200293)
Cyc=       168 Op1=[0x00000000] Op2=[0x0000000e] W[_,25= 0x00000003] [_,0x00e00193]  159     PC=(0x80000294,0x800002c0,0x800002bc) [13, 51, 99], WB: DASM(fc521ce3)
Cyc=       169 Op1=[0x00000000] Op2=[0xffffffcd] W[_, 3= 0x0000000e] [_,0xfcd00093]  160     PC=(0x80000298,0x80000294,0x800002c0) [17, 19, 51], WB: DASM(00004033)
Cyc=       170 Op1=[0x00002000] Op2=[0x80000298] W[W, 1= 0xffffffcd] [_,0x00002117]  160     PC=(0x8000029c,0x80000298,0x80000294) [13, 23, 19], WB: DASM(fcd00093)
Cyc=       171 Op1=[0x80002298] Op2=[0xfffffd68] W[W, 2= 0x80002298] [_,0xd6810113]  161     PC=(0x800002a0,0x8000029c,0x80000298) [13, 19, 23], WB: DASM(00002117)
Cyc=       172 Op1=[0x00000000] Op2=[0x00000000] W[W, 2= 0x80002000] [_,0x00000013]  162     PC=(0x800002a4,0x800002a0,0x8000029c) [23, 19, 19], WB: DASM(d6810113)
Cyc=       173 Op1=[0x80002000] Op2=[0x00000001] W[W, 0= 0x00000000] [_,0x001100a3]  163     PC=(0x800002a8,0x800002a4,0x800002a0) [03, 35, 19], WB: DASM(00000013)
Cyc=       174 Op1=[0x80002000] Op2=[0x00000001] W[_, 1= 0x80002001] [_,0x00110f03]  164     PC=(0x800002ac,0x800002a8,0x800002a4) [13,  3, 35], WB: DASM(001100a3)
Cyc=       175 Op1=[0x00000000] Op2=[0xffffffcd] W[W,30= 0xffffffcd] [_,0xfcd00e93]  165     PC=(0x800002b0,0x800002ac,0x800002a8) [63, 19,  3], WB: DASM(00110f03)
Cyc=       176 Op1=[0xffffffcd] Op2=[0xffffffcd] W[W,29= 0xffffffcd] [_,0x25df1063]  166     PC=(0x800002b4,0x800002b0,0x800002ac) [13, 99, 19], WB: DASM(fcd00e93)
Cyc=       177 Op1=[0x00000001] Op2=[0x00000001] W[_, 0= 0xffffff9a] [_,0x00120213]  167     PC=(0x800002b8,0x800002b4,0x800002b0) [13, 19, 99], WB: DASM(25df1063)
Cyc=       178 Op1=[0x00000000] Op2=[0x00000002] W[W, 4= 0x00000002] [_,0x00200293]  168     PC=(0x800002bc,0x800002b8,0x800002b4) [63, 19, 19], WB: DASM(00120213)
Cyc=       179 Op1=[0x00000002] Op2=[0x00000002] W[W, 5= 0x00000002] [_,0xfc521ce3]  169     PC=(0x800002c0,0x800002bc,0x800002b8) [13, 99, 19], WB: DASM(00200293)
Cyc=       180 Op1=[0x00000000] Op2=[0x0000000e] W[_,25= 0x00000004] [_,0x00e00193]  170     PC=(0x800002c4,0x800002c0,0x800002bc) [13, 19, 99], WB: DASM(fc521ce3)
Cyc=       181 Op1=[0x00000000] Op2=[0x00000000] W[W, 3= 0x0000000e] [_,0x00000213]  171     PC=(0x800002c8,0x800002c4,0x800002c0) [13, 19, 19], WB: DASM(00e00193)
Cyc=       182 Op1=[0x00000000] Op2=[0xffffffcc] W[W, 4= 0x00000000] [_,0xfcc00093]  172     PC=(0x800002cc,0x800002c8,0x800002c4) [17, 19, 19], WB: DASM(00000213)
Cyc=       183 Op1=[0x00002000] Op2=[0x800002cc] W[W, 1= 0xffffffcc] [_,0x00002117]  173     PC=(0x800002d0,0x800002cc,0x800002c8) [13, 23, 19], WB: DASM(fcc00093)
Cyc=       184 Op1=[0x800022cc] Op2=[0xfffffd34] W[W, 2= 0x800022cc] [_,0xd3410113]  174     PC=(0x800002d4,0x800002d0,0x800002cc) [13, 19, 23], WB: DASM(00002117)
Cyc=       185 Op1=[0x00000000] Op2=[0x00000000] W[W, 2= 0x80002000] [_,0x00000013]  175     PC=(0x800002d8,0x800002d4,0x800002d0) [13, 19, 19], WB: DASM(d3410113)
Cyc=       186 Op1=[0x00000000] Op2=[0x00000000] W[W, 0= 0x00000000] [_,0x00000013]  176     PC=(0x800002dc,0x800002d8,0x800002d4) [23, 19, 19], WB: DASM(00000013)
Cyc=       187 Op1=[0x80002000] Op2=[0x00000002] W[W, 0= 0x00000000] [_,0x00110123]  177     PC=(0x800002e0,0x800002dc,0x800002d8) [03, 35, 19], WB: DASM(00000013)
Cyc=       188 Op1=[0x80002000] Op2=[0x00000002] W[_, 2= 0x80002002] [_,0x00210f03]  178     PC=(0x800002e4,0x800002e0,0x800002dc) [13,  3, 35], WB: DASM(00110123)
Cyc=       189 Op1=[0x00000000] Op2=[0xffffffcc] W[W,30= 0xffffffcc] [_,0xfcc00e93]  179     PC=(0x800002e8,0x800002e4,0x800002e0) [63, 19,  3], WB: DASM(00210f03)
Cyc=       190 Op1=[0xffffffcc] Op2=[0xffffffcc] W[W,29= 0xffffffcc] [_,0x21df1463]  180     PC=(0x800002ec,0x800002e8,0x800002e4) [13, 99, 19], WB: DASM(fcc00e93)
Cyc=       191 Op1=[0x00000000] Op2=[0x00000001] W[_, 8= 0xffffff98] [_,0x00120213]  181     PC=(0x800002f0,0x800002ec,0x800002e8) [13, 19, 99], WB: DASM(21df1463)
Cyc=       192 Op1=[0x00000000] Op2=[0x00000002] W[W, 4= 0x00000001] [_,0x00200293]  182     PC=(0x800002f4,0x800002f0,0x800002ec) [63, 19, 19], WB: DASM(00120213)
Cyc=       193 Op1=[0x00000001] Op2=[0x00000002] W[W, 5= 0x00000002] [_,0xfc521ae3]  183   B PC=(0x800002f8,0x800002f4,0x800002f0) [13, 99, 19], WB: DASM(00200293)
Cyc=       194 Op1=[0x00000000] Op2=[0x0000000f] W[_,21= 0x00000003] [_,0x00f00193]  184     PC=(0x800002c8,0x800002f8,0x800002f4) [13, 51, 99], WB: DASM(fc521ae3)
Cyc=       195 Op1=[0x00000000] Op2=[0xffffffcc] W[_, 3= 0x0000000f] [_,0xfcc00093]  185     PC=(0x800002cc,0x800002c8,0x800002f8) [17, 19, 51], WB: DASM(00004033)
Cyc=       196 Op1=[0x00002000] Op2=[0x800002cc] W[W, 1= 0xffffffcc] [_,0x00002117]  185     PC=(0x800002d0,0x800002cc,0x800002c8) [13, 23, 19], WB: DASM(fcc00093)
Cyc=       197 Op1=[0x800022cc] Op2=[0xfffffd34] W[W, 2= 0x800022cc] [_,0xd3410113]  186     PC=(0x800002d4,0x800002d0,0x800002cc) [13, 19, 23], WB: DASM(00002117)
Cyc=       198 Op1=[0x00000000] Op2=[0x00000000] W[W, 2= 0x80002000] [_,0x00000013]  187     PC=(0x800002d8,0x800002d4,0x800002d0) [13, 19, 19], WB: DASM(d3410113)
Cyc=       199 Op1=[0x00000000] Op2=[0x00000000] W[W, 0= 0x00000000] [_,0x00000013]  188     PC=(0x800002dc,0x800002d8,0x800002d4) [23, 19, 19], WB: DASM(00000013)
Cyc=       200 Op1=[0x80002000] Op2=[0x00000002] W[W, 0= 0x00000000] [_,0x00110123]  189     PC=(0x800002e0,0x800002dc,0x800002d8) [03, 35, 19], WB: DASM(00000013)
Cyc=       201 Op1=[0x80002000] Op2=[0x00000002] W[_, 2= 0x80002002] [_,0x00210f03]  190     PC=(0x800002e4,0x800002e0,0x800002dc) [13,  3, 35], WB: DASM(00110123)
Cyc=       202 Op1=[0x00000000] Op2=[0xffffffcc] W[W,30= 0xffffffcc] [_,0xfcc00e93]  191     PC=(0x800002e8,0x800002e4,0x800002e0) [63, 19,  3], WB: DASM(00210f03)
Cyc=       203 Op1=[0xffffffcc] Op2=[0xffffffcc] W[W,29= 0xffffffcc] [_,0x21df1463]  192     PC=(0x800002ec,0x800002e8,0x800002e4) [13, 99, 19], WB: DASM(fcc00e93)
Cyc=       204 Op1=[0x00000001] Op2=[0x00000001] W[_, 8= 0xffffff98] [_,0x00120213]  193     PC=(0x800002f0,0x800002ec,0x800002e8) [13, 19, 99], WB: DASM(21df1463)
Cyc=       205 Op1=[0x00000000] Op2=[0x00000002] W[W, 4= 0x00000002] [_,0x00200293]  194     PC=(0x800002f4,0x800002f0,0x800002ec) [63, 19, 19], WB: DASM(00120213)
Cyc=       206 Op1=[0x00000002] Op2=[0x00000002] W[W, 5= 0x00000002] [_,0xfc521ae3]  195     PC=(0x800002f8,0x800002f4,0x800002f0) [13, 99, 19], WB: DASM(00200293)
Cyc=       207 Op1=[0x00000000] Op2=[0x0000000f] W[_,21= 0x00000004] [_,0x00f00193]  196     PC=(0x800002fc,0x800002f8,0x800002f4) [13, 19, 99], WB: DASM(fc521ae3)
Cyc=       208 Op1=[0x00000000] Op2=[0x00000000] W[W, 3= 0x0000000f] [_,0x00000213]  197     PC=(0x80000300,0x800002fc,0x800002f8) [13, 19, 19], WB: DASM(00f00193)
Cyc=       209 Op1=[0x00000000] Op2=[0xffffffbc] W[W, 4= 0x00000000] [_,0xfbc00093]  198     PC=(0x80000304,0x80000300,0x800002fc) [13, 19, 19], WB: DASM(00000213)
Cyc=       210 Op1=[0x00000000] Op2=[0x00000000] W[W, 1= 0xffffffbc] [_,0x00000013]  199     PC=(0x80000308,0x80000304,0x80000300) [17, 19, 19], WB: DASM(fbc00093)
Cyc=       211 Op1=[0x00002000] Op2=[0x80000308] W[W, 0= 0x00000000] [_,0x00002117]  200     PC=(0x8000030c,0x80000308,0x80000304) [13, 23, 19], WB: DASM(00000013)
Cyc=       212 Op1=[0x80002308] Op2=[0xfffffcf8] W[W, 2= 0x80002308] [_,0xcf810113]  201     PC=(0x80000310,0x8000030c,0x80000308) [23, 19, 23], WB: DASM(00002117)
Cyc=       213 Op1=[0x80002000] Op2=[0x00000003] W[W, 2= 0x80002000] [_,0x001101a3]  202     PC=(0x80000314,0x80000310,0x8000030c) [03, 35, 19], WB: DASM(cf810113)
Cyc=       214 Op1=[0x80002000] Op2=[0x00000003] W[_, 3= 0x80002003] [_,0x00310f03]  203     PC=(0x80000318,0x80000314,0x80000310) [13,  3, 35], WB: DASM(001101a3)
Cyc=       215 Op1=[0x00000000] Op2=[0xffffffbc] W[W,30= 0xffffffbc] [_,0xfbc00e93]  204     PC=(0x8000031c,0x80000318,0x80000314) [63, 19,  3], WB: DASM(00310f03)
Cyc=       216 Op1=[0xffffffbc] Op2=[0xffffffbc] W[W,29= 0xffffffbc] [_,0x1ddf1a63]  205     PC=(0x80000320,0x8000031c,0x80000318) [13, 99, 19], WB: DASM(fbc00e93)
Cyc=       217 Op1=[0x00000000] Op2=[0x00000001] W[_,20= 0xffffff78] [_,0x00120213]  206     PC=(0x80000324,0x80000320,0x8000031c) [13, 19, 99], WB: DASM(1ddf1a63)
Cyc=       218 Op1=[0x00000000] Op2=[0x00000002] W[W, 4= 0x00000001] [_,0x00200293]  207     PC=(0x80000328,0x80000324,0x80000320) [63, 19, 19], WB: DASM(00120213)
Cyc=       219 Op1=[0x00000001] Op2=[0x00000002] W[W, 5= 0x00000002] [_,0xfc521ce3]  208   B PC=(0x8000032c,0x80000328,0x80000324) [13, 99, 19], WB: DASM(00200293)
Cyc=       220 Op1=[0x00000000] Op2=[0x00000010] W[_,25= 0x00000003] [_,0x01000193]  209     PC=(0x80000300,0x8000032c,0x80000328) [13, 51, 99], WB: DASM(fc521ce3)
Cyc=       221 Op1=[0x00000000] Op2=[0xffffffbc] W[_, 3= 0x00000010] [_,0xfbc00093]  210     PC=(0x80000304,0x80000300,0x8000032c) [13, 19, 51], WB: DASM(00004033)
Cyc=       222 Op1=[0x00000000] Op2=[0x00000000] W[W, 1= 0xffffffbc] [_,0x00000013]  210     PC=(0x80000308,0x80000304,0x80000300) [17, 19, 19], WB: DASM(fbc00093)
Cyc=       223 Op1=[0x00002000] Op2=[0x80000308] W[W, 0= 0x00000000] [_,0x00002117]  211     PC=(0x8000030c,0x80000308,0x80000304) [13, 23, 19], WB: DASM(00000013)
Cyc=       224 Op1=[0x80002308] Op2=[0xfffffcf8] W[W, 2= 0x80002308] [_,0xcf810113]  212     PC=(0x80000310,0x8000030c,0x80000308) [23, 19, 23], WB: DASM(00002117)
Cyc=       225 Op1=[0x80002000] Op2=[0x00000003] W[W, 2= 0x80002000] [_,0x001101a3]  213     PC=(0x80000314,0x80000310,0x8000030c) [03, 35, 19], WB: DASM(cf810113)
Cyc=       226 Op1=[0x80002000] Op2=[0x00000003] W[_, 3= 0x80002003] [_,0x00310f03]  214     PC=(0x80000318,0x80000314,0x80000310) [13,  3, 35], WB: DASM(001101a3)
Cyc=       227 Op1=[0x00000000] Op2=[0xffffffbc] W[W,30= 0xffffffbc] [_,0xfbc00e93]  215     PC=(0x8000031c,0x80000318,0x80000314) [63, 19,  3], WB: DASM(00310f03)
Cyc=       228 Op1=[0xffffffbc] Op2=[0xffffffbc] W[W,29= 0xffffffbc] [_,0x1ddf1a63]  216     PC=(0x80000320,0x8000031c,0x80000318) [13, 99, 19], WB: DASM(fbc00e93)
Cyc=       229 Op1=[0x00000001] Op2=[0x00000001] W[_,20= 0xffffff78] [_,0x00120213]  217     PC=(0x80000324,0x80000320,0x8000031c) [13, 19, 99], WB: DASM(1ddf1a63)
Cyc=       230 Op1=[0x00000000] Op2=[0x00000002] W[W, 4= 0x00000002] [_,0x00200293]  218     PC=(0x80000328,0x80000324,0x80000320) [63, 19, 19], WB: DASM(00120213)
Cyc=       231 Op1=[0x00000002] Op2=[0x00000002] W[W, 5= 0x00000002] [_,0xfc521ce3]  219     PC=(0x8000032c,0x80000328,0x80000324) [13, 99, 19], WB: DASM(00200293)
Cyc=       232 Op1=[0x00000000] Op2=[0x00000010] W[_,25= 0x00000004] [_,0x01000193]  220     PC=(0x80000330,0x8000032c,0x80000328) [13, 19, 99], WB: DASM(fc521ce3)
Cyc=       233 Op1=[0x00000000] Op2=[0x00000000] W[W, 3= 0x00000010] [_,0x00000213]  221     PC=(0x80000334,0x80000330,0x8000032c) [13, 19, 19], WB: DASM(01000193)
Cyc=       234 Op1=[0x00000000] Op2=[0xffffffbb] W[W, 4= 0x00000000] [_,0xfbb00093]  222     PC=(0x80000338,0x80000334,0x80000330) [13, 19, 19], WB: DASM(00000213)
Cyc=       235 Op1=[0x00000000] Op2=[0x00000000] W[W, 1= 0xffffffbb] [_,0x00000013]  223     PC=(0x8000033c,0x80000338,0x80000334) [17, 19, 19], WB: DASM(fbb00093)
Cyc=       236 Op1=[0x00002000] Op2=[0x8000033c] W[W, 0= 0x00000000] [_,0x00002117]  224     PC=(0x80000340,0x8000033c,0x80000338) [13, 23, 19], WB: DASM(00000013)
Cyc=       237 Op1=[0x8000233c] Op2=[0xfffffcc4] W[W, 2= 0x8000233c] [_,0xcc410113]  225     PC=(0x80000344,0x80000340,0x8000033c) [13, 19, 23], WB: DASM(00002117)
Cyc=       238 Op1=[0x00000000] Op2=[0x00000000] W[W, 2= 0x80002000] [_,0x00000013]  226     PC=(0x80000348,0x80000344,0x80000340) [23, 19, 19], WB: DASM(cc410113)
Cyc=       239 Op1=[0x80002000] Op2=[0x00000004] W[W, 0= 0x00000000] [_,0x00110223]  227     PC=(0x8000034c,0x80000348,0x80000344) [03, 35, 19], WB: DASM(00000013)
Cyc=       240 Op1=[0x80002000] Op2=[0x00000004] W[_, 4= 0x80002004] [_,0x00410f03]  228     PC=(0x80000350,0x8000034c,0x80000348) [13,  3, 35], WB: DASM(00110223)
Cyc=       241 Op1=[0x00000000] Op2=[0xffffffbb] W[W,30= 0xffffffbb] [_,0xfbb00e93]  229     PC=(0x80000354,0x80000350,0x8000034c) [63, 19,  3], WB: DASM(00410f03)
Cyc=       242 Op1=[0xffffffbb] Op2=[0xffffffbb] W[W,29= 0xffffffbb] [_,0x19df1e63]  230     PC=(0x80000358,0x80000354,0x80000350) [13, 99, 19], WB: DASM(fbb00e93)
Cyc=       243 Op1=[0x00000000] Op2=[0x00000001] W[_,28= 0xffffff76] [_,0x00120213]  231     PC=(0x8000035c,0x80000358,0x80000354) [13, 19, 99], WB: DASM(19df1e63)
Cyc=       244 Op1=[0x00000000] Op2=[0x00000002] W[W, 4= 0x00000001] [_,0x00200293]  232     PC=(0x80000360,0x8000035c,0x80000358) [63, 19, 19], WB: DASM(00120213)
Cyc=       245 Op1=[0x00000001] Op2=[0x00000002] W[W, 5= 0x00000002] [_,0xfc521ae3]  233   B PC=(0x80000364,0x80000360,0x8000035c) [13, 99, 19], WB: DASM(00200293)
Cyc=       246 Op1=[0x00000000] Op2=[0x00000011] W[_,21= 0x00000003] [_,0x01100193]  234     PC=(0x80000334,0x80000364,0x80000360) [13, 51, 99], WB: DASM(fc521ae3)
Cyc=       247 Op1=[0x00000000] Op2=[0xffffffbb] W[_, 3= 0x00000011] [_,0xfbb00093]  235     PC=(0x80000338,0x80000334,0x80000364) [13, 19, 51], WB: DASM(00004033)
Cyc=       248 Op1=[0x00000000] Op2=[0x00000000] W[W, 1= 0xffffffbb] [_,0x00000013]  235     PC=(0x8000033c,0x80000338,0x80000334) [17, 19, 19], WB: DASM(fbb00093)
Cyc=       249 Op1=[0x00002000] Op2=[0x8000033c] W[W, 0= 0x00000000] [_,0x00002117]  236     PC=(0x80000340,0x8000033c,0x80000338) [13, 23, 19], WB: DASM(00000013)
Cyc=       250 Op1=[0x8000233c] Op2=[0xfffffcc4] W[W, 2= 0x8000233c] [_,0xcc410113]  237     PC=(0x80000344,0x80000340,0x8000033c) [13, 19, 23], WB: DASM(00002117)
Cyc=       251 Op1=[0x00000000] Op2=[0x00000000] W[W, 2= 0x80002000] [_,0x00000013]  238     PC=(0x80000348,0x80000344,0x80000340) [23, 19, 19], WB: DASM(cc410113)
Cyc=       252 Op1=[0x80002000] Op2=[0x00000004] W[W, 0= 0x00000000] [_,0x00110223]  239     PC=(0x8000034c,0x80000348,0x80000344) [03, 35, 19], WB: DASM(00000013)
Cyc=       253 Op1=[0x80002000] Op2=[0x00000004] W[_, 4= 0x80002004] [_,0x00410f03]  240     PC=(0x80000350,0x8000034c,0x80000348) [13,  3, 35], WB: DASM(00110223)
Cyc=       254 Op1=[0x00000000] Op2=[0xffffffbb] W[W,30= 0xffffffbb] [_,0xfbb00e93]  241     PC=(0x80000354,0x80000350,0x8000034c) [63, 19,  3], WB: DASM(00410f03)
Cyc=       255 Op1=[0xffffffbb] Op2=[0xffffffbb] W[W,29= 0xffffffbb] [_,0x19df1e63]  242     PC=(0x80000358,0x80000354,0x80000350) [13, 99, 19], WB: DASM(fbb00e93)
Cyc=       256 Op1=[0x00000001] Op2=[0x00000001] W[_,28= 0xffffff76] [_,0x00120213]  243     PC=(0x8000035c,0x80000358,0x80000354) [13, 19, 99], WB: DASM(19df1e63)
Cyc=       257 Op1=[0x00000000] Op2=[0x00000002] W[W, 4= 0x00000002] [_,0x00200293]  244     PC=(0x80000360,0x8000035c,0x80000358) [63, 19, 19], WB: DASM(00120213)
Cyc=       258 Op1=[0x00000002] Op2=[0x00000002] W[W, 5= 0x00000002] [_,0xfc521ae3]  245     PC=(0x80000364,0x80000360,0x8000035c) [13, 99, 19], WB: DASM(00200293)
Cyc=       259 Op1=[0x00000000] Op2=[0x00000011] W[_,21= 0x00000004] [_,0x01100193]  246     PC=(0x80000368,0x80000364,0x80000360) [13, 19, 99], WB: DASM(fc521ae3)
Cyc=       260 Op1=[0x00000000] Op2=[0x00000000] W[W, 3= 0x00000011] [_,0x00000213]  247     PC=(0x8000036c,0x80000368,0x80000364) [13, 19, 19], WB: DASM(01100193)
Cyc=       261 Op1=[0x00000000] Op2=[0xffffffab] W[W, 4= 0x00000000] [_,0xfab00093]  248     PC=(0x80000370,0x8000036c,0x80000368) [13, 19, 19], WB: DASM(00000213)
Cyc=       262 Op1=[0x00000000] Op2=[0x00000000] W[W, 1= 0xffffffab] [_,0x00000013]  249     PC=(0x80000374,0x80000370,0x8000036c) [13, 19, 19], WB: DASM(fab00093)
Cyc=       263 Op1=[0x00000000] Op2=[0x00000000] W[W, 0= 0x00000000] [_,0x00000013]  250     PC=(0x80000378,0x80000374,0x80000370) [17, 19, 19], WB: DASM(00000013)
Cyc=       264 Op1=[0x00002000] Op2=[0x80000378] W[W, 0= 0x00000000] [_,0x00002117]  251     PC=(0x8000037c,0x80000378,0x80000374) [13, 23, 19], WB: DASM(00000013)
Cyc=       265 Op1=[0x80002378] Op2=[0xfffffc88] W[W, 2= 0x80002378] [_,0xc8810113]  252     PC=(0x80000380,0x8000037c,0x80000378) [23, 19, 23], WB: DASM(00002117)
Cyc=       266 Op1=[0x80002000] Op2=[0x00000005] W[W, 2= 0x80002000] [_,0x001102a3]  253     PC=(0x80000384,0x80000380,0x8000037c) [03, 35, 19], WB: DASM(c8810113)
Cyc=       267 Op1=[0x80002000] Op2=[0x00000005] W[_, 5= 0x80002005] [_,0x00510f03]  254     PC=(0x80000388,0x80000384,0x80000380) [13,  3, 35], WB: DASM(001102a3)
Cyc=       268 Op1=[0x00000000] Op2=[0xffffffab] W[W,30= 0xffffffab] [_,0xfab00e93]  255     PC=(0x8000038c,0x80000388,0x80000384) [63, 19,  3], WB: DASM(00510f03)
Cyc=       269 Op1=[0xffffffab] Op2=[0xffffffab] W[W,29= 0xffffffab] [_,0x17df1263]  256     PC=(0x80000390,0x8000038c,0x80000388) [13, 99, 19], WB: DASM(fab00e93)
Cyc=       270 Op1=[0x00000000] Op2=[0x00000001] W[_, 4= 0xffffff56] [_,0x00120213]  257     PC=(0x80000394,0x80000390,0x8000038c) [13, 19, 99], WB: DASM(17df1263)
Cyc=       271 Op1=[0x00000000] Op2=[0x00000002] W[W, 4= 0x00000001] [_,0x00200293]  258     PC=(0x80000398,0x80000394,0x80000390) [63, 19, 19], WB: DASM(00120213)
Cyc=       272 Op1=[0x00000001] Op2=[0x00000002] W[W, 5= 0x00000002] [_,0xfc521ae3]  259   B PC=(0x8000039c,0x80000398,0x80000394) [13, 99, 19], WB: DASM(00200293)
Cyc=       273 Op1=[0x00000000] Op2=[0x00000012] W[_,21= 0x00000003] [_,0x01200193]  260     PC=(0x8000036c,0x8000039c,0x80000398) [13, 51, 99], WB: DASM(fc521ae3)
Cyc=       274 Op1=[0x00000000] Op2=[0xffffffab] W[_, 3= 0x00000012] [_,0xfab00093]  261     PC=(0x80000370,0x8000036c,0x8000039c) [13, 19, 51], WB: DASM(00004033)
Cyc=       275 Op1=[0x00000000] Op2=[0x00000000] W[W, 1= 0xffffffab] [_,0x00000013]  261     PC=(0x80000374,0x80000370,0x8000036c) [13, 19, 19], WB: DASM(fab00093)
Cyc=       276 Op1=[0x00000000] Op2=[0x00000000] W[W, 0= 0x00000000] [_,0x00000013]  262     PC=(0x80000378,0x80000374,0x80000370) [17, 19, 19], WB: DASM(00000013)
Cyc=       277 Op1=[0x00002000] Op2=[0x80000378] W[W, 0= 0x00000000] [_,0x00002117]  263     PC=(0x8000037c,0x80000378,0x80000374) [13, 23, 19], WB: DASM(00000013)
Cyc=       278 Op1=[0x80002378] Op2=[0xfffffc88] W[W, 2= 0x80002378] [_,0xc8810113]  264     PC=(0x80000380,0x8000037c,0x80000378) [23, 19, 23], WB: DASM(00002117)
Cyc=       279 Op1=[0x80002000] Op2=[0x00000005] W[W, 2= 0x80002000] [_,0x001102a3]  265     PC=(0x80000384,0x80000380,0x8000037c) [03, 35, 19], WB: DASM(c8810113)
Cyc=       280 Op1=[0x80002000] Op2=[0x00000005] W[_, 5= 0x80002005] [_,0x00510f03]  266     PC=(0x80000388,0x80000384,0x80000380) [13,  3, 35], WB: DASM(001102a3)
Cyc=       281 Op1=[0x00000000] Op2=[0xffffffab] W[W,30= 0xffffffab] [_,0xfab00e93]  267     PC=(0x8000038c,0x80000388,0x80000384) [63, 19,  3], WB: DASM(00510f03)
Cyc=       282 Op1=[0xffffffab] Op2=[0xffffffab] W[W,29= 0xffffffab] [_,0x17df1263]  268     PC=(0x80000390,0x8000038c,0x80000388) [13, 99, 19], WB: DASM(fab00e93)
Cyc=       283 Op1=[0x00000001] Op2=[0x00000001] W[_, 4= 0xffffff56] [_,0x00120213]  269     PC=(0x80000394,0x80000390,0x8000038c) [13, 19, 99], WB: DASM(17df1263)
Cyc=       284 Op1=[0x00000000] Op2=[0x00000002] W[W, 4= 0x00000002] [_,0x00200293]  270     PC=(0x80000398,0x80000394,0x80000390) [63, 19, 19], WB: DASM(00120213)
Cyc=       285 Op1=[0x00000002] Op2=[0x00000002] W[W, 5= 0x00000002] [_,0xfc521ae3]  271     PC=(0x8000039c,0x80000398,0x80000394) [13, 99, 19], WB: DASM(00200293)
Cyc=       286 Op1=[0x00000000] Op2=[0x00000012] W[_,21= 0x00000004] [_,0x01200193]  272     PC=(0x800003a0,0x8000039c,0x80000398) [13, 19, 99], WB: DASM(fc521ae3)
Cyc=       287 Op1=[0x00000000] Op2=[0x00000000] W[W, 3= 0x00000012] [_,0x00000213]  273     PC=(0x800003a4,0x800003a0,0x8000039c) [17, 19, 19], WB: DASM(01200193)
Cyc=       288 Op1=[0x00002000] Op2=[0x800003a4] W[W, 4= 0x00000000] [_,0x00002117]  274     PC=(0x800003a8,0x800003a4,0x800003a0) [13, 23, 19], WB: DASM(00000213)
Cyc=       289 Op1=[0x800023a4] Op2=[0xfffffc5c] W[W, 2= 0x800023a4] [_,0xc5c10113]  275     PC=(0x800003ac,0x800003a8,0x800003a4) [13, 19, 23], WB: DASM(00002117)
Cyc=       290 Op1=[0x00000000] Op2=[0x00000033] W[W, 2= 0x80002000] [_,0x03300093]  276     PC=(0x800003b0,0x800003ac,0x800003a8) [23, 19, 19], WB: DASM(c5c10113)
Cyc=       291 Op1=[0x80002000] Op2=[0x00000000] W[W, 1= 0x00000033] [_,0x00110023]  277     PC=(0x800003b4,0x800003b0,0x800003ac) [03, 35, 19], WB: DASM(03300093)
Cyc=       292 Op1=[0x80002000] Op2=[0x00000000] W[_, 0= 0x80002000] [_,0x00010f03]  278     PC=(0x800003b8,0x800003b4,0x800003b0) [13,  3, 35], WB: DASM(00110023)
Cyc=       293 Op1=[0x00000000] Op2=[0x00000033] W[W,30= 0x00000033] [_,0x03300e93]  279     PC=(0x800003bc,0x800003b8,0x800003b4) [63, 19,  3], WB: DASM(00010f03)
Cyc=       294 Op1=[0x00000033] Op2=[0x00000033] W[W,29= 0x00000033] [_,0x13df1a63]  280     PC=(0x800003c0,0x800003bc,0x800003b8) [13, 99, 19], WB: DASM(03300e93)
Cyc=       295 Op1=[0x00000000] Op2=[0x00000001] W[_,20= 0x00000066] [_,0x00120213]  281     PC=(0x800003c4,0x800003c0,0x800003bc) [13, 19, 99], WB: DASM(13df1a63)
Cyc=       296 Op1=[0x00000000] Op2=[0x00000002] W[W, 4= 0x00000001] [_,0x00200293]  282     PC=(0x800003c8,0x800003c4,0x800003c0) [63, 19, 19], WB: DASM(00120213)
Cyc=       297 Op1=[0x00000001] Op2=[0x00000002] W[W, 5= 0x00000002] [_,0xfc521ee3]  283   B PC=(0x800003cc,0x800003c8,0x800003c4) [13, 99, 19], WB: DASM(00200293)
Cyc=       298 Op1=[0x00000000] Op2=[0x00000013] W[_,29= 0x00000003] [_,0x01300193]  284     PC=(0x800003a4,0x800003cc,0x800003c8) [17, 51, 99], WB: DASM(fc521ee3)
Cyc=       299 Op1=[0x00002000] Op2=[0x800003a4] W[_, 3= 0x00000013] [_,0x00002117]  285     PC=(0x800003a8,0x800003a4,0x800003cc) [13, 23, 51], WB: DASM(00004033)
Cyc=       300 Op1=[0x800023a4] Op2=[0xfffffc5c] W[W, 2= 0x800023a4] [_,0xc5c10113]  285     PC=(0x800003ac,0x800003a8,0x800003a4) [13, 19, 23], WB: DASM(00002117)
Cyc=       301 Op1=[0x00000000] Op2=[0x00000033] W[W, 2= 0x80002000] [_,0x03300093]  286     PC=(0x800003b0,0x800003ac,0x800003a8) [23, 19, 19], WB: DASM(c5c10113)
Cyc=       302 Op1=[0x80002000] Op2=[0x00000000] W[W, 1= 0x00000033] [_,0x00110023]  287     PC=(0x800003b4,0x800003b0,0x800003ac) [03, 35, 19], WB: DASM(03300093)
Cyc=       303 Op1=[0x80002000] Op2=[0x00000000] W[_, 0= 0x80002000] [_,0x00010f03]  288     PC=(0x800003b8,0x800003b4,0x800003b0) [13,  3, 35], WB: DASM(00110023)
Cyc=       304 Op1=[0x00000000] Op2=[0x00000033] W[W,30= 0x00000033] [_,0x03300e93]  289     PC=(0x800003bc,0x800003b8,0x800003b4) [63, 19,  3], WB: DASM(00010f03)
Cyc=       305 Op1=[0x00000033] Op2=[0x00000033] W[W,29= 0x00000033] [_,0x13df1a63]  290     PC=(0x800003c0,0x800003bc,0x800003b8) [13, 99, 19], WB: DASM(03300e93)
Cyc=       306 Op1=[0x00000001] Op2=[0x00000001] W[_,20= 0x00000066] [_,0x00120213]  291     PC=(0x800003c4,0x800003c0,0x800003bc) [13, 19, 99], WB: DASM(13df1a63)
Cyc=       307 Op1=[0x00000000] Op2=[0x00000002] W[W, 4= 0x00000002] [_,0x00200293]  292     PC=(0x800003c8,0x800003c4,0x800003c0) [63, 19, 19], WB: DASM(00120213)
Cyc=       308 Op1=[0x00000002] Op2=[0x00000002] W[W, 5= 0x00000002] [_,0xfc521ee3]  293     PC=(0x800003cc,0x800003c8,0x800003c4) [13, 99, 19], WB: DASM(00200293)
Cyc=       309 Op1=[0x00000000] Op2=[0x00000013] W[_,29= 0x00000004] [_,0x01300193]  294     PC=(0x800003d0,0x800003cc,0x800003c8) [13, 19, 99], WB: DASM(fc521ee3)
Cyc=       310 Op1=[0x00000000] Op2=[0x00000000] W[W, 3= 0x00000013] [_,0x00000213]  295     PC=(0x800003d4,0x800003d0,0x800003cc) [17, 19, 19], WB: DASM(01300193)
Cyc=       311 Op1=[0x00002000] Op2=[0x800003d4] W[W, 4= 0x00000000] [_,0x00002117]  296     PC=(0x800003d8,0x800003d4,0x800003d0) [13, 23, 19], WB: DASM(00000213)
Cyc=       312 Op1=[0x800023d4] Op2=[0xfffffc2c] W[W, 2= 0x800023d4] [_,0xc2c10113]  297     PC=(0x800003dc,0x800003d8,0x800003d4) [13, 19, 23], WB: DASM(00002117)
Cyc=       313 Op1=[0x00000000] Op2=[0x00000023] W[W, 2= 0x80002000] [_,0x02300093]  298     PC=(0x800003e0,0x800003dc,0x800003d8) [13, 19, 19], WB: DASM(c2c10113)
Cyc=       314 Op1=[0x00000000] Op2=[0x00000000] W[W, 1= 0x00000023] [_,0x00000013]  299     PC=(0x800003e4,0x800003e0,0x800003dc) [23, 19, 19], WB: DASM(02300093)
Cyc=       315 Op1=[0x80002000] Op2=[0x00000001] W[W, 0= 0x00000000] [_,0x001100a3]  300     PC=(0x800003e8,0x800003e4,0x800003e0) [03, 35, 19], WB: DASM(00000013)
Cyc=       316 Op1=[0x80002000] Op2=[0x00000001] W[_, 1= 0x80002001] [_,0x00110f03]  301     PC=(0x800003ec,0x800003e8,0x800003e4) [13,  3, 35], WB: DASM(001100a3)
Cyc=       317 Op1=[0x00000000] Op2=[0x00000023] W[W,30= 0x00000023] [_,0x02300e93]  302     PC=(0x800003f0,0x800003ec,0x800003e8) [63, 19,  3], WB: DASM(00110f03)
Cyc=       318 Op1=[0x00000023] Op2=[0x00000023] W[W,29= 0x00000023] [_,0x11df1063]  303     PC=(0x800003f4,0x800003f0,0x800003ec) [13, 99, 19], WB: DASM(02300e93)
Cyc=       319 Op1=[0x00000000] Op2=[0x00000001] W[_, 0= 0x00000046] [_,0x00120213]  304     PC=(0x800003f8,0x800003f4,0x800003f0) [13, 19, 99], WB: DASM(11df1063)
Cyc=       320 Op1=[0x00000000] Op2=[0x00000002] W[W, 4= 0x00000001] [_,0x00200293]  305     PC=(0x800003fc,0x800003f8,0x800003f4) [63, 19, 19], WB: DASM(00120213)
Cyc=       321 Op1=[0x00000001] Op2=[0x00000002] W[W, 5= 0x00000002] [_,0xfc521ce3]  306   B PC=(0x80000400,0x800003fc,0x800003f8) [13, 99, 19], WB: DASM(00200293)
Cyc=       322 Op1=[0x00000000] Op2=[0x00000014] W[_,25= 0x00000003] [_,0x01400193]  307     PC=(0x800003d4,0x80000400,0x800003fc) [17, 51, 99], WB: DASM(fc521ce3)
Cyc=       323 Op1=[0x00002000] Op2=[0x800003d4] W[_, 3= 0x00000014] [_,0x00002117]  308     PC=(0x800003d8,0x800003d4,0x80000400) [13, 23, 51], WB: DASM(00004033)
Cyc=       324 Op1=[0x800023d4] Op2=[0xfffffc2c] W[W, 2= 0x800023d4] [_,0xc2c10113]  308     PC=(0x800003dc,0x800003d8,0x800003d4) [13, 19, 23], WB: DASM(00002117)
Cyc=       325 Op1=[0x00000000] Op2=[0x00000023] W[W, 2= 0x80002000] [_,0x02300093]  309     PC=(0x800003e0,0x800003dc,0x800003d8) [13, 19, 19], WB: DASM(c2c10113)
Cyc=       326 Op1=[0x00000000] Op2=[0x00000000] W[W, 1= 0x00000023] [_,0x00000013]  310     PC=(0x800003e4,0x800003e0,0x800003dc) [23, 19, 19], WB: DASM(02300093)
Cyc=       327 Op1=[0x80002000] Op2=[0x00000001] W[W, 0= 0x00000000] [_,0x001100a3]  311     PC=(0x800003e8,0x800003e4,0x800003e0) [03, 35, 19], WB: DASM(00000013)
Cyc=       328 Op1=[0x80002000] Op2=[0x00000001] W[_, 1= 0x80002001] [_,0x00110f03]  312     PC=(0x800003ec,0x800003e8,0x800003e4) [13,  3, 35], WB: DASM(001100a3)
Cyc=       329 Op1=[0x00000000] Op2=[0x00000023] W[W,30= 0x00000023] [_,0x02300e93]  313     PC=(0x800003f0,0x800003ec,0x800003e8) [63, 19,  3], WB: DASM(00110f03)
Cyc=       330 Op1=[0x00000023] Op2=[0x00000023] W[W,29= 0x00000023] [_,0x11df1063]  314     PC=(0x800003f4,0x800003f0,0x800003ec) [13, 99, 19], WB: DASM(02300e93)
Cyc=       331 Op1=[0x00000001] Op2=[0x00000001] W[_, 0= 0x00000046] [_,0x00120213]  315     PC=(0x800003f8,0x800003f4,0x800003f0) [13, 19, 99], WB: DASM(11df1063)
Cyc=       332 Op1=[0x00000000] Op2=[0x00000002] W[W, 4= 0x00000002] [_,0x00200293]  316     PC=(0x800003fc,0x800003f8,0x800003f4) [63, 19, 19], WB: DASM(00120213)
Cyc=       333 Op1=[0x00000002] Op2=[0x00000002] W[W, 5= 0x00000002] [_,0xfc521ce3]  317     PC=(0x80000400,0x800003fc,0x800003f8) [13, 99, 19], WB: DASM(00200293)
Cyc=       334 Op1=[0x00000000] Op2=[0x00000014] W[_,25= 0x00000004] [_,0x01400193]  318     PC=(0x80000404,0x80000400,0x800003fc) [13, 19, 99], WB: DASM(fc521ce3)
Cyc=       335 Op1=[0x00000000] Op2=[0x00000000] W[W, 3= 0x00000014] [_,0x00000213]  319     PC=(0x80000408,0x80000404,0x80000400) [17, 19, 19], WB: DASM(01400193)
Cyc=       336 Op1=[0x00002000] Op2=[0x80000408] W[W, 4= 0x00000000] [_,0x00002117]  320     PC=(0x8000040c,0x80000408,0x80000404) [13, 23, 19], WB: DASM(00000213)
Cyc=       337 Op1=[0x80002408] Op2=[0xfffffbf8] W[W, 2= 0x80002408] [_,0xbf810113]  321     PC=(0x80000410,0x8000040c,0x80000408) [13, 19, 23], WB: DASM(00002117)
Cyc=       338 Op1=[0x00000000] Op2=[0x00000022] W[W, 2= 0x80002000] [_,0x02200093]  322     PC=(0x80000414,0x80000410,0x8000040c) [13, 19, 19], WB: DASM(bf810113)
Cyc=       339 Op1=[0x00000000] Op2=[0x00000000] W[W, 1= 0x00000022] [_,0x00000013]  323     PC=(0x80000418,0x80000414,0x80000410) [13, 19, 19], WB: DASM(02200093)
Cyc=       340 Op1=[0x00000000] Op2=[0x00000000] W[W, 0= 0x00000000] [_,0x00000013]  324     PC=(0x8000041c,0x80000418,0x80000414) [23, 19, 19], WB: DASM(00000013)
Cyc=       341 Op1=[0x80002000] Op2=[0x00000002] W[W, 0= 0x00000000] [_,0x00110123]  325     PC=(0x80000420,0x8000041c,0x80000418) [03, 35, 19], WB: DASM(00000013)
Cyc=       342 Op1=[0x80002000] Op2=[0x00000002] W[_, 2= 0x80002002] [_,0x00210f03]  326     PC=(0x80000424,0x80000420,0x8000041c) [13,  3, 35], WB: DASM(00110123)
Cyc=       343 Op1=[0x00000000] Op2=[0x00000022] W[W,30= 0x00000022] [_,0x02200e93]  327     PC=(0x80000428,0x80000424,0x80000420) [63, 19,  3], WB: DASM(00210f03)
Cyc=       344 Op1=[0x00000022] Op2=[0x00000022] W[W,29= 0x00000022] [_,0x0ddf1463]  328     PC=(0x8000042c,0x80000428,0x80000424) [13, 99, 19], WB: DASM(02200e93)
Cyc=       345 Op1=[0x00000000] Op2=[0x00000001] W[_, 8= 0x00000044] [_,0x00120213]  329     PC=(0x80000430,0x8000042c,0x80000428) [13, 19, 99], WB: DASM(0ddf1463)
Cyc=       346 Op1=[0x00000000] Op2=[0x00000002] W[W, 4= 0x00000001] [_,0x00200293]  330     PC=(0x80000434,0x80000430,0x8000042c) [63, 19, 19], WB: DASM(00120213)
Cyc=       347 Op1=[0x00000001] Op2=[0x00000002] W[W, 5= 0x00000002] [_,0xfc521ae3]  331   B PC=(0x80000438,0x80000434,0x80000430) [13, 99, 19], WB: DASM(00200293)
Cyc=       348 Op1=[0x00000000] Op2=[0x00000015] W[_,21= 0x00000003] [_,0x01500193]  332     PC=(0x80000408,0x80000438,0x80000434) [17, 51, 99], WB: DASM(fc521ae3)
Cyc=       349 Op1=[0x00002000] Op2=[0x80000408] W[_, 3= 0x00000015] [_,0x00002117]  333     PC=(0x8000040c,0x80000408,0x80000438) [13, 23, 51], WB: DASM(00004033)
Cyc=       350 Op1=[0x80002408] Op2=[0xfffffbf8] W[W, 2= 0x80002408] [_,0xbf810113]  333     PC=(0x80000410,0x8000040c,0x80000408) [13, 19, 23], WB: DASM(00002117)
Cyc=       351 Op1=[0x00000000] Op2=[0x00000022] W[W, 2= 0x80002000] [_,0x02200093]  334     PC=(0x80000414,0x80000410,0x8000040c) [13, 19, 19], WB: DASM(bf810113)
Cyc=       352 Op1=[0x00000000] Op2=[0x00000000] W[W, 1= 0x00000022] [_,0x00000013]  335     PC=(0x80000418,0x80000414,0x80000410) [13, 19, 19], WB: DASM(02200093)
Cyc=       353 Op1=[0x00000000] Op2=[0x00000000] W[W, 0= 0x00000000] [_,0x00000013]  336     PC=(0x8000041c,0x80000418,0x80000414) [23, 19, 19], WB: DASM(00000013)
Cyc=       354 Op1=[0x80002000] Op2=[0x00000002] W[W, 0= 0x00000000] [_,0x00110123]  337     PC=(0x80000420,0x8000041c,0x80000418) [03, 35, 19], WB: DASM(00000013)
Cyc=       355 Op1=[0x80002000] Op2=[0x00000002] W[_, 2= 0x80002002] [_,0x00210f03]  338     PC=(0x80000424,0x80000420,0x8000041c) [13,  3, 35], WB: DASM(00110123)
Cyc=       356 Op1=[0x00000000] Op2=[0x00000022] W[W,30= 0x00000022] [_,0x02200e93]  339     PC=(0x80000428,0x80000424,0x80000420) [63, 19,  3], WB: DASM(00210f03)
Cyc=       357 Op1=[0x00000022] Op2=[0x00000022] W[W,29= 0x00000022] [_,0x0ddf1463]  340     PC=(0x8000042c,0x80000428,0x80000424) [13, 99, 19], WB: DASM(02200e93)
Cyc=       358 Op1=[0x00000001] Op2=[0x00000001] W[_, 8= 0x00000044] [_,0x00120213]  341     PC=(0x80000430,0x8000042c,0x80000428) [13, 19, 99], WB: DASM(0ddf1463)
Cyc=       359 Op1=[0x00000000] Op2=[0x00000002] W[W, 4= 0x00000002] [_,0x00200293]  342     PC=(0x80000434,0x80000430,0x8000042c) [63, 19, 19], WB: DASM(00120213)
Cyc=       360 Op1=[0x00000002] Op2=[0x00000002] W[W, 5= 0x00000002] [_,0xfc521ae3]  343     PC=(0x80000438,0x80000434,0x80000430) [13, 99, 19], WB: DASM(00200293)
Cyc=       361 Op1=[0x00000000] Op2=[0x00000015] W[_,21= 0x00000004] [_,0x01500193]  344     PC=(0x8000043c,0x80000438,0x80000434) [13, 19, 99], WB: DASM(fc521ae3)
Cyc=       362 Op1=[0x00000000] Op2=[0x00000000] W[W, 3= 0x00000015] [_,0x00000213]  345     PC=(0x80000440,0x8000043c,0x80000438) [17, 19, 19], WB: DASM(01500193)
Cyc=       363 Op1=[0x00002000] Op2=[0x80000440] W[W, 4= 0x00000000] [_,0x00002117]  346     PC=(0x80000444,0x80000440,0x8000043c) [13, 23, 19], WB: DASM(00000213)
Cyc=       364 Op1=[0x80002440] Op2=[0xfffffbc0] W[W, 2= 0x80002440] [_,0xbc010113]  347     PC=(0x80000448,0x80000444,0x80000440) [13, 19, 23], WB: DASM(00002117)
Cyc=       365 Op1=[0x00000000] Op2=[0x00000000] W[W, 2= 0x80002000] [_,0x00000013]  348     PC=(0x8000044c,0x80000448,0x80000444) [13, 19, 19], WB: DASM(bc010113)
Cyc=       366 Op1=[0x00000000] Op2=[0x00000012] W[W, 0= 0x00000000] [_,0x01200093]  349     PC=(0x80000450,0x8000044c,0x80000448) [23, 19, 19], WB: DASM(00000013)
Cyc=       367 Op1=[0x80002000] Op2=[0x00000003] W[W, 1= 0x00000012] [_,0x001101a3]  350     PC=(0x80000454,0x80000450,0x8000044c) [03, 35, 19], WB: DASM(01200093)
Cyc=       368 Op1=[0x80002000] Op2=[0x00000003] W[_, 3= 0x80002003] [_,0x00310f03]  351     PC=(0x80000458,0x80000454,0x80000450) [13,  3, 35], WB: DASM(001101a3)
Cyc=       369 Op1=[0x00000000] Op2=[0x00000012] W[W,30= 0x00000012] [_,0x01200e93]  352     PC=(0x8000045c,0x80000458,0x80000454) [63, 19,  3], WB: DASM(00310f03)
Cyc=       370 Op1=[0x00000012] Op2=[0x00000012] W[W,29= 0x00000012] [_,0x09df1a63]  353     PC=(0x80000460,0x8000045c,0x80000458) [13, 99, 19], WB: DASM(01200e93)
Cyc=       371 Op1=[0x00000000] Op2=[0x00000001] W[_,20= 0x00000024] [_,0x00120213]  354     PC=(0x80000464,0x80000460,0x8000045c) [13, 19, 99], WB: DASM(09df1a63)
Cyc=       372 Op1=[0x00000000] Op2=[0x00000002] W[W, 4= 0x00000001] [_,0x00200293]  355     PC=(0x80000468,0x80000464,0x80000460) [63, 19, 19], WB: DASM(00120213)
Cyc=       373 Op1=[0x00000001] Op2=[0x00000002] W[W, 5= 0x00000002] [_,0xfc521ce3]  356   B PC=(0x8000046c,0x80000468,0x80000464) [13, 99, 19], WB: DASM(00200293)
Cyc=       374 Op1=[0x00000000] Op2=[0x00000016] W[_,25= 0x00000003] [_,0x01600193]  357     PC=(0x80000440,0x8000046c,0x80000468) [17, 51, 99], WB: DASM(fc521ce3)
Cyc=       375 Op1=[0x00002000] Op2=[0x80000440] W[_, 3= 0x00000016] [_,0x00002117]  358     PC=(0x80000444,0x80000440,0x8000046c) [13, 23, 51], WB: DASM(00004033)
Cyc=       376 Op1=[0x80002440] Op2=[0xfffffbc0] W[W, 2= 0x80002440] [_,0xbc010113]  358     PC=(0x80000448,0x80000444,0x80000440) [13, 19, 23], WB: DASM(00002117)
Cyc=       377 Op1=[0x00000000] Op2=[0x00000000] W[W, 2= 0x80002000] [_,0x00000013]  359     PC=(0x8000044c,0x80000448,0x80000444) [13, 19, 19], WB: DASM(bc010113)
Cyc=       378 Op1=[0x00000000] Op2=[0x00000012] W[W, 0= 0x00000000] [_,0x01200093]  360     PC=(0x80000450,0x8000044c,0x80000448) [23, 19, 19], WB: DASM(00000013)
Cyc=       379 Op1=[0x80002000] Op2=[0x00000003] W[W, 1= 0x00000012] [_,0x001101a3]  361     PC=(0x80000454,0x80000450,0x8000044c) [03, 35, 19], WB: DASM(01200093)
Cyc=       380 Op1=[0x80002000] Op2=[0x00000003] W[_, 3= 0x80002003] [_,0x00310f03]  362     PC=(0x80000458,0x80000454,0x80000450) [13,  3, 35], WB: DASM(001101a3)
Cyc=       381 Op1=[0x00000000] Op2=[0x00000012] W[W,30= 0x00000012] [_,0x01200e93]  363     PC=(0x8000045c,0x80000458,0x80000454) [63, 19,  3], WB: DASM(00310f03)
Cyc=       382 Op1=[0x00000012] Op2=[0x00000012] W[W,29= 0x00000012] [_,0x09df1a63]  364     PC=(0x80000460,0x8000045c,0x80000458) [13, 99, 19], WB: DASM(01200e93)
Cyc=       383 Op1=[0x00000001] Op2=[0x00000001] W[_,20= 0x00000024] [_,0x00120213]  365     PC=(0x80000464,0x80000460,0x8000045c) [13, 19, 99], WB: DASM(09df1a63)
Cyc=       384 Op1=[0x00000000] Op2=[0x00000002] W[W, 4= 0x00000002] [_,0x00200293]  366     PC=(0x80000468,0x80000464,0x80000460) [63, 19, 19], WB: DASM(00120213)
Cyc=       385 Op1=[0x00000002] Op2=[0x00000002] W[W, 5= 0x00000002] [_,0xfc521ce3]  367     PC=(0x8000046c,0x80000468,0x80000464) [13, 99, 19], WB: DASM(00200293)
Cyc=       386 Op1=[0x00000000] Op2=[0x00000016] W[_,25= 0x00000004] [_,0x01600193]  368     PC=(0x80000470,0x8000046c,0x80000468) [13, 19, 99], WB: DASM(fc521ce3)
Cyc=       387 Op1=[0x00000000] Op2=[0x00000000] W[W, 3= 0x00000016] [_,0x00000213]  369     PC=(0x80000474,0x80000470,0x8000046c) [17, 19, 19], WB: DASM(01600193)
Cyc=       388 Op1=[0x00002000] Op2=[0x80000474] W[W, 4= 0x00000000] [_,0x00002117]  370     PC=(0x80000478,0x80000474,0x80000470) [13, 23, 19], WB: DASM(00000213)
Cyc=       389 Op1=[0x80002474] Op2=[0xfffffb8c] W[W, 2= 0x80002474] [_,0xb8c10113]  371     PC=(0x8000047c,0x80000478,0x80000474) [13, 19, 23], WB: DASM(00002117)
Cyc=       390 Op1=[0x00000000] Op2=[0x00000000] W[W, 2= 0x80002000] [_,0x00000013]  372     PC=(0x80000480,0x8000047c,0x80000478) [13, 19, 19], WB: DASM(b8c10113)
Cyc=       391 Op1=[0x00000000] Op2=[0x00000011] W[W, 0= 0x00000000] [_,0x01100093]  373     PC=(0x80000484,0x80000480,0x8000047c) [13, 19, 19], WB: DASM(00000013)
Cyc=       392 Op1=[0x00000000] Op2=[0x00000000] W[W, 1= 0x00000011] [_,0x00000013]  374     PC=(0x80000488,0x80000484,0x80000480) [23, 19, 19], WB: DASM(01100093)
Cyc=       393 Op1=[0x80002000] Op2=[0x00000004] W[W, 0= 0x00000000] [_,0x00110223]  375     PC=(0x8000048c,0x80000488,0x80000484) [03, 35, 19], WB: DASM(00000013)
Cyc=       394 Op1=[0x80002000] Op2=[0x00000004] W[_, 4= 0x80002004] [_,0x00410f03]  376     PC=(0x80000490,0x8000048c,0x80000488) [13,  3, 35], WB: DASM(00110223)
Cyc=       395 Op1=[0x00000000] Op2=[0x00000011] W[W,30= 0x00000011] [_,0x01100e93]  377     PC=(0x80000494,0x80000490,0x8000048c) [63, 19,  3], WB: DASM(00410f03)
Cyc=       396 Op1=[0x00000011] Op2=[0x00000011] W[W,29= 0x00000011] [_,0x05df1e63]  378     PC=(0x80000498,0x80000494,0x80000490) [13, 99, 19], WB: DASM(01100e93)
Cyc=       397 Op1=[0x00000000] Op2=[0x00000001] W[_,28= 0x00000022] [_,0x00120213]  379     PC=(0x8000049c,0x80000498,0x80000494) [13, 19, 99], WB: DASM(05df1e63)
Cyc=       398 Op1=[0x00000000] Op2=[0x00000002] W[W, 4= 0x00000001] [_,0x00200293]  380     PC=(0x800004a0,0x8000049c,0x80000498) [63, 19, 19], WB: DASM(00120213)
Cyc=       399 Op1=[0x00000001] Op2=[0x00000002] W[W, 5= 0x00000002] [_,0xfc521ae3]  381   B PC=(0x800004a4,0x800004a0,0x8000049c) [13, 99, 19], WB: DASM(00200293)
Cyc=       400 Op1=[0x00000000] Op2=[0x00000017] W[_,21= 0x00000003] [_,0x01700193]  382     PC=(0x80000474,0x800004a4,0x800004a0) [17, 51, 99], WB: DASM(fc521ae3)
Cyc=       401 Op1=[0x00002000] Op2=[0x80000474] W[_, 3= 0x00000017] [_,0x00002117]  383     PC=(0x80000478,0x80000474,0x800004a4) [13, 23, 51], WB: DASM(00004033)
Cyc=       402 Op1=[0x80002474] Op2=[0xfffffb8c] W[W, 2= 0x80002474] [_,0xb8c10113]  383     PC=(0x8000047c,0x80000478,0x80000474) [13, 19, 23], WB: DASM(00002117)
Cyc=       403 Op1=[0x00000000] Op2=[0x00000000] W[W, 2= 0x80002000] [_,0x00000013]  384     PC=(0x80000480,0x8000047c,0x80000478) [13, 19, 19], WB: DASM(b8c10113)
Cyc=       404 Op1=[0x00000000] Op2=[0x00000011] W[W, 0= 0x00000000] [_,0x01100093]  385     PC=(0x80000484,0x80000480,0x8000047c) [13, 19, 19], WB: DASM(00000013)
Cyc=       405 Op1=[0x00000000] Op2=[0x00000000] W[W, 1= 0x00000011] [_,0x00000013]  386     PC=(0x80000488,0x80000484,0x80000480) [23, 19, 19], WB: DASM(01100093)
Cyc=       406 Op1=[0x80002000] Op2=[0x00000004] W[W, 0= 0x00000000] [_,0x00110223]  387     PC=(0x8000048c,0x80000488,0x80000484) [03, 35, 19], WB: DASM(00000013)
Cyc=       407 Op1=[0x80002000] Op2=[0x00000004] W[_, 4= 0x80002004] [_,0x00410f03]  388     PC=(0x80000490,0x8000048c,0x80000488) [13,  3, 35], WB: DASM(00110223)
Cyc=       408 Op1=[0x00000000] Op2=[0x00000011] W[W,30= 0x00000011] [_,0x01100e93]  389     PC=(0x80000494,0x80000490,0x8000048c) [63, 19,  3], WB: DASM(00410f03)
Cyc=       409 Op1=[0x00000011] Op2=[0x00000011] W[W,29= 0x00000011] [_,0x05df1e63]  390     PC=(0x80000498,0x80000494,0x80000490) [13, 99, 19], WB: DASM(01100e93)
Cyc=       410 Op1=[0x00000001] Op2=[0x00000001] W[_,28= 0x00000022] [_,0x00120213]  391     PC=(0x8000049c,0x80000498,0x80000494) [13, 19, 99], WB: DASM(05df1e63)
Cyc=       411 Op1=[0x00000000] Op2=[0x00000002] W[W, 4= 0x00000002] [_,0x00200293]  392     PC=(0x800004a0,0x8000049c,0x80000498) [63, 19, 19], WB: DASM(00120213)
Cyc=       412 Op1=[0x00000002] Op2=[0x00000002] W[W, 5= 0x00000002] [_,0xfc521ae3]  393     PC=(0x800004a4,0x800004a0,0x8000049c) [13, 99, 19], WB: DASM(00200293)
Cyc=       413 Op1=[0x00000000] Op2=[0x00000017] W[_,21= 0x00000004] [_,0x01700193]  394     PC=(0x800004a8,0x800004a4,0x800004a0) [13, 19, 99], WB: DASM(fc521ae3)
Cyc=       414 Op1=[0x00000000] Op2=[0x00000000] W[W, 3= 0x00000017] [_,0x00000213]  395     PC=(0x800004ac,0x800004a8,0x800004a4) [17, 19, 19], WB: DASM(01700193)
Cyc=       415 Op1=[0x00002000] Op2=[0x800004ac] W[W, 4= 0x00000000] [_,0x00002117]  396     PC=(0x800004b0,0x800004ac,0x800004a8) [13, 23, 19], WB: DASM(00000213)
Cyc=       416 Op1=[0x800024ac] Op2=[0xfffffb54] W[W, 2= 0x800024ac] [_,0xb5410113]  397     PC=(0x800004b4,0x800004b0,0x800004ac) [13, 19, 23], WB: DASM(00002117)
Cyc=       417 Op1=[0x00000000] Op2=[0x00000000] W[W, 2= 0x80002000] [_,0x00000013]  398     PC=(0x800004b8,0x800004b4,0x800004b0) [13, 19, 19], WB: DASM(b5410113)
Cyc=       418 Op1=[0x00000000] Op2=[0x00000000] W[W, 0= 0x00000000] [_,0x00000013]  399     PC=(0x800004bc,0x800004b8,0x800004b4) [13, 19, 19], WB: DASM(00000013)
Cyc=       419 Op1=[0x00000000] Op2=[0x00000001] W[W, 0= 0x00000000] [_,0x00100093]  400     PC=(0x800004c0,0x800004bc,0x800004b8) [23, 19, 19], WB: DASM(00000013)
Cyc=       420 Op1=[0x80002000] Op2=[0x00000005] W[W, 1= 0x00000001] [_,0x001102a3]  401     PC=(0x800004c4,0x800004c0,0x800004bc) [03, 35, 19], WB: DASM(00100093)
Cyc=       421 Op1=[0x80002000] Op2=[0x00000005] W[_, 5= 0x80002005] [_,0x00510f03]  402     PC=(0x800004c8,0x800004c4,0x800004c0) [13,  3, 35], WB: DASM(001102a3)
Cyc=       422 Op1=[0x00000000] Op2=[0x00000001] W[W,30= 0x00000001] [_,0x00100e93]  403     PC=(0x800004cc,0x800004c8,0x800004c4) [63, 19,  3], WB: DASM(00510f03)
Cyc=       423 Op1=[0x00000001] Op2=[0x00000001] W[W,29= 0x00000001] [_,0x03df1263]  404     PC=(0x800004d0,0x800004cc,0x800004c8) [13, 99, 19], WB: DASM(00100e93)
Cyc=       424 Op1=[0x00000000] Op2=[0x00000001] W[_, 4= 0x00000002] [_,0x00120213]  405     PC=(0x800004d4,0x800004d0,0x800004cc) [13, 19, 99], WB: DASM(03df1263)
Cyc=       425 Op1=[0x00000000] Op2=[0x00000002] W[W, 4= 0x00000001] [_,0x00200293]  406     PC=(0x800004d8,0x800004d4,0x800004d0) [63, 19, 19], WB: DASM(00120213)
Cyc=       426 Op1=[0x00000001] Op2=[0x00000002] W[W, 5= 0x00000002] [_,0xfc521ae3]  407   B PC=(0x800004dc,0x800004d8,0x800004d4) [13, 99, 19], WB: DASM(00200293)
Cyc=       427 Op1=[0x00000000] Op2=[0x000000ef] W[_,21= 0x00000003] [_,0x0ef00513]  408     PC=(0x800004ac,0x800004dc,0x800004d8) [17, 51, 99], WB: DASM(fc521ae3)
Cyc=       428 Op1=[0x00002000] Op2=[0x800004ac] W[_,10= 0x000000ef] [_,0x00002117]  409     PC=(0x800004b0,0x800004ac,0x800004dc) [13, 23, 51], WB: DASM(00004033)
Cyc=       429 Op1=[0x800024ac] Op2=[0xfffffb54] W[W, 2= 0x800024ac] [_,0xb5410113]  409     PC=(0x800004b4,0x800004b0,0x800004ac) [13, 19, 23], WB: DASM(00002117)
Cyc=       430 Op1=[0x00000000] Op2=[0x00000000] W[W, 2= 0x80002000] [_,0x00000013]  410     PC=(0x800004b8,0x800004b4,0x800004b0) [13, 19, 19], WB: DASM(b5410113)
Cyc=       431 Op1=[0x00000000] Op2=[0x00000000] W[W, 0= 0x00000000] [_,0x00000013]  411     PC=(0x800004bc,0x800004b8,0x800004b4) [13, 19, 19], WB: DASM(00000013)
Cyc=       432 Op1=[0x00000000] Op2=[0x00000001] W[W, 0= 0x00000000] [_,0x00100093]  412     PC=(0x800004c0,0x800004bc,0x800004b8) [23, 19, 19], WB: DASM(00000013)
Cyc=       433 Op1=[0x80002000] Op2=[0x00000005] W[W, 1= 0x00000001] [_,0x001102a3]  413     PC=(0x800004c4,0x800004c0,0x800004bc) [03, 35, 19], WB: DASM(00100093)
Cyc=       434 Op1=[0x80002000] Op2=[0x00000005] W[_, 5= 0x80002005] [_,0x00510f03]  414     PC=(0x800004c8,0x800004c4,0x800004c0) [13,  3, 35], WB: DASM(001102a3)
Cyc=       435 Op1=[0x00000000] Op2=[0x00000001] W[W,30= 0x00000001] [_,0x00100e93]  415     PC=(0x800004cc,0x800004c8,0x800004c4) [63, 19,  3], WB: DASM(00510f03)
Cyc=       436 Op1=[0x00000001] Op2=[0x00000001] W[W,29= 0x00000001] [_,0x03df1263]  416     PC=(0x800004d0,0x800004cc,0x800004c8) [13, 99, 19], WB: DASM(00100e93)
Cyc=       437 Op1=[0x00000001] Op2=[0x00000001] W[_, 4= 0x00000002] [_,0x00120213]  417     PC=(0x800004d4,0x800004d0,0x800004cc) [13, 19, 99], WB: DASM(03df1263)
Cyc=       438 Op1=[0x00000000] Op2=[0x00000002] W[W, 4= 0x00000002] [_,0x00200293]  418     PC=(0x800004d8,0x800004d4,0x800004d0) [63, 19, 19], WB: DASM(00120213)
Cyc=       439 Op1=[0x00000002] Op2=[0x00000002] W[W, 5= 0x00000002] [_,0xfc521ae3]  419     PC=(0x800004dc,0x800004d8,0x800004d4) [13, 99, 19], WB: DASM(00200293)
Cyc=       440 Op1=[0x00000000] Op2=[0x000000ef] W[_,21= 0x00000004] [_,0x0ef00513]  420     PC=(0x800004e0,0x800004dc,0x800004d8) [17, 19, 99], WB: DASM(fc521ae3)
Cyc=       441 Op1=[0x00002000] Op2=[0x800004e0] W[W,10= 0x000000ef] [_,0x00002597]  421     PC=(0x800004e4,0x800004e0,0x800004dc) [13, 23, 19], WB: DASM(0ef00513)
Cyc=       442 Op1=[0x800024e0] Op2=[0xfffffb20] W[W,11= 0x800024e0] [_,0xb2058593]  422     PC=(0x800004e8,0x800004e4,0x800004e0) [23, 19, 23], WB: DASM(00002597)
Cyc=       443 Op1=[0x80002000] Op2=[0x00000003] W[W,11= 0x80002000] [_,0x00a581a3]  423     PC=(0x800004ec,0x800004e8,0x800004e4) [63, 35, 19], WB: DASM(b2058593)
Cyc=       444 Op1=[0x00000000] Op2=[0x00000017] W[_, 3= 0x80002003] [_,0x00301c63]  424   B PC=(0x800004f0,0x800004ec,0x800004e8) [0f, 99, 35], WB: DASM(00a581a3)
Cyc=       445 Op1=[0x00000000] Op2=[0x00000000] W[_,24= 0x00000017] [_,0x0ff0000f]  425     PC=(0x80000504,0x800004f0,0x800004ec) [0f, 51, 99], WB: DASM(00301c63)
Cyc=       446 Op1=[0x00000000] Op2=[0x00000000] W[_, 0= 0x00000000] [_,0x0ff0000f]  426     PC=(0x80000508,0x80000504,0x800004f0) [13, 15, 51], WB: DASM(00004033)
Cyc=       447 Op1=[0x00000000] Op2=[0x00000001] W[_, 0= 0x00000000] [_,0x00100193]  426     PC=(0x8000050c,0x80000508,0x80000504) [73, 19, 15], WB: DASM(0ff0000f)
Cyc=       448 Op1=[0x00000000] Op2=[0x00000000] W[W, 3= 0x00000001] [_,0x00000073]  427     PC=(0x80000510,0x8000050c,0x80000508) [73,115, 19], WB: DASM(00100193)
Cyc=       449 Op1=[0x00000000] Op2=[0x00000000] W[_, 0= 0x00000000] [_,0xc0001073]  428   X PC=(0x80000514,0x80000510,0x8000050c) [00,115,115], WB: DASM(00000073)
Cyc=       450 Op1=[0x00000000] Op2=[0x00000000] W[_, 0= 0x00000000] [_,0x00000000]  429     PC=(0x80000004,0x80000514,0x80000510) [73, 51, 51], WB: DASM(00004033)
Cyc=       451 Op1=[0x00000000] Op2=[0x80002000] W[_, 0= 0x00000000] [_,0x34202f73]  430     PC=(0x80000008,0x80000004,0x80000514) [13,115, 51], WB: DASM(00004033)
Cyc=       452 Op1=[0x00000000] Op2=[0x00000008] W[W,30= 0x0000000b] [_,0x00800f93]  430     PC=(0x8000000c,0x80000008,0x80000004) [63, 19,115], WB: DASM(34202f73)
Cyc=       453 Op1=[0x0000000b] Op2=[0x00000008] W[W,31= 0x00000008] [_,0x03ff0a63]  431     PC=(0x80000010,0x8000000c,0x80000008) [13, 99, 19], WB: DASM(00800f93)
Cyc=       454 Op1=[0x00000000] Op2=[0x00000009] W[_,20= 0x00000013] [_,0x00900f93]  432     PC=(0x80000014,0x80000010,0x8000000c) [63, 19, 99], WB: DASM(03ff0a63)
Cyc=       455 Op1=[0x0000000b] Op2=[0x00000009] W[W,31= 0x00000009] [_,0x03ff0663]  433     PC=(0x80000018,0x80000014,0x80000010) [13, 99, 19], WB: DASM(00900f93)
Cyc=       456 Op1=[0x00000000] Op2=[0x0000000b] W[_,12= 0x00000014] [_,0x00b00f93]  434     PC=(0x8000001c,0x80000018,0x80000014) [63, 19, 99], WB: DASM(03ff0663)
Cyc=       457 Op1=[0x0000000b] Op2=[0x0000000b] W[W,31= 0x0000000b] [_,0x03ff0263]  435   B PC=(0x80000020,0x8000001c,0x80000018) [17, 99, 19], WB: DASM(00b00f93)
Cyc=       458 Op1=[0x80000000] Op2=[0x80000020] W[_, 4= 0x00000016] [_,0x80000f17]  436     PC=(0x80000040,0x80000020,0x8000001c) [17, 51, 99], WB: DASM(03ff0263)
Cyc=       459 Op1=[0x00001000] Op2=[0x80000040] W[_,30= 0x00000020] [_,0x00001f17]  437     PC=(0x80000044,0x80000040,0x80000020) [23, 23, 51], WB: DASM(00004033)
Cyc=       460 Op1=[0x80001040] Op2=[0xffffffc0] W[W,30= 0x80001040] [_,0xfc3f2023]  437     PC=(0x80000048,0x80000044,0x80000040) [6f, 35, 23], WB: DASM(00001f17)
Cyc=       461 Op1=[0x0000000b] Op2=[0x00000000] W[_, 0= 0x80001000] [_,0xff9ff06f]  438   J PC=(0x8000004c,0x80000048,0x80000044) [73,111, 35], WB: DASM(fc3f2023)
Cyc=       462 Op1=[0x00000000] Op2=[0x00000000] W[W, 0= 0x8000004c] [_,0xf1402573]  439     PC=(0x80000040,0x8000004c,0x80000048) [17, 51,111], WB: DASM(ff9ff06f)
Cyc=       463 Op1=[0x00001000] Op2=[0x80000040] W[_,10= 0x00000000] [_,0x00001f17]  440     PC=(0x80000044,0x80000040,0x8000004c) [23, 23, 51], WB: DASM(00004033)
Cyc=       464 Op1=[0x80001040] Op2=[0xffffffc0] W[W,30= 0x80001040] [_,0xfc3f2023]  440     PC=(0x80000048,0x80000044,0x80000040) [6f, 35, 23], WB: DASM(00001f17)
Cyc=       465 Op1=[0x0000000b] Op2=[0x00000000] W[_, 0= 0x80001000] [_,0xff9ff06f]  441   J PC=(0x8000004c,0x80000048,0x80000044) [73,111, 35], WB: DASM(fc3f2023)
Cyc=       466 Op1=[0x00000000] Op2=[0x00000000] W[W, 0= 0x8000004c] [_,0xf1402573]  442     PC=(0x80000040,0x8000004c,0x80000048) [17, 51,111], WB: DASM(ff9ff06f)
Cyc=       467 Op1=[0x00001000] Op2=[0x80000040] W[_,10= 0x00000000] [_,0x00001f17]  443     PC=(0x80000044,0x80000040,0x8000004c) [23, 23, 51], WB: DASM(00004033)
Cyc=       468 Op1=[0x80001040] Op2=[0xffffffc0] W[W,30= 0x80001040] [_,0xfc3f2023]  443     PC=(0x80000048,0x80000044,0x80000040) [6f, 35, 23], WB: DASM(00001f17)
Cyc=       469 Op1=[0x0000000b] Op2=[0x00000000] W[_, 0= 0x80001000] [_,0xff9ff06f]  444   J PC=(0x8000004c,0x80000048,0x80000044) [73,111, 35], WB: DASM(fc3f2023)
Cyc=       470 Op1=[0x00000000] Op2=[0x00000000] W[W, 0= 0x8000004c] [_,0xf1402573]  445     PC=(0x80000040,0x8000004c,0x80000048) [17, 51,111], WB: DASM(ff9ff06f)
Cyc=       471 Op1=[0x00001000] Op2=[0x80000040] W[_,10= 0x00000000] [_,0x00001f17]  446     PC=(0x80000044,0x80000040,0x8000004c) [23, 23, 51], WB: DASM(00004033)
Cyc=       472 Op1=[0x80001040] Op2=[0xffffffc0] W[W,30= 0x80001040] [_,0xfc3f2023]  446     PC=(0x80000048,0x80000044,0x80000040) [6f, 35, 23], WB: DASM(00001f17)
Cyc=       473 Op1=[0x0000000b] Op2=[0x00000000] W[_, 0= 0x80001000] [_,0xff9ff06f]  447   J PC=(0x8000004c,0x80000048,0x80000044) [73,111, 35], WB: DASM(fc3f2023)
Cyc=       474 Op1=[0x00000000] Op2=[0x00000000] W[W, 0= 0x8000004c] [_,0xf1402573]  448     PC=(0x80000040,0x8000004c,0x80000048) [17, 51,111], WB: DASM(ff9ff06f)
Cyc=       475 Op1=[0x00001000] Op2=[0x80000040] W[_,10= 0x00000000] [_,0x00001f17]  449     PC=(0x80000044,0x80000040,0x8000004c) [23, 23, 51], WB: DASM(00004033)
Cyc=       476 Op1=[0x80001040] Op2=[0xffffffc0] W[W,30= 0x80001040] [_,0xfc3f2023]  449     PC=(0x80000048,0x80000044,0x80000040) [6f, 35, 23], WB: DASM(00001f17)
Cyc=       477 Op1=[0x0000000b] Op2=[0x00000000] W[_, 0= 0x80001000] [_,0xff9ff06f]  450   J PC=(0x8000004c,0x80000048,0x80000044) [73,111, 35], WB: DASM(fc3f2023)
Cyc=       478 Op1=[0x00000000] Op2=[0x00000000] W[W, 0= 0x8000004c] [_,0xf1402573]  451     PC=(0x80000040,0x8000004c,0x80000048) [17, 51,111], WB: DASM(ff9ff06f)
Cyc=       479 Op1=[0x00001000] Op2=[0x80000040] W[_,10= 0x00000000] [_,0x00001f17]  452     PC=(0x80000044,0x80000040,0x8000004c) [23, 23, 51], WB: DASM(00004033)
Cyc=       480 Op1=[0x80001040] Op2=[0xffffffc0] W[W,30= 0x80001040] [_,0xfc3f2023]  452     PC=(0x80000048,0x80000044,0x80000040) [6f, 35, 23], WB: DASM(00001f17)
Cyc=       481 Op1=[0x0000000b] Op2=[0x00000000] W[_, 0= 0x80001000] [_,0xff9ff06f]  453   J PC=(0x8000004c,0x80000048,0x80000044) [73,111, 35], WB: DASM(fc3f2023)
Cyc=       482 Op1=[0x00000000] Op2=[0x00000000] W[W, 0= 0x8000004c] [_,0xf1402573]  454     PC=(0x80000040,0x8000004c,0x80000048) [17, 51,111], WB: DASM(ff9ff06f)
Cyc=       483 Op1=[0x00001000] Op2=[0x80000040] W[_,10= 0x00000000] [_,0x00001f17]  455     PC=(0x80000044,0x80000040,0x8000004c) [23, 23, 51], WB: DASM(00004033)
Cyc=       484 Op1=[0x80001040] Op2=[0xffffffc0] W[W,30= 0x80001040] [_,0xfc3f2023]  455     PC=(0x80000048,0x80000044,0x80000040) [6f, 35, 23], WB: DASM(00001f17)
Cyc=       485 Op1=[0x0000000b] Op2=[0x00000000] W[_, 0= 0x80001000] [_,0xff9ff06f]  456   J PC=(0x8000004c,0x80000048,0x80000044) [73,111, 35], WB: DASM(fc3f2023)
Cyc=       486 Op1=[0x00000000] Op2=[0x00000000] W[W, 0= 0x8000004c] [_,0xf1402573]  457     PC=(0x80000040,0x8000004c,0x80000048) [17, 51,111], WB: DASM(ff9ff06f)
Cyc=       487 Op1=[0x00001000] Op2=[0x80000040] W[_,10= 0x00000000] [_,0x00001f17]  458     PC=(0x80000044,0x80000040,0x8000004c) [23, 23, 51], WB: DASM(00004033)
Cyc=       488 Op1=[0x80001040] Op2=[0xffffffc0] W[W,30= 0x80001040] [_,0xfc3f2023]  458     PC=(0x80000048,0x80000044,0x80000040) [6f, 35, 23], WB: DASM(00001f17)
Cyc=       489 Op1=[0x0000000b] Op2=[0x00000000] W[_, 0= 0x80001000] [_,0xff9ff06f]  459   J PC=(0x8000004c,0x80000048,0x80000044) [73,111, 35], WB: DASM(fc3f2023)
Cyc=       490 Op1=[0x00000000] Op2=[0x00000000] W[W, 0= 0x8000004c] [_,0xf1402573]  460     PC=(0x80000040,0x8000004c,0x80000048) [17, 51,111], WB: DASM(ff9ff06f)
Cyc=       491 Op1=[0x00001000] Op2=[0x80000040] W[_,10= 0x00000000] [_,0x00001f17]  461     PC=(0x80000044,0x80000040,0x8000004c) [23, 23, 51], WB: DASM(00004033)
Cyc=       492 Op1=[0x80001040] Op2=[0xffffffc0] W[W,30= 0x80001040] [_,0xfc3f2023]  461     PC=(0x80000048,0x80000044,0x80000040) [6f, 35, 23], WB: DASM(00001f17)
Cyc=       493 Op1=[0x0000000b] Op2=[0x00000000] W[_, 0= 0x80001000] [_,0xff9ff06f]  462   J PC=(0x8000004c,0x80000048,0x80000044) [73,111, 35], WB: DASM(fc3f2023)
Cyc=       494 Op1=[0x00000000] Op2=[0x00000000] W[W, 0= 0x8000004c] [_,0xf1402573]  463     PC=(0x80000040,0x8000004c,0x80000048) [17, 51,111], WB: DASM(ff9ff06f)
Cyc=       495 Op1=[0x00001000] Op2=[0x80000040] W[_,10= 0x00000000] [_,0x00001f17]  464     PC=(0x80000044,0x80000040,0x8000004c) [23, 23, 51], WB: DASM(00004033)
Cyc=       496 Op1=[0x80001040] Op2=[0xffffffc0] W[W,30= 0x80001040] [_,0xfc3f2023]  464     PC=(0x80000048,0x80000044,0x80000040) [6f, 35, 23], WB: DASM(00001f17)
Cyc=       497 Op1=[0x0000000b] Op2=[0x00000000] W[_, 0= 0x80001000] [_,0xff9ff06f]  465   J PC=(0x8000004c,0x80000048,0x80000044) [73,111, 35], WB: DASM(fc3f2023)
*** PASSED ***
