Instantiated DTM.
Cyc=         0 Op1=[0x00000000] Op2=[0x00000000] W[_, 0= 0x7ffffffc] [_,0x04c0006f]    0   J PC=(0x7ffffffc,0x7ffffffc,0x7ffffffc) [6f, 51, 51], WB: DASM(00004033)
Cyc=         1 Op1=[0x00000000] Op2=[0x00000000] W[_, 0= 0x7ffffffc] [_,0x04c0006f]    0   J PC=(0x80000000,0x7ffffffc,0x7ffffffc) [6f, 51, 51], WB: DASM(00004033)
Cyc=         2 Op1=[0x00000000] Op2=[0x00000000] W[_, 0= 0x80000000] [_,0x04c0006f]    0   J PC=(0x80000004,0x80000000,0x7ffffffc) [73,111, 51], WB: DASM(00004033)
Cyc=         3 Op1=[0x00000000] Op2=[0x00000000] W[W, 0= 0x80000004] [_,0x34202f73]    0     PC=(0x8000004c,0x80000004,0x80000000) [73, 51,111], WB: DASM(04c0006f)
Cyc=         4 Op1=[0x00000000] Op2=[0x00000000] W[_,30= 0x00000000] [_,0xf1402573]    1     PC=(0x80000050,0x8000004c,0x80000004) [63,115, 51], WB: DASM(00004033)
Cyc=         5 Op1=[0x00000000] Op2=[0x00000000] W[W,10= 0x00000000] [_,0x00051063]    1 H   PC=(0x80000054,0x80000050,0x8000004c) [17, 99,115], WB: DASM(f1402573)
Cyc=         6 Op1=[0x00000000] Op2=[0x00000000] W[_, 0= 0x00000000] [_,0x00051063]    2     PC=(0x80000054,0x80000050,0x00000000) [17, 99, 51], WB: DASM(00004033)
Cyc=         7 Op1=[0x00000000] Op2=[0x80000054] W[_, 0= 0x00000000] [_,0x00000297]    2     PC=(0x80000058,0x80000054,0x80000050) [13, 23, 99], WB: DASM(00051063)
Cyc=         8 Op1=[0x80000054] Op2=[0x00000010] W[W, 5= 0x80000054] [_,0x01028293]    3     PC=(0x8000005c,0x80000058,0x80000054) [73, 19, 23], WB: DASM(00000297)
Cyc=         9 Op1=[0x80000064] Op2=[0x80000064] W[W, 5= 0x80000064] [_,0x30529073]    4     PC=(0x80000060,0x8000005c,0x80000058) [73,115, 19], WB: DASM(01028293)
Cyc=        10 Op1=[0x00000000] Op2=[0x00000000] W[W, 0= 0x00000100] [_,0x18005073]    5     PC=(0x80000064,0x80000060,0x8000005c) [17,115,115], WB: DASM(30529073)
Cyc=        11 Op1=[0x00000000] Op2=[0x80000064] W[W, 0= 0x00000000] [_,0x00000297]    6     PC=(0x80000068,0x80000064,0x80000060) [13, 23,115], WB: DASM(18005073)
Cyc=        12 Op1=[0x80000064] Op2=[0x0000001c] W[W, 5= 0x80000064] [_,0x01c28293]    7     PC=(0x8000006c,0x80000068,0x80000064) [73, 19, 23], WB: DASM(00000297)
Cyc=        13 Op1=[0x80000080] Op2=[0x80000080] W[W, 5= 0x80000080] [_,0x30529073]    8     PC=(0x80000070,0x8000006c,0x80000068) [13,115, 19], WB: DASM(01c28293)
Cyc=        14 Op1=[0x00000000] Op2=[0xffffffff] W[W, 0= 0x00000100] [_,0xfff00293]    9     PC=(0x80000074,0x80000070,0x8000006c) [73, 19,115], WB: DASM(30529073)
Cyc=        15 Op1=[0xffffffff] Op2=[0x00000000] W[W, 5= 0xffffffff] [_,0x3b029073]   10     PC=(0x80000078,0x80000074,0x80000070) [13,115, 19], WB: DASM(fff00293)
Cyc=        16 Op1=[0x00000000] Op2=[0x0000001f] W[W, 0= 0x00000000] [_,0x01f00293]   11     PC=(0x8000007c,0x80000078,0x80000074) [73, 19,115], WB: DASM(3b029073)
Cyc=        17 Op1=[0x0000001f] Op2=[0x00000000] W[W, 5= 0x0000001f] [_,0x3a029073]   12     PC=(0x80000080,0x8000007c,0x80000078) [17,115, 19], WB: DASM(01f00293)
Cyc=        18 Op1=[0x00000000] Op2=[0x80000080] W[W, 0= 0x00000000] [_,0x00000297]   13     PC=(0x80000084,0x80000080,0x8000007c) [13, 23,115], WB: DASM(3a029073)
Cyc=        19 Op1=[0x80000080] Op2=[0x00000018] W[W, 5= 0x80000080] [_,0x01828293]   14     PC=(0x80000088,0x80000084,0x80000080) [73, 19, 23], WB: DASM(00000297)
Cyc=        20 Op1=[0x80000098] Op2=[0x80000098] W[W, 5= 0x80000098] [_,0x30529073]   15     PC=(0x8000008c,0x80000088,0x80000084) [73,115, 19], WB: DASM(01828293)
Cyc=        21 Op1=[0x00000000] Op2=[0x00000000] W[W, 0= 0x00000100] [_,0x30205073]   16     PC=(0x80000090,0x8000008c,0x80000088) [73,115,115], WB: DASM(30529073)
Cyc=        22 Op1=[0x00000000] Op2=[0x00000000] W[W, 0= 0x00000000] [_,0x30305073]   17     PC=(0x80000094,0x80000090,0x8000008c) [73,115,115], WB: DASM(30205073)
Cyc=        23 Op1=[0x00000000] Op2=[0x00000000] W[W, 0= 0x00000000] [_,0x30405073]   18     PC=(0x80000098,0x80000094,0x80000090) [13,115,115], WB: DASM(30305073)
Cyc=        24 Op1=[0x00000000] Op2=[0x00000000] W[W, 0= 0x00000000] [_,0x00000193]   19     PC=(0x8000009c,0x80000098,0x80000094) [17, 19,115], WB: DASM(30405073)
Cyc=        25 Op1=[0x00000000] Op2=[0x8000009c] W[W, 3= 0x00000000] [_,0x00000297]   20     PC=(0x800000a0,0x8000009c,0x80000098) [13, 23, 19], WB: DASM(00000193)
Cyc=        26 Op1=[0x8000009c] Op2=[0xffffff68] W[W, 5= 0x8000009c] [_,0xf6828293]   21     PC=(0x800000a4,0x800000a0,0x8000009c) [73, 19, 23], WB: DASM(00000297)
Cyc=        27 Op1=[0x80000004] Op2=[0x80000004] W[W, 5= 0x80000004] [_,0x30529073]   22     PC=(0x800000a8,0x800000a4,0x800000a0) [13,115, 19], WB: DASM(f6828293)
Cyc=        28 Op1=[0x00000000] Op2=[0x00000001] W[W, 0= 0x00000100] [_,0x00100513]   23     PC=(0x800000ac,0x800000a8,0x800000a4) [13, 19,115], WB: DASM(30529073)
Cyc=        29 Op1=[0x00000001] Op2=[0x0000001f] W[W,10= 0x00000001] [_,0x01f51513]   24     PC=(0x800000b0,0x800000ac,0x800000a8) [63, 19, 19], WB: DASM(00100513)
Cyc=        30 Op1=[0x80000000] Op2=[0x00000000] W[W,10= 0x80000000] [_,0x00054863]   25   B PC=(0x800000b4,0x800000b0,0x800000ac) [0f, 99, 19], WB: DASM(01f51513)
Cyc=        31 Op1=[0x00000000] Op2=[0x00000000] W[_,16= 0x80000000] [_,0x0ff0000f]   26     PC=(0x800000c0,0x800000b4,0x800000b0) [17, 51, 99], WB: DASM(00054863)
Cyc=        32 Op1=[0x80000000] Op2=[0x800000c0] W[_, 0= 0x00000000] [_,0x80000297]   27     PC=(0x800000c4,0x800000c0,0x800000b4) [13, 23, 51], WB: DASM(00004033)
Cyc=        33 Op1=[0x000000c0] Op2=[0xffffff40] W[W, 5= 0x000000c0] [_,0xf4028293]   27     PC=(0x800000c8,0x800000c4,0x800000c0) [63, 19, 23], WB: DASM(80000297)
Cyc=        34 Op1=[0x00000000] Op2=[0x00000000] W[W, 5= 0x00000000] [_,0x00028e63]   28   B PC=(0x800000cc,0x800000c8,0x800000c4) [73, 99, 19], WB: DASM(f4028293)
Cyc=        35 Op1=[0x00000000] Op2=[0x00000000] W[_,28= 0x00000000] [_,0x10529073]   29     PC=(0x800000e4,0x800000cc,0x800000c8) [73, 51, 99], WB: DASM(00028e63)
Cyc=        36 Op1=[0x00000000] Op2=[0x00000000] W[_, 0= 0x00000000] [_,0x30005073]   30     PC=(0x800000e8,0x800000e4,0x800000cc) [17,115, 51], WB: DASM(00004033)
Cyc=        37 Op1=[0x00000000] Op2=[0x800000e8] W[W, 0= 0x00001800] [_,0x00000297]   30     PC=(0x800000ec,0x800000e8,0x800000e4) [13, 23,115], WB: DASM(30005073)
Cyc=        38 Op1=[0x800000e8] Op2=[0x00000014] W[W, 5= 0x800000e8] [_,0x01428293]   31     PC=(0x800000f0,0x800000ec,0x800000e8) [73, 19, 23], WB: DASM(00000297)
Cyc=        39 Op1=[0x800000fc] Op2=[0x00000000] W[W, 5= 0x800000fc] [_,0x34129073]   32     PC=(0x800000f4,0x800000f0,0x800000ec) [73,115, 19], WB: DASM(01428293)
Cyc=        40 Op1=[0x00000000] Op2=[0x00000000] W[W, 0= 0x00000000] [_,0xf1402573]   33     PC=(0x800000f8,0x800000f4,0x800000f0) [73,115,115], WB: DASM(34129073)
Cyc=        41 Op1=[0x00000000] Op2=[0x00000000] W[W,10= 0x00000000] [_,0x30200073]   34     PC=(0x800000fc,0x800000f8,0x800000f4) [37,115,115], WB: DASM(f1402573)
Cyc=        42 Op1=[0xff010000] Op2=[0x00000000] W[_, 0= 0x00000000] [_,0xff0100b7]   35   X PC=(0x80000100,0x800000fc,0x800000f8) [13, 55,115], WB: DASM(30200073)
Cyc=        43 Op1=[0x00000000] Op2=[0xffffff00] W[_, 1= 0xff010000] [_,0xf0008093]   36     PC=(0x800000fc,0x80000100,0x800000fc) [37, 51, 51], WB: DASM(00004033)
Cyc=        44 Op1=[0xff010000] Op2=[0x00000000] W[_, 1= 0xffffff00] [_,0xff0100b7]   37     PC=(0x80000100,0x800000fc,0x80000100) [13, 55, 51], WB: DASM(00004033)
Cyc=        45 Op1=[0xff010000] Op2=[0xffffff00] W[W, 1= 0xff010000] [_,0xf0008093]   37     PC=(0x80000104,0x80000100,0x800000fc) [37, 19, 55], WB: DASM(ff0100b7)
Cyc=        46 Op1=[0x0f0f1000] Op2=[0x00000000] W[W, 1= 0xff00ff00] [_,0x0f0f1137]   38     PC=(0x80000108,0x80000104,0x80000100) [13, 55, 19], WB: DASM(f0008093)
Cyc=        47 Op1=[0x0f0f1000] Op2=[0xffffff0f] W[W, 2= 0x0f0f1000] [_,0xf0f10113]   39     PC=(0x8000010c,0x80000108,0x80000104) [33, 19, 55], WB: DASM(0f0f1137)
Cyc=        48 Op1=[0xff00ff00] Op2=[0x0f0f0f0f] W[W, 2= 0x0f0f0f0f] [_,0x0020ff33]   40     PC=(0x80000110,0x8000010c,0x80000108) [37, 51, 19], WB: DASM(f0f10113)
Cyc=        49 Op1=[0x0f001000] Op2=[0x00000000] W[W,30= 0x0f000f00] [_,0x0f001eb7]   41     PC=(0x80000114,0x80000110,0x8000010c) [13, 55, 51], WB: DASM(0020ff33)
Cyc=        50 Op1=[0x0f001000] Op2=[0xffffff00] W[W,29= 0x0f001000] [_,0xf00e8e93]   42     PC=(0x80000118,0x80000114,0x80000110) [13, 19, 55], WB: DASM(0f001eb7)
Cyc=        51 Op1=[0x00000000] Op2=[0x00000002] W[W,29= 0x0f000f00] [_,0x00200193]   43     PC=(0x8000011c,0x80000118,0x80000114) [63, 19, 19], WB: DASM(f00e8e93)
Cyc=        52 Op1=[0x0f000f00] Op2=[0x0f000f00] W[W, 3= 0x00000002] [_,0x49df1c63]   44     PC=(0x80000120,0x8000011c,0x80000118) [37, 99, 19], WB: DASM(00200193)
Cyc=        53 Op1=[0x0ff01000] Op2=[0x00000000] W[_,24= 0x1e001e00] [_,0x0ff010b7]   45     PC=(0x80000124,0x80000120,0x8000011c) [13, 55, 99], WB: DASM(49df1c63)
Cyc=        54 Op1=[0x0ff01000] Op2=[0xfffffff0] W[W, 1= 0x0ff01000] [_,0xff008093]   46     PC=(0x80000128,0x80000124,0x80000120) [37, 19, 55], WB: DASM(0ff010b7)
Cyc=        55 Op1=[0xf0f0f000] Op2=[0x00000000] W[W, 1= 0x0ff00ff0] [_,0xf0f0f137]   47     PC=(0x8000012c,0x80000128,0x80000124) [13, 55, 19], WB: DASM(ff008093)
Cyc=        56 Op1=[0xf0f0f000] Op2=[0x000000f0] W[W, 2= 0xf0f0f000] [_,0x0f010113]   48     PC=(0x80000130,0x8000012c,0x80000128) [33, 19, 55], WB: DASM(f0f0f137)
Cyc=        57 Op1=[0x0ff00ff0] Op2=[0xf0f0f0f0] W[W, 2= 0xf0f0f0f0] [_,0x0020ff33]   49     PC=(0x80000134,0x80000130,0x8000012c) [37, 51, 19], WB: DASM(0f010113)
Cyc=        58 Op1=[0x00f00000] Op2=[0x00000000] W[W,30= 0x00f000f0] [_,0x00f00eb7]   50     PC=(0x80000138,0x80000134,0x80000130) [13, 55, 51], WB: DASM(0020ff33)
Cyc=        59 Op1=[0x00f00000] Op2=[0x000000f0] W[W,29= 0x00f00000] [_,0x0f0e8e93]   51     PC=(0x8000013c,0x80000138,0x80000134) [13, 19, 55], WB: DASM(00f00eb7)
Cyc=        60 Op1=[0x00000000] Op2=[0x00000003] W[W,29= 0x00f000f0] [_,0x00300193]   52     PC=(0x80000140,0x8000013c,0x80000138) [63, 19, 19], WB: DASM(0f0e8e93)
Cyc=        61 Op1=[0x00f000f0] Op2=[0x00f000f0] W[W, 3= 0x00000003] [_,0x47df1a63]   53     PC=(0x80000144,0x80000140,0x8000013c) [37, 99, 19], WB: DASM(00300193)
Cyc=        62 Op1=[0x00ff0000] Op2=[0x00000000] W[_,20= 0x01e001e0] [_,0x00ff00b7]   54     PC=(0x80000148,0x80000144,0x80000140) [13, 55, 99], WB: DASM(47df1a63)
Cyc=        63 Op1=[0x00ff0000] Op2=[0x000000ff] W[W, 1= 0x00ff0000] [_,0x0ff08093]   55     PC=(0x8000014c,0x80000148,0x80000144) [37, 19, 55], WB: DASM(00ff00b7)
Cyc=        64 Op1=[0x0f0f1000] Op2=[0x00000000] W[W, 1= 0x00ff00ff] [_,0x0f0f1137]   56     PC=(0x80000150,0x8000014c,0x80000148) [13, 55, 19], WB: DASM(0ff08093)
Cyc=        65 Op1=[0x0f0f1000] Op2=[0xffffff0f] W[W, 2= 0x0f0f1000] [_,0xf0f10113]   57     PC=(0x80000154,0x80000150,0x8000014c) [33, 19, 55], WB: DASM(0f0f1137)
Cyc=        66 Op1=[0x00ff00ff] Op2=[0x0f0f0f0f] W[W, 2= 0x0f0f0f0f] [_,0x0020ff33]   58     PC=(0x80000158,0x80000154,0x80000150) [37, 51, 19], WB: DASM(f0f10113)
Cyc=        67 Op1=[0x000f0000] Op2=[0x00000000] W[W,30= 0x000f000f] [_,0x000f0eb7]   59     PC=(0x8000015c,0x80000158,0x80000154) [13, 55, 51], WB: DASM(0020ff33)
Cyc=        68 Op1=[0x000f0000] Op2=[0x0000000f] W[W,29= 0x000f0000] [_,0x00fe8e93]   60     PC=(0x80000160,0x8000015c,0x80000158) [13, 19, 55], WB: DASM(000f0eb7)
Cyc=        69 Op1=[0x00000000] Op2=[0x00000004] W[W,29= 0x000f000f] [_,0x00400193]   61     PC=(0x80000164,0x80000160,0x8000015c) [63, 19, 19], WB: DASM(00fe8e93)
Cyc=        70 Op1=[0x000f000f] Op2=[0x000f000f] W[W, 3= 0x00000004] [_,0x45df1863]   62     PC=(0x80000168,0x80000164,0x80000160) [37, 99, 19], WB: DASM(00400193)
Cyc=        71 Op1=[0xf00ff000] Op2=[0x00000000] W[_,16= 0x001e001e] [_,0xf00ff0b7]   63     PC=(0x8000016c,0x80000168,0x80000164) [13, 55, 99], WB: DASM(45df1863)
Cyc=        72 Op1=[0xf00ff000] Op2=[0x0000000f] W[W, 1= 0xf00ff000] [_,0x00f08093]   64     PC=(0x80000170,0x8000016c,0x80000168) [37, 19, 55], WB: DASM(f00ff0b7)
Cyc=        73 Op1=[0xf0f0f000] Op2=[0x00000000] W[W, 1= 0xf00ff00f] [_,0xf0f0f137]   65     PC=(0x80000174,0x80000170,0x8000016c) [13, 55, 19], WB: DASM(00f08093)
Cyc=        74 Op1=[0xf0f0f000] Op2=[0x000000f0] W[W, 2= 0xf0f0f000] [_,0x0f010113]   66     PC=(0x80000178,0x80000174,0x80000170) [33, 19, 55], WB: DASM(f0f0f137)
Cyc=        75 Op1=[0xf00ff00f] Op2=[0xf0f0f0f0] W[W, 2= 0xf0f0f0f0] [_,0x0020ff33]   67     PC=(0x8000017c,0x80000178,0x80000174) [37, 51, 19], WB: DASM(0f010113)
Cyc=        76 Op1=[0xf000f000] Op2=[0x00000000] W[W,30= 0xf000f000] [_,0xf000feb7]   68     PC=(0x80000180,0x8000017c,0x80000178) [13, 55, 51], WB: DASM(0020ff33)
Cyc=        77 Op1=[0x00000000] Op2=[0x00000005] W[W,29= 0xf000f000] [_,0x00500193]   69     PC=(0x80000184,0x80000180,0x8000017c) [63, 19, 55], WB: DASM(f000feb7)
Cyc=        78 Op1=[0xf000f000] Op2=[0xf000f000] W[W, 3= 0x00000005] [_,0x43df1863]   70     PC=(0x80000188,0x80000184,0x80000180) [37, 99, 19], WB: DASM(00500193)
Cyc=        79 Op1=[0xff010000] Op2=[0x00000000] W[_,16= 0xe001e000] [_,0xff0100b7]   71     PC=(0x8000018c,0x80000188,0x80000184) [13, 55, 99], WB: DASM(43df1863)
Cyc=        80 Op1=[0xff010000] Op2=[0xffffff00] W[W, 1= 0xff010000] [_,0xf0008093]   72     PC=(0x80000190,0x8000018c,0x80000188) [37, 19, 55], WB: DASM(ff0100b7)
Cyc=        81 Op1=[0x0f0f1000] Op2=[0x00000000] W[W, 1= 0xff00ff00] [_,0x0f0f1137]   73     PC=(0x80000194,0x80000190,0x8000018c) [13, 55, 19], WB: DASM(f0008093)
Cyc=        82 Op1=[0x0f0f1000] Op2=[0xffffff0f] W[W, 2= 0x0f0f1000] [_,0xf0f10113]   74     PC=(0x80000198,0x80000194,0x80000190) [33, 19, 55], WB: DASM(0f0f1137)
Cyc=        83 Op1=[0xff00ff00] Op2=[0x0f0f0f0f] W[W, 2= 0x0f0f0f0f] [_,0x0020f0b3]   75     PC=(0x8000019c,0x80000198,0x80000194) [37, 51, 19], WB: DASM(f0f10113)
Cyc=        84 Op1=[0x0f001000] Op2=[0x00000000] W[W, 1= 0x0f000f00] [_,0x0f001eb7]   76     PC=(0x800001a0,0x8000019c,0x80000198) [13, 55, 51], WB: DASM(0020f0b3)
Cyc=        85 Op1=[0x0f001000] Op2=[0xffffff00] W[W,29= 0x0f001000] [_,0xf00e8e93]   77     PC=(0x800001a4,0x800001a0,0x8000019c) [13, 19, 55], WB: DASM(0f001eb7)
Cyc=        86 Op1=[0x00000000] Op2=[0x00000006] W[W,29= 0x0f000f00] [_,0x00600193]   78     PC=(0x800001a8,0x800001a4,0x800001a0) [63, 19, 19], WB: DASM(f00e8e93)
Cyc=        87 Op1=[0x0f000f00] Op2=[0x0f000f00] W[W, 3= 0x00000006] [_,0x41d09663]   79     PC=(0x800001ac,0x800001a8,0x800001a4) [37, 99, 19], WB: DASM(00600193)
Cyc=        88 Op1=[0x0ff01000] Op2=[0x00000000] W[_,12= 0x1e001e00] [_,0x0ff010b7]   80     PC=(0x800001b0,0x800001ac,0x800001a8) [13, 55, 99], WB: DASM(41d09663)
Cyc=        89 Op1=[0x0ff01000] Op2=[0xfffffff0] W[W, 1= 0x0ff01000] [_,0xff008093]   81     PC=(0x800001b4,0x800001b0,0x800001ac) [37, 19, 55], WB: DASM(0ff010b7)
Cyc=        90 Op1=[0xf0f0f000] Op2=[0x00000000] W[W, 1= 0x0ff00ff0] [_,0xf0f0f137]   82     PC=(0x800001b8,0x800001b4,0x800001b0) [13, 55, 19], WB: DASM(ff008093)
Cyc=        91 Op1=[0xf0f0f000] Op2=[0x000000f0] W[W, 2= 0xf0f0f000] [_,0x0f010113]   83     PC=(0x800001bc,0x800001b8,0x800001b4) [33, 19, 55], WB: DASM(f0f0f137)
Cyc=        92 Op1=[0x0ff00ff0] Op2=[0xf0f0f0f0] W[W, 2= 0xf0f0f0f0] [_,0x0020f133]   84     PC=(0x800001c0,0x800001bc,0x800001b8) [37, 51, 19], WB: DASM(0f010113)
Cyc=        93 Op1=[0x00f00000] Op2=[0x00000000] W[W, 2= 0x00f000f0] [_,0x00f00eb7]   85     PC=(0x800001c4,0x800001c0,0x800001bc) [13, 55, 51], WB: DASM(0020f133)
Cyc=        94 Op1=[0x00f00000] Op2=[0x000000f0] W[W,29= 0x00f00000] [_,0x0f0e8e93]   86     PC=(0x800001c8,0x800001c4,0x800001c0) [13, 19, 55], WB: DASM(00f00eb7)
Cyc=        95 Op1=[0x00000000] Op2=[0x00000007] W[W,29= 0x00f000f0] [_,0x00700193]   87     PC=(0x800001cc,0x800001c8,0x800001c4) [63, 19, 19], WB: DASM(0f0e8e93)
Cyc=        96 Op1=[0x00f000f0] Op2=[0x00f000f0] W[W, 3= 0x00000007] [_,0x3fd11463]   88     PC=(0x800001d0,0x800001cc,0x800001c8) [37, 99, 19], WB: DASM(00700193)
Cyc=        97 Op1=[0xff010000] Op2=[0x00000000] W[_, 8= 0x01e001e0] [_,0xff0100b7]   89     PC=(0x800001d4,0x800001d0,0x800001cc) [13, 55, 99], WB: DASM(3fd11463)
Cyc=        98 Op1=[0xff010000] Op2=[0xffffff00] W[W, 1= 0xff010000] [_,0xf0008093]   90     PC=(0x800001d8,0x800001d4,0x800001d0) [33, 19, 55], WB: DASM(ff0100b7)
Cyc=        99 Op1=[0xff00ff00] Op2=[0xff00ff00] W[W, 1= 0xff00ff00] [_,0x0010f0b3]   91     PC=(0x800001dc,0x800001d8,0x800001d4) [37, 51, 19], WB: DASM(f0008093)
Cyc=       100 Op1=[0xff010000] Op2=[0x00000000] W[W, 1= 0xff00ff00] [_,0xff010eb7]   92     PC=(0x800001e0,0x800001dc,0x800001d8) [13, 55, 51], WB: DASM(0010f0b3)
Cyc=       101 Op1=[0xff010000] Op2=[0xffffff00] W[W,29= 0xff010000] [_,0xf00e8e93]   93     PC=(0x800001e4,0x800001e0,0x800001dc) [13, 19, 55], WB: DASM(ff010eb7)
Cyc=       102 Op1=[0x00000000] Op2=[0x00000008] W[W,29= 0xff00ff00] [_,0x00800193]   94     PC=(0x800001e8,0x800001e4,0x800001e0) [63, 19, 19], WB: DASM(f00e8e93)
Cyc=       103 Op1=[0xff00ff00] Op2=[0xff00ff00] W[W, 3= 0x00000008] [_,0x3dd09663]   95     PC=(0x800001ec,0x800001e8,0x800001e4) [13, 99, 19], WB: DASM(00800193)
Cyc=       104 Op1=[0x00000000] Op2=[0x00000000] W[_,12= 0xfe01fe00] [_,0x00000213]   96     PC=(0x800001f0,0x800001ec,0x800001e8) [37, 19, 99], WB: DASM(3dd09663)
Cyc=       105 Op1=[0xff010000] Op2=[0x00000000] W[W, 4= 0x00000000] [_,0xff0100b7]   97     PC=(0x800001f4,0x800001f0,0x800001ec) [13, 55, 19], WB: DASM(00000213)
Cyc=       106 Op1=[0xff010000] Op2=[0xffffff00] W[W, 1= 0xff010000] [_,0xf0008093]   98     PC=(0x800001f8,0x800001f4,0x800001f0) [37, 19, 55], WB: DASM(ff0100b7)
Cyc=       107 Op1=[0x0f0f1000] Op2=[0x00000000] W[W, 1= 0xff00ff00] [_,0x0f0f1137]   99     PC=(0x800001fc,0x800001f8,0x800001f4) [13, 55, 19], WB: DASM(f0008093)
Cyc=       108 Op1=[0x0f0f1000] Op2=[0xffffff0f] W[W, 2= 0x0f0f1000] [_,0xf0f10113]  100     PC=(0x80000200,0x800001fc,0x800001f8) [33, 19, 55], WB: DASM(0f0f1137)
Cyc=       109 Op1=[0xff00ff00] Op2=[0x0f0f0f0f] W[W, 2= 0x0f0f0f0f] [_,0x0020ff33]  101     PC=(0x80000204,0x80000200,0x800001fc) [13, 51, 19], WB: DASM(f0f10113)
Cyc=       110 Op1=[0x0f000f00] Op2=[0x00000000] W[W,30= 0x0f000f00] [_,0x000f0313]  102     PC=(0x80000208,0x80000204,0x80000200) [13, 19, 51], WB: DASM(0020ff33)
Cyc=       111 Op1=[0x00000000] Op2=[0x00000001] W[W, 6= 0x0f000f00] [_,0x00120213]  103     PC=(0x8000020c,0x80000208,0x80000204) [13, 19, 19], WB: DASM(000f0313)
Cyc=       112 Op1=[0x00000000] Op2=[0x00000002] W[W, 4= 0x00000001] [_,0x00200293]  104     PC=(0x80000210,0x8000020c,0x80000208) [63, 19, 19], WB: DASM(00120213)
Cyc=       113 Op1=[0x00000001] Op2=[0x00000002] W[W, 5= 0x00000002] [_,0xfe5210e3]  105   B PC=(0x80000214,0x80000210,0x8000020c) [37, 99, 19], WB: DASM(00200293)
Cyc=       114 Op1=[0x0f001000] Op2=[0x00000000] W[_, 1= 0x00000003] [_,0x0f001eb7]  106     PC=(0x800001f0,0x80000214,0x80000210) [37, 51, 99], WB: DASM(fe5210e3)
Cyc=       115 Op1=[0xff010000] Op2=[0x00000000] W[_,29= 0x0f001000] [_,0xff0100b7]  107     PC=(0x800001f4,0x800001f0,0x80000214) [13, 55, 51], WB: DASM(00004033)
Cyc=       116 Op1=[0xff010000] Op2=[0xffffff00] W[W, 1= 0xff010000] [_,0xf0008093]  107     PC=(0x800001f8,0x800001f4,0x800001f0) [37, 19, 55], WB: DASM(ff0100b7)
Cyc=       117 Op1=[0x0f0f1000] Op2=[0x00000000] W[W, 1= 0xff00ff00] [_,0x0f0f1137]  108     PC=(0x800001fc,0x800001f8,0x800001f4) [13, 55, 19], WB: DASM(f0008093)
Cyc=       118 Op1=[0x0f0f1000] Op2=[0xffffff0f] W[W, 2= 0x0f0f1000] [_,0xf0f10113]  109     PC=(0x80000200,0x800001fc,0x800001f8) [33, 19, 55], WB: DASM(0f0f1137)
Cyc=       119 Op1=[0xff00ff00] Op2=[0x0f0f0f0f] W[W, 2= 0x0f0f0f0f] [_,0x0020ff33]  110     PC=(0x80000204,0x80000200,0x800001fc) [13, 51, 19], WB: DASM(f0f10113)
Cyc=       120 Op1=[0x0f000f00] Op2=[0x00000000] W[W,30= 0x0f000f00] [_,0x000f0313]  111     PC=(0x80000208,0x80000204,0x80000200) [13, 19, 51], WB: DASM(0020ff33)
Cyc=       121 Op1=[0x00000001] Op2=[0x00000001] W[W, 6= 0x0f000f00] [_,0x00120213]  112     PC=(0x8000020c,0x80000208,0x80000204) [13, 19, 19], WB: DASM(000f0313)
Cyc=       122 Op1=[0x00000000] Op2=[0x00000002] W[W, 4= 0x00000002] [_,0x00200293]  113     PC=(0x80000210,0x8000020c,0x80000208) [63, 19, 19], WB: DASM(00120213)
Cyc=       123 Op1=[0x00000002] Op2=[0x00000002] W[W, 5= 0x00000002] [_,0xfe5210e3]  114     PC=(0x80000214,0x80000210,0x8000020c) [37, 99, 19], WB: DASM(00200293)
Cyc=       124 Op1=[0x0f001000] Op2=[0x00000000] W[_, 1= 0x00000004] [_,0x0f001eb7]  115     PC=(0x80000218,0x80000214,0x80000210) [13, 55, 99], WB: DASM(fe5210e3)
Cyc=       125 Op1=[0x0f001000] Op2=[0xffffff00] W[W,29= 0x0f001000] [_,0xf00e8e93]  116     PC=(0x8000021c,0x80000218,0x80000214) [13, 19, 55], WB: DASM(0f001eb7)
Cyc=       126 Op1=[0x00000000] Op2=[0x00000009] W[W,29= 0x0f000f00] [_,0x00900193]  117     PC=(0x80000220,0x8000021c,0x80000218) [63, 19, 19], WB: DASM(f00e8e93)
Cyc=       127 Op1=[0x0f000f00] Op2=[0x0f000f00] W[W, 3= 0x00000009] [_,0x39d31a63]  118     PC=(0x80000224,0x80000220,0x8000021c) [13, 99, 19], WB: DASM(00900193)
Cyc=       128 Op1=[0x00000000] Op2=[0x00000000] W[_,20= 0x1e001e00] [_,0x00000213]  119     PC=(0x80000228,0x80000224,0x80000220) [37, 19, 99], WB: DASM(39d31a63)
Cyc=       129 Op1=[0x0ff01000] Op2=[0x00000000] W[W, 4= 0x00000000] [_,0x0ff010b7]  120     PC=(0x8000022c,0x80000228,0x80000224) [13, 55, 19], WB: DASM(00000213)
Cyc=       130 Op1=[0x0ff01000] Op2=[0xfffffff0] W[W, 1= 0x0ff01000] [_,0xff008093]  121     PC=(0x80000230,0x8000022c,0x80000228) [37, 19, 55], WB: DASM(0ff010b7)
Cyc=       131 Op1=[0xf0f0f000] Op2=[0x00000000] W[W, 1= 0x0ff00ff0] [_,0xf0f0f137]  122     PC=(0x80000234,0x80000230,0x8000022c) [13, 55, 19], WB: DASM(ff008093)
Cyc=       132 Op1=[0xf0f0f000] Op2=[0x000000f0] W[W, 2= 0xf0f0f000] [_,0x0f010113]  123     PC=(0x80000238,0x80000234,0x80000230) [33, 19, 55], WB: DASM(f0f0f137)
Cyc=       133 Op1=[0x0ff00ff0] Op2=[0xf0f0f0f0] W[W, 2= 0xf0f0f0f0] [_,0x0020ff33]  124     PC=(0x8000023c,0x80000238,0x80000234) [13, 51, 19], WB: DASM(0f010113)
Cyc=       134 Op1=[0x00000000] Op2=[0x00000000] W[W,30= 0x00f000f0] [_,0x00000013]  125     PC=(0x80000240,0x8000023c,0x80000238) [13, 19, 51], WB: DASM(0020ff33)
Cyc=       135 Op1=[0x00f000f0] Op2=[0x00000000] W[W, 0= 0x00000000] [_,0x000f0313]  126     PC=(0x80000244,0x80000240,0x8000023c) [13, 19, 19], WB: DASM(00000013)
Cyc=       136 Op1=[0x00000000] Op2=[0x00000001] W[W, 6= 0x00f000f0] [_,0x00120213]  127     PC=(0x80000248,0x80000244,0x80000240) [13, 19, 19], WB: DASM(000f0313)
Cyc=       137 Op1=[0x00000000] Op2=[0x00000002] W[W, 4= 0x00000001] [_,0x00200293]  128     PC=(0x8000024c,0x80000248,0x80000244) [63, 19, 19], WB: DASM(00120213)
Cyc=       138 Op1=[0x00000001] Op2=[0x00000002] W[W, 5= 0x00000002] [_,0xfc521ee3]  129   B PC=(0x80000250,0x8000024c,0x80000248) [37, 99, 19], WB: DASM(00200293)
Cyc=       139 Op1=[0x00f00000] Op2=[0x00000000] W[_,29= 0x00000003] [_,0x00f00eb7]  130     PC=(0x80000228,0x80000250,0x8000024c) [37, 51, 99], WB: DASM(fc521ee3)
Cyc=       140 Op1=[0x0ff01000] Op2=[0x00000000] W[_,29= 0x00f00000] [_,0x0ff010b7]  131     PC=(0x8000022c,0x80000228,0x80000250) [13, 55, 51], WB: DASM(00004033)
Cyc=       141 Op1=[0x0ff01000] Op2=[0xfffffff0] W[W, 1= 0x0ff01000] [_,0xff008093]  131     PC=(0x80000230,0x8000022c,0x80000228) [37, 19, 55], WB: DASM(0ff010b7)
Cyc=       142 Op1=[0xf0f0f000] Op2=[0x00000000] W[W, 1= 0x0ff00ff0] [_,0xf0f0f137]  132     PC=(0x80000234,0x80000230,0x8000022c) [13, 55, 19], WB: DASM(ff008093)
Cyc=       143 Op1=[0xf0f0f000] Op2=[0x000000f0] W[W, 2= 0xf0f0f000] [_,0x0f010113]  133     PC=(0x80000238,0x80000234,0x80000230) [33, 19, 55], WB: DASM(f0f0f137)
Cyc=       144 Op1=[0x0ff00ff0] Op2=[0xf0f0f0f0] W[W, 2= 0xf0f0f0f0] [_,0x0020ff33]  134     PC=(0x8000023c,0x80000238,0x80000234) [13, 51, 19], WB: DASM(0f010113)
Cyc=       145 Op1=[0x00000000] Op2=[0x00000000] W[W,30= 0x00f000f0] [_,0x00000013]  135     PC=(0x80000240,0x8000023c,0x80000238) [13, 19, 51], WB: DASM(0020ff33)
Cyc=       146 Op1=[0x00f000f0] Op2=[0x00000000] W[W, 0= 0x00000000] [_,0x000f0313]  136     PC=(0x80000244,0x80000240,0x8000023c) [13, 19, 19], WB: DASM(00000013)
Cyc=       147 Op1=[0x00000001] Op2=[0x00000001] W[W, 6= 0x00f000f0] [_,0x00120213]  137     PC=(0x80000248,0x80000244,0x80000240) [13, 19, 19], WB: DASM(000f0313)
Cyc=       148 Op1=[0x00000000] Op2=[0x00000002] W[W, 4= 0x00000002] [_,0x00200293]  138     PC=(0x8000024c,0x80000248,0x80000244) [63, 19, 19], WB: DASM(00120213)
Cyc=       149 Op1=[0x00000002] Op2=[0x00000002] W[W, 5= 0x00000002] [_,0xfc521ee3]  139     PC=(0x80000250,0x8000024c,0x80000248) [37, 99, 19], WB: DASM(00200293)
Cyc=       150 Op1=[0x00f00000] Op2=[0x00000000] W[_,29= 0x00000004] [_,0x00f00eb7]  140     PC=(0x80000254,0x80000250,0x8000024c) [13, 55, 99], WB: DASM(fc521ee3)
Cyc=       151 Op1=[0x00f00000] Op2=[0x000000f0] W[W,29= 0x00f00000] [_,0x0f0e8e93]  141     PC=(0x80000258,0x80000254,0x80000250) [13, 19, 55], WB: DASM(00f00eb7)
Cyc=       152 Op1=[0x00000000] Op2=[0x0000000a] W[W,29= 0x00f000f0] [_,0x00a00193]  142     PC=(0x8000025c,0x80000258,0x80000254) [63, 19, 19], WB: DASM(0f0e8e93)
Cyc=       153 Op1=[0x00f000f0] Op2=[0x00f000f0] W[W, 3= 0x0000000a] [_,0x35d31c63]  143     PC=(0x80000260,0x8000025c,0x80000258) [13, 99, 19], WB: DASM(00a00193)
Cyc=       154 Op1=[0x00000000] Op2=[0x00000000] W[_,24= 0x01e001e0] [_,0x00000213]  144     PC=(0x80000264,0x80000260,0x8000025c) [37, 19, 99], WB: DASM(35d31c63)
Cyc=       155 Op1=[0x00ff0000] Op2=[0x00000000] W[W, 4= 0x00000000] [_,0x00ff00b7]  145     PC=(0x80000268,0x80000264,0x80000260) [13, 55, 19], WB: DASM(00000213)
Cyc=       156 Op1=[0x00ff0000] Op2=[0x000000ff] W[W, 1= 0x00ff0000] [_,0x0ff08093]  146     PC=(0x8000026c,0x80000268,0x80000264) [37, 19, 55], WB: DASM(00ff00b7)
Cyc=       157 Op1=[0x0f0f1000] Op2=[0x00000000] W[W, 1= 0x00ff00ff] [_,0x0f0f1137]  147     PC=(0x80000270,0x8000026c,0x80000268) [13, 55, 19], WB: DASM(0ff08093)
Cyc=       158 Op1=[0x0f0f1000] Op2=[0xffffff0f] W[W, 2= 0x0f0f1000] [_,0xf0f10113]  148     PC=(0x80000274,0x80000270,0x8000026c) [33, 19, 55], WB: DASM(0f0f1137)
Cyc=       159 Op1=[0x00ff00ff] Op2=[0x0f0f0f0f] W[W, 2= 0x0f0f0f0f] [_,0x0020ff33]  149     PC=(0x80000278,0x80000274,0x80000270) [13, 51, 19], WB: DASM(f0f10113)
Cyc=       160 Op1=[0x00000000] Op2=[0x00000000] W[W,30= 0x000f000f] [_,0x00000013]  150     PC=(0x8000027c,0x80000278,0x80000274) [13, 19, 51], WB: DASM(0020ff33)
Cyc=       161 Op1=[0x00000000] Op2=[0x00000000] W[W, 0= 0x00000000] [_,0x00000013]  151     PC=(0x80000280,0x8000027c,0x80000278) [13, 19, 19], WB: DASM(00000013)
Cyc=       162 Op1=[0x000f000f] Op2=[0x00000000] W[W, 0= 0x00000000] [_,0x000f0313]  152     PC=(0x80000284,0x80000280,0x8000027c) [13, 19, 19], WB: DASM(00000013)
Cyc=       163 Op1=[0x00000000] Op2=[0x00000001] W[W, 6= 0x000f000f] [_,0x00120213]  153     PC=(0x80000288,0x80000284,0x80000280) [13, 19, 19], WB: DASM(000f0313)
Cyc=       164 Op1=[0x00000000] Op2=[0x00000002] W[W, 4= 0x00000001] [_,0x00200293]  154     PC=(0x8000028c,0x80000288,0x80000284) [63, 19, 19], WB: DASM(00120213)
Cyc=       165 Op1=[0x00000001] Op2=[0x00000002] W[W, 5= 0x00000002] [_,0xfc521ce3]  155   B PC=(0x80000290,0x8000028c,0x80000288) [37, 99, 19], WB: DASM(00200293)
Cyc=       166 Op1=[0x000f0000] Op2=[0x00000000] W[_,25= 0x00000003] [_,0x000f0eb7]  156     PC=(0x80000264,0x80000290,0x8000028c) [37, 51, 99], WB: DASM(fc521ce3)
Cyc=       167 Op1=[0x00ff0000] Op2=[0x00000000] W[_,29= 0x000f0000] [_,0x00ff00b7]  157     PC=(0x80000268,0x80000264,0x80000290) [13, 55, 51], WB: DASM(00004033)
Cyc=       168 Op1=[0x00ff0000] Op2=[0x000000ff] W[W, 1= 0x00ff0000] [_,0x0ff08093]  157     PC=(0x8000026c,0x80000268,0x80000264) [37, 19, 55], WB: DASM(00ff00b7)
Cyc=       169 Op1=[0x0f0f1000] Op2=[0x00000000] W[W, 1= 0x00ff00ff] [_,0x0f0f1137]  158     PC=(0x80000270,0x8000026c,0x80000268) [13, 55, 19], WB: DASM(0ff08093)
Cyc=       170 Op1=[0x0f0f1000] Op2=[0xffffff0f] W[W, 2= 0x0f0f1000] [_,0xf0f10113]  159     PC=(0x80000274,0x80000270,0x8000026c) [33, 19, 55], WB: DASM(0f0f1137)
Cyc=       171 Op1=[0x00ff00ff] Op2=[0x0f0f0f0f] W[W, 2= 0x0f0f0f0f] [_,0x0020ff33]  160     PC=(0x80000278,0x80000274,0x80000270) [13, 51, 19], WB: DASM(f0f10113)
Cyc=       172 Op1=[0x00000000] Op2=[0x00000000] W[W,30= 0x000f000f] [_,0x00000013]  161     PC=(0x8000027c,0x80000278,0x80000274) [13, 19, 51], WB: DASM(0020ff33)
Cyc=       173 Op1=[0x00000000] Op2=[0x00000000] W[W, 0= 0x00000000] [_,0x00000013]  162     PC=(0x80000280,0x8000027c,0x80000278) [13, 19, 19], WB: DASM(00000013)
Cyc=       174 Op1=[0x000f000f] Op2=[0x00000000] W[W, 0= 0x00000000] [_,0x000f0313]  163     PC=(0x80000284,0x80000280,0x8000027c) [13, 19, 19], WB: DASM(00000013)
Cyc=       175 Op1=[0x00000001] Op2=[0x00000001] W[W, 6= 0x000f000f] [_,0x00120213]  164     PC=(0x80000288,0x80000284,0x80000280) [13, 19, 19], WB: DASM(000f0313)
Cyc=       176 Op1=[0x00000000] Op2=[0x00000002] W[W, 4= 0x00000002] [_,0x00200293]  165     PC=(0x8000028c,0x80000288,0x80000284) [63, 19, 19], WB: DASM(00120213)
Cyc=       177 Op1=[0x00000002] Op2=[0x00000002] W[W, 5= 0x00000002] [_,0xfc521ce3]  166     PC=(0x80000290,0x8000028c,0x80000288) [37, 99, 19], WB: DASM(00200293)
Cyc=       178 Op1=[0x000f0000] Op2=[0x00000000] W[_,25= 0x00000004] [_,0x000f0eb7]  167     PC=(0x80000294,0x80000290,0x8000028c) [13, 55, 99], WB: DASM(fc521ce3)
Cyc=       179 Op1=[0x000f0000] Op2=[0x0000000f] W[W,29= 0x000f0000] [_,0x00fe8e93]  168     PC=(0x80000298,0x80000294,0x80000290) [13, 19, 55], WB: DASM(000f0eb7)
Cyc=       180 Op1=[0x00000000] Op2=[0x0000000b] W[W,29= 0x000f000f] [_,0x00b00193]  169     PC=(0x8000029c,0x80000298,0x80000294) [63, 19, 19], WB: DASM(00fe8e93)
Cyc=       181 Op1=[0x000f000f] Op2=[0x000f000f] W[W, 3= 0x0000000b] [_,0x31d31c63]  170     PC=(0x800002a0,0x8000029c,0x80000298) [13, 99, 19], WB: DASM(00b00193)
Cyc=       182 Op1=[0x00000000] Op2=[0x00000000] W[_,24= 0x001e001e] [_,0x00000213]  171     PC=(0x800002a4,0x800002a0,0x8000029c) [37, 19, 99], WB: DASM(31d31c63)
Cyc=       183 Op1=[0xff010000] Op2=[0x00000000] W[W, 4= 0x00000000] [_,0xff0100b7]  172     PC=(0x800002a8,0x800002a4,0x800002a0) [13, 55, 19], WB: DASM(00000213)
Cyc=       184 Op1=[0xff010000] Op2=[0xffffff00] W[W, 1= 0xff010000] [_,0xf0008093]  173     PC=(0x800002ac,0x800002a8,0x800002a4) [37, 19, 55], WB: DASM(ff0100b7)
Cyc=       185 Op1=[0x0f0f1000] Op2=[0x00000000] W[W, 1= 0xff00ff00] [_,0x0f0f1137]  174     PC=(0x800002b0,0x800002ac,0x800002a8) [13, 55, 19], WB: DASM(f0008093)
Cyc=       186 Op1=[0x0f0f1000] Op2=[0xffffff0f] W[W, 2= 0x0f0f1000] [_,0xf0f10113]  175     PC=(0x800002b4,0x800002b0,0x800002ac) [33, 19, 55], WB: DASM(0f0f1137)
Cyc=       187 Op1=[0xff00ff00] Op2=[0x0f0f0f0f] W[W, 2= 0x0f0f0f0f] [_,0x0020ff33]  176     PC=(0x800002b8,0x800002b4,0x800002b0) [13, 51, 19], WB: DASM(f0f10113)
Cyc=       188 Op1=[0x00000000] Op2=[0x00000001] W[W,30= 0x0f000f00] [_,0x00120213]  177     PC=(0x800002bc,0x800002b8,0x800002b4) [13, 19, 51], WB: DASM(0020ff33)
Cyc=       189 Op1=[0x00000000] Op2=[0x00000002] W[W, 4= 0x00000001] [_,0x00200293]  178     PC=(0x800002c0,0x800002bc,0x800002b8) [63, 19, 19], WB: DASM(00120213)
Cyc=       190 Op1=[0x00000001] Op2=[0x00000002] W[W, 5= 0x00000002] [_,0xfe5212e3]  179   B PC=(0x800002c4,0x800002c0,0x800002bc) [37, 99, 19], WB: DASM(00200293)
Cyc=       191 Op1=[0x0f001000] Op2=[0x00000000] W[_, 5= 0x00000003] [_,0x0f001eb7]  180     PC=(0x800002a4,0x800002c4,0x800002c0) [37, 51, 99], WB: DASM(fe5212e3)
Cyc=       192 Op1=[0xff010000] Op2=[0x00000000] W[_,29= 0x0f001000] [_,0xff0100b7]  181     PC=(0x800002a8,0x800002a4,0x800002c4) [13, 55, 51], WB: DASM(00004033)
Cyc=       193 Op1=[0xff010000] Op2=[0xffffff00] W[W, 1= 0xff010000] [_,0xf0008093]  181     PC=(0x800002ac,0x800002a8,0x800002a4) [37, 19, 55], WB: DASM(ff0100b7)
Cyc=       194 Op1=[0x0f0f1000] Op2=[0x00000000] W[W, 1= 0xff00ff00] [_,0x0f0f1137]  182     PC=(0x800002b0,0x800002ac,0x800002a8) [13, 55, 19], WB: DASM(f0008093)
Cyc=       195 Op1=[0x0f0f1000] Op2=[0xffffff0f] W[W, 2= 0x0f0f1000] [_,0xf0f10113]  183     PC=(0x800002b4,0x800002b0,0x800002ac) [33, 19, 55], WB: DASM(0f0f1137)
Cyc=       196 Op1=[0xff00ff00] Op2=[0x0f0f0f0f] W[W, 2= 0x0f0f0f0f] [_,0x0020ff33]  184     PC=(0x800002b8,0x800002b4,0x800002b0) [13, 51, 19], WB: DASM(f0f10113)
Cyc=       197 Op1=[0x00000001] Op2=[0x00000001] W[W,30= 0x0f000f00] [_,0x00120213]  185     PC=(0x800002bc,0x800002b8,0x800002b4) [13, 19, 51], WB: DASM(0020ff33)
Cyc=       198 Op1=[0x00000000] Op2=[0x00000002] W[W, 4= 0x00000002] [_,0x00200293]  186     PC=(0x800002c0,0x800002bc,0x800002b8) [63, 19, 19], WB: DASM(00120213)
Cyc=       199 Op1=[0x00000002] Op2=[0x00000002] W[W, 5= 0x00000002] [_,0xfe5212e3]  187     PC=(0x800002c4,0x800002c0,0x800002bc) [37, 99, 19], WB: DASM(00200293)
Cyc=       200 Op1=[0x0f001000] Op2=[0x00000000] W[_, 5= 0x00000004] [_,0x0f001eb7]  188     PC=(0x800002c8,0x800002c4,0x800002c0) [13, 55, 99], WB: DASM(fe5212e3)
Cyc=       201 Op1=[0x0f001000] Op2=[0xffffff00] W[W,29= 0x0f001000] [_,0xf00e8e93]  189     PC=(0x800002cc,0x800002c8,0x800002c4) [13, 19, 55], WB: DASM(0f001eb7)
Cyc=       202 Op1=[0x00000000] Op2=[0x0000000c] W[W,29= 0x0f000f00] [_,0x00c00193]  190     PC=(0x800002d0,0x800002cc,0x800002c8) [63, 19, 19], WB: DASM(f00e8e93)
Cyc=       203 Op1=[0x0f000f00] Op2=[0x0f000f00] W[W, 3= 0x0000000c] [_,0x2fdf1263]  191     PC=(0x800002d4,0x800002d0,0x800002cc) [13, 99, 19], WB: DASM(00c00193)
Cyc=       204 Op1=[0x00000000] Op2=[0x00000000] W[_, 4= 0x1e001e00] [_,0x00000213]  192     PC=(0x800002d8,0x800002d4,0x800002d0) [37, 19, 99], WB: DASM(2fdf1263)
Cyc=       205 Op1=[0x0ff01000] Op2=[0x00000000] W[W, 4= 0x00000000] [_,0x0ff010b7]  193     PC=(0x800002dc,0x800002d8,0x800002d4) [13, 55, 19], WB: DASM(00000213)
Cyc=       206 Op1=[0x0ff01000] Op2=[0xfffffff0] W[W, 1= 0x0ff01000] [_,0xff008093]  194     PC=(0x800002e0,0x800002dc,0x800002d8) [37, 19, 55], WB: DASM(0ff010b7)
Cyc=       207 Op1=[0xf0f0f000] Op2=[0x00000000] W[W, 1= 0x0ff00ff0] [_,0xf0f0f137]  195     PC=(0x800002e4,0x800002e0,0x800002dc) [13, 55, 19], WB: DASM(ff008093)
Cyc=       208 Op1=[0xf0f0f000] Op2=[0x000000f0] W[W, 2= 0xf0f0f000] [_,0x0f010113]  196     PC=(0x800002e8,0x800002e4,0x800002e0) [13, 19, 55], WB: DASM(f0f0f137)
Cyc=       209 Op1=[0x00000000] Op2=[0x00000000] W[W, 2= 0xf0f0f0f0] [_,0x00000013]  197     PC=(0x800002ec,0x800002e8,0x800002e4) [33, 19, 19], WB: DASM(0f010113)
Cyc=       210 Op1=[0x0ff00ff0] Op2=[0xf0f0f0f0] W[W, 0= 0x00000000] [_,0x0020ff33]  198     PC=(0x800002f0,0x800002ec,0x800002e8) [13, 51, 19], WB: DASM(00000013)
Cyc=       211 Op1=[0x00000000] Op2=[0x00000001] W[W,30= 0x00f000f0] [_,0x00120213]  199     PC=(0x800002f4,0x800002f0,0x800002ec) [13, 19, 51], WB: DASM(0020ff33)
Cyc=       212 Op1=[0x00000000] Op2=[0x00000002] W[W, 4= 0x00000001] [_,0x00200293]  200     PC=(0x800002f8,0x800002f4,0x800002f0) [63, 19, 19], WB: DASM(00120213)
Cyc=       213 Op1=[0x00000001] Op2=[0x00000002] W[W, 5= 0x00000002] [_,0xfe5210e3]  201   B PC=(0x800002fc,0x800002f8,0x800002f4) [37, 99, 19], WB: DASM(00200293)
Cyc=       214 Op1=[0x00f00000] Op2=[0x00000000] W[_, 1= 0x00000003] [_,0x00f00eb7]  202     PC=(0x800002d8,0x800002fc,0x800002f8) [37, 51, 99], WB: DASM(fe5210e3)
Cyc=       215 Op1=[0x0ff01000] Op2=[0x00000000] W[_,29= 0x00f00000] [_,0x0ff010b7]  203     PC=(0x800002dc,0x800002d8,0x800002fc) [13, 55, 51], WB: DASM(00004033)
Cyc=       216 Op1=[0x0ff01000] Op2=[0xfffffff0] W[W, 1= 0x0ff01000] [_,0xff008093]  203     PC=(0x800002e0,0x800002dc,0x800002d8) [37, 19, 55], WB: DASM(0ff010b7)
Cyc=       217 Op1=[0xf0f0f000] Op2=[0x00000000] W[W, 1= 0x0ff00ff0] [_,0xf0f0f137]  204     PC=(0x800002e4,0x800002e0,0x800002dc) [13, 55, 19], WB: DASM(ff008093)
Cyc=       218 Op1=[0xf0f0f000] Op2=[0x000000f0] W[W, 2= 0xf0f0f000] [_,0x0f010113]  205     PC=(0x800002e8,0x800002e4,0x800002e0) [13, 19, 55], WB: DASM(f0f0f137)
Cyc=       219 Op1=[0x00000000] Op2=[0x00000000] W[W, 2= 0xf0f0f0f0] [_,0x00000013]  206     PC=(0x800002ec,0x800002e8,0x800002e4) [33, 19, 19], WB: DASM(0f010113)
Cyc=       220 Op1=[0x0ff00ff0] Op2=[0xf0f0f0f0] W[W, 0= 0x00000000] [_,0x0020ff33]  207     PC=(0x800002f0,0x800002ec,0x800002e8) [13, 51, 19], WB: DASM(00000013)
Cyc=       221 Op1=[0x00000001] Op2=[0x00000001] W[W,30= 0x00f000f0] [_,0x00120213]  208     PC=(0x800002f4,0x800002f0,0x800002ec) [13, 19, 51], WB: DASM(0020ff33)
Cyc=       222 Op1=[0x00000000] Op2=[0x00000002] W[W, 4= 0x00000002] [_,0x00200293]  209     PC=(0x800002f8,0x800002f4,0x800002f0) [63, 19, 19], WB: DASM(00120213)
Cyc=       223 Op1=[0x00000002] Op2=[0x00000002] W[W, 5= 0x00000002] [_,0xfe5210e3]  210     PC=(0x800002fc,0x800002f8,0x800002f4) [37, 99, 19], WB: DASM(00200293)
Cyc=       224 Op1=[0x00f00000] Op2=[0x00000000] W[_, 1= 0x00000004] [_,0x00f00eb7]  211     PC=(0x80000300,0x800002fc,0x800002f8) [13, 55, 99], WB: DASM(fe5210e3)
Cyc=       225 Op1=[0x00f00000] Op2=[0x000000f0] W[W,29= 0x00f00000] [_,0x0f0e8e93]  212     PC=(0x80000304,0x80000300,0x800002fc) [13, 19, 55], WB: DASM(00f00eb7)
Cyc=       226 Op1=[0x00000000] Op2=[0x0000000d] W[W,29= 0x00f000f0] [_,0x00d00193]  213     PC=(0x80000308,0x80000304,0x80000300) [63, 19, 19], WB: DASM(0f0e8e93)
Cyc=       227 Op1=[0x00f000f0] Op2=[0x00f000f0] W[W, 3= 0x0000000d] [_,0x2bdf1663]  214     PC=(0x8000030c,0x80000308,0x80000304) [13, 99, 19], WB: DASM(00d00193)
Cyc=       228 Op1=[0x00000000] Op2=[0x00000000] W[_,12= 0x01e001e0] [_,0x00000213]  215     PC=(0x80000310,0x8000030c,0x80000308) [37, 19, 99], WB: DASM(2bdf1663)
Cyc=       229 Op1=[0x00ff0000] Op2=[0x00000000] W[W, 4= 0x00000000] [_,0x00ff00b7]  216     PC=(0x80000314,0x80000310,0x8000030c) [13, 55, 19], WB: DASM(00000213)
Cyc=       230 Op1=[0x00ff0000] Op2=[0x000000ff] W[W, 1= 0x00ff0000] [_,0x0ff08093]  217     PC=(0x80000318,0x80000314,0x80000310) [37, 19, 55], WB: DASM(00ff00b7)
Cyc=       231 Op1=[0x0f0f1000] Op2=[0x00000000] W[W, 1= 0x00ff00ff] [_,0x0f0f1137]  218     PC=(0x8000031c,0x80000318,0x80000314) [13, 55, 19], WB: DASM(0ff08093)
Cyc=       232 Op1=[0x0f0f1000] Op2=[0xffffff0f] W[W, 2= 0x0f0f1000] [_,0xf0f10113]  219     PC=(0x80000320,0x8000031c,0x80000318) [13, 19, 55], WB: DASM(0f0f1137)
Cyc=       233 Op1=[0x00000000] Op2=[0x00000000] W[W, 2= 0x0f0f0f0f] [_,0x00000013]  220     PC=(0x80000324,0x80000320,0x8000031c) [13, 19, 19], WB: DASM(f0f10113)
Cyc=       234 Op1=[0x00000000] Op2=[0x00000000] W[W, 0= 0x00000000] [_,0x00000013]  221     PC=(0x80000328,0x80000324,0x80000320) [33, 19, 19], WB: DASM(00000013)
Cyc=       235 Op1=[0x00ff00ff] Op2=[0x0f0f0f0f] W[W, 0= 0x00000000] [_,0x0020ff33]  222     PC=(0x8000032c,0x80000328,0x80000324) [13, 51, 19], WB: DASM(00000013)
Cyc=       236 Op1=[0x00000000] Op2=[0x00000001] W[W,30= 0x000f000f] [_,0x00120213]  223     PC=(0x80000330,0x8000032c,0x80000328) [13, 19, 51], WB: DASM(0020ff33)
Cyc=       237 Op1=[0x00000000] Op2=[0x00000002] W[W, 4= 0x00000001] [_,0x00200293]  224     PC=(0x80000334,0x80000330,0x8000032c) [63, 19, 19], WB: DASM(00120213)
Cyc=       238 Op1=[0x00000001] Op2=[0x00000002] W[W, 5= 0x00000002] [_,0xfc521ee3]  225   B PC=(0x80000338,0x80000334,0x80000330) [37, 99, 19], WB: DASM(00200293)
Cyc=       239 Op1=[0x000f0000] Op2=[0x00000000] W[_,29= 0x00000003] [_,0x000f0eb7]  226     PC=(0x80000310,0x80000338,0x80000334) [37, 51, 99], WB: DASM(fc521ee3)
Cyc=       240 Op1=[0x00ff0000] Op2=[0x00000000] W[_,29= 0x000f0000] [_,0x00ff00b7]  227     PC=(0x80000314,0x80000310,0x80000338) [13, 55, 51], WB: DASM(00004033)
Cyc=       241 Op1=[0x00ff0000] Op2=[0x000000ff] W[W, 1= 0x00ff0000] [_,0x0ff08093]  227     PC=(0x80000318,0x80000314,0x80000310) [37, 19, 55], WB: DASM(00ff00b7)
Cyc=       242 Op1=[0x0f0f1000] Op2=[0x00000000] W[W, 1= 0x00ff00ff] [_,0x0f0f1137]  228     PC=(0x8000031c,0x80000318,0x80000314) [13, 55, 19], WB: DASM(0ff08093)
Cyc=       243 Op1=[0x0f0f1000] Op2=[0xffffff0f] W[W, 2= 0x0f0f1000] [_,0xf0f10113]  229     PC=(0x80000320,0x8000031c,0x80000318) [13, 19, 55], WB: DASM(0f0f1137)
Cyc=       244 Op1=[0x00000000] Op2=[0x00000000] W[W, 2= 0x0f0f0f0f] [_,0x00000013]  230     PC=(0x80000324,0x80000320,0x8000031c) [13, 19, 19], WB: DASM(f0f10113)
Cyc=       245 Op1=[0x00000000] Op2=[0x00000000] W[W, 0= 0x00000000] [_,0x00000013]  231     PC=(0x80000328,0x80000324,0x80000320) [33, 19, 19], WB: DASM(00000013)
Cyc=       246 Op1=[0x00ff00ff] Op2=[0x0f0f0f0f] W[W, 0= 0x00000000] [_,0x0020ff33]  232     PC=(0x8000032c,0x80000328,0x80000324) [13, 51, 19], WB: DASM(00000013)
Cyc=       247 Op1=[0x00000001] Op2=[0x00000001] W[W,30= 0x000f000f] [_,0x00120213]  233     PC=(0x80000330,0x8000032c,0x80000328) [13, 19, 51], WB: DASM(0020ff33)
Cyc=       248 Op1=[0x00000000] Op2=[0x00000002] W[W, 4= 0x00000002] [_,0x00200293]  234     PC=(0x80000334,0x80000330,0x8000032c) [63, 19, 19], WB: DASM(00120213)
Cyc=       249 Op1=[0x00000002] Op2=[0x00000002] W[W, 5= 0x00000002] [_,0xfc521ee3]  235     PC=(0x80000338,0x80000334,0x80000330) [37, 99, 19], WB: DASM(00200293)
Cyc=       250 Op1=[0x000f0000] Op2=[0x00000000] W[_,29= 0x00000004] [_,0x000f0eb7]  236     PC=(0x8000033c,0x80000338,0x80000334) [13, 55, 99], WB: DASM(fc521ee3)
Cyc=       251 Op1=[0x000f0000] Op2=[0x0000000f] W[W,29= 0x000f0000] [_,0x00fe8e93]  237     PC=(0x80000340,0x8000033c,0x80000338) [13, 19, 55], WB: DASM(000f0eb7)
Cyc=       252 Op1=[0x00000000] Op2=[0x0000000e] W[W,29= 0x000f000f] [_,0x00e00193]  238     PC=(0x80000344,0x80000340,0x8000033c) [63, 19, 19], WB: DASM(00fe8e93)
Cyc=       253 Op1=[0x000f000f] Op2=[0x000f000f] W[W, 3= 0x0000000e] [_,0x27df1863]  239     PC=(0x80000348,0x80000344,0x80000340) [13, 99, 19], WB: DASM(00e00193)
Cyc=       254 Op1=[0x00000000] Op2=[0x00000000] W[_,16= 0x001e001e] [_,0x00000213]  240     PC=(0x8000034c,0x80000348,0x80000344) [37, 19, 99], WB: DASM(27df1863)
Cyc=       255 Op1=[0xff010000] Op2=[0x00000000] W[W, 4= 0x00000000] [_,0xff0100b7]  241     PC=(0x80000350,0x8000034c,0x80000348) [13, 55, 19], WB: DASM(00000213)
Cyc=       256 Op1=[0xff010000] Op2=[0xffffff00] W[W, 1= 0xff010000] [_,0xf0008093]  242     PC=(0x80000354,0x80000350,0x8000034c) [13, 19, 55], WB: DASM(ff0100b7)
Cyc=       257 Op1=[0x00000000] Op2=[0x00000000] W[W, 1= 0xff00ff00] [_,0x00000013]  243     PC=(0x80000358,0x80000354,0x80000350) [37, 19, 19], WB: DASM(f0008093)
Cyc=       258 Op1=[0x0f0f1000] Op2=[0x00000000] W[W, 0= 0x00000000] [_,0x0f0f1137]  244     PC=(0x8000035c,0x80000358,0x80000354) [13, 55, 19], WB: DASM(00000013)
Cyc=       259 Op1=[0x0f0f1000] Op2=[0xffffff0f] W[W, 2= 0x0f0f1000] [_,0xf0f10113]  245     PC=(0x80000360,0x8000035c,0x80000358) [33, 19, 55], WB: DASM(0f0f1137)
Cyc=       260 Op1=[0xff00ff00] Op2=[0x0f0f0f0f] W[W, 2= 0x0f0f0f0f] [_,0x0020ff33]  246     PC=(0x80000364,0x80000360,0x8000035c) [13, 51, 19], WB: DASM(f0f10113)
Cyc=       261 Op1=[0x00000000] Op2=[0x00000001] W[W,30= 0x0f000f00] [_,0x00120213]  247     PC=(0x80000368,0x80000364,0x80000360) [13, 19, 51], WB: DASM(0020ff33)
Cyc=       262 Op1=[0x00000000] Op2=[0x00000002] W[W, 4= 0x00000001] [_,0x00200293]  248     PC=(0x8000036c,0x80000368,0x80000364) [63, 19, 19], WB: DASM(00120213)
Cyc=       263 Op1=[0x00000001] Op2=[0x00000002] W[W, 5= 0x00000002] [_,0xfe5210e3]  249   B PC=(0x80000370,0x8000036c,0x80000368) [37, 99, 19], WB: DASM(00200293)
Cyc=       264 Op1=[0x0f001000] Op2=[0x00000000] W[_, 1= 0x00000003] [_,0x0f001eb7]  250     PC=(0x8000034c,0x80000370,0x8000036c) [37, 51, 99], WB: DASM(fe5210e3)
Cyc=       265 Op1=[0xff010000] Op2=[0x00000000] W[_,29= 0x0f001000] [_,0xff0100b7]  251     PC=(0x80000350,0x8000034c,0x80000370) [13, 55, 51], WB: DASM(00004033)
Cyc=       266 Op1=[0xff010000] Op2=[0xffffff00] W[W, 1= 0xff010000] [_,0xf0008093]  251     PC=(0x80000354,0x80000350,0x8000034c) [13, 19, 55], WB: DASM(ff0100b7)
Cyc=       267 Op1=[0x00000000] Op2=[0x00000000] W[W, 1= 0xff00ff00] [_,0x00000013]  252     PC=(0x80000358,0x80000354,0x80000350) [37, 19, 19], WB: DASM(f0008093)
Cyc=       268 Op1=[0x0f0f1000] Op2=[0x00000000] W[W, 0= 0x00000000] [_,0x0f0f1137]  253     PC=(0x8000035c,0x80000358,0x80000354) [13, 55, 19], WB: DASM(00000013)
Cyc=       269 Op1=[0x0f0f1000] Op2=[0xffffff0f] W[W, 2= 0x0f0f1000] [_,0xf0f10113]  254     PC=(0x80000360,0x8000035c,0x80000358) [33, 19, 55], WB: DASM(0f0f1137)
Cyc=       270 Op1=[0xff00ff00] Op2=[0x0f0f0f0f] W[W, 2= 0x0f0f0f0f] [_,0x0020ff33]  255     PC=(0x80000364,0x80000360,0x8000035c) [13, 51, 19], WB: DASM(f0f10113)
Cyc=       271 Op1=[0x00000001] Op2=[0x00000001] W[W,30= 0x0f000f00] [_,0x00120213]  256     PC=(0x80000368,0x80000364,0x80000360) [13, 19, 51], WB: DASM(0020ff33)
Cyc=       272 Op1=[0x00000000] Op2=[0x00000002] W[W, 4= 0x00000002] [_,0x00200293]  257     PC=(0x8000036c,0x80000368,0x80000364) [63, 19, 19], WB: DASM(00120213)
Cyc=       273 Op1=[0x00000002] Op2=[0x00000002] W[W, 5= 0x00000002] [_,0xfe5210e3]  258     PC=(0x80000370,0x8000036c,0x80000368) [37, 99, 19], WB: DASM(00200293)
Cyc=       274 Op1=[0x0f001000] Op2=[0x00000000] W[_, 1= 0x00000004] [_,0x0f001eb7]  259     PC=(0x80000374,0x80000370,0x8000036c) [13, 55, 99], WB: DASM(fe5210e3)
Cyc=       275 Op1=[0x0f001000] Op2=[0xffffff00] W[W,29= 0x0f001000] [_,0xf00e8e93]  260     PC=(0x80000378,0x80000374,0x80000370) [13, 19, 55], WB: DASM(0f001eb7)
Cyc=       276 Op1=[0x00000000] Op2=[0x0000000f] W[W,29= 0x0f000f00] [_,0x00f00193]  261     PC=(0x8000037c,0x80000378,0x80000374) [63, 19, 19], WB: DASM(f00e8e93)
Cyc=       277 Op1=[0x0f000f00] Op2=[0x0f000f00] W[W, 3= 0x0000000f] [_,0x23df1c63]  262     PC=(0x80000380,0x8000037c,0x80000378) [13, 99, 19], WB: DASM(00f00193)
Cyc=       278 Op1=[0x00000000] Op2=[0x00000000] W[_,24= 0x1e001e00] [_,0x00000213]  263     PC=(0x80000384,0x80000380,0x8000037c) [37, 19, 99], WB: DASM(23df1c63)
Cyc=       279 Op1=[0x0ff01000] Op2=[0x00000000] W[W, 4= 0x00000000] [_,0x0ff010b7]  264     PC=(0x80000388,0x80000384,0x80000380) [13, 55, 19], WB: DASM(00000213)
Cyc=       280 Op1=[0x0ff01000] Op2=[0xfffffff0] W[W, 1= 0x0ff01000] [_,0xff008093]  265     PC=(0x8000038c,0x80000388,0x80000384) [13, 19, 55], WB: DASM(0ff010b7)
Cyc=       281 Op1=[0x00000000] Op2=[0x00000000] W[W, 1= 0x0ff00ff0] [_,0x00000013]  266     PC=(0x80000390,0x8000038c,0x80000388) [37, 19, 19], WB: DASM(ff008093)
Cyc=       282 Op1=[0xf0f0f000] Op2=[0x00000000] W[W, 0= 0x00000000] [_,0xf0f0f137]  267     PC=(0x80000394,0x80000390,0x8000038c) [13, 55, 19], WB: DASM(00000013)
Cyc=       283 Op1=[0xf0f0f000] Op2=[0x000000f0] W[W, 2= 0xf0f0f000] [_,0x0f010113]  268     PC=(0x80000398,0x80000394,0x80000390) [13, 19, 55], WB: DASM(f0f0f137)
Cyc=       284 Op1=[0x00000000] Op2=[0x00000000] W[W, 2= 0xf0f0f0f0] [_,0x00000013]  269     PC=(0x8000039c,0x80000398,0x80000394) [33, 19, 19], WB: DASM(0f010113)
Cyc=       285 Op1=[0x0ff00ff0] Op2=[0xf0f0f0f0] W[W, 0= 0x00000000] [_,0x0020ff33]  270     PC=(0x800003a0,0x8000039c,0x80000398) [13, 51, 19], WB: DASM(00000013)
Cyc=       286 Op1=[0x00000000] Op2=[0x00000001] W[W,30= 0x00f000f0] [_,0x00120213]  271     PC=(0x800003a4,0x800003a0,0x8000039c) [13, 19, 51], WB: DASM(0020ff33)
Cyc=       287 Op1=[0x00000000] Op2=[0x00000002] W[W, 4= 0x00000001] [_,0x00200293]  272     PC=(0x800003a8,0x800003a4,0x800003a0) [63, 19, 19], WB: DASM(00120213)
Cyc=       288 Op1=[0x00000001] Op2=[0x00000002] W[W, 5= 0x00000002] [_,0xfc521ee3]  273   B PC=(0x800003ac,0x800003a8,0x800003a4) [37, 99, 19], WB: DASM(00200293)
Cyc=       289 Op1=[0x00f00000] Op2=[0x00000000] W[_,29= 0x00000003] [_,0x00f00eb7]  274     PC=(0x80000384,0x800003ac,0x800003a8) [37, 51, 99], WB: DASM(fc521ee3)
Cyc=       290 Op1=[0x0ff01000] Op2=[0x00000000] W[_,29= 0x00f00000] [_,0x0ff010b7]  275     PC=(0x80000388,0x80000384,0x800003ac) [13, 55, 51], WB: DASM(00004033)
Cyc=       291 Op1=[0x0ff01000] Op2=[0xfffffff0] W[W, 1= 0x0ff01000] [_,0xff008093]  275     PC=(0x8000038c,0x80000388,0x80000384) [13, 19, 55], WB: DASM(0ff010b7)
Cyc=       292 Op1=[0x00000000] Op2=[0x00000000] W[W, 1= 0x0ff00ff0] [_,0x00000013]  276     PC=(0x80000390,0x8000038c,0x80000388) [37, 19, 19], WB: DASM(ff008093)
Cyc=       293 Op1=[0xf0f0f000] Op2=[0x00000000] W[W, 0= 0x00000000] [_,0xf0f0f137]  277     PC=(0x80000394,0x80000390,0x8000038c) [13, 55, 19], WB: DASM(00000013)
Cyc=       294 Op1=[0xf0f0f000] Op2=[0x000000f0] W[W, 2= 0xf0f0f000] [_,0x0f010113]  278     PC=(0x80000398,0x80000394,0x80000390) [13, 19, 55], WB: DASM(f0f0f137)
Cyc=       295 Op1=[0x00000000] Op2=[0x00000000] W[W, 2= 0xf0f0f0f0] [_,0x00000013]  279     PC=(0x8000039c,0x80000398,0x80000394) [33, 19, 19], WB: DASM(0f010113)
Cyc=       296 Op1=[0x0ff00ff0] Op2=[0xf0f0f0f0] W[W, 0= 0x00000000] [_,0x0020ff33]  280     PC=(0x800003a0,0x8000039c,0x80000398) [13, 51, 19], WB: DASM(00000013)
Cyc=       297 Op1=[0x00000001] Op2=[0x00000001] W[W,30= 0x00f000f0] [_,0x00120213]  281     PC=(0x800003a4,0x800003a0,0x8000039c) [13, 19, 51], WB: DASM(0020ff33)
Cyc=       298 Op1=[0x00000000] Op2=[0x00000002] W[W, 4= 0x00000002] [_,0x00200293]  282     PC=(0x800003a8,0x800003a4,0x800003a0) [63, 19, 19], WB: DASM(00120213)
Cyc=       299 Op1=[0x00000002] Op2=[0x00000002] W[W, 5= 0x00000002] [_,0xfc521ee3]  283     PC=(0x800003ac,0x800003a8,0x800003a4) [37, 99, 19], WB: DASM(00200293)
Cyc=       300 Op1=[0x00f00000] Op2=[0x00000000] W[_,29= 0x00000004] [_,0x00f00eb7]  284     PC=(0x800003b0,0x800003ac,0x800003a8) [13, 55, 99], WB: DASM(fc521ee3)
Cyc=       301 Op1=[0x00f00000] Op2=[0x000000f0] W[W,29= 0x00f00000] [_,0x0f0e8e93]  285     PC=(0x800003b4,0x800003b0,0x800003ac) [13, 19, 55], WB: DASM(00f00eb7)
Cyc=       302 Op1=[0x00000000] Op2=[0x00000010] W[W,29= 0x00f000f0] [_,0x01000193]  286     PC=(0x800003b8,0x800003b4,0x800003b0) [63, 19, 19], WB: DASM(0f0e8e93)
Cyc=       303 Op1=[0x00f000f0] Op2=[0x00f000f0] W[W, 3= 0x00000010] [_,0x1fdf1e63]  287     PC=(0x800003bc,0x800003b8,0x800003b4) [13, 99, 19], WB: DASM(01000193)
Cyc=       304 Op1=[0x00000000] Op2=[0x00000000] W[_,28= 0x01e001e0] [_,0x00000213]  288     PC=(0x800003c0,0x800003bc,0x800003b8) [37, 19, 99], WB: DASM(1fdf1e63)
Cyc=       305 Op1=[0x00ff0000] Op2=[0x00000000] W[W, 4= 0x00000000] [_,0x00ff00b7]  289     PC=(0x800003c4,0x800003c0,0x800003bc) [13, 55, 19], WB: DASM(00000213)
Cyc=       306 Op1=[0x00ff0000] Op2=[0x000000ff] W[W, 1= 0x00ff0000] [_,0x0ff08093]  290     PC=(0x800003c8,0x800003c4,0x800003c0) [13, 19, 55], WB: DASM(00ff00b7)
Cyc=       307 Op1=[0x00000000] Op2=[0x00000000] W[W, 1= 0x00ff00ff] [_,0x00000013]  291     PC=(0x800003cc,0x800003c8,0x800003c4) [13, 19, 19], WB: DASM(0ff08093)
Cyc=       308 Op1=[0x00000000] Op2=[0x00000000] W[W, 0= 0x00000000] [_,0x00000013]  292     PC=(0x800003d0,0x800003cc,0x800003c8) [37, 19, 19], WB: DASM(00000013)
Cyc=       309 Op1=[0x0f0f1000] Op2=[0x00000000] W[W, 0= 0x00000000] [_,0x0f0f1137]  293     PC=(0x800003d4,0x800003d0,0x800003cc) [13, 55, 19], WB: DASM(00000013)
Cyc=       310 Op1=[0x0f0f1000] Op2=[0xffffff0f] W[W, 2= 0x0f0f1000] [_,0xf0f10113]  294     PC=(0x800003d8,0x800003d4,0x800003d0) [33, 19, 55], WB: DASM(0f0f1137)
Cyc=       311 Op1=[0x00ff00ff] Op2=[0x0f0f0f0f] W[W, 2= 0x0f0f0f0f] [_,0x0020ff33]  295     PC=(0x800003dc,0x800003d8,0x800003d4) [13, 51, 19], WB: DASM(f0f10113)
Cyc=       312 Op1=[0x00000000] Op2=[0x00000001] W[W,30= 0x000f000f] [_,0x00120213]  296     PC=(0x800003e0,0x800003dc,0x800003d8) [13, 19, 51], WB: DASM(0020ff33)
Cyc=       313 Op1=[0x00000000] Op2=[0x00000002] W[W, 4= 0x00000001] [_,0x00200293]  297     PC=(0x800003e4,0x800003e0,0x800003dc) [63, 19, 19], WB: DASM(00120213)
Cyc=       314 Op1=[0x00000001] Op2=[0x00000002] W[W, 5= 0x00000002] [_,0xfc521ee3]  298   B PC=(0x800003e8,0x800003e4,0x800003e0) [37, 99, 19], WB: DASM(00200293)
Cyc=       315 Op1=[0x000f0000] Op2=[0x00000000] W[_,29= 0x00000003] [_,0x000f0eb7]  299     PC=(0x800003c0,0x800003e8,0x800003e4) [37, 51, 99], WB: DASM(fc521ee3)
Cyc=       316 Op1=[0x00ff0000] Op2=[0x00000000] W[_,29= 0x000f0000] [_,0x00ff00b7]  300     PC=(0x800003c4,0x800003c0,0x800003e8) [13, 55, 51], WB: DASM(00004033)
Cyc=       317 Op1=[0x00ff0000] Op2=[0x000000ff] W[W, 1= 0x00ff0000] [_,0x0ff08093]  300     PC=(0x800003c8,0x800003c4,0x800003c0) [13, 19, 55], WB: DASM(00ff00b7)
Cyc=       318 Op1=[0x00000000] Op2=[0x00000000] W[W, 1= 0x00ff00ff] [_,0x00000013]  301     PC=(0x800003cc,0x800003c8,0x800003c4) [13, 19, 19], WB: DASM(0ff08093)
Cyc=       319 Op1=[0x00000000] Op2=[0x00000000] W[W, 0= 0x00000000] [_,0x00000013]  302     PC=(0x800003d0,0x800003cc,0x800003c8) [37, 19, 19], WB: DASM(00000013)
Cyc=       320 Op1=[0x0f0f1000] Op2=[0x00000000] W[W, 0= 0x00000000] [_,0x0f0f1137]  303     PC=(0x800003d4,0x800003d0,0x800003cc) [13, 55, 19], WB: DASM(00000013)
Cyc=       321 Op1=[0x0f0f1000] Op2=[0xffffff0f] W[W, 2= 0x0f0f1000] [_,0xf0f10113]  304     PC=(0x800003d8,0x800003d4,0x800003d0) [33, 19, 55], WB: DASM(0f0f1137)
Cyc=       322 Op1=[0x00ff00ff] Op2=[0x0f0f0f0f] W[W, 2= 0x0f0f0f0f] [_,0x0020ff33]  305     PC=(0x800003dc,0x800003d8,0x800003d4) [13, 51, 19], WB: DASM(f0f10113)
Cyc=       323 Op1=[0x00000001] Op2=[0x00000001] W[W,30= 0x000f000f] [_,0x00120213]  306     PC=(0x800003e0,0x800003dc,0x800003d8) [13, 19, 51], WB: DASM(0020ff33)
Cyc=       324 Op1=[0x00000000] Op2=[0x00000002] W[W, 4= 0x00000002] [_,0x00200293]  307     PC=(0x800003e4,0x800003e0,0x800003dc) [63, 19, 19], WB: DASM(00120213)
Cyc=       325 Op1=[0x00000002] Op2=[0x00000002] W[W, 5= 0x00000002] [_,0xfc521ee3]  308     PC=(0x800003e8,0x800003e4,0x800003e0) [37, 99, 19], WB: DASM(00200293)
Cyc=       326 Op1=[0x000f0000] Op2=[0x00000000] W[_,29= 0x00000004] [_,0x000f0eb7]  309     PC=(0x800003ec,0x800003e8,0x800003e4) [13, 55, 99], WB: DASM(fc521ee3)
Cyc=       327 Op1=[0x000f0000] Op2=[0x0000000f] W[W,29= 0x000f0000] [_,0x00fe8e93]  310     PC=(0x800003f0,0x800003ec,0x800003e8) [13, 19, 55], WB: DASM(000f0eb7)
Cyc=       328 Op1=[0x00000000] Op2=[0x00000011] W[W,29= 0x000f000f] [_,0x01100193]  311     PC=(0x800003f4,0x800003f0,0x800003ec) [63, 19, 19], WB: DASM(00fe8e93)
Cyc=       329 Op1=[0x000f000f] Op2=[0x000f000f] W[W, 3= 0x00000011] [_,0x1ddf1063]  312     PC=(0x800003f8,0x800003f4,0x800003f0) [13, 99, 19], WB: DASM(01100193)
Cyc=       330 Op1=[0x00000000] Op2=[0x00000000] W[_, 0= 0x001e001e] [_,0x00000213]  313     PC=(0x800003fc,0x800003f8,0x800003f4) [37, 19, 99], WB: DASM(1ddf1063)
Cyc=       331 Op1=[0x0f0f1000] Op2=[0x00000000] W[W, 4= 0x00000000] [_,0x0f0f1137]  314     PC=(0x80000400,0x800003fc,0x800003f8) [13, 55, 19], WB: DASM(00000213)
Cyc=       332 Op1=[0x0f0f1000] Op2=[0xffffff0f] W[W, 2= 0x0f0f1000] [_,0xf0f10113]  315     PC=(0x80000404,0x80000400,0x800003fc) [37, 19, 55], WB: DASM(0f0f1137)
Cyc=       333 Op1=[0xff010000] Op2=[0x00000000] W[W, 2= 0x0f0f0f0f] [_,0xff0100b7]  316     PC=(0x80000408,0x80000404,0x80000400) [13, 55, 19], WB: DASM(f0f10113)
Cyc=       334 Op1=[0xff010000] Op2=[0xffffff00] W[W, 1= 0xff010000] [_,0xf0008093]  317     PC=(0x8000040c,0x80000408,0x80000404) [33, 19, 55], WB: DASM(ff0100b7)
Cyc=       335 Op1=[0xff00ff00] Op2=[0x0f0f0f0f] W[W, 1= 0xff00ff00] [_,0x0020ff33]  318     PC=(0x80000410,0x8000040c,0x80000408) [13, 51, 19], WB: DASM(f0008093)
Cyc=       336 Op1=[0x00000000] Op2=[0x00000001] W[W,30= 0x0f000f00] [_,0x00120213]  319     PC=(0x80000414,0x80000410,0x8000040c) [13, 19, 51], WB: DASM(0020ff33)
Cyc=       337 Op1=[0x00000000] Op2=[0x00000002] W[W, 4= 0x00000001] [_,0x00200293]  320     PC=(0x80000418,0x80000414,0x80000410) [63, 19, 19], WB: DASM(00120213)
Cyc=       338 Op1=[0x00000001] Op2=[0x00000002] W[W, 5= 0x00000002] [_,0xfe5212e3]  321   B PC=(0x8000041c,0x80000418,0x80000414) [37, 99, 19], WB: DASM(00200293)
Cyc=       339 Op1=[0x0f001000] Op2=[0x00000000] W[_, 5= 0x00000003] [_,0x0f001eb7]  322     PC=(0x800003fc,0x8000041c,0x80000418) [37, 51, 99], WB: DASM(fe5212e3)
Cyc=       340 Op1=[0x0f0f1000] Op2=[0x00000000] W[_,29= 0x0f001000] [_,0x0f0f1137]  323     PC=(0x80000400,0x800003fc,0x8000041c) [13, 55, 51], WB: DASM(00004033)
Cyc=       341 Op1=[0x0f0f1000] Op2=[0xffffff0f] W[W, 2= 0x0f0f1000] [_,0xf0f10113]  323     PC=(0x80000404,0x80000400,0x800003fc) [37, 19, 55], WB: DASM(0f0f1137)
Cyc=       342 Op1=[0xff010000] Op2=[0x00000000] W[W, 2= 0x0f0f0f0f] [_,0xff0100b7]  324     PC=(0x80000408,0x80000404,0x80000400) [13, 55, 19], WB: DASM(f0f10113)
Cyc=       343 Op1=[0xff010000] Op2=[0xffffff00] W[W, 1= 0xff010000] [_,0xf0008093]  325     PC=(0x8000040c,0x80000408,0x80000404) [33, 19, 55], WB: DASM(ff0100b7)
Cyc=       344 Op1=[0xff00ff00] Op2=[0x0f0f0f0f] W[W, 1= 0xff00ff00] [_,0x0020ff33]  326     PC=(0x80000410,0x8000040c,0x80000408) [13, 51, 19], WB: DASM(f0008093)
Cyc=       345 Op1=[0x00000001] Op2=[0x00000001] W[W,30= 0x0f000f00] [_,0x00120213]  327     PC=(0x80000414,0x80000410,0x8000040c) [13, 19, 51], WB: DASM(0020ff33)
Cyc=       346 Op1=[0x00000000] Op2=[0x00000002] W[W, 4= 0x00000002] [_,0x00200293]  328     PC=(0x80000418,0x80000414,0x80000410) [63, 19, 19], WB: DASM(00120213)
Cyc=       347 Op1=[0x00000002] Op2=[0x00000002] W[W, 5= 0x00000002] [_,0xfe5212e3]  329     PC=(0x8000041c,0x80000418,0x80000414) [37, 99, 19], WB: DASM(00200293)
Cyc=       348 Op1=[0x0f001000] Op2=[0x00000000] W[_, 5= 0x00000004] [_,0x0f001eb7]  330     PC=(0x80000420,0x8000041c,0x80000418) [13, 55, 99], WB: DASM(fe5212e3)
Cyc=       349 Op1=[0x0f001000] Op2=[0xffffff00] W[W,29= 0x0f001000] [_,0xf00e8e93]  331     PC=(0x80000424,0x80000420,0x8000041c) [13, 19, 55], WB: DASM(0f001eb7)
Cyc=       350 Op1=[0x00000000] Op2=[0x00000012] W[W,29= 0x0f000f00] [_,0x01200193]  332     PC=(0x80000428,0x80000424,0x80000420) [63, 19, 19], WB: DASM(f00e8e93)
Cyc=       351 Op1=[0x0f000f00] Op2=[0x0f000f00] W[W, 3= 0x00000012] [_,0x19df1663]  333     PC=(0x8000042c,0x80000428,0x80000424) [13, 99, 19], WB: DASM(01200193)
Cyc=       352 Op1=[0x00000000] Op2=[0x00000000] W[_,12= 0x1e001e00] [_,0x00000213]  334     PC=(0x80000430,0x8000042c,0x80000428) [37, 19, 99], WB: DASM(19df1663)
Cyc=       353 Op1=[0xf0f0f000] Op2=[0x00000000] W[W, 4= 0x00000000] [_,0xf0f0f137]  335     PC=(0x80000434,0x80000430,0x8000042c) [13, 55, 19], WB: DASM(00000213)
Cyc=       354 Op1=[0xf0f0f000] Op2=[0x000000f0] W[W, 2= 0xf0f0f000] [_,0x0f010113]  336     PC=(0x80000438,0x80000434,0x80000430) [37, 19, 55], WB: DASM(f0f0f137)
Cyc=       355 Op1=[0x0ff01000] Op2=[0x00000000] W[W, 2= 0xf0f0f0f0] [_,0x0ff010b7]  337     PC=(0x8000043c,0x80000438,0x80000434) [13, 55, 19], WB: DASM(0f010113)
Cyc=       356 Op1=[0x0ff01000] Op2=[0xfffffff0] W[W, 1= 0x0ff01000] [_,0xff008093]  338     PC=(0x80000440,0x8000043c,0x80000438) [13, 19, 55], WB: DASM(0ff010b7)
Cyc=       357 Op1=[0x00000000] Op2=[0x00000000] W[W, 1= 0x0ff00ff0] [_,0x00000013]  339     PC=(0x80000444,0x80000440,0x8000043c) [33, 19, 19], WB: DASM(ff008093)
Cyc=       358 Op1=[0x0ff00ff0] Op2=[0xf0f0f0f0] W[W, 0= 0x00000000] [_,0x0020ff33]  340     PC=(0x80000448,0x80000444,0x80000440) [13, 51, 19], WB: DASM(00000013)
Cyc=       359 Op1=[0x00000000] Op2=[0x00000001] W[W,30= 0x00f000f0] [_,0x00120213]  341     PC=(0x8000044c,0x80000448,0x80000444) [13, 19, 51], WB: DASM(0020ff33)
Cyc=       360 Op1=[0x00000000] Op2=[0x00000002] W[W, 4= 0x00000001] [_,0x00200293]  342     PC=(0x80000450,0x8000044c,0x80000448) [63, 19, 19], WB: DASM(00120213)
Cyc=       361 Op1=[0x00000001] Op2=[0x00000002] W[W, 5= 0x00000002] [_,0xfe5210e3]  343   B PC=(0x80000454,0x80000450,0x8000044c) [37, 99, 19], WB: DASM(00200293)
Cyc=       362 Op1=[0x00f00000] Op2=[0x00000000] W[_, 1= 0x00000003] [_,0x00f00eb7]  344     PC=(0x80000430,0x80000454,0x80000450) [37, 51, 99], WB: DASM(fe5210e3)
Cyc=       363 Op1=[0xf0f0f000] Op2=[0x00000000] W[_,29= 0x00f00000] [_,0xf0f0f137]  345     PC=(0x80000434,0x80000430,0x80000454) [13, 55, 51], WB: DASM(00004033)
Cyc=       364 Op1=[0xf0f0f000] Op2=[0x000000f0] W[W, 2= 0xf0f0f000] [_,0x0f010113]  345     PC=(0x80000438,0x80000434,0x80000430) [37, 19, 55], WB: DASM(f0f0f137)
Cyc=       365 Op1=[0x0ff01000] Op2=[0x00000000] W[W, 2= 0xf0f0f0f0] [_,0x0ff010b7]  346     PC=(0x8000043c,0x80000438,0x80000434) [13, 55, 19], WB: DASM(0f010113)
Cyc=       366 Op1=[0x0ff01000] Op2=[0xfffffff0] W[W, 1= 0x0ff01000] [_,0xff008093]  347     PC=(0x80000440,0x8000043c,0x80000438) [13, 19, 55], WB: DASM(0ff010b7)
Cyc=       367 Op1=[0x00000000] Op2=[0x00000000] W[W, 1= 0x0ff00ff0] [_,0x00000013]  348     PC=(0x80000444,0x80000440,0x8000043c) [33, 19, 19], WB: DASM(ff008093)
Cyc=       368 Op1=[0x0ff00ff0] Op2=[0xf0f0f0f0] W[W, 0= 0x00000000] [_,0x0020ff33]  349     PC=(0x80000448,0x80000444,0x80000440) [13, 51, 19], WB: DASM(00000013)
Cyc=       369 Op1=[0x00000001] Op2=[0x00000001] W[W,30= 0x00f000f0] [_,0x00120213]  350     PC=(0x8000044c,0x80000448,0x80000444) [13, 19, 51], WB: DASM(0020ff33)
Cyc=       370 Op1=[0x00000000] Op2=[0x00000002] W[W, 4= 0x00000002] [_,0x00200293]  351     PC=(0x80000450,0x8000044c,0x80000448) [63, 19, 19], WB: DASM(00120213)
Cyc=       371 Op1=[0x00000002] Op2=[0x00000002] W[W, 5= 0x00000002] [_,0xfe5210e3]  352     PC=(0x80000454,0x80000450,0x8000044c) [37, 99, 19], WB: DASM(00200293)
Cyc=       372 Op1=[0x00f00000] Op2=[0x00000000] W[_, 1= 0x00000004] [_,0x00f00eb7]  353     PC=(0x80000458,0x80000454,0x80000450) [13, 55, 99], WB: DASM(fe5210e3)
Cyc=       373 Op1=[0x00f00000] Op2=[0x000000f0] W[W,29= 0x00f00000] [_,0x0f0e8e93]  354     PC=(0x8000045c,0x80000458,0x80000454) [13, 19, 55], WB: DASM(00f00eb7)
Cyc=       374 Op1=[0x00000000] Op2=[0x00000013] W[W,29= 0x00f000f0] [_,0x01300193]  355     PC=(0x80000460,0x8000045c,0x80000458) [63, 19, 19], WB: DASM(0f0e8e93)
Cyc=       375 Op1=[0x00f000f0] Op2=[0x00f000f0] W[W, 3= 0x00000013] [_,0x15df1a63]  356     PC=(0x80000464,0x80000460,0x8000045c) [13, 99, 19], WB: DASM(01300193)
Cyc=       376 Op1=[0x00000000] Op2=[0x00000000] W[_,20= 0x01e001e0] [_,0x00000213]  357     PC=(0x80000468,0x80000464,0x80000460) [37, 19, 99], WB: DASM(15df1a63)
Cyc=       377 Op1=[0x0f0f1000] Op2=[0x00000000] W[W, 4= 0x00000000] [_,0x0f0f1137]  358     PC=(0x8000046c,0x80000468,0x80000464) [13, 55, 19], WB: DASM(00000213)
Cyc=       378 Op1=[0x0f0f1000] Op2=[0xffffff0f] W[W, 2= 0x0f0f1000] [_,0xf0f10113]  359     PC=(0x80000470,0x8000046c,0x80000468) [37, 19, 55], WB: DASM(0f0f1137)
Cyc=       379 Op1=[0x00ff0000] Op2=[0x00000000] W[W, 2= 0x0f0f0f0f] [_,0x00ff00b7]  360     PC=(0x80000474,0x80000470,0x8000046c) [13, 55, 19], WB: DASM(f0f10113)
Cyc=       380 Op1=[0x00ff0000] Op2=[0x000000ff] W[W, 1= 0x00ff0000] [_,0x0ff08093]  361     PC=(0x80000478,0x80000474,0x80000470) [13, 19, 55], WB: DASM(00ff00b7)
Cyc=       381 Op1=[0x00000000] Op2=[0x00000000] W[W, 1= 0x00ff00ff] [_,0x00000013]  362     PC=(0x8000047c,0x80000478,0x80000474) [13, 19, 19], WB: DASM(0ff08093)
Cyc=       382 Op1=[0x00000000] Op2=[0x00000000] W[W, 0= 0x00000000] [_,0x00000013]  363     PC=(0x80000480,0x8000047c,0x80000478) [33, 19, 19], WB: DASM(00000013)
Cyc=       383 Op1=[0x00ff00ff] Op2=[0x0f0f0f0f] W[W, 0= 0x00000000] [_,0x0020ff33]  364     PC=(0x80000484,0x80000480,0x8000047c) [13, 51, 19], WB: DASM(00000013)
Cyc=       384 Op1=[0x00000000] Op2=[0x00000001] W[W,30= 0x000f000f] [_,0x00120213]  365     PC=(0x80000488,0x80000484,0x80000480) [13, 19, 51], WB: DASM(0020ff33)
Cyc=       385 Op1=[0x00000000] Op2=[0x00000002] W[W, 4= 0x00000001] [_,0x00200293]  366     PC=(0x8000048c,0x80000488,0x80000484) [63, 19, 19], WB: DASM(00120213)
Cyc=       386 Op1=[0x00000001] Op2=[0x00000002] W[W, 5= 0x00000002] [_,0xfc521ee3]  367   B PC=(0x80000490,0x8000048c,0x80000488) [37, 99, 19], WB: DASM(00200293)
Cyc=       387 Op1=[0x000f0000] Op2=[0x00000000] W[_,29= 0x00000003] [_,0x000f0eb7]  368     PC=(0x80000468,0x80000490,0x8000048c) [37, 51, 99], WB: DASM(fc521ee3)
Cyc=       388 Op1=[0x0f0f1000] Op2=[0x00000000] W[_,29= 0x000f0000] [_,0x0f0f1137]  369     PC=(0x8000046c,0x80000468,0x80000490) [13, 55, 51], WB: DASM(00004033)
Cyc=       389 Op1=[0x0f0f1000] Op2=[0xffffff0f] W[W, 2= 0x0f0f1000] [_,0xf0f10113]  369     PC=(0x80000470,0x8000046c,0x80000468) [37, 19, 55], WB: DASM(0f0f1137)
Cyc=       390 Op1=[0x00ff0000] Op2=[0x00000000] W[W, 2= 0x0f0f0f0f] [_,0x00ff00b7]  370     PC=(0x80000474,0x80000470,0x8000046c) [13, 55, 19], WB: DASM(f0f10113)
Cyc=       391 Op1=[0x00ff0000] Op2=[0x000000ff] W[W, 1= 0x00ff0000] [_,0x0ff08093]  371     PC=(0x80000478,0x80000474,0x80000470) [13, 19, 55], WB: DASM(00ff00b7)
Cyc=       392 Op1=[0x00000000] Op2=[0x00000000] W[W, 1= 0x00ff00ff] [_,0x00000013]  372     PC=(0x8000047c,0x80000478,0x80000474) [13, 19, 19], WB: DASM(0ff08093)
Cyc=       393 Op1=[0x00000000] Op2=[0x00000000] W[W, 0= 0x00000000] [_,0x00000013]  373     PC=(0x80000480,0x8000047c,0x80000478) [33, 19, 19], WB: DASM(00000013)
Cyc=       394 Op1=[0x00ff00ff] Op2=[0x0f0f0f0f] W[W, 0= 0x00000000] [_,0x0020ff33]  374     PC=(0x80000484,0x80000480,0x8000047c) [13, 51, 19], WB: DASM(00000013)
Cyc=       395 Op1=[0x00000001] Op2=[0x00000001] W[W,30= 0x000f000f] [_,0x00120213]  375     PC=(0x80000488,0x80000484,0x80000480) [13, 19, 51], WB: DASM(0020ff33)
Cyc=       396 Op1=[0x00000000] Op2=[0x00000002] W[W, 4= 0x00000002] [_,0x00200293]  376     PC=(0x8000048c,0x80000488,0x80000484) [63, 19, 19], WB: DASM(00120213)
Cyc=       397 Op1=[0x00000002] Op2=[0x00000002] W[W, 5= 0x00000002] [_,0xfc521ee3]  377     PC=(0x80000490,0x8000048c,0x80000488) [37, 99, 19], WB: DASM(00200293)
Cyc=       398 Op1=[0x000f0000] Op2=[0x00000000] W[_,29= 0x00000004] [_,0x000f0eb7]  378     PC=(0x80000494,0x80000490,0x8000048c) [13, 55, 99], WB: DASM(fc521ee3)
Cyc=       399 Op1=[0x000f0000] Op2=[0x0000000f] W[W,29= 0x000f0000] [_,0x00fe8e93]  379     PC=(0x80000498,0x80000494,0x80000490) [13, 19, 55], WB: DASM(000f0eb7)
Cyc=       400 Op1=[0x00000000] Op2=[0x00000014] W[W,29= 0x000f000f] [_,0x01400193]  380     PC=(0x8000049c,0x80000498,0x80000494) [63, 19, 19], WB: DASM(00fe8e93)
Cyc=       401 Op1=[0x000f000f] Op2=[0x000f000f] W[W, 3= 0x00000014] [_,0x11df1c63]  381     PC=(0x800004a0,0x8000049c,0x80000498) [13, 99, 19], WB: DASM(01400193)
Cyc=       402 Op1=[0x00000000] Op2=[0x00000000] W[_,24= 0x001e001e] [_,0x00000213]  382     PC=(0x800004a4,0x800004a0,0x8000049c) [37, 19, 99], WB: DASM(11df1c63)
Cyc=       403 Op1=[0x0f0f1000] Op2=[0x00000000] W[W, 4= 0x00000000] [_,0x0f0f1137]  383     PC=(0x800004a8,0x800004a4,0x800004a0) [13, 55, 19], WB: DASM(00000213)
Cyc=       404 Op1=[0x0f0f1000] Op2=[0xffffff0f] W[W, 2= 0x0f0f1000] [_,0xf0f10113]  384     PC=(0x800004ac,0x800004a8,0x800004a4) [13, 19, 55], WB: DASM(0f0f1137)
Cyc=       405 Op1=[0x00000000] Op2=[0x00000000] W[W, 2= 0x0f0f0f0f] [_,0x00000013]  385     PC=(0x800004b0,0x800004ac,0x800004a8) [37, 19, 19], WB: DASM(f0f10113)
Cyc=       406 Op1=[0xff010000] Op2=[0x00000000] W[W, 0= 0x00000000] [_,0xff0100b7]  386     PC=(0x800004b4,0x800004b0,0x800004ac) [13, 55, 19], WB: DASM(00000013)
Cyc=       407 Op1=[0xff010000] Op2=[0xffffff00] W[W, 1= 0xff010000] [_,0xf0008093]  387     PC=(0x800004b8,0x800004b4,0x800004b0) [33, 19, 55], WB: DASM(ff0100b7)
Cyc=       408 Op1=[0xff00ff00] Op2=[0x0f0f0f0f] W[W, 1= 0xff00ff00] [_,0x0020ff33]  388     PC=(0x800004bc,0x800004b8,0x800004b4) [13, 51, 19], WB: DASM(f0008093)
Cyc=       409 Op1=[0x00000000] Op2=[0x00000001] W[W,30= 0x0f000f00] [_,0x00120213]  389     PC=(0x800004c0,0x800004bc,0x800004b8) [13, 19, 51], WB: DASM(0020ff33)
Cyc=       410 Op1=[0x00000000] Op2=[0x00000002] W[W, 4= 0x00000001] [_,0x00200293]  390     PC=(0x800004c4,0x800004c0,0x800004bc) [63, 19, 19], WB: DASM(00120213)
Cyc=       411 Op1=[0x00000001] Op2=[0x00000002] W[W, 5= 0x00000002] [_,0xfe5210e3]  391   B PC=(0x800004c8,0x800004c4,0x800004c0) [37, 99, 19], WB: DASM(00200293)
Cyc=       412 Op1=[0x0f001000] Op2=[0x00000000] W[_, 1= 0x00000003] [_,0x0f001eb7]  392     PC=(0x800004a4,0x800004c8,0x800004c4) [37, 51, 99], WB: DASM(fe5210e3)
Cyc=       413 Op1=[0x0f0f1000] Op2=[0x00000000] W[_,29= 0x0f001000] [_,0x0f0f1137]  393     PC=(0x800004a8,0x800004a4,0x800004c8) [13, 55, 51], WB: DASM(00004033)
Cyc=       414 Op1=[0x0f0f1000] Op2=[0xffffff0f] W[W, 2= 0x0f0f1000] [_,0xf0f10113]  393     PC=(0x800004ac,0x800004a8,0x800004a4) [13, 19, 55], WB: DASM(0f0f1137)
Cyc=       415 Op1=[0x00000000] Op2=[0x00000000] W[W, 2= 0x0f0f0f0f] [_,0x00000013]  394     PC=(0x800004b0,0x800004ac,0x800004a8) [37, 19, 19], WB: DASM(f0f10113)
Cyc=       416 Op1=[0xff010000] Op2=[0x00000000] W[W, 0= 0x00000000] [_,0xff0100b7]  395     PC=(0x800004b4,0x800004b0,0x800004ac) [13, 55, 19], WB: DASM(00000013)
Cyc=       417 Op1=[0xff010000] Op2=[0xffffff00] W[W, 1= 0xff010000] [_,0xf0008093]  396     PC=(0x800004b8,0x800004b4,0x800004b0) [33, 19, 55], WB: DASM(ff0100b7)
Cyc=       418 Op1=[0xff00ff00] Op2=[0x0f0f0f0f] W[W, 1= 0xff00ff00] [_,0x0020ff33]  397     PC=(0x800004bc,0x800004b8,0x800004b4) [13, 51, 19], WB: DASM(f0008093)
Cyc=       419 Op1=[0x00000001] Op2=[0x00000001] W[W,30= 0x0f000f00] [_,0x00120213]  398     PC=(0x800004c0,0x800004bc,0x800004b8) [13, 19, 51], WB: DASM(0020ff33)
Cyc=       420 Op1=[0x00000000] Op2=[0x00000002] W[W, 4= 0x00000002] [_,0x00200293]  399     PC=(0x800004c4,0x800004c0,0x800004bc) [63, 19, 19], WB: DASM(00120213)
Cyc=       421 Op1=[0x00000002] Op2=[0x00000002] W[W, 5= 0x00000002] [_,0xfe5210e3]  400     PC=(0x800004c8,0x800004c4,0x800004c0) [37, 99, 19], WB: DASM(00200293)
Cyc=       422 Op1=[0x0f001000] Op2=[0x00000000] W[_, 1= 0x00000004] [_,0x0f001eb7]  401     PC=(0x800004cc,0x800004c8,0x800004c4) [13, 55, 99], WB: DASM(fe5210e3)
Cyc=       423 Op1=[0x0f001000] Op2=[0xffffff00] W[W,29= 0x0f001000] [_,0xf00e8e93]  402     PC=(0x800004d0,0x800004cc,0x800004c8) [13, 19, 55], WB: DASM(0f001eb7)
Cyc=       424 Op1=[0x00000000] Op2=[0x00000015] W[W,29= 0x0f000f00] [_,0x01500193]  403     PC=(0x800004d4,0x800004d0,0x800004cc) [63, 19, 19], WB: DASM(f00e8e93)
Cyc=       425 Op1=[0x0f000f00] Op2=[0x0f000f00] W[W, 3= 0x00000015] [_,0x0fdf1063]  404     PC=(0x800004d8,0x800004d4,0x800004d0) [13, 99, 19], WB: DASM(01500193)
Cyc=       426 Op1=[0x00000000] Op2=[0x00000000] W[_, 0= 0x1e001e00] [_,0x00000213]  405     PC=(0x800004dc,0x800004d8,0x800004d4) [37, 19, 99], WB: DASM(0fdf1063)
Cyc=       427 Op1=[0xf0f0f000] Op2=[0x00000000] W[W, 4= 0x00000000] [_,0xf0f0f137]  406     PC=(0x800004e0,0x800004dc,0x800004d8) [13, 55, 19], WB: DASM(00000213)
Cyc=       428 Op1=[0xf0f0f000] Op2=[0x000000f0] W[W, 2= 0xf0f0f000] [_,0x0f010113]  407     PC=(0x800004e4,0x800004e0,0x800004dc) [13, 19, 55], WB: DASM(f0f0f137)
Cyc=       429 Op1=[0x00000000] Op2=[0x00000000] W[W, 2= 0xf0f0f0f0] [_,0x00000013]  408     PC=(0x800004e8,0x800004e4,0x800004e0) [37, 19, 19], WB: DASM(0f010113)
Cyc=       430 Op1=[0x0ff01000] Op2=[0x00000000] W[W, 0= 0x00000000] [_,0x0ff010b7]  409     PC=(0x800004ec,0x800004e8,0x800004e4) [13, 55, 19], WB: DASM(00000013)
Cyc=       431 Op1=[0x0ff01000] Op2=[0xfffffff0] W[W, 1= 0x0ff01000] [_,0xff008093]  410     PC=(0x800004f0,0x800004ec,0x800004e8) [13, 19, 55], WB: DASM(0ff010b7)
Cyc=       432 Op1=[0x00000000] Op2=[0x00000000] W[W, 1= 0x0ff00ff0] [_,0x00000013]  411     PC=(0x800004f4,0x800004f0,0x800004ec) [33, 19, 19], WB: DASM(ff008093)
Cyc=       433 Op1=[0x0ff00ff0] Op2=[0xf0f0f0f0] W[W, 0= 0x00000000] [_,0x0020ff33]  412     PC=(0x800004f8,0x800004f4,0x800004f0) [13, 51, 19], WB: DASM(00000013)
Cyc=       434 Op1=[0x00000000] Op2=[0x00000001] W[W,30= 0x00f000f0] [_,0x00120213]  413     PC=(0x800004fc,0x800004f8,0x800004f4) [13, 19, 51], WB: DASM(0020ff33)
Cyc=       435 Op1=[0x00000000] Op2=[0x00000002] W[W, 4= 0x00000001] [_,0x00200293]  414     PC=(0x80000500,0x800004fc,0x800004f8) [63, 19, 19], WB: DASM(00120213)
Cyc=       436 Op1=[0x00000001] Op2=[0x00000002] W[W, 5= 0x00000002] [_,0xfc521ee3]  415   B PC=(0x80000504,0x80000500,0x800004fc) [37, 99, 19], WB: DASM(00200293)
Cyc=       437 Op1=[0x00f00000] Op2=[0x00000000] W[_,29= 0x00000003] [_,0x00f00eb7]  416     PC=(0x800004dc,0x80000504,0x80000500) [37, 51, 99], WB: DASM(fc521ee3)
Cyc=       438 Op1=[0xf0f0f000] Op2=[0x00000000] W[_,29= 0x00f00000] [_,0xf0f0f137]  417     PC=(0x800004e0,0x800004dc,0x80000504) [13, 55, 51], WB: DASM(00004033)
Cyc=       439 Op1=[0xf0f0f000] Op2=[0x000000f0] W[W, 2= 0xf0f0f000] [_,0x0f010113]  417     PC=(0x800004e4,0x800004e0,0x800004dc) [13, 19, 55], WB: DASM(f0f0f137)
Cyc=       440 Op1=[0x00000000] Op2=[0x00000000] W[W, 2= 0xf0f0f0f0] [_,0x00000013]  418     PC=(0x800004e8,0x800004e4,0x800004e0) [37, 19, 19], WB: DASM(0f010113)
Cyc=       441 Op1=[0x0ff01000] Op2=[0x00000000] W[W, 0= 0x00000000] [_,0x0ff010b7]  419     PC=(0x800004ec,0x800004e8,0x800004e4) [13, 55, 19], WB: DASM(00000013)
Cyc=       442 Op1=[0x0ff01000] Op2=[0xfffffff0] W[W, 1= 0x0ff01000] [_,0xff008093]  420     PC=(0x800004f0,0x800004ec,0x800004e8) [13, 19, 55], WB: DASM(0ff010b7)
Cyc=       443 Op1=[0x00000000] Op2=[0x00000000] W[W, 1= 0x0ff00ff0] [_,0x00000013]  421     PC=(0x800004f4,0x800004f0,0x800004ec) [33, 19, 19], WB: DASM(ff008093)
Cyc=       444 Op1=[0x0ff00ff0] Op2=[0xf0f0f0f0] W[W, 0= 0x00000000] [_,0x0020ff33]  422     PC=(0x800004f8,0x800004f4,0x800004f0) [13, 51, 19], WB: DASM(00000013)
Cyc=       445 Op1=[0x00000001] Op2=[0x00000001] W[W,30= 0x00f000f0] [_,0x00120213]  423     PC=(0x800004fc,0x800004f8,0x800004f4) [13, 19, 51], WB: DASM(0020ff33)
Cyc=       446 Op1=[0x00000000] Op2=[0x00000002] W[W, 4= 0x00000002] [_,0x00200293]  424     PC=(0x80000500,0x800004fc,0x800004f8) [63, 19, 19], WB: DASM(00120213)
Cyc=       447 Op1=[0x00000002] Op2=[0x00000002] W[W, 5= 0x00000002] [_,0xfc521ee3]  425     PC=(0x80000504,0x80000500,0x800004fc) [37, 99, 19], WB: DASM(00200293)
Cyc=       448 Op1=[0x00f00000] Op2=[0x00000000] W[_,29= 0x00000004] [_,0x00f00eb7]  426     PC=(0x80000508,0x80000504,0x80000500) [13, 55, 99], WB: DASM(fc521ee3)
Cyc=       449 Op1=[0x00f00000] Op2=[0x000000f0] W[W,29= 0x00f00000] [_,0x0f0e8e93]  427     PC=(0x8000050c,0x80000508,0x80000504) [13, 19, 55], WB: DASM(00f00eb7)
Cyc=       450 Op1=[0x00000000] Op2=[0x00000016] W[W,29= 0x00f000f0] [_,0x01600193]  428     PC=(0x80000510,0x8000050c,0x80000508) [63, 19, 19], WB: DASM(0f0e8e93)
Cyc=       451 Op1=[0x00f000f0] Op2=[0x00f000f0] W[W, 3= 0x00000016] [_,0x0bdf1263]  429     PC=(0x80000514,0x80000510,0x8000050c) [13, 99, 19], WB: DASM(01600193)
Cyc=       452 Op1=[0x00000000] Op2=[0x00000000] W[_, 4= 0x01e001e0] [_,0x00000213]  430     PC=(0x80000518,0x80000514,0x80000510) [37, 19, 99], WB: DASM(0bdf1263)
Cyc=       453 Op1=[0x0f0f1000] Op2=[0x00000000] W[W, 4= 0x00000000] [_,0x0f0f1137]  431     PC=(0x8000051c,0x80000518,0x80000514) [13, 55, 19], WB: DASM(00000213)
Cyc=       454 Op1=[0x0f0f1000] Op2=[0xffffff0f] W[W, 2= 0x0f0f1000] [_,0xf0f10113]  432     PC=(0x80000520,0x8000051c,0x80000518) [13, 19, 55], WB: DASM(0f0f1137)
Cyc=       455 Op1=[0x00000000] Op2=[0x00000000] W[W, 2= 0x0f0f0f0f] [_,0x00000013]  433     PC=(0x80000524,0x80000520,0x8000051c) [13, 19, 19], WB: DASM(f0f10113)
Cyc=       456 Op1=[0x00000000] Op2=[0x00000000] W[W, 0= 0x00000000] [_,0x00000013]  434     PC=(0x80000528,0x80000524,0x80000520) [37, 19, 19], WB: DASM(00000013)
Cyc=       457 Op1=[0x00ff0000] Op2=[0x00000000] W[W, 0= 0x00000000] [_,0x00ff00b7]  435     PC=(0x8000052c,0x80000528,0x80000524) [13, 55, 19], WB: DASM(00000013)
Cyc=       458 Op1=[0x00ff0000] Op2=[0x000000ff] W[W, 1= 0x00ff0000] [_,0x0ff08093]  436     PC=(0x80000530,0x8000052c,0x80000528) [33, 19, 55], WB: DASM(00ff00b7)
Cyc=       459 Op1=[0x00ff00ff] Op2=[0x0f0f0f0f] W[W, 1= 0x00ff00ff] [_,0x0020ff33]  437     PC=(0x80000534,0x80000530,0x8000052c) [13, 51, 19], WB: DASM(0ff08093)
Cyc=       460 Op1=[0x00000000] Op2=[0x00000001] W[W,30= 0x000f000f] [_,0x00120213]  438     PC=(0x80000538,0x80000534,0x80000530) [13, 19, 51], WB: DASM(0020ff33)
Cyc=       461 Op1=[0x00000000] Op2=[0x00000002] W[W, 4= 0x00000001] [_,0x00200293]  439     PC=(0x8000053c,0x80000538,0x80000534) [63, 19, 19], WB: DASM(00120213)
Cyc=       462 Op1=[0x00000001] Op2=[0x00000002] W[W, 5= 0x00000002] [_,0xfc521ee3]  440   B PC=(0x80000540,0x8000053c,0x80000538) [37, 99, 19], WB: DASM(00200293)
Cyc=       463 Op1=[0x000f0000] Op2=[0x00000000] W[_,29= 0x00000003] [_,0x000f0eb7]  441     PC=(0x80000518,0x80000540,0x8000053c) [37, 51, 99], WB: DASM(fc521ee3)
Cyc=       464 Op1=[0x0f0f1000] Op2=[0x00000000] W[_,29= 0x000f0000] [_,0x0f0f1137]  442     PC=(0x8000051c,0x80000518,0x80000540) [13, 55, 51], WB: DASM(00004033)
Cyc=       465 Op1=[0x0f0f1000] Op2=[0xffffff0f] W[W, 2= 0x0f0f1000] [_,0xf0f10113]  442     PC=(0x80000520,0x8000051c,0x80000518) [13, 19, 55], WB: DASM(0f0f1137)
Cyc=       466 Op1=[0x00000000] Op2=[0x00000000] W[W, 2= 0x0f0f0f0f] [_,0x00000013]  443     PC=(0x80000524,0x80000520,0x8000051c) [13, 19, 19], WB: DASM(f0f10113)
Cyc=       467 Op1=[0x00000000] Op2=[0x00000000] W[W, 0= 0x00000000] [_,0x00000013]  444     PC=(0x80000528,0x80000524,0x80000520) [37, 19, 19], WB: DASM(00000013)
Cyc=       468 Op1=[0x00ff0000] Op2=[0x00000000] W[W, 0= 0x00000000] [_,0x00ff00b7]  445     PC=(0x8000052c,0x80000528,0x80000524) [13, 55, 19], WB: DASM(00000013)
Cyc=       469 Op1=[0x00ff0000] Op2=[0x000000ff] W[W, 1= 0x00ff0000] [_,0x0ff08093]  446     PC=(0x80000530,0x8000052c,0x80000528) [33, 19, 55], WB: DASM(00ff00b7)
Cyc=       470 Op1=[0x00ff00ff] Op2=[0x0f0f0f0f] W[W, 1= 0x00ff00ff] [_,0x0020ff33]  447     PC=(0x80000534,0x80000530,0x8000052c) [13, 51, 19], WB: DASM(0ff08093)
Cyc=       471 Op1=[0x00000001] Op2=[0x00000001] W[W,30= 0x000f000f] [_,0x00120213]  448     PC=(0x80000538,0x80000534,0x80000530) [13, 19, 51], WB: DASM(0020ff33)
Cyc=       472 Op1=[0x00000000] Op2=[0x00000002] W[W, 4= 0x00000002] [_,0x00200293]  449     PC=(0x8000053c,0x80000538,0x80000534) [63, 19, 19], WB: DASM(00120213)
Cyc=       473 Op1=[0x00000002] Op2=[0x00000002] W[W, 5= 0x00000002] [_,0xfc521ee3]  450     PC=(0x80000540,0x8000053c,0x80000538) [37, 99, 19], WB: DASM(00200293)
Cyc=       474 Op1=[0x000f0000] Op2=[0x00000000] W[_,29= 0x00000004] [_,0x000f0eb7]  451     PC=(0x80000544,0x80000540,0x8000053c) [13, 55, 99], WB: DASM(fc521ee3)
Cyc=       475 Op1=[0x000f0000] Op2=[0x0000000f] W[W,29= 0x000f0000] [_,0x00fe8e93]  452     PC=(0x80000548,0x80000544,0x80000540) [13, 19, 55], WB: DASM(000f0eb7)
Cyc=       476 Op1=[0x00000000] Op2=[0x00000017] W[W,29= 0x000f000f] [_,0x01700193]  453     PC=(0x8000054c,0x80000548,0x80000544) [63, 19, 19], WB: DASM(00fe8e93)
Cyc=       477 Op1=[0x000f000f] Op2=[0x000f000f] W[W, 3= 0x00000017] [_,0x07df1463]  454     PC=(0x80000550,0x8000054c,0x80000548) [37, 99, 19], WB: DASM(01700193)
Cyc=       478 Op1=[0xff010000] Op2=[0x00000000] W[_, 8= 0x001e001e] [_,0xff0100b7]  455     PC=(0x80000554,0x80000550,0x8000054c) [13, 55, 99], WB: DASM(07df1463)
Cyc=       479 Op1=[0xff010000] Op2=[0xffffff00] W[W, 1= 0xff010000] [_,0xf0008093]  456     PC=(0x80000558,0x80000554,0x80000550) [33, 19, 55], WB: DASM(ff0100b7)
Cyc=       480 Op1=[0x00000000] Op2=[0xff00ff00] W[W, 1= 0xff00ff00] [_,0x00107133]  457     PC=(0x8000055c,0x80000558,0x80000554) [13, 51, 19], WB: DASM(f0008093)
Cyc=       481 Op1=[0x00000000] Op2=[0x00000000] W[W, 2= 0x00000000] [_,0x00000e93]  458     PC=(0x80000560,0x8000055c,0x80000558) [13, 19, 51], WB: DASM(00107133)
Cyc=       482 Op1=[0x00000000] Op2=[0x00000018] W[W,29= 0x00000000] [_,0x01800193]  459     PC=(0x80000564,0x80000560,0x8000055c) [63, 19, 19], WB: DASM(00000e93)
Cyc=       483 Op1=[0x00000000] Op2=[0x00000000] W[W, 3= 0x00000018] [_,0x05d11863]  460     PC=(0x80000568,0x80000564,0x80000560) [37, 99, 19], WB: DASM(01800193)
Cyc=       484 Op1=[0x00ff0000] Op2=[0x00000000] W[_,16= 0x00000000] [_,0x00ff00b7]  461     PC=(0x8000056c,0x80000568,0x80000564) [13, 55, 99], WB: DASM(05d11863)
Cyc=       485 Op1=[0x00ff0000] Op2=[0x000000ff] W[W, 1= 0x00ff0000] [_,0x0ff08093]  462     PC=(0x80000570,0x8000056c,0x80000568) [33, 19, 55], WB: DASM(00ff00b7)
Cyc=       486 Op1=[0x00ff00ff] Op2=[0x00000000] W[W, 1= 0x00ff00ff] [_,0x0000f133]  463     PC=(0x80000574,0x80000570,0x8000056c) [13, 51, 19], WB: DASM(0ff08093)
Cyc=       487 Op1=[0x00000000] Op2=[0x00000000] W[W, 2= 0x00000000] [_,0x00000e93]  464     PC=(0x80000578,0x80000574,0x80000570) [13, 19, 51], WB: DASM(0000f133)
Cyc=       488 Op1=[0x00000000] Op2=[0x00000019] W[W,29= 0x00000000] [_,0x01900193]  465     PC=(0x8000057c,0x80000578,0x80000574) [63, 19, 19], WB: DASM(00000e93)
Cyc=       489 Op1=[0x00000000] Op2=[0x00000000] W[W, 3= 0x00000019] [_,0x03d11c63]  466     PC=(0x80000580,0x8000057c,0x80000578) [33, 99, 19], WB: DASM(01900193)
Cyc=       490 Op1=[0x00000000] Op2=[0x00000000] W[_,24= 0x00000000] [_,0x000070b3]  467     PC=(0x80000584,0x80000580,0x8000057c) [13, 51, 99], WB: DASM(03d11c63)
Cyc=       491 Op1=[0x00000000] Op2=[0x00000000] W[W, 1= 0x00000000] [_,0x00000e93]  468     PC=(0x80000588,0x80000584,0x80000580) [13, 19, 51], WB: DASM(000070b3)
Cyc=       492 Op1=[0x00000000] Op2=[0x0000001a] W[W,29= 0x00000000] [_,0x01a00193]  469     PC=(0x8000058c,0x80000588,0x80000584) [63, 19, 19], WB: DASM(00000e93)
Cyc=       493 Op1=[0x00000000] Op2=[0x00000000] W[W, 3= 0x0000001a] [_,0x03d09463]  470     PC=(0x80000590,0x8000058c,0x80000588) [37, 99, 19], WB: DASM(01a00193)
Cyc=       494 Op1=[0x11111000] Op2=[0x00000000] W[_, 8= 0x00000000] [_,0x111110b7]  471     PC=(0x80000594,0x80000590,0x8000058c) [13, 55, 99], WB: DASM(03d09463)
Cyc=       495 Op1=[0x11111000] Op2=[0x00000111] W[W, 1= 0x11111000] [_,0x11108093]  472     PC=(0x80000598,0x80000594,0x80000590) [37, 19, 55], WB: DASM(111110b7)
Cyc=       496 Op1=[0x22222000] Op2=[0x00000000] W[W, 1= 0x11111111] [_,0x22222137]  473     PC=(0x8000059c,0x80000598,0x80000594) [13, 55, 19], WB: DASM(11108093)
Cyc=       497 Op1=[0x22222000] Op2=[0x00000222] W[W, 2= 0x22222000] [_,0x22210113]  474     PC=(0x800005a0,0x8000059c,0x80000598) [33, 19, 55], WB: DASM(22222137)
Cyc=       498 Op1=[0x11111111] Op2=[0x22222222] W[W, 2= 0x22222222] [_,0x0020f033]  475     PC=(0x800005a4,0x800005a0,0x8000059c) [13, 51, 19], WB: DASM(22210113)
Cyc=       499 Op1=[0x00000000] Op2=[0x00000000] W[W, 0= 0x00000000] [_,0x00000e93]  476     PC=(0x800005a8,0x800005a4,0x800005a0) [13, 19, 51], WB: DASM(0020f033)
Cyc=       500 Op1=[0x00000000] Op2=[0x0000001b] W[W,29= 0x00000000] [_,0x01b00193]  477     PC=(0x800005ac,0x800005a8,0x800005a4) [63, 19, 19], WB: DASM(00000e93)
Cyc=       501 Op1=[0x00000000] Op2=[0x00000000] W[W, 3= 0x0000001b] [_,0x01d01463]  478     PC=(0x800005b0,0x800005ac,0x800005a8) [63, 99, 19], WB: DASM(01b00193)
Cyc=       502 Op1=[0x00000000] Op2=[0x0000001b] W[_, 8= 0x00000000] [_,0x00301c63]  479   B PC=(0x800005b4,0x800005b0,0x800005ac) [0f, 99, 99], WB: DASM(01d01463)
Cyc=       503 Op1=[0x00000000] Op2=[0x00000000] W[_,24= 0x0000001b] [_,0x0ff0000f]  480     PC=(0x800005c8,0x800005b4,0x800005b0) [0f, 51, 99], WB: DASM(00301c63)
Cyc=       504 Op1=[0x00000000] Op2=[0x00000000] W[_, 0= 0x00000000] [_,0x0ff0000f]  481     PC=(0x800005cc,0x800005c8,0x800005b4) [13, 15, 51], WB: DASM(00004033)
Cyc=       505 Op1=[0x00000000] Op2=[0x00000001] W[_, 0= 0x00000000] [_,0x00100193]  481     PC=(0x800005d0,0x800005cc,0x800005c8) [73, 19, 15], WB: DASM(0ff0000f)
Cyc=       506 Op1=[0x00000000] Op2=[0x00000000] W[W, 3= 0x00000001] [_,0x00000073]  482     PC=(0x800005d4,0x800005d0,0x800005cc) [73,115, 19], WB: DASM(00100193)
Cyc=       507 Op1=[0x00000000] Op2=[0x00000000] W[_, 0= 0x00000000] [_,0xc0001073]  483   X PC=(0x800005d8,0x800005d4,0x800005d0) [00,115,115], WB: DASM(00000073)
Cyc=       508 Op1=[0x00000000] Op2=[0x00000000] W[_, 0= 0x00000000] [_,0x00000000]  484     PC=(0x80000004,0x800005d8,0x800005d4) [73, 51, 51], WB: DASM(00004033)
Cyc=       509 Op1=[0x00000000] Op2=[0x22222222] W[_, 0= 0x00000000] [_,0x34202f73]  485     PC=(0x80000008,0x80000004,0x800005d8) [13,115, 51], WB: DASM(00004033)
Cyc=       510 Op1=[0x00000000] Op2=[0x00000008] W[W,30= 0x0000000b] [_,0x00800f93]  485     PC=(0x8000000c,0x80000008,0x80000004) [63, 19,115], WB: DASM(34202f73)
Cyc=       511 Op1=[0x0000000b] Op2=[0x00000008] W[W,31= 0x00000008] [_,0x03ff0a63]  486     PC=(0x80000010,0x8000000c,0x80000008) [13, 99, 19], WB: DASM(00800f93)
Cyc=       512 Op1=[0x00000000] Op2=[0x00000009] W[_,20= 0x00000013] [_,0x00900f93]  487     PC=(0x80000014,0x80000010,0x8000000c) [63, 19, 99], WB: DASM(03ff0a63)
Cyc=       513 Op1=[0x0000000b] Op2=[0x00000009] W[W,31= 0x00000009] [_,0x03ff0663]  488     PC=(0x80000018,0x80000014,0x80000010) [13, 99, 19], WB: DASM(00900f93)
Cyc=       514 Op1=[0x00000000] Op2=[0x0000000b] W[_,12= 0x00000014] [_,0x00b00f93]  489     PC=(0x8000001c,0x80000018,0x80000014) [63, 19, 99], WB: DASM(03ff0663)
Cyc=       515 Op1=[0x0000000b] Op2=[0x0000000b] W[W,31= 0x0000000b] [_,0x03ff0263]  490   B PC=(0x80000020,0x8000001c,0x80000018) [17, 99, 19], WB: DASM(00b00f93)
Cyc=       516 Op1=[0x80000000] Op2=[0x80000020] W[_, 4= 0x00000016] [_,0x80000f17]  491     PC=(0x80000040,0x80000020,0x8000001c) [17, 51, 99], WB: DASM(03ff0263)
Cyc=       517 Op1=[0x00001000] Op2=[0x80000040] W[_,30= 0x00000020] [_,0x00001f17]  492     PC=(0x80000044,0x80000040,0x80000020) [23, 23, 51], WB: DASM(00004033)
Cyc=       518 Op1=[0x80001040] Op2=[0xffffffc0] W[W,30= 0x80001040] [_,0xfc3f2023]  492     PC=(0x80000048,0x80000044,0x80000040) [6f, 35, 23], WB: DASM(00001f17)
Cyc=       519 Op1=[0x0000000b] Op2=[0x00000000] W[_, 0= 0x80001000] [_,0xff9ff06f]  493   J PC=(0x8000004c,0x80000048,0x80000044) [73,111, 35], WB: DASM(fc3f2023)
Cyc=       520 Op1=[0x00000000] Op2=[0x00000000] W[W, 0= 0x8000004c] [_,0xf1402573]  494     PC=(0x80000040,0x8000004c,0x80000048) [17, 51,111], WB: DASM(ff9ff06f)
Cyc=       521 Op1=[0x00001000] Op2=[0x80000040] W[_,10= 0x00000000] [_,0x00001f17]  495     PC=(0x80000044,0x80000040,0x8000004c) [23, 23, 51], WB: DASM(00004033)
Cyc=       522 Op1=[0x80001040] Op2=[0xffffffc0] W[W,30= 0x80001040] [_,0xfc3f2023]  495     PC=(0x80000048,0x80000044,0x80000040) [6f, 35, 23], WB: DASM(00001f17)
Cyc=       523 Op1=[0x0000000b] Op2=[0x00000000] W[_, 0= 0x80001000] [_,0xff9ff06f]  496   J PC=(0x8000004c,0x80000048,0x80000044) [73,111, 35], WB: DASM(fc3f2023)
Cyc=       524 Op1=[0x00000000] Op2=[0x00000000] W[W, 0= 0x8000004c] [_,0xf1402573]  497     PC=(0x80000040,0x8000004c,0x80000048) [17, 51,111], WB: DASM(ff9ff06f)
Cyc=       525 Op1=[0x00001000] Op2=[0x80000040] W[_,10= 0x00000000] [_,0x00001f17]  498     PC=(0x80000044,0x80000040,0x8000004c) [23, 23, 51], WB: DASM(00004033)
Cyc=       526 Op1=[0x80001040] Op2=[0xffffffc0] W[W,30= 0x80001040] [_,0xfc3f2023]  498     PC=(0x80000048,0x80000044,0x80000040) [6f, 35, 23], WB: DASM(00001f17)
Cyc=       527 Op1=[0x0000000b] Op2=[0x00000000] W[_, 0= 0x80001000] [_,0xff9ff06f]  499   J PC=(0x8000004c,0x80000048,0x80000044) [73,111, 35], WB: DASM(fc3f2023)
Cyc=       528 Op1=[0x00000000] Op2=[0x00000000] W[W, 0= 0x8000004c] [_,0xf1402573]  500     PC=(0x80000040,0x8000004c,0x80000048) [17, 51,111], WB: DASM(ff9ff06f)
Cyc=       529 Op1=[0x00001000] Op2=[0x80000040] W[_,10= 0x00000000] [_,0x00001f17]  501     PC=(0x80000044,0x80000040,0x8000004c) [23, 23, 51], WB: DASM(00004033)
Cyc=       530 Op1=[0x80001040] Op2=[0xffffffc0] W[W,30= 0x80001040] [_,0xfc3f2023]  501     PC=(0x80000048,0x80000044,0x80000040) [6f, 35, 23], WB: DASM(00001f17)
Cyc=       531 Op1=[0x0000000b] Op2=[0x00000000] W[_, 0= 0x80001000] [_,0xff9ff06f]  502   J PC=(0x8000004c,0x80000048,0x80000044) [73,111, 35], WB: DASM(fc3f2023)
Cyc=       532 Op1=[0x00000000] Op2=[0x00000000] W[W, 0= 0x8000004c] [_,0xf1402573]  503     PC=(0x80000040,0x8000004c,0x80000048) [17, 51,111], WB: DASM(ff9ff06f)
Cyc=       533 Op1=[0x00001000] Op2=[0x80000040] W[_,10= 0x00000000] [_,0x00001f17]  504     PC=(0x80000044,0x80000040,0x8000004c) [23, 23, 51], WB: DASM(00004033)
Cyc=       534 Op1=[0x80001040] Op2=[0xffffffc0] W[W,30= 0x80001040] [_,0xfc3f2023]  504     PC=(0x80000048,0x80000044,0x80000040) [6f, 35, 23], WB: DASM(00001f17)
Cyc=       535 Op1=[0x0000000b] Op2=[0x00000000] W[_, 0= 0x80001000] [_,0xff9ff06f]  505   J PC=(0x8000004c,0x80000048,0x80000044) [73,111, 35], WB: DASM(fc3f2023)
Cyc=       536 Op1=[0x00000000] Op2=[0x00000000] W[W, 0= 0x8000004c] [_,0xf1402573]  506     PC=(0x80000040,0x8000004c,0x80000048) [17, 51,111], WB: DASM(ff9ff06f)
Cyc=       537 Op1=[0x00001000] Op2=[0x80000040] W[_,10= 0x00000000] [_,0x00001f17]  507     PC=(0x80000044,0x80000040,0x8000004c) [23, 23, 51], WB: DASM(00004033)
Cyc=       538 Op1=[0x80001040] Op2=[0xffffffc0] W[W,30= 0x80001040] [_,0xfc3f2023]  507     PC=(0x80000048,0x80000044,0x80000040) [6f, 35, 23], WB: DASM(00001f17)
Cyc=       539 Op1=[0x0000000b] Op2=[0x00000000] W[_, 0= 0x80001000] [_,0xff9ff06f]  508   J PC=(0x8000004c,0x80000048,0x80000044) [73,111, 35], WB: DASM(fc3f2023)
Cyc=       540 Op1=[0x00000000] Op2=[0x00000000] W[W, 0= 0x8000004c] [_,0xf1402573]  509     PC=(0x80000040,0x8000004c,0x80000048) [17, 51,111], WB: DASM(ff9ff06f)
Cyc=       541 Op1=[0x00001000] Op2=[0x80000040] W[_,10= 0x00000000] [_,0x00001f17]  510     PC=(0x80000044,0x80000040,0x8000004c) [23, 23, 51], WB: DASM(00004033)
Cyc=       542 Op1=[0x80001040] Op2=[0xffffffc0] W[W,30= 0x80001040] [_,0xfc3f2023]  510     PC=(0x80000048,0x80000044,0x80000040) [6f, 35, 23], WB: DASM(00001f17)
Cyc=       543 Op1=[0x0000000b] Op2=[0x00000000] W[_, 0= 0x80001000] [_,0xff9ff06f]  511   J PC=(0x8000004c,0x80000048,0x80000044) [73,111, 35], WB: DASM(fc3f2023)
Cyc=       544 Op1=[0x00000000] Op2=[0x00000000] W[W, 0= 0x8000004c] [_,0xf1402573]  512     PC=(0x80000040,0x8000004c,0x80000048) [17, 51,111], WB: DASM(ff9ff06f)
Cyc=       545 Op1=[0x00001000] Op2=[0x80000040] W[_,10= 0x00000000] [_,0x00001f17]  513     PC=(0x80000044,0x80000040,0x8000004c) [23, 23, 51], WB: DASM(00004033)
Cyc=       546 Op1=[0x80001040] Op2=[0xffffffc0] W[W,30= 0x80001040] [_,0xfc3f2023]  513     PC=(0x80000048,0x80000044,0x80000040) [6f, 35, 23], WB: DASM(00001f17)
Cyc=       547 Op1=[0x0000000b] Op2=[0x00000000] W[_, 0= 0x80001000] [_,0xff9ff06f]  514   J PC=(0x8000004c,0x80000048,0x80000044) [73,111, 35], WB: DASM(fc3f2023)
Cyc=       548 Op1=[0x00000000] Op2=[0x00000000] W[W, 0= 0x8000004c] [_,0xf1402573]  515     PC=(0x80000040,0x8000004c,0x80000048) [17, 51,111], WB: DASM(ff9ff06f)
Cyc=       549 Op1=[0x00001000] Op2=[0x80000040] W[_,10= 0x00000000] [_,0x00001f17]  516     PC=(0x80000044,0x80000040,0x8000004c) [23, 23, 51], WB: DASM(00004033)
Cyc=       550 Op1=[0x80001040] Op2=[0xffffffc0] W[W,30= 0x80001040] [_,0xfc3f2023]  516     PC=(0x80000048,0x80000044,0x80000040) [6f, 35, 23], WB: DASM(00001f17)
Cyc=       551 Op1=[0x0000000b] Op2=[0x00000000] W[_, 0= 0x80001000] [_,0xff9ff06f]  517   J PC=(0x8000004c,0x80000048,0x80000044) [73,111, 35], WB: DASM(fc3f2023)
Cyc=       552 Op1=[0x00000000] Op2=[0x00000000] W[W, 0= 0x8000004c] [_,0xf1402573]  518     PC=(0x80000040,0x8000004c,0x80000048) [17, 51,111], WB: DASM(ff9ff06f)
Cyc=       553 Op1=[0x00001000] Op2=[0x80000040] W[_,10= 0x00000000] [_,0x00001f17]  519     PC=(0x80000044,0x80000040,0x8000004c) [23, 23, 51], WB: DASM(00004033)
Cyc=       554 Op1=[0x80001040] Op2=[0xffffffc0] W[W,30= 0x80001040] [_,0xfc3f2023]  519     PC=(0x80000048,0x80000044,0x80000040) [6f, 35, 23], WB: DASM(00001f17)
Cyc=       555 Op1=[0x0000000b] Op2=[0x00000000] W[_, 0= 0x80001000] [_,0xff9ff06f]  520   J PC=(0x8000004c,0x80000048,0x80000044) [73,111, 35], WB: DASM(fc3f2023)
Cyc=       556 Op1=[0x00000000] Op2=[0x00000000] W[W, 0= 0x8000004c] [_,0xf1402573]  521     PC=(0x80000040,0x8000004c,0x80000048) [17, 51,111], WB: DASM(ff9ff06f)
Cyc=       557 Op1=[0x00001000] Op2=[0x80000040] W[_,10= 0x00000000] [_,0x00001f17]  522     PC=(0x80000044,0x80000040,0x8000004c) [23, 23, 51], WB: DASM(00004033)
*** PASSED ***
