Instantiated DTM.
Cyc=         0 Op1=[0x00000000] Op2=[0x00000000] W[_, 0= 0x7ffffffc] [_,0x04c0006f]    0   J PC=(0x7ffffffc,0x7ffffffc,0x7ffffffc) [6f, 51, 51], WB: DASM(00004033)
Cyc=         1 Op1=[0x00000000] Op2=[0x00000000] W[_, 0= 0x7ffffffc] [_,0x04c0006f]    0   J PC=(0x80000000,0x7ffffffc,0x7ffffffc) [6f, 51, 51], WB: DASM(00004033)
Cyc=         2 Op1=[0x00000000] Op2=[0x00000000] W[_, 0= 0x80000000] [_,0x04c0006f]    0   J PC=(0x80000004,0x80000000,0x7ffffffc) [73,111, 51], WB: DASM(00004033)
Cyc=         3 Op1=[0x00000000] Op2=[0x00000000] W[W, 0= 0x80000004] [_,0x34202f73]    0     PC=(0x8000004c,0x80000004,0x80000000) [73, 51,111], WB: DASM(04c0006f)
Cyc=         4 Op1=[0x00000000] Op2=[0x00000000] W[_,30= 0x00000000] [_,0xf1402573]    1     PC=(0x80000050,0x8000004c,0x80000004) [63,115, 51], WB: DASM(00004033)
Cyc=         5 Op1=[0x00000000] Op2=[0x00000000] W[W,10= 0x00000000] [_,0x00051063]    1 H   PC=(0x80000054,0x80000050,0x8000004c) [17, 99,115], WB: DASM(f1402573)
Cyc=         6 Op1=[0x00000000] Op2=[0x00000000] W[_, 0= 0x00000000] [_,0x00051063]    2     PC=(0x80000054,0x80000050,0x00000000) [17, 99, 51], WB: DASM(00004033)
Cyc=         7 Op1=[0x00000000] Op2=[0x80000054] W[_, 0= 0x00000000] [_,0x00000297]    2     PC=(0x80000058,0x80000054,0x80000050) [13, 23, 99], WB: DASM(00051063)
Cyc=         8 Op1=[0x80000054] Op2=[0x00000010] W[W, 5= 0x80000054] [_,0x01028293]    3     PC=(0x8000005c,0x80000058,0x80000054) [73, 19, 23], WB: DASM(00000297)
Cyc=         9 Op1=[0x80000064] Op2=[0x80000064] W[W, 5= 0x80000064] [_,0x30529073]    4     PC=(0x80000060,0x8000005c,0x80000058) [73,115, 19], WB: DASM(01028293)
Cyc=        10 Op1=[0x00000000] Op2=[0x00000000] W[W, 0= 0x00000100] [_,0x18005073]    5     PC=(0x80000064,0x80000060,0x8000005c) [17,115,115], WB: DASM(30529073)
Cyc=        11 Op1=[0x00000000] Op2=[0x80000064] W[W, 0= 0x00000000] [_,0x00000297]    6     PC=(0x80000068,0x80000064,0x80000060) [13, 23,115], WB: DASM(18005073)
Cyc=        12 Op1=[0x80000064] Op2=[0x0000001c] W[W, 5= 0x80000064] [_,0x01c28293]    7     PC=(0x8000006c,0x80000068,0x80000064) [73, 19, 23], WB: DASM(00000297)
Cyc=        13 Op1=[0x80000080] Op2=[0x80000080] W[W, 5= 0x80000080] [_,0x30529073]    8     PC=(0x80000070,0x8000006c,0x80000068) [13,115, 19], WB: DASM(01c28293)
Cyc=        14 Op1=[0x00000000] Op2=[0xffffffff] W[W, 0= 0x00000100] [_,0xfff00293]    9     PC=(0x80000074,0x80000070,0x8000006c) [73, 19,115], WB: DASM(30529073)
Cyc=        15 Op1=[0xffffffff] Op2=[0x00000000] W[W, 5= 0xffffffff] [_,0x3b029073]   10     PC=(0x80000078,0x80000074,0x80000070) [13,115, 19], WB: DASM(fff00293)
Cyc=        16 Op1=[0x00000000] Op2=[0x0000001f] W[W, 0= 0x00000000] [_,0x01f00293]   11     PC=(0x8000007c,0x80000078,0x80000074) [73, 19,115], WB: DASM(3b029073)
Cyc=        17 Op1=[0x0000001f] Op2=[0x00000000] W[W, 5= 0x0000001f] [_,0x3a029073]   12     PC=(0x80000080,0x8000007c,0x80000078) [17,115, 19], WB: DASM(01f00293)
Cyc=        18 Op1=[0x00000000] Op2=[0x80000080] W[W, 0= 0x00000000] [_,0x00000297]   13     PC=(0x80000084,0x80000080,0x8000007c) [13, 23,115], WB: DASM(3a029073)
Cyc=        19 Op1=[0x80000080] Op2=[0x00000018] W[W, 5= 0x80000080] [_,0x01828293]   14     PC=(0x80000088,0x80000084,0x80000080) [73, 19, 23], WB: DASM(00000297)
Cyc=        20 Op1=[0x80000098] Op2=[0x80000098] W[W, 5= 0x80000098] [_,0x30529073]   15     PC=(0x8000008c,0x80000088,0x80000084) [73,115, 19], WB: DASM(01828293)
Cyc=        21 Op1=[0x00000000] Op2=[0x00000000] W[W, 0= 0x00000100] [_,0x30205073]   16     PC=(0x80000090,0x8000008c,0x80000088) [73,115,115], WB: DASM(30529073)
Cyc=        22 Op1=[0x00000000] Op2=[0x00000000] W[W, 0= 0x00000000] [_,0x30305073]   17     PC=(0x80000094,0x80000090,0x8000008c) [73,115,115], WB: DASM(30205073)
Cyc=        23 Op1=[0x00000000] Op2=[0x00000000] W[W, 0= 0x00000000] [_,0x30405073]   18     PC=(0x80000098,0x80000094,0x80000090) [13,115,115], WB: DASM(30305073)
Cyc=        24 Op1=[0x00000000] Op2=[0x00000000] W[W, 0= 0x00000000] [_,0x00000193]   19     PC=(0x8000009c,0x80000098,0x80000094) [17, 19,115], WB: DASM(30405073)
Cyc=        25 Op1=[0x00000000] Op2=[0x8000009c] W[W, 3= 0x00000000] [_,0x00000297]   20     PC=(0x800000a0,0x8000009c,0x80000098) [13, 23, 19], WB: DASM(00000193)
Cyc=        26 Op1=[0x8000009c] Op2=[0xffffff68] W[W, 5= 0x8000009c] [_,0xf6828293]   21     PC=(0x800000a4,0x800000a0,0x8000009c) [73, 19, 23], WB: DASM(00000297)
Cyc=        27 Op1=[0x80000004] Op2=[0x80000004] W[W, 5= 0x80000004] [_,0x30529073]   22     PC=(0x800000a8,0x800000a4,0x800000a0) [13,115, 19], WB: DASM(f6828293)
Cyc=        28 Op1=[0x00000000] Op2=[0x00000001] W[W, 0= 0x00000100] [_,0x00100513]   23     PC=(0x800000ac,0x800000a8,0x800000a4) [13, 19,115], WB: DASM(30529073)
Cyc=        29 Op1=[0x00000001] Op2=[0x0000001f] W[W,10= 0x00000001] [_,0x01f51513]   24     PC=(0x800000b0,0x800000ac,0x800000a8) [63, 19, 19], WB: DASM(00100513)
Cyc=        30 Op1=[0x80000000] Op2=[0x00000000] W[W,10= 0x80000000] [_,0x00054863]   25   B PC=(0x800000b4,0x800000b0,0x800000ac) [0f, 99, 19], WB: DASM(01f51513)
Cyc=        31 Op1=[0x00000000] Op2=[0x00000000] W[_,16= 0x80000000] [_,0x0ff0000f]   26     PC=(0x800000c0,0x800000b4,0x800000b0) [17, 51, 99], WB: DASM(00054863)
Cyc=        32 Op1=[0x80000000] Op2=[0x800000c0] W[_, 0= 0x00000000] [_,0x80000297]   27     PC=(0x800000c4,0x800000c0,0x800000b4) [13, 23, 51], WB: DASM(00004033)
Cyc=        33 Op1=[0x000000c0] Op2=[0xffffff40] W[W, 5= 0x000000c0] [_,0xf4028293]   27     PC=(0x800000c8,0x800000c4,0x800000c0) [63, 19, 23], WB: DASM(80000297)
Cyc=        34 Op1=[0x00000000] Op2=[0x00000000] W[W, 5= 0x00000000] [_,0x00028e63]   28   B PC=(0x800000cc,0x800000c8,0x800000c4) [73, 99, 19], WB: DASM(f4028293)
Cyc=        35 Op1=[0x00000000] Op2=[0x00000000] W[_,28= 0x00000000] [_,0x10529073]   29     PC=(0x800000e4,0x800000cc,0x800000c8) [73, 51, 99], WB: DASM(00028e63)
Cyc=        36 Op1=[0x00000000] Op2=[0x00000000] W[_, 0= 0x00000000] [_,0x30005073]   30     PC=(0x800000e8,0x800000e4,0x800000cc) [37,115, 51], WB: DASM(00004033)
Cyc=        37 Op1=[0x00002000] Op2=[0x00000000] W[W, 0= 0x00001800] [_,0x00002537]   30     PC=(0x800000ec,0x800000e8,0x800000e4) [13, 55,115], WB: DASM(30005073)
Cyc=        38 Op1=[0x00002000] Op2=[0xfffff800] W[W,10= 0x00002000] [_,0x80050513]   31     PC=(0x800000f0,0x800000ec,0x800000e8) [73, 19, 55], WB: DASM(00002537)
Cyc=        39 Op1=[0x00001800] Op2=[0x00000000] W[W,10= 0x00001800] [_,0x30052073]   32     PC=(0x800000f4,0x800000f0,0x800000ec) [17,115, 19], WB: DASM(80050513)
Cyc=        40 Op1=[0x00000000] Op2=[0x800000f4] W[W, 0= 0x00001800] [_,0x00000297]   33     PC=(0x800000f8,0x800000f4,0x800000f0) [13, 23,115], WB: DASM(30052073)
Cyc=        41 Op1=[0x800000f4] Op2=[0x00000014] W[W, 5= 0x800000f4] [_,0x01428293]   34     PC=(0x800000fc,0x800000f8,0x800000f4) [73, 19, 23], WB: DASM(00000297)
Cyc=        42 Op1=[0x80000108] Op2=[0x00000000] W[W, 5= 0x80000108] [_,0x34129073]   35     PC=(0x80000100,0x800000fc,0x800000f8) [73,115, 19], WB: DASM(01428293)
Cyc=        43 Op1=[0x00000000] Op2=[0x00000000] W[W, 0= 0x00000000] [_,0xf1402573]   36     PC=(0x80000104,0x80000100,0x800000fc) [73,115,115], WB: DASM(34129073)
Cyc=        44 Op1=[0x00000000] Op2=[0x00000000] W[W,10= 0x00000000] [_,0x30200073]   37     PC=(0x80000108,0x80000104,0x80000100) [73,115,115], WB: DASM(f1402573)
Cyc=        45 Op1=[0x00000003] Op2=[0x00000000] W[_, 0= 0x00000000] [_,0x3401d073]   38   X PC=(0x8000010c,0x80000108,0x80000104) [73,115,115], WB: DASM(30200073)
Cyc=        46 Op1=[0x00000000] Op2=[0x00000000] W[_, 0= 0x00000000] [_,0x34002573]   39     PC=(0x80000108,0x8000010c,0x80000108) [73, 51, 51], WB: DASM(00004033)
Cyc=        47 Op1=[0x00000003] Op2=[0x00000000] W[_,10= 0x00000000] [_,0x3401d073]   40     PC=(0x8000010c,0x80000108,0x8000010c) [73,115, 51], WB: DASM(00004033)
Cyc=        48 Op1=[0x00000000] Op2=[0x00000000] W[W, 0= 0x00000000] [_,0x34002573]   40     PC=(0x80000110,0x8000010c,0x80000108) [13,115,115], WB: DASM(3401d073)
Cyc=        49 Op1=[0x00000000] Op2=[0x00000003] W[W,10= 0x00000003] [_,0x00300e93]   41     PC=(0x80000114,0x80000110,0x8000010c) [13, 19,115], WB: DASM(34002573)
Cyc=        50 Op1=[0x00000000] Op2=[0x00000002] W[W,29= 0x00000003] [_,0x00200193]   42     PC=(0x80000118,0x80000114,0x80000110) [63, 19, 19], WB: DASM(00300e93)
Cyc=        51 Op1=[0x00000003] Op2=[0x00000003] W[W, 3= 0x00000002] [_,0x13d51863]   43     PC=(0x8000011c,0x80000118,0x80000114) [73, 99, 19], WB: DASM(00200193)
Cyc=        52 Op1=[0x00000001] Op2=[0x00000000] W[_,16= 0x00000006] [_,0x3400f5f3]   44     PC=(0x80000120,0x8000011c,0x80000118) [13,115, 99], WB: DASM(13d51863)
Cyc=        53 Op1=[0x00000000] Op2=[0x00000003] W[W,11= 0x00000003] [_,0x00300e93]   45     PC=(0x80000124,0x80000120,0x8000011c) [13, 19,115], WB: DASM(3400f5f3)
Cyc=        54 Op1=[0x00000000] Op2=[0x00000003] W[W,29= 0x00000003] [_,0x00300193]   46     PC=(0x80000128,0x80000124,0x80000120) [63, 19, 19], WB: DASM(00300e93)
Cyc=        55 Op1=[0x00000003] Op2=[0x00000003] W[W, 3= 0x00000003] [_,0x13d59063]   47     PC=(0x8000012c,0x80000128,0x80000124) [73, 99, 19], WB: DASM(00300193)
Cyc=        56 Op1=[0x00000004] Op2=[0x00000000] W[_, 0= 0x00000006] [_,0x34026673]   48     PC=(0x80000130,0x8000012c,0x80000128) [13,115, 99], WB: DASM(13d59063)
Cyc=        57 Op1=[0x00000000] Op2=[0x00000002] W[W,12= 0x00000002] [_,0x00200e93]   49     PC=(0x80000134,0x80000130,0x8000012c) [13, 19,115], WB: DASM(34026673)
Cyc=        58 Op1=[0x00000000] Op2=[0x00000004] W[W,29= 0x00000002] [_,0x00400193]   50     PC=(0x80000138,0x80000134,0x80000130) [63, 19, 19], WB: DASM(00200e93)
Cyc=        59 Op1=[0x00000002] Op2=[0x00000002] W[W, 3= 0x00000004] [_,0x11d61863]   51     PC=(0x8000013c,0x80000138,0x80000134) [73, 99, 19], WB: DASM(00400193)
Cyc=        60 Op1=[0x00000002] Op2=[0x00000000] W[_,16= 0x00000004] [_,0x340156f3]   52     PC=(0x80000140,0x8000013c,0x80000138) [13,115, 99], WB: DASM(11d61863)
Cyc=        61 Op1=[0x00000000] Op2=[0x00000006] W[W,13= 0x00000006] [_,0x00600e93]   53     PC=(0x80000144,0x80000140,0x8000013c) [13, 19,115], WB: DASM(340156f3)
Cyc=        62 Op1=[0x00000000] Op2=[0x00000005] W[W,29= 0x00000006] [_,0x00500193]   54     PC=(0x80000148,0x80000144,0x80000140) [63, 19, 19], WB: DASM(00600e93)
Cyc=        63 Op1=[0x00000006] Op2=[0x00000006] W[W, 3= 0x00000005] [_,0x11d69063]   55     PC=(0x8000014c,0x80000148,0x80000144) [37, 99, 19], WB: DASM(00500193)
Cyc=        64 Op1=[0x0bad2000] Op2=[0x00000000] W[_, 0= 0x0000000c] [_,0x0bad2537]   56     PC=(0x80000150,0x8000014c,0x80000148) [13, 55, 99], WB: DASM(11d69063)
Cyc=        65 Op1=[0x0bad2000] Op2=[0xfffffdea] W[W,10= 0x0bad2000] [_,0xdea50513]   57     PC=(0x80000154,0x80000150,0x8000014c) [73, 19, 55], WB: DASM(0bad2537)
Cyc=        66 Op1=[0x0bad1dea] Op2=[0x00000000] W[W,10= 0x0bad1dea] [_,0x340515f3]   58     PC=(0x80000158,0x80000154,0x80000150) [13,115, 19], WB: DASM(dea50513)
Cyc=        67 Op1=[0x00000000] Op2=[0x00000002] W[W,11= 0x00000002] [_,0x00200e93]   59     PC=(0x8000015c,0x80000158,0x80000154) [13, 19,115], WB: DASM(340515f3)
Cyc=        68 Op1=[0x00000000] Op2=[0x00000006] W[W,29= 0x00000002] [_,0x00600193]   60     PC=(0x80000160,0x8000015c,0x80000158) [63, 19, 19], WB: DASM(00200e93)
Cyc=        69 Op1=[0x00000002] Op2=[0x00000002] W[W, 3= 0x00000006] [_,0x0fd59463]   61     PC=(0x80000164,0x80000160,0x8000015c) [37, 99, 19], WB: DASM(00600193)
Cyc=        70 Op1=[0x00002000] Op2=[0x00000000] W[_, 8= 0x00000004] [_,0x00002537]   62     PC=(0x80000168,0x80000164,0x80000160) [13, 55, 99], WB: DASM(0fd59463)
Cyc=        71 Op1=[0x00002000] Op2=[0xfffffdea] W[W,10= 0x00002000] [_,0xdea50513]   63     PC=(0x8000016c,0x80000168,0x80000164) [73, 19, 55], WB: DASM(00002537)
Cyc=        72 Op1=[0x00001dea] Op2=[0x00000000] W[W,10= 0x00001dea] [_,0x34053573]   64     PC=(0x80000170,0x8000016c,0x80000168) [37,115, 19], WB: DASM(dea50513)
Cyc=        73 Op1=[0x0bad2000] Op2=[0x00000000] W[W,10= 0x0bad1dea] [_,0x0bad2eb7]   65     PC=(0x80000174,0x80000170,0x8000016c) [13, 55,115], WB: DASM(34053573)
Cyc=        74 Op1=[0x0bad2000] Op2=[0xfffffdea] W[W,29= 0x0bad2000] [_,0xdeae8e93]   66     PC=(0x80000178,0x80000174,0x80000170) [13, 19, 55], WB: DASM(0bad2eb7)
Cyc=        75 Op1=[0x00000000] Op2=[0x00000007] W[W,29= 0x0bad1dea] [_,0x00700193]   67     PC=(0x8000017c,0x80000178,0x80000174) [63, 19, 19], WB: DASM(deae8e93)
Cyc=        76 Op1=[0x0bad1dea] Op2=[0x0bad1dea] W[W, 3= 0x00000007] [_,0x0dd51663]   68     PC=(0x80000180,0x8000017c,0x80000178) [37, 99, 19], WB: DASM(00700193)
Cyc=        77 Op1=[0x0000c000] Op2=[0x00000000] W[_,12= 0x175a3bd4] [_,0x0000c537]   69     PC=(0x80000184,0x80000180,0x8000017c) [13, 55, 99], WB: DASM(0dd51663)
Cyc=        78 Op1=[0x0000c000] Op2=[0xfffffeef] W[W,10= 0x0000c000] [_,0xeef50513]   70     PC=(0x80000188,0x80000184,0x80000180) [73, 19, 55], WB: DASM(0000c537)
Cyc=        79 Op1=[0x0000beef] Op2=[0x00000000] W[W,10= 0x0000beef] [_,0x34052573]   71     PC=(0x8000018c,0x80000188,0x80000184) [37,115, 19], WB: DASM(eef50513)
Cyc=        80 Op1=[0x0bad0000] Op2=[0x00000000] W[W,10= 0x0bad0000] [_,0x0bad0eb7]   72     PC=(0x80000190,0x8000018c,0x80000188) [13, 55,115], WB: DASM(34052573)
Cyc=        81 Op1=[0x00000000] Op2=[0x00000008] W[W,29= 0x0bad0000] [_,0x00800193]   73     PC=(0x80000194,0x80000190,0x8000018c) [63, 19, 55], WB: DASM(0bad0eb7)
Cyc=        82 Op1=[0x0bad0000] Op2=[0x0bad0000] W[W, 3= 0x00000008] [_,0x0bd51a63]   74     PC=(0x80000198,0x80000194,0x80000190) [73, 99, 19], WB: DASM(00800193)
Cyc=        83 Op1=[0x00000000] Op2=[0x00000000] W[_,20= 0x175a0000] [_,0x34002573]   75     PC=(0x8000019c,0x80000198,0x80000194) [37,115, 99], WB: DASM(0bd51a63)
Cyc=        84 Op1=[0x0badc000] Op2=[0x00000000] W[W,10= 0x0badbeef] [_,0x0badceb7]   76     PC=(0x800001a0,0x8000019c,0x80000198) [13, 55,115], WB: DASM(34002573)
Cyc=        85 Op1=[0x0badc000] Op2=[0xfffffeef] W[W,29= 0x0badc000] [_,0xeefe8e93]   77     PC=(0x800001a4,0x800001a0,0x8000019c) [13, 19, 55], WB: DASM(0badceb7)
Cyc=        86 Op1=[0x00000000] Op2=[0x00000009] W[W,29= 0x0badbeef] [_,0x00900193]   78     PC=(0x800001a8,0x800001a4,0x800001a0) [63, 19, 19], WB: DASM(eefe8e93)
Cyc=        87 Op1=[0x0badbeef] Op2=[0x0badbeef] W[W, 3= 0x00000009] [_,0x0bd51063]   79     PC=(0x800001ac,0x800001a8,0x800001a4) [73, 99, 19], WB: DASM(00900193)
Cyc=        88 Op1=[0x00000000] Op2=[0x00000000] W[_, 0= 0x175b7dde] [_,0x30102573]   80     PC=(0x800001b0,0x800001ac,0x800001a8) [13,115, 99], WB: DASM(0bd51063)
Cyc=        89 Op1=[0x0badbeef] Op2=[0x00000020] W[W,10= 0x00000100] [_,0x02057513]   81 H   PC=(0x800001b4,0x800001b0,0x800001ac) [63, 19,115], WB: DASM(30102573)
Cyc=        90 Op1=[0x00000100] Op2=[0x00000020] W[_,10= 0x00000020] [_,0x02057513]   82     PC=(0x800001b4,0x800001b0,0x00000000) [63, 19, 51], WB: DASM(00004033)
Cyc=        91 Op1=[0x00000000] Op2=[0x00000000] W[W,10= 0x00000000] [_,0x02050863]   82   B PC=(0x800001b8,0x800001b4,0x800001b0) [37, 99, 19], WB: DASM(02057513)
Cyc=        92 Op1=[0x00006000] Op2=[0x00000000] W[_,16= 0x00000000] [_,0x000065b7]   83     PC=(0x800001e4,0x800001b8,0x800001b4) [73, 51, 99], WB: DASM(02050863)
Cyc=        93 Op1=[0x00000000] Op2=[0x00000000] W[_,11= 0x00006000] [_,0x30102573]   84     PC=(0x800001e8,0x800001e4,0x800001b8) [13,115, 51], WB: DASM(00004033)
Cyc=        94 Op1=[0x00000000] Op2=[0x00000014] W[W,10= 0x00000100] [_,0x01455513]   84 H   PC=(0x800001ec,0x800001e8,0x800001e4) [13, 19,115], WB: DASM(30102573)
Cyc=        95 Op1=[0x00000100] Op2=[0x00000014] W[_,10= 0x00000000] [_,0x01455513]   85     PC=(0x800001ec,0x800001e8,0x00000000) [13, 19, 51], WB: DASM(00004033)
Cyc=        96 Op1=[0x00000000] Op2=[0x00000001] W[W,10= 0x00000000] [_,0x00157513]   85     PC=(0x800001f0,0x800001ec,0x800001e8) [63, 19, 19], WB: DASM(01455513)
Cyc=        97 Op1=[0x00000000] Op2=[0x00000000] W[W,10= 0x00000000] [_,0x04050463]   86   B PC=(0x800001f4,0x800001f0,0x800001ec) [37, 99, 19], WB: DASM(00157513)
Cyc=        98 Op1=[0x00002000] Op2=[0x00000000] W[_, 8= 0x00000000] [_,0x000022b7]   87     PC=(0x80000238,0x800001f4,0x800001f0) [0f, 51, 99], WB: DASM(04050463)
Cyc=        99 Op1=[0x00000000] Op2=[0x00000000] W[_, 5= 0x00002000] [_,0x0ff0000f]   88     PC=(0x8000023c,0x80000238,0x800001f4) [13, 15, 51], WB: DASM(00004033)
Cyc=       100 Op1=[0x00000000] Op2=[0x00000001] W[_, 0= 0x00000000] [_,0x00100193]   88     PC=(0x80000240,0x8000023c,0x80000238) [73, 19, 15], WB: DASM(0ff0000f)
Cyc=       101 Op1=[0x00000000] Op2=[0x00000000] W[W, 3= 0x00000001] [_,0x00000073]   89     PC=(0x80000244,0x80000240,0x8000023c) [63,115, 19], WB: DASM(00100193)
Cyc=       102 Op1=[0x00000000] Op2=[0x00000001] W[_, 0= 0x00000000] [_,0x00301c63]   90   X PC=(0x80000248,0x80000244,0x80000240) [0f, 99,115], WB: DASM(00000073)
Cyc=       103 Op1=[0x00000000] Op2=[0x00000000] W[_,24= 0x00000001] [_,0x0ff0000f]   91     PC=(0x80000004,0x80000248,0x80000244) [73, 51, 51], WB: DASM(00004033)
Cyc=       104 Op1=[0x00000000] Op2=[0x00000000] W[_, 0= 0x00000000] [_,0x34202f73]   92     PC=(0x80000008,0x80000004,0x80000248) [13,115, 51], WB: DASM(00004033)
Cyc=       105 Op1=[0x00000000] Op2=[0x00000008] W[W,30= 0x0000000b] [_,0x00800f93]   92     PC=(0x8000000c,0x80000008,0x80000004) [63, 19,115], WB: DASM(34202f73)
Cyc=       106 Op1=[0x0000000b] Op2=[0x00000008] W[W,31= 0x00000008] [_,0x03ff0a63]   93     PC=(0x80000010,0x8000000c,0x80000008) [13, 99, 19], WB: DASM(00800f93)
Cyc=       107 Op1=[0x00000000] Op2=[0x00000009] W[_,20= 0x00000013] [_,0x00900f93]   94     PC=(0x80000014,0x80000010,0x8000000c) [63, 19, 99], WB: DASM(03ff0a63)
Cyc=       108 Op1=[0x0000000b] Op2=[0x00000009] W[W,31= 0x00000009] [_,0x03ff0663]   95     PC=(0x80000018,0x80000014,0x80000010) [13, 99, 19], WB: DASM(00900f93)
Cyc=       109 Op1=[0x00000000] Op2=[0x0000000b] W[_,12= 0x00000014] [_,0x00b00f93]   96     PC=(0x8000001c,0x80000018,0x80000014) [63, 19, 99], WB: DASM(03ff0663)
Cyc=       110 Op1=[0x0000000b] Op2=[0x0000000b] W[W,31= 0x0000000b] [_,0x03ff0263]   97   B PC=(0x80000020,0x8000001c,0x80000018) [17, 99, 19], WB: DASM(00b00f93)
Cyc=       111 Op1=[0x00000000] Op2=[0x80000020] W[_, 4= 0x00000016] [_,0x00000f17]   98     PC=(0x80000040,0x80000020,0x8000001c) [17, 51, 99], WB: DASM(03ff0263)
Cyc=       112 Op1=[0x00001000] Op2=[0x80000040] W[_,30= 0x80000020] [_,0x00001f17]   99     PC=(0x80000044,0x80000040,0x80000020) [23, 23, 51], WB: DASM(00004033)
Cyc=       113 Op1=[0x80001040] Op2=[0xffffffc0] W[W,30= 0x80001040] [_,0xfc3f2023]   99     PC=(0x80000048,0x80000044,0x80000040) [6f, 35, 23], WB: DASM(00001f17)
Cyc=       114 Op1=[0x0000000b] Op2=[0x00000000] W[_, 0= 0x80001000] [_,0xff9ff06f]  100   J PC=(0x8000004c,0x80000048,0x80000044) [73,111, 35], WB: DASM(fc3f2023)
Cyc=       115 Op1=[0x00000000] Op2=[0x00000000] W[W, 0= 0x8000004c] [_,0xf1402573]  101     PC=(0x80000040,0x8000004c,0x80000048) [17, 51,111], WB: DASM(ff9ff06f)
Cyc=       116 Op1=[0x00001000] Op2=[0x80000040] W[_,10= 0x00000000] [_,0x00001f17]  102     PC=(0x80000044,0x80000040,0x8000004c) [23, 23, 51], WB: DASM(00004033)
Cyc=       117 Op1=[0x80001040] Op2=[0xffffffc0] W[W,30= 0x80001040] [_,0xfc3f2023]  102     PC=(0x80000048,0x80000044,0x80000040) [6f, 35, 23], WB: DASM(00001f17)
Cyc=       118 Op1=[0x0000000b] Op2=[0x00000000] W[_, 0= 0x80001000] [_,0xff9ff06f]  103   J PC=(0x8000004c,0x80000048,0x80000044) [73,111, 35], WB: DASM(fc3f2023)
Cyc=       119 Op1=[0x00000000] Op2=[0x00000000] W[W, 0= 0x8000004c] [_,0xf1402573]  104     PC=(0x80000040,0x8000004c,0x80000048) [17, 51,111], WB: DASM(ff9ff06f)
Cyc=       120 Op1=[0x00001000] Op2=[0x80000040] W[_,10= 0x00000000] [_,0x00001f17]  105     PC=(0x80000044,0x80000040,0x8000004c) [23, 23, 51], WB: DASM(00004033)
Cyc=       121 Op1=[0x80001040] Op2=[0xffffffc0] W[W,30= 0x80001040] [_,0xfc3f2023]  105     PC=(0x80000048,0x80000044,0x80000040) [6f, 35, 23], WB: DASM(00001f17)
Cyc=       122 Op1=[0x0000000b] Op2=[0x00000000] W[_, 0= 0x80001000] [_,0xff9ff06f]  106   J PC=(0x8000004c,0x80000048,0x80000044) [73,111, 35], WB: DASM(fc3f2023)
Cyc=       123 Op1=[0x00000000] Op2=[0x00000000] W[W, 0= 0x8000004c] [_,0xf1402573]  107     PC=(0x80000040,0x8000004c,0x80000048) [17, 51,111], WB: DASM(ff9ff06f)
Cyc=       124 Op1=[0x00001000] Op2=[0x80000040] W[_,10= 0x00000000] [_,0x00001f17]  108     PC=(0x80000044,0x80000040,0x8000004c) [23, 23, 51], WB: DASM(00004033)
Cyc=       125 Op1=[0x80001040] Op2=[0xffffffc0] W[W,30= 0x80001040] [_,0xfc3f2023]  108     PC=(0x80000048,0x80000044,0x80000040) [6f, 35, 23], WB: DASM(00001f17)
Cyc=       126 Op1=[0x0000000b] Op2=[0x00000000] W[_, 0= 0x80001000] [_,0xff9ff06f]  109   J PC=(0x8000004c,0x80000048,0x80000044) [73,111, 35], WB: DASM(fc3f2023)
Cyc=       127 Op1=[0x00000000] Op2=[0x00000000] W[W, 0= 0x8000004c] [_,0xf1402573]  110     PC=(0x80000040,0x8000004c,0x80000048) [17, 51,111], WB: DASM(ff9ff06f)
Cyc=       128 Op1=[0x00001000] Op2=[0x80000040] W[_,10= 0x00000000] [_,0x00001f17]  111     PC=(0x80000044,0x80000040,0x8000004c) [23, 23, 51], WB: DASM(00004033)
Cyc=       129 Op1=[0x80001040] Op2=[0xffffffc0] W[W,30= 0x80001040] [_,0xfc3f2023]  111     PC=(0x80000048,0x80000044,0x80000040) [6f, 35, 23], WB: DASM(00001f17)
Cyc=       130 Op1=[0x0000000b] Op2=[0x00000000] W[_, 0= 0x80001000] [_,0xff9ff06f]  112   J PC=(0x8000004c,0x80000048,0x80000044) [73,111, 35], WB: DASM(fc3f2023)
Cyc=       131 Op1=[0x00000000] Op2=[0x00000000] W[W, 0= 0x8000004c] [_,0xf1402573]  113     PC=(0x80000040,0x8000004c,0x80000048) [17, 51,111], WB: DASM(ff9ff06f)
Cyc=       132 Op1=[0x00001000] Op2=[0x80000040] W[_,10= 0x00000000] [_,0x00001f17]  114     PC=(0x80000044,0x80000040,0x8000004c) [23, 23, 51], WB: DASM(00004033)
Cyc=       133 Op1=[0x80001040] Op2=[0xffffffc0] W[W,30= 0x80001040] [_,0xfc3f2023]  114     PC=(0x80000048,0x80000044,0x80000040) [6f, 35, 23], WB: DASM(00001f17)
Cyc=       134 Op1=[0x0000000b] Op2=[0x00000000] W[_, 0= 0x80001000] [_,0xff9ff06f]  115   J PC=(0x8000004c,0x80000048,0x80000044) [73,111, 35], WB: DASM(fc3f2023)
Cyc=       135 Op1=[0x00000000] Op2=[0x00000000] W[W, 0= 0x8000004c] [_,0xf1402573]  116     PC=(0x80000040,0x8000004c,0x80000048) [17, 51,111], WB: DASM(ff9ff06f)
Cyc=       136 Op1=[0x00001000] Op2=[0x80000040] W[_,10= 0x00000000] [_,0x00001f17]  117     PC=(0x80000044,0x80000040,0x8000004c) [23, 23, 51], WB: DASM(00004033)
Cyc=       137 Op1=[0x80001040] Op2=[0xffffffc0] W[W,30= 0x80001040] [_,0xfc3f2023]  117     PC=(0x80000048,0x80000044,0x80000040) [6f, 35, 23], WB: DASM(00001f17)
*** PASSED ***
